[2023-06-15T06:14:39.773+0000] {taskinstance.py:1103} INFO - Dependencies all met for dep_context=non-requeueable deps ti=<TaskInstance: deploy_prediction_model.pyspark_train_classifier_model manual__2023-06-15T06:04:27.115299+00:00 [queued]>
[2023-06-15T06:14:39.783+0000] {taskinstance.py:1103} INFO - Dependencies all met for dep_context=requeueable deps ti=<TaskInstance: deploy_prediction_model.pyspark_train_classifier_model manual__2023-06-15T06:04:27.115299+00:00 [queued]>
[2023-06-15T06:14:39.783+0000] {taskinstance.py:1308} INFO - Starting attempt 3 of 4
[2023-06-15T06:14:39.791+0000] {taskinstance.py:1327} INFO - Executing <Task(BashOperator): pyspark_train_classifier_model> on 2023-06-15 06:04:27.115299+00:00
[2023-06-15T06:14:39.797+0000] {standard_task_runner.py:57} INFO - Started process 1560 to run task
[2023-06-15T06:14:39.801+0000] {standard_task_runner.py:84} INFO - Running: ['***', 'tasks', 'run', 'deploy_prediction_model', 'pyspark_train_classifier_model', 'manual__2023-06-15T06:04:27.115299+00:00', '--job-id', '37', '--raw', '--subdir', 'DAGS_FOLDER/deploy.py', '--cfg-path', '/tmp/tmpzn_4d73f']
[2023-06-15T06:14:39.803+0000] {standard_task_runner.py:85} INFO - Job 37: Subtask pyspark_train_classifier_model
[2023-06-15T06:14:39.849+0000] {task_command.py:410} INFO - Running <TaskInstance: deploy_prediction_model.pyspark_train_classifier_model manual__2023-06-15T06:04:27.115299+00:00 [running]> on host 6426fae5ea9e
[2023-06-15T06:14:39.918+0000] {taskinstance.py:1547} INFO - Exporting env vars: AIRFLOW_CTX_DAG_OWNER='***' AIRFLOW_CTX_DAG_ID='deploy_prediction_model' AIRFLOW_CTX_TASK_ID='pyspark_train_classifier_model' AIRFLOW_CTX_EXECUTION_DATE='2023-06-15T06:04:27.115299+00:00' AIRFLOW_CTX_TRY_NUMBER='3' AIRFLOW_CTX_DAG_RUN_ID='manual__2023-06-15T06:04:27.115299+00:00'
[2023-06-15T06:14:39.920+0000] {subprocess.py:63} INFO - Tmp dir root location: 
 /tmp
[2023-06-15T06:14:39.921+0000] {subprocess.py:75} INFO - Running command: ['/bin/bash', '-c', '\nspark-submit --class org.fiware.cosmos.orion.spark.connector.prediction.PredictionJob    --conf spark.driver.extraJavaOptions=-Dlog4jspark.root.logger=WARN,console   --master spark://spark-master:7077   //prediction-job/target/orion.spark.connector.prediction-1.0.1.jar   /']
[2023-06-15T06:14:39.930+0000] {subprocess.py:86} INFO - Output:
[2023-06-15T06:14:39.932+0000] {subprocess.py:93} INFO - /bin/bash: line 2: spark-submit: command not found
[2023-06-15T06:14:39.932+0000] {subprocess.py:97} INFO - Command exited with return code 127
[2023-06-15T06:14:39.942+0000] {taskinstance.py:1824} ERROR - Task failed with exception
Traceback (most recent call last):
  File "/home/airflow/.local/lib/python3.7/site-packages/airflow/operators/bash.py", line 211, in execute
    f"Bash command failed. The command returned a non-zero exit code {result.exit_code}."
airflow.exceptions.AirflowException: Bash command failed. The command returned a non-zero exit code 127.
[2023-06-15T06:14:39.945+0000] {taskinstance.py:1350} INFO - Marking task as UP_FOR_RETRY. dag_id=deploy_prediction_model, task_id=pyspark_train_classifier_model, execution_date=20230615T060427, start_date=20230615T061439, end_date=20230615T061439
[2023-06-15T06:14:39.955+0000] {standard_task_runner.py:109} ERROR - Failed to execute job 37 for task pyspark_train_classifier_model (Bash command failed. The command returned a non-zero exit code 127.; 1560)
[2023-06-15T06:14:39.971+0000] {local_task_job_runner.py:225} INFO - Task exited with return code 1
[2023-06-15T06:14:39.987+0000] {taskinstance.py:2651} INFO - 0 downstream tasks scheduled from follow-on schedule check
