[2023-06-15T07:53:29.432+0000] {taskinstance.py:1103} INFO - Dependencies all met for dep_context=non-requeueable deps ti=<TaskInstance: deploy_prediction_model.pyspark_train_classifier_model manual__2023-06-15T07:53:22.417789+00:00 [queued]>
[2023-06-15T07:53:29.439+0000] {taskinstance.py:1103} INFO - Dependencies all met for dep_context=requeueable deps ti=<TaskInstance: deploy_prediction_model.pyspark_train_classifier_model manual__2023-06-15T07:53:22.417789+00:00 [queued]>
[2023-06-15T07:53:29.440+0000] {taskinstance.py:1308} INFO - Starting attempt 1 of 4
[2023-06-15T07:53:29.453+0000] {taskinstance.py:1327} INFO - Executing <Task(BashOperator): pyspark_train_classifier_model> on 2023-06-15 07:53:22.417789+00:00
[2023-06-15T07:53:29.460+0000] {standard_task_runner.py:57} INFO - Started process 64 to run task
[2023-06-15T07:53:29.464+0000] {standard_task_runner.py:84} INFO - Running: ['***', 'tasks', 'run', 'deploy_prediction_model', 'pyspark_train_classifier_model', 'manual__2023-06-15T07:53:22.417789+00:00', '--job-id', '40', '--raw', '--subdir', 'DAGS_FOLDER/deploy.py', '--cfg-path', '/tmp/tmpqjm827lo']
[2023-06-15T07:53:29.471+0000] {standard_task_runner.py:85} INFO - Job 40: Subtask pyspark_train_classifier_model
[2023-06-15T07:53:29.538+0000] {task_command.py:410} INFO - Running <TaskInstance: deploy_prediction_model.pyspark_train_classifier_model manual__2023-06-15T07:53:22.417789+00:00 [running]> on host 3e009ad8c9a7
[2023-06-15T07:53:29.611+0000] {taskinstance.py:1547} INFO - Exporting env vars: AIRFLOW_CTX_DAG_OWNER='***' AIRFLOW_CTX_DAG_ID='deploy_prediction_model' AIRFLOW_CTX_TASK_ID='pyspark_train_classifier_model' AIRFLOW_CTX_EXECUTION_DATE='2023-06-15T07:53:22.417789+00:00' AIRFLOW_CTX_TRY_NUMBER='1' AIRFLOW_CTX_DAG_RUN_ID='manual__2023-06-15T07:53:22.417789+00:00'
[2023-06-15T07:53:29.613+0000] {subprocess.py:63} INFO - Tmp dir root location: 
 /tmp
[2023-06-15T07:53:29.613+0000] {subprocess.py:75} INFO - Running command: ['/bin/bash', '-c', '\n/opt/***/config/spark-2.4.5-bin-hadoop2.7/bin/spark-submit --class org.fiware.cosmos.orion.spark.connector.prediction.PredictionJob    --conf spark.driver.extraJavaOptions=-Dlog4jspark.root.logger=WARN,console   --master spark://spark-master:7077   /opt/***/config/prediction-job/target/orion.spark.connector.prediction-1.0.1.jar   /opt/***/config']
[2023-06-15T07:53:29.635+0000] {subprocess.py:86} INFO - Output:
[2023-06-15T07:53:29.676+0000] {subprocess.py:93} INFO - JAVA_HOME is not set
[2023-06-15T07:53:29.677+0000] {subprocess.py:97} INFO - Command exited with return code 1
[2023-06-15T07:53:29.688+0000] {taskinstance.py:1824} ERROR - Task failed with exception
Traceback (most recent call last):
  File "/home/airflow/.local/lib/python3.7/site-packages/airflow/operators/bash.py", line 211, in execute
    f"Bash command failed. The command returned a non-zero exit code {result.exit_code}."
airflow.exceptions.AirflowException: Bash command failed. The command returned a non-zero exit code 1.
[2023-06-15T07:53:29.693+0000] {taskinstance.py:1350} INFO - Marking task as UP_FOR_RETRY. dag_id=deploy_prediction_model, task_id=pyspark_train_classifier_model, execution_date=20230615T075322, start_date=20230615T075329, end_date=20230615T075329
[2023-06-15T07:53:29.705+0000] {standard_task_runner.py:109} ERROR - Failed to execute job 40 for task pyspark_train_classifier_model (Bash command failed. The command returned a non-zero exit code 1.; 64)
[2023-06-15T07:53:29.756+0000] {local_task_job_runner.py:225} INFO - Task exited with return code 1
[2023-06-15T07:53:29.772+0000] {taskinstance.py:2651} INFO - 0 downstream tasks scheduled from follow-on schedule check
