[2023-06-15T07:58:33.785+0000] {taskinstance.py:1103} INFO - Dependencies all met for dep_context=non-requeueable deps ti=<TaskInstance: deploy_prediction_model.pyspark_train_classifier_model manual__2023-06-15T07:53:22.417789+00:00 [queued]>
[2023-06-15T07:58:33.797+0000] {taskinstance.py:1103} INFO - Dependencies all met for dep_context=requeueable deps ti=<TaskInstance: deploy_prediction_model.pyspark_train_classifier_model manual__2023-06-15T07:53:22.417789+00:00 [queued]>
[2023-06-15T07:58:33.798+0000] {taskinstance.py:1308} INFO - Starting attempt 2 of 4
[2023-06-15T07:58:33.812+0000] {taskinstance.py:1327} INFO - Executing <Task(BashOperator): pyspark_train_classifier_model> on 2023-06-15 07:53:22.417789+00:00
[2023-06-15T07:58:33.818+0000] {standard_task_runner.py:57} INFO - Started process 170 to run task
[2023-06-15T07:58:33.825+0000] {standard_task_runner.py:84} INFO - Running: ['***', 'tasks', 'run', 'deploy_prediction_model', 'pyspark_train_classifier_model', 'manual__2023-06-15T07:53:22.417789+00:00', '--job-id', '41', '--raw', '--subdir', 'DAGS_FOLDER/deploy.py', '--cfg-path', '/tmp/tmpv3txxb7p']
[2023-06-15T07:58:33.827+0000] {standard_task_runner.py:85} INFO - Job 41: Subtask pyspark_train_classifier_model
[2023-06-15T07:58:33.882+0000] {task_command.py:410} INFO - Running <TaskInstance: deploy_prediction_model.pyspark_train_classifier_model manual__2023-06-15T07:53:22.417789+00:00 [running]> on host 3e009ad8c9a7
[2023-06-15T07:58:33.948+0000] {taskinstance.py:1547} INFO - Exporting env vars: AIRFLOW_CTX_DAG_OWNER='***' AIRFLOW_CTX_DAG_ID='deploy_prediction_model' AIRFLOW_CTX_TASK_ID='pyspark_train_classifier_model' AIRFLOW_CTX_EXECUTION_DATE='2023-06-15T07:53:22.417789+00:00' AIRFLOW_CTX_TRY_NUMBER='2' AIRFLOW_CTX_DAG_RUN_ID='manual__2023-06-15T07:53:22.417789+00:00'
[2023-06-15T07:58:33.950+0000] {subprocess.py:63} INFO - Tmp dir root location: 
 /tmp
[2023-06-15T07:58:33.951+0000] {subprocess.py:75} INFO - Running command: ['/bin/bash', '-c', '\n/opt/***/config/spark-2.4.5-bin-hadoop2.7/bin/spark-submit --class org.fiware.cosmos.orion.spark.connector.prediction.PredictionJob    --conf spark.driver.extraJavaOptions=-Dlog4jspark.root.logger=WARN,console   --master spark://spark-master:7077   /opt/***/config/prediction-job/target/orion.spark.connector.prediction-1.0.1.jar   /opt/***/config']
[2023-06-15T07:58:33.963+0000] {subprocess.py:86} INFO - Output:
[2023-06-15T07:58:33.988+0000] {subprocess.py:93} INFO - JAVA_HOME is not set
[2023-06-15T07:58:33.989+0000] {subprocess.py:97} INFO - Command exited with return code 1
[2023-06-15T07:58:34.000+0000] {taskinstance.py:1824} ERROR - Task failed with exception
Traceback (most recent call last):
  File "/home/airflow/.local/lib/python3.7/site-packages/airflow/operators/bash.py", line 211, in execute
    f"Bash command failed. The command returned a non-zero exit code {result.exit_code}."
airflow.exceptions.AirflowException: Bash command failed. The command returned a non-zero exit code 1.
[2023-06-15T07:58:34.007+0000] {taskinstance.py:1350} INFO - Marking task as UP_FOR_RETRY. dag_id=deploy_prediction_model, task_id=pyspark_train_classifier_model, execution_date=20230615T075322, start_date=20230615T075833, end_date=20230615T075834
[2023-06-15T07:58:34.020+0000] {standard_task_runner.py:109} ERROR - Failed to execute job 41 for task pyspark_train_classifier_model (Bash command failed. The command returned a non-zero exit code 1.; 170)
[2023-06-15T07:58:34.073+0000] {local_task_job_runner.py:225} INFO - Task exited with return code 1
[2023-06-15T07:58:34.090+0000] {taskinstance.py:2651} INFO - 0 downstream tasks scheduled from follow-on schedule check
