[2023-08-28T01:05:02.096+0000] {processor.py:157} INFO - Started process (PID=83795) to work on /home/airflow/.local/lib/python3.7/site-packages/airflow/example_dags/example_branch_operator.py
[2023-08-28T01:05:02.097+0000] {processor.py:826} INFO - Processing file /home/airflow/.local/lib/python3.7/site-packages/airflow/example_dags/example_branch_operator.py for tasks to queue
[2023-08-28T01:05:02.097+0000] {logging_mixin.py:149} INFO - [2023-08-28T01:05:02.097+0000] {dagbag.py:541} INFO - Filling up the DagBag from /home/airflow/.local/lib/python3.7/site-packages/airflow/example_dags/example_branch_operator.py
[2023-08-28T01:05:02.106+0000] {processor.py:836} INFO - DAG(s) dict_keys(['example_branch_operator']) retrieved from /home/airflow/.local/lib/python3.7/site-packages/airflow/example_dags/example_branch_operator.py
[2023-08-28T01:05:02.129+0000] {logging_mixin.py:149} INFO - [2023-08-28T01:05:02.129+0000] {dag.py:2726} INFO - Sync 1 DAGs
[2023-08-28T01:05:02.146+0000] {logging_mixin.py:149} INFO - [2023-08-28T01:05:02.146+0000] {dag.py:3490} INFO - Setting next_dagrun for example_branch_operator to 2023-08-27T00:00:00+00:00, run_after=2023-08-28T00:00:00+00:00
[2023-08-28T01:05:02.161+0000] {processor.py:179} INFO - Processing /home/airflow/.local/lib/python3.7/site-packages/airflow/example_dags/example_branch_operator.py took 0.070 seconds
[2023-08-28T01:44:03.243+0000] {processor.py:157} INFO - Started process (PID=83860) to work on /home/airflow/.local/lib/python3.7/site-packages/airflow/example_dags/example_branch_operator.py
[2023-08-28T01:44:03.244+0000] {processor.py:826} INFO - Processing file /home/airflow/.local/lib/python3.7/site-packages/airflow/example_dags/example_branch_operator.py for tasks to queue
[2023-08-28T01:44:03.245+0000] {logging_mixin.py:149} INFO - [2023-08-28T01:44:03.245+0000] {dagbag.py:541} INFO - Filling up the DagBag from /home/airflow/.local/lib/python3.7/site-packages/airflow/example_dags/example_branch_operator.py
[2023-08-28T01:44:03.252+0000] {processor.py:836} INFO - DAG(s) dict_keys(['example_branch_operator']) retrieved from /home/airflow/.local/lib/python3.7/site-packages/airflow/example_dags/example_branch_operator.py
[2023-08-28T01:44:03.276+0000] {logging_mixin.py:149} INFO - [2023-08-28T01:44:03.276+0000] {dag.py:2726} INFO - Sync 1 DAGs
[2023-08-28T01:44:03.297+0000] {logging_mixin.py:149} INFO - [2023-08-28T01:44:03.297+0000] {dag.py:3490} INFO - Setting next_dagrun for example_branch_operator to 2023-08-27T00:00:00+00:00, run_after=2023-08-28T00:00:00+00:00
[2023-08-28T01:44:03.308+0000] {processor.py:179} INFO - Processing /home/airflow/.local/lib/python3.7/site-packages/airflow/example_dags/example_branch_operator.py took 0.068 seconds
[2023-08-28T05:22:01.581+0000] {processor.py:157} INFO - Started process (PID=83926) to work on /home/airflow/.local/lib/python3.7/site-packages/airflow/example_dags/example_branch_operator.py
[2023-08-28T05:22:01.585+0000] {processor.py:826} INFO - Processing file /home/airflow/.local/lib/python3.7/site-packages/airflow/example_dags/example_branch_operator.py for tasks to queue
[2023-08-28T05:22:01.586+0000] {logging_mixin.py:149} INFO - [2023-08-28T05:22:01.586+0000] {dagbag.py:541} INFO - Filling up the DagBag from /home/airflow/.local/lib/python3.7/site-packages/airflow/example_dags/example_branch_operator.py
[2023-08-28T05:22:01.593+0000] {processor.py:836} INFO - DAG(s) dict_keys(['example_branch_operator']) retrieved from /home/airflow/.local/lib/python3.7/site-packages/airflow/example_dags/example_branch_operator.py
[2023-08-28T05:22:01.614+0000] {logging_mixin.py:149} INFO - [2023-08-28T05:22:01.613+0000] {dag.py:2726} INFO - Sync 1 DAGs
[2023-08-28T05:22:01.630+0000] {logging_mixin.py:149} INFO - [2023-08-28T05:22:01.630+0000] {dag.py:3490} INFO - Setting next_dagrun for example_branch_operator to 2023-08-27T00:00:00+00:00, run_after=2023-08-28T00:00:00+00:00
[2023-08-28T05:22:01.642+0000] {processor.py:179} INFO - Processing /home/airflow/.local/lib/python3.7/site-packages/airflow/example_dags/example_branch_operator.py took 0.064 seconds
[2023-08-28T07:45:47.059+0000] {processor.py:157} INFO - Started process (PID=83993) to work on /home/airflow/.local/lib/python3.7/site-packages/airflow/example_dags/example_branch_operator.py
[2023-08-28T07:45:47.061+0000] {processor.py:826} INFO - Processing file /home/airflow/.local/lib/python3.7/site-packages/airflow/example_dags/example_branch_operator.py for tasks to queue
[2023-08-28T07:45:47.062+0000] {logging_mixin.py:149} INFO - [2023-08-28T07:45:47.062+0000] {dagbag.py:541} INFO - Filling up the DagBag from /home/airflow/.local/lib/python3.7/site-packages/airflow/example_dags/example_branch_operator.py
[2023-08-28T07:45:47.071+0000] {processor.py:836} INFO - DAG(s) dict_keys(['example_branch_operator']) retrieved from /home/airflow/.local/lib/python3.7/site-packages/airflow/example_dags/example_branch_operator.py
[2023-08-28T07:45:47.097+0000] {logging_mixin.py:149} INFO - [2023-08-28T07:45:47.096+0000] {dag.py:2726} INFO - Sync 1 DAGs
[2023-08-28T07:45:47.114+0000] {logging_mixin.py:149} INFO - [2023-08-28T07:45:47.113+0000] {dag.py:3490} INFO - Setting next_dagrun for example_branch_operator to 2023-08-27T00:00:00+00:00, run_after=2023-08-28T00:00:00+00:00
[2023-08-28T07:45:47.124+0000] {processor.py:179} INFO - Processing /home/airflow/.local/lib/python3.7/site-packages/airflow/example_dags/example_branch_operator.py took 0.071 seconds
[2023-08-28T10:16:21.763+0000] {processor.py:157} INFO - Started process (PID=84058) to work on /home/airflow/.local/lib/python3.7/site-packages/airflow/example_dags/example_branch_operator.py
[2023-08-28T10:16:21.764+0000] {processor.py:826} INFO - Processing file /home/airflow/.local/lib/python3.7/site-packages/airflow/example_dags/example_branch_operator.py for tasks to queue
[2023-08-28T10:16:21.765+0000] {logging_mixin.py:149} INFO - [2023-08-28T10:16:21.765+0000] {dagbag.py:541} INFO - Filling up the DagBag from /home/airflow/.local/lib/python3.7/site-packages/airflow/example_dags/example_branch_operator.py
[2023-08-28T10:16:21.773+0000] {processor.py:836} INFO - DAG(s) dict_keys(['example_branch_operator']) retrieved from /home/airflow/.local/lib/python3.7/site-packages/airflow/example_dags/example_branch_operator.py
[2023-08-28T10:16:21.795+0000] {logging_mixin.py:149} INFO - [2023-08-28T10:16:21.795+0000] {dag.py:2726} INFO - Sync 1 DAGs
[2023-08-28T10:16:21.811+0000] {logging_mixin.py:149} INFO - [2023-08-28T10:16:21.811+0000] {dag.py:3490} INFO - Setting next_dagrun for example_branch_operator to 2023-08-27T00:00:00+00:00, run_after=2023-08-28T00:00:00+00:00
[2023-08-28T10:16:21.823+0000] {processor.py:179} INFO - Processing /home/airflow/.local/lib/python3.7/site-packages/airflow/example_dags/example_branch_operator.py took 0.063 seconds
[2023-08-28T10:49:14.202+0000] {processor.py:157} INFO - Started process (PID=84125) to work on /home/airflow/.local/lib/python3.7/site-packages/airflow/example_dags/example_branch_operator.py
[2023-08-28T10:49:14.208+0000] {processor.py:826} INFO - Processing file /home/airflow/.local/lib/python3.7/site-packages/airflow/example_dags/example_branch_operator.py for tasks to queue
[2023-08-28T10:49:14.209+0000] {logging_mixin.py:149} INFO - [2023-08-28T10:49:14.209+0000] {dagbag.py:541} INFO - Filling up the DagBag from /home/airflow/.local/lib/python3.7/site-packages/airflow/example_dags/example_branch_operator.py
[2023-08-28T10:49:14.216+0000] {processor.py:836} INFO - DAG(s) dict_keys(['example_branch_operator']) retrieved from /home/airflow/.local/lib/python3.7/site-packages/airflow/example_dags/example_branch_operator.py
[2023-08-28T10:49:14.240+0000] {logging_mixin.py:149} INFO - [2023-08-28T10:49:14.240+0000] {dag.py:2726} INFO - Sync 1 DAGs
[2023-08-28T10:49:14.261+0000] {logging_mixin.py:149} INFO - [2023-08-28T10:49:14.261+0000] {dag.py:3490} INFO - Setting next_dagrun for example_branch_operator to 2023-08-27T00:00:00+00:00, run_after=2023-08-28T00:00:00+00:00
[2023-08-28T10:49:14.276+0000] {processor.py:179} INFO - Processing /home/airflow/.local/lib/python3.7/site-packages/airflow/example_dags/example_branch_operator.py took 0.078 seconds
[2023-08-28T10:59:27.989+0000] {processor.py:157} INFO - Started process (PID=84192) to work on /home/airflow/.local/lib/python3.7/site-packages/airflow/example_dags/example_branch_operator.py
[2023-08-28T10:59:27.990+0000] {processor.py:826} INFO - Processing file /home/airflow/.local/lib/python3.7/site-packages/airflow/example_dags/example_branch_operator.py for tasks to queue
[2023-08-28T10:59:27.991+0000] {logging_mixin.py:149} INFO - [2023-08-28T10:59:27.991+0000] {dagbag.py:541} INFO - Filling up the DagBag from /home/airflow/.local/lib/python3.7/site-packages/airflow/example_dags/example_branch_operator.py
[2023-08-28T10:59:27.999+0000] {processor.py:836} INFO - DAG(s) dict_keys(['example_branch_operator']) retrieved from /home/airflow/.local/lib/python3.7/site-packages/airflow/example_dags/example_branch_operator.py
[2023-08-28T10:59:28.020+0000] {logging_mixin.py:149} INFO - [2023-08-28T10:59:28.020+0000] {dag.py:2726} INFO - Sync 1 DAGs
[2023-08-28T10:59:28.041+0000] {logging_mixin.py:149} INFO - [2023-08-28T10:59:28.041+0000] {dag.py:3490} INFO - Setting next_dagrun for example_branch_operator to 2023-08-27T00:00:00+00:00, run_after=2023-08-28T00:00:00+00:00
[2023-08-28T10:59:28.056+0000] {processor.py:179} INFO - Processing /home/airflow/.local/lib/python3.7/site-packages/airflow/example_dags/example_branch_operator.py took 0.070 seconds
[2023-08-28T13:29:08.995+0000] {processor.py:157} INFO - Started process (PID=84258) to work on /home/airflow/.local/lib/python3.7/site-packages/airflow/example_dags/example_branch_operator.py
[2023-08-28T13:29:08.997+0000] {processor.py:826} INFO - Processing file /home/airflow/.local/lib/python3.7/site-packages/airflow/example_dags/example_branch_operator.py for tasks to queue
[2023-08-28T13:29:08.998+0000] {logging_mixin.py:149} INFO - [2023-08-28T13:29:08.998+0000] {dagbag.py:541} INFO - Filling up the DagBag from /home/airflow/.local/lib/python3.7/site-packages/airflow/example_dags/example_branch_operator.py
[2023-08-28T13:29:09.006+0000] {processor.py:836} INFO - DAG(s) dict_keys(['example_branch_operator']) retrieved from /home/airflow/.local/lib/python3.7/site-packages/airflow/example_dags/example_branch_operator.py
[2023-08-28T13:29:09.026+0000] {logging_mixin.py:149} INFO - [2023-08-28T13:29:09.026+0000] {dag.py:2726} INFO - Sync 1 DAGs
[2023-08-28T13:29:09.044+0000] {logging_mixin.py:149} INFO - [2023-08-28T13:29:09.044+0000] {dag.py:3490} INFO - Setting next_dagrun for example_branch_operator to 2023-08-27T00:00:00+00:00, run_after=2023-08-28T00:00:00+00:00
[2023-08-28T13:29:09.062+0000] {processor.py:179} INFO - Processing /home/airflow/.local/lib/python3.7/site-packages/airflow/example_dags/example_branch_operator.py took 0.069 seconds
[2023-08-28T13:29:42.294+0000] {processor.py:157} INFO - Started process (PID=84324) to work on /home/airflow/.local/lib/python3.7/site-packages/airflow/example_dags/example_branch_operator.py
[2023-08-28T13:29:42.295+0000] {processor.py:826} INFO - Processing file /home/airflow/.local/lib/python3.7/site-packages/airflow/example_dags/example_branch_operator.py for tasks to queue
[2023-08-28T13:29:42.299+0000] {logging_mixin.py:149} INFO - [2023-08-28T13:29:42.299+0000] {dagbag.py:541} INFO - Filling up the DagBag from /home/airflow/.local/lib/python3.7/site-packages/airflow/example_dags/example_branch_operator.py
[2023-08-28T13:29:42.308+0000] {processor.py:836} INFO - DAG(s) dict_keys(['example_branch_operator']) retrieved from /home/airflow/.local/lib/python3.7/site-packages/airflow/example_dags/example_branch_operator.py
[2023-08-28T13:29:42.330+0000] {logging_mixin.py:149} INFO - [2023-08-28T13:29:42.330+0000] {dag.py:2726} INFO - Sync 1 DAGs
[2023-08-28T13:29:42.348+0000] {logging_mixin.py:149} INFO - [2023-08-28T13:29:42.348+0000] {dag.py:3490} INFO - Setting next_dagrun for example_branch_operator to 2023-08-27T00:00:00+00:00, run_after=2023-08-28T00:00:00+00:00
[2023-08-28T13:29:42.360+0000] {processor.py:179} INFO - Processing /home/airflow/.local/lib/python3.7/site-packages/airflow/example_dags/example_branch_operator.py took 0.069 seconds
[2023-08-28T13:30:16.474+0000] {processor.py:157} INFO - Started process (PID=84397) to work on /home/airflow/.local/lib/python3.7/site-packages/airflow/example_dags/example_branch_operator.py
[2023-08-28T13:30:16.475+0000] {processor.py:826} INFO - Processing file /home/airflow/.local/lib/python3.7/site-packages/airflow/example_dags/example_branch_operator.py for tasks to queue
[2023-08-28T13:30:16.476+0000] {logging_mixin.py:149} INFO - [2023-08-28T13:30:16.476+0000] {dagbag.py:541} INFO - Filling up the DagBag from /home/airflow/.local/lib/python3.7/site-packages/airflow/example_dags/example_branch_operator.py
[2023-08-28T13:30:16.485+0000] {processor.py:836} INFO - DAG(s) dict_keys(['example_branch_operator']) retrieved from /home/airflow/.local/lib/python3.7/site-packages/airflow/example_dags/example_branch_operator.py
[2023-08-28T13:30:16.512+0000] {logging_mixin.py:149} INFO - [2023-08-28T13:30:16.512+0000] {dag.py:2726} INFO - Sync 1 DAGs
[2023-08-28T13:30:16.532+0000] {logging_mixin.py:149} INFO - [2023-08-28T13:30:16.532+0000] {dag.py:3490} INFO - Setting next_dagrun for example_branch_operator to 2023-08-27T00:00:00+00:00, run_after=2023-08-28T00:00:00+00:00
[2023-08-28T13:30:16.543+0000] {processor.py:179} INFO - Processing /home/airflow/.local/lib/python3.7/site-packages/airflow/example_dags/example_branch_operator.py took 0.072 seconds
[2023-08-28T13:30:50.844+0000] {processor.py:157} INFO - Started process (PID=84463) to work on /home/airflow/.local/lib/python3.7/site-packages/airflow/example_dags/example_branch_operator.py
[2023-08-28T13:30:50.845+0000] {processor.py:826} INFO - Processing file /home/airflow/.local/lib/python3.7/site-packages/airflow/example_dags/example_branch_operator.py for tasks to queue
[2023-08-28T13:30:50.846+0000] {logging_mixin.py:149} INFO - [2023-08-28T13:30:50.846+0000] {dagbag.py:541} INFO - Filling up the DagBag from /home/airflow/.local/lib/python3.7/site-packages/airflow/example_dags/example_branch_operator.py
[2023-08-28T13:30:50.853+0000] {processor.py:836} INFO - DAG(s) dict_keys(['example_branch_operator']) retrieved from /home/airflow/.local/lib/python3.7/site-packages/airflow/example_dags/example_branch_operator.py
[2023-08-28T13:30:50.879+0000] {logging_mixin.py:149} INFO - [2023-08-28T13:30:50.879+0000] {dag.py:2726} INFO - Sync 1 DAGs
[2023-08-28T13:30:50.902+0000] {logging_mixin.py:149} INFO - [2023-08-28T13:30:50.902+0000] {dag.py:3490} INFO - Setting next_dagrun for example_branch_operator to 2023-08-27T00:00:00+00:00, run_after=2023-08-28T00:00:00+00:00
[2023-08-28T13:30:50.913+0000] {processor.py:179} INFO - Processing /home/airflow/.local/lib/python3.7/site-packages/airflow/example_dags/example_branch_operator.py took 0.072 seconds
[2023-08-28T13:31:25.167+0000] {processor.py:157} INFO - Started process (PID=84529) to work on /home/airflow/.local/lib/python3.7/site-packages/airflow/example_dags/example_branch_operator.py
[2023-08-28T13:31:25.168+0000] {processor.py:826} INFO - Processing file /home/airflow/.local/lib/python3.7/site-packages/airflow/example_dags/example_branch_operator.py for tasks to queue
[2023-08-28T13:31:25.169+0000] {logging_mixin.py:149} INFO - [2023-08-28T13:31:25.168+0000] {dagbag.py:541} INFO - Filling up the DagBag from /home/airflow/.local/lib/python3.7/site-packages/airflow/example_dags/example_branch_operator.py
[2023-08-28T13:31:25.176+0000] {processor.py:836} INFO - DAG(s) dict_keys(['example_branch_operator']) retrieved from /home/airflow/.local/lib/python3.7/site-packages/airflow/example_dags/example_branch_operator.py
[2023-08-28T13:31:25.198+0000] {logging_mixin.py:149} INFO - [2023-08-28T13:31:25.198+0000] {dag.py:2726} INFO - Sync 1 DAGs
[2023-08-28T13:31:25.217+0000] {logging_mixin.py:149} INFO - [2023-08-28T13:31:25.217+0000] {dag.py:3490} INFO - Setting next_dagrun for example_branch_operator to 2023-08-27T00:00:00+00:00, run_after=2023-08-28T00:00:00+00:00
[2023-08-28T13:31:25.232+0000] {processor.py:179} INFO - Processing /home/airflow/.local/lib/python3.7/site-packages/airflow/example_dags/example_branch_operator.py took 0.068 seconds
[2023-08-28T13:31:59.197+0000] {processor.py:157} INFO - Started process (PID=84596) to work on /home/airflow/.local/lib/python3.7/site-packages/airflow/example_dags/example_branch_operator.py
[2023-08-28T13:31:59.198+0000] {processor.py:826} INFO - Processing file /home/airflow/.local/lib/python3.7/site-packages/airflow/example_dags/example_branch_operator.py for tasks to queue
[2023-08-28T13:31:59.199+0000] {logging_mixin.py:149} INFO - [2023-08-28T13:31:59.199+0000] {dagbag.py:541} INFO - Filling up the DagBag from /home/airflow/.local/lib/python3.7/site-packages/airflow/example_dags/example_branch_operator.py
[2023-08-28T13:31:59.206+0000] {processor.py:836} INFO - DAG(s) dict_keys(['example_branch_operator']) retrieved from /home/airflow/.local/lib/python3.7/site-packages/airflow/example_dags/example_branch_operator.py
[2023-08-28T13:31:59.227+0000] {logging_mixin.py:149} INFO - [2023-08-28T13:31:59.227+0000] {dag.py:2726} INFO - Sync 1 DAGs
[2023-08-28T13:31:59.242+0000] {logging_mixin.py:149} INFO - [2023-08-28T13:31:59.242+0000] {dag.py:3490} INFO - Setting next_dagrun for example_branch_operator to 2023-08-27T00:00:00+00:00, run_after=2023-08-28T00:00:00+00:00
[2023-08-28T13:31:59.252+0000] {processor.py:179} INFO - Processing /home/airflow/.local/lib/python3.7/site-packages/airflow/example_dags/example_branch_operator.py took 0.057 seconds
[2023-08-28T13:32:33.577+0000] {processor.py:157} INFO - Started process (PID=84662) to work on /home/airflow/.local/lib/python3.7/site-packages/airflow/example_dags/example_branch_operator.py
[2023-08-28T13:32:33.578+0000] {processor.py:826} INFO - Processing file /home/airflow/.local/lib/python3.7/site-packages/airflow/example_dags/example_branch_operator.py for tasks to queue
[2023-08-28T13:32:33.579+0000] {logging_mixin.py:149} INFO - [2023-08-28T13:32:33.579+0000] {dagbag.py:541} INFO - Filling up the DagBag from /home/airflow/.local/lib/python3.7/site-packages/airflow/example_dags/example_branch_operator.py
[2023-08-28T13:32:33.586+0000] {processor.py:836} INFO - DAG(s) dict_keys(['example_branch_operator']) retrieved from /home/airflow/.local/lib/python3.7/site-packages/airflow/example_dags/example_branch_operator.py
[2023-08-28T13:32:33.613+0000] {logging_mixin.py:149} INFO - [2023-08-28T13:32:33.613+0000] {dag.py:2726} INFO - Sync 1 DAGs
[2023-08-28T13:32:33.630+0000] {logging_mixin.py:149} INFO - [2023-08-28T13:32:33.630+0000] {dag.py:3490} INFO - Setting next_dagrun for example_branch_operator to 2023-08-27T00:00:00+00:00, run_after=2023-08-28T00:00:00+00:00
[2023-08-28T13:32:33.643+0000] {processor.py:179} INFO - Processing /home/airflow/.local/lib/python3.7/site-packages/airflow/example_dags/example_branch_operator.py took 0.068 seconds
[2023-08-28T13:33:07.330+0000] {processor.py:157} INFO - Started process (PID=84728) to work on /home/airflow/.local/lib/python3.7/site-packages/airflow/example_dags/example_branch_operator.py
[2023-08-28T13:33:07.331+0000] {processor.py:826} INFO - Processing file /home/airflow/.local/lib/python3.7/site-packages/airflow/example_dags/example_branch_operator.py for tasks to queue
[2023-08-28T13:33:07.331+0000] {logging_mixin.py:149} INFO - [2023-08-28T13:33:07.331+0000] {dagbag.py:541} INFO - Filling up the DagBag from /home/airflow/.local/lib/python3.7/site-packages/airflow/example_dags/example_branch_operator.py
[2023-08-28T13:33:07.343+0000] {processor.py:836} INFO - DAG(s) dict_keys(['example_branch_operator']) retrieved from /home/airflow/.local/lib/python3.7/site-packages/airflow/example_dags/example_branch_operator.py
[2023-08-28T13:33:07.366+0000] {logging_mixin.py:149} INFO - [2023-08-28T13:33:07.366+0000] {dag.py:2726} INFO - Sync 1 DAGs
[2023-08-28T13:33:07.383+0000] {logging_mixin.py:149} INFO - [2023-08-28T13:33:07.383+0000] {dag.py:3490} INFO - Setting next_dagrun for example_branch_operator to 2023-08-27T00:00:00+00:00, run_after=2023-08-28T00:00:00+00:00
[2023-08-28T13:33:07.395+0000] {processor.py:179} INFO - Processing /home/airflow/.local/lib/python3.7/site-packages/airflow/example_dags/example_branch_operator.py took 0.068 seconds
[2023-08-28T13:33:41.323+0000] {processor.py:157} INFO - Started process (PID=84794) to work on /home/airflow/.local/lib/python3.7/site-packages/airflow/example_dags/example_branch_operator.py
[2023-08-28T13:33:41.324+0000] {processor.py:826} INFO - Processing file /home/airflow/.local/lib/python3.7/site-packages/airflow/example_dags/example_branch_operator.py for tasks to queue
[2023-08-28T13:33:41.325+0000] {logging_mixin.py:149} INFO - [2023-08-28T13:33:41.325+0000] {dagbag.py:541} INFO - Filling up the DagBag from /home/airflow/.local/lib/python3.7/site-packages/airflow/example_dags/example_branch_operator.py
[2023-08-28T13:33:41.333+0000] {processor.py:836} INFO - DAG(s) dict_keys(['example_branch_operator']) retrieved from /home/airflow/.local/lib/python3.7/site-packages/airflow/example_dags/example_branch_operator.py
[2023-08-28T13:33:41.356+0000] {logging_mixin.py:149} INFO - [2023-08-28T13:33:41.356+0000] {dag.py:2726} INFO - Sync 1 DAGs
[2023-08-28T13:33:41.381+0000] {logging_mixin.py:149} INFO - [2023-08-28T13:33:41.381+0000] {dag.py:3490} INFO - Setting next_dagrun for example_branch_operator to 2023-08-27T00:00:00+00:00, run_after=2023-08-28T00:00:00+00:00
[2023-08-28T13:33:41.392+0000] {processor.py:179} INFO - Processing /home/airflow/.local/lib/python3.7/site-packages/airflow/example_dags/example_branch_operator.py took 0.072 seconds
[2023-08-28T13:34:15.278+0000] {processor.py:157} INFO - Started process (PID=84868) to work on /home/airflow/.local/lib/python3.7/site-packages/airflow/example_dags/example_branch_operator.py
[2023-08-28T13:34:15.279+0000] {processor.py:826} INFO - Processing file /home/airflow/.local/lib/python3.7/site-packages/airflow/example_dags/example_branch_operator.py for tasks to queue
[2023-08-28T13:34:15.280+0000] {logging_mixin.py:149} INFO - [2023-08-28T13:34:15.280+0000] {dagbag.py:541} INFO - Filling up the DagBag from /home/airflow/.local/lib/python3.7/site-packages/airflow/example_dags/example_branch_operator.py
[2023-08-28T13:34:15.287+0000] {processor.py:836} INFO - DAG(s) dict_keys(['example_branch_operator']) retrieved from /home/airflow/.local/lib/python3.7/site-packages/airflow/example_dags/example_branch_operator.py
[2023-08-28T13:34:15.309+0000] {logging_mixin.py:149} INFO - [2023-08-28T13:34:15.309+0000] {dag.py:2726} INFO - Sync 1 DAGs
[2023-08-28T13:34:15.326+0000] {logging_mixin.py:149} INFO - [2023-08-28T13:34:15.325+0000] {dag.py:3490} INFO - Setting next_dagrun for example_branch_operator to 2023-08-27T00:00:00+00:00, run_after=2023-08-28T00:00:00+00:00
[2023-08-28T13:34:15.338+0000] {processor.py:179} INFO - Processing /home/airflow/.local/lib/python3.7/site-packages/airflow/example_dags/example_branch_operator.py took 0.063 seconds
[2023-08-28T13:34:49.260+0000] {processor.py:157} INFO - Started process (PID=84934) to work on /home/airflow/.local/lib/python3.7/site-packages/airflow/example_dags/example_branch_operator.py
[2023-08-28T13:34:49.261+0000] {processor.py:826} INFO - Processing file /home/airflow/.local/lib/python3.7/site-packages/airflow/example_dags/example_branch_operator.py for tasks to queue
[2023-08-28T13:34:49.262+0000] {logging_mixin.py:149} INFO - [2023-08-28T13:34:49.262+0000] {dagbag.py:541} INFO - Filling up the DagBag from /home/airflow/.local/lib/python3.7/site-packages/airflow/example_dags/example_branch_operator.py
[2023-08-28T13:34:49.269+0000] {processor.py:836} INFO - DAG(s) dict_keys(['example_branch_operator']) retrieved from /home/airflow/.local/lib/python3.7/site-packages/airflow/example_dags/example_branch_operator.py
[2023-08-28T13:34:49.290+0000] {logging_mixin.py:149} INFO - [2023-08-28T13:34:49.290+0000] {dag.py:2726} INFO - Sync 1 DAGs
[2023-08-28T13:34:49.307+0000] {logging_mixin.py:149} INFO - [2023-08-28T13:34:49.307+0000] {dag.py:3490} INFO - Setting next_dagrun for example_branch_operator to 2023-08-27T00:00:00+00:00, run_after=2023-08-28T00:00:00+00:00
[2023-08-28T13:34:49.320+0000] {processor.py:179} INFO - Processing /home/airflow/.local/lib/python3.7/site-packages/airflow/example_dags/example_branch_operator.py took 0.063 seconds
[2023-08-28T13:35:23.253+0000] {processor.py:157} INFO - Started process (PID=85000) to work on /home/airflow/.local/lib/python3.7/site-packages/airflow/example_dags/example_branch_operator.py
[2023-08-28T13:35:23.254+0000] {processor.py:826} INFO - Processing file /home/airflow/.local/lib/python3.7/site-packages/airflow/example_dags/example_branch_operator.py for tasks to queue
[2023-08-28T13:35:23.255+0000] {logging_mixin.py:149} INFO - [2023-08-28T13:35:23.255+0000] {dagbag.py:541} INFO - Filling up the DagBag from /home/airflow/.local/lib/python3.7/site-packages/airflow/example_dags/example_branch_operator.py
[2023-08-28T13:35:23.262+0000] {processor.py:836} INFO - DAG(s) dict_keys(['example_branch_operator']) retrieved from /home/airflow/.local/lib/python3.7/site-packages/airflow/example_dags/example_branch_operator.py
[2023-08-28T13:35:23.284+0000] {logging_mixin.py:149} INFO - [2023-08-28T13:35:23.284+0000] {dag.py:2726} INFO - Sync 1 DAGs
[2023-08-28T13:35:23.302+0000] {logging_mixin.py:149} INFO - [2023-08-28T13:35:23.302+0000] {dag.py:3490} INFO - Setting next_dagrun for example_branch_operator to 2023-08-27T00:00:00+00:00, run_after=2023-08-28T00:00:00+00:00
[2023-08-28T13:35:23.324+0000] {processor.py:179} INFO - Processing /home/airflow/.local/lib/python3.7/site-packages/airflow/example_dags/example_branch_operator.py took 0.074 seconds
[2023-08-28T13:35:57.327+0000] {processor.py:157} INFO - Started process (PID=85066) to work on /home/airflow/.local/lib/python3.7/site-packages/airflow/example_dags/example_branch_operator.py
[2023-08-28T13:35:57.328+0000] {processor.py:826} INFO - Processing file /home/airflow/.local/lib/python3.7/site-packages/airflow/example_dags/example_branch_operator.py for tasks to queue
[2023-08-28T13:35:57.329+0000] {logging_mixin.py:149} INFO - [2023-08-28T13:35:57.329+0000] {dagbag.py:541} INFO - Filling up the DagBag from /home/airflow/.local/lib/python3.7/site-packages/airflow/example_dags/example_branch_operator.py
[2023-08-28T13:35:57.337+0000] {processor.py:836} INFO - DAG(s) dict_keys(['example_branch_operator']) retrieved from /home/airflow/.local/lib/python3.7/site-packages/airflow/example_dags/example_branch_operator.py
[2023-08-28T13:35:57.357+0000] {logging_mixin.py:149} INFO - [2023-08-28T13:35:57.357+0000] {dag.py:2726} INFO - Sync 1 DAGs
[2023-08-28T13:35:57.373+0000] {logging_mixin.py:149} INFO - [2023-08-28T13:35:57.373+0000] {dag.py:3490} INFO - Setting next_dagrun for example_branch_operator to 2023-08-27T00:00:00+00:00, run_after=2023-08-28T00:00:00+00:00
[2023-08-28T13:35:57.383+0000] {processor.py:179} INFO - Processing /home/airflow/.local/lib/python3.7/site-packages/airflow/example_dags/example_branch_operator.py took 0.058 seconds
[2023-08-28T13:36:31.348+0000] {processor.py:157} INFO - Started process (PID=85133) to work on /home/airflow/.local/lib/python3.7/site-packages/airflow/example_dags/example_branch_operator.py
[2023-08-28T13:36:31.349+0000] {processor.py:826} INFO - Processing file /home/airflow/.local/lib/python3.7/site-packages/airflow/example_dags/example_branch_operator.py for tasks to queue
[2023-08-28T13:36:31.350+0000] {logging_mixin.py:149} INFO - [2023-08-28T13:36:31.350+0000] {dagbag.py:541} INFO - Filling up the DagBag from /home/airflow/.local/lib/python3.7/site-packages/airflow/example_dags/example_branch_operator.py
[2023-08-28T13:36:31.357+0000] {processor.py:836} INFO - DAG(s) dict_keys(['example_branch_operator']) retrieved from /home/airflow/.local/lib/python3.7/site-packages/airflow/example_dags/example_branch_operator.py
[2023-08-28T13:36:31.379+0000] {logging_mixin.py:149} INFO - [2023-08-28T13:36:31.379+0000] {dag.py:2726} INFO - Sync 1 DAGs
[2023-08-28T13:36:31.395+0000] {logging_mixin.py:149} INFO - [2023-08-28T13:36:31.395+0000] {dag.py:3490} INFO - Setting next_dagrun for example_branch_operator to 2023-08-27T00:00:00+00:00, run_after=2023-08-28T00:00:00+00:00
[2023-08-28T13:36:31.410+0000] {processor.py:179} INFO - Processing /home/airflow/.local/lib/python3.7/site-packages/airflow/example_dags/example_branch_operator.py took 0.065 seconds
[2023-08-28T13:37:05.485+0000] {processor.py:157} INFO - Started process (PID=85199) to work on /home/airflow/.local/lib/python3.7/site-packages/airflow/example_dags/example_branch_operator.py
[2023-08-28T13:37:05.486+0000] {processor.py:826} INFO - Processing file /home/airflow/.local/lib/python3.7/site-packages/airflow/example_dags/example_branch_operator.py for tasks to queue
[2023-08-28T13:37:05.487+0000] {logging_mixin.py:149} INFO - [2023-08-28T13:37:05.487+0000] {dagbag.py:541} INFO - Filling up the DagBag from /home/airflow/.local/lib/python3.7/site-packages/airflow/example_dags/example_branch_operator.py
[2023-08-28T13:37:05.495+0000] {processor.py:836} INFO - DAG(s) dict_keys(['example_branch_operator']) retrieved from /home/airflow/.local/lib/python3.7/site-packages/airflow/example_dags/example_branch_operator.py
[2023-08-28T13:37:05.517+0000] {logging_mixin.py:149} INFO - [2023-08-28T13:37:05.517+0000] {dag.py:2726} INFO - Sync 1 DAGs
[2023-08-28T13:37:05.534+0000] {logging_mixin.py:149} INFO - [2023-08-28T13:37:05.534+0000] {dag.py:3490} INFO - Setting next_dagrun for example_branch_operator to 2023-08-27T00:00:00+00:00, run_after=2023-08-28T00:00:00+00:00
[2023-08-28T13:37:05.544+0000] {processor.py:179} INFO - Processing /home/airflow/.local/lib/python3.7/site-packages/airflow/example_dags/example_branch_operator.py took 0.062 seconds
[2023-08-28T13:37:39.459+0000] {processor.py:157} INFO - Started process (PID=85264) to work on /home/airflow/.local/lib/python3.7/site-packages/airflow/example_dags/example_branch_operator.py
[2023-08-28T13:37:39.460+0000] {processor.py:826} INFO - Processing file /home/airflow/.local/lib/python3.7/site-packages/airflow/example_dags/example_branch_operator.py for tasks to queue
[2023-08-28T13:37:39.461+0000] {logging_mixin.py:149} INFO - [2023-08-28T13:37:39.461+0000] {dagbag.py:541} INFO - Filling up the DagBag from /home/airflow/.local/lib/python3.7/site-packages/airflow/example_dags/example_branch_operator.py
[2023-08-28T13:37:39.468+0000] {processor.py:836} INFO - DAG(s) dict_keys(['example_branch_operator']) retrieved from /home/airflow/.local/lib/python3.7/site-packages/airflow/example_dags/example_branch_operator.py
[2023-08-28T13:37:39.489+0000] {logging_mixin.py:149} INFO - [2023-08-28T13:37:39.489+0000] {dag.py:2726} INFO - Sync 1 DAGs
[2023-08-28T13:37:39.505+0000] {logging_mixin.py:149} INFO - [2023-08-28T13:37:39.505+0000] {dag.py:3490} INFO - Setting next_dagrun for example_branch_operator to 2023-08-27T00:00:00+00:00, run_after=2023-08-28T00:00:00+00:00
[2023-08-28T13:37:39.519+0000] {processor.py:179} INFO - Processing /home/airflow/.local/lib/python3.7/site-packages/airflow/example_dags/example_branch_operator.py took 0.062 seconds
[2023-08-28T13:38:13.532+0000] {processor.py:157} INFO - Started process (PID=85330) to work on /home/airflow/.local/lib/python3.7/site-packages/airflow/example_dags/example_branch_operator.py
[2023-08-28T13:38:13.533+0000] {processor.py:826} INFO - Processing file /home/airflow/.local/lib/python3.7/site-packages/airflow/example_dags/example_branch_operator.py for tasks to queue
[2023-08-28T13:38:13.534+0000] {logging_mixin.py:149} INFO - [2023-08-28T13:38:13.534+0000] {dagbag.py:541} INFO - Filling up the DagBag from /home/airflow/.local/lib/python3.7/site-packages/airflow/example_dags/example_branch_operator.py
[2023-08-28T13:38:13.541+0000] {processor.py:836} INFO - DAG(s) dict_keys(['example_branch_operator']) retrieved from /home/airflow/.local/lib/python3.7/site-packages/airflow/example_dags/example_branch_operator.py
[2023-08-28T13:38:13.565+0000] {logging_mixin.py:149} INFO - [2023-08-28T13:38:13.564+0000] {dag.py:2726} INFO - Sync 1 DAGs
[2023-08-28T13:38:13.581+0000] {logging_mixin.py:149} INFO - [2023-08-28T13:38:13.581+0000] {dag.py:3490} INFO - Setting next_dagrun for example_branch_operator to 2023-08-27T00:00:00+00:00, run_after=2023-08-28T00:00:00+00:00
[2023-08-28T13:38:13.600+0000] {processor.py:179} INFO - Processing /home/airflow/.local/lib/python3.7/site-packages/airflow/example_dags/example_branch_operator.py took 0.071 seconds
[2023-08-28T13:38:47.032+0000] {processor.py:157} INFO - Started process (PID=85402) to work on /home/airflow/.local/lib/python3.7/site-packages/airflow/example_dags/example_branch_operator.py
[2023-08-28T13:38:47.036+0000] {processor.py:826} INFO - Processing file /home/airflow/.local/lib/python3.7/site-packages/airflow/example_dags/example_branch_operator.py for tasks to queue
[2023-08-28T13:38:47.038+0000] {logging_mixin.py:149} INFO - [2023-08-28T13:38:47.038+0000] {dagbag.py:541} INFO - Filling up the DagBag from /home/airflow/.local/lib/python3.7/site-packages/airflow/example_dags/example_branch_operator.py
[2023-08-28T13:38:47.055+0000] {processor.py:836} INFO - DAG(s) dict_keys(['example_branch_operator']) retrieved from /home/airflow/.local/lib/python3.7/site-packages/airflow/example_dags/example_branch_operator.py
[2023-08-28T13:38:47.090+0000] {logging_mixin.py:149} INFO - [2023-08-28T13:38:47.090+0000] {dag.py:2726} INFO - Sync 1 DAGs
[2023-08-28T13:38:47.139+0000] {logging_mixin.py:149} INFO - [2023-08-28T13:38:47.139+0000] {dag.py:3490} INFO - Setting next_dagrun for example_branch_operator to 2023-08-27T00:00:00+00:00, run_after=2023-08-28T00:00:00+00:00
[2023-08-28T13:38:47.162+0000] {processor.py:179} INFO - Processing /home/airflow/.local/lib/python3.7/site-packages/airflow/example_dags/example_branch_operator.py took 0.135 seconds
[2023-08-28T13:39:21.236+0000] {processor.py:157} INFO - Started process (PID=85468) to work on /home/airflow/.local/lib/python3.7/site-packages/airflow/example_dags/example_branch_operator.py
[2023-08-28T13:39:21.240+0000] {processor.py:826} INFO - Processing file /home/airflow/.local/lib/python3.7/site-packages/airflow/example_dags/example_branch_operator.py for tasks to queue
[2023-08-28T13:39:21.242+0000] {logging_mixin.py:149} INFO - [2023-08-28T13:39:21.242+0000] {dagbag.py:541} INFO - Filling up the DagBag from /home/airflow/.local/lib/python3.7/site-packages/airflow/example_dags/example_branch_operator.py
[2023-08-28T13:39:21.250+0000] {processor.py:836} INFO - DAG(s) dict_keys(['example_branch_operator']) retrieved from /home/airflow/.local/lib/python3.7/site-packages/airflow/example_dags/example_branch_operator.py
[2023-08-28T13:39:21.272+0000] {logging_mixin.py:149} INFO - [2023-08-28T13:39:21.272+0000] {dag.py:2726} INFO - Sync 1 DAGs
[2023-08-28T13:39:21.288+0000] {logging_mixin.py:149} INFO - [2023-08-28T13:39:21.288+0000] {dag.py:3490} INFO - Setting next_dagrun for example_branch_operator to 2023-08-27T00:00:00+00:00, run_after=2023-08-28T00:00:00+00:00
[2023-08-28T13:39:21.301+0000] {processor.py:179} INFO - Processing /home/airflow/.local/lib/python3.7/site-packages/airflow/example_dags/example_branch_operator.py took 0.069 seconds
[2023-08-28T13:39:55.298+0000] {processor.py:157} INFO - Started process (PID=85535) to work on /home/airflow/.local/lib/python3.7/site-packages/airflow/example_dags/example_branch_operator.py
[2023-08-28T13:39:55.299+0000] {processor.py:826} INFO - Processing file /home/airflow/.local/lib/python3.7/site-packages/airflow/example_dags/example_branch_operator.py for tasks to queue
[2023-08-28T13:39:55.299+0000] {logging_mixin.py:149} INFO - [2023-08-28T13:39:55.299+0000] {dagbag.py:541} INFO - Filling up the DagBag from /home/airflow/.local/lib/python3.7/site-packages/airflow/example_dags/example_branch_operator.py
[2023-08-28T13:39:55.306+0000] {processor.py:836} INFO - DAG(s) dict_keys(['example_branch_operator']) retrieved from /home/airflow/.local/lib/python3.7/site-packages/airflow/example_dags/example_branch_operator.py
[2023-08-28T13:39:55.332+0000] {logging_mixin.py:149} INFO - [2023-08-28T13:39:55.332+0000] {dag.py:2726} INFO - Sync 1 DAGs
[2023-08-28T13:39:55.349+0000] {logging_mixin.py:149} INFO - [2023-08-28T13:39:55.349+0000] {dag.py:3490} INFO - Setting next_dagrun for example_branch_operator to 2023-08-27T00:00:00+00:00, run_after=2023-08-28T00:00:00+00:00
[2023-08-28T13:39:55.364+0000] {processor.py:179} INFO - Processing /home/airflow/.local/lib/python3.7/site-packages/airflow/example_dags/example_branch_operator.py took 0.069 seconds
[2023-08-28T13:40:29.341+0000] {processor.py:157} INFO - Started process (PID=85602) to work on /home/airflow/.local/lib/python3.7/site-packages/airflow/example_dags/example_branch_operator.py
[2023-08-28T13:40:29.342+0000] {processor.py:826} INFO - Processing file /home/airflow/.local/lib/python3.7/site-packages/airflow/example_dags/example_branch_operator.py for tasks to queue
[2023-08-28T13:40:29.344+0000] {logging_mixin.py:149} INFO - [2023-08-28T13:40:29.344+0000] {dagbag.py:541} INFO - Filling up the DagBag from /home/airflow/.local/lib/python3.7/site-packages/airflow/example_dags/example_branch_operator.py
[2023-08-28T13:40:29.352+0000] {processor.py:836} INFO - DAG(s) dict_keys(['example_branch_operator']) retrieved from /home/airflow/.local/lib/python3.7/site-packages/airflow/example_dags/example_branch_operator.py
[2023-08-28T13:40:29.376+0000] {logging_mixin.py:149} INFO - [2023-08-28T13:40:29.376+0000] {dag.py:2726} INFO - Sync 1 DAGs
[2023-08-28T13:40:29.392+0000] {logging_mixin.py:149} INFO - [2023-08-28T13:40:29.392+0000] {dag.py:3490} INFO - Setting next_dagrun for example_branch_operator to 2023-08-27T00:00:00+00:00, run_after=2023-08-28T00:00:00+00:00
[2023-08-28T13:40:29.405+0000] {processor.py:179} INFO - Processing /home/airflow/.local/lib/python3.7/site-packages/airflow/example_dags/example_branch_operator.py took 0.068 seconds
[2023-08-28T13:41:03.333+0000] {processor.py:157} INFO - Started process (PID=85668) to work on /home/airflow/.local/lib/python3.7/site-packages/airflow/example_dags/example_branch_operator.py
[2023-08-28T13:41:03.334+0000] {processor.py:826} INFO - Processing file /home/airflow/.local/lib/python3.7/site-packages/airflow/example_dags/example_branch_operator.py for tasks to queue
[2023-08-28T13:41:03.334+0000] {logging_mixin.py:149} INFO - [2023-08-28T13:41:03.334+0000] {dagbag.py:541} INFO - Filling up the DagBag from /home/airflow/.local/lib/python3.7/site-packages/airflow/example_dags/example_branch_operator.py
[2023-08-28T13:41:03.342+0000] {processor.py:836} INFO - DAG(s) dict_keys(['example_branch_operator']) retrieved from /home/airflow/.local/lib/python3.7/site-packages/airflow/example_dags/example_branch_operator.py
[2023-08-28T13:41:03.363+0000] {logging_mixin.py:149} INFO - [2023-08-28T13:41:03.363+0000] {dag.py:2726} INFO - Sync 1 DAGs
[2023-08-28T13:41:03.378+0000] {logging_mixin.py:149} INFO - [2023-08-28T13:41:03.378+0000] {dag.py:3490} INFO - Setting next_dagrun for example_branch_operator to 2023-08-27T00:00:00+00:00, run_after=2023-08-28T00:00:00+00:00
[2023-08-28T13:41:03.390+0000] {processor.py:179} INFO - Processing /home/airflow/.local/lib/python3.7/site-packages/airflow/example_dags/example_branch_operator.py took 0.060 seconds
[2023-08-28T13:41:37.551+0000] {processor.py:157} INFO - Started process (PID=85735) to work on /home/airflow/.local/lib/python3.7/site-packages/airflow/example_dags/example_branch_operator.py
[2023-08-28T13:41:37.552+0000] {processor.py:826} INFO - Processing file /home/airflow/.local/lib/python3.7/site-packages/airflow/example_dags/example_branch_operator.py for tasks to queue
[2023-08-28T13:41:37.553+0000] {logging_mixin.py:149} INFO - [2023-08-28T13:41:37.553+0000] {dagbag.py:541} INFO - Filling up the DagBag from /home/airflow/.local/lib/python3.7/site-packages/airflow/example_dags/example_branch_operator.py
[2023-08-28T13:41:37.561+0000] {processor.py:836} INFO - DAG(s) dict_keys(['example_branch_operator']) retrieved from /home/airflow/.local/lib/python3.7/site-packages/airflow/example_dags/example_branch_operator.py
[2023-08-28T13:41:37.583+0000] {logging_mixin.py:149} INFO - [2023-08-28T13:41:37.583+0000] {dag.py:2726} INFO - Sync 1 DAGs
[2023-08-28T13:41:37.601+0000] {logging_mixin.py:149} INFO - [2023-08-28T13:41:37.601+0000] {dag.py:3490} INFO - Setting next_dagrun for example_branch_operator to 2023-08-27T00:00:00+00:00, run_after=2023-08-28T00:00:00+00:00
[2023-08-28T13:41:37.616+0000] {processor.py:179} INFO - Processing /home/airflow/.local/lib/python3.7/site-packages/airflow/example_dags/example_branch_operator.py took 0.068 seconds
[2023-08-28T13:42:11.478+0000] {processor.py:157} INFO - Started process (PID=85801) to work on /home/airflow/.local/lib/python3.7/site-packages/airflow/example_dags/example_branch_operator.py
[2023-08-28T13:42:11.479+0000] {processor.py:826} INFO - Processing file /home/airflow/.local/lib/python3.7/site-packages/airflow/example_dags/example_branch_operator.py for tasks to queue
[2023-08-28T13:42:11.480+0000] {logging_mixin.py:149} INFO - [2023-08-28T13:42:11.480+0000] {dagbag.py:541} INFO - Filling up the DagBag from /home/airflow/.local/lib/python3.7/site-packages/airflow/example_dags/example_branch_operator.py
[2023-08-28T13:42:11.487+0000] {processor.py:836} INFO - DAG(s) dict_keys(['example_branch_operator']) retrieved from /home/airflow/.local/lib/python3.7/site-packages/airflow/example_dags/example_branch_operator.py
[2023-08-28T13:42:11.509+0000] {logging_mixin.py:149} INFO - [2023-08-28T13:42:11.509+0000] {dag.py:2726} INFO - Sync 1 DAGs
[2023-08-28T13:42:11.525+0000] {logging_mixin.py:149} INFO - [2023-08-28T13:42:11.525+0000] {dag.py:3490} INFO - Setting next_dagrun for example_branch_operator to 2023-08-27T00:00:00+00:00, run_after=2023-08-28T00:00:00+00:00
[2023-08-28T13:42:11.538+0000] {processor.py:179} INFO - Processing /home/airflow/.local/lib/python3.7/site-packages/airflow/example_dags/example_branch_operator.py took 0.063 seconds
[2023-08-28T13:42:45.601+0000] {processor.py:157} INFO - Started process (PID=85867) to work on /home/airflow/.local/lib/python3.7/site-packages/airflow/example_dags/example_branch_operator.py
[2023-08-28T13:42:45.602+0000] {processor.py:826} INFO - Processing file /home/airflow/.local/lib/python3.7/site-packages/airflow/example_dags/example_branch_operator.py for tasks to queue
[2023-08-28T13:42:45.603+0000] {logging_mixin.py:149} INFO - [2023-08-28T13:42:45.603+0000] {dagbag.py:541} INFO - Filling up the DagBag from /home/airflow/.local/lib/python3.7/site-packages/airflow/example_dags/example_branch_operator.py
[2023-08-28T13:42:45.611+0000] {processor.py:836} INFO - DAG(s) dict_keys(['example_branch_operator']) retrieved from /home/airflow/.local/lib/python3.7/site-packages/airflow/example_dags/example_branch_operator.py
[2023-08-28T13:42:45.644+0000] {logging_mixin.py:149} INFO - [2023-08-28T13:42:45.644+0000] {dag.py:2726} INFO - Sync 1 DAGs
[2023-08-28T13:42:45.660+0000] {logging_mixin.py:149} INFO - [2023-08-28T13:42:45.660+0000] {dag.py:3490} INFO - Setting next_dagrun for example_branch_operator to 2023-08-27T00:00:00+00:00, run_after=2023-08-28T00:00:00+00:00
[2023-08-28T13:42:45.671+0000] {processor.py:179} INFO - Processing /home/airflow/.local/lib/python3.7/site-packages/airflow/example_dags/example_branch_operator.py took 0.072 seconds
[2023-08-28T13:43:19.634+0000] {processor.py:157} INFO - Started process (PID=85940) to work on /home/airflow/.local/lib/python3.7/site-packages/airflow/example_dags/example_branch_operator.py
[2023-08-28T13:43:19.635+0000] {processor.py:826} INFO - Processing file /home/airflow/.local/lib/python3.7/site-packages/airflow/example_dags/example_branch_operator.py for tasks to queue
[2023-08-28T13:43:19.636+0000] {logging_mixin.py:149} INFO - [2023-08-28T13:43:19.636+0000] {dagbag.py:541} INFO - Filling up the DagBag from /home/airflow/.local/lib/python3.7/site-packages/airflow/example_dags/example_branch_operator.py
[2023-08-28T13:43:19.644+0000] {processor.py:836} INFO - DAG(s) dict_keys(['example_branch_operator']) retrieved from /home/airflow/.local/lib/python3.7/site-packages/airflow/example_dags/example_branch_operator.py
[2023-08-28T13:43:19.667+0000] {logging_mixin.py:149} INFO - [2023-08-28T13:43:19.667+0000] {dag.py:2726} INFO - Sync 1 DAGs
[2023-08-28T13:43:19.685+0000] {logging_mixin.py:149} INFO - [2023-08-28T13:43:19.685+0000] {dag.py:3490} INFO - Setting next_dagrun for example_branch_operator to 2023-08-27T00:00:00+00:00, run_after=2023-08-28T00:00:00+00:00
[2023-08-28T13:43:19.698+0000] {processor.py:179} INFO - Processing /home/airflow/.local/lib/python3.7/site-packages/airflow/example_dags/example_branch_operator.py took 0.066 seconds
[2023-08-28T13:43:53.629+0000] {processor.py:157} INFO - Started process (PID=86006) to work on /home/airflow/.local/lib/python3.7/site-packages/airflow/example_dags/example_branch_operator.py
[2023-08-28T13:43:53.630+0000] {processor.py:826} INFO - Processing file /home/airflow/.local/lib/python3.7/site-packages/airflow/example_dags/example_branch_operator.py for tasks to queue
[2023-08-28T13:43:53.631+0000] {logging_mixin.py:149} INFO - [2023-08-28T13:43:53.630+0000] {dagbag.py:541} INFO - Filling up the DagBag from /home/airflow/.local/lib/python3.7/site-packages/airflow/example_dags/example_branch_operator.py
[2023-08-28T13:43:53.637+0000] {processor.py:836} INFO - DAG(s) dict_keys(['example_branch_operator']) retrieved from /home/airflow/.local/lib/python3.7/site-packages/airflow/example_dags/example_branch_operator.py
[2023-08-28T13:43:53.659+0000] {logging_mixin.py:149} INFO - [2023-08-28T13:43:53.659+0000] {dag.py:2726} INFO - Sync 1 DAGs
[2023-08-28T13:43:53.675+0000] {logging_mixin.py:149} INFO - [2023-08-28T13:43:53.675+0000] {dag.py:3490} INFO - Setting next_dagrun for example_branch_operator to 2023-08-27T00:00:00+00:00, run_after=2023-08-28T00:00:00+00:00
[2023-08-28T13:43:53.690+0000] {processor.py:179} INFO - Processing /home/airflow/.local/lib/python3.7/site-packages/airflow/example_dags/example_branch_operator.py took 0.064 seconds
[2023-08-28T13:44:27.739+0000] {processor.py:157} INFO - Started process (PID=86073) to work on /home/airflow/.local/lib/python3.7/site-packages/airflow/example_dags/example_branch_operator.py
[2023-08-28T13:44:27.740+0000] {processor.py:826} INFO - Processing file /home/airflow/.local/lib/python3.7/site-packages/airflow/example_dags/example_branch_operator.py for tasks to queue
[2023-08-28T13:44:27.740+0000] {logging_mixin.py:149} INFO - [2023-08-28T13:44:27.740+0000] {dagbag.py:541} INFO - Filling up the DagBag from /home/airflow/.local/lib/python3.7/site-packages/airflow/example_dags/example_branch_operator.py
[2023-08-28T13:44:27.747+0000] {processor.py:836} INFO - DAG(s) dict_keys(['example_branch_operator']) retrieved from /home/airflow/.local/lib/python3.7/site-packages/airflow/example_dags/example_branch_operator.py
[2023-08-28T13:44:27.768+0000] {logging_mixin.py:149} INFO - [2023-08-28T13:44:27.768+0000] {dag.py:2726} INFO - Sync 1 DAGs
[2023-08-28T13:44:27.784+0000] {logging_mixin.py:149} INFO - [2023-08-28T13:44:27.784+0000] {dag.py:3490} INFO - Setting next_dagrun for example_branch_operator to 2023-08-27T00:00:00+00:00, run_after=2023-08-28T00:00:00+00:00
[2023-08-28T13:44:27.796+0000] {processor.py:179} INFO - Processing /home/airflow/.local/lib/python3.7/site-packages/airflow/example_dags/example_branch_operator.py took 0.060 seconds
[2023-08-28T13:45:01.656+0000] {processor.py:157} INFO - Started process (PID=86139) to work on /home/airflow/.local/lib/python3.7/site-packages/airflow/example_dags/example_branch_operator.py
[2023-08-28T13:45:01.663+0000] {processor.py:826} INFO - Processing file /home/airflow/.local/lib/python3.7/site-packages/airflow/example_dags/example_branch_operator.py for tasks to queue
[2023-08-28T13:45:01.666+0000] {logging_mixin.py:149} INFO - [2023-08-28T13:45:01.666+0000] {dagbag.py:541} INFO - Filling up the DagBag from /home/airflow/.local/lib/python3.7/site-packages/airflow/example_dags/example_branch_operator.py
[2023-08-28T13:45:01.680+0000] {processor.py:836} INFO - DAG(s) dict_keys(['example_branch_operator']) retrieved from /home/airflow/.local/lib/python3.7/site-packages/airflow/example_dags/example_branch_operator.py
[2023-08-28T13:45:01.719+0000] {logging_mixin.py:149} INFO - [2023-08-28T13:45:01.719+0000] {dag.py:2726} INFO - Sync 1 DAGs
[2023-08-28T13:45:01.740+0000] {logging_mixin.py:149} INFO - [2023-08-28T13:45:01.740+0000] {dag.py:3490} INFO - Setting next_dagrun for example_branch_operator to 2023-08-27T00:00:00+00:00, run_after=2023-08-28T00:00:00+00:00
[2023-08-28T13:45:01.764+0000] {processor.py:179} INFO - Processing /home/airflow/.local/lib/python3.7/site-packages/airflow/example_dags/example_branch_operator.py took 0.110 seconds
[2023-08-28T13:45:35.880+0000] {processor.py:157} INFO - Started process (PID=86205) to work on /home/airflow/.local/lib/python3.7/site-packages/airflow/example_dags/example_branch_operator.py
[2023-08-28T13:45:35.881+0000] {processor.py:826} INFO - Processing file /home/airflow/.local/lib/python3.7/site-packages/airflow/example_dags/example_branch_operator.py for tasks to queue
[2023-08-28T13:45:35.882+0000] {logging_mixin.py:149} INFO - [2023-08-28T13:45:35.882+0000] {dagbag.py:541} INFO - Filling up the DagBag from /home/airflow/.local/lib/python3.7/site-packages/airflow/example_dags/example_branch_operator.py
[2023-08-28T13:45:35.890+0000] {processor.py:836} INFO - DAG(s) dict_keys(['example_branch_operator']) retrieved from /home/airflow/.local/lib/python3.7/site-packages/airflow/example_dags/example_branch_operator.py
[2023-08-28T13:45:35.911+0000] {logging_mixin.py:149} INFO - [2023-08-28T13:45:35.911+0000] {dag.py:2726} INFO - Sync 1 DAGs
[2023-08-28T13:45:35.927+0000] {logging_mixin.py:149} INFO - [2023-08-28T13:45:35.927+0000] {dag.py:3490} INFO - Setting next_dagrun for example_branch_operator to 2023-08-27T00:00:00+00:00, run_after=2023-08-28T00:00:00+00:00
[2023-08-28T13:45:35.939+0000] {processor.py:179} INFO - Processing /home/airflow/.local/lib/python3.7/site-packages/airflow/example_dags/example_branch_operator.py took 0.062 seconds
[2023-08-28T13:46:09.981+0000] {processor.py:157} INFO - Started process (PID=86271) to work on /home/airflow/.local/lib/python3.7/site-packages/airflow/example_dags/example_branch_operator.py
[2023-08-28T13:46:09.982+0000] {processor.py:826} INFO - Processing file /home/airflow/.local/lib/python3.7/site-packages/airflow/example_dags/example_branch_operator.py for tasks to queue
[2023-08-28T13:46:09.983+0000] {logging_mixin.py:149} INFO - [2023-08-28T13:46:09.983+0000] {dagbag.py:541} INFO - Filling up the DagBag from /home/airflow/.local/lib/python3.7/site-packages/airflow/example_dags/example_branch_operator.py
[2023-08-28T13:46:09.989+0000] {processor.py:836} INFO - DAG(s) dict_keys(['example_branch_operator']) retrieved from /home/airflow/.local/lib/python3.7/site-packages/airflow/example_dags/example_branch_operator.py
[2023-08-28T13:46:10.011+0000] {logging_mixin.py:149} INFO - [2023-08-28T13:46:10.011+0000] {dag.py:2726} INFO - Sync 1 DAGs
[2023-08-28T13:46:10.028+0000] {logging_mixin.py:149} INFO - [2023-08-28T13:46:10.028+0000] {dag.py:3490} INFO - Setting next_dagrun for example_branch_operator to 2023-08-27T00:00:00+00:00, run_after=2023-08-28T00:00:00+00:00
[2023-08-28T13:46:10.039+0000] {processor.py:179} INFO - Processing /home/airflow/.local/lib/python3.7/site-packages/airflow/example_dags/example_branch_operator.py took 0.060 seconds
[2023-08-28T13:46:44.155+0000] {processor.py:157} INFO - Started process (PID=86336) to work on /home/airflow/.local/lib/python3.7/site-packages/airflow/example_dags/example_branch_operator.py
[2023-08-28T13:46:44.156+0000] {processor.py:826} INFO - Processing file /home/airflow/.local/lib/python3.7/site-packages/airflow/example_dags/example_branch_operator.py for tasks to queue
[2023-08-28T13:46:44.157+0000] {logging_mixin.py:149} INFO - [2023-08-28T13:46:44.157+0000] {dagbag.py:541} INFO - Filling up the DagBag from /home/airflow/.local/lib/python3.7/site-packages/airflow/example_dags/example_branch_operator.py
[2023-08-28T13:46:44.169+0000] {processor.py:836} INFO - DAG(s) dict_keys(['example_branch_operator']) retrieved from /home/airflow/.local/lib/python3.7/site-packages/airflow/example_dags/example_branch_operator.py
[2023-08-28T13:46:44.192+0000] {logging_mixin.py:149} INFO - [2023-08-28T13:46:44.191+0000] {dag.py:2726} INFO - Sync 1 DAGs
[2023-08-28T13:46:44.208+0000] {logging_mixin.py:149} INFO - [2023-08-28T13:46:44.208+0000] {dag.py:3490} INFO - Setting next_dagrun for example_branch_operator to 2023-08-27T00:00:00+00:00, run_after=2023-08-28T00:00:00+00:00
[2023-08-28T13:46:44.220+0000] {processor.py:179} INFO - Processing /home/airflow/.local/lib/python3.7/site-packages/airflow/example_dags/example_branch_operator.py took 0.068 seconds
[2023-08-28T13:47:18.326+0000] {processor.py:157} INFO - Started process (PID=86410) to work on /home/airflow/.local/lib/python3.7/site-packages/airflow/example_dags/example_branch_operator.py
[2023-08-28T13:47:18.328+0000] {processor.py:826} INFO - Processing file /home/airflow/.local/lib/python3.7/site-packages/airflow/example_dags/example_branch_operator.py for tasks to queue
[2023-08-28T13:47:18.328+0000] {logging_mixin.py:149} INFO - [2023-08-28T13:47:18.328+0000] {dagbag.py:541} INFO - Filling up the DagBag from /home/airflow/.local/lib/python3.7/site-packages/airflow/example_dags/example_branch_operator.py
[2023-08-28T13:47:18.339+0000] {processor.py:836} INFO - DAG(s) dict_keys(['example_branch_operator']) retrieved from /home/airflow/.local/lib/python3.7/site-packages/airflow/example_dags/example_branch_operator.py
[2023-08-28T13:47:18.379+0000] {logging_mixin.py:149} INFO - [2023-08-28T13:47:18.379+0000] {dag.py:2726} INFO - Sync 1 DAGs
[2023-08-28T13:47:18.418+0000] {logging_mixin.py:149} INFO - [2023-08-28T13:47:18.417+0000] {dag.py:3490} INFO - Setting next_dagrun for example_branch_operator to 2023-08-27T00:00:00+00:00, run_after=2023-08-28T00:00:00+00:00
[2023-08-28T13:47:18.470+0000] {processor.py:179} INFO - Processing /home/airflow/.local/lib/python3.7/site-packages/airflow/example_dags/example_branch_operator.py took 0.151 seconds
[2023-08-28T13:47:52.388+0000] {processor.py:157} INFO - Started process (PID=86476) to work on /home/airflow/.local/lib/python3.7/site-packages/airflow/example_dags/example_branch_operator.py
[2023-08-28T13:47:52.396+0000] {processor.py:826} INFO - Processing file /home/airflow/.local/lib/python3.7/site-packages/airflow/example_dags/example_branch_operator.py for tasks to queue
[2023-08-28T13:47:52.397+0000] {logging_mixin.py:149} INFO - [2023-08-28T13:47:52.397+0000] {dagbag.py:541} INFO - Filling up the DagBag from /home/airflow/.local/lib/python3.7/site-packages/airflow/example_dags/example_branch_operator.py
[2023-08-28T13:47:52.405+0000] {processor.py:836} INFO - DAG(s) dict_keys(['example_branch_operator']) retrieved from /home/airflow/.local/lib/python3.7/site-packages/airflow/example_dags/example_branch_operator.py
[2023-08-28T13:47:52.426+0000] {logging_mixin.py:149} INFO - [2023-08-28T13:47:52.426+0000] {dag.py:2726} INFO - Sync 1 DAGs
[2023-08-28T13:47:52.443+0000] {logging_mixin.py:149} INFO - [2023-08-28T13:47:52.443+0000] {dag.py:3490} INFO - Setting next_dagrun for example_branch_operator to 2023-08-27T00:00:00+00:00, run_after=2023-08-28T00:00:00+00:00
[2023-08-28T13:47:52.456+0000] {processor.py:179} INFO - Processing /home/airflow/.local/lib/python3.7/site-packages/airflow/example_dags/example_branch_operator.py took 0.070 seconds
[2023-08-28T13:48:26.000+0000] {processor.py:157} INFO - Started process (PID=86542) to work on /home/airflow/.local/lib/python3.7/site-packages/airflow/example_dags/example_branch_operator.py
[2023-08-28T13:48:26.001+0000] {processor.py:826} INFO - Processing file /home/airflow/.local/lib/python3.7/site-packages/airflow/example_dags/example_branch_operator.py for tasks to queue
[2023-08-28T13:48:26.002+0000] {logging_mixin.py:149} INFO - [2023-08-28T13:48:26.002+0000] {dagbag.py:541} INFO - Filling up the DagBag from /home/airflow/.local/lib/python3.7/site-packages/airflow/example_dags/example_branch_operator.py
[2023-08-28T13:48:26.008+0000] {processor.py:836} INFO - DAG(s) dict_keys(['example_branch_operator']) retrieved from /home/airflow/.local/lib/python3.7/site-packages/airflow/example_dags/example_branch_operator.py
[2023-08-28T13:48:26.029+0000] {logging_mixin.py:149} INFO - [2023-08-28T13:48:26.029+0000] {dag.py:2726} INFO - Sync 1 DAGs
[2023-08-28T13:48:26.045+0000] {logging_mixin.py:149} INFO - [2023-08-28T13:48:26.045+0000] {dag.py:3490} INFO - Setting next_dagrun for example_branch_operator to 2023-08-27T00:00:00+00:00, run_after=2023-08-28T00:00:00+00:00
[2023-08-28T13:48:26.056+0000] {processor.py:179} INFO - Processing /home/airflow/.local/lib/python3.7/site-packages/airflow/example_dags/example_branch_operator.py took 0.058 seconds
[2023-08-28T13:48:59.185+0000] {processor.py:157} INFO - Started process (PID=86608) to work on /home/airflow/.local/lib/python3.7/site-packages/airflow/example_dags/example_branch_operator.py
[2023-08-28T13:48:59.186+0000] {processor.py:826} INFO - Processing file /home/airflow/.local/lib/python3.7/site-packages/airflow/example_dags/example_branch_operator.py for tasks to queue
[2023-08-28T13:48:59.186+0000] {logging_mixin.py:149} INFO - [2023-08-28T13:48:59.186+0000] {dagbag.py:541} INFO - Filling up the DagBag from /home/airflow/.local/lib/python3.7/site-packages/airflow/example_dags/example_branch_operator.py
[2023-08-28T13:48:59.193+0000] {processor.py:836} INFO - DAG(s) dict_keys(['example_branch_operator']) retrieved from /home/airflow/.local/lib/python3.7/site-packages/airflow/example_dags/example_branch_operator.py
[2023-08-28T13:48:59.214+0000] {logging_mixin.py:149} INFO - [2023-08-28T13:48:59.214+0000] {dag.py:2726} INFO - Sync 1 DAGs
[2023-08-28T13:48:59.231+0000] {logging_mixin.py:149} INFO - [2023-08-28T13:48:59.231+0000] {dag.py:3490} INFO - Setting next_dagrun for example_branch_operator to 2023-08-27T00:00:00+00:00, run_after=2023-08-28T00:00:00+00:00
[2023-08-28T13:48:59.242+0000] {processor.py:179} INFO - Processing /home/airflow/.local/lib/python3.7/site-packages/airflow/example_dags/example_branch_operator.py took 0.060 seconds
[2023-08-28T13:49:32.986+0000] {processor.py:157} INFO - Started process (PID=86674) to work on /home/airflow/.local/lib/python3.7/site-packages/airflow/example_dags/example_branch_operator.py
[2023-08-28T13:49:32.987+0000] {processor.py:826} INFO - Processing file /home/airflow/.local/lib/python3.7/site-packages/airflow/example_dags/example_branch_operator.py for tasks to queue
[2023-08-28T13:49:32.988+0000] {logging_mixin.py:149} INFO - [2023-08-28T13:49:32.988+0000] {dagbag.py:541} INFO - Filling up the DagBag from /home/airflow/.local/lib/python3.7/site-packages/airflow/example_dags/example_branch_operator.py
[2023-08-28T13:49:32.995+0000] {processor.py:836} INFO - DAG(s) dict_keys(['example_branch_operator']) retrieved from /home/airflow/.local/lib/python3.7/site-packages/airflow/example_dags/example_branch_operator.py
[2023-08-28T13:49:33.025+0000] {logging_mixin.py:149} INFO - [2023-08-28T13:49:33.024+0000] {dag.py:2726} INFO - Sync 1 DAGs
[2023-08-28T13:49:33.041+0000] {logging_mixin.py:149} INFO - [2023-08-28T13:49:33.041+0000] {dag.py:3490} INFO - Setting next_dagrun for example_branch_operator to 2023-08-27T00:00:00+00:00, run_after=2023-08-28T00:00:00+00:00
[2023-08-28T13:49:33.053+0000] {processor.py:179} INFO - Processing /home/airflow/.local/lib/python3.7/site-packages/airflow/example_dags/example_branch_operator.py took 0.073 seconds
[2023-08-28T15:39:12.590+0000] {processor.py:157} INFO - Started process (PID=86733) to work on /home/airflow/.local/lib/python3.7/site-packages/airflow/example_dags/example_branch_operator.py
[2023-08-28T15:39:12.595+0000] {processor.py:826} INFO - Processing file /home/airflow/.local/lib/python3.7/site-packages/airflow/example_dags/example_branch_operator.py for tasks to queue
[2023-08-28T15:39:12.596+0000] {logging_mixin.py:149} INFO - [2023-08-28T15:39:12.596+0000] {dagbag.py:541} INFO - Filling up the DagBag from /home/airflow/.local/lib/python3.7/site-packages/airflow/example_dags/example_branch_operator.py
[2023-08-28T15:39:12.608+0000] {processor.py:836} INFO - DAG(s) dict_keys(['example_branch_operator']) retrieved from /home/airflow/.local/lib/python3.7/site-packages/airflow/example_dags/example_branch_operator.py
[2023-08-28T15:39:12.633+0000] {logging_mixin.py:149} INFO - [2023-08-28T15:39:12.633+0000] {dag.py:2726} INFO - Sync 1 DAGs
[2023-08-28T15:39:12.649+0000] {logging_mixin.py:149} INFO - [2023-08-28T15:39:12.649+0000] {dag.py:3490} INFO - Setting next_dagrun for example_branch_operator to 2023-08-27T00:00:00+00:00, run_after=2023-08-28T00:00:00+00:00
[2023-08-28T15:39:12.660+0000] {processor.py:179} INFO - Processing /home/airflow/.local/lib/python3.7/site-packages/airflow/example_dags/example_branch_operator.py took 0.076 seconds
[2023-08-28T16:02:18.348+0000] {processor.py:157} INFO - Started process (PID=86773) to work on /home/airflow/.local/lib/python3.7/site-packages/airflow/example_dags/example_branch_operator.py
[2023-08-28T16:02:18.350+0000] {processor.py:826} INFO - Processing file /home/airflow/.local/lib/python3.7/site-packages/airflow/example_dags/example_branch_operator.py for tasks to queue
[2023-08-28T16:02:18.350+0000] {logging_mixin.py:149} INFO - [2023-08-28T16:02:18.350+0000] {dagbag.py:541} INFO - Filling up the DagBag from /home/airflow/.local/lib/python3.7/site-packages/airflow/example_dags/example_branch_operator.py
[2023-08-28T16:02:18.358+0000] {processor.py:836} INFO - DAG(s) dict_keys(['example_branch_operator']) retrieved from /home/airflow/.local/lib/python3.7/site-packages/airflow/example_dags/example_branch_operator.py
[2023-08-28T16:02:18.379+0000] {logging_mixin.py:149} INFO - [2023-08-28T16:02:18.379+0000] {dag.py:2726} INFO - Sync 1 DAGs
[2023-08-28T16:02:18.394+0000] {logging_mixin.py:149} INFO - [2023-08-28T16:02:18.394+0000] {dag.py:3490} INFO - Setting next_dagrun for example_branch_operator to 2023-08-27T00:00:00+00:00, run_after=2023-08-28T00:00:00+00:00
[2023-08-28T16:02:18.411+0000] {processor.py:179} INFO - Processing /home/airflow/.local/lib/python3.7/site-packages/airflow/example_dags/example_branch_operator.py took 0.066 seconds
[2023-08-28T19:42:47.184+0000] {processor.py:157} INFO - Started process (PID=86839) to work on /home/airflow/.local/lib/python3.7/site-packages/airflow/example_dags/example_branch_operator.py
[2023-08-28T19:42:47.185+0000] {processor.py:826} INFO - Processing file /home/airflow/.local/lib/python3.7/site-packages/airflow/example_dags/example_branch_operator.py for tasks to queue
[2023-08-28T19:42:47.185+0000] {logging_mixin.py:149} INFO - [2023-08-28T19:42:47.185+0000] {dagbag.py:541} INFO - Filling up the DagBag from /home/airflow/.local/lib/python3.7/site-packages/airflow/example_dags/example_branch_operator.py
[2023-08-28T19:42:47.193+0000] {processor.py:836} INFO - DAG(s) dict_keys(['example_branch_operator']) retrieved from /home/airflow/.local/lib/python3.7/site-packages/airflow/example_dags/example_branch_operator.py
[2023-08-28T19:42:47.217+0000] {logging_mixin.py:149} INFO - [2023-08-28T19:42:47.217+0000] {dag.py:2726} INFO - Sync 1 DAGs
[2023-08-28T19:42:47.235+0000] {logging_mixin.py:149} INFO - [2023-08-28T19:42:47.235+0000] {dag.py:3490} INFO - Setting next_dagrun for example_branch_operator to 2023-08-27T00:00:00+00:00, run_after=2023-08-28T00:00:00+00:00
[2023-08-28T19:42:47.262+0000] {processor.py:179} INFO - Processing /home/airflow/.local/lib/python3.7/site-packages/airflow/example_dags/example_branch_operator.py took 0.081 seconds
[2023-08-28T21:57:40.262+0000] {processor.py:157} INFO - Started process (PID=86905) to work on /home/airflow/.local/lib/python3.7/site-packages/airflow/example_dags/example_branch_operator.py
[2023-08-28T21:57:40.263+0000] {processor.py:826} INFO - Processing file /home/airflow/.local/lib/python3.7/site-packages/airflow/example_dags/example_branch_operator.py for tasks to queue
[2023-08-28T21:57:40.263+0000] {logging_mixin.py:149} INFO - [2023-08-28T21:57:40.263+0000] {dagbag.py:541} INFO - Filling up the DagBag from /home/airflow/.local/lib/python3.7/site-packages/airflow/example_dags/example_branch_operator.py
[2023-08-28T21:57:40.276+0000] {processor.py:836} INFO - DAG(s) dict_keys(['example_branch_operator']) retrieved from /home/airflow/.local/lib/python3.7/site-packages/airflow/example_dags/example_branch_operator.py
[2023-08-28T21:57:40.302+0000] {logging_mixin.py:149} INFO - [2023-08-28T21:57:40.302+0000] {dag.py:2726} INFO - Sync 1 DAGs
[2023-08-28T21:57:40.325+0000] {logging_mixin.py:149} INFO - [2023-08-28T21:57:40.325+0000] {dag.py:3490} INFO - Setting next_dagrun for example_branch_operator to 2023-08-27T00:00:00+00:00, run_after=2023-08-28T00:00:00+00:00
[2023-08-28T21:57:40.346+0000] {processor.py:179} INFO - Processing /home/airflow/.local/lib/python3.7/site-packages/airflow/example_dags/example_branch_operator.py took 0.088 seconds
