[2023-08-28T01:05:01.358+0000] {processor.py:157} INFO - Started process (PID=83781) to work on /home/airflow/.local/lib/python3.7/site-packages/airflow/example_dags/example_dag_decorator.py
[2023-08-28T01:05:01.359+0000] {processor.py:826} INFO - Processing file /home/airflow/.local/lib/python3.7/site-packages/airflow/example_dags/example_dag_decorator.py for tasks to queue
[2023-08-28T01:05:01.359+0000] {logging_mixin.py:149} INFO - [2023-08-28T01:05:01.359+0000] {dagbag.py:541} INFO - Filling up the DagBag from /home/airflow/.local/lib/python3.7/site-packages/airflow/example_dags/example_dag_decorator.py
[2023-08-28T01:05:01.365+0000] {logging_mixin.py:149} INFO - [2023-08-28T01:05:01.365+0000] {taskmixin.py:211} WARNING - Dependency <Task(_PythonDecoratedOperator): prepare_email>, send_email already registered for DAG: example_dag_decorator
[2023-08-28T01:05:01.365+0000] {logging_mixin.py:149} INFO - [2023-08-28T01:05:01.365+0000] {taskmixin.py:211} WARNING - Dependency <Task(EmailOperator): send_email>, prepare_email already registered for DAG: example_dag_decorator
[2023-08-28T01:05:01.371+0000] {processor.py:836} INFO - DAG(s) dict_keys(['example_dag_decorator']) retrieved from /home/airflow/.local/lib/python3.7/site-packages/airflow/example_dags/example_dag_decorator.py
[2023-08-28T01:05:01.410+0000] {logging_mixin.py:149} INFO - [2023-08-28T01:05:01.410+0000] {dag.py:2726} INFO - Sync 1 DAGs
[2023-08-28T01:05:01.422+0000] {logging_mixin.py:149} INFO - [2023-08-28T01:05:01.422+0000] {dag.py:3490} INFO - Setting next_dagrun for example_dag_decorator to None, run_after=None
[2023-08-28T01:05:01.433+0000] {processor.py:179} INFO - Processing /home/airflow/.local/lib/python3.7/site-packages/airflow/example_dags/example_dag_decorator.py took 0.078 seconds
[2023-08-28T01:44:02.564+0000] {processor.py:157} INFO - Started process (PID=83846) to work on /home/airflow/.local/lib/python3.7/site-packages/airflow/example_dags/example_dag_decorator.py
[2023-08-28T01:44:02.566+0000] {processor.py:826} INFO - Processing file /home/airflow/.local/lib/python3.7/site-packages/airflow/example_dags/example_dag_decorator.py for tasks to queue
[2023-08-28T01:44:02.567+0000] {logging_mixin.py:149} INFO - [2023-08-28T01:44:02.566+0000] {dagbag.py:541} INFO - Filling up the DagBag from /home/airflow/.local/lib/python3.7/site-packages/airflow/example_dags/example_dag_decorator.py
[2023-08-28T01:44:02.574+0000] {logging_mixin.py:149} INFO - [2023-08-28T01:44:02.573+0000] {taskmixin.py:211} WARNING - Dependency <Task(_PythonDecoratedOperator): prepare_email>, send_email already registered for DAG: example_dag_decorator
[2023-08-28T01:44:02.574+0000] {logging_mixin.py:149} INFO - [2023-08-28T01:44:02.574+0000] {taskmixin.py:211} WARNING - Dependency <Task(EmailOperator): send_email>, prepare_email already registered for DAG: example_dag_decorator
[2023-08-28T01:44:02.582+0000] {processor.py:836} INFO - DAG(s) dict_keys(['example_dag_decorator']) retrieved from /home/airflow/.local/lib/python3.7/site-packages/airflow/example_dags/example_dag_decorator.py
[2023-08-28T01:44:02.627+0000] {logging_mixin.py:149} INFO - [2023-08-28T01:44:02.627+0000] {dag.py:2726} INFO - Sync 1 DAGs
[2023-08-28T01:44:02.642+0000] {logging_mixin.py:149} INFO - [2023-08-28T01:44:02.642+0000] {dag.py:3490} INFO - Setting next_dagrun for example_dag_decorator to None, run_after=None
[2023-08-28T01:44:02.656+0000] {processor.py:179} INFO - Processing /home/airflow/.local/lib/python3.7/site-packages/airflow/example_dags/example_dag_decorator.py took 0.094 seconds
[2023-08-28T05:22:00.831+0000] {processor.py:157} INFO - Started process (PID=83912) to work on /home/airflow/.local/lib/python3.7/site-packages/airflow/example_dags/example_dag_decorator.py
[2023-08-28T05:22:00.833+0000] {processor.py:826} INFO - Processing file /home/airflow/.local/lib/python3.7/site-packages/airflow/example_dags/example_dag_decorator.py for tasks to queue
[2023-08-28T05:22:00.839+0000] {logging_mixin.py:149} INFO - [2023-08-28T05:22:00.839+0000] {dagbag.py:541} INFO - Filling up the DagBag from /home/airflow/.local/lib/python3.7/site-packages/airflow/example_dags/example_dag_decorator.py
[2023-08-28T05:22:00.845+0000] {logging_mixin.py:149} INFO - [2023-08-28T05:22:00.845+0000] {taskmixin.py:211} WARNING - Dependency <Task(_PythonDecoratedOperator): prepare_email>, send_email already registered for DAG: example_dag_decorator
[2023-08-28T05:22:00.846+0000] {logging_mixin.py:149} INFO - [2023-08-28T05:22:00.846+0000] {taskmixin.py:211} WARNING - Dependency <Task(EmailOperator): send_email>, prepare_email already registered for DAG: example_dag_decorator
[2023-08-28T05:22:00.852+0000] {processor.py:836} INFO - DAG(s) dict_keys(['example_dag_decorator']) retrieved from /home/airflow/.local/lib/python3.7/site-packages/airflow/example_dags/example_dag_decorator.py
[2023-08-28T05:22:00.897+0000] {logging_mixin.py:149} INFO - [2023-08-28T05:22:00.897+0000] {dag.py:2726} INFO - Sync 1 DAGs
[2023-08-28T05:22:00.913+0000] {logging_mixin.py:149} INFO - [2023-08-28T05:22:00.913+0000] {dag.py:3490} INFO - Setting next_dagrun for example_dag_decorator to None, run_after=None
[2023-08-28T05:22:00.924+0000] {processor.py:179} INFO - Processing /home/airflow/.local/lib/python3.7/site-packages/airflow/example_dags/example_dag_decorator.py took 0.096 seconds
[2023-08-28T07:45:45.924+0000] {processor.py:157} INFO - Started process (PID=83979) to work on /home/airflow/.local/lib/python3.7/site-packages/airflow/example_dags/example_dag_decorator.py
[2023-08-28T07:45:45.926+0000] {processor.py:826} INFO - Processing file /home/airflow/.local/lib/python3.7/site-packages/airflow/example_dags/example_dag_decorator.py for tasks to queue
[2023-08-28T07:45:45.927+0000] {logging_mixin.py:149} INFO - [2023-08-28T07:45:45.927+0000] {dagbag.py:541} INFO - Filling up the DagBag from /home/airflow/.local/lib/python3.7/site-packages/airflow/example_dags/example_dag_decorator.py
[2023-08-28T07:45:45.933+0000] {logging_mixin.py:149} INFO - [2023-08-28T07:45:45.933+0000] {taskmixin.py:211} WARNING - Dependency <Task(_PythonDecoratedOperator): prepare_email>, send_email already registered for DAG: example_dag_decorator
[2023-08-28T07:45:45.933+0000] {logging_mixin.py:149} INFO - [2023-08-28T07:45:45.933+0000] {taskmixin.py:211} WARNING - Dependency <Task(EmailOperator): send_email>, prepare_email already registered for DAG: example_dag_decorator
[2023-08-28T07:45:45.941+0000] {processor.py:836} INFO - DAG(s) dict_keys(['example_dag_decorator']) retrieved from /home/airflow/.local/lib/python3.7/site-packages/airflow/example_dags/example_dag_decorator.py
[2023-08-28T07:45:45.990+0000] {logging_mixin.py:149} INFO - [2023-08-28T07:45:45.990+0000] {dag.py:2726} INFO - Sync 1 DAGs
[2023-08-28T07:45:46.005+0000] {logging_mixin.py:149} INFO - [2023-08-28T07:45:46.005+0000] {dag.py:3490} INFO - Setting next_dagrun for example_dag_decorator to None, run_after=None
[2023-08-28T07:45:46.018+0000] {processor.py:179} INFO - Processing /home/airflow/.local/lib/python3.7/site-packages/airflow/example_dags/example_dag_decorator.py took 0.097 seconds
[2023-08-28T10:16:20.898+0000] {processor.py:157} INFO - Started process (PID=84044) to work on /home/airflow/.local/lib/python3.7/site-packages/airflow/example_dags/example_dag_decorator.py
[2023-08-28T10:16:20.905+0000] {processor.py:826} INFO - Processing file /home/airflow/.local/lib/python3.7/site-packages/airflow/example_dags/example_dag_decorator.py for tasks to queue
[2023-08-28T10:16:20.906+0000] {logging_mixin.py:149} INFO - [2023-08-28T10:16:20.906+0000] {dagbag.py:541} INFO - Filling up the DagBag from /home/airflow/.local/lib/python3.7/site-packages/airflow/example_dags/example_dag_decorator.py
[2023-08-28T10:16:20.911+0000] {logging_mixin.py:149} INFO - [2023-08-28T10:16:20.911+0000] {taskmixin.py:211} WARNING - Dependency <Task(_PythonDecoratedOperator): prepare_email>, send_email already registered for DAG: example_dag_decorator
[2023-08-28T10:16:20.911+0000] {logging_mixin.py:149} INFO - [2023-08-28T10:16:20.911+0000] {taskmixin.py:211} WARNING - Dependency <Task(EmailOperator): send_email>, prepare_email already registered for DAG: example_dag_decorator
[2023-08-28T10:16:20.919+0000] {processor.py:836} INFO - DAG(s) dict_keys(['example_dag_decorator']) retrieved from /home/airflow/.local/lib/python3.7/site-packages/airflow/example_dags/example_dag_decorator.py
[2023-08-28T10:16:20.965+0000] {logging_mixin.py:149} INFO - [2023-08-28T10:16:20.965+0000] {dag.py:2726} INFO - Sync 1 DAGs
[2023-08-28T10:16:20.981+0000] {logging_mixin.py:149} INFO - [2023-08-28T10:16:20.980+0000] {dag.py:3490} INFO - Setting next_dagrun for example_dag_decorator to None, run_after=None
[2023-08-28T10:16:20.992+0000] {processor.py:179} INFO - Processing /home/airflow/.local/lib/python3.7/site-packages/airflow/example_dags/example_dag_decorator.py took 0.096 seconds
[2023-08-28T10:49:13.355+0000] {processor.py:157} INFO - Started process (PID=84111) to work on /home/airflow/.local/lib/python3.7/site-packages/airflow/example_dags/example_dag_decorator.py
[2023-08-28T10:49:13.356+0000] {processor.py:826} INFO - Processing file /home/airflow/.local/lib/python3.7/site-packages/airflow/example_dags/example_dag_decorator.py for tasks to queue
[2023-08-28T10:49:13.357+0000] {logging_mixin.py:149} INFO - [2023-08-28T10:49:13.357+0000] {dagbag.py:541} INFO - Filling up the DagBag from /home/airflow/.local/lib/python3.7/site-packages/airflow/example_dags/example_dag_decorator.py
[2023-08-28T10:49:13.367+0000] {logging_mixin.py:149} INFO - [2023-08-28T10:49:13.367+0000] {taskmixin.py:211} WARNING - Dependency <Task(_PythonDecoratedOperator): prepare_email>, send_email already registered for DAG: example_dag_decorator
[2023-08-28T10:49:13.372+0000] {logging_mixin.py:149} INFO - [2023-08-28T10:49:13.372+0000] {taskmixin.py:211} WARNING - Dependency <Task(EmailOperator): send_email>, prepare_email already registered for DAG: example_dag_decorator
[2023-08-28T10:49:13.381+0000] {processor.py:836} INFO - DAG(s) dict_keys(['example_dag_decorator']) retrieved from /home/airflow/.local/lib/python3.7/site-packages/airflow/example_dags/example_dag_decorator.py
[2023-08-28T10:49:13.439+0000] {logging_mixin.py:149} INFO - [2023-08-28T10:49:13.439+0000] {dag.py:2726} INFO - Sync 1 DAGs
[2023-08-28T10:49:13.455+0000] {logging_mixin.py:149} INFO - [2023-08-28T10:49:13.455+0000] {dag.py:3490} INFO - Setting next_dagrun for example_dag_decorator to None, run_after=None
[2023-08-28T10:49:13.469+0000] {processor.py:179} INFO - Processing /home/airflow/.local/lib/python3.7/site-packages/airflow/example_dags/example_dag_decorator.py took 0.117 seconds
[2023-08-28T10:59:27.218+0000] {processor.py:157} INFO - Started process (PID=84178) to work on /home/airflow/.local/lib/python3.7/site-packages/airflow/example_dags/example_dag_decorator.py
[2023-08-28T10:59:27.220+0000] {processor.py:826} INFO - Processing file /home/airflow/.local/lib/python3.7/site-packages/airflow/example_dags/example_dag_decorator.py for tasks to queue
[2023-08-28T10:59:27.220+0000] {logging_mixin.py:149} INFO - [2023-08-28T10:59:27.220+0000] {dagbag.py:541} INFO - Filling up the DagBag from /home/airflow/.local/lib/python3.7/site-packages/airflow/example_dags/example_dag_decorator.py
[2023-08-28T10:59:27.226+0000] {logging_mixin.py:149} INFO - [2023-08-28T10:59:27.226+0000] {taskmixin.py:211} WARNING - Dependency <Task(_PythonDecoratedOperator): prepare_email>, send_email already registered for DAG: example_dag_decorator
[2023-08-28T10:59:27.227+0000] {logging_mixin.py:149} INFO - [2023-08-28T10:59:27.227+0000] {taskmixin.py:211} WARNING - Dependency <Task(EmailOperator): send_email>, prepare_email already registered for DAG: example_dag_decorator
[2023-08-28T10:59:27.233+0000] {processor.py:836} INFO - DAG(s) dict_keys(['example_dag_decorator']) retrieved from /home/airflow/.local/lib/python3.7/site-packages/airflow/example_dags/example_dag_decorator.py
[2023-08-28T10:59:27.291+0000] {logging_mixin.py:149} INFO - [2023-08-28T10:59:27.291+0000] {dag.py:2726} INFO - Sync 1 DAGs
[2023-08-28T10:59:27.308+0000] {logging_mixin.py:149} INFO - [2023-08-28T10:59:27.308+0000] {dag.py:3490} INFO - Setting next_dagrun for example_dag_decorator to None, run_after=None
[2023-08-28T10:59:27.325+0000] {processor.py:179} INFO - Processing /home/airflow/.local/lib/python3.7/site-packages/airflow/example_dags/example_dag_decorator.py took 0.109 seconds
[2023-08-28T13:29:08.095+0000] {processor.py:157} INFO - Started process (PID=84244) to work on /home/airflow/.local/lib/python3.7/site-packages/airflow/example_dags/example_dag_decorator.py
[2023-08-28T13:29:08.096+0000] {processor.py:826} INFO - Processing file /home/airflow/.local/lib/python3.7/site-packages/airflow/example_dags/example_dag_decorator.py for tasks to queue
[2023-08-28T13:29:08.097+0000] {logging_mixin.py:149} INFO - [2023-08-28T13:29:08.097+0000] {dagbag.py:541} INFO - Filling up the DagBag from /home/airflow/.local/lib/python3.7/site-packages/airflow/example_dags/example_dag_decorator.py
[2023-08-28T13:29:08.106+0000] {logging_mixin.py:149} INFO - [2023-08-28T13:29:08.106+0000] {taskmixin.py:211} WARNING - Dependency <Task(_PythonDecoratedOperator): prepare_email>, send_email already registered for DAG: example_dag_decorator
[2023-08-28T13:29:08.107+0000] {logging_mixin.py:149} INFO - [2023-08-28T13:29:08.107+0000] {taskmixin.py:211} WARNING - Dependency <Task(EmailOperator): send_email>, prepare_email already registered for DAG: example_dag_decorator
[2023-08-28T13:29:08.115+0000] {processor.py:836} INFO - DAG(s) dict_keys(['example_dag_decorator']) retrieved from /home/airflow/.local/lib/python3.7/site-packages/airflow/example_dags/example_dag_decorator.py
[2023-08-28T13:29:08.197+0000] {logging_mixin.py:149} INFO - [2023-08-28T13:29:08.197+0000] {dag.py:2726} INFO - Sync 1 DAGs
[2023-08-28T13:29:08.221+0000] {logging_mixin.py:149} INFO - [2023-08-28T13:29:08.220+0000] {dag.py:3490} INFO - Setting next_dagrun for example_dag_decorator to None, run_after=None
[2023-08-28T13:29:08.236+0000] {processor.py:179} INFO - Processing /home/airflow/.local/lib/python3.7/site-packages/airflow/example_dags/example_dag_decorator.py took 0.144 seconds
[2023-08-28T13:29:41.483+0000] {processor.py:157} INFO - Started process (PID=84310) to work on /home/airflow/.local/lib/python3.7/site-packages/airflow/example_dags/example_dag_decorator.py
[2023-08-28T13:29:41.485+0000] {processor.py:826} INFO - Processing file /home/airflow/.local/lib/python3.7/site-packages/airflow/example_dags/example_dag_decorator.py for tasks to queue
[2023-08-28T13:29:41.486+0000] {logging_mixin.py:149} INFO - [2023-08-28T13:29:41.486+0000] {dagbag.py:541} INFO - Filling up the DagBag from /home/airflow/.local/lib/python3.7/site-packages/airflow/example_dags/example_dag_decorator.py
[2023-08-28T13:29:41.494+0000] {logging_mixin.py:149} INFO - [2023-08-28T13:29:41.494+0000] {taskmixin.py:211} WARNING - Dependency <Task(_PythonDecoratedOperator): prepare_email>, send_email already registered for DAG: example_dag_decorator
[2023-08-28T13:29:41.495+0000] {logging_mixin.py:149} INFO - [2023-08-28T13:29:41.495+0000] {taskmixin.py:211} WARNING - Dependency <Task(EmailOperator): send_email>, prepare_email already registered for DAG: example_dag_decorator
[2023-08-28T13:29:41.502+0000] {processor.py:836} INFO - DAG(s) dict_keys(['example_dag_decorator']) retrieved from /home/airflow/.local/lib/python3.7/site-packages/airflow/example_dags/example_dag_decorator.py
[2023-08-28T13:29:41.548+0000] {logging_mixin.py:149} INFO - [2023-08-28T13:29:41.548+0000] {dag.py:2726} INFO - Sync 1 DAGs
[2023-08-28T13:29:41.562+0000] {logging_mixin.py:149} INFO - [2023-08-28T13:29:41.562+0000] {dag.py:3490} INFO - Setting next_dagrun for example_dag_decorator to None, run_after=None
[2023-08-28T13:29:41.575+0000] {processor.py:179} INFO - Processing /home/airflow/.local/lib/python3.7/site-packages/airflow/example_dags/example_dag_decorator.py took 0.095 seconds
[2023-08-28T13:30:15.756+0000] {processor.py:157} INFO - Started process (PID=84383) to work on /home/airflow/.local/lib/python3.7/site-packages/airflow/example_dags/example_dag_decorator.py
[2023-08-28T13:30:15.757+0000] {processor.py:826} INFO - Processing file /home/airflow/.local/lib/python3.7/site-packages/airflow/example_dags/example_dag_decorator.py for tasks to queue
[2023-08-28T13:30:15.758+0000] {logging_mixin.py:149} INFO - [2023-08-28T13:30:15.758+0000] {dagbag.py:541} INFO - Filling up the DagBag from /home/airflow/.local/lib/python3.7/site-packages/airflow/example_dags/example_dag_decorator.py
[2023-08-28T13:30:15.765+0000] {logging_mixin.py:149} INFO - [2023-08-28T13:30:15.765+0000] {taskmixin.py:211} WARNING - Dependency <Task(_PythonDecoratedOperator): prepare_email>, send_email already registered for DAG: example_dag_decorator
[2023-08-28T13:30:15.765+0000] {logging_mixin.py:149} INFO - [2023-08-28T13:30:15.765+0000] {taskmixin.py:211} WARNING - Dependency <Task(EmailOperator): send_email>, prepare_email already registered for DAG: example_dag_decorator
[2023-08-28T13:30:15.773+0000] {processor.py:836} INFO - DAG(s) dict_keys(['example_dag_decorator']) retrieved from /home/airflow/.local/lib/python3.7/site-packages/airflow/example_dags/example_dag_decorator.py
[2023-08-28T13:30:15.825+0000] {logging_mixin.py:149} INFO - [2023-08-28T13:30:15.824+0000] {dag.py:2726} INFO - Sync 1 DAGs
[2023-08-28T13:30:15.840+0000] {logging_mixin.py:149} INFO - [2023-08-28T13:30:15.839+0000] {dag.py:3490} INFO - Setting next_dagrun for example_dag_decorator to None, run_after=None
[2023-08-28T13:30:15.851+0000] {processor.py:179} INFO - Processing /home/airflow/.local/lib/python3.7/site-packages/airflow/example_dags/example_dag_decorator.py took 0.099 seconds
[2023-08-28T13:30:50.070+0000] {processor.py:157} INFO - Started process (PID=84449) to work on /home/airflow/.local/lib/python3.7/site-packages/airflow/example_dags/example_dag_decorator.py
[2023-08-28T13:30:50.072+0000] {processor.py:826} INFO - Processing file /home/airflow/.local/lib/python3.7/site-packages/airflow/example_dags/example_dag_decorator.py for tasks to queue
[2023-08-28T13:30:50.075+0000] {logging_mixin.py:149} INFO - [2023-08-28T13:30:50.073+0000] {dagbag.py:541} INFO - Filling up the DagBag from /home/airflow/.local/lib/python3.7/site-packages/airflow/example_dags/example_dag_decorator.py
[2023-08-28T13:30:50.088+0000] {logging_mixin.py:149} INFO - [2023-08-28T13:30:50.088+0000] {taskmixin.py:211} WARNING - Dependency <Task(_PythonDecoratedOperator): prepare_email>, send_email already registered for DAG: example_dag_decorator
[2023-08-28T13:30:50.089+0000] {logging_mixin.py:149} INFO - [2023-08-28T13:30:50.089+0000] {taskmixin.py:211} WARNING - Dependency <Task(EmailOperator): send_email>, prepare_email already registered for DAG: example_dag_decorator
[2023-08-28T13:30:50.103+0000] {processor.py:836} INFO - DAG(s) dict_keys(['example_dag_decorator']) retrieved from /home/airflow/.local/lib/python3.7/site-packages/airflow/example_dags/example_dag_decorator.py
[2023-08-28T13:30:50.191+0000] {logging_mixin.py:149} INFO - [2023-08-28T13:30:50.190+0000] {dag.py:2726} INFO - Sync 1 DAGs
[2023-08-28T13:30:50.206+0000] {logging_mixin.py:149} INFO - [2023-08-28T13:30:50.206+0000] {dag.py:3490} INFO - Setting next_dagrun for example_dag_decorator to None, run_after=None
[2023-08-28T13:30:50.218+0000] {processor.py:179} INFO - Processing /home/airflow/.local/lib/python3.7/site-packages/airflow/example_dags/example_dag_decorator.py took 0.150 seconds
[2023-08-28T13:31:24.410+0000] {processor.py:157} INFO - Started process (PID=84515) to work on /home/airflow/.local/lib/python3.7/site-packages/airflow/example_dags/example_dag_decorator.py
[2023-08-28T13:31:24.411+0000] {processor.py:826} INFO - Processing file /home/airflow/.local/lib/python3.7/site-packages/airflow/example_dags/example_dag_decorator.py for tasks to queue
[2023-08-28T13:31:24.412+0000] {logging_mixin.py:149} INFO - [2023-08-28T13:31:24.412+0000] {dagbag.py:541} INFO - Filling up the DagBag from /home/airflow/.local/lib/python3.7/site-packages/airflow/example_dags/example_dag_decorator.py
[2023-08-28T13:31:24.423+0000] {logging_mixin.py:149} INFO - [2023-08-28T13:31:24.423+0000] {taskmixin.py:211} WARNING - Dependency <Task(_PythonDecoratedOperator): prepare_email>, send_email already registered for DAG: example_dag_decorator
[2023-08-28T13:31:24.424+0000] {logging_mixin.py:149} INFO - [2023-08-28T13:31:24.424+0000] {taskmixin.py:211} WARNING - Dependency <Task(EmailOperator): send_email>, prepare_email already registered for DAG: example_dag_decorator
[2023-08-28T13:31:24.431+0000] {processor.py:836} INFO - DAG(s) dict_keys(['example_dag_decorator']) retrieved from /home/airflow/.local/lib/python3.7/site-packages/airflow/example_dags/example_dag_decorator.py
[2023-08-28T13:31:24.485+0000] {logging_mixin.py:149} INFO - [2023-08-28T13:31:24.485+0000] {dag.py:2726} INFO - Sync 1 DAGs
[2023-08-28T13:31:24.502+0000] {logging_mixin.py:149} INFO - [2023-08-28T13:31:24.502+0000] {dag.py:3490} INFO - Setting next_dagrun for example_dag_decorator to None, run_after=None
[2023-08-28T13:31:24.517+0000] {processor.py:179} INFO - Processing /home/airflow/.local/lib/python3.7/site-packages/airflow/example_dags/example_dag_decorator.py took 0.110 seconds
[2023-08-28T13:31:58.511+0000] {processor.py:157} INFO - Started process (PID=84582) to work on /home/airflow/.local/lib/python3.7/site-packages/airflow/example_dags/example_dag_decorator.py
[2023-08-28T13:31:58.513+0000] {processor.py:826} INFO - Processing file /home/airflow/.local/lib/python3.7/site-packages/airflow/example_dags/example_dag_decorator.py for tasks to queue
[2023-08-28T13:31:58.514+0000] {logging_mixin.py:149} INFO - [2023-08-28T13:31:58.513+0000] {dagbag.py:541} INFO - Filling up the DagBag from /home/airflow/.local/lib/python3.7/site-packages/airflow/example_dags/example_dag_decorator.py
[2023-08-28T13:31:58.520+0000] {logging_mixin.py:149} INFO - [2023-08-28T13:31:58.520+0000] {taskmixin.py:211} WARNING - Dependency <Task(_PythonDecoratedOperator): prepare_email>, send_email already registered for DAG: example_dag_decorator
[2023-08-28T13:31:58.521+0000] {logging_mixin.py:149} INFO - [2023-08-28T13:31:58.520+0000] {taskmixin.py:211} WARNING - Dependency <Task(EmailOperator): send_email>, prepare_email already registered for DAG: example_dag_decorator
[2023-08-28T13:31:58.528+0000] {processor.py:836} INFO - DAG(s) dict_keys(['example_dag_decorator']) retrieved from /home/airflow/.local/lib/python3.7/site-packages/airflow/example_dags/example_dag_decorator.py
[2023-08-28T13:31:58.573+0000] {logging_mixin.py:149} INFO - [2023-08-28T13:31:58.573+0000] {dag.py:2726} INFO - Sync 1 DAGs
[2023-08-28T13:31:58.588+0000] {logging_mixin.py:149} INFO - [2023-08-28T13:31:58.588+0000] {dag.py:3490} INFO - Setting next_dagrun for example_dag_decorator to None, run_after=None
[2023-08-28T13:31:58.600+0000] {processor.py:179} INFO - Processing /home/airflow/.local/lib/python3.7/site-packages/airflow/example_dags/example_dag_decorator.py took 0.092 seconds
[2023-08-28T13:32:32.637+0000] {processor.py:157} INFO - Started process (PID=84648) to work on /home/airflow/.local/lib/python3.7/site-packages/airflow/example_dags/example_dag_decorator.py
[2023-08-28T13:32:32.640+0000] {processor.py:826} INFO - Processing file /home/airflow/.local/lib/python3.7/site-packages/airflow/example_dags/example_dag_decorator.py for tasks to queue
[2023-08-28T13:32:32.641+0000] {logging_mixin.py:149} INFO - [2023-08-28T13:32:32.641+0000] {dagbag.py:541} INFO - Filling up the DagBag from /home/airflow/.local/lib/python3.7/site-packages/airflow/example_dags/example_dag_decorator.py
[2023-08-28T13:32:32.658+0000] {logging_mixin.py:149} INFO - [2023-08-28T13:32:32.658+0000] {taskmixin.py:211} WARNING - Dependency <Task(_PythonDecoratedOperator): prepare_email>, send_email already registered for DAG: example_dag_decorator
[2023-08-28T13:32:32.659+0000] {logging_mixin.py:149} INFO - [2023-08-28T13:32:32.658+0000] {taskmixin.py:211} WARNING - Dependency <Task(EmailOperator): send_email>, prepare_email already registered for DAG: example_dag_decorator
[2023-08-28T13:32:32.674+0000] {processor.py:836} INFO - DAG(s) dict_keys(['example_dag_decorator']) retrieved from /home/airflow/.local/lib/python3.7/site-packages/airflow/example_dags/example_dag_decorator.py
[2023-08-28T13:32:32.781+0000] {logging_mixin.py:149} INFO - [2023-08-28T13:32:32.781+0000] {dag.py:2726} INFO - Sync 1 DAGs
[2023-08-28T13:32:32.806+0000] {logging_mixin.py:149} INFO - [2023-08-28T13:32:32.806+0000] {dag.py:3490} INFO - Setting next_dagrun for example_dag_decorator to None, run_after=None
[2023-08-28T13:32:32.843+0000] {processor.py:179} INFO - Processing /home/airflow/.local/lib/python3.7/site-packages/airflow/example_dags/example_dag_decorator.py took 0.212 seconds
[2023-08-28T13:33:06.585+0000] {processor.py:157} INFO - Started process (PID=84714) to work on /home/airflow/.local/lib/python3.7/site-packages/airflow/example_dags/example_dag_decorator.py
[2023-08-28T13:33:06.586+0000] {processor.py:826} INFO - Processing file /home/airflow/.local/lib/python3.7/site-packages/airflow/example_dags/example_dag_decorator.py for tasks to queue
[2023-08-28T13:33:06.586+0000] {logging_mixin.py:149} INFO - [2023-08-28T13:33:06.586+0000] {dagbag.py:541} INFO - Filling up the DagBag from /home/airflow/.local/lib/python3.7/site-packages/airflow/example_dags/example_dag_decorator.py
[2023-08-28T13:33:06.593+0000] {logging_mixin.py:149} INFO - [2023-08-28T13:33:06.593+0000] {taskmixin.py:211} WARNING - Dependency <Task(_PythonDecoratedOperator): prepare_email>, send_email already registered for DAG: example_dag_decorator
[2023-08-28T13:33:06.593+0000] {logging_mixin.py:149} INFO - [2023-08-28T13:33:06.593+0000] {taskmixin.py:211} WARNING - Dependency <Task(EmailOperator): send_email>, prepare_email already registered for DAG: example_dag_decorator
[2023-08-28T13:33:06.600+0000] {processor.py:836} INFO - DAG(s) dict_keys(['example_dag_decorator']) retrieved from /home/airflow/.local/lib/python3.7/site-packages/airflow/example_dags/example_dag_decorator.py
[2023-08-28T13:33:06.664+0000] {logging_mixin.py:149} INFO - [2023-08-28T13:33:06.664+0000] {dag.py:2726} INFO - Sync 1 DAGs
[2023-08-28T13:33:06.682+0000] {logging_mixin.py:149} INFO - [2023-08-28T13:33:06.682+0000] {dag.py:3490} INFO - Setting next_dagrun for example_dag_decorator to None, run_after=None
[2023-08-28T13:33:06.694+0000] {processor.py:179} INFO - Processing /home/airflow/.local/lib/python3.7/site-packages/airflow/example_dags/example_dag_decorator.py took 0.113 seconds
[2023-08-28T13:33:40.554+0000] {processor.py:157} INFO - Started process (PID=84780) to work on /home/airflow/.local/lib/python3.7/site-packages/airflow/example_dags/example_dag_decorator.py
[2023-08-28T13:33:40.555+0000] {processor.py:826} INFO - Processing file /home/airflow/.local/lib/python3.7/site-packages/airflow/example_dags/example_dag_decorator.py for tasks to queue
[2023-08-28T13:33:40.555+0000] {logging_mixin.py:149} INFO - [2023-08-28T13:33:40.555+0000] {dagbag.py:541} INFO - Filling up the DagBag from /home/airflow/.local/lib/python3.7/site-packages/airflow/example_dags/example_dag_decorator.py
[2023-08-28T13:33:40.561+0000] {logging_mixin.py:149} INFO - [2023-08-28T13:33:40.561+0000] {taskmixin.py:211} WARNING - Dependency <Task(_PythonDecoratedOperator): prepare_email>, send_email already registered for DAG: example_dag_decorator
[2023-08-28T13:33:40.562+0000] {logging_mixin.py:149} INFO - [2023-08-28T13:33:40.562+0000] {taskmixin.py:211} WARNING - Dependency <Task(EmailOperator): send_email>, prepare_email already registered for DAG: example_dag_decorator
[2023-08-28T13:33:40.568+0000] {processor.py:836} INFO - DAG(s) dict_keys(['example_dag_decorator']) retrieved from /home/airflow/.local/lib/python3.7/site-packages/airflow/example_dags/example_dag_decorator.py
[2023-08-28T13:33:40.611+0000] {logging_mixin.py:149} INFO - [2023-08-28T13:33:40.611+0000] {dag.py:2726} INFO - Sync 1 DAGs
[2023-08-28T13:33:40.640+0000] {logging_mixin.py:149} INFO - [2023-08-28T13:33:40.640+0000] {dag.py:3490} INFO - Setting next_dagrun for example_dag_decorator to None, run_after=None
[2023-08-28T13:33:40.655+0000] {processor.py:179} INFO - Processing /home/airflow/.local/lib/python3.7/site-packages/airflow/example_dags/example_dag_decorator.py took 0.103 seconds
[2023-08-28T13:34:14.580+0000] {processor.py:157} INFO - Started process (PID=84847) to work on /home/airflow/.local/lib/python3.7/site-packages/airflow/example_dags/example_dag_decorator.py
[2023-08-28T13:34:14.581+0000] {processor.py:826} INFO - Processing file /home/airflow/.local/lib/python3.7/site-packages/airflow/example_dags/example_dag_decorator.py for tasks to queue
[2023-08-28T13:34:14.582+0000] {logging_mixin.py:149} INFO - [2023-08-28T13:34:14.582+0000] {dagbag.py:541} INFO - Filling up the DagBag from /home/airflow/.local/lib/python3.7/site-packages/airflow/example_dags/example_dag_decorator.py
[2023-08-28T13:34:14.588+0000] {logging_mixin.py:149} INFO - [2023-08-28T13:34:14.588+0000] {taskmixin.py:211} WARNING - Dependency <Task(_PythonDecoratedOperator): prepare_email>, send_email already registered for DAG: example_dag_decorator
[2023-08-28T13:34:14.589+0000] {logging_mixin.py:149} INFO - [2023-08-28T13:34:14.589+0000] {taskmixin.py:211} WARNING - Dependency <Task(EmailOperator): send_email>, prepare_email already registered for DAG: example_dag_decorator
[2023-08-28T13:34:14.596+0000] {processor.py:836} INFO - DAG(s) dict_keys(['example_dag_decorator']) retrieved from /home/airflow/.local/lib/python3.7/site-packages/airflow/example_dags/example_dag_decorator.py
[2023-08-28T13:34:14.643+0000] {logging_mixin.py:149} INFO - [2023-08-28T13:34:14.643+0000] {dag.py:2726} INFO - Sync 1 DAGs
[2023-08-28T13:34:14.657+0000] {logging_mixin.py:149} INFO - [2023-08-28T13:34:14.657+0000] {dag.py:3490} INFO - Setting next_dagrun for example_dag_decorator to None, run_after=None
[2023-08-28T13:34:14.669+0000] {processor.py:179} INFO - Processing /home/airflow/.local/lib/python3.7/site-packages/airflow/example_dags/example_dag_decorator.py took 0.092 seconds
[2023-08-28T13:34:48.476+0000] {processor.py:157} INFO - Started process (PID=84920) to work on /home/airflow/.local/lib/python3.7/site-packages/airflow/example_dags/example_dag_decorator.py
[2023-08-28T13:34:48.477+0000] {processor.py:826} INFO - Processing file /home/airflow/.local/lib/python3.7/site-packages/airflow/example_dags/example_dag_decorator.py for tasks to queue
[2023-08-28T13:34:48.478+0000] {logging_mixin.py:149} INFO - [2023-08-28T13:34:48.478+0000] {dagbag.py:541} INFO - Filling up the DagBag from /home/airflow/.local/lib/python3.7/site-packages/airflow/example_dags/example_dag_decorator.py
[2023-08-28T13:34:48.484+0000] {logging_mixin.py:149} INFO - [2023-08-28T13:34:48.484+0000] {taskmixin.py:211} WARNING - Dependency <Task(_PythonDecoratedOperator): prepare_email>, send_email already registered for DAG: example_dag_decorator
[2023-08-28T13:34:48.484+0000] {logging_mixin.py:149} INFO - [2023-08-28T13:34:48.484+0000] {taskmixin.py:211} WARNING - Dependency <Task(EmailOperator): send_email>, prepare_email already registered for DAG: example_dag_decorator
[2023-08-28T13:34:48.492+0000] {processor.py:836} INFO - DAG(s) dict_keys(['example_dag_decorator']) retrieved from /home/airflow/.local/lib/python3.7/site-packages/airflow/example_dags/example_dag_decorator.py
[2023-08-28T13:34:48.545+0000] {logging_mixin.py:149} INFO - [2023-08-28T13:34:48.545+0000] {dag.py:2726} INFO - Sync 1 DAGs
[2023-08-28T13:34:48.559+0000] {logging_mixin.py:149} INFO - [2023-08-28T13:34:48.559+0000] {dag.py:3490} INFO - Setting next_dagrun for example_dag_decorator to None, run_after=None
[2023-08-28T13:34:48.572+0000] {processor.py:179} INFO - Processing /home/airflow/.local/lib/python3.7/site-packages/airflow/example_dags/example_dag_decorator.py took 0.099 seconds
[2023-08-28T13:35:22.566+0000] {processor.py:157} INFO - Started process (PID=84986) to work on /home/airflow/.local/lib/python3.7/site-packages/airflow/example_dags/example_dag_decorator.py
[2023-08-28T13:35:22.567+0000] {processor.py:826} INFO - Processing file /home/airflow/.local/lib/python3.7/site-packages/airflow/example_dags/example_dag_decorator.py for tasks to queue
[2023-08-28T13:35:22.568+0000] {logging_mixin.py:149} INFO - [2023-08-28T13:35:22.568+0000] {dagbag.py:541} INFO - Filling up the DagBag from /home/airflow/.local/lib/python3.7/site-packages/airflow/example_dags/example_dag_decorator.py
[2023-08-28T13:35:22.574+0000] {logging_mixin.py:149} INFO - [2023-08-28T13:35:22.574+0000] {taskmixin.py:211} WARNING - Dependency <Task(_PythonDecoratedOperator): prepare_email>, send_email already registered for DAG: example_dag_decorator
[2023-08-28T13:35:22.575+0000] {logging_mixin.py:149} INFO - [2023-08-28T13:35:22.574+0000] {taskmixin.py:211} WARNING - Dependency <Task(EmailOperator): send_email>, prepare_email already registered for DAG: example_dag_decorator
[2023-08-28T13:35:22.580+0000] {processor.py:836} INFO - DAG(s) dict_keys(['example_dag_decorator']) retrieved from /home/airflow/.local/lib/python3.7/site-packages/airflow/example_dags/example_dag_decorator.py
[2023-08-28T13:35:22.631+0000] {logging_mixin.py:149} INFO - [2023-08-28T13:35:22.631+0000] {dag.py:2726} INFO - Sync 1 DAGs
[2023-08-28T13:35:22.646+0000] {logging_mixin.py:149} INFO - [2023-08-28T13:35:22.646+0000] {dag.py:3490} INFO - Setting next_dagrun for example_dag_decorator to None, run_after=None
[2023-08-28T13:35:22.658+0000] {processor.py:179} INFO - Processing /home/airflow/.local/lib/python3.7/site-packages/airflow/example_dags/example_dag_decorator.py took 0.095 seconds
[2023-08-28T13:35:56.675+0000] {processor.py:157} INFO - Started process (PID=85052) to work on /home/airflow/.local/lib/python3.7/site-packages/airflow/example_dags/example_dag_decorator.py
[2023-08-28T13:35:56.676+0000] {processor.py:826} INFO - Processing file /home/airflow/.local/lib/python3.7/site-packages/airflow/example_dags/example_dag_decorator.py for tasks to queue
[2023-08-28T13:35:56.677+0000] {logging_mixin.py:149} INFO - [2023-08-28T13:35:56.677+0000] {dagbag.py:541} INFO - Filling up the DagBag from /home/airflow/.local/lib/python3.7/site-packages/airflow/example_dags/example_dag_decorator.py
[2023-08-28T13:35:56.683+0000] {logging_mixin.py:149} INFO - [2023-08-28T13:35:56.683+0000] {taskmixin.py:211} WARNING - Dependency <Task(_PythonDecoratedOperator): prepare_email>, send_email already registered for DAG: example_dag_decorator
[2023-08-28T13:35:56.683+0000] {logging_mixin.py:149} INFO - [2023-08-28T13:35:56.683+0000] {taskmixin.py:211} WARNING - Dependency <Task(EmailOperator): send_email>, prepare_email already registered for DAG: example_dag_decorator
[2023-08-28T13:35:56.690+0000] {processor.py:836} INFO - DAG(s) dict_keys(['example_dag_decorator']) retrieved from /home/airflow/.local/lib/python3.7/site-packages/airflow/example_dags/example_dag_decorator.py
[2023-08-28T13:35:56.743+0000] {logging_mixin.py:149} INFO - [2023-08-28T13:35:56.743+0000] {dag.py:2726} INFO - Sync 1 DAGs
[2023-08-28T13:35:56.758+0000] {logging_mixin.py:149} INFO - [2023-08-28T13:35:56.757+0000] {dag.py:3490} INFO - Setting next_dagrun for example_dag_decorator to None, run_after=None
[2023-08-28T13:35:56.769+0000] {processor.py:179} INFO - Processing /home/airflow/.local/lib/python3.7/site-packages/airflow/example_dags/example_dag_decorator.py took 0.097 seconds
[2023-08-28T13:36:30.639+0000] {processor.py:157} INFO - Started process (PID=85119) to work on /home/airflow/.local/lib/python3.7/site-packages/airflow/example_dags/example_dag_decorator.py
[2023-08-28T13:36:30.640+0000] {processor.py:826} INFO - Processing file /home/airflow/.local/lib/python3.7/site-packages/airflow/example_dags/example_dag_decorator.py for tasks to queue
[2023-08-28T13:36:30.641+0000] {logging_mixin.py:149} INFO - [2023-08-28T13:36:30.641+0000] {dagbag.py:541} INFO - Filling up the DagBag from /home/airflow/.local/lib/python3.7/site-packages/airflow/example_dags/example_dag_decorator.py
[2023-08-28T13:36:30.646+0000] {logging_mixin.py:149} INFO - [2023-08-28T13:36:30.646+0000] {taskmixin.py:211} WARNING - Dependency <Task(_PythonDecoratedOperator): prepare_email>, send_email already registered for DAG: example_dag_decorator
[2023-08-28T13:36:30.647+0000] {logging_mixin.py:149} INFO - [2023-08-28T13:36:30.647+0000] {taskmixin.py:211} WARNING - Dependency <Task(EmailOperator): send_email>, prepare_email already registered for DAG: example_dag_decorator
[2023-08-28T13:36:30.653+0000] {processor.py:836} INFO - DAG(s) dict_keys(['example_dag_decorator']) retrieved from /home/airflow/.local/lib/python3.7/site-packages/airflow/example_dags/example_dag_decorator.py
[2023-08-28T13:36:30.705+0000] {logging_mixin.py:149} INFO - [2023-08-28T13:36:30.705+0000] {dag.py:2726} INFO - Sync 1 DAGs
[2023-08-28T13:36:30.720+0000] {logging_mixin.py:149} INFO - [2023-08-28T13:36:30.720+0000] {dag.py:3490} INFO - Setting next_dagrun for example_dag_decorator to None, run_after=None
[2023-08-28T13:36:30.731+0000] {processor.py:179} INFO - Processing /home/airflow/.local/lib/python3.7/site-packages/airflow/example_dags/example_dag_decorator.py took 0.095 seconds
[2023-08-28T13:37:04.712+0000] {processor.py:157} INFO - Started process (PID=85185) to work on /home/airflow/.local/lib/python3.7/site-packages/airflow/example_dags/example_dag_decorator.py
[2023-08-28T13:37:04.713+0000] {processor.py:826} INFO - Processing file /home/airflow/.local/lib/python3.7/site-packages/airflow/example_dags/example_dag_decorator.py for tasks to queue
[2023-08-28T13:37:04.714+0000] {logging_mixin.py:149} INFO - [2023-08-28T13:37:04.714+0000] {dagbag.py:541} INFO - Filling up the DagBag from /home/airflow/.local/lib/python3.7/site-packages/airflow/example_dags/example_dag_decorator.py
[2023-08-28T13:37:04.722+0000] {logging_mixin.py:149} INFO - [2023-08-28T13:37:04.722+0000] {taskmixin.py:211} WARNING - Dependency <Task(_PythonDecoratedOperator): prepare_email>, send_email already registered for DAG: example_dag_decorator
[2023-08-28T13:37:04.723+0000] {logging_mixin.py:149} INFO - [2023-08-28T13:37:04.723+0000] {taskmixin.py:211} WARNING - Dependency <Task(EmailOperator): send_email>, prepare_email already registered for DAG: example_dag_decorator
[2023-08-28T13:37:04.729+0000] {processor.py:836} INFO - DAG(s) dict_keys(['example_dag_decorator']) retrieved from /home/airflow/.local/lib/python3.7/site-packages/airflow/example_dags/example_dag_decorator.py
[2023-08-28T13:37:04.781+0000] {logging_mixin.py:149} INFO - [2023-08-28T13:37:04.781+0000] {dag.py:2726} INFO - Sync 1 DAGs
[2023-08-28T13:37:04.795+0000] {logging_mixin.py:149} INFO - [2023-08-28T13:37:04.795+0000] {dag.py:3490} INFO - Setting next_dagrun for example_dag_decorator to None, run_after=None
[2023-08-28T13:37:04.806+0000] {processor.py:179} INFO - Processing /home/airflow/.local/lib/python3.7/site-packages/airflow/example_dags/example_dag_decorator.py took 0.098 seconds
[2023-08-28T13:37:38.726+0000] {processor.py:157} INFO - Started process (PID=85250) to work on /home/airflow/.local/lib/python3.7/site-packages/airflow/example_dags/example_dag_decorator.py
[2023-08-28T13:37:38.727+0000] {processor.py:826} INFO - Processing file /home/airflow/.local/lib/python3.7/site-packages/airflow/example_dags/example_dag_decorator.py for tasks to queue
[2023-08-28T13:37:38.728+0000] {logging_mixin.py:149} INFO - [2023-08-28T13:37:38.727+0000] {dagbag.py:541} INFO - Filling up the DagBag from /home/airflow/.local/lib/python3.7/site-packages/airflow/example_dags/example_dag_decorator.py
[2023-08-28T13:37:38.734+0000] {logging_mixin.py:149} INFO - [2023-08-28T13:37:38.734+0000] {taskmixin.py:211} WARNING - Dependency <Task(_PythonDecoratedOperator): prepare_email>, send_email already registered for DAG: example_dag_decorator
[2023-08-28T13:37:38.734+0000] {logging_mixin.py:149} INFO - [2023-08-28T13:37:38.734+0000] {taskmixin.py:211} WARNING - Dependency <Task(EmailOperator): send_email>, prepare_email already registered for DAG: example_dag_decorator
[2023-08-28T13:37:38.741+0000] {processor.py:836} INFO - DAG(s) dict_keys(['example_dag_decorator']) retrieved from /home/airflow/.local/lib/python3.7/site-packages/airflow/example_dags/example_dag_decorator.py
[2023-08-28T13:37:38.788+0000] {logging_mixin.py:149} INFO - [2023-08-28T13:37:38.788+0000] {dag.py:2726} INFO - Sync 1 DAGs
[2023-08-28T13:37:38.802+0000] {logging_mixin.py:149} INFO - [2023-08-28T13:37:38.802+0000] {dag.py:3490} INFO - Setting next_dagrun for example_dag_decorator to None, run_after=None
[2023-08-28T13:37:38.812+0000] {processor.py:179} INFO - Processing /home/airflow/.local/lib/python3.7/site-packages/airflow/example_dags/example_dag_decorator.py took 0.094 seconds
[2023-08-28T13:38:12.712+0000] {processor.py:157} INFO - Started process (PID=85316) to work on /home/airflow/.local/lib/python3.7/site-packages/airflow/example_dags/example_dag_decorator.py
[2023-08-28T13:38:12.713+0000] {processor.py:826} INFO - Processing file /home/airflow/.local/lib/python3.7/site-packages/airflow/example_dags/example_dag_decorator.py for tasks to queue
[2023-08-28T13:38:12.714+0000] {logging_mixin.py:149} INFO - [2023-08-28T13:38:12.714+0000] {dagbag.py:541} INFO - Filling up the DagBag from /home/airflow/.local/lib/python3.7/site-packages/airflow/example_dags/example_dag_decorator.py
[2023-08-28T13:38:12.720+0000] {logging_mixin.py:149} INFO - [2023-08-28T13:38:12.720+0000] {taskmixin.py:211} WARNING - Dependency <Task(_PythonDecoratedOperator): prepare_email>, send_email already registered for DAG: example_dag_decorator
[2023-08-28T13:38:12.721+0000] {logging_mixin.py:149} INFO - [2023-08-28T13:38:12.721+0000] {taskmixin.py:211} WARNING - Dependency <Task(EmailOperator): send_email>, prepare_email already registered for DAG: example_dag_decorator
[2023-08-28T13:38:12.728+0000] {processor.py:836} INFO - DAG(s) dict_keys(['example_dag_decorator']) retrieved from /home/airflow/.local/lib/python3.7/site-packages/airflow/example_dags/example_dag_decorator.py
[2023-08-28T13:38:12.775+0000] {logging_mixin.py:149} INFO - [2023-08-28T13:38:12.775+0000] {dag.py:2726} INFO - Sync 1 DAGs
[2023-08-28T13:38:12.790+0000] {logging_mixin.py:149} INFO - [2023-08-28T13:38:12.790+0000] {dag.py:3490} INFO - Setting next_dagrun for example_dag_decorator to None, run_after=None
[2023-08-28T13:38:12.810+0000] {processor.py:179} INFO - Processing /home/airflow/.local/lib/python3.7/site-packages/airflow/example_dags/example_dag_decorator.py took 0.102 seconds
[2023-08-28T13:38:46.097+0000] {processor.py:157} INFO - Started process (PID=85388) to work on /home/airflow/.local/lib/python3.7/site-packages/airflow/example_dags/example_dag_decorator.py
[2023-08-28T13:38:46.098+0000] {processor.py:826} INFO - Processing file /home/airflow/.local/lib/python3.7/site-packages/airflow/example_dags/example_dag_decorator.py for tasks to queue
[2023-08-28T13:38:46.099+0000] {logging_mixin.py:149} INFO - [2023-08-28T13:38:46.099+0000] {dagbag.py:541} INFO - Filling up the DagBag from /home/airflow/.local/lib/python3.7/site-packages/airflow/example_dags/example_dag_decorator.py
[2023-08-28T13:38:46.106+0000] {logging_mixin.py:149} INFO - [2023-08-28T13:38:46.106+0000] {taskmixin.py:211} WARNING - Dependency <Task(_PythonDecoratedOperator): prepare_email>, send_email already registered for DAG: example_dag_decorator
[2023-08-28T13:38:46.106+0000] {logging_mixin.py:149} INFO - [2023-08-28T13:38:46.106+0000] {taskmixin.py:211} WARNING - Dependency <Task(EmailOperator): send_email>, prepare_email already registered for DAG: example_dag_decorator
[2023-08-28T13:38:46.114+0000] {processor.py:836} INFO - DAG(s) dict_keys(['example_dag_decorator']) retrieved from /home/airflow/.local/lib/python3.7/site-packages/airflow/example_dags/example_dag_decorator.py
[2023-08-28T13:38:46.163+0000] {logging_mixin.py:149} INFO - [2023-08-28T13:38:46.163+0000] {dag.py:2726} INFO - Sync 1 DAGs
[2023-08-28T13:38:46.178+0000] {logging_mixin.py:149} INFO - [2023-08-28T13:38:46.178+0000] {dag.py:3490} INFO - Setting next_dagrun for example_dag_decorator to None, run_after=None
[2023-08-28T13:38:46.191+0000] {processor.py:179} INFO - Processing /home/airflow/.local/lib/python3.7/site-packages/airflow/example_dags/example_dag_decorator.py took 0.098 seconds
[2023-08-28T13:39:20.557+0000] {processor.py:157} INFO - Started process (PID=85454) to work on /home/airflow/.local/lib/python3.7/site-packages/airflow/example_dags/example_dag_decorator.py
[2023-08-28T13:39:20.558+0000] {processor.py:826} INFO - Processing file /home/airflow/.local/lib/python3.7/site-packages/airflow/example_dags/example_dag_decorator.py for tasks to queue
[2023-08-28T13:39:20.559+0000] {logging_mixin.py:149} INFO - [2023-08-28T13:39:20.559+0000] {dagbag.py:541} INFO - Filling up the DagBag from /home/airflow/.local/lib/python3.7/site-packages/airflow/example_dags/example_dag_decorator.py
[2023-08-28T13:39:20.569+0000] {logging_mixin.py:149} INFO - [2023-08-28T13:39:20.568+0000] {taskmixin.py:211} WARNING - Dependency <Task(_PythonDecoratedOperator): prepare_email>, send_email already registered for DAG: example_dag_decorator
[2023-08-28T13:39:20.569+0000] {logging_mixin.py:149} INFO - [2023-08-28T13:39:20.569+0000] {taskmixin.py:211} WARNING - Dependency <Task(EmailOperator): send_email>, prepare_email already registered for DAG: example_dag_decorator
[2023-08-28T13:39:20.577+0000] {processor.py:836} INFO - DAG(s) dict_keys(['example_dag_decorator']) retrieved from /home/airflow/.local/lib/python3.7/site-packages/airflow/example_dags/example_dag_decorator.py
[2023-08-28T13:39:20.623+0000] {logging_mixin.py:149} INFO - [2023-08-28T13:39:20.623+0000] {dag.py:2726} INFO - Sync 1 DAGs
[2023-08-28T13:39:20.641+0000] {logging_mixin.py:149} INFO - [2023-08-28T13:39:20.641+0000] {dag.py:3490} INFO - Setting next_dagrun for example_dag_decorator to None, run_after=None
[2023-08-28T13:39:20.653+0000] {processor.py:179} INFO - Processing /home/airflow/.local/lib/python3.7/site-packages/airflow/example_dags/example_dag_decorator.py took 0.099 seconds
[2023-08-28T13:39:54.598+0000] {processor.py:157} INFO - Started process (PID=85521) to work on /home/airflow/.local/lib/python3.7/site-packages/airflow/example_dags/example_dag_decorator.py
[2023-08-28T13:39:54.599+0000] {processor.py:826} INFO - Processing file /home/airflow/.local/lib/python3.7/site-packages/airflow/example_dags/example_dag_decorator.py for tasks to queue
[2023-08-28T13:39:54.600+0000] {logging_mixin.py:149} INFO - [2023-08-28T13:39:54.599+0000] {dagbag.py:541} INFO - Filling up the DagBag from /home/airflow/.local/lib/python3.7/site-packages/airflow/example_dags/example_dag_decorator.py
[2023-08-28T13:39:54.606+0000] {logging_mixin.py:149} INFO - [2023-08-28T13:39:54.606+0000] {taskmixin.py:211} WARNING - Dependency <Task(_PythonDecoratedOperator): prepare_email>, send_email already registered for DAG: example_dag_decorator
[2023-08-28T13:39:54.607+0000] {logging_mixin.py:149} INFO - [2023-08-28T13:39:54.607+0000] {taskmixin.py:211} WARNING - Dependency <Task(EmailOperator): send_email>, prepare_email already registered for DAG: example_dag_decorator
[2023-08-28T13:39:54.614+0000] {processor.py:836} INFO - DAG(s) dict_keys(['example_dag_decorator']) retrieved from /home/airflow/.local/lib/python3.7/site-packages/airflow/example_dags/example_dag_decorator.py
[2023-08-28T13:39:54.676+0000] {logging_mixin.py:149} INFO - [2023-08-28T13:39:54.676+0000] {dag.py:2726} INFO - Sync 1 DAGs
[2023-08-28T13:39:54.691+0000] {logging_mixin.py:149} INFO - [2023-08-28T13:39:54.691+0000] {dag.py:3490} INFO - Setting next_dagrun for example_dag_decorator to None, run_after=None
[2023-08-28T13:39:54.702+0000] {processor.py:179} INFO - Processing /home/airflow/.local/lib/python3.7/site-packages/airflow/example_dags/example_dag_decorator.py took 0.108 seconds
[2023-08-28T13:40:28.641+0000] {processor.py:157} INFO - Started process (PID=85588) to work on /home/airflow/.local/lib/python3.7/site-packages/airflow/example_dags/example_dag_decorator.py
[2023-08-28T13:40:28.642+0000] {processor.py:826} INFO - Processing file /home/airflow/.local/lib/python3.7/site-packages/airflow/example_dags/example_dag_decorator.py for tasks to queue
[2023-08-28T13:40:28.643+0000] {logging_mixin.py:149} INFO - [2023-08-28T13:40:28.643+0000] {dagbag.py:541} INFO - Filling up the DagBag from /home/airflow/.local/lib/python3.7/site-packages/airflow/example_dags/example_dag_decorator.py
[2023-08-28T13:40:28.649+0000] {logging_mixin.py:149} INFO - [2023-08-28T13:40:28.649+0000] {taskmixin.py:211} WARNING - Dependency <Task(_PythonDecoratedOperator): prepare_email>, send_email already registered for DAG: example_dag_decorator
[2023-08-28T13:40:28.651+0000] {logging_mixin.py:149} INFO - [2023-08-28T13:40:28.651+0000] {taskmixin.py:211} WARNING - Dependency <Task(EmailOperator): send_email>, prepare_email already registered for DAG: example_dag_decorator
[2023-08-28T13:40:28.657+0000] {processor.py:836} INFO - DAG(s) dict_keys(['example_dag_decorator']) retrieved from /home/airflow/.local/lib/python3.7/site-packages/airflow/example_dags/example_dag_decorator.py
[2023-08-28T13:40:28.712+0000] {logging_mixin.py:149} INFO - [2023-08-28T13:40:28.712+0000] {dag.py:2726} INFO - Sync 1 DAGs
[2023-08-28T13:40:28.727+0000] {logging_mixin.py:149} INFO - [2023-08-28T13:40:28.727+0000] {dag.py:3490} INFO - Setting next_dagrun for example_dag_decorator to None, run_after=None
[2023-08-28T13:40:28.738+0000] {processor.py:179} INFO - Processing /home/airflow/.local/lib/python3.7/site-packages/airflow/example_dags/example_dag_decorator.py took 0.101 seconds
[2023-08-28T13:41:02.619+0000] {processor.py:157} INFO - Started process (PID=85654) to work on /home/airflow/.local/lib/python3.7/site-packages/airflow/example_dags/example_dag_decorator.py
[2023-08-28T13:41:02.620+0000] {processor.py:826} INFO - Processing file /home/airflow/.local/lib/python3.7/site-packages/airflow/example_dags/example_dag_decorator.py for tasks to queue
[2023-08-28T13:41:02.621+0000] {logging_mixin.py:149} INFO - [2023-08-28T13:41:02.621+0000] {dagbag.py:541} INFO - Filling up the DagBag from /home/airflow/.local/lib/python3.7/site-packages/airflow/example_dags/example_dag_decorator.py
[2023-08-28T13:41:02.627+0000] {logging_mixin.py:149} INFO - [2023-08-28T13:41:02.626+0000] {taskmixin.py:211} WARNING - Dependency <Task(_PythonDecoratedOperator): prepare_email>, send_email already registered for DAG: example_dag_decorator
[2023-08-28T13:41:02.627+0000] {logging_mixin.py:149} INFO - [2023-08-28T13:41:02.627+0000] {taskmixin.py:211} WARNING - Dependency <Task(EmailOperator): send_email>, prepare_email already registered for DAG: example_dag_decorator
[2023-08-28T13:41:02.634+0000] {processor.py:836} INFO - DAG(s) dict_keys(['example_dag_decorator']) retrieved from /home/airflow/.local/lib/python3.7/site-packages/airflow/example_dags/example_dag_decorator.py
[2023-08-28T13:41:02.698+0000] {logging_mixin.py:149} INFO - [2023-08-28T13:41:02.698+0000] {dag.py:2726} INFO - Sync 1 DAGs
[2023-08-28T13:41:02.715+0000] {logging_mixin.py:149} INFO - [2023-08-28T13:41:02.715+0000] {dag.py:3490} INFO - Setting next_dagrun for example_dag_decorator to None, run_after=None
[2023-08-28T13:41:02.743+0000] {processor.py:179} INFO - Processing /home/airflow/.local/lib/python3.7/site-packages/airflow/example_dags/example_dag_decorator.py took 0.127 seconds
[2023-08-28T13:41:36.792+0000] {processor.py:157} INFO - Started process (PID=85721) to work on /home/airflow/.local/lib/python3.7/site-packages/airflow/example_dags/example_dag_decorator.py
[2023-08-28T13:41:36.794+0000] {processor.py:826} INFO - Processing file /home/airflow/.local/lib/python3.7/site-packages/airflow/example_dags/example_dag_decorator.py for tasks to queue
[2023-08-28T13:41:36.796+0000] {logging_mixin.py:149} INFO - [2023-08-28T13:41:36.796+0000] {dagbag.py:541} INFO - Filling up the DagBag from /home/airflow/.local/lib/python3.7/site-packages/airflow/example_dags/example_dag_decorator.py
[2023-08-28T13:41:36.803+0000] {logging_mixin.py:149} INFO - [2023-08-28T13:41:36.803+0000] {taskmixin.py:211} WARNING - Dependency <Task(_PythonDecoratedOperator): prepare_email>, send_email already registered for DAG: example_dag_decorator
[2023-08-28T13:41:36.803+0000] {logging_mixin.py:149} INFO - [2023-08-28T13:41:36.803+0000] {taskmixin.py:211} WARNING - Dependency <Task(EmailOperator): send_email>, prepare_email already registered for DAG: example_dag_decorator
[2023-08-28T13:41:36.810+0000] {processor.py:836} INFO - DAG(s) dict_keys(['example_dag_decorator']) retrieved from /home/airflow/.local/lib/python3.7/site-packages/airflow/example_dags/example_dag_decorator.py
[2023-08-28T13:41:36.860+0000] {logging_mixin.py:149} INFO - [2023-08-28T13:41:36.859+0000] {dag.py:2726} INFO - Sync 1 DAGs
[2023-08-28T13:41:36.874+0000] {logging_mixin.py:149} INFO - [2023-08-28T13:41:36.874+0000] {dag.py:3490} INFO - Setting next_dagrun for example_dag_decorator to None, run_after=None
[2023-08-28T13:41:36.885+0000] {processor.py:179} INFO - Processing /home/airflow/.local/lib/python3.7/site-packages/airflow/example_dags/example_dag_decorator.py took 0.101 seconds
[2023-08-28T13:42:10.754+0000] {processor.py:157} INFO - Started process (PID=85787) to work on /home/airflow/.local/lib/python3.7/site-packages/airflow/example_dags/example_dag_decorator.py
[2023-08-28T13:42:10.755+0000] {processor.py:826} INFO - Processing file /home/airflow/.local/lib/python3.7/site-packages/airflow/example_dags/example_dag_decorator.py for tasks to queue
[2023-08-28T13:42:10.755+0000] {logging_mixin.py:149} INFO - [2023-08-28T13:42:10.755+0000] {dagbag.py:541} INFO - Filling up the DagBag from /home/airflow/.local/lib/python3.7/site-packages/airflow/example_dags/example_dag_decorator.py
[2023-08-28T13:42:10.761+0000] {logging_mixin.py:149} INFO - [2023-08-28T13:42:10.761+0000] {taskmixin.py:211} WARNING - Dependency <Task(_PythonDecoratedOperator): prepare_email>, send_email already registered for DAG: example_dag_decorator
[2023-08-28T13:42:10.761+0000] {logging_mixin.py:149} INFO - [2023-08-28T13:42:10.761+0000] {taskmixin.py:211} WARNING - Dependency <Task(EmailOperator): send_email>, prepare_email already registered for DAG: example_dag_decorator
[2023-08-28T13:42:10.767+0000] {processor.py:836} INFO - DAG(s) dict_keys(['example_dag_decorator']) retrieved from /home/airflow/.local/lib/python3.7/site-packages/airflow/example_dags/example_dag_decorator.py
[2023-08-28T13:42:10.810+0000] {logging_mixin.py:149} INFO - [2023-08-28T13:42:10.810+0000] {dag.py:2726} INFO - Sync 1 DAGs
[2023-08-28T13:42:10.823+0000] {logging_mixin.py:149} INFO - [2023-08-28T13:42:10.823+0000] {dag.py:3490} INFO - Setting next_dagrun for example_dag_decorator to None, run_after=None
[2023-08-28T13:42:10.835+0000] {processor.py:179} INFO - Processing /home/airflow/.local/lib/python3.7/site-packages/airflow/example_dags/example_dag_decorator.py took 0.084 seconds
[2023-08-28T13:42:44.832+0000] {processor.py:157} INFO - Started process (PID=85853) to work on /home/airflow/.local/lib/python3.7/site-packages/airflow/example_dags/example_dag_decorator.py
[2023-08-28T13:42:44.833+0000] {processor.py:826} INFO - Processing file /home/airflow/.local/lib/python3.7/site-packages/airflow/example_dags/example_dag_decorator.py for tasks to queue
[2023-08-28T13:42:44.834+0000] {logging_mixin.py:149} INFO - [2023-08-28T13:42:44.834+0000] {dagbag.py:541} INFO - Filling up the DagBag from /home/airflow/.local/lib/python3.7/site-packages/airflow/example_dags/example_dag_decorator.py
[2023-08-28T13:42:44.840+0000] {logging_mixin.py:149} INFO - [2023-08-28T13:42:44.840+0000] {taskmixin.py:211} WARNING - Dependency <Task(_PythonDecoratedOperator): prepare_email>, send_email already registered for DAG: example_dag_decorator
[2023-08-28T13:42:44.841+0000] {logging_mixin.py:149} INFO - [2023-08-28T13:42:44.841+0000] {taskmixin.py:211} WARNING - Dependency <Task(EmailOperator): send_email>, prepare_email already registered for DAG: example_dag_decorator
[2023-08-28T13:42:44.848+0000] {processor.py:836} INFO - DAG(s) dict_keys(['example_dag_decorator']) retrieved from /home/airflow/.local/lib/python3.7/site-packages/airflow/example_dags/example_dag_decorator.py
[2023-08-28T13:42:44.893+0000] {logging_mixin.py:149} INFO - [2023-08-28T13:42:44.893+0000] {dag.py:2726} INFO - Sync 1 DAGs
[2023-08-28T13:42:44.908+0000] {logging_mixin.py:149} INFO - [2023-08-28T13:42:44.908+0000] {dag.py:3490} INFO - Setting next_dagrun for example_dag_decorator to None, run_after=None
[2023-08-28T13:42:44.919+0000] {processor.py:179} INFO - Processing /home/airflow/.local/lib/python3.7/site-packages/airflow/example_dags/example_dag_decorator.py took 0.090 seconds
[2023-08-28T13:43:18.929+0000] {processor.py:157} INFO - Started process (PID=85926) to work on /home/airflow/.local/lib/python3.7/site-packages/airflow/example_dags/example_dag_decorator.py
[2023-08-28T13:43:18.931+0000] {processor.py:826} INFO - Processing file /home/airflow/.local/lib/python3.7/site-packages/airflow/example_dags/example_dag_decorator.py for tasks to queue
[2023-08-28T13:43:18.931+0000] {logging_mixin.py:149} INFO - [2023-08-28T13:43:18.931+0000] {dagbag.py:541} INFO - Filling up the DagBag from /home/airflow/.local/lib/python3.7/site-packages/airflow/example_dags/example_dag_decorator.py
[2023-08-28T13:43:18.937+0000] {logging_mixin.py:149} INFO - [2023-08-28T13:43:18.937+0000] {taskmixin.py:211} WARNING - Dependency <Task(_PythonDecoratedOperator): prepare_email>, send_email already registered for DAG: example_dag_decorator
[2023-08-28T13:43:18.938+0000] {logging_mixin.py:149} INFO - [2023-08-28T13:43:18.938+0000] {taskmixin.py:211} WARNING - Dependency <Task(EmailOperator): send_email>, prepare_email already registered for DAG: example_dag_decorator
[2023-08-28T13:43:18.945+0000] {processor.py:836} INFO - DAG(s) dict_keys(['example_dag_decorator']) retrieved from /home/airflow/.local/lib/python3.7/site-packages/airflow/example_dags/example_dag_decorator.py
[2023-08-28T13:43:18.996+0000] {logging_mixin.py:149} INFO - [2023-08-28T13:43:18.996+0000] {dag.py:2726} INFO - Sync 1 DAGs
[2023-08-28T13:43:19.017+0000] {logging_mixin.py:149} INFO - [2023-08-28T13:43:19.017+0000] {dag.py:3490} INFO - Setting next_dagrun for example_dag_decorator to None, run_after=None
[2023-08-28T13:43:19.029+0000] {processor.py:179} INFO - Processing /home/airflow/.local/lib/python3.7/site-packages/airflow/example_dags/example_dag_decorator.py took 0.103 seconds
[2023-08-28T13:43:52.926+0000] {processor.py:157} INFO - Started process (PID=85992) to work on /home/airflow/.local/lib/python3.7/site-packages/airflow/example_dags/example_dag_decorator.py
[2023-08-28T13:43:52.927+0000] {processor.py:826} INFO - Processing file /home/airflow/.local/lib/python3.7/site-packages/airflow/example_dags/example_dag_decorator.py for tasks to queue
[2023-08-28T13:43:52.928+0000] {logging_mixin.py:149} INFO - [2023-08-28T13:43:52.928+0000] {dagbag.py:541} INFO - Filling up the DagBag from /home/airflow/.local/lib/python3.7/site-packages/airflow/example_dags/example_dag_decorator.py
[2023-08-28T13:43:52.934+0000] {logging_mixin.py:149} INFO - [2023-08-28T13:43:52.934+0000] {taskmixin.py:211} WARNING - Dependency <Task(_PythonDecoratedOperator): prepare_email>, send_email already registered for DAG: example_dag_decorator
[2023-08-28T13:43:52.936+0000] {logging_mixin.py:149} INFO - [2023-08-28T13:43:52.935+0000] {taskmixin.py:211} WARNING - Dependency <Task(EmailOperator): send_email>, prepare_email already registered for DAG: example_dag_decorator
[2023-08-28T13:43:52.946+0000] {processor.py:836} INFO - DAG(s) dict_keys(['example_dag_decorator']) retrieved from /home/airflow/.local/lib/python3.7/site-packages/airflow/example_dags/example_dag_decorator.py
[2023-08-28T13:43:52.992+0000] {logging_mixin.py:149} INFO - [2023-08-28T13:43:52.992+0000] {dag.py:2726} INFO - Sync 1 DAGs
[2023-08-28T13:43:53.010+0000] {logging_mixin.py:149} INFO - [2023-08-28T13:43:53.010+0000] {dag.py:3490} INFO - Setting next_dagrun for example_dag_decorator to None, run_after=None
[2023-08-28T13:43:53.023+0000] {processor.py:179} INFO - Processing /home/airflow/.local/lib/python3.7/site-packages/airflow/example_dags/example_dag_decorator.py took 0.099 seconds
[2023-08-28T13:44:27.046+0000] {processor.py:157} INFO - Started process (PID=86059) to work on /home/airflow/.local/lib/python3.7/site-packages/airflow/example_dags/example_dag_decorator.py
[2023-08-28T13:44:27.047+0000] {processor.py:826} INFO - Processing file /home/airflow/.local/lib/python3.7/site-packages/airflow/example_dags/example_dag_decorator.py for tasks to queue
[2023-08-28T13:44:27.047+0000] {logging_mixin.py:149} INFO - [2023-08-28T13:44:27.047+0000] {dagbag.py:541} INFO - Filling up the DagBag from /home/airflow/.local/lib/python3.7/site-packages/airflow/example_dags/example_dag_decorator.py
[2023-08-28T13:44:27.053+0000] {logging_mixin.py:149} INFO - [2023-08-28T13:44:27.053+0000] {taskmixin.py:211} WARNING - Dependency <Task(_PythonDecoratedOperator): prepare_email>, send_email already registered for DAG: example_dag_decorator
[2023-08-28T13:44:27.053+0000] {logging_mixin.py:149} INFO - [2023-08-28T13:44:27.053+0000] {taskmixin.py:211} WARNING - Dependency <Task(EmailOperator): send_email>, prepare_email already registered for DAG: example_dag_decorator
[2023-08-28T13:44:27.061+0000] {processor.py:836} INFO - DAG(s) dict_keys(['example_dag_decorator']) retrieved from /home/airflow/.local/lib/python3.7/site-packages/airflow/example_dags/example_dag_decorator.py
[2023-08-28T13:44:27.107+0000] {logging_mixin.py:149} INFO - [2023-08-28T13:44:27.107+0000] {dag.py:2726} INFO - Sync 1 DAGs
[2023-08-28T13:44:27.122+0000] {logging_mixin.py:149} INFO - [2023-08-28T13:44:27.122+0000] {dag.py:3490} INFO - Setting next_dagrun for example_dag_decorator to None, run_after=None
[2023-08-28T13:44:27.139+0000] {processor.py:179} INFO - Processing /home/airflow/.local/lib/python3.7/site-packages/airflow/example_dags/example_dag_decorator.py took 0.096 seconds
[2023-08-28T13:45:00.922+0000] {processor.py:157} INFO - Started process (PID=86125) to work on /home/airflow/.local/lib/python3.7/site-packages/airflow/example_dags/example_dag_decorator.py
[2023-08-28T13:45:00.923+0000] {processor.py:826} INFO - Processing file /home/airflow/.local/lib/python3.7/site-packages/airflow/example_dags/example_dag_decorator.py for tasks to queue
[2023-08-28T13:45:00.924+0000] {logging_mixin.py:149} INFO - [2023-08-28T13:45:00.924+0000] {dagbag.py:541} INFO - Filling up the DagBag from /home/airflow/.local/lib/python3.7/site-packages/airflow/example_dags/example_dag_decorator.py
[2023-08-28T13:45:00.929+0000] {logging_mixin.py:149} INFO - [2023-08-28T13:45:00.929+0000] {taskmixin.py:211} WARNING - Dependency <Task(_PythonDecoratedOperator): prepare_email>, send_email already registered for DAG: example_dag_decorator
[2023-08-28T13:45:00.930+0000] {logging_mixin.py:149} INFO - [2023-08-28T13:45:00.930+0000] {taskmixin.py:211} WARNING - Dependency <Task(EmailOperator): send_email>, prepare_email already registered for DAG: example_dag_decorator
[2023-08-28T13:45:00.936+0000] {processor.py:836} INFO - DAG(s) dict_keys(['example_dag_decorator']) retrieved from /home/airflow/.local/lib/python3.7/site-packages/airflow/example_dags/example_dag_decorator.py
[2023-08-28T13:45:00.979+0000] {logging_mixin.py:149} INFO - [2023-08-28T13:45:00.979+0000] {dag.py:2726} INFO - Sync 1 DAGs
[2023-08-28T13:45:00.994+0000] {logging_mixin.py:149} INFO - [2023-08-28T13:45:00.994+0000] {dag.py:3490} INFO - Setting next_dagrun for example_dag_decorator to None, run_after=None
[2023-08-28T13:45:01.005+0000] {processor.py:179} INFO - Processing /home/airflow/.local/lib/python3.7/site-packages/airflow/example_dags/example_dag_decorator.py took 0.086 seconds
[2023-08-28T13:45:35.177+0000] {processor.py:157} INFO - Started process (PID=86191) to work on /home/airflow/.local/lib/python3.7/site-packages/airflow/example_dags/example_dag_decorator.py
[2023-08-28T13:45:35.178+0000] {processor.py:826} INFO - Processing file /home/airflow/.local/lib/python3.7/site-packages/airflow/example_dags/example_dag_decorator.py for tasks to queue
[2023-08-28T13:45:35.179+0000] {logging_mixin.py:149} INFO - [2023-08-28T13:45:35.179+0000] {dagbag.py:541} INFO - Filling up the DagBag from /home/airflow/.local/lib/python3.7/site-packages/airflow/example_dags/example_dag_decorator.py
[2023-08-28T13:45:35.185+0000] {logging_mixin.py:149} INFO - [2023-08-28T13:45:35.185+0000] {taskmixin.py:211} WARNING - Dependency <Task(_PythonDecoratedOperator): prepare_email>, send_email already registered for DAG: example_dag_decorator
[2023-08-28T13:45:35.189+0000] {logging_mixin.py:149} INFO - [2023-08-28T13:45:35.189+0000] {taskmixin.py:211} WARNING - Dependency <Task(EmailOperator): send_email>, prepare_email already registered for DAG: example_dag_decorator
[2023-08-28T13:45:35.195+0000] {processor.py:836} INFO - DAG(s) dict_keys(['example_dag_decorator']) retrieved from /home/airflow/.local/lib/python3.7/site-packages/airflow/example_dags/example_dag_decorator.py
[2023-08-28T13:45:35.242+0000] {logging_mixin.py:149} INFO - [2023-08-28T13:45:35.241+0000] {dag.py:2726} INFO - Sync 1 DAGs
[2023-08-28T13:45:35.260+0000] {logging_mixin.py:149} INFO - [2023-08-28T13:45:35.260+0000] {dag.py:3490} INFO - Setting next_dagrun for example_dag_decorator to None, run_after=None
[2023-08-28T13:45:35.273+0000] {processor.py:179} INFO - Processing /home/airflow/.local/lib/python3.7/site-packages/airflow/example_dags/example_dag_decorator.py took 0.099 seconds
[2023-08-28T13:46:09.301+0000] {processor.py:157} INFO - Started process (PID=86257) to work on /home/airflow/.local/lib/python3.7/site-packages/airflow/example_dags/example_dag_decorator.py
[2023-08-28T13:46:09.302+0000] {processor.py:826} INFO - Processing file /home/airflow/.local/lib/python3.7/site-packages/airflow/example_dags/example_dag_decorator.py for tasks to queue
[2023-08-28T13:46:09.303+0000] {logging_mixin.py:149} INFO - [2023-08-28T13:46:09.303+0000] {dagbag.py:541} INFO - Filling up the DagBag from /home/airflow/.local/lib/python3.7/site-packages/airflow/example_dags/example_dag_decorator.py
[2023-08-28T13:46:09.312+0000] {logging_mixin.py:149} INFO - [2023-08-28T13:46:09.312+0000] {taskmixin.py:211} WARNING - Dependency <Task(_PythonDecoratedOperator): prepare_email>, send_email already registered for DAG: example_dag_decorator
[2023-08-28T13:46:09.313+0000] {logging_mixin.py:149} INFO - [2023-08-28T13:46:09.313+0000] {taskmixin.py:211} WARNING - Dependency <Task(EmailOperator): send_email>, prepare_email already registered for DAG: example_dag_decorator
[2023-08-28T13:46:09.323+0000] {processor.py:836} INFO - DAG(s) dict_keys(['example_dag_decorator']) retrieved from /home/airflow/.local/lib/python3.7/site-packages/airflow/example_dags/example_dag_decorator.py
[2023-08-28T13:46:09.365+0000] {logging_mixin.py:149} INFO - [2023-08-28T13:46:09.365+0000] {dag.py:2726} INFO - Sync 1 DAGs
[2023-08-28T13:46:09.378+0000] {logging_mixin.py:149} INFO - [2023-08-28T13:46:09.378+0000] {dag.py:3490} INFO - Setting next_dagrun for example_dag_decorator to None, run_after=None
[2023-08-28T13:46:09.391+0000] {processor.py:179} INFO - Processing /home/airflow/.local/lib/python3.7/site-packages/airflow/example_dags/example_dag_decorator.py took 0.092 seconds
[2023-08-28T13:46:43.462+0000] {processor.py:157} INFO - Started process (PID=86322) to work on /home/airflow/.local/lib/python3.7/site-packages/airflow/example_dags/example_dag_decorator.py
[2023-08-28T13:46:43.463+0000] {processor.py:826} INFO - Processing file /home/airflow/.local/lib/python3.7/site-packages/airflow/example_dags/example_dag_decorator.py for tasks to queue
[2023-08-28T13:46:43.464+0000] {logging_mixin.py:149} INFO - [2023-08-28T13:46:43.464+0000] {dagbag.py:541} INFO - Filling up the DagBag from /home/airflow/.local/lib/python3.7/site-packages/airflow/example_dags/example_dag_decorator.py
[2023-08-28T13:46:43.470+0000] {logging_mixin.py:149} INFO - [2023-08-28T13:46:43.470+0000] {taskmixin.py:211} WARNING - Dependency <Task(_PythonDecoratedOperator): prepare_email>, send_email already registered for DAG: example_dag_decorator
[2023-08-28T13:46:43.471+0000] {logging_mixin.py:149} INFO - [2023-08-28T13:46:43.471+0000] {taskmixin.py:211} WARNING - Dependency <Task(EmailOperator): send_email>, prepare_email already registered for DAG: example_dag_decorator
[2023-08-28T13:46:43.477+0000] {processor.py:836} INFO - DAG(s) dict_keys(['example_dag_decorator']) retrieved from /home/airflow/.local/lib/python3.7/site-packages/airflow/example_dags/example_dag_decorator.py
[2023-08-28T13:46:43.523+0000] {logging_mixin.py:149} INFO - [2023-08-28T13:46:43.522+0000] {dag.py:2726} INFO - Sync 1 DAGs
[2023-08-28T13:46:43.538+0000] {logging_mixin.py:149} INFO - [2023-08-28T13:46:43.538+0000] {dag.py:3490} INFO - Setting next_dagrun for example_dag_decorator to None, run_after=None
[2023-08-28T13:46:43.554+0000] {processor.py:179} INFO - Processing /home/airflow/.local/lib/python3.7/site-packages/airflow/example_dags/example_dag_decorator.py took 0.095 seconds
[2023-08-28T13:47:17.450+0000] {processor.py:157} INFO - Started process (PID=86396) to work on /home/airflow/.local/lib/python3.7/site-packages/airflow/example_dags/example_dag_decorator.py
[2023-08-28T13:47:17.452+0000] {processor.py:826} INFO - Processing file /home/airflow/.local/lib/python3.7/site-packages/airflow/example_dags/example_dag_decorator.py for tasks to queue
[2023-08-28T13:47:17.452+0000] {logging_mixin.py:149} INFO - [2023-08-28T13:47:17.452+0000] {dagbag.py:541} INFO - Filling up the DagBag from /home/airflow/.local/lib/python3.7/site-packages/airflow/example_dags/example_dag_decorator.py
[2023-08-28T13:47:17.458+0000] {logging_mixin.py:149} INFO - [2023-08-28T13:47:17.458+0000] {taskmixin.py:211} WARNING - Dependency <Task(_PythonDecoratedOperator): prepare_email>, send_email already registered for DAG: example_dag_decorator
[2023-08-28T13:47:17.459+0000] {logging_mixin.py:149} INFO - [2023-08-28T13:47:17.459+0000] {taskmixin.py:211} WARNING - Dependency <Task(EmailOperator): send_email>, prepare_email already registered for DAG: example_dag_decorator
[2023-08-28T13:47:17.465+0000] {processor.py:836} INFO - DAG(s) dict_keys(['example_dag_decorator']) retrieved from /home/airflow/.local/lib/python3.7/site-packages/airflow/example_dags/example_dag_decorator.py
[2023-08-28T13:47:17.517+0000] {logging_mixin.py:149} INFO - [2023-08-28T13:47:17.517+0000] {dag.py:2726} INFO - Sync 1 DAGs
[2023-08-28T13:47:17.531+0000] {logging_mixin.py:149} INFO - [2023-08-28T13:47:17.530+0000] {dag.py:3490} INFO - Setting next_dagrun for example_dag_decorator to None, run_after=None
[2023-08-28T13:47:17.543+0000] {processor.py:179} INFO - Processing /home/airflow/.local/lib/python3.7/site-packages/airflow/example_dags/example_dag_decorator.py took 0.096 seconds
[2023-08-28T13:47:51.675+0000] {processor.py:157} INFO - Started process (PID=86462) to work on /home/airflow/.local/lib/python3.7/site-packages/airflow/example_dags/example_dag_decorator.py
[2023-08-28T13:47:51.679+0000] {processor.py:826} INFO - Processing file /home/airflow/.local/lib/python3.7/site-packages/airflow/example_dags/example_dag_decorator.py for tasks to queue
[2023-08-28T13:47:51.682+0000] {logging_mixin.py:149} INFO - [2023-08-28T13:47:51.682+0000] {dagbag.py:541} INFO - Filling up the DagBag from /home/airflow/.local/lib/python3.7/site-packages/airflow/example_dags/example_dag_decorator.py
[2023-08-28T13:47:51.688+0000] {logging_mixin.py:149} INFO - [2023-08-28T13:47:51.688+0000] {taskmixin.py:211} WARNING - Dependency <Task(_PythonDecoratedOperator): prepare_email>, send_email already registered for DAG: example_dag_decorator
[2023-08-28T13:47:51.689+0000] {logging_mixin.py:149} INFO - [2023-08-28T13:47:51.689+0000] {taskmixin.py:211} WARNING - Dependency <Task(EmailOperator): send_email>, prepare_email already registered for DAG: example_dag_decorator
[2023-08-28T13:47:51.695+0000] {processor.py:836} INFO - DAG(s) dict_keys(['example_dag_decorator']) retrieved from /home/airflow/.local/lib/python3.7/site-packages/airflow/example_dags/example_dag_decorator.py
[2023-08-28T13:47:51.743+0000] {logging_mixin.py:149} INFO - [2023-08-28T13:47:51.743+0000] {dag.py:2726} INFO - Sync 1 DAGs
[2023-08-28T13:47:51.756+0000] {logging_mixin.py:149} INFO - [2023-08-28T13:47:51.756+0000] {dag.py:3490} INFO - Setting next_dagrun for example_dag_decorator to None, run_after=None
[2023-08-28T13:47:51.768+0000] {processor.py:179} INFO - Processing /home/airflow/.local/lib/python3.7/site-packages/airflow/example_dags/example_dag_decorator.py took 0.096 seconds
[2023-08-28T13:48:25.088+0000] {processor.py:157} INFO - Started process (PID=86528) to work on /home/airflow/.local/lib/python3.7/site-packages/airflow/example_dags/example_dag_decorator.py
[2023-08-28T13:48:25.089+0000] {processor.py:826} INFO - Processing file /home/airflow/.local/lib/python3.7/site-packages/airflow/example_dags/example_dag_decorator.py for tasks to queue
[2023-08-28T13:48:25.089+0000] {logging_mixin.py:149} INFO - [2023-08-28T13:48:25.089+0000] {dagbag.py:541} INFO - Filling up the DagBag from /home/airflow/.local/lib/python3.7/site-packages/airflow/example_dags/example_dag_decorator.py
[2023-08-28T13:48:25.095+0000] {logging_mixin.py:149} INFO - [2023-08-28T13:48:25.095+0000] {taskmixin.py:211} WARNING - Dependency <Task(_PythonDecoratedOperator): prepare_email>, send_email already registered for DAG: example_dag_decorator
[2023-08-28T13:48:25.095+0000] {logging_mixin.py:149} INFO - [2023-08-28T13:48:25.095+0000] {taskmixin.py:211} WARNING - Dependency <Task(EmailOperator): send_email>, prepare_email already registered for DAG: example_dag_decorator
[2023-08-28T13:48:25.102+0000] {processor.py:836} INFO - DAG(s) dict_keys(['example_dag_decorator']) retrieved from /home/airflow/.local/lib/python3.7/site-packages/airflow/example_dags/example_dag_decorator.py
[2023-08-28T13:48:25.143+0000] {logging_mixin.py:149} INFO - [2023-08-28T13:48:25.143+0000] {dag.py:2726} INFO - Sync 1 DAGs
[2023-08-28T13:48:25.157+0000] {logging_mixin.py:149} INFO - [2023-08-28T13:48:25.157+0000] {dag.py:3490} INFO - Setting next_dagrun for example_dag_decorator to None, run_after=None
[2023-08-28T13:48:25.167+0000] {processor.py:179} INFO - Processing /home/airflow/.local/lib/python3.7/site-packages/airflow/example_dags/example_dag_decorator.py took 0.082 seconds
[2023-08-28T13:48:55.327+0000] {processor.py:157} INFO - Started process (PID=86586) to work on /home/airflow/.local/lib/python3.7/site-packages/airflow/example_dags/example_dag_decorator.py
[2023-08-28T13:48:55.328+0000] {processor.py:826} INFO - Processing file /home/airflow/.local/lib/python3.7/site-packages/airflow/example_dags/example_dag_decorator.py for tasks to queue
[2023-08-28T13:48:55.328+0000] {logging_mixin.py:149} INFO - [2023-08-28T13:48:55.328+0000] {dagbag.py:541} INFO - Filling up the DagBag from /home/airflow/.local/lib/python3.7/site-packages/airflow/example_dags/example_dag_decorator.py
[2023-08-28T13:48:55.333+0000] {logging_mixin.py:149} INFO - [2023-08-28T13:48:55.333+0000] {taskmixin.py:211} WARNING - Dependency <Task(_PythonDecoratedOperator): prepare_email>, send_email already registered for DAG: example_dag_decorator
[2023-08-28T13:48:55.334+0000] {logging_mixin.py:149} INFO - [2023-08-28T13:48:55.334+0000] {taskmixin.py:211} WARNING - Dependency <Task(EmailOperator): send_email>, prepare_email already registered for DAG: example_dag_decorator
[2023-08-28T13:48:55.341+0000] {processor.py:836} INFO - DAG(s) dict_keys(['example_dag_decorator']) retrieved from /home/airflow/.local/lib/python3.7/site-packages/airflow/example_dags/example_dag_decorator.py
[2023-08-28T13:48:55.383+0000] {logging_mixin.py:149} INFO - [2023-08-28T13:48:55.383+0000] {dag.py:2726} INFO - Sync 1 DAGs
[2023-08-28T13:48:55.397+0000] {logging_mixin.py:149} INFO - [2023-08-28T13:48:55.397+0000] {dag.py:3490} INFO - Setting next_dagrun for example_dag_decorator to None, run_after=None
[2023-08-28T13:48:55.409+0000] {processor.py:179} INFO - Processing /home/airflow/.local/lib/python3.7/site-packages/airflow/example_dags/example_dag_decorator.py took 0.085 seconds
[2023-08-28T13:49:25.540+0000] {processor.py:157} INFO - Started process (PID=86648) to work on /home/airflow/.local/lib/python3.7/site-packages/airflow/example_dags/example_dag_decorator.py
[2023-08-28T13:49:25.541+0000] {processor.py:826} INFO - Processing file /home/airflow/.local/lib/python3.7/site-packages/airflow/example_dags/example_dag_decorator.py for tasks to queue
[2023-08-28T13:49:25.542+0000] {logging_mixin.py:149} INFO - [2023-08-28T13:49:25.542+0000] {dagbag.py:541} INFO - Filling up the DagBag from /home/airflow/.local/lib/python3.7/site-packages/airflow/example_dags/example_dag_decorator.py
[2023-08-28T13:49:25.548+0000] {logging_mixin.py:149} INFO - [2023-08-28T13:49:25.548+0000] {taskmixin.py:211} WARNING - Dependency <Task(_PythonDecoratedOperator): prepare_email>, send_email already registered for DAG: example_dag_decorator
[2023-08-28T13:49:25.548+0000] {logging_mixin.py:149} INFO - [2023-08-28T13:49:25.548+0000] {taskmixin.py:211} WARNING - Dependency <Task(EmailOperator): send_email>, prepare_email already registered for DAG: example_dag_decorator
[2023-08-28T13:49:25.555+0000] {processor.py:836} INFO - DAG(s) dict_keys(['example_dag_decorator']) retrieved from /home/airflow/.local/lib/python3.7/site-packages/airflow/example_dags/example_dag_decorator.py
[2023-08-28T13:49:25.602+0000] {logging_mixin.py:149} INFO - [2023-08-28T13:49:25.602+0000] {dag.py:2726} INFO - Sync 1 DAGs
[2023-08-28T13:49:25.617+0000] {logging_mixin.py:149} INFO - [2023-08-28T13:49:25.616+0000] {dag.py:3490} INFO - Setting next_dagrun for example_dag_decorator to None, run_after=None
[2023-08-28T13:49:25.628+0000] {processor.py:179} INFO - Processing /home/airflow/.local/lib/python3.7/site-packages/airflow/example_dags/example_dag_decorator.py took 0.094 seconds
[2023-08-28T15:39:11.807+0000] {processor.py:157} INFO - Started process (PID=86719) to work on /home/airflow/.local/lib/python3.7/site-packages/airflow/example_dags/example_dag_decorator.py
[2023-08-28T15:39:11.808+0000] {processor.py:826} INFO - Processing file /home/airflow/.local/lib/python3.7/site-packages/airflow/example_dags/example_dag_decorator.py for tasks to queue
[2023-08-28T15:39:11.809+0000] {logging_mixin.py:149} INFO - [2023-08-28T15:39:11.809+0000] {dagbag.py:541} INFO - Filling up the DagBag from /home/airflow/.local/lib/python3.7/site-packages/airflow/example_dags/example_dag_decorator.py
[2023-08-28T15:39:11.823+0000] {logging_mixin.py:149} INFO - [2023-08-28T15:39:11.822+0000] {taskmixin.py:211} WARNING - Dependency <Task(_PythonDecoratedOperator): prepare_email>, send_email already registered for DAG: example_dag_decorator
[2023-08-28T15:39:11.823+0000] {logging_mixin.py:149} INFO - [2023-08-28T15:39:11.823+0000] {taskmixin.py:211} WARNING - Dependency <Task(EmailOperator): send_email>, prepare_email already registered for DAG: example_dag_decorator
[2023-08-28T15:39:11.830+0000] {processor.py:836} INFO - DAG(s) dict_keys(['example_dag_decorator']) retrieved from /home/airflow/.local/lib/python3.7/site-packages/airflow/example_dags/example_dag_decorator.py
[2023-08-28T15:39:11.875+0000] {logging_mixin.py:149} INFO - [2023-08-28T15:39:11.875+0000] {dag.py:2726} INFO - Sync 1 DAGs
[2023-08-28T15:39:11.890+0000] {logging_mixin.py:149} INFO - [2023-08-28T15:39:11.890+0000] {dag.py:3490} INFO - Setting next_dagrun for example_dag_decorator to None, run_after=None
[2023-08-28T15:39:11.901+0000] {processor.py:179} INFO - Processing /home/airflow/.local/lib/python3.7/site-packages/airflow/example_dags/example_dag_decorator.py took 0.097 seconds
[2023-08-28T16:02:17.647+0000] {processor.py:157} INFO - Started process (PID=86759) to work on /home/airflow/.local/lib/python3.7/site-packages/airflow/example_dags/example_dag_decorator.py
[2023-08-28T16:02:17.651+0000] {processor.py:826} INFO - Processing file /home/airflow/.local/lib/python3.7/site-packages/airflow/example_dags/example_dag_decorator.py for tasks to queue
[2023-08-28T16:02:17.654+0000] {logging_mixin.py:149} INFO - [2023-08-28T16:02:17.654+0000] {dagbag.py:541} INFO - Filling up the DagBag from /home/airflow/.local/lib/python3.7/site-packages/airflow/example_dags/example_dag_decorator.py
[2023-08-28T16:02:17.660+0000] {logging_mixin.py:149} INFO - [2023-08-28T16:02:17.660+0000] {taskmixin.py:211} WARNING - Dependency <Task(_PythonDecoratedOperator): prepare_email>, send_email already registered for DAG: example_dag_decorator
[2023-08-28T16:02:17.660+0000] {logging_mixin.py:149} INFO - [2023-08-28T16:02:17.660+0000] {taskmixin.py:211} WARNING - Dependency <Task(EmailOperator): send_email>, prepare_email already registered for DAG: example_dag_decorator
[2023-08-28T16:02:17.667+0000] {processor.py:836} INFO - DAG(s) dict_keys(['example_dag_decorator']) retrieved from /home/airflow/.local/lib/python3.7/site-packages/airflow/example_dags/example_dag_decorator.py
[2023-08-28T16:02:17.710+0000] {logging_mixin.py:149} INFO - [2023-08-28T16:02:17.710+0000] {dag.py:2726} INFO - Sync 1 DAGs
[2023-08-28T16:02:17.725+0000] {logging_mixin.py:149} INFO - [2023-08-28T16:02:17.725+0000] {dag.py:3490} INFO - Setting next_dagrun for example_dag_decorator to None, run_after=None
[2023-08-28T16:02:17.737+0000] {processor.py:179} INFO - Processing /home/airflow/.local/lib/python3.7/site-packages/airflow/example_dags/example_dag_decorator.py took 0.094 seconds
[2023-08-28T19:42:46.494+0000] {processor.py:157} INFO - Started process (PID=86825) to work on /home/airflow/.local/lib/python3.7/site-packages/airflow/example_dags/example_dag_decorator.py
[2023-08-28T19:42:46.496+0000] {processor.py:826} INFO - Processing file /home/airflow/.local/lib/python3.7/site-packages/airflow/example_dags/example_dag_decorator.py for tasks to queue
[2023-08-28T19:42:46.496+0000] {logging_mixin.py:149} INFO - [2023-08-28T19:42:46.496+0000] {dagbag.py:541} INFO - Filling up the DagBag from /home/airflow/.local/lib/python3.7/site-packages/airflow/example_dags/example_dag_decorator.py
[2023-08-28T19:42:46.502+0000] {logging_mixin.py:149} INFO - [2023-08-28T19:42:46.502+0000] {taskmixin.py:211} WARNING - Dependency <Task(_PythonDecoratedOperator): prepare_email>, send_email already registered for DAG: example_dag_decorator
[2023-08-28T19:42:46.503+0000] {logging_mixin.py:149} INFO - [2023-08-28T19:42:46.503+0000] {taskmixin.py:211} WARNING - Dependency <Task(EmailOperator): send_email>, prepare_email already registered for DAG: example_dag_decorator
[2023-08-28T19:42:46.510+0000] {processor.py:836} INFO - DAG(s) dict_keys(['example_dag_decorator']) retrieved from /home/airflow/.local/lib/python3.7/site-packages/airflow/example_dags/example_dag_decorator.py
[2023-08-28T19:42:46.556+0000] {logging_mixin.py:149} INFO - [2023-08-28T19:42:46.556+0000] {dag.py:2726} INFO - Sync 1 DAGs
[2023-08-28T19:42:46.570+0000] {logging_mixin.py:149} INFO - [2023-08-28T19:42:46.570+0000] {dag.py:3490} INFO - Setting next_dagrun for example_dag_decorator to None, run_after=None
[2023-08-28T19:42:46.582+0000] {processor.py:179} INFO - Processing /home/airflow/.local/lib/python3.7/site-packages/airflow/example_dags/example_dag_decorator.py took 0.091 seconds
[2023-08-28T21:57:39.531+0000] {processor.py:157} INFO - Started process (PID=86891) to work on /home/airflow/.local/lib/python3.7/site-packages/airflow/example_dags/example_dag_decorator.py
[2023-08-28T21:57:39.532+0000] {processor.py:826} INFO - Processing file /home/airflow/.local/lib/python3.7/site-packages/airflow/example_dags/example_dag_decorator.py for tasks to queue
[2023-08-28T21:57:39.533+0000] {logging_mixin.py:149} INFO - [2023-08-28T21:57:39.533+0000] {dagbag.py:541} INFO - Filling up the DagBag from /home/airflow/.local/lib/python3.7/site-packages/airflow/example_dags/example_dag_decorator.py
[2023-08-28T21:57:39.540+0000] {logging_mixin.py:149} INFO - [2023-08-28T21:57:39.539+0000] {taskmixin.py:211} WARNING - Dependency <Task(_PythonDecoratedOperator): prepare_email>, send_email already registered for DAG: example_dag_decorator
[2023-08-28T21:57:39.540+0000] {logging_mixin.py:149} INFO - [2023-08-28T21:57:39.540+0000] {taskmixin.py:211} WARNING - Dependency <Task(EmailOperator): send_email>, prepare_email already registered for DAG: example_dag_decorator
[2023-08-28T21:57:39.548+0000] {processor.py:836} INFO - DAG(s) dict_keys(['example_dag_decorator']) retrieved from /home/airflow/.local/lib/python3.7/site-packages/airflow/example_dags/example_dag_decorator.py
[2023-08-28T21:57:39.598+0000] {logging_mixin.py:149} INFO - [2023-08-28T21:57:39.598+0000] {dag.py:2726} INFO - Sync 1 DAGs
[2023-08-28T21:57:39.615+0000] {logging_mixin.py:149} INFO - [2023-08-28T21:57:39.614+0000] {dag.py:3490} INFO - Setting next_dagrun for example_dag_decorator to None, run_after=None
[2023-08-28T21:57:39.627+0000] {processor.py:179} INFO - Processing /home/airflow/.local/lib/python3.7/site-packages/airflow/example_dags/example_dag_decorator.py took 0.099 seconds
