[2023-08-28T01:05:01.457+0000] {processor.py:157} INFO - Started process (PID=83782) to work on /home/airflow/.local/lib/python3.7/site-packages/airflow/example_dags/example_branch_python_dop_operator_3.py
[2023-08-28T01:05:01.458+0000] {processor.py:826} INFO - Processing file /home/airflow/.local/lib/python3.7/site-packages/airflow/example_dags/example_branch_python_dop_operator_3.py for tasks to queue
[2023-08-28T01:05:01.462+0000] {logging_mixin.py:149} INFO - [2023-08-28T01:05:01.459+0000] {dagbag.py:541} INFO - Filling up the DagBag from /home/airflow/.local/lib/python3.7/site-packages/airflow/example_dags/example_branch_python_dop_operator_3.py
[2023-08-28T01:05:01.468+0000] {processor.py:836} INFO - DAG(s) dict_keys(['example_branch_dop_operator_v3']) retrieved from /home/airflow/.local/lib/python3.7/site-packages/airflow/example_dags/example_branch_python_dop_operator_3.py
[2023-08-28T01:05:01.489+0000] {logging_mixin.py:149} INFO - [2023-08-28T01:05:01.489+0000] {dag.py:2726} INFO - Sync 1 DAGs
[2023-08-28T01:05:01.507+0000] {logging_mixin.py:149} INFO - [2023-08-28T01:05:01.507+0000] {dag.py:3490} INFO - Setting next_dagrun for example_branch_dop_operator_v3 to 2023-08-28T01:04:00+00:00, run_after=2023-08-28T01:05:00+00:00
[2023-08-28T01:05:01.518+0000] {processor.py:179} INFO - Processing /home/airflow/.local/lib/python3.7/site-packages/airflow/example_dags/example_branch_python_dop_operator_3.py took 0.065 seconds
[2023-08-28T01:44:02.576+0000] {processor.py:157} INFO - Started process (PID=83847) to work on /home/airflow/.local/lib/python3.7/site-packages/airflow/example_dags/example_branch_python_dop_operator_3.py
[2023-08-28T01:44:02.577+0000] {processor.py:826} INFO - Processing file /home/airflow/.local/lib/python3.7/site-packages/airflow/example_dags/example_branch_python_dop_operator_3.py for tasks to queue
[2023-08-28T01:44:02.578+0000] {logging_mixin.py:149} INFO - [2023-08-28T01:44:02.578+0000] {dagbag.py:541} INFO - Filling up the DagBag from /home/airflow/.local/lib/python3.7/site-packages/airflow/example_dags/example_branch_python_dop_operator_3.py
[2023-08-28T01:44:02.586+0000] {processor.py:836} INFO - DAG(s) dict_keys(['example_branch_dop_operator_v3']) retrieved from /home/airflow/.local/lib/python3.7/site-packages/airflow/example_dags/example_branch_python_dop_operator_3.py
[2023-08-28T01:44:02.607+0000] {logging_mixin.py:149} INFO - [2023-08-28T01:44:02.607+0000] {dag.py:2726} INFO - Sync 1 DAGs
[2023-08-28T01:44:02.626+0000] {logging_mixin.py:149} INFO - [2023-08-28T01:44:02.626+0000] {dag.py:3490} INFO - Setting next_dagrun for example_branch_dop_operator_v3 to 2023-08-28T01:43:00+00:00, run_after=2023-08-28T01:44:00+00:00
[2023-08-28T01:44:02.640+0000] {processor.py:179} INFO - Processing /home/airflow/.local/lib/python3.7/site-packages/airflow/example_dags/example_branch_python_dop_operator_3.py took 0.067 seconds
[2023-08-28T05:22:00.899+0000] {processor.py:157} INFO - Started process (PID=83913) to work on /home/airflow/.local/lib/python3.7/site-packages/airflow/example_dags/example_branch_python_dop_operator_3.py
[2023-08-28T05:22:00.900+0000] {processor.py:826} INFO - Processing file /home/airflow/.local/lib/python3.7/site-packages/airflow/example_dags/example_branch_python_dop_operator_3.py for tasks to queue
[2023-08-28T05:22:00.901+0000] {logging_mixin.py:149} INFO - [2023-08-28T05:22:00.901+0000] {dagbag.py:541} INFO - Filling up the DagBag from /home/airflow/.local/lib/python3.7/site-packages/airflow/example_dags/example_branch_python_dop_operator_3.py
[2023-08-28T05:22:00.908+0000] {processor.py:836} INFO - DAG(s) dict_keys(['example_branch_dop_operator_v3']) retrieved from /home/airflow/.local/lib/python3.7/site-packages/airflow/example_dags/example_branch_python_dop_operator_3.py
[2023-08-28T05:22:00.930+0000] {logging_mixin.py:149} INFO - [2023-08-28T05:22:00.930+0000] {dag.py:2726} INFO - Sync 1 DAGs
[2023-08-28T05:22:00.951+0000] {logging_mixin.py:149} INFO - [2023-08-28T05:22:00.951+0000] {dag.py:3490} INFO - Setting next_dagrun for example_branch_dop_operator_v3 to 2023-08-28T05:21:00+00:00, run_after=2023-08-28T05:22:00+00:00
[2023-08-28T05:22:00.965+0000] {processor.py:179} INFO - Processing /home/airflow/.local/lib/python3.7/site-packages/airflow/example_dags/example_branch_python_dop_operator_3.py took 0.069 seconds
[2023-08-28T07:45:45.988+0000] {processor.py:157} INFO - Started process (PID=83980) to work on /home/airflow/.local/lib/python3.7/site-packages/airflow/example_dags/example_branch_python_dop_operator_3.py
[2023-08-28T07:45:45.989+0000] {processor.py:826} INFO - Processing file /home/airflow/.local/lib/python3.7/site-packages/airflow/example_dags/example_branch_python_dop_operator_3.py for tasks to queue
[2023-08-28T07:45:45.990+0000] {logging_mixin.py:149} INFO - [2023-08-28T07:45:45.990+0000] {dagbag.py:541} INFO - Filling up the DagBag from /home/airflow/.local/lib/python3.7/site-packages/airflow/example_dags/example_branch_python_dop_operator_3.py
[2023-08-28T07:45:45.998+0000] {processor.py:836} INFO - DAG(s) dict_keys(['example_branch_dop_operator_v3']) retrieved from /home/airflow/.local/lib/python3.7/site-packages/airflow/example_dags/example_branch_python_dop_operator_3.py
[2023-08-28T07:45:46.021+0000] {logging_mixin.py:149} INFO - [2023-08-28T07:45:46.021+0000] {dag.py:2726} INFO - Sync 1 DAGs
[2023-08-28T07:45:46.047+0000] {logging_mixin.py:149} INFO - [2023-08-28T07:45:46.047+0000] {dag.py:3490} INFO - Setting next_dagrun for example_branch_dop_operator_v3 to 2023-08-28T07:44:00+00:00, run_after=2023-08-28T07:45:00+00:00
[2023-08-28T07:45:46.059+0000] {processor.py:179} INFO - Processing /home/airflow/.local/lib/python3.7/site-packages/airflow/example_dags/example_branch_python_dop_operator_3.py took 0.075 seconds
[2023-08-28T10:16:20.963+0000] {processor.py:157} INFO - Started process (PID=84045) to work on /home/airflow/.local/lib/python3.7/site-packages/airflow/example_dags/example_branch_python_dop_operator_3.py
[2023-08-28T10:16:20.965+0000] {processor.py:826} INFO - Processing file /home/airflow/.local/lib/python3.7/site-packages/airflow/example_dags/example_branch_python_dop_operator_3.py for tasks to queue
[2023-08-28T10:16:20.966+0000] {logging_mixin.py:149} INFO - [2023-08-28T10:16:20.965+0000] {dagbag.py:541} INFO - Filling up the DagBag from /home/airflow/.local/lib/python3.7/site-packages/airflow/example_dags/example_branch_python_dop_operator_3.py
[2023-08-28T10:16:20.972+0000] {processor.py:836} INFO - DAG(s) dict_keys(['example_branch_dop_operator_v3']) retrieved from /home/airflow/.local/lib/python3.7/site-packages/airflow/example_dags/example_branch_python_dop_operator_3.py
[2023-08-28T10:16:20.995+0000] {logging_mixin.py:149} INFO - [2023-08-28T10:16:20.995+0000] {dag.py:2726} INFO - Sync 1 DAGs
[2023-08-28T10:16:21.015+0000] {logging_mixin.py:149} INFO - [2023-08-28T10:16:21.015+0000] {dag.py:3490} INFO - Setting next_dagrun for example_branch_dop_operator_v3 to 2023-08-28T10:15:00+00:00, run_after=2023-08-28T10:16:00+00:00
[2023-08-28T10:16:21.027+0000] {processor.py:179} INFO - Processing /home/airflow/.local/lib/python3.7/site-packages/airflow/example_dags/example_branch_python_dop_operator_3.py took 0.068 seconds
[2023-08-28T10:49:13.420+0000] {processor.py:157} INFO - Started process (PID=84112) to work on /home/airflow/.local/lib/python3.7/site-packages/airflow/example_dags/example_branch_python_dop_operator_3.py
[2023-08-28T10:49:13.421+0000] {processor.py:826} INFO - Processing file /home/airflow/.local/lib/python3.7/site-packages/airflow/example_dags/example_branch_python_dop_operator_3.py for tasks to queue
[2023-08-28T10:49:13.422+0000] {logging_mixin.py:149} INFO - [2023-08-28T10:49:13.422+0000] {dagbag.py:541} INFO - Filling up the DagBag from /home/airflow/.local/lib/python3.7/site-packages/airflow/example_dags/example_branch_python_dop_operator_3.py
[2023-08-28T10:49:13.429+0000] {processor.py:836} INFO - DAG(s) dict_keys(['example_branch_dop_operator_v3']) retrieved from /home/airflow/.local/lib/python3.7/site-packages/airflow/example_dags/example_branch_python_dop_operator_3.py
[2023-08-28T10:49:13.454+0000] {logging_mixin.py:149} INFO - [2023-08-28T10:49:13.454+0000] {dag.py:2726} INFO - Sync 1 DAGs
[2023-08-28T10:49:13.482+0000] {logging_mixin.py:149} INFO - [2023-08-28T10:49:13.482+0000] {dag.py:3490} INFO - Setting next_dagrun for example_branch_dop_operator_v3 to 2023-08-28T10:48:00+00:00, run_after=2023-08-28T10:49:00+00:00
[2023-08-28T10:49:13.503+0000] {processor.py:179} INFO - Processing /home/airflow/.local/lib/python3.7/site-packages/airflow/example_dags/example_branch_python_dop_operator_3.py took 0.086 seconds
[2023-08-28T10:59:27.294+0000] {processor.py:157} INFO - Started process (PID=84179) to work on /home/airflow/.local/lib/python3.7/site-packages/airflow/example_dags/example_branch_python_dop_operator_3.py
[2023-08-28T10:59:27.295+0000] {processor.py:826} INFO - Processing file /home/airflow/.local/lib/python3.7/site-packages/airflow/example_dags/example_branch_python_dop_operator_3.py for tasks to queue
[2023-08-28T10:59:27.296+0000] {logging_mixin.py:149} INFO - [2023-08-28T10:59:27.296+0000] {dagbag.py:541} INFO - Filling up the DagBag from /home/airflow/.local/lib/python3.7/site-packages/airflow/example_dags/example_branch_python_dop_operator_3.py
[2023-08-28T10:59:27.303+0000] {processor.py:836} INFO - DAG(s) dict_keys(['example_branch_dop_operator_v3']) retrieved from /home/airflow/.local/lib/python3.7/site-packages/airflow/example_dags/example_branch_python_dop_operator_3.py
[2023-08-28T10:59:27.327+0000] {logging_mixin.py:149} INFO - [2023-08-28T10:59:27.327+0000] {dag.py:2726} INFO - Sync 1 DAGs
[2023-08-28T10:59:27.358+0000] {logging_mixin.py:149} INFO - [2023-08-28T10:59:27.358+0000] {dag.py:3490} INFO - Setting next_dagrun for example_branch_dop_operator_v3 to 2023-08-28T10:58:00+00:00, run_after=2023-08-28T10:59:00+00:00
[2023-08-28T10:59:27.371+0000] {processor.py:179} INFO - Processing /home/airflow/.local/lib/python3.7/site-packages/airflow/example_dags/example_branch_python_dop_operator_3.py took 0.079 seconds
[2023-08-28T13:29:08.117+0000] {processor.py:157} INFO - Started process (PID=84245) to work on /home/airflow/.local/lib/python3.7/site-packages/airflow/example_dags/example_branch_python_dop_operator_3.py
[2023-08-28T13:29:08.122+0000] {processor.py:826} INFO - Processing file /home/airflow/.local/lib/python3.7/site-packages/airflow/example_dags/example_branch_python_dop_operator_3.py for tasks to queue
[2023-08-28T13:29:08.123+0000] {logging_mixin.py:149} INFO - [2023-08-28T13:29:08.123+0000] {dagbag.py:541} INFO - Filling up the DagBag from /home/airflow/.local/lib/python3.7/site-packages/airflow/example_dags/example_branch_python_dop_operator_3.py
[2023-08-28T13:29:08.133+0000] {processor.py:836} INFO - DAG(s) dict_keys(['example_branch_dop_operator_v3']) retrieved from /home/airflow/.local/lib/python3.7/site-packages/airflow/example_dags/example_branch_python_dop_operator_3.py
[2023-08-28T13:29:08.188+0000] {logging_mixin.py:149} INFO - [2023-08-28T13:29:08.188+0000] {dag.py:2726} INFO - Sync 1 DAGs
[2023-08-28T13:29:08.222+0000] {logging_mixin.py:149} INFO - [2023-08-28T13:29:08.222+0000] {dag.py:3490} INFO - Setting next_dagrun for example_branch_dop_operator_v3 to 2023-08-28T13:28:00+00:00, run_after=2023-08-28T13:29:00+00:00
[2023-08-28T13:29:08.236+0000] {processor.py:179} INFO - Processing /home/airflow/.local/lib/python3.7/site-packages/airflow/example_dags/example_branch_python_dop_operator_3.py took 0.122 seconds
[2023-08-28T13:29:41.512+0000] {processor.py:157} INFO - Started process (PID=84311) to work on /home/airflow/.local/lib/python3.7/site-packages/airflow/example_dags/example_branch_python_dop_operator_3.py
[2023-08-28T13:29:41.514+0000] {processor.py:826} INFO - Processing file /home/airflow/.local/lib/python3.7/site-packages/airflow/example_dags/example_branch_python_dop_operator_3.py for tasks to queue
[2023-08-28T13:29:41.515+0000] {logging_mixin.py:149} INFO - [2023-08-28T13:29:41.515+0000] {dagbag.py:541} INFO - Filling up the DagBag from /home/airflow/.local/lib/python3.7/site-packages/airflow/example_dags/example_branch_python_dop_operator_3.py
[2023-08-28T13:29:41.521+0000] {processor.py:836} INFO - DAG(s) dict_keys(['example_branch_dop_operator_v3']) retrieved from /home/airflow/.local/lib/python3.7/site-packages/airflow/example_dags/example_branch_python_dop_operator_3.py
[2023-08-28T13:29:41.544+0000] {logging_mixin.py:149} INFO - [2023-08-28T13:29:41.544+0000] {dag.py:2726} INFO - Sync 1 DAGs
[2023-08-28T13:29:41.564+0000] {logging_mixin.py:149} INFO - [2023-08-28T13:29:41.564+0000] {dag.py:3490} INFO - Setting next_dagrun for example_branch_dop_operator_v3 to 2023-08-28T13:28:00+00:00, run_after=2023-08-28T13:29:00+00:00
[2023-08-28T13:29:41.581+0000] {processor.py:179} INFO - Processing /home/airflow/.local/lib/python3.7/site-packages/airflow/example_dags/example_branch_python_dop_operator_3.py took 0.076 seconds
[2023-08-28T13:30:15.773+0000] {processor.py:157} INFO - Started process (PID=84384) to work on /home/airflow/.local/lib/python3.7/site-packages/airflow/example_dags/example_branch_python_dop_operator_3.py
[2023-08-28T13:30:15.774+0000] {processor.py:826} INFO - Processing file /home/airflow/.local/lib/python3.7/site-packages/airflow/example_dags/example_branch_python_dop_operator_3.py for tasks to queue
[2023-08-28T13:30:15.775+0000] {logging_mixin.py:149} INFO - [2023-08-28T13:30:15.775+0000] {dagbag.py:541} INFO - Filling up the DagBag from /home/airflow/.local/lib/python3.7/site-packages/airflow/example_dags/example_branch_python_dop_operator_3.py
[2023-08-28T13:30:15.782+0000] {processor.py:836} INFO - DAG(s) dict_keys(['example_branch_dop_operator_v3']) retrieved from /home/airflow/.local/lib/python3.7/site-packages/airflow/example_dags/example_branch_python_dop_operator_3.py
[2023-08-28T13:30:15.809+0000] {logging_mixin.py:149} INFO - [2023-08-28T13:30:15.808+0000] {dag.py:2726} INFO - Sync 1 DAGs
[2023-08-28T13:30:15.828+0000] {logging_mixin.py:149} INFO - [2023-08-28T13:30:15.828+0000] {dag.py:3490} INFO - Setting next_dagrun for example_branch_dop_operator_v3 to 2023-08-28T13:29:00+00:00, run_after=2023-08-28T13:30:00+00:00
[2023-08-28T13:30:15.841+0000] {processor.py:179} INFO - Processing /home/airflow/.local/lib/python3.7/site-packages/airflow/example_dags/example_branch_python_dop_operator_3.py took 0.071 seconds
[2023-08-28T13:30:50.192+0000] {processor.py:157} INFO - Started process (PID=84450) to work on /home/airflow/.local/lib/python3.7/site-packages/airflow/example_dags/example_branch_python_dop_operator_3.py
[2023-08-28T13:30:50.198+0000] {processor.py:826} INFO - Processing file /home/airflow/.local/lib/python3.7/site-packages/airflow/example_dags/example_branch_python_dop_operator_3.py for tasks to queue
[2023-08-28T13:30:50.199+0000] {logging_mixin.py:149} INFO - [2023-08-28T13:30:50.199+0000] {dagbag.py:541} INFO - Filling up the DagBag from /home/airflow/.local/lib/python3.7/site-packages/airflow/example_dags/example_branch_python_dop_operator_3.py
[2023-08-28T13:30:50.225+0000] {processor.py:836} INFO - DAG(s) dict_keys(['example_branch_dop_operator_v3']) retrieved from /home/airflow/.local/lib/python3.7/site-packages/airflow/example_dags/example_branch_python_dop_operator_3.py
[2023-08-28T13:30:50.259+0000] {logging_mixin.py:149} INFO - [2023-08-28T13:30:50.259+0000] {dag.py:2726} INFO - Sync 1 DAGs
[2023-08-28T13:30:50.277+0000] {logging_mixin.py:149} INFO - [2023-08-28T13:30:50.277+0000] {dag.py:3490} INFO - Setting next_dagrun for example_branch_dop_operator_v3 to 2023-08-28T13:29:00+00:00, run_after=2023-08-28T13:30:00+00:00
[2023-08-28T13:30:50.294+0000] {processor.py:179} INFO - Processing /home/airflow/.local/lib/python3.7/site-packages/airflow/example_dags/example_branch_python_dop_operator_3.py took 0.109 seconds
[2023-08-28T13:31:24.492+0000] {processor.py:157} INFO - Started process (PID=84516) to work on /home/airflow/.local/lib/python3.7/site-packages/airflow/example_dags/example_branch_python_dop_operator_3.py
[2023-08-28T13:31:24.493+0000] {processor.py:826} INFO - Processing file /home/airflow/.local/lib/python3.7/site-packages/airflow/example_dags/example_branch_python_dop_operator_3.py for tasks to queue
[2023-08-28T13:31:24.494+0000] {logging_mixin.py:149} INFO - [2023-08-28T13:31:24.494+0000] {dagbag.py:541} INFO - Filling up the DagBag from /home/airflow/.local/lib/python3.7/site-packages/airflow/example_dags/example_branch_python_dop_operator_3.py
[2023-08-28T13:31:24.502+0000] {processor.py:836} INFO - DAG(s) dict_keys(['example_branch_dop_operator_v3']) retrieved from /home/airflow/.local/lib/python3.7/site-packages/airflow/example_dags/example_branch_python_dop_operator_3.py
[2023-08-28T13:31:24.530+0000] {logging_mixin.py:149} INFO - [2023-08-28T13:31:24.530+0000] {dag.py:2726} INFO - Sync 1 DAGs
[2023-08-28T13:31:24.550+0000] {logging_mixin.py:149} INFO - [2023-08-28T13:31:24.550+0000] {dag.py:3490} INFO - Setting next_dagrun for example_branch_dop_operator_v3 to 2023-08-28T13:30:00+00:00, run_after=2023-08-28T13:31:00+00:00
[2023-08-28T13:31:24.561+0000] {processor.py:179} INFO - Processing /home/airflow/.local/lib/python3.7/site-packages/airflow/example_dags/example_branch_python_dop_operator_3.py took 0.072 seconds
[2023-08-28T13:31:58.584+0000] {processor.py:157} INFO - Started process (PID=84583) to work on /home/airflow/.local/lib/python3.7/site-packages/airflow/example_dags/example_branch_python_dop_operator_3.py
[2023-08-28T13:31:58.585+0000] {processor.py:826} INFO - Processing file /home/airflow/.local/lib/python3.7/site-packages/airflow/example_dags/example_branch_python_dop_operator_3.py for tasks to queue
[2023-08-28T13:31:58.586+0000] {logging_mixin.py:149} INFO - [2023-08-28T13:31:58.585+0000] {dagbag.py:541} INFO - Filling up the DagBag from /home/airflow/.local/lib/python3.7/site-packages/airflow/example_dags/example_branch_python_dop_operator_3.py
[2023-08-28T13:31:58.592+0000] {processor.py:836} INFO - DAG(s) dict_keys(['example_branch_dop_operator_v3']) retrieved from /home/airflow/.local/lib/python3.7/site-packages/airflow/example_dags/example_branch_python_dop_operator_3.py
[2023-08-28T13:31:58.613+0000] {logging_mixin.py:149} INFO - [2023-08-28T13:31:58.613+0000] {dag.py:2726} INFO - Sync 1 DAGs
[2023-08-28T13:31:58.632+0000] {logging_mixin.py:149} INFO - [2023-08-28T13:31:58.632+0000] {dag.py:3490} INFO - Setting next_dagrun for example_branch_dop_operator_v3 to 2023-08-28T13:30:00+00:00, run_after=2023-08-28T13:31:00+00:00
[2023-08-28T13:31:58.644+0000] {processor.py:179} INFO - Processing /home/airflow/.local/lib/python3.7/site-packages/airflow/example_dags/example_branch_python_dop_operator_3.py took 0.063 seconds
[2023-08-28T13:32:32.671+0000] {processor.py:157} INFO - Started process (PID=84649) to work on /home/airflow/.local/lib/python3.7/site-packages/airflow/example_dags/example_branch_python_dop_operator_3.py
[2023-08-28T13:32:32.673+0000] {processor.py:826} INFO - Processing file /home/airflow/.local/lib/python3.7/site-packages/airflow/example_dags/example_branch_python_dop_operator_3.py for tasks to queue
[2023-08-28T13:32:32.675+0000] {logging_mixin.py:149} INFO - [2023-08-28T13:32:32.674+0000] {dagbag.py:541} INFO - Filling up the DagBag from /home/airflow/.local/lib/python3.7/site-packages/airflow/example_dags/example_branch_python_dop_operator_3.py
[2023-08-28T13:32:32.691+0000] {processor.py:836} INFO - DAG(s) dict_keys(['example_branch_dop_operator_v3']) retrieved from /home/airflow/.local/lib/python3.7/site-packages/airflow/example_dags/example_branch_python_dop_operator_3.py
[2023-08-28T13:32:32.743+0000] {logging_mixin.py:149} INFO - [2023-08-28T13:32:32.743+0000] {dag.py:2726} INFO - Sync 1 DAGs
[2023-08-28T13:32:32.778+0000] {logging_mixin.py:149} INFO - [2023-08-28T13:32:32.778+0000] {dag.py:3490} INFO - Setting next_dagrun for example_branch_dop_operator_v3 to 2023-08-28T13:31:00+00:00, run_after=2023-08-28T13:32:00+00:00
[2023-08-28T13:32:32.811+0000] {processor.py:179} INFO - Processing /home/airflow/.local/lib/python3.7/site-packages/airflow/example_dags/example_branch_python_dop_operator_3.py took 0.147 seconds
[2023-08-28T13:33:06.652+0000] {processor.py:157} INFO - Started process (PID=84715) to work on /home/airflow/.local/lib/python3.7/site-packages/airflow/example_dags/example_branch_python_dop_operator_3.py
[2023-08-28T13:33:06.653+0000] {processor.py:826} INFO - Processing file /home/airflow/.local/lib/python3.7/site-packages/airflow/example_dags/example_branch_python_dop_operator_3.py for tasks to queue
[2023-08-28T13:33:06.654+0000] {logging_mixin.py:149} INFO - [2023-08-28T13:33:06.654+0000] {dagbag.py:541} INFO - Filling up the DagBag from /home/airflow/.local/lib/python3.7/site-packages/airflow/example_dags/example_branch_python_dop_operator_3.py
[2023-08-28T13:33:06.662+0000] {processor.py:836} INFO - DAG(s) dict_keys(['example_branch_dop_operator_v3']) retrieved from /home/airflow/.local/lib/python3.7/site-packages/airflow/example_dags/example_branch_python_dop_operator_3.py
[2023-08-28T13:33:06.685+0000] {logging_mixin.py:149} INFO - [2023-08-28T13:33:06.685+0000] {dag.py:2726} INFO - Sync 1 DAGs
[2023-08-28T13:33:06.704+0000] {logging_mixin.py:149} INFO - [2023-08-28T13:33:06.704+0000] {dag.py:3490} INFO - Setting next_dagrun for example_branch_dop_operator_v3 to 2023-08-28T13:32:00+00:00, run_after=2023-08-28T13:33:00+00:00
[2023-08-28T13:33:06.721+0000] {processor.py:179} INFO - Processing /home/airflow/.local/lib/python3.7/site-packages/airflow/example_dags/example_branch_python_dop_operator_3.py took 0.072 seconds
[2023-08-28T13:33:40.563+0000] {processor.py:157} INFO - Started process (PID=84781) to work on /home/airflow/.local/lib/python3.7/site-packages/airflow/example_dags/example_branch_python_dop_operator_3.py
[2023-08-28T13:33:40.564+0000] {processor.py:826} INFO - Processing file /home/airflow/.local/lib/python3.7/site-packages/airflow/example_dags/example_branch_python_dop_operator_3.py for tasks to queue
[2023-08-28T13:33:40.565+0000] {logging_mixin.py:149} INFO - [2023-08-28T13:33:40.564+0000] {dagbag.py:541} INFO - Filling up the DagBag from /home/airflow/.local/lib/python3.7/site-packages/airflow/example_dags/example_branch_python_dop_operator_3.py
[2023-08-28T13:33:40.571+0000] {processor.py:836} INFO - DAG(s) dict_keys(['example_branch_dop_operator_v3']) retrieved from /home/airflow/.local/lib/python3.7/site-packages/airflow/example_dags/example_branch_python_dop_operator_3.py
[2023-08-28T13:33:40.593+0000] {logging_mixin.py:149} INFO - [2023-08-28T13:33:40.593+0000] {dag.py:2726} INFO - Sync 1 DAGs
[2023-08-28T13:33:40.613+0000] {logging_mixin.py:149} INFO - [2023-08-28T13:33:40.613+0000] {dag.py:3490} INFO - Setting next_dagrun for example_branch_dop_operator_v3 to 2023-08-28T13:32:00+00:00, run_after=2023-08-28T13:33:00+00:00
[2023-08-28T13:33:40.628+0000] {processor.py:179} INFO - Processing /home/airflow/.local/lib/python3.7/site-packages/airflow/example_dags/example_branch_python_dop_operator_3.py took 0.068 seconds
[2023-08-28T13:34:14.635+0000] {processor.py:157} INFO - Started process (PID=84848) to work on /home/airflow/.local/lib/python3.7/site-packages/airflow/example_dags/example_branch_python_dop_operator_3.py
[2023-08-28T13:34:14.636+0000] {processor.py:826} INFO - Processing file /home/airflow/.local/lib/python3.7/site-packages/airflow/example_dags/example_branch_python_dop_operator_3.py for tasks to queue
[2023-08-28T13:34:14.637+0000] {logging_mixin.py:149} INFO - [2023-08-28T13:34:14.637+0000] {dagbag.py:541} INFO - Filling up the DagBag from /home/airflow/.local/lib/python3.7/site-packages/airflow/example_dags/example_branch_python_dop_operator_3.py
[2023-08-28T13:34:14.643+0000] {processor.py:836} INFO - DAG(s) dict_keys(['example_branch_dop_operator_v3']) retrieved from /home/airflow/.local/lib/python3.7/site-packages/airflow/example_dags/example_branch_python_dop_operator_3.py
[2023-08-28T13:34:14.663+0000] {logging_mixin.py:149} INFO - [2023-08-28T13:34:14.663+0000] {dag.py:2726} INFO - Sync 1 DAGs
[2023-08-28T13:34:14.681+0000] {logging_mixin.py:149} INFO - [2023-08-28T13:34:14.681+0000] {dag.py:3490} INFO - Setting next_dagrun for example_branch_dop_operator_v3 to 2023-08-28T13:33:00+00:00, run_after=2023-08-28T13:34:00+00:00
[2023-08-28T13:34:14.696+0000] {processor.py:179} INFO - Processing /home/airflow/.local/lib/python3.7/site-packages/airflow/example_dags/example_branch_python_dop_operator_3.py took 0.064 seconds
[2023-08-28T13:34:48.539+0000] {processor.py:157} INFO - Started process (PID=84921) to work on /home/airflow/.local/lib/python3.7/site-packages/airflow/example_dags/example_branch_python_dop_operator_3.py
[2023-08-28T13:34:48.540+0000] {processor.py:826} INFO - Processing file /home/airflow/.local/lib/python3.7/site-packages/airflow/example_dags/example_branch_python_dop_operator_3.py for tasks to queue
[2023-08-28T13:34:48.541+0000] {logging_mixin.py:149} INFO - [2023-08-28T13:34:48.541+0000] {dagbag.py:541} INFO - Filling up the DagBag from /home/airflow/.local/lib/python3.7/site-packages/airflow/example_dags/example_branch_python_dop_operator_3.py
[2023-08-28T13:34:48.548+0000] {processor.py:836} INFO - DAG(s) dict_keys(['example_branch_dop_operator_v3']) retrieved from /home/airflow/.local/lib/python3.7/site-packages/airflow/example_dags/example_branch_python_dop_operator_3.py
[2023-08-28T13:34:48.568+0000] {logging_mixin.py:149} INFO - [2023-08-28T13:34:48.568+0000] {dag.py:2726} INFO - Sync 1 DAGs
[2023-08-28T13:34:48.590+0000] {logging_mixin.py:149} INFO - [2023-08-28T13:34:48.590+0000] {dag.py:3490} INFO - Setting next_dagrun for example_branch_dop_operator_v3 to 2023-08-28T13:33:00+00:00, run_after=2023-08-28T13:34:00+00:00
[2023-08-28T13:34:48.603+0000] {processor.py:179} INFO - Processing /home/airflow/.local/lib/python3.7/site-packages/airflow/example_dags/example_branch_python_dop_operator_3.py took 0.066 seconds
[2023-08-28T13:35:22.603+0000] {processor.py:157} INFO - Started process (PID=84987) to work on /home/airflow/.local/lib/python3.7/site-packages/airflow/example_dags/example_branch_python_dop_operator_3.py
[2023-08-28T13:35:22.611+0000] {processor.py:826} INFO - Processing file /home/airflow/.local/lib/python3.7/site-packages/airflow/example_dags/example_branch_python_dop_operator_3.py for tasks to queue
[2023-08-28T13:35:22.611+0000] {logging_mixin.py:149} INFO - [2023-08-28T13:35:22.611+0000] {dagbag.py:541} INFO - Filling up the DagBag from /home/airflow/.local/lib/python3.7/site-packages/airflow/example_dags/example_branch_python_dop_operator_3.py
[2023-08-28T13:35:22.617+0000] {processor.py:836} INFO - DAG(s) dict_keys(['example_branch_dop_operator_v3']) retrieved from /home/airflow/.local/lib/python3.7/site-packages/airflow/example_dags/example_branch_python_dop_operator_3.py
[2023-08-28T13:35:22.645+0000] {logging_mixin.py:149} INFO - [2023-08-28T13:35:22.645+0000] {dag.py:2726} INFO - Sync 1 DAGs
[2023-08-28T13:35:22.667+0000] {logging_mixin.py:149} INFO - [2023-08-28T13:35:22.667+0000] {dag.py:3490} INFO - Setting next_dagrun for example_branch_dop_operator_v3 to 2023-08-28T13:34:00+00:00, run_after=2023-08-28T13:35:00+00:00
[2023-08-28T13:35:22.681+0000] {processor.py:179} INFO - Processing /home/airflow/.local/lib/python3.7/site-packages/airflow/example_dags/example_branch_python_dop_operator_3.py took 0.081 seconds
[2023-08-28T13:35:56.688+0000] {processor.py:157} INFO - Started process (PID=85053) to work on /home/airflow/.local/lib/python3.7/site-packages/airflow/example_dags/example_branch_python_dop_operator_3.py
[2023-08-28T13:35:56.689+0000] {processor.py:826} INFO - Processing file /home/airflow/.local/lib/python3.7/site-packages/airflow/example_dags/example_branch_python_dop_operator_3.py for tasks to queue
[2023-08-28T13:35:56.690+0000] {logging_mixin.py:149} INFO - [2023-08-28T13:35:56.690+0000] {dagbag.py:541} INFO - Filling up the DagBag from /home/airflow/.local/lib/python3.7/site-packages/airflow/example_dags/example_branch_python_dop_operator_3.py
[2023-08-28T13:35:56.700+0000] {processor.py:836} INFO - DAG(s) dict_keys(['example_branch_dop_operator_v3']) retrieved from /home/airflow/.local/lib/python3.7/site-packages/airflow/example_dags/example_branch_python_dop_operator_3.py
[2023-08-28T13:35:56.729+0000] {logging_mixin.py:149} INFO - [2023-08-28T13:35:56.728+0000] {dag.py:2726} INFO - Sync 1 DAGs
[2023-08-28T13:35:56.747+0000] {logging_mixin.py:149} INFO - [2023-08-28T13:35:56.747+0000] {dag.py:3490} INFO - Setting next_dagrun for example_branch_dop_operator_v3 to 2023-08-28T13:34:00+00:00, run_after=2023-08-28T13:35:00+00:00
[2023-08-28T13:35:56.758+0000] {processor.py:179} INFO - Processing /home/airflow/.local/lib/python3.7/site-packages/airflow/example_dags/example_branch_python_dop_operator_3.py took 0.072 seconds
[2023-08-28T13:36:30.686+0000] {processor.py:157} INFO - Started process (PID=85120) to work on /home/airflow/.local/lib/python3.7/site-packages/airflow/example_dags/example_branch_python_dop_operator_3.py
[2023-08-28T13:36:30.687+0000] {processor.py:826} INFO - Processing file /home/airflow/.local/lib/python3.7/site-packages/airflow/example_dags/example_branch_python_dop_operator_3.py for tasks to queue
[2023-08-28T13:36:30.688+0000] {logging_mixin.py:149} INFO - [2023-08-28T13:36:30.688+0000] {dagbag.py:541} INFO - Filling up the DagBag from /home/airflow/.local/lib/python3.7/site-packages/airflow/example_dags/example_branch_python_dop_operator_3.py
[2023-08-28T13:36:30.694+0000] {processor.py:836} INFO - DAG(s) dict_keys(['example_branch_dop_operator_v3']) retrieved from /home/airflow/.local/lib/python3.7/site-packages/airflow/example_dags/example_branch_python_dop_operator_3.py
[2023-08-28T13:36:30.715+0000] {logging_mixin.py:149} INFO - [2023-08-28T13:36:30.715+0000] {dag.py:2726} INFO - Sync 1 DAGs
[2023-08-28T13:36:30.734+0000] {logging_mixin.py:149} INFO - [2023-08-28T13:36:30.733+0000] {dag.py:3490} INFO - Setting next_dagrun for example_branch_dop_operator_v3 to 2023-08-28T13:35:00+00:00, run_after=2023-08-28T13:36:00+00:00
[2023-08-28T13:36:30.745+0000] {processor.py:179} INFO - Processing /home/airflow/.local/lib/python3.7/site-packages/airflow/example_dags/example_branch_python_dop_operator_3.py took 0.061 seconds
[2023-08-28T13:37:04.766+0000] {processor.py:157} INFO - Started process (PID=85186) to work on /home/airflow/.local/lib/python3.7/site-packages/airflow/example_dags/example_branch_python_dop_operator_3.py
[2023-08-28T13:37:04.767+0000] {processor.py:826} INFO - Processing file /home/airflow/.local/lib/python3.7/site-packages/airflow/example_dags/example_branch_python_dop_operator_3.py for tasks to queue
[2023-08-28T13:37:04.768+0000] {logging_mixin.py:149} INFO - [2023-08-28T13:37:04.768+0000] {dagbag.py:541} INFO - Filling up the DagBag from /home/airflow/.local/lib/python3.7/site-packages/airflow/example_dags/example_branch_python_dop_operator_3.py
[2023-08-28T13:37:04.774+0000] {processor.py:836} INFO - DAG(s) dict_keys(['example_branch_dop_operator_v3']) retrieved from /home/airflow/.local/lib/python3.7/site-packages/airflow/example_dags/example_branch_python_dop_operator_3.py
[2023-08-28T13:37:04.800+0000] {logging_mixin.py:149} INFO - [2023-08-28T13:37:04.800+0000] {dag.py:2726} INFO - Sync 1 DAGs
[2023-08-28T13:37:04.818+0000] {logging_mixin.py:149} INFO - [2023-08-28T13:37:04.818+0000] {dag.py:3490} INFO - Setting next_dagrun for example_branch_dop_operator_v3 to 2023-08-28T13:36:00+00:00, run_after=2023-08-28T13:37:00+00:00
[2023-08-28T13:37:04.832+0000] {processor.py:179} INFO - Processing /home/airflow/.local/lib/python3.7/site-packages/airflow/example_dags/example_branch_python_dop_operator_3.py took 0.069 seconds
[2023-08-28T13:37:38.770+0000] {processor.py:157} INFO - Started process (PID=85251) to work on /home/airflow/.local/lib/python3.7/site-packages/airflow/example_dags/example_branch_python_dop_operator_3.py
[2023-08-28T13:37:38.771+0000] {processor.py:826} INFO - Processing file /home/airflow/.local/lib/python3.7/site-packages/airflow/example_dags/example_branch_python_dop_operator_3.py for tasks to queue
[2023-08-28T13:37:38.772+0000] {logging_mixin.py:149} INFO - [2023-08-28T13:37:38.772+0000] {dagbag.py:541} INFO - Filling up the DagBag from /home/airflow/.local/lib/python3.7/site-packages/airflow/example_dags/example_branch_python_dop_operator_3.py
[2023-08-28T13:37:38.777+0000] {processor.py:836} INFO - DAG(s) dict_keys(['example_branch_dop_operator_v3']) retrieved from /home/airflow/.local/lib/python3.7/site-packages/airflow/example_dags/example_branch_python_dop_operator_3.py
[2023-08-28T13:37:38.798+0000] {logging_mixin.py:149} INFO - [2023-08-28T13:37:38.798+0000] {dag.py:2726} INFO - Sync 1 DAGs
[2023-08-28T13:37:38.817+0000] {logging_mixin.py:149} INFO - [2023-08-28T13:37:38.817+0000] {dag.py:3490} INFO - Setting next_dagrun for example_branch_dop_operator_v3 to 2023-08-28T13:36:00+00:00, run_after=2023-08-28T13:37:00+00:00
[2023-08-28T13:37:38.829+0000] {processor.py:179} INFO - Processing /home/airflow/.local/lib/python3.7/site-packages/airflow/example_dags/example_branch_python_dop_operator_3.py took 0.062 seconds
[2023-08-28T13:38:12.760+0000] {processor.py:157} INFO - Started process (PID=85317) to work on /home/airflow/.local/lib/python3.7/site-packages/airflow/example_dags/example_branch_python_dop_operator_3.py
[2023-08-28T13:38:12.761+0000] {processor.py:826} INFO - Processing file /home/airflow/.local/lib/python3.7/site-packages/airflow/example_dags/example_branch_python_dop_operator_3.py for tasks to queue
[2023-08-28T13:38:12.762+0000] {logging_mixin.py:149} INFO - [2023-08-28T13:38:12.762+0000] {dagbag.py:541} INFO - Filling up the DagBag from /home/airflow/.local/lib/python3.7/site-packages/airflow/example_dags/example_branch_python_dop_operator_3.py
[2023-08-28T13:38:12.769+0000] {processor.py:836} INFO - DAG(s) dict_keys(['example_branch_dop_operator_v3']) retrieved from /home/airflow/.local/lib/python3.7/site-packages/airflow/example_dags/example_branch_python_dop_operator_3.py
[2023-08-28T13:38:12.792+0000] {logging_mixin.py:149} INFO - [2023-08-28T13:38:12.792+0000] {dag.py:2726} INFO - Sync 1 DAGs
[2023-08-28T13:38:12.815+0000] {logging_mixin.py:149} INFO - [2023-08-28T13:38:12.815+0000] {dag.py:3490} INFO - Setting next_dagrun for example_branch_dop_operator_v3 to 2023-08-28T13:37:00+00:00, run_after=2023-08-28T13:38:00+00:00
[2023-08-28T13:38:12.830+0000] {processor.py:179} INFO - Processing /home/airflow/.local/lib/python3.7/site-packages/airflow/example_dags/example_branch_python_dop_operator_3.py took 0.073 seconds
[2023-08-28T13:38:46.154+0000] {processor.py:157} INFO - Started process (PID=85389) to work on /home/airflow/.local/lib/python3.7/site-packages/airflow/example_dags/example_branch_python_dop_operator_3.py
[2023-08-28T13:38:46.155+0000] {processor.py:826} INFO - Processing file /home/airflow/.local/lib/python3.7/site-packages/airflow/example_dags/example_branch_python_dop_operator_3.py for tasks to queue
[2023-08-28T13:38:46.156+0000] {logging_mixin.py:149} INFO - [2023-08-28T13:38:46.156+0000] {dagbag.py:541} INFO - Filling up the DagBag from /home/airflow/.local/lib/python3.7/site-packages/airflow/example_dags/example_branch_python_dop_operator_3.py
[2023-08-28T13:38:46.163+0000] {processor.py:836} INFO - DAG(s) dict_keys(['example_branch_dop_operator_v3']) retrieved from /home/airflow/.local/lib/python3.7/site-packages/airflow/example_dags/example_branch_python_dop_operator_3.py
[2023-08-28T13:38:46.186+0000] {logging_mixin.py:149} INFO - [2023-08-28T13:38:46.186+0000] {dag.py:2726} INFO - Sync 1 DAGs
[2023-08-28T13:38:46.203+0000] {logging_mixin.py:149} INFO - [2023-08-28T13:38:46.203+0000] {dag.py:3490} INFO - Setting next_dagrun for example_branch_dop_operator_v3 to 2023-08-28T13:37:00+00:00, run_after=2023-08-28T13:38:00+00:00
[2023-08-28T13:38:46.216+0000] {processor.py:179} INFO - Processing /home/airflow/.local/lib/python3.7/site-packages/airflow/example_dags/example_branch_python_dop_operator_3.py took 0.065 seconds
[2023-08-28T13:39:20.595+0000] {processor.py:157} INFO - Started process (PID=85455) to work on /home/airflow/.local/lib/python3.7/site-packages/airflow/example_dags/example_branch_python_dop_operator_3.py
[2023-08-28T13:39:20.596+0000] {processor.py:826} INFO - Processing file /home/airflow/.local/lib/python3.7/site-packages/airflow/example_dags/example_branch_python_dop_operator_3.py for tasks to queue
[2023-08-28T13:39:20.597+0000] {logging_mixin.py:149} INFO - [2023-08-28T13:39:20.597+0000] {dagbag.py:541} INFO - Filling up the DagBag from /home/airflow/.local/lib/python3.7/site-packages/airflow/example_dags/example_branch_python_dop_operator_3.py
[2023-08-28T13:39:20.605+0000] {processor.py:836} INFO - DAG(s) dict_keys(['example_branch_dop_operator_v3']) retrieved from /home/airflow/.local/lib/python3.7/site-packages/airflow/example_dags/example_branch_python_dop_operator_3.py
[2023-08-28T13:39:20.627+0000] {logging_mixin.py:149} INFO - [2023-08-28T13:39:20.627+0000] {dag.py:2726} INFO - Sync 1 DAGs
[2023-08-28T13:39:20.648+0000] {logging_mixin.py:149} INFO - [2023-08-28T13:39:20.648+0000] {dag.py:3490} INFO - Setting next_dagrun for example_branch_dop_operator_v3 to 2023-08-28T13:38:00+00:00, run_after=2023-08-28T13:39:00+00:00
[2023-08-28T13:39:20.660+0000] {processor.py:179} INFO - Processing /home/airflow/.local/lib/python3.7/site-packages/airflow/example_dags/example_branch_python_dop_operator_3.py took 0.067 seconds
[2023-08-28T13:39:54.658+0000] {processor.py:157} INFO - Started process (PID=85522) to work on /home/airflow/.local/lib/python3.7/site-packages/airflow/example_dags/example_branch_python_dop_operator_3.py
[2023-08-28T13:39:54.660+0000] {processor.py:826} INFO - Processing file /home/airflow/.local/lib/python3.7/site-packages/airflow/example_dags/example_branch_python_dop_operator_3.py for tasks to queue
[2023-08-28T13:39:54.660+0000] {logging_mixin.py:149} INFO - [2023-08-28T13:39:54.660+0000] {dagbag.py:541} INFO - Filling up the DagBag from /home/airflow/.local/lib/python3.7/site-packages/airflow/example_dags/example_branch_python_dop_operator_3.py
[2023-08-28T13:39:54.666+0000] {processor.py:836} INFO - DAG(s) dict_keys(['example_branch_dop_operator_v3']) retrieved from /home/airflow/.local/lib/python3.7/site-packages/airflow/example_dags/example_branch_python_dop_operator_3.py
[2023-08-28T13:39:54.687+0000] {logging_mixin.py:149} INFO - [2023-08-28T13:39:54.687+0000] {dag.py:2726} INFO - Sync 1 DAGs
[2023-08-28T13:39:54.704+0000] {logging_mixin.py:149} INFO - [2023-08-28T13:39:54.704+0000] {dag.py:3490} INFO - Setting next_dagrun for example_branch_dop_operator_v3 to 2023-08-28T13:38:00+00:00, run_after=2023-08-28T13:39:00+00:00
[2023-08-28T13:39:54.714+0000] {processor.py:179} INFO - Processing /home/airflow/.local/lib/python3.7/site-packages/airflow/example_dags/example_branch_python_dop_operator_3.py took 0.065 seconds
[2023-08-28T13:40:28.694+0000] {processor.py:157} INFO - Started process (PID=85589) to work on /home/airflow/.local/lib/python3.7/site-packages/airflow/example_dags/example_branch_python_dop_operator_3.py
[2023-08-28T13:40:28.696+0000] {processor.py:826} INFO - Processing file /home/airflow/.local/lib/python3.7/site-packages/airflow/example_dags/example_branch_python_dop_operator_3.py for tasks to queue
[2023-08-28T13:40:28.696+0000] {logging_mixin.py:149} INFO - [2023-08-28T13:40:28.696+0000] {dagbag.py:541} INFO - Filling up the DagBag from /home/airflow/.local/lib/python3.7/site-packages/airflow/example_dags/example_branch_python_dop_operator_3.py
[2023-08-28T13:40:28.706+0000] {processor.py:836} INFO - DAG(s) dict_keys(['example_branch_dop_operator_v3']) retrieved from /home/airflow/.local/lib/python3.7/site-packages/airflow/example_dags/example_branch_python_dop_operator_3.py
[2023-08-28T13:40:28.726+0000] {logging_mixin.py:149} INFO - [2023-08-28T13:40:28.726+0000] {dag.py:2726} INFO - Sync 1 DAGs
[2023-08-28T13:40:28.749+0000] {logging_mixin.py:149} INFO - [2023-08-28T13:40:28.749+0000] {dag.py:3490} INFO - Setting next_dagrun for example_branch_dop_operator_v3 to 2023-08-28T13:39:00+00:00, run_after=2023-08-28T13:40:00+00:00
[2023-08-28T13:40:28.760+0000] {processor.py:179} INFO - Processing /home/airflow/.local/lib/python3.7/site-packages/airflow/example_dags/example_branch_python_dop_operator_3.py took 0.069 seconds
[2023-08-28T13:41:02.692+0000] {processor.py:157} INFO - Started process (PID=85655) to work on /home/airflow/.local/lib/python3.7/site-packages/airflow/example_dags/example_branch_python_dop_operator_3.py
[2023-08-28T13:41:02.693+0000] {processor.py:826} INFO - Processing file /home/airflow/.local/lib/python3.7/site-packages/airflow/example_dags/example_branch_python_dop_operator_3.py for tasks to queue
[2023-08-28T13:41:02.694+0000] {logging_mixin.py:149} INFO - [2023-08-28T13:41:02.694+0000] {dagbag.py:541} INFO - Filling up the DagBag from /home/airflow/.local/lib/python3.7/site-packages/airflow/example_dags/example_branch_python_dop_operator_3.py
[2023-08-28T13:41:02.702+0000] {processor.py:836} INFO - DAG(s) dict_keys(['example_branch_dop_operator_v3']) retrieved from /home/airflow/.local/lib/python3.7/site-packages/airflow/example_dags/example_branch_python_dop_operator_3.py
[2023-08-28T13:41:02.727+0000] {logging_mixin.py:149} INFO - [2023-08-28T13:41:02.727+0000] {dag.py:2726} INFO - Sync 1 DAGs
[2023-08-28T13:41:02.754+0000] {logging_mixin.py:149} INFO - [2023-08-28T13:41:02.754+0000] {dag.py:3490} INFO - Setting next_dagrun for example_branch_dop_operator_v3 to 2023-08-28T13:40:00+00:00, run_after=2023-08-28T13:41:00+00:00
[2023-08-28T13:41:02.768+0000] {processor.py:179} INFO - Processing /home/airflow/.local/lib/python3.7/site-packages/airflow/example_dags/example_branch_python_dop_operator_3.py took 0.078 seconds
[2023-08-28T13:41:36.810+0000] {processor.py:157} INFO - Started process (PID=85722) to work on /home/airflow/.local/lib/python3.7/site-packages/airflow/example_dags/example_branch_python_dop_operator_3.py
[2023-08-28T13:41:36.811+0000] {processor.py:826} INFO - Processing file /home/airflow/.local/lib/python3.7/site-packages/airflow/example_dags/example_branch_python_dop_operator_3.py for tasks to queue
[2023-08-28T13:41:36.812+0000] {logging_mixin.py:149} INFO - [2023-08-28T13:41:36.812+0000] {dagbag.py:541} INFO - Filling up the DagBag from /home/airflow/.local/lib/python3.7/site-packages/airflow/example_dags/example_branch_python_dop_operator_3.py
[2023-08-28T13:41:36.822+0000] {processor.py:836} INFO - DAG(s) dict_keys(['example_branch_dop_operator_v3']) retrieved from /home/airflow/.local/lib/python3.7/site-packages/airflow/example_dags/example_branch_python_dop_operator_3.py
[2023-08-28T13:41:36.843+0000] {logging_mixin.py:149} INFO - [2023-08-28T13:41:36.843+0000] {dag.py:2726} INFO - Sync 1 DAGs
[2023-08-28T13:41:36.862+0000] {logging_mixin.py:149} INFO - [2023-08-28T13:41:36.862+0000] {dag.py:3490} INFO - Setting next_dagrun for example_branch_dop_operator_v3 to 2023-08-28T13:40:00+00:00, run_after=2023-08-28T13:41:00+00:00
[2023-08-28T13:41:36.876+0000] {processor.py:179} INFO - Processing /home/airflow/.local/lib/python3.7/site-packages/airflow/example_dags/example_branch_python_dop_operator_3.py took 0.068 seconds
[2023-08-28T13:42:10.857+0000] {processor.py:157} INFO - Started process (PID=85788) to work on /home/airflow/.local/lib/python3.7/site-packages/airflow/example_dags/example_branch_python_dop_operator_3.py
[2023-08-28T13:42:10.858+0000] {processor.py:826} INFO - Processing file /home/airflow/.local/lib/python3.7/site-packages/airflow/example_dags/example_branch_python_dop_operator_3.py for tasks to queue
[2023-08-28T13:42:10.859+0000] {logging_mixin.py:149} INFO - [2023-08-28T13:42:10.859+0000] {dagbag.py:541} INFO - Filling up the DagBag from /home/airflow/.local/lib/python3.7/site-packages/airflow/example_dags/example_branch_python_dop_operator_3.py
[2023-08-28T13:42:10.867+0000] {processor.py:836} INFO - DAG(s) dict_keys(['example_branch_dop_operator_v3']) retrieved from /home/airflow/.local/lib/python3.7/site-packages/airflow/example_dags/example_branch_python_dop_operator_3.py
[2023-08-28T13:42:10.892+0000] {logging_mixin.py:149} INFO - [2023-08-28T13:42:10.892+0000] {dag.py:2726} INFO - Sync 1 DAGs
[2023-08-28T13:42:10.910+0000] {logging_mixin.py:149} INFO - [2023-08-28T13:42:10.909+0000] {dag.py:3490} INFO - Setting next_dagrun for example_branch_dop_operator_v3 to 2023-08-28T13:41:00+00:00, run_after=2023-08-28T13:42:00+00:00
[2023-08-28T13:42:10.921+0000] {processor.py:179} INFO - Processing /home/airflow/.local/lib/python3.7/site-packages/airflow/example_dags/example_branch_python_dop_operator_3.py took 0.066 seconds
[2023-08-28T13:42:44.870+0000] {processor.py:157} INFO - Started process (PID=85854) to work on /home/airflow/.local/lib/python3.7/site-packages/airflow/example_dags/example_branch_python_dop_operator_3.py
[2023-08-28T13:42:44.872+0000] {processor.py:826} INFO - Processing file /home/airflow/.local/lib/python3.7/site-packages/airflow/example_dags/example_branch_python_dop_operator_3.py for tasks to queue
[2023-08-28T13:42:44.872+0000] {logging_mixin.py:149} INFO - [2023-08-28T13:42:44.872+0000] {dagbag.py:541} INFO - Filling up the DagBag from /home/airflow/.local/lib/python3.7/site-packages/airflow/example_dags/example_branch_python_dop_operator_3.py
[2023-08-28T13:42:44.879+0000] {processor.py:836} INFO - DAG(s) dict_keys(['example_branch_dop_operator_v3']) retrieved from /home/airflow/.local/lib/python3.7/site-packages/airflow/example_dags/example_branch_python_dop_operator_3.py
[2023-08-28T13:42:44.899+0000] {logging_mixin.py:149} INFO - [2023-08-28T13:42:44.899+0000] {dag.py:2726} INFO - Sync 1 DAGs
[2023-08-28T13:42:44.917+0000] {logging_mixin.py:149} INFO - [2023-08-28T13:42:44.917+0000] {dag.py:3490} INFO - Setting next_dagrun for example_branch_dop_operator_v3 to 2023-08-28T13:41:00+00:00, run_after=2023-08-28T13:42:00+00:00
[2023-08-28T13:42:44.927+0000] {processor.py:179} INFO - Processing /home/airflow/.local/lib/python3.7/site-packages/airflow/example_dags/example_branch_python_dop_operator_3.py took 0.060 seconds
[2023-08-28T13:43:18.990+0000] {processor.py:157} INFO - Started process (PID=85927) to work on /home/airflow/.local/lib/python3.7/site-packages/airflow/example_dags/example_branch_python_dop_operator_3.py
[2023-08-28T13:43:18.991+0000] {processor.py:826} INFO - Processing file /home/airflow/.local/lib/python3.7/site-packages/airflow/example_dags/example_branch_python_dop_operator_3.py for tasks to queue
[2023-08-28T13:43:18.992+0000] {logging_mixin.py:149} INFO - [2023-08-28T13:43:18.992+0000] {dagbag.py:541} INFO - Filling up the DagBag from /home/airflow/.local/lib/python3.7/site-packages/airflow/example_dags/example_branch_python_dop_operator_3.py
[2023-08-28T13:43:18.999+0000] {processor.py:836} INFO - DAG(s) dict_keys(['example_branch_dop_operator_v3']) retrieved from /home/airflow/.local/lib/python3.7/site-packages/airflow/example_dags/example_branch_python_dop_operator_3.py
[2023-08-28T13:43:19.023+0000] {logging_mixin.py:149} INFO - [2023-08-28T13:43:19.023+0000] {dag.py:2726} INFO - Sync 1 DAGs
[2023-08-28T13:43:19.045+0000] {logging_mixin.py:149} INFO - [2023-08-28T13:43:19.045+0000] {dag.py:3490} INFO - Setting next_dagrun for example_branch_dop_operator_v3 to 2023-08-28T13:42:00+00:00, run_after=2023-08-28T13:43:00+00:00
[2023-08-28T13:43:19.058+0000] {processor.py:179} INFO - Processing /home/airflow/.local/lib/python3.7/site-packages/airflow/example_dags/example_branch_python_dop_operator_3.py took 0.072 seconds
[2023-08-28T13:43:53.013+0000] {processor.py:157} INFO - Started process (PID=85993) to work on /home/airflow/.local/lib/python3.7/site-packages/airflow/example_dags/example_branch_python_dop_operator_3.py
[2023-08-28T13:43:53.014+0000] {processor.py:826} INFO - Processing file /home/airflow/.local/lib/python3.7/site-packages/airflow/example_dags/example_branch_python_dop_operator_3.py for tasks to queue
[2023-08-28T13:43:53.014+0000] {logging_mixin.py:149} INFO - [2023-08-28T13:43:53.014+0000] {dagbag.py:541} INFO - Filling up the DagBag from /home/airflow/.local/lib/python3.7/site-packages/airflow/example_dags/example_branch_python_dop_operator_3.py
[2023-08-28T13:43:53.020+0000] {processor.py:836} INFO - DAG(s) dict_keys(['example_branch_dop_operator_v3']) retrieved from /home/airflow/.local/lib/python3.7/site-packages/airflow/example_dags/example_branch_python_dop_operator_3.py
[2023-08-28T13:43:53.044+0000] {logging_mixin.py:149} INFO - [2023-08-28T13:43:53.044+0000] {dag.py:2726} INFO - Sync 1 DAGs
[2023-08-28T13:43:53.067+0000] {logging_mixin.py:149} INFO - [2023-08-28T13:43:53.066+0000] {dag.py:3490} INFO - Setting next_dagrun for example_branch_dop_operator_v3 to 2023-08-28T13:42:00+00:00, run_after=2023-08-28T13:43:00+00:00
[2023-08-28T13:43:53.079+0000] {processor.py:179} INFO - Processing /home/airflow/.local/lib/python3.7/site-packages/airflow/example_dags/example_branch_python_dop_operator_3.py took 0.069 seconds
[2023-08-28T13:44:27.115+0000] {processor.py:157} INFO - Started process (PID=86060) to work on /home/airflow/.local/lib/python3.7/site-packages/airflow/example_dags/example_branch_python_dop_operator_3.py
[2023-08-28T13:44:27.116+0000] {processor.py:826} INFO - Processing file /home/airflow/.local/lib/python3.7/site-packages/airflow/example_dags/example_branch_python_dop_operator_3.py for tasks to queue
[2023-08-28T13:44:27.117+0000] {logging_mixin.py:149} INFO - [2023-08-28T13:44:27.117+0000] {dagbag.py:541} INFO - Filling up the DagBag from /home/airflow/.local/lib/python3.7/site-packages/airflow/example_dags/example_branch_python_dop_operator_3.py
[2023-08-28T13:44:27.124+0000] {processor.py:836} INFO - DAG(s) dict_keys(['example_branch_dop_operator_v3']) retrieved from /home/airflow/.local/lib/python3.7/site-packages/airflow/example_dags/example_branch_python_dop_operator_3.py
[2023-08-28T13:44:27.146+0000] {logging_mixin.py:149} INFO - [2023-08-28T13:44:27.146+0000] {dag.py:2726} INFO - Sync 1 DAGs
[2023-08-28T13:44:27.165+0000] {logging_mixin.py:149} INFO - [2023-08-28T13:44:27.165+0000] {dag.py:3490} INFO - Setting next_dagrun for example_branch_dop_operator_v3 to 2023-08-28T13:43:00+00:00, run_after=2023-08-28T13:44:00+00:00
[2023-08-28T13:44:27.175+0000] {processor.py:179} INFO - Processing /home/airflow/.local/lib/python3.7/site-packages/airflow/example_dags/example_branch_python_dop_operator_3.py took 0.064 seconds
[2023-08-28T13:45:00.996+0000] {processor.py:157} INFO - Started process (PID=86126) to work on /home/airflow/.local/lib/python3.7/site-packages/airflow/example_dags/example_branch_python_dop_operator_3.py
[2023-08-28T13:45:00.997+0000] {processor.py:826} INFO - Processing file /home/airflow/.local/lib/python3.7/site-packages/airflow/example_dags/example_branch_python_dop_operator_3.py for tasks to queue
[2023-08-28T13:45:00.998+0000] {logging_mixin.py:149} INFO - [2023-08-28T13:45:00.998+0000] {dagbag.py:541} INFO - Filling up the DagBag from /home/airflow/.local/lib/python3.7/site-packages/airflow/example_dags/example_branch_python_dop_operator_3.py
[2023-08-28T13:45:01.004+0000] {processor.py:836} INFO - DAG(s) dict_keys(['example_branch_dop_operator_v3']) retrieved from /home/airflow/.local/lib/python3.7/site-packages/airflow/example_dags/example_branch_python_dop_operator_3.py
[2023-08-28T13:45:01.028+0000] {logging_mixin.py:149} INFO - [2023-08-28T13:45:01.028+0000] {dag.py:2726} INFO - Sync 1 DAGs
[2023-08-28T13:45:01.046+0000] {logging_mixin.py:149} INFO - [2023-08-28T13:45:01.046+0000] {dag.py:3490} INFO - Setting next_dagrun for example_branch_dop_operator_v3 to 2023-08-28T13:44:00+00:00, run_after=2023-08-28T13:45:00+00:00
[2023-08-28T13:45:01.059+0000] {processor.py:179} INFO - Processing /home/airflow/.local/lib/python3.7/site-packages/airflow/example_dags/example_branch_python_dop_operator_3.py took 0.065 seconds
[2023-08-28T13:45:35.232+0000] {processor.py:157} INFO - Started process (PID=86192) to work on /home/airflow/.local/lib/python3.7/site-packages/airflow/example_dags/example_branch_python_dop_operator_3.py
[2023-08-28T13:45:35.233+0000] {processor.py:826} INFO - Processing file /home/airflow/.local/lib/python3.7/site-packages/airflow/example_dags/example_branch_python_dop_operator_3.py for tasks to queue
[2023-08-28T13:45:35.234+0000] {logging_mixin.py:149} INFO - [2023-08-28T13:45:35.234+0000] {dagbag.py:541} INFO - Filling up the DagBag from /home/airflow/.local/lib/python3.7/site-packages/airflow/example_dags/example_branch_python_dop_operator_3.py
[2023-08-28T13:45:35.241+0000] {processor.py:836} INFO - DAG(s) dict_keys(['example_branch_dop_operator_v3']) retrieved from /home/airflow/.local/lib/python3.7/site-packages/airflow/example_dags/example_branch_python_dop_operator_3.py
[2023-08-28T13:45:35.268+0000] {logging_mixin.py:149} INFO - [2023-08-28T13:45:35.267+0000] {dag.py:2726} INFO - Sync 1 DAGs
[2023-08-28T13:45:35.291+0000] {logging_mixin.py:149} INFO - [2023-08-28T13:45:35.291+0000] {dag.py:3490} INFO - Setting next_dagrun for example_branch_dop_operator_v3 to 2023-08-28T13:44:00+00:00, run_after=2023-08-28T13:45:00+00:00
[2023-08-28T13:45:35.302+0000] {processor.py:179} INFO - Processing /home/airflow/.local/lib/python3.7/site-packages/airflow/example_dags/example_branch_python_dop_operator_3.py took 0.073 seconds
[2023-08-28T13:46:09.330+0000] {processor.py:157} INFO - Started process (PID=86258) to work on /home/airflow/.local/lib/python3.7/site-packages/airflow/example_dags/example_branch_python_dop_operator_3.py
[2023-08-28T13:46:09.331+0000] {processor.py:826} INFO - Processing file /home/airflow/.local/lib/python3.7/site-packages/airflow/example_dags/example_branch_python_dop_operator_3.py for tasks to queue
[2023-08-28T13:46:09.332+0000] {logging_mixin.py:149} INFO - [2023-08-28T13:46:09.332+0000] {dagbag.py:541} INFO - Filling up the DagBag from /home/airflow/.local/lib/python3.7/site-packages/airflow/example_dags/example_branch_python_dop_operator_3.py
[2023-08-28T13:46:09.339+0000] {processor.py:836} INFO - DAG(s) dict_keys(['example_branch_dop_operator_v3']) retrieved from /home/airflow/.local/lib/python3.7/site-packages/airflow/example_dags/example_branch_python_dop_operator_3.py
[2023-08-28T13:46:09.358+0000] {logging_mixin.py:149} INFO - [2023-08-28T13:46:09.358+0000] {dag.py:2726} INFO - Sync 1 DAGs
[2023-08-28T13:46:09.377+0000] {logging_mixin.py:149} INFO - [2023-08-28T13:46:09.377+0000] {dag.py:3490} INFO - Setting next_dagrun for example_branch_dop_operator_v3 to 2023-08-28T13:45:00+00:00, run_after=2023-08-28T13:46:00+00:00
[2023-08-28T13:46:09.387+0000] {processor.py:179} INFO - Processing /home/airflow/.local/lib/python3.7/site-packages/airflow/example_dags/example_branch_python_dop_operator_3.py took 0.060 seconds
[2023-08-28T13:46:43.527+0000] {processor.py:157} INFO - Started process (PID=86323) to work on /home/airflow/.local/lib/python3.7/site-packages/airflow/example_dags/example_branch_python_dop_operator_3.py
[2023-08-28T13:46:43.529+0000] {processor.py:826} INFO - Processing file /home/airflow/.local/lib/python3.7/site-packages/airflow/example_dags/example_branch_python_dop_operator_3.py for tasks to queue
[2023-08-28T13:46:43.530+0000] {logging_mixin.py:149} INFO - [2023-08-28T13:46:43.530+0000] {dagbag.py:541} INFO - Filling up the DagBag from /home/airflow/.local/lib/python3.7/site-packages/airflow/example_dags/example_branch_python_dop_operator_3.py
[2023-08-28T13:46:43.537+0000] {processor.py:836} INFO - DAG(s) dict_keys(['example_branch_dop_operator_v3']) retrieved from /home/airflow/.local/lib/python3.7/site-packages/airflow/example_dags/example_branch_python_dop_operator_3.py
[2023-08-28T13:46:43.559+0000] {logging_mixin.py:149} INFO - [2023-08-28T13:46:43.559+0000] {dag.py:2726} INFO - Sync 1 DAGs
[2023-08-28T13:46:43.581+0000] {logging_mixin.py:149} INFO - [2023-08-28T13:46:43.581+0000] {dag.py:3490} INFO - Setting next_dagrun for example_branch_dop_operator_v3 to 2023-08-28T13:45:00+00:00, run_after=2023-08-28T13:46:00+00:00
[2023-08-28T13:46:43.593+0000] {processor.py:179} INFO - Processing /home/airflow/.local/lib/python3.7/site-packages/airflow/example_dags/example_branch_python_dop_operator_3.py took 0.071 seconds
[2023-08-28T13:47:17.486+0000] {processor.py:157} INFO - Started process (PID=86397) to work on /home/airflow/.local/lib/python3.7/site-packages/airflow/example_dags/example_branch_python_dop_operator_3.py
[2023-08-28T13:47:17.487+0000] {processor.py:826} INFO - Processing file /home/airflow/.local/lib/python3.7/site-packages/airflow/example_dags/example_branch_python_dop_operator_3.py for tasks to queue
[2023-08-28T13:47:17.487+0000] {logging_mixin.py:149} INFO - [2023-08-28T13:47:17.487+0000] {dagbag.py:541} INFO - Filling up the DagBag from /home/airflow/.local/lib/python3.7/site-packages/airflow/example_dags/example_branch_python_dop_operator_3.py
[2023-08-28T13:47:17.493+0000] {processor.py:836} INFO - DAG(s) dict_keys(['example_branch_dop_operator_v3']) retrieved from /home/airflow/.local/lib/python3.7/site-packages/airflow/example_dags/example_branch_python_dop_operator_3.py
[2023-08-28T13:47:17.513+0000] {logging_mixin.py:149} INFO - [2023-08-28T13:47:17.513+0000] {dag.py:2726} INFO - Sync 1 DAGs
[2023-08-28T13:47:17.533+0000] {logging_mixin.py:149} INFO - [2023-08-28T13:47:17.533+0000] {dag.py:3490} INFO - Setting next_dagrun for example_branch_dop_operator_v3 to 2023-08-28T13:46:00+00:00, run_after=2023-08-28T13:47:00+00:00
[2023-08-28T13:47:17.544+0000] {processor.py:179} INFO - Processing /home/airflow/.local/lib/python3.7/site-packages/airflow/example_dags/example_branch_python_dop_operator_3.py took 0.062 seconds
[2023-08-28T13:47:51.698+0000] {processor.py:157} INFO - Started process (PID=86463) to work on /home/airflow/.local/lib/python3.7/site-packages/airflow/example_dags/example_branch_python_dop_operator_3.py
[2023-08-28T13:47:51.706+0000] {processor.py:826} INFO - Processing file /home/airflow/.local/lib/python3.7/site-packages/airflow/example_dags/example_branch_python_dop_operator_3.py for tasks to queue
[2023-08-28T13:47:51.707+0000] {logging_mixin.py:149} INFO - [2023-08-28T13:47:51.707+0000] {dagbag.py:541} INFO - Filling up the DagBag from /home/airflow/.local/lib/python3.7/site-packages/airflow/example_dags/example_branch_python_dop_operator_3.py
[2023-08-28T13:47:51.715+0000] {processor.py:836} INFO - DAG(s) dict_keys(['example_branch_dop_operator_v3']) retrieved from /home/airflow/.local/lib/python3.7/site-packages/airflow/example_dags/example_branch_python_dop_operator_3.py
[2023-08-28T13:47:51.735+0000] {logging_mixin.py:149} INFO - [2023-08-28T13:47:51.735+0000] {dag.py:2726} INFO - Sync 1 DAGs
[2023-08-28T13:47:51.753+0000] {logging_mixin.py:149} INFO - [2023-08-28T13:47:51.753+0000] {dag.py:3490} INFO - Setting next_dagrun for example_branch_dop_operator_v3 to 2023-08-28T13:46:00+00:00, run_after=2023-08-28T13:47:00+00:00
[2023-08-28T13:47:51.765+0000] {processor.py:179} INFO - Processing /home/airflow/.local/lib/python3.7/site-packages/airflow/example_dags/example_branch_python_dop_operator_3.py took 0.070 seconds
[2023-08-28T13:48:25.195+0000] {processor.py:157} INFO - Started process (PID=86529) to work on /home/airflow/.local/lib/python3.7/site-packages/airflow/example_dags/example_branch_python_dop_operator_3.py
[2023-08-28T13:48:25.196+0000] {processor.py:826} INFO - Processing file /home/airflow/.local/lib/python3.7/site-packages/airflow/example_dags/example_branch_python_dop_operator_3.py for tasks to queue
[2023-08-28T13:48:25.197+0000] {logging_mixin.py:149} INFO - [2023-08-28T13:48:25.196+0000] {dagbag.py:541} INFO - Filling up the DagBag from /home/airflow/.local/lib/python3.7/site-packages/airflow/example_dags/example_branch_python_dop_operator_3.py
[2023-08-28T13:48:25.204+0000] {processor.py:836} INFO - DAG(s) dict_keys(['example_branch_dop_operator_v3']) retrieved from /home/airflow/.local/lib/python3.7/site-packages/airflow/example_dags/example_branch_python_dop_operator_3.py
[2023-08-28T13:48:25.224+0000] {logging_mixin.py:149} INFO - [2023-08-28T13:48:25.223+0000] {dag.py:2726} INFO - Sync 1 DAGs
[2023-08-28T13:48:25.242+0000] {logging_mixin.py:149} INFO - [2023-08-28T13:48:25.242+0000] {dag.py:3490} INFO - Setting next_dagrun for example_branch_dop_operator_v3 to 2023-08-28T13:47:00+00:00, run_after=2023-08-28T13:48:00+00:00
[2023-08-28T13:48:25.253+0000] {processor.py:179} INFO - Processing /home/airflow/.local/lib/python3.7/site-packages/airflow/example_dags/example_branch_python_dop_operator_3.py took 0.062 seconds
[2023-08-28T13:48:55.433+0000] {processor.py:157} INFO - Started process (PID=86589) to work on /home/airflow/.local/lib/python3.7/site-packages/airflow/example_dags/example_branch_python_dop_operator_3.py
[2023-08-28T13:48:55.434+0000] {processor.py:826} INFO - Processing file /home/airflow/.local/lib/python3.7/site-packages/airflow/example_dags/example_branch_python_dop_operator_3.py for tasks to queue
[2023-08-28T13:48:55.435+0000] {logging_mixin.py:149} INFO - [2023-08-28T13:48:55.435+0000] {dagbag.py:541} INFO - Filling up the DagBag from /home/airflow/.local/lib/python3.7/site-packages/airflow/example_dags/example_branch_python_dop_operator_3.py
[2023-08-28T13:48:55.441+0000] {processor.py:836} INFO - DAG(s) dict_keys(['example_branch_dop_operator_v3']) retrieved from /home/airflow/.local/lib/python3.7/site-packages/airflow/example_dags/example_branch_python_dop_operator_3.py
[2023-08-28T13:48:55.464+0000] {logging_mixin.py:149} INFO - [2023-08-28T13:48:55.464+0000] {dag.py:2726} INFO - Sync 1 DAGs
[2023-08-28T13:48:55.485+0000] {logging_mixin.py:149} INFO - [2023-08-28T13:48:55.485+0000] {dag.py:3490} INFO - Setting next_dagrun for example_branch_dop_operator_v3 to 2023-08-28T13:47:00+00:00, run_after=2023-08-28T13:48:00+00:00
[2023-08-28T13:48:55.498+0000] {processor.py:179} INFO - Processing /home/airflow/.local/lib/python3.7/site-packages/airflow/example_dags/example_branch_python_dop_operator_3.py took 0.067 seconds
[2023-08-28T13:49:25.559+0000] {processor.py:157} INFO - Started process (PID=86649) to work on /home/airflow/.local/lib/python3.7/site-packages/airflow/example_dags/example_branch_python_dop_operator_3.py
[2023-08-28T13:49:25.560+0000] {processor.py:826} INFO - Processing file /home/airflow/.local/lib/python3.7/site-packages/airflow/example_dags/example_branch_python_dop_operator_3.py for tasks to queue
[2023-08-28T13:49:25.561+0000] {logging_mixin.py:149} INFO - [2023-08-28T13:49:25.561+0000] {dagbag.py:541} INFO - Filling up the DagBag from /home/airflow/.local/lib/python3.7/site-packages/airflow/example_dags/example_branch_python_dop_operator_3.py
[2023-08-28T13:49:25.568+0000] {processor.py:836} INFO - DAG(s) dict_keys(['example_branch_dop_operator_v3']) retrieved from /home/airflow/.local/lib/python3.7/site-packages/airflow/example_dags/example_branch_python_dop_operator_3.py
[2023-08-28T13:49:25.590+0000] {logging_mixin.py:149} INFO - [2023-08-28T13:49:25.590+0000] {dag.py:2726} INFO - Sync 1 DAGs
[2023-08-28T13:49:25.610+0000] {logging_mixin.py:149} INFO - [2023-08-28T13:49:25.610+0000] {dag.py:3490} INFO - Setting next_dagrun for example_branch_dop_operator_v3 to 2023-08-28T13:48:00+00:00, run_after=2023-08-28T13:49:00+00:00
[2023-08-28T13:49:25.622+0000] {processor.py:179} INFO - Processing /home/airflow/.local/lib/python3.7/site-packages/airflow/example_dags/example_branch_python_dop_operator_3.py took 0.066 seconds
[2023-08-28T15:39:11.852+0000] {processor.py:157} INFO - Started process (PID=86720) to work on /home/airflow/.local/lib/python3.7/site-packages/airflow/example_dags/example_branch_python_dop_operator_3.py
[2023-08-28T15:39:11.853+0000] {processor.py:826} INFO - Processing file /home/airflow/.local/lib/python3.7/site-packages/airflow/example_dags/example_branch_python_dop_operator_3.py for tasks to queue
[2023-08-28T15:39:11.857+0000] {logging_mixin.py:149} INFO - [2023-08-28T15:39:11.857+0000] {dagbag.py:541} INFO - Filling up the DagBag from /home/airflow/.local/lib/python3.7/site-packages/airflow/example_dags/example_branch_python_dop_operator_3.py
[2023-08-28T15:39:11.866+0000] {processor.py:836} INFO - DAG(s) dict_keys(['example_branch_dop_operator_v3']) retrieved from /home/airflow/.local/lib/python3.7/site-packages/airflow/example_dags/example_branch_python_dop_operator_3.py
[2023-08-28T15:39:11.891+0000] {logging_mixin.py:149} INFO - [2023-08-28T15:39:11.891+0000] {dag.py:2726} INFO - Sync 1 DAGs
[2023-08-28T15:39:11.910+0000] {logging_mixin.py:149} INFO - [2023-08-28T15:39:11.910+0000] {dag.py:3490} INFO - Setting next_dagrun for example_branch_dop_operator_v3 to 2023-08-28T15:38:00+00:00, run_after=2023-08-28T15:39:00+00:00
[2023-08-28T15:39:11.922+0000] {processor.py:179} INFO - Processing /home/airflow/.local/lib/python3.7/site-packages/airflow/example_dags/example_branch_python_dop_operator_3.py took 0.075 seconds
[2023-08-28T16:02:17.665+0000] {processor.py:157} INFO - Started process (PID=86760) to work on /home/airflow/.local/lib/python3.7/site-packages/airflow/example_dags/example_branch_python_dop_operator_3.py
[2023-08-28T16:02:17.666+0000] {processor.py:826} INFO - Processing file /home/airflow/.local/lib/python3.7/site-packages/airflow/example_dags/example_branch_python_dop_operator_3.py for tasks to queue
[2023-08-28T16:02:17.667+0000] {logging_mixin.py:149} INFO - [2023-08-28T16:02:17.667+0000] {dagbag.py:541} INFO - Filling up the DagBag from /home/airflow/.local/lib/python3.7/site-packages/airflow/example_dags/example_branch_python_dop_operator_3.py
[2023-08-28T16:02:17.679+0000] {processor.py:836} INFO - DAG(s) dict_keys(['example_branch_dop_operator_v3']) retrieved from /home/airflow/.local/lib/python3.7/site-packages/airflow/example_dags/example_branch_python_dop_operator_3.py
[2023-08-28T16:02:17.700+0000] {logging_mixin.py:149} INFO - [2023-08-28T16:02:17.700+0000] {dag.py:2726} INFO - Sync 1 DAGs
[2023-08-28T16:02:17.718+0000] {logging_mixin.py:149} INFO - [2023-08-28T16:02:17.718+0000] {dag.py:3490} INFO - Setting next_dagrun for example_branch_dop_operator_v3 to 2023-08-28T16:01:00+00:00, run_after=2023-08-28T16:02:00+00:00
[2023-08-28T16:02:17.750+0000] {processor.py:179} INFO - Processing /home/airflow/.local/lib/python3.7/site-packages/airflow/example_dags/example_branch_python_dop_operator_3.py took 0.088 seconds
[2023-08-28T19:42:46.545+0000] {processor.py:157} INFO - Started process (PID=86826) to work on /home/airflow/.local/lib/python3.7/site-packages/airflow/example_dags/example_branch_python_dop_operator_3.py
[2023-08-28T19:42:46.546+0000] {processor.py:826} INFO - Processing file /home/airflow/.local/lib/python3.7/site-packages/airflow/example_dags/example_branch_python_dop_operator_3.py for tasks to queue
[2023-08-28T19:42:46.546+0000] {logging_mixin.py:149} INFO - [2023-08-28T19:42:46.546+0000] {dagbag.py:541} INFO - Filling up the DagBag from /home/airflow/.local/lib/python3.7/site-packages/airflow/example_dags/example_branch_python_dop_operator_3.py
[2023-08-28T19:42:46.552+0000] {processor.py:836} INFO - DAG(s) dict_keys(['example_branch_dop_operator_v3']) retrieved from /home/airflow/.local/lib/python3.7/site-packages/airflow/example_dags/example_branch_python_dop_operator_3.py
[2023-08-28T19:42:46.573+0000] {logging_mixin.py:149} INFO - [2023-08-28T19:42:46.573+0000] {dag.py:2726} INFO - Sync 1 DAGs
[2023-08-28T19:42:46.591+0000] {logging_mixin.py:149} INFO - [2023-08-28T19:42:46.591+0000] {dag.py:3490} INFO - Setting next_dagrun for example_branch_dop_operator_v3 to 2023-08-28T19:41:00+00:00, run_after=2023-08-28T19:42:00+00:00
[2023-08-28T19:42:46.603+0000] {processor.py:179} INFO - Processing /home/airflow/.local/lib/python3.7/site-packages/airflow/example_dags/example_branch_python_dop_operator_3.py took 0.061 seconds
[2023-08-28T21:57:39.575+0000] {processor.py:157} INFO - Started process (PID=86892) to work on /home/airflow/.local/lib/python3.7/site-packages/airflow/example_dags/example_branch_python_dop_operator_3.py
[2023-08-28T21:57:39.577+0000] {processor.py:826} INFO - Processing file /home/airflow/.local/lib/python3.7/site-packages/airflow/example_dags/example_branch_python_dop_operator_3.py for tasks to queue
[2023-08-28T21:57:39.577+0000] {logging_mixin.py:149} INFO - [2023-08-28T21:57:39.577+0000] {dagbag.py:541} INFO - Filling up the DagBag from /home/airflow/.local/lib/python3.7/site-packages/airflow/example_dags/example_branch_python_dop_operator_3.py
[2023-08-28T21:57:39.584+0000] {processor.py:836} INFO - DAG(s) dict_keys(['example_branch_dop_operator_v3']) retrieved from /home/airflow/.local/lib/python3.7/site-packages/airflow/example_dags/example_branch_python_dop_operator_3.py
[2023-08-28T21:57:39.607+0000] {logging_mixin.py:149} INFO - [2023-08-28T21:57:39.607+0000] {dag.py:2726} INFO - Sync 1 DAGs
[2023-08-28T21:57:39.626+0000] {logging_mixin.py:149} INFO - [2023-08-28T21:57:39.626+0000] {dag.py:3490} INFO - Setting next_dagrun for example_branch_dop_operator_v3 to 2023-08-28T21:56:00+00:00, run_after=2023-08-28T21:57:00+00:00
[2023-08-28T21:57:39.638+0000] {processor.py:179} INFO - Processing /home/airflow/.local/lib/python3.7/site-packages/airflow/example_dags/example_branch_python_dop_operator_3.py took 0.066 seconds
