[2023-08-28T01:05:01.571+0000] {processor.py:157} INFO - Started process (PID=83785) to work on /home/airflow/.local/lib/python3.7/site-packages/airflow/example_dags/example_task_group_decorator.py
[2023-08-28T01:05:01.575+0000] {processor.py:826} INFO - Processing file /home/airflow/.local/lib/python3.7/site-packages/airflow/example_dags/example_task_group_decorator.py for tasks to queue
[2023-08-28T01:05:01.577+0000] {logging_mixin.py:149} INFO - [2023-08-28T01:05:01.577+0000] {dagbag.py:541} INFO - Filling up the DagBag from /home/airflow/.local/lib/python3.7/site-packages/airflow/example_dags/example_task_group_decorator.py
[2023-08-28T01:05:01.590+0000] {processor.py:836} INFO - DAG(s) dict_keys(['example_task_group_decorator']) retrieved from /home/airflow/.local/lib/python3.7/site-packages/airflow/example_dags/example_task_group_decorator.py
[2023-08-28T01:05:01.619+0000] {logging_mixin.py:149} INFO - [2023-08-28T01:05:01.619+0000] {dag.py:2726} INFO - Sync 1 DAGs
[2023-08-28T01:05:01.637+0000] {logging_mixin.py:149} INFO - [2023-08-28T01:05:01.637+0000] {dag.py:3490} INFO - Setting next_dagrun for example_task_group_decorator to 2023-08-27T01:05:01.637631+00:00, run_after=2023-08-28T01:05:01.637631+00:00
[2023-08-28T01:05:01.649+0000] {processor.py:179} INFO - Processing /home/airflow/.local/lib/python3.7/site-packages/airflow/example_dags/example_task_group_decorator.py took 0.081 seconds
[2023-08-28T01:44:02.774+0000] {processor.py:157} INFO - Started process (PID=83850) to work on /home/airflow/.local/lib/python3.7/site-packages/airflow/example_dags/example_task_group_decorator.py
[2023-08-28T01:44:02.775+0000] {processor.py:826} INFO - Processing file /home/airflow/.local/lib/python3.7/site-packages/airflow/example_dags/example_task_group_decorator.py for tasks to queue
[2023-08-28T01:44:02.776+0000] {logging_mixin.py:149} INFO - [2023-08-28T01:44:02.776+0000] {dagbag.py:541} INFO - Filling up the DagBag from /home/airflow/.local/lib/python3.7/site-packages/airflow/example_dags/example_task_group_decorator.py
[2023-08-28T01:44:02.786+0000] {processor.py:836} INFO - DAG(s) dict_keys(['example_task_group_decorator']) retrieved from /home/airflow/.local/lib/python3.7/site-packages/airflow/example_dags/example_task_group_decorator.py
[2023-08-28T01:44:02.808+0000] {logging_mixin.py:149} INFO - [2023-08-28T01:44:02.808+0000] {dag.py:2726} INFO - Sync 1 DAGs
[2023-08-28T01:44:02.824+0000] {logging_mixin.py:149} INFO - [2023-08-28T01:44:02.824+0000] {dag.py:3490} INFO - Setting next_dagrun for example_task_group_decorator to 2023-08-27T01:44:02.824513+00:00, run_after=2023-08-28T01:44:02.824513+00:00
[2023-08-28T01:44:02.836+0000] {processor.py:179} INFO - Processing /home/airflow/.local/lib/python3.7/site-packages/airflow/example_dags/example_task_group_decorator.py took 0.064 seconds
[2023-08-28T05:22:01.087+0000] {processor.py:157} INFO - Started process (PID=83916) to work on /home/airflow/.local/lib/python3.7/site-packages/airflow/example_dags/example_task_group_decorator.py
[2023-08-28T05:22:01.089+0000] {processor.py:826} INFO - Processing file /home/airflow/.local/lib/python3.7/site-packages/airflow/example_dags/example_task_group_decorator.py for tasks to queue
[2023-08-28T05:22:01.090+0000] {logging_mixin.py:149} INFO - [2023-08-28T05:22:01.090+0000] {dagbag.py:541} INFO - Filling up the DagBag from /home/airflow/.local/lib/python3.7/site-packages/airflow/example_dags/example_task_group_decorator.py
[2023-08-28T05:22:01.101+0000] {processor.py:836} INFO - DAG(s) dict_keys(['example_task_group_decorator']) retrieved from /home/airflow/.local/lib/python3.7/site-packages/airflow/example_dags/example_task_group_decorator.py
[2023-08-28T05:22:01.130+0000] {logging_mixin.py:149} INFO - [2023-08-28T05:22:01.130+0000] {dag.py:2726} INFO - Sync 1 DAGs
[2023-08-28T05:22:01.148+0000] {logging_mixin.py:149} INFO - [2023-08-28T05:22:01.148+0000] {dag.py:3490} INFO - Setting next_dagrun for example_task_group_decorator to 2023-08-27T05:22:01.147952+00:00, run_after=2023-08-28T05:22:01.147952+00:00
[2023-08-28T05:22:01.161+0000] {processor.py:179} INFO - Processing /home/airflow/.local/lib/python3.7/site-packages/airflow/example_dags/example_task_group_decorator.py took 0.080 seconds
[2023-08-28T07:45:46.162+0000] {processor.py:157} INFO - Started process (PID=83983) to work on /home/airflow/.local/lib/python3.7/site-packages/airflow/example_dags/example_task_group_decorator.py
[2023-08-28T07:45:46.163+0000] {processor.py:826} INFO - Processing file /home/airflow/.local/lib/python3.7/site-packages/airflow/example_dags/example_task_group_decorator.py for tasks to queue
[2023-08-28T07:45:46.164+0000] {logging_mixin.py:149} INFO - [2023-08-28T07:45:46.164+0000] {dagbag.py:541} INFO - Filling up the DagBag from /home/airflow/.local/lib/python3.7/site-packages/airflow/example_dags/example_task_group_decorator.py
[2023-08-28T07:45:46.176+0000] {processor.py:836} INFO - DAG(s) dict_keys(['example_task_group_decorator']) retrieved from /home/airflow/.local/lib/python3.7/site-packages/airflow/example_dags/example_task_group_decorator.py
[2023-08-28T07:45:46.207+0000] {logging_mixin.py:149} INFO - [2023-08-28T07:45:46.207+0000] {dag.py:2726} INFO - Sync 1 DAGs
[2023-08-28T07:45:46.224+0000] {logging_mixin.py:149} INFO - [2023-08-28T07:45:46.224+0000] {dag.py:3490} INFO - Setting next_dagrun for example_task_group_decorator to 2023-08-27T07:45:46.224098+00:00, run_after=2023-08-28T07:45:46.224098+00:00
[2023-08-28T07:45:46.235+0000] {processor.py:179} INFO - Processing /home/airflow/.local/lib/python3.7/site-packages/airflow/example_dags/example_task_group_decorator.py took 0.077 seconds
[2023-08-28T10:16:21.142+0000] {processor.py:157} INFO - Started process (PID=84048) to work on /home/airflow/.local/lib/python3.7/site-packages/airflow/example_dags/example_task_group_decorator.py
[2023-08-28T10:16:21.142+0000] {processor.py:826} INFO - Processing file /home/airflow/.local/lib/python3.7/site-packages/airflow/example_dags/example_task_group_decorator.py for tasks to queue
[2023-08-28T10:16:21.143+0000] {logging_mixin.py:149} INFO - [2023-08-28T10:16:21.143+0000] {dagbag.py:541} INFO - Filling up the DagBag from /home/airflow/.local/lib/python3.7/site-packages/airflow/example_dags/example_task_group_decorator.py
[2023-08-28T10:16:21.152+0000] {processor.py:836} INFO - DAG(s) dict_keys(['example_task_group_decorator']) retrieved from /home/airflow/.local/lib/python3.7/site-packages/airflow/example_dags/example_task_group_decorator.py
[2023-08-28T10:16:21.173+0000] {logging_mixin.py:149} INFO - [2023-08-28T10:16:21.173+0000] {dag.py:2726} INFO - Sync 1 DAGs
[2023-08-28T10:16:21.188+0000] {logging_mixin.py:149} INFO - [2023-08-28T10:16:21.188+0000] {dag.py:3490} INFO - Setting next_dagrun for example_task_group_decorator to 2023-08-27T10:16:21.188172+00:00, run_after=2023-08-28T10:16:21.188172+00:00
[2023-08-28T10:16:21.199+0000] {processor.py:179} INFO - Processing /home/airflow/.local/lib/python3.7/site-packages/airflow/example_dags/example_task_group_decorator.py took 0.060 seconds
[2023-08-28T10:49:13.647+0000] {processor.py:157} INFO - Started process (PID=84115) to work on /home/airflow/.local/lib/python3.7/site-packages/airflow/example_dags/example_task_group_decorator.py
[2023-08-28T10:49:13.648+0000] {processor.py:826} INFO - Processing file /home/airflow/.local/lib/python3.7/site-packages/airflow/example_dags/example_task_group_decorator.py for tasks to queue
[2023-08-28T10:49:13.649+0000] {logging_mixin.py:149} INFO - [2023-08-28T10:49:13.649+0000] {dagbag.py:541} INFO - Filling up the DagBag from /home/airflow/.local/lib/python3.7/site-packages/airflow/example_dags/example_task_group_decorator.py
[2023-08-28T10:49:13.660+0000] {processor.py:836} INFO - DAG(s) dict_keys(['example_task_group_decorator']) retrieved from /home/airflow/.local/lib/python3.7/site-packages/airflow/example_dags/example_task_group_decorator.py
[2023-08-28T10:49:13.683+0000] {logging_mixin.py:149} INFO - [2023-08-28T10:49:13.683+0000] {dag.py:2726} INFO - Sync 1 DAGs
[2023-08-28T10:49:13.700+0000] {logging_mixin.py:149} INFO - [2023-08-28T10:49:13.700+0000] {dag.py:3490} INFO - Setting next_dagrun for example_task_group_decorator to 2023-08-27T10:49:13.699534+00:00, run_after=2023-08-28T10:49:13.699534+00:00
[2023-08-28T10:49:13.711+0000] {processor.py:179} INFO - Processing /home/airflow/.local/lib/python3.7/site-packages/airflow/example_dags/example_task_group_decorator.py took 0.067 seconds
[2023-08-28T10:59:27.465+0000] {processor.py:157} INFO - Started process (PID=84182) to work on /home/airflow/.local/lib/python3.7/site-packages/airflow/example_dags/example_task_group_decorator.py
[2023-08-28T10:59:27.467+0000] {processor.py:826} INFO - Processing file /home/airflow/.local/lib/python3.7/site-packages/airflow/example_dags/example_task_group_decorator.py for tasks to queue
[2023-08-28T10:59:27.468+0000] {logging_mixin.py:149} INFO - [2023-08-28T10:59:27.467+0000] {dagbag.py:541} INFO - Filling up the DagBag from /home/airflow/.local/lib/python3.7/site-packages/airflow/example_dags/example_task_group_decorator.py
[2023-08-28T10:59:27.478+0000] {processor.py:836} INFO - DAG(s) dict_keys(['example_task_group_decorator']) retrieved from /home/airflow/.local/lib/python3.7/site-packages/airflow/example_dags/example_task_group_decorator.py
[2023-08-28T10:59:27.504+0000] {logging_mixin.py:149} INFO - [2023-08-28T10:59:27.504+0000] {dag.py:2726} INFO - Sync 1 DAGs
[2023-08-28T10:59:27.525+0000] {logging_mixin.py:149} INFO - [2023-08-28T10:59:27.525+0000] {dag.py:3490} INFO - Setting next_dagrun for example_task_group_decorator to 2023-08-27T10:59:27.524990+00:00, run_after=2023-08-28T10:59:27.524990+00:00
[2023-08-28T10:59:27.538+0000] {processor.py:179} INFO - Processing /home/airflow/.local/lib/python3.7/site-packages/airflow/example_dags/example_task_group_decorator.py took 0.079 seconds
[2023-08-28T13:29:08.385+0000] {processor.py:157} INFO - Started process (PID=84248) to work on /home/airflow/.local/lib/python3.7/site-packages/airflow/example_dags/example_task_group_decorator.py
[2023-08-28T13:29:08.387+0000] {processor.py:826} INFO - Processing file /home/airflow/.local/lib/python3.7/site-packages/airflow/example_dags/example_task_group_decorator.py for tasks to queue
[2023-08-28T13:29:08.388+0000] {logging_mixin.py:149} INFO - [2023-08-28T13:29:08.388+0000] {dagbag.py:541} INFO - Filling up the DagBag from /home/airflow/.local/lib/python3.7/site-packages/airflow/example_dags/example_task_group_decorator.py
[2023-08-28T13:29:08.402+0000] {processor.py:836} INFO - DAG(s) dict_keys(['example_task_group_decorator']) retrieved from /home/airflow/.local/lib/python3.7/site-packages/airflow/example_dags/example_task_group_decorator.py
[2023-08-28T13:29:08.427+0000] {logging_mixin.py:149} INFO - [2023-08-28T13:29:08.426+0000] {dag.py:2726} INFO - Sync 1 DAGs
[2023-08-28T13:29:08.446+0000] {logging_mixin.py:149} INFO - [2023-08-28T13:29:08.446+0000] {dag.py:3490} INFO - Setting next_dagrun for example_task_group_decorator to 2023-08-27T13:29:08.445909+00:00, run_after=2023-08-28T13:29:08.445909+00:00
[2023-08-28T13:29:08.459+0000] {processor.py:179} INFO - Processing /home/airflow/.local/lib/python3.7/site-packages/airflow/example_dags/example_task_group_decorator.py took 0.076 seconds
[2023-08-28T13:29:41.720+0000] {processor.py:157} INFO - Started process (PID=84314) to work on /home/airflow/.local/lib/python3.7/site-packages/airflow/example_dags/example_task_group_decorator.py
[2023-08-28T13:29:41.721+0000] {processor.py:826} INFO - Processing file /home/airflow/.local/lib/python3.7/site-packages/airflow/example_dags/example_task_group_decorator.py for tasks to queue
[2023-08-28T13:29:41.722+0000] {logging_mixin.py:149} INFO - [2023-08-28T13:29:41.721+0000] {dagbag.py:541} INFO - Filling up the DagBag from /home/airflow/.local/lib/python3.7/site-packages/airflow/example_dags/example_task_group_decorator.py
[2023-08-28T13:29:41.731+0000] {processor.py:836} INFO - DAG(s) dict_keys(['example_task_group_decorator']) retrieved from /home/airflow/.local/lib/python3.7/site-packages/airflow/example_dags/example_task_group_decorator.py
[2023-08-28T13:29:41.755+0000] {logging_mixin.py:149} INFO - [2023-08-28T13:29:41.755+0000] {dag.py:2726} INFO - Sync 1 DAGs
[2023-08-28T13:29:41.773+0000] {logging_mixin.py:149} INFO - [2023-08-28T13:29:41.773+0000] {dag.py:3490} INFO - Setting next_dagrun for example_task_group_decorator to 2023-08-27T13:29:41.773445+00:00, run_after=2023-08-28T13:29:41.773445+00:00
[2023-08-28T13:29:41.787+0000] {processor.py:179} INFO - Processing /home/airflow/.local/lib/python3.7/site-packages/airflow/example_dags/example_task_group_decorator.py took 0.070 seconds
[2023-08-28T13:30:15.981+0000] {processor.py:157} INFO - Started process (PID=84387) to work on /home/airflow/.local/lib/python3.7/site-packages/airflow/example_dags/example_task_group_decorator.py
[2023-08-28T13:30:15.982+0000] {processor.py:826} INFO - Processing file /home/airflow/.local/lib/python3.7/site-packages/airflow/example_dags/example_task_group_decorator.py for tasks to queue
[2023-08-28T13:30:15.983+0000] {logging_mixin.py:149} INFO - [2023-08-28T13:30:15.983+0000] {dagbag.py:541} INFO - Filling up the DagBag from /home/airflow/.local/lib/python3.7/site-packages/airflow/example_dags/example_task_group_decorator.py
[2023-08-28T13:30:15.994+0000] {processor.py:836} INFO - DAG(s) dict_keys(['example_task_group_decorator']) retrieved from /home/airflow/.local/lib/python3.7/site-packages/airflow/example_dags/example_task_group_decorator.py
[2023-08-28T13:30:16.018+0000] {logging_mixin.py:149} INFO - [2023-08-28T13:30:16.017+0000] {dag.py:2726} INFO - Sync 1 DAGs
[2023-08-28T13:30:16.038+0000] {logging_mixin.py:149} INFO - [2023-08-28T13:30:16.038+0000] {dag.py:3490} INFO - Setting next_dagrun for example_task_group_decorator to 2023-08-27T13:30:16.037855+00:00, run_after=2023-08-28T13:30:16.037855+00:00
[2023-08-28T13:30:16.051+0000] {processor.py:179} INFO - Processing /home/airflow/.local/lib/python3.7/site-packages/airflow/example_dags/example_task_group_decorator.py took 0.073 seconds
[2023-08-28T13:30:50.374+0000] {processor.py:157} INFO - Started process (PID=84453) to work on /home/airflow/.local/lib/python3.7/site-packages/airflow/example_dags/example_task_group_decorator.py
[2023-08-28T13:30:50.375+0000] {processor.py:826} INFO - Processing file /home/airflow/.local/lib/python3.7/site-packages/airflow/example_dags/example_task_group_decorator.py for tasks to queue
[2023-08-28T13:30:50.376+0000] {logging_mixin.py:149} INFO - [2023-08-28T13:30:50.376+0000] {dagbag.py:541} INFO - Filling up the DagBag from /home/airflow/.local/lib/python3.7/site-packages/airflow/example_dags/example_task_group_decorator.py
[2023-08-28T13:30:50.385+0000] {processor.py:836} INFO - DAG(s) dict_keys(['example_task_group_decorator']) retrieved from /home/airflow/.local/lib/python3.7/site-packages/airflow/example_dags/example_task_group_decorator.py
[2023-08-28T13:30:50.410+0000] {logging_mixin.py:149} INFO - [2023-08-28T13:30:50.410+0000] {dag.py:2726} INFO - Sync 1 DAGs
[2023-08-28T13:30:50.427+0000] {logging_mixin.py:149} INFO - [2023-08-28T13:30:50.426+0000] {dag.py:3490} INFO - Setting next_dagrun for example_task_group_decorator to 2023-08-27T13:30:50.426736+00:00, run_after=2023-08-28T13:30:50.426736+00:00
[2023-08-28T13:30:50.438+0000] {processor.py:179} INFO - Processing /home/airflow/.local/lib/python3.7/site-packages/airflow/example_dags/example_task_group_decorator.py took 0.067 seconds
[2023-08-28T13:31:24.665+0000] {processor.py:157} INFO - Started process (PID=84519) to work on /home/airflow/.local/lib/python3.7/site-packages/airflow/example_dags/example_task_group_decorator.py
[2023-08-28T13:31:24.666+0000] {processor.py:826} INFO - Processing file /home/airflow/.local/lib/python3.7/site-packages/airflow/example_dags/example_task_group_decorator.py for tasks to queue
[2023-08-28T13:31:24.667+0000] {logging_mixin.py:149} INFO - [2023-08-28T13:31:24.667+0000] {dagbag.py:541} INFO - Filling up the DagBag from /home/airflow/.local/lib/python3.7/site-packages/airflow/example_dags/example_task_group_decorator.py
[2023-08-28T13:31:24.677+0000] {processor.py:836} INFO - DAG(s) dict_keys(['example_task_group_decorator']) retrieved from /home/airflow/.local/lib/python3.7/site-packages/airflow/example_dags/example_task_group_decorator.py
[2023-08-28T13:31:24.703+0000] {logging_mixin.py:149} INFO - [2023-08-28T13:31:24.703+0000] {dag.py:2726} INFO - Sync 1 DAGs
[2023-08-28T13:31:24.725+0000] {logging_mixin.py:149} INFO - [2023-08-28T13:31:24.725+0000] {dag.py:3490} INFO - Setting next_dagrun for example_task_group_decorator to 2023-08-27T13:31:24.725115+00:00, run_after=2023-08-28T13:31:24.725115+00:00
[2023-08-28T13:31:24.742+0000] {processor.py:179} INFO - Processing /home/airflow/.local/lib/python3.7/site-packages/airflow/example_dags/example_task_group_decorator.py took 0.080 seconds
[2023-08-28T13:31:58.742+0000] {processor.py:157} INFO - Started process (PID=84586) to work on /home/airflow/.local/lib/python3.7/site-packages/airflow/example_dags/example_task_group_decorator.py
[2023-08-28T13:31:58.743+0000] {processor.py:826} INFO - Processing file /home/airflow/.local/lib/python3.7/site-packages/airflow/example_dags/example_task_group_decorator.py for tasks to queue
[2023-08-28T13:31:58.743+0000] {logging_mixin.py:149} INFO - [2023-08-28T13:31:58.743+0000] {dagbag.py:541} INFO - Filling up the DagBag from /home/airflow/.local/lib/python3.7/site-packages/airflow/example_dags/example_task_group_decorator.py
[2023-08-28T13:31:58.757+0000] {processor.py:836} INFO - DAG(s) dict_keys(['example_task_group_decorator']) retrieved from /home/airflow/.local/lib/python3.7/site-packages/airflow/example_dags/example_task_group_decorator.py
[2023-08-28T13:31:58.780+0000] {logging_mixin.py:149} INFO - [2023-08-28T13:31:58.780+0000] {dag.py:2726} INFO - Sync 1 DAGs
[2023-08-28T13:31:58.799+0000] {logging_mixin.py:149} INFO - [2023-08-28T13:31:58.799+0000] {dag.py:3490} INFO - Setting next_dagrun for example_task_group_decorator to 2023-08-27T13:31:58.799114+00:00, run_after=2023-08-28T13:31:58.799114+00:00
[2023-08-28T13:31:58.810+0000] {processor.py:179} INFO - Processing /home/airflow/.local/lib/python3.7/site-packages/airflow/example_dags/example_task_group_decorator.py took 0.071 seconds
[2023-08-28T13:32:32.989+0000] {processor.py:157} INFO - Started process (PID=84652) to work on /home/airflow/.local/lib/python3.7/site-packages/airflow/example_dags/example_task_group_decorator.py
[2023-08-28T13:32:32.990+0000] {processor.py:826} INFO - Processing file /home/airflow/.local/lib/python3.7/site-packages/airflow/example_dags/example_task_group_decorator.py for tasks to queue
[2023-08-28T13:32:32.991+0000] {logging_mixin.py:149} INFO - [2023-08-28T13:32:32.991+0000] {dagbag.py:541} INFO - Filling up the DagBag from /home/airflow/.local/lib/python3.7/site-packages/airflow/example_dags/example_task_group_decorator.py
[2023-08-28T13:32:33.001+0000] {processor.py:836} INFO - DAG(s) dict_keys(['example_task_group_decorator']) retrieved from /home/airflow/.local/lib/python3.7/site-packages/airflow/example_dags/example_task_group_decorator.py
[2023-08-28T13:32:33.023+0000] {logging_mixin.py:149} INFO - [2023-08-28T13:32:33.023+0000] {dag.py:2726} INFO - Sync 1 DAGs
[2023-08-28T13:32:33.039+0000] {logging_mixin.py:149} INFO - [2023-08-28T13:32:33.039+0000] {dag.py:3490} INFO - Setting next_dagrun for example_task_group_decorator to 2023-08-27T13:32:33.039042+00:00, run_after=2023-08-28T13:32:33.039042+00:00
[2023-08-28T13:32:33.061+0000] {processor.py:179} INFO - Processing /home/airflow/.local/lib/python3.7/site-packages/airflow/example_dags/example_task_group_decorator.py took 0.075 seconds
[2023-08-28T13:33:06.844+0000] {processor.py:157} INFO - Started process (PID=84718) to work on /home/airflow/.local/lib/python3.7/site-packages/airflow/example_dags/example_task_group_decorator.py
[2023-08-28T13:33:06.845+0000] {processor.py:826} INFO - Processing file /home/airflow/.local/lib/python3.7/site-packages/airflow/example_dags/example_task_group_decorator.py for tasks to queue
[2023-08-28T13:33:06.846+0000] {logging_mixin.py:149} INFO - [2023-08-28T13:33:06.846+0000] {dagbag.py:541} INFO - Filling up the DagBag from /home/airflow/.local/lib/python3.7/site-packages/airflow/example_dags/example_task_group_decorator.py
[2023-08-28T13:33:06.857+0000] {processor.py:836} INFO - DAG(s) dict_keys(['example_task_group_decorator']) retrieved from /home/airflow/.local/lib/python3.7/site-packages/airflow/example_dags/example_task_group_decorator.py
[2023-08-28T13:33:06.879+0000] {logging_mixin.py:149} INFO - [2023-08-28T13:33:06.878+0000] {dag.py:2726} INFO - Sync 1 DAGs
[2023-08-28T13:33:06.894+0000] {logging_mixin.py:149} INFO - [2023-08-28T13:33:06.894+0000] {dag.py:3490} INFO - Setting next_dagrun for example_task_group_decorator to 2023-08-27T13:33:06.894672+00:00, run_after=2023-08-28T13:33:06.894672+00:00
[2023-08-28T13:33:06.907+0000] {processor.py:179} INFO - Processing /home/airflow/.local/lib/python3.7/site-packages/airflow/example_dags/example_task_group_decorator.py took 0.070 seconds
[2023-08-28T13:33:40.793+0000] {processor.py:157} INFO - Started process (PID=84784) to work on /home/airflow/.local/lib/python3.7/site-packages/airflow/example_dags/example_task_group_decorator.py
[2023-08-28T13:33:40.794+0000] {processor.py:826} INFO - Processing file /home/airflow/.local/lib/python3.7/site-packages/airflow/example_dags/example_task_group_decorator.py for tasks to queue
[2023-08-28T13:33:40.795+0000] {logging_mixin.py:149} INFO - [2023-08-28T13:33:40.795+0000] {dagbag.py:541} INFO - Filling up the DagBag from /home/airflow/.local/lib/python3.7/site-packages/airflow/example_dags/example_task_group_decorator.py
[2023-08-28T13:33:40.804+0000] {processor.py:836} INFO - DAG(s) dict_keys(['example_task_group_decorator']) retrieved from /home/airflow/.local/lib/python3.7/site-packages/airflow/example_dags/example_task_group_decorator.py
[2023-08-28T13:33:40.832+0000] {logging_mixin.py:149} INFO - [2023-08-28T13:33:40.832+0000] {dag.py:2726} INFO - Sync 1 DAGs
[2023-08-28T13:33:40.846+0000] {logging_mixin.py:149} INFO - [2023-08-28T13:33:40.846+0000] {dag.py:3490} INFO - Setting next_dagrun for example_task_group_decorator to 2023-08-27T13:33:40.846064+00:00, run_after=2023-08-28T13:33:40.846064+00:00
[2023-08-28T13:33:40.856+0000] {processor.py:179} INFO - Processing /home/airflow/.local/lib/python3.7/site-packages/airflow/example_dags/example_task_group_decorator.py took 0.066 seconds
[2023-08-28T13:34:14.795+0000] {processor.py:157} INFO - Started process (PID=84851) to work on /home/airflow/.local/lib/python3.7/site-packages/airflow/example_dags/example_task_group_decorator.py
[2023-08-28T13:34:14.797+0000] {processor.py:826} INFO - Processing file /home/airflow/.local/lib/python3.7/site-packages/airflow/example_dags/example_task_group_decorator.py for tasks to queue
[2023-08-28T13:34:14.801+0000] {logging_mixin.py:149} INFO - [2023-08-28T13:34:14.800+0000] {dagbag.py:541} INFO - Filling up the DagBag from /home/airflow/.local/lib/python3.7/site-packages/airflow/example_dags/example_task_group_decorator.py
[2023-08-28T13:34:14.811+0000] {processor.py:836} INFO - DAG(s) dict_keys(['example_task_group_decorator']) retrieved from /home/airflow/.local/lib/python3.7/site-packages/airflow/example_dags/example_task_group_decorator.py
[2023-08-28T13:34:14.833+0000] {logging_mixin.py:149} INFO - [2023-08-28T13:34:14.833+0000] {dag.py:2726} INFO - Sync 1 DAGs
[2023-08-28T13:34:14.849+0000] {logging_mixin.py:149} INFO - [2023-08-28T13:34:14.849+0000] {dag.py:3490} INFO - Setting next_dagrun for example_task_group_decorator to 2023-08-27T13:34:14.848961+00:00, run_after=2023-08-28T13:34:14.848961+00:00
[2023-08-28T13:34:14.860+0000] {processor.py:179} INFO - Processing /home/airflow/.local/lib/python3.7/site-packages/airflow/example_dags/example_task_group_decorator.py took 0.068 seconds
[2023-08-28T13:34:48.717+0000] {processor.py:157} INFO - Started process (PID=84924) to work on /home/airflow/.local/lib/python3.7/site-packages/airflow/example_dags/example_task_group_decorator.py
[2023-08-28T13:34:48.720+0000] {processor.py:826} INFO - Processing file /home/airflow/.local/lib/python3.7/site-packages/airflow/example_dags/example_task_group_decorator.py for tasks to queue
[2023-08-28T13:34:48.720+0000] {logging_mixin.py:149} INFO - [2023-08-28T13:34:48.720+0000] {dagbag.py:541} INFO - Filling up the DagBag from /home/airflow/.local/lib/python3.7/site-packages/airflow/example_dags/example_task_group_decorator.py
[2023-08-28T13:34:48.734+0000] {processor.py:836} INFO - DAG(s) dict_keys(['example_task_group_decorator']) retrieved from /home/airflow/.local/lib/python3.7/site-packages/airflow/example_dags/example_task_group_decorator.py
[2023-08-28T13:34:48.756+0000] {logging_mixin.py:149} INFO - [2023-08-28T13:34:48.756+0000] {dag.py:2726} INFO - Sync 1 DAGs
[2023-08-28T13:34:48.772+0000] {logging_mixin.py:149} INFO - [2023-08-28T13:34:48.771+0000] {dag.py:3490} INFO - Setting next_dagrun for example_task_group_decorator to 2023-08-27T13:34:48.771200+00:00, run_after=2023-08-28T13:34:48.771200+00:00
[2023-08-28T13:34:48.782+0000] {processor.py:179} INFO - Processing /home/airflow/.local/lib/python3.7/site-packages/airflow/example_dags/example_task_group_decorator.py took 0.073 seconds
[2023-08-28T13:35:22.808+0000] {processor.py:157} INFO - Started process (PID=84990) to work on /home/airflow/.local/lib/python3.7/site-packages/airflow/example_dags/example_task_group_decorator.py
[2023-08-28T13:35:22.811+0000] {processor.py:826} INFO - Processing file /home/airflow/.local/lib/python3.7/site-packages/airflow/example_dags/example_task_group_decorator.py for tasks to queue
[2023-08-28T13:35:22.811+0000] {logging_mixin.py:149} INFO - [2023-08-28T13:35:22.811+0000] {dagbag.py:541} INFO - Filling up the DagBag from /home/airflow/.local/lib/python3.7/site-packages/airflow/example_dags/example_task_group_decorator.py
[2023-08-28T13:35:22.821+0000] {processor.py:836} INFO - DAG(s) dict_keys(['example_task_group_decorator']) retrieved from /home/airflow/.local/lib/python3.7/site-packages/airflow/example_dags/example_task_group_decorator.py
[2023-08-28T13:35:22.846+0000] {logging_mixin.py:149} INFO - [2023-08-28T13:35:22.846+0000] {dag.py:2726} INFO - Sync 1 DAGs
[2023-08-28T13:35:22.862+0000] {logging_mixin.py:149} INFO - [2023-08-28T13:35:22.861+0000] {dag.py:3490} INFO - Setting next_dagrun for example_task_group_decorator to 2023-08-27T13:35:22.861756+00:00, run_after=2023-08-28T13:35:22.861756+00:00
[2023-08-28T13:35:22.872+0000] {processor.py:179} INFO - Processing /home/airflow/.local/lib/python3.7/site-packages/airflow/example_dags/example_task_group_decorator.py took 0.066 seconds
[2023-08-28T13:35:56.880+0000] {processor.py:157} INFO - Started process (PID=85056) to work on /home/airflow/.local/lib/python3.7/site-packages/airflow/example_dags/example_task_group_decorator.py
[2023-08-28T13:35:56.881+0000] {processor.py:826} INFO - Processing file /home/airflow/.local/lib/python3.7/site-packages/airflow/example_dags/example_task_group_decorator.py for tasks to queue
[2023-08-28T13:35:56.882+0000] {logging_mixin.py:149} INFO - [2023-08-28T13:35:56.881+0000] {dagbag.py:541} INFO - Filling up the DagBag from /home/airflow/.local/lib/python3.7/site-packages/airflow/example_dags/example_task_group_decorator.py
[2023-08-28T13:35:56.892+0000] {processor.py:836} INFO - DAG(s) dict_keys(['example_task_group_decorator']) retrieved from /home/airflow/.local/lib/python3.7/site-packages/airflow/example_dags/example_task_group_decorator.py
[2023-08-28T13:35:56.914+0000] {logging_mixin.py:149} INFO - [2023-08-28T13:35:56.914+0000] {dag.py:2726} INFO - Sync 1 DAGs
[2023-08-28T13:35:56.930+0000] {logging_mixin.py:149} INFO - [2023-08-28T13:35:56.930+0000] {dag.py:3490} INFO - Setting next_dagrun for example_task_group_decorator to 2023-08-27T13:35:56.930613+00:00, run_after=2023-08-28T13:35:56.930613+00:00
[2023-08-28T13:35:56.941+0000] {processor.py:179} INFO - Processing /home/airflow/.local/lib/python3.7/site-packages/airflow/example_dags/example_task_group_decorator.py took 0.064 seconds
[2023-08-28T13:36:30.871+0000] {processor.py:157} INFO - Started process (PID=85123) to work on /home/airflow/.local/lib/python3.7/site-packages/airflow/example_dags/example_task_group_decorator.py
[2023-08-28T13:36:30.872+0000] {processor.py:826} INFO - Processing file /home/airflow/.local/lib/python3.7/site-packages/airflow/example_dags/example_task_group_decorator.py for tasks to queue
[2023-08-28T13:36:30.873+0000] {logging_mixin.py:149} INFO - [2023-08-28T13:36:30.873+0000] {dagbag.py:541} INFO - Filling up the DagBag from /home/airflow/.local/lib/python3.7/site-packages/airflow/example_dags/example_task_group_decorator.py
[2023-08-28T13:36:30.883+0000] {processor.py:836} INFO - DAG(s) dict_keys(['example_task_group_decorator']) retrieved from /home/airflow/.local/lib/python3.7/site-packages/airflow/example_dags/example_task_group_decorator.py
[2023-08-28T13:36:30.909+0000] {logging_mixin.py:149} INFO - [2023-08-28T13:36:30.909+0000] {dag.py:2726} INFO - Sync 1 DAGs
[2023-08-28T13:36:30.929+0000] {logging_mixin.py:149} INFO - [2023-08-28T13:36:30.929+0000] {dag.py:3490} INFO - Setting next_dagrun for example_task_group_decorator to 2023-08-27T13:36:30.928894+00:00, run_after=2023-08-28T13:36:30.928894+00:00
[2023-08-28T13:36:30.946+0000] {processor.py:179} INFO - Processing /home/airflow/.local/lib/python3.7/site-packages/airflow/example_dags/example_task_group_decorator.py took 0.077 seconds
[2023-08-28T13:37:04.941+0000] {processor.py:157} INFO - Started process (PID=85189) to work on /home/airflow/.local/lib/python3.7/site-packages/airflow/example_dags/example_task_group_decorator.py
[2023-08-28T13:37:04.942+0000] {processor.py:826} INFO - Processing file /home/airflow/.local/lib/python3.7/site-packages/airflow/example_dags/example_task_group_decorator.py for tasks to queue
[2023-08-28T13:37:04.942+0000] {logging_mixin.py:149} INFO - [2023-08-28T13:37:04.942+0000] {dagbag.py:541} INFO - Filling up the DagBag from /home/airflow/.local/lib/python3.7/site-packages/airflow/example_dags/example_task_group_decorator.py
[2023-08-28T13:37:04.951+0000] {processor.py:836} INFO - DAG(s) dict_keys(['example_task_group_decorator']) retrieved from /home/airflow/.local/lib/python3.7/site-packages/airflow/example_dags/example_task_group_decorator.py
[2023-08-28T13:37:04.984+0000] {logging_mixin.py:149} INFO - [2023-08-28T13:37:04.984+0000] {dag.py:2726} INFO - Sync 1 DAGs
[2023-08-28T13:37:05.016+0000] {logging_mixin.py:149} INFO - [2023-08-28T13:37:05.016+0000] {dag.py:3490} INFO - Setting next_dagrun for example_task_group_decorator to 2023-08-27T13:37:05.015297+00:00, run_after=2023-08-28T13:37:05.015297+00:00
[2023-08-28T13:37:05.027+0000] {processor.py:179} INFO - Processing /home/airflow/.local/lib/python3.7/site-packages/airflow/example_dags/example_task_group_decorator.py took 0.089 seconds
[2023-08-28T13:37:38.937+0000] {processor.py:157} INFO - Started process (PID=85254) to work on /home/airflow/.local/lib/python3.7/site-packages/airflow/example_dags/example_task_group_decorator.py
[2023-08-28T13:37:38.938+0000] {processor.py:826} INFO - Processing file /home/airflow/.local/lib/python3.7/site-packages/airflow/example_dags/example_task_group_decorator.py for tasks to queue
[2023-08-28T13:37:38.939+0000] {logging_mixin.py:149} INFO - [2023-08-28T13:37:38.939+0000] {dagbag.py:541} INFO - Filling up the DagBag from /home/airflow/.local/lib/python3.7/site-packages/airflow/example_dags/example_task_group_decorator.py
[2023-08-28T13:37:38.949+0000] {processor.py:836} INFO - DAG(s) dict_keys(['example_task_group_decorator']) retrieved from /home/airflow/.local/lib/python3.7/site-packages/airflow/example_dags/example_task_group_decorator.py
[2023-08-28T13:37:38.971+0000] {logging_mixin.py:149} INFO - [2023-08-28T13:37:38.971+0000] {dag.py:2726} INFO - Sync 1 DAGs
[2023-08-28T13:37:38.986+0000] {logging_mixin.py:149} INFO - [2023-08-28T13:37:38.986+0000] {dag.py:3490} INFO - Setting next_dagrun for example_task_group_decorator to 2023-08-27T13:37:38.986124+00:00, run_after=2023-08-28T13:37:38.986124+00:00
[2023-08-28T13:37:38.998+0000] {processor.py:179} INFO - Processing /home/airflow/.local/lib/python3.7/site-packages/airflow/example_dags/example_task_group_decorator.py took 0.063 seconds
[2023-08-28T13:38:12.963+0000] {processor.py:157} INFO - Started process (PID=85320) to work on /home/airflow/.local/lib/python3.7/site-packages/airflow/example_dags/example_task_group_decorator.py
[2023-08-28T13:38:12.964+0000] {processor.py:826} INFO - Processing file /home/airflow/.local/lib/python3.7/site-packages/airflow/example_dags/example_task_group_decorator.py for tasks to queue
[2023-08-28T13:38:12.965+0000] {logging_mixin.py:149} INFO - [2023-08-28T13:38:12.965+0000] {dagbag.py:541} INFO - Filling up the DagBag from /home/airflow/.local/lib/python3.7/site-packages/airflow/example_dags/example_task_group_decorator.py
[2023-08-28T13:38:12.975+0000] {processor.py:836} INFO - DAG(s) dict_keys(['example_task_group_decorator']) retrieved from /home/airflow/.local/lib/python3.7/site-packages/airflow/example_dags/example_task_group_decorator.py
[2023-08-28T13:38:12.996+0000] {logging_mixin.py:149} INFO - [2023-08-28T13:38:12.996+0000] {dag.py:2726} INFO - Sync 1 DAGs
[2023-08-28T13:38:13.011+0000] {logging_mixin.py:149} INFO - [2023-08-28T13:38:13.011+0000] {dag.py:3490} INFO - Setting next_dagrun for example_task_group_decorator to 2023-08-27T13:38:13.011242+00:00, run_after=2023-08-28T13:38:13.011242+00:00
[2023-08-28T13:38:13.025+0000] {processor.py:179} INFO - Processing /home/airflow/.local/lib/python3.7/site-packages/airflow/example_dags/example_task_group_decorator.py took 0.065 seconds
[2023-08-28T13:38:46.344+0000] {processor.py:157} INFO - Started process (PID=85392) to work on /home/airflow/.local/lib/python3.7/site-packages/airflow/example_dags/example_task_group_decorator.py
[2023-08-28T13:38:46.348+0000] {processor.py:826} INFO - Processing file /home/airflow/.local/lib/python3.7/site-packages/airflow/example_dags/example_task_group_decorator.py for tasks to queue
[2023-08-28T13:38:46.349+0000] {logging_mixin.py:149} INFO - [2023-08-28T13:38:46.349+0000] {dagbag.py:541} INFO - Filling up the DagBag from /home/airflow/.local/lib/python3.7/site-packages/airflow/example_dags/example_task_group_decorator.py
[2023-08-28T13:38:46.360+0000] {processor.py:836} INFO - DAG(s) dict_keys(['example_task_group_decorator']) retrieved from /home/airflow/.local/lib/python3.7/site-packages/airflow/example_dags/example_task_group_decorator.py
[2023-08-28T13:38:46.381+0000] {logging_mixin.py:149} INFO - [2023-08-28T13:38:46.381+0000] {dag.py:2726} INFO - Sync 1 DAGs
[2023-08-28T13:38:46.397+0000] {logging_mixin.py:149} INFO - [2023-08-28T13:38:46.397+0000] {dag.py:3490} INFO - Setting next_dagrun for example_task_group_decorator to 2023-08-27T13:38:46.397454+00:00, run_after=2023-08-28T13:38:46.397454+00:00
[2023-08-28T13:38:46.414+0000] {processor.py:179} INFO - Processing /home/airflow/.local/lib/python3.7/site-packages/airflow/example_dags/example_task_group_decorator.py took 0.072 seconds
[2023-08-28T13:39:20.779+0000] {processor.py:157} INFO - Started process (PID=85458) to work on /home/airflow/.local/lib/python3.7/site-packages/airflow/example_dags/example_task_group_decorator.py
[2023-08-28T13:39:20.780+0000] {processor.py:826} INFO - Processing file /home/airflow/.local/lib/python3.7/site-packages/airflow/example_dags/example_task_group_decorator.py for tasks to queue
[2023-08-28T13:39:20.781+0000] {logging_mixin.py:149} INFO - [2023-08-28T13:39:20.781+0000] {dagbag.py:541} INFO - Filling up the DagBag from /home/airflow/.local/lib/python3.7/site-packages/airflow/example_dags/example_task_group_decorator.py
[2023-08-28T13:39:20.794+0000] {processor.py:836} INFO - DAG(s) dict_keys(['example_task_group_decorator']) retrieved from /home/airflow/.local/lib/python3.7/site-packages/airflow/example_dags/example_task_group_decorator.py
[2023-08-28T13:39:20.815+0000] {logging_mixin.py:149} INFO - [2023-08-28T13:39:20.815+0000] {dag.py:2726} INFO - Sync 1 DAGs
[2023-08-28T13:39:20.834+0000] {logging_mixin.py:149} INFO - [2023-08-28T13:39:20.834+0000] {dag.py:3490} INFO - Setting next_dagrun for example_task_group_decorator to 2023-08-27T13:39:20.834225+00:00, run_after=2023-08-28T13:39:20.834225+00:00
[2023-08-28T13:39:20.845+0000] {processor.py:179} INFO - Processing /home/airflow/.local/lib/python3.7/site-packages/airflow/example_dags/example_task_group_decorator.py took 0.069 seconds
[2023-08-28T13:39:54.842+0000] {processor.py:157} INFO - Started process (PID=85525) to work on /home/airflow/.local/lib/python3.7/site-packages/airflow/example_dags/example_task_group_decorator.py
[2023-08-28T13:39:54.843+0000] {processor.py:826} INFO - Processing file /home/airflow/.local/lib/python3.7/site-packages/airflow/example_dags/example_task_group_decorator.py for tasks to queue
[2023-08-28T13:39:54.844+0000] {logging_mixin.py:149} INFO - [2023-08-28T13:39:54.844+0000] {dagbag.py:541} INFO - Filling up the DagBag from /home/airflow/.local/lib/python3.7/site-packages/airflow/example_dags/example_task_group_decorator.py
[2023-08-28T13:39:54.855+0000] {processor.py:836} INFO - DAG(s) dict_keys(['example_task_group_decorator']) retrieved from /home/airflow/.local/lib/python3.7/site-packages/airflow/example_dags/example_task_group_decorator.py
[2023-08-28T13:39:54.878+0000] {logging_mixin.py:149} INFO - [2023-08-28T13:39:54.878+0000] {dag.py:2726} INFO - Sync 1 DAGs
[2023-08-28T13:39:54.900+0000] {logging_mixin.py:149} INFO - [2023-08-28T13:39:54.900+0000] {dag.py:3490} INFO - Setting next_dagrun for example_task_group_decorator to 2023-08-27T13:39:54.893922+00:00, run_after=2023-08-28T13:39:54.893922+00:00
[2023-08-28T13:39:54.914+0000] {processor.py:179} INFO - Processing /home/airflow/.local/lib/python3.7/site-packages/airflow/example_dags/example_task_group_decorator.py took 0.074 seconds
[2023-08-28T13:40:28.875+0000] {processor.py:157} INFO - Started process (PID=85592) to work on /home/airflow/.local/lib/python3.7/site-packages/airflow/example_dags/example_task_group_decorator.py
[2023-08-28T13:40:28.876+0000] {processor.py:826} INFO - Processing file /home/airflow/.local/lib/python3.7/site-packages/airflow/example_dags/example_task_group_decorator.py for tasks to queue
[2023-08-28T13:40:28.877+0000] {logging_mixin.py:149} INFO - [2023-08-28T13:40:28.877+0000] {dagbag.py:541} INFO - Filling up the DagBag from /home/airflow/.local/lib/python3.7/site-packages/airflow/example_dags/example_task_group_decorator.py
[2023-08-28T13:40:28.887+0000] {processor.py:836} INFO - DAG(s) dict_keys(['example_task_group_decorator']) retrieved from /home/airflow/.local/lib/python3.7/site-packages/airflow/example_dags/example_task_group_decorator.py
[2023-08-28T13:40:28.910+0000] {logging_mixin.py:149} INFO - [2023-08-28T13:40:28.910+0000] {dag.py:2726} INFO - Sync 1 DAGs
[2023-08-28T13:40:28.927+0000] {logging_mixin.py:149} INFO - [2023-08-28T13:40:28.927+0000] {dag.py:3490} INFO - Setting next_dagrun for example_task_group_decorator to 2023-08-27T13:40:28.926797+00:00, run_after=2023-08-28T13:40:28.926797+00:00
[2023-08-28T13:40:28.941+0000] {processor.py:179} INFO - Processing /home/airflow/.local/lib/python3.7/site-packages/airflow/example_dags/example_task_group_decorator.py took 0.068 seconds
[2023-08-28T13:41:02.884+0000] {processor.py:157} INFO - Started process (PID=85658) to work on /home/airflow/.local/lib/python3.7/site-packages/airflow/example_dags/example_task_group_decorator.py
[2023-08-28T13:41:02.885+0000] {processor.py:826} INFO - Processing file /home/airflow/.local/lib/python3.7/site-packages/airflow/example_dags/example_task_group_decorator.py for tasks to queue
[2023-08-28T13:41:02.886+0000] {logging_mixin.py:149} INFO - [2023-08-28T13:41:02.886+0000] {dagbag.py:541} INFO - Filling up the DagBag from /home/airflow/.local/lib/python3.7/site-packages/airflow/example_dags/example_task_group_decorator.py
[2023-08-28T13:41:02.896+0000] {processor.py:836} INFO - DAG(s) dict_keys(['example_task_group_decorator']) retrieved from /home/airflow/.local/lib/python3.7/site-packages/airflow/example_dags/example_task_group_decorator.py
[2023-08-28T13:41:02.918+0000] {logging_mixin.py:149} INFO - [2023-08-28T13:41:02.917+0000] {dag.py:2726} INFO - Sync 1 DAGs
[2023-08-28T13:41:02.933+0000] {logging_mixin.py:149} INFO - [2023-08-28T13:41:02.933+0000] {dag.py:3490} INFO - Setting next_dagrun for example_task_group_decorator to 2023-08-27T13:41:02.933521+00:00, run_after=2023-08-28T13:41:02.933521+00:00
[2023-08-28T13:41:02.944+0000] {processor.py:179} INFO - Processing /home/airflow/.local/lib/python3.7/site-packages/airflow/example_dags/example_task_group_decorator.py took 0.064 seconds
[2023-08-28T13:41:37.019+0000] {processor.py:157} INFO - Started process (PID=85725) to work on /home/airflow/.local/lib/python3.7/site-packages/airflow/example_dags/example_task_group_decorator.py
[2023-08-28T13:41:37.020+0000] {processor.py:826} INFO - Processing file /home/airflow/.local/lib/python3.7/site-packages/airflow/example_dags/example_task_group_decorator.py for tasks to queue
[2023-08-28T13:41:37.021+0000] {logging_mixin.py:149} INFO - [2023-08-28T13:41:37.021+0000] {dagbag.py:541} INFO - Filling up the DagBag from /home/airflow/.local/lib/python3.7/site-packages/airflow/example_dags/example_task_group_decorator.py
[2023-08-28T13:41:37.031+0000] {processor.py:836} INFO - DAG(s) dict_keys(['example_task_group_decorator']) retrieved from /home/airflow/.local/lib/python3.7/site-packages/airflow/example_dags/example_task_group_decorator.py
[2023-08-28T13:41:37.058+0000] {logging_mixin.py:149} INFO - [2023-08-28T13:41:37.058+0000] {dag.py:2726} INFO - Sync 1 DAGs
[2023-08-28T13:41:37.075+0000] {logging_mixin.py:149} INFO - [2023-08-28T13:41:37.074+0000] {dag.py:3490} INFO - Setting next_dagrun for example_task_group_decorator to 2023-08-27T13:41:37.074714+00:00, run_after=2023-08-28T13:41:37.074714+00:00
[2023-08-28T13:41:37.094+0000] {processor.py:179} INFO - Processing /home/airflow/.local/lib/python3.7/site-packages/airflow/example_dags/example_task_group_decorator.py took 0.080 seconds
[2023-08-28T13:42:10.973+0000] {processor.py:157} INFO - Started process (PID=85791) to work on /home/airflow/.local/lib/python3.7/site-packages/airflow/example_dags/example_task_group_decorator.py
[2023-08-28T13:42:10.974+0000] {processor.py:826} INFO - Processing file /home/airflow/.local/lib/python3.7/site-packages/airflow/example_dags/example_task_group_decorator.py for tasks to queue
[2023-08-28T13:42:10.974+0000] {logging_mixin.py:149} INFO - [2023-08-28T13:42:10.974+0000] {dagbag.py:541} INFO - Filling up the DagBag from /home/airflow/.local/lib/python3.7/site-packages/airflow/example_dags/example_task_group_decorator.py
[2023-08-28T13:42:10.984+0000] {processor.py:836} INFO - DAG(s) dict_keys(['example_task_group_decorator']) retrieved from /home/airflow/.local/lib/python3.7/site-packages/airflow/example_dags/example_task_group_decorator.py
[2023-08-28T13:42:11.008+0000] {logging_mixin.py:149} INFO - [2023-08-28T13:42:11.008+0000] {dag.py:2726} INFO - Sync 1 DAGs
[2023-08-28T13:42:11.024+0000] {logging_mixin.py:149} INFO - [2023-08-28T13:42:11.024+0000] {dag.py:3490} INFO - Setting next_dagrun for example_task_group_decorator to 2023-08-27T13:42:11.024097+00:00, run_after=2023-08-28T13:42:11.024097+00:00
[2023-08-28T13:42:11.035+0000] {processor.py:179} INFO - Processing /home/airflow/.local/lib/python3.7/site-packages/airflow/example_dags/example_task_group_decorator.py took 0.071 seconds
[2023-08-28T13:42:45.043+0000] {processor.py:157} INFO - Started process (PID=85857) to work on /home/airflow/.local/lib/python3.7/site-packages/airflow/example_dags/example_task_group_decorator.py
[2023-08-28T13:42:45.044+0000] {processor.py:826} INFO - Processing file /home/airflow/.local/lib/python3.7/site-packages/airflow/example_dags/example_task_group_decorator.py for tasks to queue
[2023-08-28T13:42:45.045+0000] {logging_mixin.py:149} INFO - [2023-08-28T13:42:45.045+0000] {dagbag.py:541} INFO - Filling up the DagBag from /home/airflow/.local/lib/python3.7/site-packages/airflow/example_dags/example_task_group_decorator.py
[2023-08-28T13:42:45.053+0000] {processor.py:836} INFO - DAG(s) dict_keys(['example_task_group_decorator']) retrieved from /home/airflow/.local/lib/python3.7/site-packages/airflow/example_dags/example_task_group_decorator.py
[2023-08-28T13:42:45.073+0000] {logging_mixin.py:149} INFO - [2023-08-28T13:42:45.073+0000] {dag.py:2726} INFO - Sync 1 DAGs
[2023-08-28T13:42:45.087+0000] {logging_mixin.py:149} INFO - [2023-08-28T13:42:45.087+0000] {dag.py:3490} INFO - Setting next_dagrun for example_task_group_decorator to 2023-08-27T13:42:45.087452+00:00, run_after=2023-08-28T13:42:45.087452+00:00
[2023-08-28T13:42:45.099+0000] {processor.py:179} INFO - Processing /home/airflow/.local/lib/python3.7/site-packages/airflow/example_dags/example_task_group_decorator.py took 0.058 seconds
[2023-08-28T13:43:19.169+0000] {processor.py:157} INFO - Started process (PID=85930) to work on /home/airflow/.local/lib/python3.7/site-packages/airflow/example_dags/example_task_group_decorator.py
[2023-08-28T13:43:19.171+0000] {processor.py:826} INFO - Processing file /home/airflow/.local/lib/python3.7/site-packages/airflow/example_dags/example_task_group_decorator.py for tasks to queue
[2023-08-28T13:43:19.172+0000] {logging_mixin.py:149} INFO - [2023-08-28T13:43:19.171+0000] {dagbag.py:541} INFO - Filling up the DagBag from /home/airflow/.local/lib/python3.7/site-packages/airflow/example_dags/example_task_group_decorator.py
[2023-08-28T13:43:19.189+0000] {processor.py:836} INFO - DAG(s) dict_keys(['example_task_group_decorator']) retrieved from /home/airflow/.local/lib/python3.7/site-packages/airflow/example_dags/example_task_group_decorator.py
[2023-08-28T13:43:19.212+0000] {logging_mixin.py:149} INFO - [2023-08-28T13:43:19.211+0000] {dag.py:2726} INFO - Sync 1 DAGs
[2023-08-28T13:43:19.227+0000] {logging_mixin.py:149} INFO - [2023-08-28T13:43:19.226+0000] {dag.py:3490} INFO - Setting next_dagrun for example_task_group_decorator to 2023-08-27T13:43:19.226702+00:00, run_after=2023-08-28T13:43:19.226702+00:00
[2023-08-28T13:43:19.238+0000] {processor.py:179} INFO - Processing /home/airflow/.local/lib/python3.7/site-packages/airflow/example_dags/example_task_group_decorator.py took 0.071 seconds
[2023-08-28T13:43:53.162+0000] {processor.py:157} INFO - Started process (PID=85996) to work on /home/airflow/.local/lib/python3.7/site-packages/airflow/example_dags/example_task_group_decorator.py
[2023-08-28T13:43:53.163+0000] {processor.py:826} INFO - Processing file /home/airflow/.local/lib/python3.7/site-packages/airflow/example_dags/example_task_group_decorator.py for tasks to queue
[2023-08-28T13:43:53.164+0000] {logging_mixin.py:149} INFO - [2023-08-28T13:43:53.164+0000] {dagbag.py:541} INFO - Filling up the DagBag from /home/airflow/.local/lib/python3.7/site-packages/airflow/example_dags/example_task_group_decorator.py
[2023-08-28T13:43:53.174+0000] {processor.py:836} INFO - DAG(s) dict_keys(['example_task_group_decorator']) retrieved from /home/airflow/.local/lib/python3.7/site-packages/airflow/example_dags/example_task_group_decorator.py
[2023-08-28T13:43:53.196+0000] {logging_mixin.py:149} INFO - [2023-08-28T13:43:53.196+0000] {dag.py:2726} INFO - Sync 1 DAGs
[2023-08-28T13:43:53.212+0000] {logging_mixin.py:149} INFO - [2023-08-28T13:43:53.212+0000] {dag.py:3490} INFO - Setting next_dagrun for example_task_group_decorator to 2023-08-27T13:43:53.212257+00:00, run_after=2023-08-28T13:43:53.212257+00:00
[2023-08-28T13:43:53.223+0000] {processor.py:179} INFO - Processing /home/airflow/.local/lib/python3.7/site-packages/airflow/example_dags/example_task_group_decorator.py took 0.064 seconds
[2023-08-28T13:44:27.266+0000] {processor.py:157} INFO - Started process (PID=86063) to work on /home/airflow/.local/lib/python3.7/site-packages/airflow/example_dags/example_task_group_decorator.py
[2023-08-28T13:44:27.267+0000] {processor.py:826} INFO - Processing file /home/airflow/.local/lib/python3.7/site-packages/airflow/example_dags/example_task_group_decorator.py for tasks to queue
[2023-08-28T13:44:27.268+0000] {logging_mixin.py:149} INFO - [2023-08-28T13:44:27.268+0000] {dagbag.py:541} INFO - Filling up the DagBag from /home/airflow/.local/lib/python3.7/site-packages/airflow/example_dags/example_task_group_decorator.py
[2023-08-28T13:44:27.281+0000] {processor.py:836} INFO - DAG(s) dict_keys(['example_task_group_decorator']) retrieved from /home/airflow/.local/lib/python3.7/site-packages/airflow/example_dags/example_task_group_decorator.py
[2023-08-28T13:44:27.315+0000] {logging_mixin.py:149} INFO - [2023-08-28T13:44:27.315+0000] {dag.py:2726} INFO - Sync 1 DAGs
[2023-08-28T13:44:27.336+0000] {logging_mixin.py:149} INFO - [2023-08-28T13:44:27.336+0000] {dag.py:3490} INFO - Setting next_dagrun for example_task_group_decorator to 2023-08-27T13:44:27.336365+00:00, run_after=2023-08-28T13:44:27.336365+00:00
[2023-08-28T13:44:27.348+0000] {processor.py:179} INFO - Processing /home/airflow/.local/lib/python3.7/site-packages/airflow/example_dags/example_task_group_decorator.py took 0.085 seconds
[2023-08-28T13:45:01.150+0000] {processor.py:157} INFO - Started process (PID=86129) to work on /home/airflow/.local/lib/python3.7/site-packages/airflow/example_dags/example_task_group_decorator.py
[2023-08-28T13:45:01.151+0000] {processor.py:826} INFO - Processing file /home/airflow/.local/lib/python3.7/site-packages/airflow/example_dags/example_task_group_decorator.py for tasks to queue
[2023-08-28T13:45:01.152+0000] {logging_mixin.py:149} INFO - [2023-08-28T13:45:01.152+0000] {dagbag.py:541} INFO - Filling up the DagBag from /home/airflow/.local/lib/python3.7/site-packages/airflow/example_dags/example_task_group_decorator.py
[2023-08-28T13:45:01.162+0000] {processor.py:836} INFO - DAG(s) dict_keys(['example_task_group_decorator']) retrieved from /home/airflow/.local/lib/python3.7/site-packages/airflow/example_dags/example_task_group_decorator.py
[2023-08-28T13:45:01.185+0000] {logging_mixin.py:149} INFO - [2023-08-28T13:45:01.184+0000] {dag.py:2726} INFO - Sync 1 DAGs
[2023-08-28T13:45:01.201+0000] {logging_mixin.py:149} INFO - [2023-08-28T13:45:01.201+0000] {dag.py:3490} INFO - Setting next_dagrun for example_task_group_decorator to 2023-08-27T13:45:01.201222+00:00, run_after=2023-08-28T13:45:01.201222+00:00
[2023-08-28T13:45:01.211+0000] {processor.py:179} INFO - Processing /home/airflow/.local/lib/python3.7/site-packages/airflow/example_dags/example_task_group_decorator.py took 0.064 seconds
[2023-08-28T13:45:35.400+0000] {processor.py:157} INFO - Started process (PID=86195) to work on /home/airflow/.local/lib/python3.7/site-packages/airflow/example_dags/example_task_group_decorator.py
[2023-08-28T13:45:35.401+0000] {processor.py:826} INFO - Processing file /home/airflow/.local/lib/python3.7/site-packages/airflow/example_dags/example_task_group_decorator.py for tasks to queue
[2023-08-28T13:45:35.402+0000] {logging_mixin.py:149} INFO - [2023-08-28T13:45:35.402+0000] {dagbag.py:541} INFO - Filling up the DagBag from /home/airflow/.local/lib/python3.7/site-packages/airflow/example_dags/example_task_group_decorator.py
[2023-08-28T13:45:35.413+0000] {processor.py:836} INFO - DAG(s) dict_keys(['example_task_group_decorator']) retrieved from /home/airflow/.local/lib/python3.7/site-packages/airflow/example_dags/example_task_group_decorator.py
[2023-08-28T13:45:35.437+0000] {logging_mixin.py:149} INFO - [2023-08-28T13:45:35.437+0000] {dag.py:2726} INFO - Sync 1 DAGs
[2023-08-28T13:45:35.463+0000] {logging_mixin.py:149} INFO - [2023-08-28T13:45:35.463+0000] {dag.py:3490} INFO - Setting next_dagrun for example_task_group_decorator to 2023-08-27T13:45:35.463212+00:00, run_after=2023-08-28T13:45:35.463212+00:00
[2023-08-28T13:45:35.482+0000] {processor.py:179} INFO - Processing /home/airflow/.local/lib/python3.7/site-packages/airflow/example_dags/example_task_group_decorator.py took 0.088 seconds
[2023-08-28T13:46:09.507+0000] {processor.py:157} INFO - Started process (PID=86261) to work on /home/airflow/.local/lib/python3.7/site-packages/airflow/example_dags/example_task_group_decorator.py
[2023-08-28T13:46:09.509+0000] {processor.py:826} INFO - Processing file /home/airflow/.local/lib/python3.7/site-packages/airflow/example_dags/example_task_group_decorator.py for tasks to queue
[2023-08-28T13:46:09.510+0000] {logging_mixin.py:149} INFO - [2023-08-28T13:46:09.510+0000] {dagbag.py:541} INFO - Filling up the DagBag from /home/airflow/.local/lib/python3.7/site-packages/airflow/example_dags/example_task_group_decorator.py
[2023-08-28T13:46:09.520+0000] {processor.py:836} INFO - DAG(s) dict_keys(['example_task_group_decorator']) retrieved from /home/airflow/.local/lib/python3.7/site-packages/airflow/example_dags/example_task_group_decorator.py
[2023-08-28T13:46:09.543+0000] {logging_mixin.py:149} INFO - [2023-08-28T13:46:09.543+0000] {dag.py:2726} INFO - Sync 1 DAGs
[2023-08-28T13:46:09.560+0000] {logging_mixin.py:149} INFO - [2023-08-28T13:46:09.560+0000] {dag.py:3490} INFO - Setting next_dagrun for example_task_group_decorator to 2023-08-27T13:46:09.560245+00:00, run_after=2023-08-28T13:46:09.560245+00:00
[2023-08-28T13:46:09.570+0000] {processor.py:179} INFO - Processing /home/airflow/.local/lib/python3.7/site-packages/airflow/example_dags/example_task_group_decorator.py took 0.068 seconds
[2023-08-28T13:46:43.714+0000] {processor.py:157} INFO - Started process (PID=86326) to work on /home/airflow/.local/lib/python3.7/site-packages/airflow/example_dags/example_task_group_decorator.py
[2023-08-28T13:46:43.715+0000] {processor.py:826} INFO - Processing file /home/airflow/.local/lib/python3.7/site-packages/airflow/example_dags/example_task_group_decorator.py for tasks to queue
[2023-08-28T13:46:43.716+0000] {logging_mixin.py:149} INFO - [2023-08-28T13:46:43.716+0000] {dagbag.py:541} INFO - Filling up the DagBag from /home/airflow/.local/lib/python3.7/site-packages/airflow/example_dags/example_task_group_decorator.py
[2023-08-28T13:46:43.725+0000] {processor.py:836} INFO - DAG(s) dict_keys(['example_task_group_decorator']) retrieved from /home/airflow/.local/lib/python3.7/site-packages/airflow/example_dags/example_task_group_decorator.py
[2023-08-28T13:46:43.747+0000] {logging_mixin.py:149} INFO - [2023-08-28T13:46:43.747+0000] {dag.py:2726} INFO - Sync 1 DAGs
[2023-08-28T13:46:43.765+0000] {logging_mixin.py:149} INFO - [2023-08-28T13:46:43.765+0000] {dag.py:3490} INFO - Setting next_dagrun for example_task_group_decorator to 2023-08-27T13:46:43.765227+00:00, run_after=2023-08-28T13:46:43.765227+00:00
[2023-08-28T13:46:43.777+0000] {processor.py:179} INFO - Processing /home/airflow/.local/lib/python3.7/site-packages/airflow/example_dags/example_task_group_decorator.py took 0.066 seconds
[2023-08-28T13:47:17.686+0000] {processor.py:157} INFO - Started process (PID=86400) to work on /home/airflow/.local/lib/python3.7/site-packages/airflow/example_dags/example_task_group_decorator.py
[2023-08-28T13:47:17.687+0000] {processor.py:826} INFO - Processing file /home/airflow/.local/lib/python3.7/site-packages/airflow/example_dags/example_task_group_decorator.py for tasks to queue
[2023-08-28T13:47:17.688+0000] {logging_mixin.py:149} INFO - [2023-08-28T13:47:17.688+0000] {dagbag.py:541} INFO - Filling up the DagBag from /home/airflow/.local/lib/python3.7/site-packages/airflow/example_dags/example_task_group_decorator.py
[2023-08-28T13:47:17.702+0000] {processor.py:836} INFO - DAG(s) dict_keys(['example_task_group_decorator']) retrieved from /home/airflow/.local/lib/python3.7/site-packages/airflow/example_dags/example_task_group_decorator.py
[2023-08-28T13:47:17.726+0000] {logging_mixin.py:149} INFO - [2023-08-28T13:47:17.726+0000] {dag.py:2726} INFO - Sync 1 DAGs
[2023-08-28T13:47:17.746+0000] {logging_mixin.py:149} INFO - [2023-08-28T13:47:17.746+0000] {dag.py:3490} INFO - Setting next_dagrun for example_task_group_decorator to 2023-08-27T13:47:17.746118+00:00, run_after=2023-08-28T13:47:17.746118+00:00
[2023-08-28T13:47:17.757+0000] {processor.py:179} INFO - Processing /home/airflow/.local/lib/python3.7/site-packages/airflow/example_dags/example_task_group_decorator.py took 0.074 seconds
[2023-08-28T13:47:51.911+0000] {processor.py:157} INFO - Started process (PID=86466) to work on /home/airflow/.local/lib/python3.7/site-packages/airflow/example_dags/example_task_group_decorator.py
[2023-08-28T13:47:51.912+0000] {processor.py:826} INFO - Processing file /home/airflow/.local/lib/python3.7/site-packages/airflow/example_dags/example_task_group_decorator.py for tasks to queue
[2023-08-28T13:47:51.913+0000] {logging_mixin.py:149} INFO - [2023-08-28T13:47:51.913+0000] {dagbag.py:541} INFO - Filling up the DagBag from /home/airflow/.local/lib/python3.7/site-packages/airflow/example_dags/example_task_group_decorator.py
[2023-08-28T13:47:51.925+0000] {processor.py:836} INFO - DAG(s) dict_keys(['example_task_group_decorator']) retrieved from /home/airflow/.local/lib/python3.7/site-packages/airflow/example_dags/example_task_group_decorator.py
[2023-08-28T13:47:51.949+0000] {logging_mixin.py:149} INFO - [2023-08-28T13:47:51.948+0000] {dag.py:2726} INFO - Sync 1 DAGs
[2023-08-28T13:47:51.965+0000] {logging_mixin.py:149} INFO - [2023-08-28T13:47:51.965+0000] {dag.py:3490} INFO - Setting next_dagrun for example_task_group_decorator to 2023-08-27T13:47:51.965463+00:00, run_after=2023-08-28T13:47:51.965463+00:00
[2023-08-28T13:47:51.977+0000] {processor.py:179} INFO - Processing /home/airflow/.local/lib/python3.7/site-packages/airflow/example_dags/example_task_group_decorator.py took 0.069 seconds
[2023-08-28T13:48:25.471+0000] {processor.py:157} INFO - Started process (PID=86532) to work on /home/airflow/.local/lib/python3.7/site-packages/airflow/example_dags/example_task_group_decorator.py
[2023-08-28T13:48:25.472+0000] {processor.py:826} INFO - Processing file /home/airflow/.local/lib/python3.7/site-packages/airflow/example_dags/example_task_group_decorator.py for tasks to queue
[2023-08-28T13:48:25.473+0000] {logging_mixin.py:149} INFO - [2023-08-28T13:48:25.473+0000] {dagbag.py:541} INFO - Filling up the DagBag from /home/airflow/.local/lib/python3.7/site-packages/airflow/example_dags/example_task_group_decorator.py
[2023-08-28T13:48:25.484+0000] {processor.py:836} INFO - DAG(s) dict_keys(['example_task_group_decorator']) retrieved from /home/airflow/.local/lib/python3.7/site-packages/airflow/example_dags/example_task_group_decorator.py
[2023-08-28T13:48:25.508+0000] {logging_mixin.py:149} INFO - [2023-08-28T13:48:25.508+0000] {dag.py:2726} INFO - Sync 1 DAGs
[2023-08-28T13:48:25.529+0000] {logging_mixin.py:149} INFO - [2023-08-28T13:48:25.529+0000] {dag.py:3490} INFO - Setting next_dagrun for example_task_group_decorator to 2023-08-27T13:48:25.529193+00:00, run_after=2023-08-28T13:48:25.529193+00:00
[2023-08-28T13:48:25.542+0000] {processor.py:179} INFO - Processing /home/airflow/.local/lib/python3.7/site-packages/airflow/example_dags/example_task_group_decorator.py took 0.074 seconds
[2023-08-28T13:48:58.374+0000] {processor.py:157} INFO - Started process (PID=86598) to work on /home/airflow/.local/lib/python3.7/site-packages/airflow/example_dags/example_task_group_decorator.py
[2023-08-28T13:48:58.375+0000] {processor.py:826} INFO - Processing file /home/airflow/.local/lib/python3.7/site-packages/airflow/example_dags/example_task_group_decorator.py for tasks to queue
[2023-08-28T13:48:58.376+0000] {logging_mixin.py:149} INFO - [2023-08-28T13:48:58.376+0000] {dagbag.py:541} INFO - Filling up the DagBag from /home/airflow/.local/lib/python3.7/site-packages/airflow/example_dags/example_task_group_decorator.py
[2023-08-28T13:48:58.387+0000] {processor.py:836} INFO - DAG(s) dict_keys(['example_task_group_decorator']) retrieved from /home/airflow/.local/lib/python3.7/site-packages/airflow/example_dags/example_task_group_decorator.py
[2023-08-28T13:48:58.409+0000] {logging_mixin.py:149} INFO - [2023-08-28T13:48:58.409+0000] {dag.py:2726} INFO - Sync 1 DAGs
[2023-08-28T13:48:58.425+0000] {logging_mixin.py:149} INFO - [2023-08-28T13:48:58.425+0000] {dag.py:3490} INFO - Setting next_dagrun for example_task_group_decorator to 2023-08-27T13:48:58.425357+00:00, run_after=2023-08-28T13:48:58.425357+00:00
[2023-08-28T13:48:58.436+0000] {processor.py:179} INFO - Processing /home/airflow/.local/lib/python3.7/site-packages/airflow/example_dags/example_task_group_decorator.py took 0.065 seconds
[2023-08-28T13:49:28.848+0000] {processor.py:157} INFO - Started process (PID=86654) to work on /home/airflow/.local/lib/python3.7/site-packages/airflow/example_dags/example_task_group_decorator.py
[2023-08-28T13:49:28.849+0000] {processor.py:826} INFO - Processing file /home/airflow/.local/lib/python3.7/site-packages/airflow/example_dags/example_task_group_decorator.py for tasks to queue
[2023-08-28T13:49:28.850+0000] {logging_mixin.py:149} INFO - [2023-08-28T13:49:28.850+0000] {dagbag.py:541} INFO - Filling up the DagBag from /home/airflow/.local/lib/python3.7/site-packages/airflow/example_dags/example_task_group_decorator.py
[2023-08-28T13:49:28.859+0000] {processor.py:836} INFO - DAG(s) dict_keys(['example_task_group_decorator']) retrieved from /home/airflow/.local/lib/python3.7/site-packages/airflow/example_dags/example_task_group_decorator.py
[2023-08-28T13:49:28.882+0000] {logging_mixin.py:149} INFO - [2023-08-28T13:49:28.882+0000] {dag.py:2726} INFO - Sync 1 DAGs
[2023-08-28T13:49:28.898+0000] {logging_mixin.py:149} INFO - [2023-08-28T13:49:28.898+0000] {dag.py:3490} INFO - Setting next_dagrun for example_task_group_decorator to 2023-08-27T13:49:28.898401+00:00, run_after=2023-08-28T13:49:28.898401+00:00
[2023-08-28T13:49:28.911+0000] {processor.py:179} INFO - Processing /home/airflow/.local/lib/python3.7/site-packages/airflow/example_dags/example_task_group_decorator.py took 0.065 seconds
[2023-08-28T15:39:12.054+0000] {processor.py:157} INFO - Started process (PID=86723) to work on /home/airflow/.local/lib/python3.7/site-packages/airflow/example_dags/example_task_group_decorator.py
[2023-08-28T15:39:12.055+0000] {processor.py:826} INFO - Processing file /home/airflow/.local/lib/python3.7/site-packages/airflow/example_dags/example_task_group_decorator.py for tasks to queue
[2023-08-28T15:39:12.056+0000] {logging_mixin.py:149} INFO - [2023-08-28T15:39:12.056+0000] {dagbag.py:541} INFO - Filling up the DagBag from /home/airflow/.local/lib/python3.7/site-packages/airflow/example_dags/example_task_group_decorator.py
[2023-08-28T15:39:12.066+0000] {processor.py:836} INFO - DAG(s) dict_keys(['example_task_group_decorator']) retrieved from /home/airflow/.local/lib/python3.7/site-packages/airflow/example_dags/example_task_group_decorator.py
[2023-08-28T15:39:12.092+0000] {logging_mixin.py:149} INFO - [2023-08-28T15:39:12.092+0000] {dag.py:2726} INFO - Sync 1 DAGs
[2023-08-28T15:39:12.109+0000] {logging_mixin.py:149} INFO - [2023-08-28T15:39:12.109+0000] {dag.py:3490} INFO - Setting next_dagrun for example_task_group_decorator to 2023-08-27T15:39:12.108973+00:00, run_after=2023-08-28T15:39:12.108973+00:00
[2023-08-28T15:39:12.121+0000] {processor.py:179} INFO - Processing /home/airflow/.local/lib/python3.7/site-packages/airflow/example_dags/example_task_group_decorator.py took 0.069 seconds
[2023-08-28T16:02:17.885+0000] {processor.py:157} INFO - Started process (PID=86763) to work on /home/airflow/.local/lib/python3.7/site-packages/airflow/example_dags/example_task_group_decorator.py
[2023-08-28T16:02:17.887+0000] {processor.py:826} INFO - Processing file /home/airflow/.local/lib/python3.7/site-packages/airflow/example_dags/example_task_group_decorator.py for tasks to queue
[2023-08-28T16:02:17.888+0000] {logging_mixin.py:149} INFO - [2023-08-28T16:02:17.888+0000] {dagbag.py:541} INFO - Filling up the DagBag from /home/airflow/.local/lib/python3.7/site-packages/airflow/example_dags/example_task_group_decorator.py
[2023-08-28T16:02:17.899+0000] {processor.py:836} INFO - DAG(s) dict_keys(['example_task_group_decorator']) retrieved from /home/airflow/.local/lib/python3.7/site-packages/airflow/example_dags/example_task_group_decorator.py
[2023-08-28T16:02:17.927+0000] {logging_mixin.py:149} INFO - [2023-08-28T16:02:17.927+0000] {dag.py:2726} INFO - Sync 1 DAGs
[2023-08-28T16:02:17.943+0000] {logging_mixin.py:149} INFO - [2023-08-28T16:02:17.942+0000] {dag.py:3490} INFO - Setting next_dagrun for example_task_group_decorator to 2023-08-27T16:02:17.942767+00:00, run_after=2023-08-28T16:02:17.942767+00:00
[2023-08-28T16:02:17.953+0000] {processor.py:179} INFO - Processing /home/airflow/.local/lib/python3.7/site-packages/airflow/example_dags/example_task_group_decorator.py took 0.073 seconds
[2023-08-28T19:42:46.723+0000] {processor.py:157} INFO - Started process (PID=86829) to work on /home/airflow/.local/lib/python3.7/site-packages/airflow/example_dags/example_task_group_decorator.py
[2023-08-28T19:42:46.724+0000] {processor.py:826} INFO - Processing file /home/airflow/.local/lib/python3.7/site-packages/airflow/example_dags/example_task_group_decorator.py for tasks to queue
[2023-08-28T19:42:46.725+0000] {logging_mixin.py:149} INFO - [2023-08-28T19:42:46.725+0000] {dagbag.py:541} INFO - Filling up the DagBag from /home/airflow/.local/lib/python3.7/site-packages/airflow/example_dags/example_task_group_decorator.py
[2023-08-28T19:42:46.735+0000] {processor.py:836} INFO - DAG(s) dict_keys(['example_task_group_decorator']) retrieved from /home/airflow/.local/lib/python3.7/site-packages/airflow/example_dags/example_task_group_decorator.py
[2023-08-28T19:42:46.758+0000] {logging_mixin.py:149} INFO - [2023-08-28T19:42:46.758+0000] {dag.py:2726} INFO - Sync 1 DAGs
[2023-08-28T19:42:46.779+0000] {logging_mixin.py:149} INFO - [2023-08-28T19:42:46.779+0000] {dag.py:3490} INFO - Setting next_dagrun for example_task_group_decorator to 2023-08-27T19:42:46.779564+00:00, run_after=2023-08-28T19:42:46.779564+00:00
[2023-08-28T19:42:46.797+0000] {processor.py:179} INFO - Processing /home/airflow/.local/lib/python3.7/site-packages/airflow/example_dags/example_task_group_decorator.py took 0.077 seconds
[2023-08-28T21:57:39.777+0000] {processor.py:157} INFO - Started process (PID=86895) to work on /home/airflow/.local/lib/python3.7/site-packages/airflow/example_dags/example_task_group_decorator.py
[2023-08-28T21:57:39.778+0000] {processor.py:826} INFO - Processing file /home/airflow/.local/lib/python3.7/site-packages/airflow/example_dags/example_task_group_decorator.py for tasks to queue
[2023-08-28T21:57:39.778+0000] {logging_mixin.py:149} INFO - [2023-08-28T21:57:39.778+0000] {dagbag.py:541} INFO - Filling up the DagBag from /home/airflow/.local/lib/python3.7/site-packages/airflow/example_dags/example_task_group_decorator.py
[2023-08-28T21:57:39.789+0000] {processor.py:836} INFO - DAG(s) dict_keys(['example_task_group_decorator']) retrieved from /home/airflow/.local/lib/python3.7/site-packages/airflow/example_dags/example_task_group_decorator.py
[2023-08-28T21:57:39.818+0000] {logging_mixin.py:149} INFO - [2023-08-28T21:57:39.818+0000] {dag.py:2726} INFO - Sync 1 DAGs
[2023-08-28T21:57:39.835+0000] {logging_mixin.py:149} INFO - [2023-08-28T21:57:39.835+0000] {dag.py:3490} INFO - Setting next_dagrun for example_task_group_decorator to 2023-08-27T21:57:39.835464+00:00, run_after=2023-08-28T21:57:39.835464+00:00
[2023-08-28T21:57:39.847+0000] {processor.py:179} INFO - Processing /home/airflow/.local/lib/python3.7/site-packages/airflow/example_dags/example_task_group_decorator.py took 0.072 seconds
