[2023-08-28T01:05:02.192+0000] {processor.py:157} INFO - Started process (PID=83796) to work on /home/airflow/.local/lib/python3.7/site-packages/airflow/example_dags/example_short_circuit_operator.py
[2023-08-28T01:05:02.193+0000] {processor.py:826} INFO - Processing file /home/airflow/.local/lib/python3.7/site-packages/airflow/example_dags/example_short_circuit_operator.py for tasks to queue
[2023-08-28T01:05:02.194+0000] {logging_mixin.py:149} INFO - [2023-08-28T01:05:02.194+0000] {dagbag.py:541} INFO - Filling up the DagBag from /home/airflow/.local/lib/python3.7/site-packages/airflow/example_dags/example_short_circuit_operator.py
[2023-08-28T01:05:02.201+0000] {processor.py:836} INFO - DAG(s) dict_keys(['example_short_circuit_operator']) retrieved from /home/airflow/.local/lib/python3.7/site-packages/airflow/example_dags/example_short_circuit_operator.py
[2023-08-28T01:05:02.230+0000] {logging_mixin.py:149} INFO - [2023-08-28T01:05:02.230+0000] {dag.py:2726} INFO - Sync 1 DAGs
[2023-08-28T01:05:02.246+0000] {logging_mixin.py:149} INFO - [2023-08-28T01:05:02.246+0000] {dag.py:3490} INFO - Setting next_dagrun for example_short_circuit_operator to 2023-08-27T01:05:02.246293+00:00, run_after=2023-08-28T01:05:02.246293+00:00
[2023-08-28T01:05:02.257+0000] {processor.py:179} INFO - Processing /home/airflow/.local/lib/python3.7/site-packages/airflow/example_dags/example_short_circuit_operator.py took 0.067 seconds
[2023-08-28T01:44:03.300+0000] {processor.py:157} INFO - Started process (PID=83861) to work on /home/airflow/.local/lib/python3.7/site-packages/airflow/example_dags/example_short_circuit_operator.py
[2023-08-28T01:44:03.301+0000] {processor.py:826} INFO - Processing file /home/airflow/.local/lib/python3.7/site-packages/airflow/example_dags/example_short_circuit_operator.py for tasks to queue
[2023-08-28T01:44:03.302+0000] {logging_mixin.py:149} INFO - [2023-08-28T01:44:03.302+0000] {dagbag.py:541} INFO - Filling up the DagBag from /home/airflow/.local/lib/python3.7/site-packages/airflow/example_dags/example_short_circuit_operator.py
[2023-08-28T01:44:03.309+0000] {processor.py:836} INFO - DAG(s) dict_keys(['example_short_circuit_operator']) retrieved from /home/airflow/.local/lib/python3.7/site-packages/airflow/example_dags/example_short_circuit_operator.py
[2023-08-28T01:44:03.331+0000] {logging_mixin.py:149} INFO - [2023-08-28T01:44:03.331+0000] {dag.py:2726} INFO - Sync 1 DAGs
[2023-08-28T01:44:03.355+0000] {logging_mixin.py:149} INFO - [2023-08-28T01:44:03.355+0000] {dag.py:3490} INFO - Setting next_dagrun for example_short_circuit_operator to 2023-08-27T01:44:03.355426+00:00, run_after=2023-08-28T01:44:03.355426+00:00
[2023-08-28T01:44:03.366+0000] {processor.py:179} INFO - Processing /home/airflow/.local/lib/python3.7/site-packages/airflow/example_dags/example_short_circuit_operator.py took 0.069 seconds
[2023-08-28T05:22:01.658+0000] {processor.py:157} INFO - Started process (PID=83927) to work on /home/airflow/.local/lib/python3.7/site-packages/airflow/example_dags/example_short_circuit_operator.py
[2023-08-28T05:22:01.661+0000] {processor.py:826} INFO - Processing file /home/airflow/.local/lib/python3.7/site-packages/airflow/example_dags/example_short_circuit_operator.py for tasks to queue
[2023-08-28T05:22:01.662+0000] {logging_mixin.py:149} INFO - [2023-08-28T05:22:01.662+0000] {dagbag.py:541} INFO - Filling up the DagBag from /home/airflow/.local/lib/python3.7/site-packages/airflow/example_dags/example_short_circuit_operator.py
[2023-08-28T05:22:01.668+0000] {processor.py:836} INFO - DAG(s) dict_keys(['example_short_circuit_operator']) retrieved from /home/airflow/.local/lib/python3.7/site-packages/airflow/example_dags/example_short_circuit_operator.py
[2023-08-28T05:22:01.691+0000] {logging_mixin.py:149} INFO - [2023-08-28T05:22:01.691+0000] {dag.py:2726} INFO - Sync 1 DAGs
[2023-08-28T05:22:01.719+0000] {logging_mixin.py:149} INFO - [2023-08-28T05:22:01.718+0000] {dag.py:3490} INFO - Setting next_dagrun for example_short_circuit_operator to 2023-08-27T05:22:01.718560+00:00, run_after=2023-08-28T05:22:01.718560+00:00
[2023-08-28T05:22:01.732+0000] {processor.py:179} INFO - Processing /home/airflow/.local/lib/python3.7/site-packages/airflow/example_dags/example_short_circuit_operator.py took 0.077 seconds
[2023-08-28T07:45:47.151+0000] {processor.py:157} INFO - Started process (PID=83994) to work on /home/airflow/.local/lib/python3.7/site-packages/airflow/example_dags/example_short_circuit_operator.py
[2023-08-28T07:45:47.152+0000] {processor.py:826} INFO - Processing file /home/airflow/.local/lib/python3.7/site-packages/airflow/example_dags/example_short_circuit_operator.py for tasks to queue
[2023-08-28T07:45:47.153+0000] {logging_mixin.py:149} INFO - [2023-08-28T07:45:47.153+0000] {dagbag.py:541} INFO - Filling up the DagBag from /home/airflow/.local/lib/python3.7/site-packages/airflow/example_dags/example_short_circuit_operator.py
[2023-08-28T07:45:47.159+0000] {processor.py:836} INFO - DAG(s) dict_keys(['example_short_circuit_operator']) retrieved from /home/airflow/.local/lib/python3.7/site-packages/airflow/example_dags/example_short_circuit_operator.py
[2023-08-28T07:45:47.179+0000] {logging_mixin.py:149} INFO - [2023-08-28T07:45:47.179+0000] {dag.py:2726} INFO - Sync 1 DAGs
[2023-08-28T07:45:47.196+0000] {logging_mixin.py:149} INFO - [2023-08-28T07:45:47.196+0000] {dag.py:3490} INFO - Setting next_dagrun for example_short_circuit_operator to 2023-08-27T07:45:47.196034+00:00, run_after=2023-08-28T07:45:47.196034+00:00
[2023-08-28T07:45:47.242+0000] {processor.py:179} INFO - Processing /home/airflow/.local/lib/python3.7/site-packages/airflow/example_dags/example_short_circuit_operator.py took 0.094 seconds
[2023-08-28T10:16:21.853+0000] {processor.py:157} INFO - Started process (PID=84059) to work on /home/airflow/.local/lib/python3.7/site-packages/airflow/example_dags/example_short_circuit_operator.py
[2023-08-28T10:16:21.854+0000] {processor.py:826} INFO - Processing file /home/airflow/.local/lib/python3.7/site-packages/airflow/example_dags/example_short_circuit_operator.py for tasks to queue
[2023-08-28T10:16:21.855+0000] {logging_mixin.py:149} INFO - [2023-08-28T10:16:21.855+0000] {dagbag.py:541} INFO - Filling up the DagBag from /home/airflow/.local/lib/python3.7/site-packages/airflow/example_dags/example_short_circuit_operator.py
[2023-08-28T10:16:21.862+0000] {processor.py:836} INFO - DAG(s) dict_keys(['example_short_circuit_operator']) retrieved from /home/airflow/.local/lib/python3.7/site-packages/airflow/example_dags/example_short_circuit_operator.py
[2023-08-28T10:16:21.885+0000] {logging_mixin.py:149} INFO - [2023-08-28T10:16:21.885+0000] {dag.py:2726} INFO - Sync 1 DAGs
[2023-08-28T10:16:21.904+0000] {logging_mixin.py:149} INFO - [2023-08-28T10:16:21.904+0000] {dag.py:3490} INFO - Setting next_dagrun for example_short_circuit_operator to 2023-08-27T10:16:21.904389+00:00, run_after=2023-08-28T10:16:21.904389+00:00
[2023-08-28T10:16:21.917+0000] {processor.py:179} INFO - Processing /home/airflow/.local/lib/python3.7/site-packages/airflow/example_dags/example_short_circuit_operator.py took 0.067 seconds
[2023-08-28T10:49:14.265+0000] {processor.py:157} INFO - Started process (PID=84126) to work on /home/airflow/.local/lib/python3.7/site-packages/airflow/example_dags/example_short_circuit_operator.py
[2023-08-28T10:49:14.266+0000] {processor.py:826} INFO - Processing file /home/airflow/.local/lib/python3.7/site-packages/airflow/example_dags/example_short_circuit_operator.py for tasks to queue
[2023-08-28T10:49:14.267+0000] {logging_mixin.py:149} INFO - [2023-08-28T10:49:14.267+0000] {dagbag.py:541} INFO - Filling up the DagBag from /home/airflow/.local/lib/python3.7/site-packages/airflow/example_dags/example_short_circuit_operator.py
[2023-08-28T10:49:14.275+0000] {processor.py:836} INFO - DAG(s) dict_keys(['example_short_circuit_operator']) retrieved from /home/airflow/.local/lib/python3.7/site-packages/airflow/example_dags/example_short_circuit_operator.py
[2023-08-28T10:49:14.303+0000] {logging_mixin.py:149} INFO - [2023-08-28T10:49:14.303+0000] {dag.py:2726} INFO - Sync 1 DAGs
[2023-08-28T10:49:14.334+0000] {logging_mixin.py:149} INFO - [2023-08-28T10:49:14.334+0000] {dag.py:3490} INFO - Setting next_dagrun for example_short_circuit_operator to 2023-08-27T10:49:14.333903+00:00, run_after=2023-08-28T10:49:14.333903+00:00
[2023-08-28T10:49:14.349+0000] {processor.py:179} INFO - Processing /home/airflow/.local/lib/python3.7/site-packages/airflow/example_dags/example_short_circuit_operator.py took 0.087 seconds
[2023-08-28T10:59:28.051+0000] {processor.py:157} INFO - Started process (PID=84193) to work on /home/airflow/.local/lib/python3.7/site-packages/airflow/example_dags/example_short_circuit_operator.py
[2023-08-28T10:59:28.052+0000] {processor.py:826} INFO - Processing file /home/airflow/.local/lib/python3.7/site-packages/airflow/example_dags/example_short_circuit_operator.py for tasks to queue
[2023-08-28T10:59:28.053+0000] {logging_mixin.py:149} INFO - [2023-08-28T10:59:28.053+0000] {dagbag.py:541} INFO - Filling up the DagBag from /home/airflow/.local/lib/python3.7/site-packages/airflow/example_dags/example_short_circuit_operator.py
[2023-08-28T10:59:28.060+0000] {processor.py:836} INFO - DAG(s) dict_keys(['example_short_circuit_operator']) retrieved from /home/airflow/.local/lib/python3.7/site-packages/airflow/example_dags/example_short_circuit_operator.py
[2023-08-28T10:59:28.152+0000] {logging_mixin.py:149} INFO - [2023-08-28T10:59:28.152+0000] {dag.py:2726} INFO - Sync 1 DAGs
[2023-08-28T10:59:28.179+0000] {logging_mixin.py:149} INFO - [2023-08-28T10:59:28.179+0000] {dag.py:3490} INFO - Setting next_dagrun for example_short_circuit_operator to 2023-08-27T10:59:28.179232+00:00, run_after=2023-08-28T10:59:28.179232+00:00
[2023-08-28T10:59:28.197+0000] {processor.py:179} INFO - Processing /home/airflow/.local/lib/python3.7/site-packages/airflow/example_dags/example_short_circuit_operator.py took 0.150 seconds
[2023-08-28T13:29:09.082+0000] {processor.py:157} INFO - Started process (PID=84259) to work on /home/airflow/.local/lib/python3.7/site-packages/airflow/example_dags/example_short_circuit_operator.py
[2023-08-28T13:29:09.083+0000] {processor.py:826} INFO - Processing file /home/airflow/.local/lib/python3.7/site-packages/airflow/example_dags/example_short_circuit_operator.py for tasks to queue
[2023-08-28T13:29:09.084+0000] {logging_mixin.py:149} INFO - [2023-08-28T13:29:09.084+0000] {dagbag.py:541} INFO - Filling up the DagBag from /home/airflow/.local/lib/python3.7/site-packages/airflow/example_dags/example_short_circuit_operator.py
[2023-08-28T13:29:09.092+0000] {processor.py:836} INFO - DAG(s) dict_keys(['example_short_circuit_operator']) retrieved from /home/airflow/.local/lib/python3.7/site-packages/airflow/example_dags/example_short_circuit_operator.py
[2023-08-28T13:29:09.118+0000] {logging_mixin.py:149} INFO - [2023-08-28T13:29:09.118+0000] {dag.py:2726} INFO - Sync 1 DAGs
[2023-08-28T13:29:09.135+0000] {logging_mixin.py:149} INFO - [2023-08-28T13:29:09.134+0000] {dag.py:3490} INFO - Setting next_dagrun for example_short_circuit_operator to 2023-08-27T13:29:09.134692+00:00, run_after=2023-08-28T13:29:09.134692+00:00
[2023-08-28T13:29:09.146+0000] {processor.py:179} INFO - Processing /home/airflow/.local/lib/python3.7/site-packages/airflow/example_dags/example_short_circuit_operator.py took 0.071 seconds
[2023-08-28T13:29:42.389+0000] {processor.py:157} INFO - Started process (PID=84325) to work on /home/airflow/.local/lib/python3.7/site-packages/airflow/example_dags/example_short_circuit_operator.py
[2023-08-28T13:29:42.392+0000] {processor.py:826} INFO - Processing file /home/airflow/.local/lib/python3.7/site-packages/airflow/example_dags/example_short_circuit_operator.py for tasks to queue
[2023-08-28T13:29:42.393+0000] {logging_mixin.py:149} INFO - [2023-08-28T13:29:42.393+0000] {dagbag.py:541} INFO - Filling up the DagBag from /home/airflow/.local/lib/python3.7/site-packages/airflow/example_dags/example_short_circuit_operator.py
[2023-08-28T13:29:42.399+0000] {processor.py:836} INFO - DAG(s) dict_keys(['example_short_circuit_operator']) retrieved from /home/airflow/.local/lib/python3.7/site-packages/airflow/example_dags/example_short_circuit_operator.py
[2023-08-28T13:29:42.424+0000] {logging_mixin.py:149} INFO - [2023-08-28T13:29:42.424+0000] {dag.py:2726} INFO - Sync 1 DAGs
[2023-08-28T13:29:42.443+0000] {logging_mixin.py:149} INFO - [2023-08-28T13:29:42.443+0000] {dag.py:3490} INFO - Setting next_dagrun for example_short_circuit_operator to 2023-08-27T13:29:42.443532+00:00, run_after=2023-08-28T13:29:42.443532+00:00
[2023-08-28T13:29:42.456+0000] {processor.py:179} INFO - Processing /home/airflow/.local/lib/python3.7/site-packages/airflow/example_dags/example_short_circuit_operator.py took 0.070 seconds
[2023-08-28T13:30:16.526+0000] {processor.py:157} INFO - Started process (PID=84398) to work on /home/airflow/.local/lib/python3.7/site-packages/airflow/example_dags/example_short_circuit_operator.py
[2023-08-28T13:30:16.527+0000] {processor.py:826} INFO - Processing file /home/airflow/.local/lib/python3.7/site-packages/airflow/example_dags/example_short_circuit_operator.py for tasks to queue
[2023-08-28T13:30:16.527+0000] {logging_mixin.py:149} INFO - [2023-08-28T13:30:16.527+0000] {dagbag.py:541} INFO - Filling up the DagBag from /home/airflow/.local/lib/python3.7/site-packages/airflow/example_dags/example_short_circuit_operator.py
[2023-08-28T13:30:16.535+0000] {processor.py:836} INFO - DAG(s) dict_keys(['example_short_circuit_operator']) retrieved from /home/airflow/.local/lib/python3.7/site-packages/airflow/example_dags/example_short_circuit_operator.py
[2023-08-28T13:30:16.557+0000] {logging_mixin.py:149} INFO - [2023-08-28T13:30:16.557+0000] {dag.py:2726} INFO - Sync 1 DAGs
[2023-08-28T13:30:16.574+0000] {logging_mixin.py:149} INFO - [2023-08-28T13:30:16.574+0000] {dag.py:3490} INFO - Setting next_dagrun for example_short_circuit_operator to 2023-08-27T13:30:16.573792+00:00, run_after=2023-08-28T13:30:16.573792+00:00
[2023-08-28T13:30:16.588+0000] {processor.py:179} INFO - Processing /home/airflow/.local/lib/python3.7/site-packages/airflow/example_dags/example_short_circuit_operator.py took 0.065 seconds
[2023-08-28T13:30:50.941+0000] {processor.py:157} INFO - Started process (PID=84464) to work on /home/airflow/.local/lib/python3.7/site-packages/airflow/example_dags/example_short_circuit_operator.py
[2023-08-28T13:30:50.942+0000] {processor.py:826} INFO - Processing file /home/airflow/.local/lib/python3.7/site-packages/airflow/example_dags/example_short_circuit_operator.py for tasks to queue
[2023-08-28T13:30:50.943+0000] {logging_mixin.py:149} INFO - [2023-08-28T13:30:50.943+0000] {dagbag.py:541} INFO - Filling up the DagBag from /home/airflow/.local/lib/python3.7/site-packages/airflow/example_dags/example_short_circuit_operator.py
[2023-08-28T13:30:50.950+0000] {processor.py:836} INFO - DAG(s) dict_keys(['example_short_circuit_operator']) retrieved from /home/airflow/.local/lib/python3.7/site-packages/airflow/example_dags/example_short_circuit_operator.py
[2023-08-28T13:30:50.971+0000] {logging_mixin.py:149} INFO - [2023-08-28T13:30:50.971+0000] {dag.py:2726} INFO - Sync 1 DAGs
[2023-08-28T13:30:50.988+0000] {logging_mixin.py:149} INFO - [2023-08-28T13:30:50.988+0000] {dag.py:3490} INFO - Setting next_dagrun for example_short_circuit_operator to 2023-08-27T13:30:50.988641+00:00, run_after=2023-08-28T13:30:50.988641+00:00
[2023-08-28T13:30:51.000+0000] {processor.py:179} INFO - Processing /home/airflow/.local/lib/python3.7/site-packages/airflow/example_dags/example_short_circuit_operator.py took 0.062 seconds
[2023-08-28T13:31:25.239+0000] {processor.py:157} INFO - Started process (PID=84530) to work on /home/airflow/.local/lib/python3.7/site-packages/airflow/example_dags/example_short_circuit_operator.py
[2023-08-28T13:31:25.240+0000] {processor.py:826} INFO - Processing file /home/airflow/.local/lib/python3.7/site-packages/airflow/example_dags/example_short_circuit_operator.py for tasks to queue
[2023-08-28T13:31:25.241+0000] {logging_mixin.py:149} INFO - [2023-08-28T13:31:25.241+0000] {dagbag.py:541} INFO - Filling up the DagBag from /home/airflow/.local/lib/python3.7/site-packages/airflow/example_dags/example_short_circuit_operator.py
[2023-08-28T13:31:25.248+0000] {processor.py:836} INFO - DAG(s) dict_keys(['example_short_circuit_operator']) retrieved from /home/airflow/.local/lib/python3.7/site-packages/airflow/example_dags/example_short_circuit_operator.py
[2023-08-28T13:31:25.275+0000] {logging_mixin.py:149} INFO - [2023-08-28T13:31:25.275+0000] {dag.py:2726} INFO - Sync 1 DAGs
[2023-08-28T13:31:25.304+0000] {logging_mixin.py:149} INFO - [2023-08-28T13:31:25.304+0000] {dag.py:3490} INFO - Setting next_dagrun for example_short_circuit_operator to 2023-08-27T13:31:25.303400+00:00, run_after=2023-08-28T13:31:25.303400+00:00
[2023-08-28T13:31:25.316+0000] {processor.py:179} INFO - Processing /home/airflow/.local/lib/python3.7/site-packages/airflow/example_dags/example_short_circuit_operator.py took 0.081 seconds
[2023-08-28T13:31:59.271+0000] {processor.py:157} INFO - Started process (PID=84597) to work on /home/airflow/.local/lib/python3.7/site-packages/airflow/example_dags/example_short_circuit_operator.py
[2023-08-28T13:31:59.272+0000] {processor.py:826} INFO - Processing file /home/airflow/.local/lib/python3.7/site-packages/airflow/example_dags/example_short_circuit_operator.py for tasks to queue
[2023-08-28T13:31:59.273+0000] {logging_mixin.py:149} INFO - [2023-08-28T13:31:59.273+0000] {dagbag.py:541} INFO - Filling up the DagBag from /home/airflow/.local/lib/python3.7/site-packages/airflow/example_dags/example_short_circuit_operator.py
[2023-08-28T13:31:59.279+0000] {processor.py:836} INFO - DAG(s) dict_keys(['example_short_circuit_operator']) retrieved from /home/airflow/.local/lib/python3.7/site-packages/airflow/example_dags/example_short_circuit_operator.py
[2023-08-28T13:31:59.298+0000] {logging_mixin.py:149} INFO - [2023-08-28T13:31:59.298+0000] {dag.py:2726} INFO - Sync 1 DAGs
[2023-08-28T13:31:59.312+0000] {logging_mixin.py:149} INFO - [2023-08-28T13:31:59.312+0000] {dag.py:3490} INFO - Setting next_dagrun for example_short_circuit_operator to 2023-08-27T13:31:59.312404+00:00, run_after=2023-08-28T13:31:59.312404+00:00
[2023-08-28T13:31:59.322+0000] {processor.py:179} INFO - Processing /home/airflow/.local/lib/python3.7/site-packages/airflow/example_dags/example_short_circuit_operator.py took 0.053 seconds
[2023-08-28T13:32:33.583+0000] {processor.py:157} INFO - Started process (PID=84663) to work on /home/airflow/.local/lib/python3.7/site-packages/airflow/example_dags/example_short_circuit_operator.py
[2023-08-28T13:32:33.584+0000] {processor.py:826} INFO - Processing file /home/airflow/.local/lib/python3.7/site-packages/airflow/example_dags/example_short_circuit_operator.py for tasks to queue
[2023-08-28T13:32:33.585+0000] {logging_mixin.py:149} INFO - [2023-08-28T13:32:33.585+0000] {dagbag.py:541} INFO - Filling up the DagBag from /home/airflow/.local/lib/python3.7/site-packages/airflow/example_dags/example_short_circuit_operator.py
[2023-08-28T13:32:33.596+0000] {processor.py:836} INFO - DAG(s) dict_keys(['example_short_circuit_operator']) retrieved from /home/airflow/.local/lib/python3.7/site-packages/airflow/example_dags/example_short_circuit_operator.py
[2023-08-28T13:32:33.619+0000] {logging_mixin.py:149} INFO - [2023-08-28T13:32:33.619+0000] {dag.py:2726} INFO - Sync 1 DAGs
[2023-08-28T13:32:33.635+0000] {logging_mixin.py:149} INFO - [2023-08-28T13:32:33.635+0000] {dag.py:3490} INFO - Setting next_dagrun for example_short_circuit_operator to 2023-08-27T13:32:33.635317+00:00, run_after=2023-08-28T13:32:33.635317+00:00
[2023-08-28T13:32:33.663+0000] {processor.py:179} INFO - Processing /home/airflow/.local/lib/python3.7/site-packages/airflow/example_dags/example_short_circuit_operator.py took 0.083 seconds
[2023-08-28T13:33:07.428+0000] {processor.py:157} INFO - Started process (PID=84729) to work on /home/airflow/.local/lib/python3.7/site-packages/airflow/example_dags/example_short_circuit_operator.py
[2023-08-28T13:33:07.430+0000] {processor.py:826} INFO - Processing file /home/airflow/.local/lib/python3.7/site-packages/airflow/example_dags/example_short_circuit_operator.py for tasks to queue
[2023-08-28T13:33:07.435+0000] {logging_mixin.py:149} INFO - [2023-08-28T13:33:07.435+0000] {dagbag.py:541} INFO - Filling up the DagBag from /home/airflow/.local/lib/python3.7/site-packages/airflow/example_dags/example_short_circuit_operator.py
[2023-08-28T13:33:07.442+0000] {processor.py:836} INFO - DAG(s) dict_keys(['example_short_circuit_operator']) retrieved from /home/airflow/.local/lib/python3.7/site-packages/airflow/example_dags/example_short_circuit_operator.py
[2023-08-28T13:33:07.464+0000] {logging_mixin.py:149} INFO - [2023-08-28T13:33:07.464+0000] {dag.py:2726} INFO - Sync 1 DAGs
[2023-08-28T13:33:07.488+0000] {logging_mixin.py:149} INFO - [2023-08-28T13:33:07.488+0000] {dag.py:3490} INFO - Setting next_dagrun for example_short_circuit_operator to 2023-08-27T13:33:07.488601+00:00, run_after=2023-08-28T13:33:07.488601+00:00
[2023-08-28T13:33:07.500+0000] {processor.py:179} INFO - Processing /home/airflow/.local/lib/python3.7/site-packages/airflow/example_dags/example_short_circuit_operator.py took 0.075 seconds
[2023-08-28T13:33:41.380+0000] {processor.py:157} INFO - Started process (PID=84795) to work on /home/airflow/.local/lib/python3.7/site-packages/airflow/example_dags/example_short_circuit_operator.py
[2023-08-28T13:33:41.381+0000] {processor.py:826} INFO - Processing file /home/airflow/.local/lib/python3.7/site-packages/airflow/example_dags/example_short_circuit_operator.py for tasks to queue
[2023-08-28T13:33:41.382+0000] {logging_mixin.py:149} INFO - [2023-08-28T13:33:41.382+0000] {dagbag.py:541} INFO - Filling up the DagBag from /home/airflow/.local/lib/python3.7/site-packages/airflow/example_dags/example_short_circuit_operator.py
[2023-08-28T13:33:41.389+0000] {processor.py:836} INFO - DAG(s) dict_keys(['example_short_circuit_operator']) retrieved from /home/airflow/.local/lib/python3.7/site-packages/airflow/example_dags/example_short_circuit_operator.py
[2023-08-28T13:33:41.415+0000] {logging_mixin.py:149} INFO - [2023-08-28T13:33:41.415+0000] {dag.py:2726} INFO - Sync 1 DAGs
[2023-08-28T13:33:41.433+0000] {logging_mixin.py:149} INFO - [2023-08-28T13:33:41.433+0000] {dag.py:3490} INFO - Setting next_dagrun for example_short_circuit_operator to 2023-08-27T13:33:41.433419+00:00, run_after=2023-08-28T13:33:41.433419+00:00
[2023-08-28T13:33:41.444+0000] {processor.py:179} INFO - Processing /home/airflow/.local/lib/python3.7/site-packages/airflow/example_dags/example_short_circuit_operator.py took 0.068 seconds
[2023-08-28T13:34:15.344+0000] {processor.py:157} INFO - Started process (PID=84869) to work on /home/airflow/.local/lib/python3.7/site-packages/airflow/example_dags/example_short_circuit_operator.py
[2023-08-28T13:34:15.345+0000] {processor.py:826} INFO - Processing file /home/airflow/.local/lib/python3.7/site-packages/airflow/example_dags/example_short_circuit_operator.py for tasks to queue
[2023-08-28T13:34:15.345+0000] {logging_mixin.py:149} INFO - [2023-08-28T13:34:15.345+0000] {dagbag.py:541} INFO - Filling up the DagBag from /home/airflow/.local/lib/python3.7/site-packages/airflow/example_dags/example_short_circuit_operator.py
[2023-08-28T13:34:15.352+0000] {processor.py:836} INFO - DAG(s) dict_keys(['example_short_circuit_operator']) retrieved from /home/airflow/.local/lib/python3.7/site-packages/airflow/example_dags/example_short_circuit_operator.py
[2023-08-28T13:34:15.374+0000] {logging_mixin.py:149} INFO - [2023-08-28T13:34:15.374+0000] {dag.py:2726} INFO - Sync 1 DAGs
[2023-08-28T13:34:15.394+0000] {logging_mixin.py:149} INFO - [2023-08-28T13:34:15.394+0000] {dag.py:3490} INFO - Setting next_dagrun for example_short_circuit_operator to 2023-08-27T13:34:15.394018+00:00, run_after=2023-08-28T13:34:15.394018+00:00
[2023-08-28T13:34:15.405+0000] {processor.py:179} INFO - Processing /home/airflow/.local/lib/python3.7/site-packages/airflow/example_dags/example_short_circuit_operator.py took 0.065 seconds
[2023-08-28T13:34:49.315+0000] {processor.py:157} INFO - Started process (PID=84935) to work on /home/airflow/.local/lib/python3.7/site-packages/airflow/example_dags/example_short_circuit_operator.py
[2023-08-28T13:34:49.317+0000] {processor.py:826} INFO - Processing file /home/airflow/.local/lib/python3.7/site-packages/airflow/example_dags/example_short_circuit_operator.py for tasks to queue
[2023-08-28T13:34:49.317+0000] {logging_mixin.py:149} INFO - [2023-08-28T13:34:49.317+0000] {dagbag.py:541} INFO - Filling up the DagBag from /home/airflow/.local/lib/python3.7/site-packages/airflow/example_dags/example_short_circuit_operator.py
[2023-08-28T13:34:49.324+0000] {processor.py:836} INFO - DAG(s) dict_keys(['example_short_circuit_operator']) retrieved from /home/airflow/.local/lib/python3.7/site-packages/airflow/example_dags/example_short_circuit_operator.py
[2023-08-28T13:34:49.348+0000] {logging_mixin.py:149} INFO - [2023-08-28T13:34:49.348+0000] {dag.py:2726} INFO - Sync 1 DAGs
[2023-08-28T13:34:49.363+0000] {logging_mixin.py:149} INFO - [2023-08-28T13:34:49.363+0000] {dag.py:3490} INFO - Setting next_dagrun for example_short_circuit_operator to 2023-08-27T13:34:49.363433+00:00, run_after=2023-08-28T13:34:49.363433+00:00
[2023-08-28T13:34:49.374+0000] {processor.py:179} INFO - Processing /home/airflow/.local/lib/python3.7/site-packages/airflow/example_dags/example_short_circuit_operator.py took 0.061 seconds
[2023-08-28T13:35:23.345+0000] {processor.py:157} INFO - Started process (PID=85001) to work on /home/airflow/.local/lib/python3.7/site-packages/airflow/example_dags/example_short_circuit_operator.py
[2023-08-28T13:35:23.347+0000] {processor.py:826} INFO - Processing file /home/airflow/.local/lib/python3.7/site-packages/airflow/example_dags/example_short_circuit_operator.py for tasks to queue
[2023-08-28T13:35:23.347+0000] {logging_mixin.py:149} INFO - [2023-08-28T13:35:23.347+0000] {dagbag.py:541} INFO - Filling up the DagBag from /home/airflow/.local/lib/python3.7/site-packages/airflow/example_dags/example_short_circuit_operator.py
[2023-08-28T13:35:23.354+0000] {processor.py:836} INFO - DAG(s) dict_keys(['example_short_circuit_operator']) retrieved from /home/airflow/.local/lib/python3.7/site-packages/airflow/example_dags/example_short_circuit_operator.py
[2023-08-28T13:35:23.384+0000] {logging_mixin.py:149} INFO - [2023-08-28T13:35:23.384+0000] {dag.py:2726} INFO - Sync 1 DAGs
[2023-08-28T13:35:23.404+0000] {logging_mixin.py:149} INFO - [2023-08-28T13:35:23.404+0000] {dag.py:3490} INFO - Setting next_dagrun for example_short_circuit_operator to 2023-08-27T13:35:23.403901+00:00, run_after=2023-08-28T13:35:23.403901+00:00
[2023-08-28T13:35:23.421+0000] {processor.py:179} INFO - Processing /home/airflow/.local/lib/python3.7/site-packages/airflow/example_dags/example_short_circuit_operator.py took 0.079 seconds
[2023-08-28T13:35:57.408+0000] {processor.py:157} INFO - Started process (PID=85067) to work on /home/airflow/.local/lib/python3.7/site-packages/airflow/example_dags/example_short_circuit_operator.py
[2023-08-28T13:35:57.409+0000] {processor.py:826} INFO - Processing file /home/airflow/.local/lib/python3.7/site-packages/airflow/example_dags/example_short_circuit_operator.py for tasks to queue
[2023-08-28T13:35:57.410+0000] {logging_mixin.py:149} INFO - [2023-08-28T13:35:57.409+0000] {dagbag.py:541} INFO - Filling up the DagBag from /home/airflow/.local/lib/python3.7/site-packages/airflow/example_dags/example_short_circuit_operator.py
[2023-08-28T13:35:57.415+0000] {processor.py:836} INFO - DAG(s) dict_keys(['example_short_circuit_operator']) retrieved from /home/airflow/.local/lib/python3.7/site-packages/airflow/example_dags/example_short_circuit_operator.py
[2023-08-28T13:35:57.435+0000] {logging_mixin.py:149} INFO - [2023-08-28T13:35:57.435+0000] {dag.py:2726} INFO - Sync 1 DAGs
[2023-08-28T13:35:57.450+0000] {logging_mixin.py:149} INFO - [2023-08-28T13:35:57.450+0000] {dag.py:3490} INFO - Setting next_dagrun for example_short_circuit_operator to 2023-08-27T13:35:57.449957+00:00, run_after=2023-08-28T13:35:57.449957+00:00
[2023-08-28T13:35:57.461+0000] {processor.py:179} INFO - Processing /home/airflow/.local/lib/python3.7/site-packages/airflow/example_dags/example_short_circuit_operator.py took 0.055 seconds
[2023-08-28T13:36:31.429+0000] {processor.py:157} INFO - Started process (PID=85134) to work on /home/airflow/.local/lib/python3.7/site-packages/airflow/example_dags/example_short_circuit_operator.py
[2023-08-28T13:36:31.430+0000] {processor.py:826} INFO - Processing file /home/airflow/.local/lib/python3.7/site-packages/airflow/example_dags/example_short_circuit_operator.py for tasks to queue
[2023-08-28T13:36:31.431+0000] {logging_mixin.py:149} INFO - [2023-08-28T13:36:31.431+0000] {dagbag.py:541} INFO - Filling up the DagBag from /home/airflow/.local/lib/python3.7/site-packages/airflow/example_dags/example_short_circuit_operator.py
[2023-08-28T13:36:31.438+0000] {processor.py:836} INFO - DAG(s) dict_keys(['example_short_circuit_operator']) retrieved from /home/airflow/.local/lib/python3.7/site-packages/airflow/example_dags/example_short_circuit_operator.py
[2023-08-28T13:36:31.467+0000] {logging_mixin.py:149} INFO - [2023-08-28T13:36:31.467+0000] {dag.py:2726} INFO - Sync 1 DAGs
[2023-08-28T13:36:31.485+0000] {logging_mixin.py:149} INFO - [2023-08-28T13:36:31.485+0000] {dag.py:3490} INFO - Setting next_dagrun for example_short_circuit_operator to 2023-08-27T13:36:31.485049+00:00, run_after=2023-08-28T13:36:31.485049+00:00
[2023-08-28T13:36:31.497+0000] {processor.py:179} INFO - Processing /home/airflow/.local/lib/python3.7/site-packages/airflow/example_dags/example_short_circuit_operator.py took 0.076 seconds
[2023-08-28T13:37:05.540+0000] {processor.py:157} INFO - Started process (PID=85200) to work on /home/airflow/.local/lib/python3.7/site-packages/airflow/example_dags/example_short_circuit_operator.py
[2023-08-28T13:37:05.541+0000] {processor.py:826} INFO - Processing file /home/airflow/.local/lib/python3.7/site-packages/airflow/example_dags/example_short_circuit_operator.py for tasks to queue
[2023-08-28T13:37:05.541+0000] {logging_mixin.py:149} INFO - [2023-08-28T13:37:05.541+0000] {dagbag.py:541} INFO - Filling up the DagBag from /home/airflow/.local/lib/python3.7/site-packages/airflow/example_dags/example_short_circuit_operator.py
[2023-08-28T13:37:05.547+0000] {processor.py:836} INFO - DAG(s) dict_keys(['example_short_circuit_operator']) retrieved from /home/airflow/.local/lib/python3.7/site-packages/airflow/example_dags/example_short_circuit_operator.py
[2023-08-28T13:37:05.569+0000] {logging_mixin.py:149} INFO - [2023-08-28T13:37:05.569+0000] {dag.py:2726} INFO - Sync 1 DAGs
[2023-08-28T13:37:05.586+0000] {logging_mixin.py:149} INFO - [2023-08-28T13:37:05.586+0000] {dag.py:3490} INFO - Setting next_dagrun for example_short_circuit_operator to 2023-08-27T13:37:05.586108+00:00, run_after=2023-08-28T13:37:05.586108+00:00
[2023-08-28T13:37:05.597+0000] {processor.py:179} INFO - Processing /home/airflow/.local/lib/python3.7/site-packages/airflow/example_dags/example_short_circuit_operator.py took 0.060 seconds
[2023-08-28T13:37:39.535+0000] {processor.py:157} INFO - Started process (PID=85265) to work on /home/airflow/.local/lib/python3.7/site-packages/airflow/example_dags/example_short_circuit_operator.py
[2023-08-28T13:37:39.536+0000] {processor.py:826} INFO - Processing file /home/airflow/.local/lib/python3.7/site-packages/airflow/example_dags/example_short_circuit_operator.py for tasks to queue
[2023-08-28T13:37:39.536+0000] {logging_mixin.py:149} INFO - [2023-08-28T13:37:39.536+0000] {dagbag.py:541} INFO - Filling up the DagBag from /home/airflow/.local/lib/python3.7/site-packages/airflow/example_dags/example_short_circuit_operator.py
[2023-08-28T13:37:39.543+0000] {processor.py:836} INFO - DAG(s) dict_keys(['example_short_circuit_operator']) retrieved from /home/airflow/.local/lib/python3.7/site-packages/airflow/example_dags/example_short_circuit_operator.py
[2023-08-28T13:37:39.564+0000] {logging_mixin.py:149} INFO - [2023-08-28T13:37:39.563+0000] {dag.py:2726} INFO - Sync 1 DAGs
[2023-08-28T13:37:39.585+0000] {logging_mixin.py:149} INFO - [2023-08-28T13:37:39.585+0000] {dag.py:3490} INFO - Setting next_dagrun for example_short_circuit_operator to 2023-08-27T13:37:39.585265+00:00, run_after=2023-08-28T13:37:39.585265+00:00
[2023-08-28T13:37:39.602+0000] {processor.py:179} INFO - Processing /home/airflow/.local/lib/python3.7/site-packages/airflow/example_dags/example_short_circuit_operator.py took 0.075 seconds
[2023-08-28T13:38:13.630+0000] {processor.py:157} INFO - Started process (PID=85331) to work on /home/airflow/.local/lib/python3.7/site-packages/airflow/example_dags/example_short_circuit_operator.py
[2023-08-28T13:38:13.631+0000] {processor.py:826} INFO - Processing file /home/airflow/.local/lib/python3.7/site-packages/airflow/example_dags/example_short_circuit_operator.py for tasks to queue
[2023-08-28T13:38:13.632+0000] {logging_mixin.py:149} INFO - [2023-08-28T13:38:13.632+0000] {dagbag.py:541} INFO - Filling up the DagBag from /home/airflow/.local/lib/python3.7/site-packages/airflow/example_dags/example_short_circuit_operator.py
[2023-08-28T13:38:13.639+0000] {processor.py:836} INFO - DAG(s) dict_keys(['example_short_circuit_operator']) retrieved from /home/airflow/.local/lib/python3.7/site-packages/airflow/example_dags/example_short_circuit_operator.py
[2023-08-28T13:38:13.667+0000] {logging_mixin.py:149} INFO - [2023-08-28T13:38:13.667+0000] {dag.py:2726} INFO - Sync 1 DAGs
[2023-08-28T13:38:13.686+0000] {logging_mixin.py:149} INFO - [2023-08-28T13:38:13.686+0000] {dag.py:3490} INFO - Setting next_dagrun for example_short_circuit_operator to 2023-08-27T13:38:13.686216+00:00, run_after=2023-08-28T13:38:13.686216+00:00
[2023-08-28T13:38:13.700+0000] {processor.py:179} INFO - Processing /home/airflow/.local/lib/python3.7/site-packages/airflow/example_dags/example_short_circuit_operator.py took 0.073 seconds
[2023-08-28T13:38:47.137+0000] {processor.py:157} INFO - Started process (PID=85403) to work on /home/airflow/.local/lib/python3.7/site-packages/airflow/example_dags/example_short_circuit_operator.py
[2023-08-28T13:38:47.138+0000] {processor.py:826} INFO - Processing file /home/airflow/.local/lib/python3.7/site-packages/airflow/example_dags/example_short_circuit_operator.py for tasks to queue
[2023-08-28T13:38:47.139+0000] {logging_mixin.py:149} INFO - [2023-08-28T13:38:47.139+0000] {dagbag.py:541} INFO - Filling up the DagBag from /home/airflow/.local/lib/python3.7/site-packages/airflow/example_dags/example_short_circuit_operator.py
[2023-08-28T13:38:47.152+0000] {processor.py:836} INFO - DAG(s) dict_keys(['example_short_circuit_operator']) retrieved from /home/airflow/.local/lib/python3.7/site-packages/airflow/example_dags/example_short_circuit_operator.py
[2023-08-28T13:38:47.199+0000] {logging_mixin.py:149} INFO - [2023-08-28T13:38:47.198+0000] {dag.py:2726} INFO - Sync 1 DAGs
[2023-08-28T13:38:47.232+0000] {logging_mixin.py:149} INFO - [2023-08-28T13:38:47.231+0000] {dag.py:3490} INFO - Setting next_dagrun for example_short_circuit_operator to 2023-08-27T13:38:47.231459+00:00, run_after=2023-08-28T13:38:47.231459+00:00
[2023-08-28T13:38:47.259+0000] {processor.py:179} INFO - Processing /home/airflow/.local/lib/python3.7/site-packages/airflow/example_dags/example_short_circuit_operator.py took 0.126 seconds
[2023-08-28T13:39:21.338+0000] {processor.py:157} INFO - Started process (PID=85469) to work on /home/airflow/.local/lib/python3.7/site-packages/airflow/example_dags/example_short_circuit_operator.py
[2023-08-28T13:39:21.339+0000] {processor.py:826} INFO - Processing file /home/airflow/.local/lib/python3.7/site-packages/airflow/example_dags/example_short_circuit_operator.py for tasks to queue
[2023-08-28T13:39:21.340+0000] {logging_mixin.py:149} INFO - [2023-08-28T13:39:21.340+0000] {dagbag.py:541} INFO - Filling up the DagBag from /home/airflow/.local/lib/python3.7/site-packages/airflow/example_dags/example_short_circuit_operator.py
[2023-08-28T13:39:21.347+0000] {processor.py:836} INFO - DAG(s) dict_keys(['example_short_circuit_operator']) retrieved from /home/airflow/.local/lib/python3.7/site-packages/airflow/example_dags/example_short_circuit_operator.py
[2023-08-28T13:39:21.366+0000] {logging_mixin.py:149} INFO - [2023-08-28T13:39:21.366+0000] {dag.py:2726} INFO - Sync 1 DAGs
[2023-08-28T13:39:21.383+0000] {logging_mixin.py:149} INFO - [2023-08-28T13:39:21.383+0000] {dag.py:3490} INFO - Setting next_dagrun for example_short_circuit_operator to 2023-08-27T13:39:21.383418+00:00, run_after=2023-08-28T13:39:21.383418+00:00
[2023-08-28T13:39:21.396+0000] {processor.py:179} INFO - Processing /home/airflow/.local/lib/python3.7/site-packages/airflow/example_dags/example_short_circuit_operator.py took 0.060 seconds
[2023-08-28T13:39:55.381+0000] {processor.py:157} INFO - Started process (PID=85536) to work on /home/airflow/.local/lib/python3.7/site-packages/airflow/example_dags/example_short_circuit_operator.py
[2023-08-28T13:39:55.382+0000] {processor.py:826} INFO - Processing file /home/airflow/.local/lib/python3.7/site-packages/airflow/example_dags/example_short_circuit_operator.py for tasks to queue
[2023-08-28T13:39:55.383+0000] {logging_mixin.py:149} INFO - [2023-08-28T13:39:55.383+0000] {dagbag.py:541} INFO - Filling up the DagBag from /home/airflow/.local/lib/python3.7/site-packages/airflow/example_dags/example_short_circuit_operator.py
[2023-08-28T13:39:55.390+0000] {processor.py:836} INFO - DAG(s) dict_keys(['example_short_circuit_operator']) retrieved from /home/airflow/.local/lib/python3.7/site-packages/airflow/example_dags/example_short_circuit_operator.py
[2023-08-28T13:39:55.411+0000] {logging_mixin.py:149} INFO - [2023-08-28T13:39:55.411+0000] {dag.py:2726} INFO - Sync 1 DAGs
[2023-08-28T13:39:55.428+0000] {logging_mixin.py:149} INFO - [2023-08-28T13:39:55.428+0000] {dag.py:3490} INFO - Setting next_dagrun for example_short_circuit_operator to 2023-08-27T13:39:55.427853+00:00, run_after=2023-08-28T13:39:55.427853+00:00
[2023-08-28T13:39:55.440+0000] {processor.py:179} INFO - Processing /home/airflow/.local/lib/python3.7/site-packages/airflow/example_dags/example_short_circuit_operator.py took 0.061 seconds
[2023-08-28T13:40:29.436+0000] {processor.py:157} INFO - Started process (PID=85603) to work on /home/airflow/.local/lib/python3.7/site-packages/airflow/example_dags/example_short_circuit_operator.py
[2023-08-28T13:40:29.441+0000] {processor.py:826} INFO - Processing file /home/airflow/.local/lib/python3.7/site-packages/airflow/example_dags/example_short_circuit_operator.py for tasks to queue
[2023-08-28T13:40:29.442+0000] {logging_mixin.py:149} INFO - [2023-08-28T13:40:29.442+0000] {dagbag.py:541} INFO - Filling up the DagBag from /home/airflow/.local/lib/python3.7/site-packages/airflow/example_dags/example_short_circuit_operator.py
[2023-08-28T13:40:29.449+0000] {processor.py:836} INFO - DAG(s) dict_keys(['example_short_circuit_operator']) retrieved from /home/airflow/.local/lib/python3.7/site-packages/airflow/example_dags/example_short_circuit_operator.py
[2023-08-28T13:40:29.470+0000] {logging_mixin.py:149} INFO - [2023-08-28T13:40:29.470+0000] {dag.py:2726} INFO - Sync 1 DAGs
[2023-08-28T13:40:29.487+0000] {logging_mixin.py:149} INFO - [2023-08-28T13:40:29.487+0000] {dag.py:3490} INFO - Setting next_dagrun for example_short_circuit_operator to 2023-08-27T13:40:29.486723+00:00, run_after=2023-08-28T13:40:29.486723+00:00
[2023-08-28T13:40:29.498+0000] {processor.py:179} INFO - Processing /home/airflow/.local/lib/python3.7/site-packages/airflow/example_dags/example_short_circuit_operator.py took 0.073 seconds
[2023-08-28T13:41:03.417+0000] {processor.py:157} INFO - Started process (PID=85669) to work on /home/airflow/.local/lib/python3.7/site-packages/airflow/example_dags/example_short_circuit_operator.py
[2023-08-28T13:41:03.422+0000] {processor.py:826} INFO - Processing file /home/airflow/.local/lib/python3.7/site-packages/airflow/example_dags/example_short_circuit_operator.py for tasks to queue
[2023-08-28T13:41:03.423+0000] {logging_mixin.py:149} INFO - [2023-08-28T13:41:03.423+0000] {dagbag.py:541} INFO - Filling up the DagBag from /home/airflow/.local/lib/python3.7/site-packages/airflow/example_dags/example_short_circuit_operator.py
[2023-08-28T13:41:03.430+0000] {processor.py:836} INFO - DAG(s) dict_keys(['example_short_circuit_operator']) retrieved from /home/airflow/.local/lib/python3.7/site-packages/airflow/example_dags/example_short_circuit_operator.py
[2023-08-28T13:41:03.455+0000] {logging_mixin.py:149} INFO - [2023-08-28T13:41:03.455+0000] {dag.py:2726} INFO - Sync 1 DAGs
[2023-08-28T13:41:03.480+0000] {logging_mixin.py:149} INFO - [2023-08-28T13:41:03.479+0000] {dag.py:3490} INFO - Setting next_dagrun for example_short_circuit_operator to 2023-08-27T13:41:03.479753+00:00, run_after=2023-08-28T13:41:03.479753+00:00
[2023-08-28T13:41:03.491+0000] {processor.py:179} INFO - Processing /home/airflow/.local/lib/python3.7/site-packages/airflow/example_dags/example_short_circuit_operator.py took 0.077 seconds
[2023-08-28T13:41:37.586+0000] {processor.py:157} INFO - Started process (PID=85736) to work on /home/airflow/.local/lib/python3.7/site-packages/airflow/example_dags/example_short_circuit_operator.py
[2023-08-28T13:41:37.587+0000] {processor.py:826} INFO - Processing file /home/airflow/.local/lib/python3.7/site-packages/airflow/example_dags/example_short_circuit_operator.py for tasks to queue
[2023-08-28T13:41:37.587+0000] {logging_mixin.py:149} INFO - [2023-08-28T13:41:37.587+0000] {dagbag.py:541} INFO - Filling up the DagBag from /home/airflow/.local/lib/python3.7/site-packages/airflow/example_dags/example_short_circuit_operator.py
[2023-08-28T13:41:37.594+0000] {processor.py:836} INFO - DAG(s) dict_keys(['example_short_circuit_operator']) retrieved from /home/airflow/.local/lib/python3.7/site-packages/airflow/example_dags/example_short_circuit_operator.py
[2023-08-28T13:41:37.620+0000] {logging_mixin.py:149} INFO - [2023-08-28T13:41:37.620+0000] {dag.py:2726} INFO - Sync 1 DAGs
[2023-08-28T13:41:37.637+0000] {logging_mixin.py:149} INFO - [2023-08-28T13:41:37.637+0000] {dag.py:3490} INFO - Setting next_dagrun for example_short_circuit_operator to 2023-08-27T13:41:37.636699+00:00, run_after=2023-08-28T13:41:37.636699+00:00
[2023-08-28T13:41:37.651+0000] {processor.py:179} INFO - Processing /home/airflow/.local/lib/python3.7/site-packages/airflow/example_dags/example_short_circuit_operator.py took 0.068 seconds
[2023-08-28T13:42:11.533+0000] {processor.py:157} INFO - Started process (PID=85802) to work on /home/airflow/.local/lib/python3.7/site-packages/airflow/example_dags/example_short_circuit_operator.py
[2023-08-28T13:42:11.534+0000] {processor.py:826} INFO - Processing file /home/airflow/.local/lib/python3.7/site-packages/airflow/example_dags/example_short_circuit_operator.py for tasks to queue
[2023-08-28T13:42:11.535+0000] {logging_mixin.py:149} INFO - [2023-08-28T13:42:11.534+0000] {dagbag.py:541} INFO - Filling up the DagBag from /home/airflow/.local/lib/python3.7/site-packages/airflow/example_dags/example_short_circuit_operator.py
[2023-08-28T13:42:11.541+0000] {processor.py:836} INFO - DAG(s) dict_keys(['example_short_circuit_operator']) retrieved from /home/airflow/.local/lib/python3.7/site-packages/airflow/example_dags/example_short_circuit_operator.py
[2023-08-28T13:42:11.563+0000] {logging_mixin.py:149} INFO - [2023-08-28T13:42:11.563+0000] {dag.py:2726} INFO - Sync 1 DAGs
[2023-08-28T13:42:11.580+0000] {logging_mixin.py:149} INFO - [2023-08-28T13:42:11.580+0000] {dag.py:3490} INFO - Setting next_dagrun for example_short_circuit_operator to 2023-08-27T13:42:11.579996+00:00, run_after=2023-08-28T13:42:11.579996+00:00
[2023-08-28T13:42:11.591+0000] {processor.py:179} INFO - Processing /home/airflow/.local/lib/python3.7/site-packages/airflow/example_dags/example_short_circuit_operator.py took 0.062 seconds
[2023-08-28T13:42:45.608+0000] {processor.py:157} INFO - Started process (PID=85868) to work on /home/airflow/.local/lib/python3.7/site-packages/airflow/example_dags/example_short_circuit_operator.py
[2023-08-28T13:42:45.609+0000] {processor.py:826} INFO - Processing file /home/airflow/.local/lib/python3.7/site-packages/airflow/example_dags/example_short_circuit_operator.py for tasks to queue
[2023-08-28T13:42:45.609+0000] {logging_mixin.py:149} INFO - [2023-08-28T13:42:45.609+0000] {dagbag.py:541} INFO - Filling up the DagBag from /home/airflow/.local/lib/python3.7/site-packages/airflow/example_dags/example_short_circuit_operator.py
[2023-08-28T13:42:45.617+0000] {processor.py:836} INFO - DAG(s) dict_keys(['example_short_circuit_operator']) retrieved from /home/airflow/.local/lib/python3.7/site-packages/airflow/example_dags/example_short_circuit_operator.py
[2023-08-28T13:42:45.638+0000] {logging_mixin.py:149} INFO - [2023-08-28T13:42:45.638+0000] {dag.py:2726} INFO - Sync 1 DAGs
[2023-08-28T13:42:45.653+0000] {logging_mixin.py:149} INFO - [2023-08-28T13:42:45.653+0000] {dag.py:3490} INFO - Setting next_dagrun for example_short_circuit_operator to 2023-08-27T13:42:45.653393+00:00, run_after=2023-08-28T13:42:45.653393+00:00
[2023-08-28T13:42:45.664+0000] {processor.py:179} INFO - Processing /home/airflow/.local/lib/python3.7/site-packages/airflow/example_dags/example_short_circuit_operator.py took 0.059 seconds
[2023-08-28T13:43:19.708+0000] {processor.py:157} INFO - Started process (PID=85941) to work on /home/airflow/.local/lib/python3.7/site-packages/airflow/example_dags/example_short_circuit_operator.py
[2023-08-28T13:43:19.711+0000] {processor.py:826} INFO - Processing file /home/airflow/.local/lib/python3.7/site-packages/airflow/example_dags/example_short_circuit_operator.py for tasks to queue
[2023-08-28T13:43:19.712+0000] {logging_mixin.py:149} INFO - [2023-08-28T13:43:19.712+0000] {dagbag.py:541} INFO - Filling up the DagBag from /home/airflow/.local/lib/python3.7/site-packages/airflow/example_dags/example_short_circuit_operator.py
[2023-08-28T13:43:19.718+0000] {processor.py:836} INFO - DAG(s) dict_keys(['example_short_circuit_operator']) retrieved from /home/airflow/.local/lib/python3.7/site-packages/airflow/example_dags/example_short_circuit_operator.py
[2023-08-28T13:43:19.742+0000] {logging_mixin.py:149} INFO - [2023-08-28T13:43:19.742+0000] {dag.py:2726} INFO - Sync 1 DAGs
[2023-08-28T13:43:19.759+0000] {logging_mixin.py:149} INFO - [2023-08-28T13:43:19.759+0000] {dag.py:3490} INFO - Setting next_dagrun for example_short_circuit_operator to 2023-08-27T13:43:19.758973+00:00, run_after=2023-08-28T13:43:19.758973+00:00
[2023-08-28T13:43:19.770+0000] {processor.py:179} INFO - Processing /home/airflow/.local/lib/python3.7/site-packages/airflow/example_dags/example_short_circuit_operator.py took 0.065 seconds
[2023-08-28T13:43:53.713+0000] {processor.py:157} INFO - Started process (PID=86007) to work on /home/airflow/.local/lib/python3.7/site-packages/airflow/example_dags/example_short_circuit_operator.py
[2023-08-28T13:43:53.714+0000] {processor.py:826} INFO - Processing file /home/airflow/.local/lib/python3.7/site-packages/airflow/example_dags/example_short_circuit_operator.py for tasks to queue
[2023-08-28T13:43:53.714+0000] {logging_mixin.py:149} INFO - [2023-08-28T13:43:53.714+0000] {dagbag.py:541} INFO - Filling up the DagBag from /home/airflow/.local/lib/python3.7/site-packages/airflow/example_dags/example_short_circuit_operator.py
[2023-08-28T13:43:53.722+0000] {processor.py:836} INFO - DAG(s) dict_keys(['example_short_circuit_operator']) retrieved from /home/airflow/.local/lib/python3.7/site-packages/airflow/example_dags/example_short_circuit_operator.py
[2023-08-28T13:43:53.746+0000] {logging_mixin.py:149} INFO - [2023-08-28T13:43:53.746+0000] {dag.py:2726} INFO - Sync 1 DAGs
[2023-08-28T13:43:53.764+0000] {logging_mixin.py:149} INFO - [2023-08-28T13:43:53.764+0000] {dag.py:3490} INFO - Setting next_dagrun for example_short_circuit_operator to 2023-08-27T13:43:53.764139+00:00, run_after=2023-08-28T13:43:53.764139+00:00
[2023-08-28T13:43:53.785+0000] {processor.py:179} INFO - Processing /home/airflow/.local/lib/python3.7/site-packages/airflow/example_dags/example_short_circuit_operator.py took 0.075 seconds
[2023-08-28T13:44:27.816+0000] {processor.py:157} INFO - Started process (PID=86074) to work on /home/airflow/.local/lib/python3.7/site-packages/airflow/example_dags/example_short_circuit_operator.py
[2023-08-28T13:44:27.820+0000] {processor.py:826} INFO - Processing file /home/airflow/.local/lib/python3.7/site-packages/airflow/example_dags/example_short_circuit_operator.py for tasks to queue
[2023-08-28T13:44:27.821+0000] {logging_mixin.py:149} INFO - [2023-08-28T13:44:27.821+0000] {dagbag.py:541} INFO - Filling up the DagBag from /home/airflow/.local/lib/python3.7/site-packages/airflow/example_dags/example_short_circuit_operator.py
[2023-08-28T13:44:27.827+0000] {processor.py:836} INFO - DAG(s) dict_keys(['example_short_circuit_operator']) retrieved from /home/airflow/.local/lib/python3.7/site-packages/airflow/example_dags/example_short_circuit_operator.py
[2023-08-28T13:44:27.861+0000] {logging_mixin.py:149} INFO - [2023-08-28T13:44:27.861+0000] {dag.py:2726} INFO - Sync 1 DAGs
[2023-08-28T13:44:27.879+0000] {logging_mixin.py:149} INFO - [2023-08-28T13:44:27.879+0000] {dag.py:3490} INFO - Setting next_dagrun for example_short_circuit_operator to 2023-08-27T13:44:27.879539+00:00, run_after=2023-08-28T13:44:27.879539+00:00
[2023-08-28T13:44:27.891+0000] {processor.py:179} INFO - Processing /home/airflow/.local/lib/python3.7/site-packages/airflow/example_dags/example_short_circuit_operator.py took 0.078 seconds
[2023-08-28T13:45:01.749+0000] {processor.py:157} INFO - Started process (PID=86140) to work on /home/airflow/.local/lib/python3.7/site-packages/airflow/example_dags/example_short_circuit_operator.py
[2023-08-28T13:45:01.750+0000] {processor.py:826} INFO - Processing file /home/airflow/.local/lib/python3.7/site-packages/airflow/example_dags/example_short_circuit_operator.py for tasks to queue
[2023-08-28T13:45:01.752+0000] {logging_mixin.py:149} INFO - [2023-08-28T13:45:01.751+0000] {dagbag.py:541} INFO - Filling up the DagBag from /home/airflow/.local/lib/python3.7/site-packages/airflow/example_dags/example_short_circuit_operator.py
[2023-08-28T13:45:01.763+0000] {processor.py:836} INFO - DAG(s) dict_keys(['example_short_circuit_operator']) retrieved from /home/airflow/.local/lib/python3.7/site-packages/airflow/example_dags/example_short_circuit_operator.py
[2023-08-28T13:45:01.799+0000] {logging_mixin.py:149} INFO - [2023-08-28T13:45:01.798+0000] {dag.py:2726} INFO - Sync 1 DAGs
[2023-08-28T13:45:01.829+0000] {logging_mixin.py:149} INFO - [2023-08-28T13:45:01.829+0000] {dag.py:3490} INFO - Setting next_dagrun for example_short_circuit_operator to 2023-08-27T13:45:01.828833+00:00, run_after=2023-08-28T13:45:01.828833+00:00
[2023-08-28T13:45:01.852+0000] {processor.py:179} INFO - Processing /home/airflow/.local/lib/python3.7/site-packages/airflow/example_dags/example_short_circuit_operator.py took 0.109 seconds
[2023-08-28T13:45:35.953+0000] {processor.py:157} INFO - Started process (PID=86206) to work on /home/airflow/.local/lib/python3.7/site-packages/airflow/example_dags/example_short_circuit_operator.py
[2023-08-28T13:45:35.954+0000] {processor.py:826} INFO - Processing file /home/airflow/.local/lib/python3.7/site-packages/airflow/example_dags/example_short_circuit_operator.py for tasks to queue
[2023-08-28T13:45:35.955+0000] {logging_mixin.py:149} INFO - [2023-08-28T13:45:35.955+0000] {dagbag.py:541} INFO - Filling up the DagBag from /home/airflow/.local/lib/python3.7/site-packages/airflow/example_dags/example_short_circuit_operator.py
[2023-08-28T13:45:35.962+0000] {processor.py:836} INFO - DAG(s) dict_keys(['example_short_circuit_operator']) retrieved from /home/airflow/.local/lib/python3.7/site-packages/airflow/example_dags/example_short_circuit_operator.py
[2023-08-28T13:45:35.984+0000] {logging_mixin.py:149} INFO - [2023-08-28T13:45:35.984+0000] {dag.py:2726} INFO - Sync 1 DAGs
[2023-08-28T13:45:36.000+0000] {logging_mixin.py:149} INFO - [2023-08-28T13:45:36.000+0000] {dag.py:3490} INFO - Setting next_dagrun for example_short_circuit_operator to 2023-08-27T13:45:35.999883+00:00, run_after=2023-08-28T13:45:35.999883+00:00
[2023-08-28T13:45:36.011+0000] {processor.py:179} INFO - Processing /home/airflow/.local/lib/python3.7/site-packages/airflow/example_dags/example_short_circuit_operator.py took 0.062 seconds
[2023-08-28T13:46:10.059+0000] {processor.py:157} INFO - Started process (PID=86272) to work on /home/airflow/.local/lib/python3.7/site-packages/airflow/example_dags/example_short_circuit_operator.py
[2023-08-28T13:46:10.060+0000] {processor.py:826} INFO - Processing file /home/airflow/.local/lib/python3.7/site-packages/airflow/example_dags/example_short_circuit_operator.py for tasks to queue
[2023-08-28T13:46:10.061+0000] {logging_mixin.py:149} INFO - [2023-08-28T13:46:10.061+0000] {dagbag.py:541} INFO - Filling up the DagBag from /home/airflow/.local/lib/python3.7/site-packages/airflow/example_dags/example_short_circuit_operator.py
[2023-08-28T13:46:10.072+0000] {processor.py:836} INFO - DAG(s) dict_keys(['example_short_circuit_operator']) retrieved from /home/airflow/.local/lib/python3.7/site-packages/airflow/example_dags/example_short_circuit_operator.py
[2023-08-28T13:46:10.097+0000] {logging_mixin.py:149} INFO - [2023-08-28T13:46:10.097+0000] {dag.py:2726} INFO - Sync 1 DAGs
[2023-08-28T13:46:10.114+0000] {logging_mixin.py:149} INFO - [2023-08-28T13:46:10.114+0000] {dag.py:3490} INFO - Setting next_dagrun for example_short_circuit_operator to 2023-08-27T13:46:10.114549+00:00, run_after=2023-08-28T13:46:10.114549+00:00
[2023-08-28T13:46:10.127+0000] {processor.py:179} INFO - Processing /home/airflow/.local/lib/python3.7/site-packages/airflow/example_dags/example_short_circuit_operator.py took 0.070 seconds
[2023-08-28T13:46:44.252+0000] {processor.py:157} INFO - Started process (PID=86337) to work on /home/airflow/.local/lib/python3.7/site-packages/airflow/example_dags/example_short_circuit_operator.py
[2023-08-28T13:46:44.253+0000] {processor.py:826} INFO - Processing file /home/airflow/.local/lib/python3.7/site-packages/airflow/example_dags/example_short_circuit_operator.py for tasks to queue
[2023-08-28T13:46:44.254+0000] {logging_mixin.py:149} INFO - [2023-08-28T13:46:44.254+0000] {dagbag.py:541} INFO - Filling up the DagBag from /home/airflow/.local/lib/python3.7/site-packages/airflow/example_dags/example_short_circuit_operator.py
[2023-08-28T13:46:44.260+0000] {processor.py:836} INFO - DAG(s) dict_keys(['example_short_circuit_operator']) retrieved from /home/airflow/.local/lib/python3.7/site-packages/airflow/example_dags/example_short_circuit_operator.py
[2023-08-28T13:46:44.286+0000] {logging_mixin.py:149} INFO - [2023-08-28T13:46:44.286+0000] {dag.py:2726} INFO - Sync 1 DAGs
[2023-08-28T13:46:44.303+0000] {logging_mixin.py:149} INFO - [2023-08-28T13:46:44.303+0000] {dag.py:3490} INFO - Setting next_dagrun for example_short_circuit_operator to 2023-08-27T13:46:44.302828+00:00, run_after=2023-08-28T13:46:44.302828+00:00
[2023-08-28T13:46:44.314+0000] {processor.py:179} INFO - Processing /home/airflow/.local/lib/python3.7/site-packages/airflow/example_dags/example_short_circuit_operator.py took 0.065 seconds
[2023-08-28T13:47:18.501+0000] {processor.py:157} INFO - Started process (PID=86411) to work on /home/airflow/.local/lib/python3.7/site-packages/airflow/example_dags/example_short_circuit_operator.py
[2023-08-28T13:47:18.506+0000] {processor.py:826} INFO - Processing file /home/airflow/.local/lib/python3.7/site-packages/airflow/example_dags/example_short_circuit_operator.py for tasks to queue
[2023-08-28T13:47:18.508+0000] {logging_mixin.py:149} INFO - [2023-08-28T13:47:18.507+0000] {dagbag.py:541} INFO - Filling up the DagBag from /home/airflow/.local/lib/python3.7/site-packages/airflow/example_dags/example_short_circuit_operator.py
[2023-08-28T13:47:18.519+0000] {processor.py:836} INFO - DAG(s) dict_keys(['example_short_circuit_operator']) retrieved from /home/airflow/.local/lib/python3.7/site-packages/airflow/example_dags/example_short_circuit_operator.py
[2023-08-28T13:47:18.551+0000] {logging_mixin.py:149} INFO - [2023-08-28T13:47:18.551+0000] {dag.py:2726} INFO - Sync 1 DAGs
[2023-08-28T13:47:18.569+0000] {logging_mixin.py:149} INFO - [2023-08-28T13:47:18.569+0000] {dag.py:3490} INFO - Setting next_dagrun for example_short_circuit_operator to 2023-08-27T13:47:18.568887+00:00, run_after=2023-08-28T13:47:18.568887+00:00
[2023-08-28T13:47:18.580+0000] {processor.py:179} INFO - Processing /home/airflow/.local/lib/python3.7/site-packages/airflow/example_dags/example_short_circuit_operator.py took 0.082 seconds
[2023-08-28T13:47:52.482+0000] {processor.py:157} INFO - Started process (PID=86477) to work on /home/airflow/.local/lib/python3.7/site-packages/airflow/example_dags/example_short_circuit_operator.py
[2023-08-28T13:47:52.483+0000] {processor.py:826} INFO - Processing file /home/airflow/.local/lib/python3.7/site-packages/airflow/example_dags/example_short_circuit_operator.py for tasks to queue
[2023-08-28T13:47:52.484+0000] {logging_mixin.py:149} INFO - [2023-08-28T13:47:52.484+0000] {dagbag.py:541} INFO - Filling up the DagBag from /home/airflow/.local/lib/python3.7/site-packages/airflow/example_dags/example_short_circuit_operator.py
[2023-08-28T13:47:52.491+0000] {processor.py:836} INFO - DAG(s) dict_keys(['example_short_circuit_operator']) retrieved from /home/airflow/.local/lib/python3.7/site-packages/airflow/example_dags/example_short_circuit_operator.py
[2023-08-28T13:47:52.516+0000] {logging_mixin.py:149} INFO - [2023-08-28T13:47:52.516+0000] {dag.py:2726} INFO - Sync 1 DAGs
[2023-08-28T13:47:52.534+0000] {logging_mixin.py:149} INFO - [2023-08-28T13:47:52.534+0000] {dag.py:3490} INFO - Setting next_dagrun for example_short_circuit_operator to 2023-08-27T13:47:52.533822+00:00, run_after=2023-08-28T13:47:52.533822+00:00
[2023-08-28T13:47:52.547+0000] {processor.py:179} INFO - Processing /home/airflow/.local/lib/python3.7/site-packages/airflow/example_dags/example_short_circuit_operator.py took 0.069 seconds
[2023-08-28T13:48:26.079+0000] {processor.py:157} INFO - Started process (PID=86543) to work on /home/airflow/.local/lib/python3.7/site-packages/airflow/example_dags/example_short_circuit_operator.py
[2023-08-28T13:48:26.080+0000] {processor.py:826} INFO - Processing file /home/airflow/.local/lib/python3.7/site-packages/airflow/example_dags/example_short_circuit_operator.py for tasks to queue
[2023-08-28T13:48:26.081+0000] {logging_mixin.py:149} INFO - [2023-08-28T13:48:26.081+0000] {dagbag.py:541} INFO - Filling up the DagBag from /home/airflow/.local/lib/python3.7/site-packages/airflow/example_dags/example_short_circuit_operator.py
[2023-08-28T13:48:26.087+0000] {processor.py:836} INFO - DAG(s) dict_keys(['example_short_circuit_operator']) retrieved from /home/airflow/.local/lib/python3.7/site-packages/airflow/example_dags/example_short_circuit_operator.py
[2023-08-28T13:48:26.107+0000] {logging_mixin.py:149} INFO - [2023-08-28T13:48:26.107+0000] {dag.py:2726} INFO - Sync 1 DAGs
[2023-08-28T13:48:26.122+0000] {logging_mixin.py:149} INFO - [2023-08-28T13:48:26.122+0000] {dag.py:3490} INFO - Setting next_dagrun for example_short_circuit_operator to 2023-08-27T13:48:26.121957+00:00, run_after=2023-08-28T13:48:26.121957+00:00
[2023-08-28T13:48:26.133+0000] {processor.py:179} INFO - Processing /home/airflow/.local/lib/python3.7/site-packages/airflow/example_dags/example_short_circuit_operator.py took 0.056 seconds
[2023-08-28T13:48:59.269+0000] {processor.py:157} INFO - Started process (PID=86609) to work on /home/airflow/.local/lib/python3.7/site-packages/airflow/example_dags/example_short_circuit_operator.py
[2023-08-28T13:48:59.270+0000] {processor.py:826} INFO - Processing file /home/airflow/.local/lib/python3.7/site-packages/airflow/example_dags/example_short_circuit_operator.py for tasks to queue
[2023-08-28T13:48:59.271+0000] {logging_mixin.py:149} INFO - [2023-08-28T13:48:59.271+0000] {dagbag.py:541} INFO - Filling up the DagBag from /home/airflow/.local/lib/python3.7/site-packages/airflow/example_dags/example_short_circuit_operator.py
[2023-08-28T13:48:59.278+0000] {processor.py:836} INFO - DAG(s) dict_keys(['example_short_circuit_operator']) retrieved from /home/airflow/.local/lib/python3.7/site-packages/airflow/example_dags/example_short_circuit_operator.py
[2023-08-28T13:48:59.302+0000] {logging_mixin.py:149} INFO - [2023-08-28T13:48:59.302+0000] {dag.py:2726} INFO - Sync 1 DAGs
[2023-08-28T13:48:59.323+0000] {logging_mixin.py:149} INFO - [2023-08-28T13:48:59.323+0000] {dag.py:3490} INFO - Setting next_dagrun for example_short_circuit_operator to 2023-08-27T13:48:59.321083+00:00, run_after=2023-08-28T13:48:59.321083+00:00
[2023-08-28T13:48:59.337+0000] {processor.py:179} INFO - Processing /home/airflow/.local/lib/python3.7/site-packages/airflow/example_dags/example_short_circuit_operator.py took 0.070 seconds
[2023-08-28T13:49:33.079+0000] {processor.py:157} INFO - Started process (PID=86675) to work on /home/airflow/.local/lib/python3.7/site-packages/airflow/example_dags/example_short_circuit_operator.py
[2023-08-28T13:49:33.080+0000] {processor.py:826} INFO - Processing file /home/airflow/.local/lib/python3.7/site-packages/airflow/example_dags/example_short_circuit_operator.py for tasks to queue
[2023-08-28T13:49:33.081+0000] {logging_mixin.py:149} INFO - [2023-08-28T13:49:33.081+0000] {dagbag.py:541} INFO - Filling up the DagBag from /home/airflow/.local/lib/python3.7/site-packages/airflow/example_dags/example_short_circuit_operator.py
[2023-08-28T13:49:33.087+0000] {processor.py:836} INFO - DAG(s) dict_keys(['example_short_circuit_operator']) retrieved from /home/airflow/.local/lib/python3.7/site-packages/airflow/example_dags/example_short_circuit_operator.py
[2023-08-28T13:49:33.106+0000] {logging_mixin.py:149} INFO - [2023-08-28T13:49:33.106+0000] {dag.py:2726} INFO - Sync 1 DAGs
[2023-08-28T13:49:33.121+0000] {logging_mixin.py:149} INFO - [2023-08-28T13:49:33.121+0000] {dag.py:3490} INFO - Setting next_dagrun for example_short_circuit_operator to 2023-08-27T13:49:33.121557+00:00, run_after=2023-08-28T13:49:33.121557+00:00
[2023-08-28T13:49:33.133+0000] {processor.py:179} INFO - Processing /home/airflow/.local/lib/python3.7/site-packages/airflow/example_dags/example_short_circuit_operator.py took 0.056 seconds
[2023-08-28T15:39:12.689+0000] {processor.py:157} INFO - Started process (PID=86734) to work on /home/airflow/.local/lib/python3.7/site-packages/airflow/example_dags/example_short_circuit_operator.py
[2023-08-28T15:39:12.691+0000] {processor.py:826} INFO - Processing file /home/airflow/.local/lib/python3.7/site-packages/airflow/example_dags/example_short_circuit_operator.py for tasks to queue
[2023-08-28T15:39:12.693+0000] {logging_mixin.py:149} INFO - [2023-08-28T15:39:12.692+0000] {dagbag.py:541} INFO - Filling up the DagBag from /home/airflow/.local/lib/python3.7/site-packages/airflow/example_dags/example_short_circuit_operator.py
[2023-08-28T15:39:12.700+0000] {processor.py:836} INFO - DAG(s) dict_keys(['example_short_circuit_operator']) retrieved from /home/airflow/.local/lib/python3.7/site-packages/airflow/example_dags/example_short_circuit_operator.py
[2023-08-28T15:39:12.722+0000] {logging_mixin.py:149} INFO - [2023-08-28T15:39:12.721+0000] {dag.py:2726} INFO - Sync 1 DAGs
[2023-08-28T15:39:12.736+0000] {logging_mixin.py:149} INFO - [2023-08-28T15:39:12.736+0000] {dag.py:3490} INFO - Setting next_dagrun for example_short_circuit_operator to 2023-08-27T15:39:12.736464+00:00, run_after=2023-08-28T15:39:12.736464+00:00
[2023-08-28T15:39:12.746+0000] {processor.py:179} INFO - Processing /home/airflow/.local/lib/python3.7/site-packages/airflow/example_dags/example_short_circuit_operator.py took 0.060 seconds
[2023-08-28T16:02:18.431+0000] {processor.py:157} INFO - Started process (PID=86774) to work on /home/airflow/.local/lib/python3.7/site-packages/airflow/example_dags/example_short_circuit_operator.py
[2023-08-28T16:02:18.433+0000] {processor.py:826} INFO - Processing file /home/airflow/.local/lib/python3.7/site-packages/airflow/example_dags/example_short_circuit_operator.py for tasks to queue
[2023-08-28T16:02:18.433+0000] {logging_mixin.py:149} INFO - [2023-08-28T16:02:18.433+0000] {dagbag.py:541} INFO - Filling up the DagBag from /home/airflow/.local/lib/python3.7/site-packages/airflow/example_dags/example_short_circuit_operator.py
[2023-08-28T16:02:18.440+0000] {processor.py:836} INFO - DAG(s) dict_keys(['example_short_circuit_operator']) retrieved from /home/airflow/.local/lib/python3.7/site-packages/airflow/example_dags/example_short_circuit_operator.py
[2023-08-28T16:02:18.462+0000] {logging_mixin.py:149} INFO - [2023-08-28T16:02:18.462+0000] {dag.py:2726} INFO - Sync 1 DAGs
[2023-08-28T16:02:18.488+0000] {logging_mixin.py:149} INFO - [2023-08-28T16:02:18.488+0000] {dag.py:3490} INFO - Setting next_dagrun for example_short_circuit_operator to 2023-08-27T16:02:18.487886+00:00, run_after=2023-08-28T16:02:18.487886+00:00
[2023-08-28T16:02:18.504+0000] {processor.py:179} INFO - Processing /home/airflow/.local/lib/python3.7/site-packages/airflow/example_dags/example_short_circuit_operator.py took 0.082 seconds
[2023-08-28T19:42:47.266+0000] {processor.py:157} INFO - Started process (PID=86840) to work on /home/airflow/.local/lib/python3.7/site-packages/airflow/example_dags/example_short_circuit_operator.py
[2023-08-28T19:42:47.267+0000] {processor.py:826} INFO - Processing file /home/airflow/.local/lib/python3.7/site-packages/airflow/example_dags/example_short_circuit_operator.py for tasks to queue
[2023-08-28T19:42:47.268+0000] {logging_mixin.py:149} INFO - [2023-08-28T19:42:47.268+0000] {dagbag.py:541} INFO - Filling up the DagBag from /home/airflow/.local/lib/python3.7/site-packages/airflow/example_dags/example_short_circuit_operator.py
[2023-08-28T19:42:47.278+0000] {processor.py:836} INFO - DAG(s) dict_keys(['example_short_circuit_operator']) retrieved from /home/airflow/.local/lib/python3.7/site-packages/airflow/example_dags/example_short_circuit_operator.py
[2023-08-28T19:42:47.300+0000] {logging_mixin.py:149} INFO - [2023-08-28T19:42:47.300+0000] {dag.py:2726} INFO - Sync 1 DAGs
[2023-08-28T19:42:47.320+0000] {logging_mixin.py:149} INFO - [2023-08-28T19:42:47.320+0000] {dag.py:3490} INFO - Setting next_dagrun for example_short_circuit_operator to 2023-08-27T19:42:47.319809+00:00, run_after=2023-08-28T19:42:47.319809+00:00
[2023-08-28T19:42:47.331+0000] {processor.py:179} INFO - Processing /home/airflow/.local/lib/python3.7/site-packages/airflow/example_dags/example_short_circuit_operator.py took 0.071 seconds
[2023-08-28T21:57:40.375+0000] {processor.py:157} INFO - Started process (PID=86906) to work on /home/airflow/.local/lib/python3.7/site-packages/airflow/example_dags/example_short_circuit_operator.py
[2023-08-28T21:57:40.375+0000] {processor.py:826} INFO - Processing file /home/airflow/.local/lib/python3.7/site-packages/airflow/example_dags/example_short_circuit_operator.py for tasks to queue
[2023-08-28T21:57:40.376+0000] {logging_mixin.py:149} INFO - [2023-08-28T21:57:40.376+0000] {dagbag.py:541} INFO - Filling up the DagBag from /home/airflow/.local/lib/python3.7/site-packages/airflow/example_dags/example_short_circuit_operator.py
[2023-08-28T21:57:40.384+0000] {processor.py:836} INFO - DAG(s) dict_keys(['example_short_circuit_operator']) retrieved from /home/airflow/.local/lib/python3.7/site-packages/airflow/example_dags/example_short_circuit_operator.py
[2023-08-28T21:57:40.409+0000] {logging_mixin.py:149} INFO - [2023-08-28T21:57:40.409+0000] {dag.py:2726} INFO - Sync 1 DAGs
[2023-08-28T21:57:40.431+0000] {logging_mixin.py:149} INFO - [2023-08-28T21:57:40.430+0000] {dag.py:3490} INFO - Setting next_dagrun for example_short_circuit_operator to 2023-08-27T21:57:40.430642+00:00, run_after=2023-08-28T21:57:40.430642+00:00
[2023-08-28T21:57:40.444+0000] {processor.py:179} INFO - Processing /home/airflow/.local/lib/python3.7/site-packages/airflow/example_dags/example_short_circuit_operator.py took 0.072 seconds
