[2023-08-28T01:05:03.053+0000] {processor.py:157} INFO - Started process (PID=83809) to work on /home/airflow/.local/lib/python3.7/site-packages/airflow/example_dags/tutorial_taskflow_api.py
[2023-08-28T01:05:03.057+0000] {processor.py:826} INFO - Processing file /home/airflow/.local/lib/python3.7/site-packages/airflow/example_dags/tutorial_taskflow_api.py for tasks to queue
[2023-08-28T01:05:03.059+0000] {logging_mixin.py:149} INFO - [2023-08-28T01:05:03.058+0000] {dagbag.py:541} INFO - Filling up the DagBag from /home/airflow/.local/lib/python3.7/site-packages/airflow/example_dags/tutorial_taskflow_api.py
[2023-08-28T01:05:03.081+0000] {processor.py:836} INFO - DAG(s) dict_keys(['tutorial_taskflow_api']) retrieved from /home/airflow/.local/lib/python3.7/site-packages/airflow/example_dags/tutorial_taskflow_api.py
[2023-08-28T01:05:03.120+0000] {logging_mixin.py:149} INFO - [2023-08-28T01:05:03.120+0000] {dag.py:2726} INFO - Sync 1 DAGs
[2023-08-28T01:05:03.137+0000] {logging_mixin.py:149} INFO - [2023-08-28T01:05:03.137+0000] {dag.py:3490} INFO - Setting next_dagrun for tutorial_taskflow_api to None, run_after=None
[2023-08-28T01:05:03.147+0000] {processor.py:179} INFO - Processing /home/airflow/.local/lib/python3.7/site-packages/airflow/example_dags/tutorial_taskflow_api.py took 0.105 seconds
[2023-08-28T01:44:04.093+0000] {processor.py:157} INFO - Started process (PID=83874) to work on /home/airflow/.local/lib/python3.7/site-packages/airflow/example_dags/tutorial_taskflow_api.py
[2023-08-28T01:44:04.094+0000] {processor.py:826} INFO - Processing file /home/airflow/.local/lib/python3.7/site-packages/airflow/example_dags/tutorial_taskflow_api.py for tasks to queue
[2023-08-28T01:44:04.095+0000] {logging_mixin.py:149} INFO - [2023-08-28T01:44:04.095+0000] {dagbag.py:541} INFO - Filling up the DagBag from /home/airflow/.local/lib/python3.7/site-packages/airflow/example_dags/tutorial_taskflow_api.py
[2023-08-28T01:44:04.103+0000] {processor.py:836} INFO - DAG(s) dict_keys(['tutorial_taskflow_api']) retrieved from /home/airflow/.local/lib/python3.7/site-packages/airflow/example_dags/tutorial_taskflow_api.py
[2023-08-28T01:44:04.127+0000] {logging_mixin.py:149} INFO - [2023-08-28T01:44:04.127+0000] {dag.py:2726} INFO - Sync 1 DAGs
[2023-08-28T01:44:04.145+0000] {logging_mixin.py:149} INFO - [2023-08-28T01:44:04.145+0000] {dag.py:3490} INFO - Setting next_dagrun for tutorial_taskflow_api to None, run_after=None
[2023-08-28T01:44:04.156+0000] {processor.py:179} INFO - Processing /home/airflow/.local/lib/python3.7/site-packages/airflow/example_dags/tutorial_taskflow_api.py took 0.067 seconds
[2023-08-28T05:22:02.458+0000] {processor.py:157} INFO - Started process (PID=83940) to work on /home/airflow/.local/lib/python3.7/site-packages/airflow/example_dags/tutorial_taskflow_api.py
[2023-08-28T05:22:02.460+0000] {processor.py:826} INFO - Processing file /home/airflow/.local/lib/python3.7/site-packages/airflow/example_dags/tutorial_taskflow_api.py for tasks to queue
[2023-08-28T05:22:02.461+0000] {logging_mixin.py:149} INFO - [2023-08-28T05:22:02.461+0000] {dagbag.py:541} INFO - Filling up the DagBag from /home/airflow/.local/lib/python3.7/site-packages/airflow/example_dags/tutorial_taskflow_api.py
[2023-08-28T05:22:02.469+0000] {processor.py:836} INFO - DAG(s) dict_keys(['tutorial_taskflow_api']) retrieved from /home/airflow/.local/lib/python3.7/site-packages/airflow/example_dags/tutorial_taskflow_api.py
[2023-08-28T05:22:02.494+0000] {logging_mixin.py:149} INFO - [2023-08-28T05:22:02.494+0000] {dag.py:2726} INFO - Sync 1 DAGs
[2023-08-28T05:22:02.518+0000] {logging_mixin.py:149} INFO - [2023-08-28T05:22:02.517+0000] {dag.py:3490} INFO - Setting next_dagrun for tutorial_taskflow_api to None, run_after=None
[2023-08-28T05:22:02.536+0000] {processor.py:179} INFO - Processing /home/airflow/.local/lib/python3.7/site-packages/airflow/example_dags/tutorial_taskflow_api.py took 0.081 seconds
[2023-08-28T07:45:48.063+0000] {processor.py:157} INFO - Started process (PID=84007) to work on /home/airflow/.local/lib/python3.7/site-packages/airflow/example_dags/tutorial_taskflow_api.py
[2023-08-28T07:45:48.064+0000] {processor.py:826} INFO - Processing file /home/airflow/.local/lib/python3.7/site-packages/airflow/example_dags/tutorial_taskflow_api.py for tasks to queue
[2023-08-28T07:45:48.064+0000] {logging_mixin.py:149} INFO - [2023-08-28T07:45:48.064+0000] {dagbag.py:541} INFO - Filling up the DagBag from /home/airflow/.local/lib/python3.7/site-packages/airflow/example_dags/tutorial_taskflow_api.py
[2023-08-28T07:45:48.070+0000] {processor.py:836} INFO - DAG(s) dict_keys(['tutorial_taskflow_api']) retrieved from /home/airflow/.local/lib/python3.7/site-packages/airflow/example_dags/tutorial_taskflow_api.py
[2023-08-28T07:45:48.090+0000] {logging_mixin.py:149} INFO - [2023-08-28T07:45:48.090+0000] {dag.py:2726} INFO - Sync 1 DAGs
[2023-08-28T07:45:48.112+0000] {logging_mixin.py:149} INFO - [2023-08-28T07:45:48.112+0000] {dag.py:3490} INFO - Setting next_dagrun for tutorial_taskflow_api to None, run_after=None
[2023-08-28T07:45:48.126+0000] {processor.py:179} INFO - Processing /home/airflow/.local/lib/python3.7/site-packages/airflow/example_dags/tutorial_taskflow_api.py took 0.066 seconds
[2023-08-28T10:16:22.585+0000] {processor.py:157} INFO - Started process (PID=84072) to work on /home/airflow/.local/lib/python3.7/site-packages/airflow/example_dags/tutorial_taskflow_api.py
[2023-08-28T10:16:22.588+0000] {processor.py:826} INFO - Processing file /home/airflow/.local/lib/python3.7/site-packages/airflow/example_dags/tutorial_taskflow_api.py for tasks to queue
[2023-08-28T10:16:22.588+0000] {logging_mixin.py:149} INFO - [2023-08-28T10:16:22.588+0000] {dagbag.py:541} INFO - Filling up the DagBag from /home/airflow/.local/lib/python3.7/site-packages/airflow/example_dags/tutorial_taskflow_api.py
[2023-08-28T10:16:22.594+0000] {processor.py:836} INFO - DAG(s) dict_keys(['tutorial_taskflow_api']) retrieved from /home/airflow/.local/lib/python3.7/site-packages/airflow/example_dags/tutorial_taskflow_api.py
[2023-08-28T10:16:22.622+0000] {logging_mixin.py:149} INFO - [2023-08-28T10:16:22.622+0000] {dag.py:2726} INFO - Sync 1 DAGs
[2023-08-28T10:16:22.641+0000] {logging_mixin.py:149} INFO - [2023-08-28T10:16:22.640+0000] {dag.py:3490} INFO - Setting next_dagrun for tutorial_taskflow_api to None, run_after=None
[2023-08-28T10:16:22.681+0000] {processor.py:179} INFO - Processing /home/airflow/.local/lib/python3.7/site-packages/airflow/example_dags/tutorial_taskflow_api.py took 0.104 seconds
[2023-08-28T10:49:15.042+0000] {processor.py:157} INFO - Started process (PID=84139) to work on /home/airflow/.local/lib/python3.7/site-packages/airflow/example_dags/tutorial_taskflow_api.py
[2023-08-28T10:49:15.043+0000] {processor.py:826} INFO - Processing file /home/airflow/.local/lib/python3.7/site-packages/airflow/example_dags/tutorial_taskflow_api.py for tasks to queue
[2023-08-28T10:49:15.045+0000] {logging_mixin.py:149} INFO - [2023-08-28T10:49:15.044+0000] {dagbag.py:541} INFO - Filling up the DagBag from /home/airflow/.local/lib/python3.7/site-packages/airflow/example_dags/tutorial_taskflow_api.py
[2023-08-28T10:49:15.052+0000] {processor.py:836} INFO - DAG(s) dict_keys(['tutorial_taskflow_api']) retrieved from /home/airflow/.local/lib/python3.7/site-packages/airflow/example_dags/tutorial_taskflow_api.py
[2023-08-28T10:49:15.077+0000] {logging_mixin.py:149} INFO - [2023-08-28T10:49:15.077+0000] {dag.py:2726} INFO - Sync 1 DAGs
[2023-08-28T10:49:15.103+0000] {logging_mixin.py:149} INFO - [2023-08-28T10:49:15.103+0000] {dag.py:3490} INFO - Setting next_dagrun for tutorial_taskflow_api to None, run_after=None
[2023-08-28T10:49:15.114+0000] {processor.py:179} INFO - Processing /home/airflow/.local/lib/python3.7/site-packages/airflow/example_dags/tutorial_taskflow_api.py took 0.075 seconds
[2023-08-28T10:59:28.893+0000] {processor.py:157} INFO - Started process (PID=84206) to work on /home/airflow/.local/lib/python3.7/site-packages/airflow/example_dags/tutorial_taskflow_api.py
[2023-08-28T10:59:28.894+0000] {processor.py:826} INFO - Processing file /home/airflow/.local/lib/python3.7/site-packages/airflow/example_dags/tutorial_taskflow_api.py for tasks to queue
[2023-08-28T10:59:28.895+0000] {logging_mixin.py:149} INFO - [2023-08-28T10:59:28.895+0000] {dagbag.py:541} INFO - Filling up the DagBag from /home/airflow/.local/lib/python3.7/site-packages/airflow/example_dags/tutorial_taskflow_api.py
[2023-08-28T10:59:28.901+0000] {processor.py:836} INFO - DAG(s) dict_keys(['tutorial_taskflow_api']) retrieved from /home/airflow/.local/lib/python3.7/site-packages/airflow/example_dags/tutorial_taskflow_api.py
[2023-08-28T10:59:28.929+0000] {logging_mixin.py:149} INFO - [2023-08-28T10:59:28.929+0000] {dag.py:2726} INFO - Sync 1 DAGs
[2023-08-28T10:59:28.952+0000] {logging_mixin.py:149} INFO - [2023-08-28T10:59:28.952+0000] {dag.py:3490} INFO - Setting next_dagrun for tutorial_taskflow_api to None, run_after=None
[2023-08-28T10:59:28.972+0000] {processor.py:179} INFO - Processing /home/airflow/.local/lib/python3.7/site-packages/airflow/example_dags/tutorial_taskflow_api.py took 0.082 seconds
[2023-08-28T13:29:09.934+0000] {processor.py:157} INFO - Started process (PID=84272) to work on /home/airflow/.local/lib/python3.7/site-packages/airflow/example_dags/tutorial_taskflow_api.py
[2023-08-28T13:29:09.937+0000] {processor.py:826} INFO - Processing file /home/airflow/.local/lib/python3.7/site-packages/airflow/example_dags/tutorial_taskflow_api.py for tasks to queue
[2023-08-28T13:29:09.937+0000] {logging_mixin.py:149} INFO - [2023-08-28T13:29:09.937+0000] {dagbag.py:541} INFO - Filling up the DagBag from /home/airflow/.local/lib/python3.7/site-packages/airflow/example_dags/tutorial_taskflow_api.py
[2023-08-28T13:29:09.944+0000] {processor.py:836} INFO - DAG(s) dict_keys(['tutorial_taskflow_api']) retrieved from /home/airflow/.local/lib/python3.7/site-packages/airflow/example_dags/tutorial_taskflow_api.py
[2023-08-28T13:29:09.965+0000] {logging_mixin.py:149} INFO - [2023-08-28T13:29:09.965+0000] {dag.py:2726} INFO - Sync 1 DAGs
[2023-08-28T13:29:09.982+0000] {logging_mixin.py:149} INFO - [2023-08-28T13:29:09.982+0000] {dag.py:3490} INFO - Setting next_dagrun for tutorial_taskflow_api to None, run_after=None
[2023-08-28T13:29:09.999+0000] {processor.py:179} INFO - Processing /home/airflow/.local/lib/python3.7/site-packages/airflow/example_dags/tutorial_taskflow_api.py took 0.068 seconds
[2023-08-28T13:29:43.187+0000] {processor.py:157} INFO - Started process (PID=84338) to work on /home/airflow/.local/lib/python3.7/site-packages/airflow/example_dags/tutorial_taskflow_api.py
[2023-08-28T13:29:43.188+0000] {processor.py:826} INFO - Processing file /home/airflow/.local/lib/python3.7/site-packages/airflow/example_dags/tutorial_taskflow_api.py for tasks to queue
[2023-08-28T13:29:43.189+0000] {logging_mixin.py:149} INFO - [2023-08-28T13:29:43.189+0000] {dagbag.py:541} INFO - Filling up the DagBag from /home/airflow/.local/lib/python3.7/site-packages/airflow/example_dags/tutorial_taskflow_api.py
[2023-08-28T13:29:43.194+0000] {processor.py:836} INFO - DAG(s) dict_keys(['tutorial_taskflow_api']) retrieved from /home/airflow/.local/lib/python3.7/site-packages/airflow/example_dags/tutorial_taskflow_api.py
[2023-08-28T13:29:43.215+0000] {logging_mixin.py:149} INFO - [2023-08-28T13:29:43.215+0000] {dag.py:2726} INFO - Sync 1 DAGs
[2023-08-28T13:29:43.232+0000] {logging_mixin.py:149} INFO - [2023-08-28T13:29:43.231+0000] {dag.py:3490} INFO - Setting next_dagrun for tutorial_taskflow_api to None, run_after=None
[2023-08-28T13:29:43.243+0000] {processor.py:179} INFO - Processing /home/airflow/.local/lib/python3.7/site-packages/airflow/example_dags/tutorial_taskflow_api.py took 0.060 seconds
[2023-08-28T13:30:17.241+0000] {processor.py:157} INFO - Started process (PID=84411) to work on /home/airflow/.local/lib/python3.7/site-packages/airflow/example_dags/tutorial_taskflow_api.py
[2023-08-28T13:30:17.242+0000] {processor.py:826} INFO - Processing file /home/airflow/.local/lib/python3.7/site-packages/airflow/example_dags/tutorial_taskflow_api.py for tasks to queue
[2023-08-28T13:30:17.243+0000] {logging_mixin.py:149} INFO - [2023-08-28T13:30:17.243+0000] {dagbag.py:541} INFO - Filling up the DagBag from /home/airflow/.local/lib/python3.7/site-packages/airflow/example_dags/tutorial_taskflow_api.py
[2023-08-28T13:30:17.249+0000] {processor.py:836} INFO - DAG(s) dict_keys(['tutorial_taskflow_api']) retrieved from /home/airflow/.local/lib/python3.7/site-packages/airflow/example_dags/tutorial_taskflow_api.py
[2023-08-28T13:30:17.270+0000] {logging_mixin.py:149} INFO - [2023-08-28T13:30:17.270+0000] {dag.py:2726} INFO - Sync 1 DAGs
[2023-08-28T13:30:17.287+0000] {logging_mixin.py:149} INFO - [2023-08-28T13:30:17.287+0000] {dag.py:3490} INFO - Setting next_dagrun for tutorial_taskflow_api to None, run_after=None
[2023-08-28T13:30:17.298+0000] {processor.py:179} INFO - Processing /home/airflow/.local/lib/python3.7/site-packages/airflow/example_dags/tutorial_taskflow_api.py took 0.060 seconds
[2023-08-28T13:30:51.728+0000] {processor.py:157} INFO - Started process (PID=84477) to work on /home/airflow/.local/lib/python3.7/site-packages/airflow/example_dags/tutorial_taskflow_api.py
[2023-08-28T13:30:51.731+0000] {processor.py:826} INFO - Processing file /home/airflow/.local/lib/python3.7/site-packages/airflow/example_dags/tutorial_taskflow_api.py for tasks to queue
[2023-08-28T13:30:51.732+0000] {logging_mixin.py:149} INFO - [2023-08-28T13:30:51.732+0000] {dagbag.py:541} INFO - Filling up the DagBag from /home/airflow/.local/lib/python3.7/site-packages/airflow/example_dags/tutorial_taskflow_api.py
[2023-08-28T13:30:51.738+0000] {processor.py:836} INFO - DAG(s) dict_keys(['tutorial_taskflow_api']) retrieved from /home/airflow/.local/lib/python3.7/site-packages/airflow/example_dags/tutorial_taskflow_api.py
[2023-08-28T13:30:51.759+0000] {logging_mixin.py:149} INFO - [2023-08-28T13:30:51.759+0000] {dag.py:2726} INFO - Sync 1 DAGs
[2023-08-28T13:30:51.777+0000] {logging_mixin.py:149} INFO - [2023-08-28T13:30:51.776+0000] {dag.py:3490} INFO - Setting next_dagrun for tutorial_taskflow_api to None, run_after=None
[2023-08-28T13:30:51.794+0000] {processor.py:179} INFO - Processing /home/airflow/.local/lib/python3.7/site-packages/airflow/example_dags/tutorial_taskflow_api.py took 0.072 seconds
[2023-08-28T13:31:25.999+0000] {processor.py:157} INFO - Started process (PID=84543) to work on /home/airflow/.local/lib/python3.7/site-packages/airflow/example_dags/tutorial_taskflow_api.py
[2023-08-28T13:31:26.001+0000] {processor.py:826} INFO - Processing file /home/airflow/.local/lib/python3.7/site-packages/airflow/example_dags/tutorial_taskflow_api.py for tasks to queue
[2023-08-28T13:31:26.002+0000] {logging_mixin.py:149} INFO - [2023-08-28T13:31:26.002+0000] {dagbag.py:541} INFO - Filling up the DagBag from /home/airflow/.local/lib/python3.7/site-packages/airflow/example_dags/tutorial_taskflow_api.py
[2023-08-28T13:31:26.008+0000] {processor.py:836} INFO - DAG(s) dict_keys(['tutorial_taskflow_api']) retrieved from /home/airflow/.local/lib/python3.7/site-packages/airflow/example_dags/tutorial_taskflow_api.py
[2023-08-28T13:31:26.040+0000] {logging_mixin.py:149} INFO - [2023-08-28T13:31:26.040+0000] {dag.py:2726} INFO - Sync 1 DAGs
[2023-08-28T13:31:26.058+0000] {logging_mixin.py:149} INFO - [2023-08-28T13:31:26.058+0000] {dag.py:3490} INFO - Setting next_dagrun for tutorial_taskflow_api to None, run_after=None
[2023-08-28T13:31:26.072+0000] {processor.py:179} INFO - Processing /home/airflow/.local/lib/python3.7/site-packages/airflow/example_dags/tutorial_taskflow_api.py took 0.076 seconds
[2023-08-28T13:32:00.212+0000] {processor.py:157} INFO - Started process (PID=84610) to work on /home/airflow/.local/lib/python3.7/site-packages/airflow/example_dags/tutorial_taskflow_api.py
[2023-08-28T13:32:00.213+0000] {processor.py:826} INFO - Processing file /home/airflow/.local/lib/python3.7/site-packages/airflow/example_dags/tutorial_taskflow_api.py for tasks to queue
[2023-08-28T13:32:00.215+0000] {logging_mixin.py:149} INFO - [2023-08-28T13:32:00.215+0000] {dagbag.py:541} INFO - Filling up the DagBag from /home/airflow/.local/lib/python3.7/site-packages/airflow/example_dags/tutorial_taskflow_api.py
[2023-08-28T13:32:00.223+0000] {processor.py:836} INFO - DAG(s) dict_keys(['tutorial_taskflow_api']) retrieved from /home/airflow/.local/lib/python3.7/site-packages/airflow/example_dags/tutorial_taskflow_api.py
[2023-08-28T13:32:00.249+0000] {logging_mixin.py:149} INFO - [2023-08-28T13:32:00.249+0000] {dag.py:2726} INFO - Sync 1 DAGs
[2023-08-28T13:32:00.266+0000] {logging_mixin.py:149} INFO - [2023-08-28T13:32:00.265+0000] {dag.py:3490} INFO - Setting next_dagrun for tutorial_taskflow_api to None, run_after=None
[2023-08-28T13:32:00.281+0000] {processor.py:179} INFO - Processing /home/airflow/.local/lib/python3.7/site-packages/airflow/example_dags/tutorial_taskflow_api.py took 0.074 seconds
[2023-08-28T13:32:34.389+0000] {processor.py:157} INFO - Started process (PID=84676) to work on /home/airflow/.local/lib/python3.7/site-packages/airflow/example_dags/tutorial_taskflow_api.py
[2023-08-28T13:32:34.390+0000] {processor.py:826} INFO - Processing file /home/airflow/.local/lib/python3.7/site-packages/airflow/example_dags/tutorial_taskflow_api.py for tasks to queue
[2023-08-28T13:32:34.390+0000] {logging_mixin.py:149} INFO - [2023-08-28T13:32:34.390+0000] {dagbag.py:541} INFO - Filling up the DagBag from /home/airflow/.local/lib/python3.7/site-packages/airflow/example_dags/tutorial_taskflow_api.py
[2023-08-28T13:32:34.396+0000] {processor.py:836} INFO - DAG(s) dict_keys(['tutorial_taskflow_api']) retrieved from /home/airflow/.local/lib/python3.7/site-packages/airflow/example_dags/tutorial_taskflow_api.py
[2023-08-28T13:32:34.419+0000] {logging_mixin.py:149} INFO - [2023-08-28T13:32:34.419+0000] {dag.py:2726} INFO - Sync 1 DAGs
[2023-08-28T13:32:34.437+0000] {logging_mixin.py:149} INFO - [2023-08-28T13:32:34.437+0000] {dag.py:3490} INFO - Setting next_dagrun for tutorial_taskflow_api to None, run_after=None
[2023-08-28T13:32:34.449+0000] {processor.py:179} INFO - Processing /home/airflow/.local/lib/python3.7/site-packages/airflow/example_dags/tutorial_taskflow_api.py took 0.063 seconds
[2023-08-28T13:33:08.145+0000] {processor.py:157} INFO - Started process (PID=84742) to work on /home/airflow/.local/lib/python3.7/site-packages/airflow/example_dags/tutorial_taskflow_api.py
[2023-08-28T13:33:08.146+0000] {processor.py:826} INFO - Processing file /home/airflow/.local/lib/python3.7/site-packages/airflow/example_dags/tutorial_taskflow_api.py for tasks to queue
[2023-08-28T13:33:08.147+0000] {logging_mixin.py:149} INFO - [2023-08-28T13:33:08.147+0000] {dagbag.py:541} INFO - Filling up the DagBag from /home/airflow/.local/lib/python3.7/site-packages/airflow/example_dags/tutorial_taskflow_api.py
[2023-08-28T13:33:08.155+0000] {processor.py:836} INFO - DAG(s) dict_keys(['tutorial_taskflow_api']) retrieved from /home/airflow/.local/lib/python3.7/site-packages/airflow/example_dags/tutorial_taskflow_api.py
[2023-08-28T13:33:08.178+0000] {logging_mixin.py:149} INFO - [2023-08-28T13:33:08.178+0000] {dag.py:2726} INFO - Sync 1 DAGs
[2023-08-28T13:33:08.194+0000] {logging_mixin.py:149} INFO - [2023-08-28T13:33:08.194+0000] {dag.py:3490} INFO - Setting next_dagrun for tutorial_taskflow_api to None, run_after=None
[2023-08-28T13:33:08.216+0000] {processor.py:179} INFO - Processing /home/airflow/.local/lib/python3.7/site-packages/airflow/example_dags/tutorial_taskflow_api.py took 0.074 seconds
[2023-08-28T13:33:42.109+0000] {processor.py:157} INFO - Started process (PID=84808) to work on /home/airflow/.local/lib/python3.7/site-packages/airflow/example_dags/tutorial_taskflow_api.py
[2023-08-28T13:33:42.110+0000] {processor.py:826} INFO - Processing file /home/airflow/.local/lib/python3.7/site-packages/airflow/example_dags/tutorial_taskflow_api.py for tasks to queue
[2023-08-28T13:33:42.111+0000] {logging_mixin.py:149} INFO - [2023-08-28T13:33:42.111+0000] {dagbag.py:541} INFO - Filling up the DagBag from /home/airflow/.local/lib/python3.7/site-packages/airflow/example_dags/tutorial_taskflow_api.py
[2023-08-28T13:33:42.124+0000] {processor.py:836} INFO - DAG(s) dict_keys(['tutorial_taskflow_api']) retrieved from /home/airflow/.local/lib/python3.7/site-packages/airflow/example_dags/tutorial_taskflow_api.py
[2023-08-28T13:33:42.149+0000] {logging_mixin.py:149} INFO - [2023-08-28T13:33:42.149+0000] {dag.py:2726} INFO - Sync 1 DAGs
[2023-08-28T13:33:42.170+0000] {logging_mixin.py:149} INFO - [2023-08-28T13:33:42.170+0000] {dag.py:3490} INFO - Setting next_dagrun for tutorial_taskflow_api to None, run_after=None
[2023-08-28T13:33:42.181+0000] {processor.py:179} INFO - Processing /home/airflow/.local/lib/python3.7/site-packages/airflow/example_dags/tutorial_taskflow_api.py took 0.078 seconds
[2023-08-28T13:34:16.045+0000] {processor.py:157} INFO - Started process (PID=84882) to work on /home/airflow/.local/lib/python3.7/site-packages/airflow/example_dags/tutorial_taskflow_api.py
[2023-08-28T13:34:16.046+0000] {processor.py:826} INFO - Processing file /home/airflow/.local/lib/python3.7/site-packages/airflow/example_dags/tutorial_taskflow_api.py for tasks to queue
[2023-08-28T13:34:16.046+0000] {logging_mixin.py:149} INFO - [2023-08-28T13:34:16.046+0000] {dagbag.py:541} INFO - Filling up the DagBag from /home/airflow/.local/lib/python3.7/site-packages/airflow/example_dags/tutorial_taskflow_api.py
[2023-08-28T13:34:16.051+0000] {processor.py:836} INFO - DAG(s) dict_keys(['tutorial_taskflow_api']) retrieved from /home/airflow/.local/lib/python3.7/site-packages/airflow/example_dags/tutorial_taskflow_api.py
[2023-08-28T13:34:16.071+0000] {logging_mixin.py:149} INFO - [2023-08-28T13:34:16.071+0000] {dag.py:2726} INFO - Sync 1 DAGs
[2023-08-28T13:34:16.085+0000] {logging_mixin.py:149} INFO - [2023-08-28T13:34:16.085+0000] {dag.py:3490} INFO - Setting next_dagrun for tutorial_taskflow_api to None, run_after=None
[2023-08-28T13:34:16.096+0000] {processor.py:179} INFO - Processing /home/airflow/.local/lib/python3.7/site-packages/airflow/example_dags/tutorial_taskflow_api.py took 0.054 seconds
[2023-08-28T13:34:50.058+0000] {processor.py:157} INFO - Started process (PID=84948) to work on /home/airflow/.local/lib/python3.7/site-packages/airflow/example_dags/tutorial_taskflow_api.py
[2023-08-28T13:34:50.063+0000] {processor.py:826} INFO - Processing file /home/airflow/.local/lib/python3.7/site-packages/airflow/example_dags/tutorial_taskflow_api.py for tasks to queue
[2023-08-28T13:34:50.064+0000] {logging_mixin.py:149} INFO - [2023-08-28T13:34:50.064+0000] {dagbag.py:541} INFO - Filling up the DagBag from /home/airflow/.local/lib/python3.7/site-packages/airflow/example_dags/tutorial_taskflow_api.py
[2023-08-28T13:34:50.069+0000] {processor.py:836} INFO - DAG(s) dict_keys(['tutorial_taskflow_api']) retrieved from /home/airflow/.local/lib/python3.7/site-packages/airflow/example_dags/tutorial_taskflow_api.py
[2023-08-28T13:34:50.091+0000] {logging_mixin.py:149} INFO - [2023-08-28T13:34:50.090+0000] {dag.py:2726} INFO - Sync 1 DAGs
[2023-08-28T13:34:50.110+0000] {logging_mixin.py:149} INFO - [2023-08-28T13:34:50.109+0000] {dag.py:3490} INFO - Setting next_dagrun for tutorial_taskflow_api to None, run_after=None
[2023-08-28T13:34:50.132+0000] {processor.py:179} INFO - Processing /home/airflow/.local/lib/python3.7/site-packages/airflow/example_dags/tutorial_taskflow_api.py took 0.077 seconds
[2023-08-28T13:35:24.093+0000] {processor.py:157} INFO - Started process (PID=85014) to work on /home/airflow/.local/lib/python3.7/site-packages/airflow/example_dags/tutorial_taskflow_api.py
[2023-08-28T13:35:24.094+0000] {processor.py:826} INFO - Processing file /home/airflow/.local/lib/python3.7/site-packages/airflow/example_dags/tutorial_taskflow_api.py for tasks to queue
[2023-08-28T13:35:24.094+0000] {logging_mixin.py:149} INFO - [2023-08-28T13:35:24.094+0000] {dagbag.py:541} INFO - Filling up the DagBag from /home/airflow/.local/lib/python3.7/site-packages/airflow/example_dags/tutorial_taskflow_api.py
[2023-08-28T13:35:24.099+0000] {processor.py:836} INFO - DAG(s) dict_keys(['tutorial_taskflow_api']) retrieved from /home/airflow/.local/lib/python3.7/site-packages/airflow/example_dags/tutorial_taskflow_api.py
[2023-08-28T13:35:24.121+0000] {logging_mixin.py:149} INFO - [2023-08-28T13:35:24.121+0000] {dag.py:2726} INFO - Sync 1 DAGs
[2023-08-28T13:35:24.137+0000] {logging_mixin.py:149} INFO - [2023-08-28T13:35:24.137+0000] {dag.py:3490} INFO - Setting next_dagrun for tutorial_taskflow_api to None, run_after=None
[2023-08-28T13:35:24.159+0000] {processor.py:179} INFO - Processing /home/airflow/.local/lib/python3.7/site-packages/airflow/example_dags/tutorial_taskflow_api.py took 0.069 seconds
[2023-08-28T13:35:58.380+0000] {processor.py:157} INFO - Started process (PID=85080) to work on /home/airflow/.local/lib/python3.7/site-packages/airflow/example_dags/tutorial_taskflow_api.py
[2023-08-28T13:35:58.384+0000] {processor.py:826} INFO - Processing file /home/airflow/.local/lib/python3.7/site-packages/airflow/example_dags/tutorial_taskflow_api.py for tasks to queue
[2023-08-28T13:35:58.384+0000] {logging_mixin.py:149} INFO - [2023-08-28T13:35:58.384+0000] {dagbag.py:541} INFO - Filling up the DagBag from /home/airflow/.local/lib/python3.7/site-packages/airflow/example_dags/tutorial_taskflow_api.py
[2023-08-28T13:35:58.394+0000] {processor.py:836} INFO - DAG(s) dict_keys(['tutorial_taskflow_api']) retrieved from /home/airflow/.local/lib/python3.7/site-packages/airflow/example_dags/tutorial_taskflow_api.py
[2023-08-28T13:35:58.432+0000] {logging_mixin.py:149} INFO - [2023-08-28T13:35:58.432+0000] {dag.py:2726} INFO - Sync 1 DAGs
[2023-08-28T13:35:58.451+0000] {logging_mixin.py:149} INFO - [2023-08-28T13:35:58.451+0000] {dag.py:3490} INFO - Setting next_dagrun for tutorial_taskflow_api to None, run_after=None
[2023-08-28T13:35:58.465+0000] {processor.py:179} INFO - Processing /home/airflow/.local/lib/python3.7/site-packages/airflow/example_dags/tutorial_taskflow_api.py took 0.090 seconds
[2023-08-28T13:36:32.148+0000] {processor.py:157} INFO - Started process (PID=85147) to work on /home/airflow/.local/lib/python3.7/site-packages/airflow/example_dags/tutorial_taskflow_api.py
[2023-08-28T13:36:32.149+0000] {processor.py:826} INFO - Processing file /home/airflow/.local/lib/python3.7/site-packages/airflow/example_dags/tutorial_taskflow_api.py for tasks to queue
[2023-08-28T13:36:32.150+0000] {logging_mixin.py:149} INFO - [2023-08-28T13:36:32.150+0000] {dagbag.py:541} INFO - Filling up the DagBag from /home/airflow/.local/lib/python3.7/site-packages/airflow/example_dags/tutorial_taskflow_api.py
[2023-08-28T13:36:32.155+0000] {processor.py:836} INFO - DAG(s) dict_keys(['tutorial_taskflow_api']) retrieved from /home/airflow/.local/lib/python3.7/site-packages/airflow/example_dags/tutorial_taskflow_api.py
[2023-08-28T13:36:32.176+0000] {logging_mixin.py:149} INFO - [2023-08-28T13:36:32.176+0000] {dag.py:2726} INFO - Sync 1 DAGs
[2023-08-28T13:36:32.193+0000] {logging_mixin.py:149} INFO - [2023-08-28T13:36:32.193+0000] {dag.py:3490} INFO - Setting next_dagrun for tutorial_taskflow_api to None, run_after=None
[2023-08-28T13:36:32.207+0000] {processor.py:179} INFO - Processing /home/airflow/.local/lib/python3.7/site-packages/airflow/example_dags/tutorial_taskflow_api.py took 0.062 seconds
[2023-08-28T13:37:06.260+0000] {processor.py:157} INFO - Started process (PID=85213) to work on /home/airflow/.local/lib/python3.7/site-packages/airflow/example_dags/tutorial_taskflow_api.py
[2023-08-28T13:37:06.260+0000] {processor.py:826} INFO - Processing file /home/airflow/.local/lib/python3.7/site-packages/airflow/example_dags/tutorial_taskflow_api.py for tasks to queue
[2023-08-28T13:37:06.261+0000] {logging_mixin.py:149} INFO - [2023-08-28T13:37:06.261+0000] {dagbag.py:541} INFO - Filling up the DagBag from /home/airflow/.local/lib/python3.7/site-packages/airflow/example_dags/tutorial_taskflow_api.py
[2023-08-28T13:37:06.267+0000] {processor.py:836} INFO - DAG(s) dict_keys(['tutorial_taskflow_api']) retrieved from /home/airflow/.local/lib/python3.7/site-packages/airflow/example_dags/tutorial_taskflow_api.py
[2023-08-28T13:37:06.298+0000] {logging_mixin.py:149} INFO - [2023-08-28T13:37:06.298+0000] {dag.py:2726} INFO - Sync 1 DAGs
[2023-08-28T13:37:06.329+0000] {logging_mixin.py:149} INFO - [2023-08-28T13:37:06.329+0000] {dag.py:3490} INFO - Setting next_dagrun for tutorial_taskflow_api to None, run_after=None
[2023-08-28T13:37:06.343+0000] {processor.py:179} INFO - Processing /home/airflow/.local/lib/python3.7/site-packages/airflow/example_dags/tutorial_taskflow_api.py took 0.086 seconds
[2023-08-28T13:37:40.239+0000] {processor.py:157} INFO - Started process (PID=85278) to work on /home/airflow/.local/lib/python3.7/site-packages/airflow/example_dags/tutorial_taskflow_api.py
[2023-08-28T13:37:40.240+0000] {processor.py:826} INFO - Processing file /home/airflow/.local/lib/python3.7/site-packages/airflow/example_dags/tutorial_taskflow_api.py for tasks to queue
[2023-08-28T13:37:40.241+0000] {logging_mixin.py:149} INFO - [2023-08-28T13:37:40.241+0000] {dagbag.py:541} INFO - Filling up the DagBag from /home/airflow/.local/lib/python3.7/site-packages/airflow/example_dags/tutorial_taskflow_api.py
[2023-08-28T13:37:40.247+0000] {processor.py:836} INFO - DAG(s) dict_keys(['tutorial_taskflow_api']) retrieved from /home/airflow/.local/lib/python3.7/site-packages/airflow/example_dags/tutorial_taskflow_api.py
[2023-08-28T13:37:40.266+0000] {logging_mixin.py:149} INFO - [2023-08-28T13:37:40.266+0000] {dag.py:2726} INFO - Sync 1 DAGs
[2023-08-28T13:37:40.283+0000] {logging_mixin.py:149} INFO - [2023-08-28T13:37:40.282+0000] {dag.py:3490} INFO - Setting next_dagrun for tutorial_taskflow_api to None, run_after=None
[2023-08-28T13:37:40.293+0000] {processor.py:179} INFO - Processing /home/airflow/.local/lib/python3.7/site-packages/airflow/example_dags/tutorial_taskflow_api.py took 0.058 seconds
[2023-08-28T13:38:14.423+0000] {processor.py:157} INFO - Started process (PID=85344) to work on /home/airflow/.local/lib/python3.7/site-packages/airflow/example_dags/tutorial_taskflow_api.py
[2023-08-28T13:38:14.424+0000] {processor.py:826} INFO - Processing file /home/airflow/.local/lib/python3.7/site-packages/airflow/example_dags/tutorial_taskflow_api.py for tasks to queue
[2023-08-28T13:38:14.425+0000] {logging_mixin.py:149} INFO - [2023-08-28T13:38:14.424+0000] {dagbag.py:541} INFO - Filling up the DagBag from /home/airflow/.local/lib/python3.7/site-packages/airflow/example_dags/tutorial_taskflow_api.py
[2023-08-28T13:38:14.431+0000] {processor.py:836} INFO - DAG(s) dict_keys(['tutorial_taskflow_api']) retrieved from /home/airflow/.local/lib/python3.7/site-packages/airflow/example_dags/tutorial_taskflow_api.py
[2023-08-28T13:38:14.451+0000] {logging_mixin.py:149} INFO - [2023-08-28T13:38:14.451+0000] {dag.py:2726} INFO - Sync 1 DAGs
[2023-08-28T13:38:14.472+0000] {logging_mixin.py:149} INFO - [2023-08-28T13:38:14.472+0000] {dag.py:3490} INFO - Setting next_dagrun for tutorial_taskflow_api to None, run_after=None
[2023-08-28T13:38:14.483+0000] {processor.py:179} INFO - Processing /home/airflow/.local/lib/python3.7/site-packages/airflow/example_dags/tutorial_taskflow_api.py took 0.063 seconds
[2023-08-28T13:38:48.301+0000] {processor.py:157} INFO - Started process (PID=85416) to work on /home/airflow/.local/lib/python3.7/site-packages/airflow/example_dags/tutorial_taskflow_api.py
[2023-08-28T13:38:48.305+0000] {processor.py:826} INFO - Processing file /home/airflow/.local/lib/python3.7/site-packages/airflow/example_dags/tutorial_taskflow_api.py for tasks to queue
[2023-08-28T13:38:48.307+0000] {logging_mixin.py:149} INFO - [2023-08-28T13:38:48.306+0000] {dagbag.py:541} INFO - Filling up the DagBag from /home/airflow/.local/lib/python3.7/site-packages/airflow/example_dags/tutorial_taskflow_api.py
[2023-08-28T13:38:48.315+0000] {processor.py:836} INFO - DAG(s) dict_keys(['tutorial_taskflow_api']) retrieved from /home/airflow/.local/lib/python3.7/site-packages/airflow/example_dags/tutorial_taskflow_api.py
[2023-08-28T13:38:48.341+0000] {logging_mixin.py:149} INFO - [2023-08-28T13:38:48.341+0000] {dag.py:2726} INFO - Sync 1 DAGs
[2023-08-28T13:38:48.364+0000] {logging_mixin.py:149} INFO - [2023-08-28T13:38:48.364+0000] {dag.py:3490} INFO - Setting next_dagrun for tutorial_taskflow_api to None, run_after=None
[2023-08-28T13:38:48.376+0000] {processor.py:179} INFO - Processing /home/airflow/.local/lib/python3.7/site-packages/airflow/example_dags/tutorial_taskflow_api.py took 0.078 seconds
[2023-08-28T13:39:22.083+0000] {processor.py:157} INFO - Started process (PID=85482) to work on /home/airflow/.local/lib/python3.7/site-packages/airflow/example_dags/tutorial_taskflow_api.py
[2023-08-28T13:39:22.084+0000] {processor.py:826} INFO - Processing file /home/airflow/.local/lib/python3.7/site-packages/airflow/example_dags/tutorial_taskflow_api.py for tasks to queue
[2023-08-28T13:39:22.085+0000] {logging_mixin.py:149} INFO - [2023-08-28T13:39:22.085+0000] {dagbag.py:541} INFO - Filling up the DagBag from /home/airflow/.local/lib/python3.7/site-packages/airflow/example_dags/tutorial_taskflow_api.py
[2023-08-28T13:39:22.098+0000] {processor.py:836} INFO - DAG(s) dict_keys(['tutorial_taskflow_api']) retrieved from /home/airflow/.local/lib/python3.7/site-packages/airflow/example_dags/tutorial_taskflow_api.py
[2023-08-28T13:39:22.124+0000] {logging_mixin.py:149} INFO - [2023-08-28T13:39:22.124+0000] {dag.py:2726} INFO - Sync 1 DAGs
[2023-08-28T13:39:22.141+0000] {logging_mixin.py:149} INFO - [2023-08-28T13:39:22.141+0000] {dag.py:3490} INFO - Setting next_dagrun for tutorial_taskflow_api to None, run_after=None
[2023-08-28T13:39:22.154+0000] {processor.py:179} INFO - Processing /home/airflow/.local/lib/python3.7/site-packages/airflow/example_dags/tutorial_taskflow_api.py took 0.074 seconds
[2023-08-28T13:39:56.142+0000] {processor.py:157} INFO - Started process (PID=85549) to work on /home/airflow/.local/lib/python3.7/site-packages/airflow/example_dags/tutorial_taskflow_api.py
[2023-08-28T13:39:56.143+0000] {processor.py:826} INFO - Processing file /home/airflow/.local/lib/python3.7/site-packages/airflow/example_dags/tutorial_taskflow_api.py for tasks to queue
[2023-08-28T13:39:56.144+0000] {logging_mixin.py:149} INFO - [2023-08-28T13:39:56.144+0000] {dagbag.py:541} INFO - Filling up the DagBag from /home/airflow/.local/lib/python3.7/site-packages/airflow/example_dags/tutorial_taskflow_api.py
[2023-08-28T13:39:56.153+0000] {processor.py:836} INFO - DAG(s) dict_keys(['tutorial_taskflow_api']) retrieved from /home/airflow/.local/lib/python3.7/site-packages/airflow/example_dags/tutorial_taskflow_api.py
[2023-08-28T13:39:56.173+0000] {logging_mixin.py:149} INFO - [2023-08-28T13:39:56.172+0000] {dag.py:2726} INFO - Sync 1 DAGs
[2023-08-28T13:39:56.190+0000] {logging_mixin.py:149} INFO - [2023-08-28T13:39:56.190+0000] {dag.py:3490} INFO - Setting next_dagrun for tutorial_taskflow_api to None, run_after=None
[2023-08-28T13:39:56.207+0000] {processor.py:179} INFO - Processing /home/airflow/.local/lib/python3.7/site-packages/airflow/example_dags/tutorial_taskflow_api.py took 0.069 seconds
[2023-08-28T13:40:30.184+0000] {processor.py:157} INFO - Started process (PID=85616) to work on /home/airflow/.local/lib/python3.7/site-packages/airflow/example_dags/tutorial_taskflow_api.py
[2023-08-28T13:40:30.185+0000] {processor.py:826} INFO - Processing file /home/airflow/.local/lib/python3.7/site-packages/airflow/example_dags/tutorial_taskflow_api.py for tasks to queue
[2023-08-28T13:40:30.186+0000] {logging_mixin.py:149} INFO - [2023-08-28T13:40:30.186+0000] {dagbag.py:541} INFO - Filling up the DagBag from /home/airflow/.local/lib/python3.7/site-packages/airflow/example_dags/tutorial_taskflow_api.py
[2023-08-28T13:40:30.193+0000] {processor.py:836} INFO - DAG(s) dict_keys(['tutorial_taskflow_api']) retrieved from /home/airflow/.local/lib/python3.7/site-packages/airflow/example_dags/tutorial_taskflow_api.py
[2023-08-28T13:40:30.214+0000] {logging_mixin.py:149} INFO - [2023-08-28T13:40:30.214+0000] {dag.py:2726} INFO - Sync 1 DAGs
[2023-08-28T13:40:30.229+0000] {logging_mixin.py:149} INFO - [2023-08-28T13:40:30.229+0000] {dag.py:3490} INFO - Setting next_dagrun for tutorial_taskflow_api to None, run_after=None
[2023-08-28T13:40:30.241+0000] {processor.py:179} INFO - Processing /home/airflow/.local/lib/python3.7/site-packages/airflow/example_dags/tutorial_taskflow_api.py took 0.060 seconds
[2023-08-28T13:41:04.202+0000] {processor.py:157} INFO - Started process (PID=85682) to work on /home/airflow/.local/lib/python3.7/site-packages/airflow/example_dags/tutorial_taskflow_api.py
[2023-08-28T13:41:04.203+0000] {processor.py:826} INFO - Processing file /home/airflow/.local/lib/python3.7/site-packages/airflow/example_dags/tutorial_taskflow_api.py for tasks to queue
[2023-08-28T13:41:04.203+0000] {logging_mixin.py:149} INFO - [2023-08-28T13:41:04.203+0000] {dagbag.py:541} INFO - Filling up the DagBag from /home/airflow/.local/lib/python3.7/site-packages/airflow/example_dags/tutorial_taskflow_api.py
[2023-08-28T13:41:04.208+0000] {processor.py:836} INFO - DAG(s) dict_keys(['tutorial_taskflow_api']) retrieved from /home/airflow/.local/lib/python3.7/site-packages/airflow/example_dags/tutorial_taskflow_api.py
[2023-08-28T13:41:04.227+0000] {logging_mixin.py:149} INFO - [2023-08-28T13:41:04.227+0000] {dag.py:2726} INFO - Sync 1 DAGs
[2023-08-28T13:41:04.241+0000] {logging_mixin.py:149} INFO - [2023-08-28T13:41:04.241+0000] {dag.py:3490} INFO - Setting next_dagrun for tutorial_taskflow_api to None, run_after=None
[2023-08-28T13:41:04.252+0000] {processor.py:179} INFO - Processing /home/airflow/.local/lib/python3.7/site-packages/airflow/example_dags/tutorial_taskflow_api.py took 0.053 seconds
[2023-08-28T13:41:38.505+0000] {processor.py:157} INFO - Started process (PID=85749) to work on /home/airflow/.local/lib/python3.7/site-packages/airflow/example_dags/tutorial_taskflow_api.py
[2023-08-28T13:41:38.506+0000] {processor.py:826} INFO - Processing file /home/airflow/.local/lib/python3.7/site-packages/airflow/example_dags/tutorial_taskflow_api.py for tasks to queue
[2023-08-28T13:41:38.507+0000] {logging_mixin.py:149} INFO - [2023-08-28T13:41:38.507+0000] {dagbag.py:541} INFO - Filling up the DagBag from /home/airflow/.local/lib/python3.7/site-packages/airflow/example_dags/tutorial_taskflow_api.py
[2023-08-28T13:41:38.513+0000] {processor.py:836} INFO - DAG(s) dict_keys(['tutorial_taskflow_api']) retrieved from /home/airflow/.local/lib/python3.7/site-packages/airflow/example_dags/tutorial_taskflow_api.py
[2023-08-28T13:41:38.538+0000] {logging_mixin.py:149} INFO - [2023-08-28T13:41:38.538+0000] {dag.py:2726} INFO - Sync 1 DAGs
[2023-08-28T13:41:38.557+0000] {logging_mixin.py:149} INFO - [2023-08-28T13:41:38.557+0000] {dag.py:3490} INFO - Setting next_dagrun for tutorial_taskflow_api to None, run_after=None
[2023-08-28T13:41:38.571+0000] {processor.py:179} INFO - Processing /home/airflow/.local/lib/python3.7/site-packages/airflow/example_dags/tutorial_taskflow_api.py took 0.076 seconds
[2023-08-28T13:42:12.304+0000] {processor.py:157} INFO - Started process (PID=85815) to work on /home/airflow/.local/lib/python3.7/site-packages/airflow/example_dags/tutorial_taskflow_api.py
[2023-08-28T13:42:12.305+0000] {processor.py:826} INFO - Processing file /home/airflow/.local/lib/python3.7/site-packages/airflow/example_dags/tutorial_taskflow_api.py for tasks to queue
[2023-08-28T13:42:12.305+0000] {logging_mixin.py:149} INFO - [2023-08-28T13:42:12.305+0000] {dagbag.py:541} INFO - Filling up the DagBag from /home/airflow/.local/lib/python3.7/site-packages/airflow/example_dags/tutorial_taskflow_api.py
[2023-08-28T13:42:12.310+0000] {processor.py:836} INFO - DAG(s) dict_keys(['tutorial_taskflow_api']) retrieved from /home/airflow/.local/lib/python3.7/site-packages/airflow/example_dags/tutorial_taskflow_api.py
[2023-08-28T13:42:12.328+0000] {logging_mixin.py:149} INFO - [2023-08-28T13:42:12.328+0000] {dag.py:2726} INFO - Sync 1 DAGs
[2023-08-28T13:42:12.343+0000] {logging_mixin.py:149} INFO - [2023-08-28T13:42:12.343+0000] {dag.py:3490} INFO - Setting next_dagrun for tutorial_taskflow_api to None, run_after=None
[2023-08-28T13:42:12.353+0000] {processor.py:179} INFO - Processing /home/airflow/.local/lib/python3.7/site-packages/airflow/example_dags/tutorial_taskflow_api.py took 0.052 seconds
[2023-08-28T13:42:46.444+0000] {processor.py:157} INFO - Started process (PID=85888) to work on /home/airflow/.local/lib/python3.7/site-packages/airflow/example_dags/tutorial_taskflow_api.py
[2023-08-28T13:42:46.445+0000] {processor.py:826} INFO - Processing file /home/airflow/.local/lib/python3.7/site-packages/airflow/example_dags/tutorial_taskflow_api.py for tasks to queue
[2023-08-28T13:42:46.446+0000] {logging_mixin.py:149} INFO - [2023-08-28T13:42:46.446+0000] {dagbag.py:541} INFO - Filling up the DagBag from /home/airflow/.local/lib/python3.7/site-packages/airflow/example_dags/tutorial_taskflow_api.py
[2023-08-28T13:42:46.454+0000] {processor.py:836} INFO - DAG(s) dict_keys(['tutorial_taskflow_api']) retrieved from /home/airflow/.local/lib/python3.7/site-packages/airflow/example_dags/tutorial_taskflow_api.py
[2023-08-28T13:42:46.479+0000] {logging_mixin.py:149} INFO - [2023-08-28T13:42:46.479+0000] {dag.py:2726} INFO - Sync 1 DAGs
[2023-08-28T13:42:46.496+0000] {logging_mixin.py:149} INFO - [2023-08-28T13:42:46.495+0000] {dag.py:3490} INFO - Setting next_dagrun for tutorial_taskflow_api to None, run_after=None
[2023-08-28T13:42:46.508+0000] {processor.py:179} INFO - Processing /home/airflow/.local/lib/python3.7/site-packages/airflow/example_dags/tutorial_taskflow_api.py took 0.066 seconds
[2023-08-28T13:43:20.467+0000] {processor.py:157} INFO - Started process (PID=85954) to work on /home/airflow/.local/lib/python3.7/site-packages/airflow/example_dags/tutorial_taskflow_api.py
[2023-08-28T13:43:20.468+0000] {processor.py:826} INFO - Processing file /home/airflow/.local/lib/python3.7/site-packages/airflow/example_dags/tutorial_taskflow_api.py for tasks to queue
[2023-08-28T13:43:20.468+0000] {logging_mixin.py:149} INFO - [2023-08-28T13:43:20.468+0000] {dagbag.py:541} INFO - Filling up the DagBag from /home/airflow/.local/lib/python3.7/site-packages/airflow/example_dags/tutorial_taskflow_api.py
[2023-08-28T13:43:20.474+0000] {processor.py:836} INFO - DAG(s) dict_keys(['tutorial_taskflow_api']) retrieved from /home/airflow/.local/lib/python3.7/site-packages/airflow/example_dags/tutorial_taskflow_api.py
[2023-08-28T13:43:20.494+0000] {logging_mixin.py:149} INFO - [2023-08-28T13:43:20.494+0000] {dag.py:2726} INFO - Sync 1 DAGs
[2023-08-28T13:43:20.513+0000] {logging_mixin.py:149} INFO - [2023-08-28T13:43:20.513+0000] {dag.py:3490} INFO - Setting next_dagrun for tutorial_taskflow_api to None, run_after=None
[2023-08-28T13:43:20.525+0000] {processor.py:179} INFO - Processing /home/airflow/.local/lib/python3.7/site-packages/airflow/example_dags/tutorial_taskflow_api.py took 0.061 seconds
[2023-08-28T13:43:54.558+0000] {processor.py:157} INFO - Started process (PID=86020) to work on /home/airflow/.local/lib/python3.7/site-packages/airflow/example_dags/tutorial_taskflow_api.py
[2023-08-28T13:43:54.559+0000] {processor.py:826} INFO - Processing file /home/airflow/.local/lib/python3.7/site-packages/airflow/example_dags/tutorial_taskflow_api.py for tasks to queue
[2023-08-28T13:43:54.560+0000] {logging_mixin.py:149} INFO - [2023-08-28T13:43:54.560+0000] {dagbag.py:541} INFO - Filling up the DagBag from /home/airflow/.local/lib/python3.7/site-packages/airflow/example_dags/tutorial_taskflow_api.py
[2023-08-28T13:43:54.564+0000] {processor.py:836} INFO - DAG(s) dict_keys(['tutorial_taskflow_api']) retrieved from /home/airflow/.local/lib/python3.7/site-packages/airflow/example_dags/tutorial_taskflow_api.py
[2023-08-28T13:43:54.584+0000] {logging_mixin.py:149} INFO - [2023-08-28T13:43:54.584+0000] {dag.py:2726} INFO - Sync 1 DAGs
[2023-08-28T13:43:54.607+0000] {logging_mixin.py:149} INFO - [2023-08-28T13:43:54.607+0000] {dag.py:3490} INFO - Setting next_dagrun for tutorial_taskflow_api to None, run_after=None
[2023-08-28T13:43:54.621+0000] {processor.py:179} INFO - Processing /home/airflow/.local/lib/python3.7/site-packages/airflow/example_dags/tutorial_taskflow_api.py took 0.066 seconds
[2023-08-28T13:44:28.615+0000] {processor.py:157} INFO - Started process (PID=86087) to work on /home/airflow/.local/lib/python3.7/site-packages/airflow/example_dags/tutorial_taskflow_api.py
[2023-08-28T13:44:28.619+0000] {processor.py:826} INFO - Processing file /home/airflow/.local/lib/python3.7/site-packages/airflow/example_dags/tutorial_taskflow_api.py for tasks to queue
[2023-08-28T13:44:28.623+0000] {logging_mixin.py:149} INFO - [2023-08-28T13:44:28.623+0000] {dagbag.py:541} INFO - Filling up the DagBag from /home/airflow/.local/lib/python3.7/site-packages/airflow/example_dags/tutorial_taskflow_api.py
[2023-08-28T13:44:28.628+0000] {processor.py:836} INFO - DAG(s) dict_keys(['tutorial_taskflow_api']) retrieved from /home/airflow/.local/lib/python3.7/site-packages/airflow/example_dags/tutorial_taskflow_api.py
[2023-08-28T13:44:28.652+0000] {logging_mixin.py:149} INFO - [2023-08-28T13:44:28.652+0000] {dag.py:2726} INFO - Sync 1 DAGs
[2023-08-28T13:44:28.668+0000] {logging_mixin.py:149} INFO - [2023-08-28T13:44:28.668+0000] {dag.py:3490} INFO - Setting next_dagrun for tutorial_taskflow_api to None, run_after=None
[2023-08-28T13:44:28.679+0000] {processor.py:179} INFO - Processing /home/airflow/.local/lib/python3.7/site-packages/airflow/example_dags/tutorial_taskflow_api.py took 0.068 seconds
[2023-08-28T13:45:02.913+0000] {processor.py:157} INFO - Started process (PID=86153) to work on /home/airflow/.local/lib/python3.7/site-packages/airflow/example_dags/tutorial_taskflow_api.py
[2023-08-28T13:45:02.914+0000] {processor.py:826} INFO - Processing file /home/airflow/.local/lib/python3.7/site-packages/airflow/example_dags/tutorial_taskflow_api.py for tasks to queue
[2023-08-28T13:45:02.915+0000] {logging_mixin.py:149} INFO - [2023-08-28T13:45:02.915+0000] {dagbag.py:541} INFO - Filling up the DagBag from /home/airflow/.local/lib/python3.7/site-packages/airflow/example_dags/tutorial_taskflow_api.py
[2023-08-28T13:45:02.922+0000] {processor.py:836} INFO - DAG(s) dict_keys(['tutorial_taskflow_api']) retrieved from /home/airflow/.local/lib/python3.7/site-packages/airflow/example_dags/tutorial_taskflow_api.py
[2023-08-28T13:45:02.947+0000] {logging_mixin.py:149} INFO - [2023-08-28T13:45:02.947+0000] {dag.py:2726} INFO - Sync 1 DAGs
[2023-08-28T13:45:02.963+0000] {logging_mixin.py:149} INFO - [2023-08-28T13:45:02.963+0000] {dag.py:3490} INFO - Setting next_dagrun for tutorial_taskflow_api to None, run_after=None
[2023-08-28T13:45:02.973+0000] {processor.py:179} INFO - Processing /home/airflow/.local/lib/python3.7/site-packages/airflow/example_dags/tutorial_taskflow_api.py took 0.063 seconds
[2023-08-28T13:45:36.773+0000] {processor.py:157} INFO - Started process (PID=86219) to work on /home/airflow/.local/lib/python3.7/site-packages/airflow/example_dags/tutorial_taskflow_api.py
[2023-08-28T13:45:36.774+0000] {processor.py:826} INFO - Processing file /home/airflow/.local/lib/python3.7/site-packages/airflow/example_dags/tutorial_taskflow_api.py for tasks to queue
[2023-08-28T13:45:36.775+0000] {logging_mixin.py:149} INFO - [2023-08-28T13:45:36.775+0000] {dagbag.py:541} INFO - Filling up the DagBag from /home/airflow/.local/lib/python3.7/site-packages/airflow/example_dags/tutorial_taskflow_api.py
[2023-08-28T13:45:36.780+0000] {processor.py:836} INFO - DAG(s) dict_keys(['tutorial_taskflow_api']) retrieved from /home/airflow/.local/lib/python3.7/site-packages/airflow/example_dags/tutorial_taskflow_api.py
[2023-08-28T13:45:36.800+0000] {logging_mixin.py:149} INFO - [2023-08-28T13:45:36.800+0000] {dag.py:2726} INFO - Sync 1 DAGs
[2023-08-28T13:45:36.816+0000] {logging_mixin.py:149} INFO - [2023-08-28T13:45:36.816+0000] {dag.py:3490} INFO - Setting next_dagrun for tutorial_taskflow_api to None, run_after=None
[2023-08-28T13:45:36.830+0000] {processor.py:179} INFO - Processing /home/airflow/.local/lib/python3.7/site-packages/airflow/example_dags/tutorial_taskflow_api.py took 0.062 seconds
[2023-08-28T13:46:10.879+0000] {processor.py:157} INFO - Started process (PID=86285) to work on /home/airflow/.local/lib/python3.7/site-packages/airflow/example_dags/tutorial_taskflow_api.py
[2023-08-28T13:46:10.881+0000] {processor.py:826} INFO - Processing file /home/airflow/.local/lib/python3.7/site-packages/airflow/example_dags/tutorial_taskflow_api.py for tasks to queue
[2023-08-28T13:46:10.881+0000] {logging_mixin.py:149} INFO - [2023-08-28T13:46:10.881+0000] {dagbag.py:541} INFO - Filling up the DagBag from /home/airflow/.local/lib/python3.7/site-packages/airflow/example_dags/tutorial_taskflow_api.py
[2023-08-28T13:46:10.886+0000] {processor.py:836} INFO - DAG(s) dict_keys(['tutorial_taskflow_api']) retrieved from /home/airflow/.local/lib/python3.7/site-packages/airflow/example_dags/tutorial_taskflow_api.py
[2023-08-28T13:46:10.905+0000] {logging_mixin.py:149} INFO - [2023-08-28T13:46:10.905+0000] {dag.py:2726} INFO - Sync 1 DAGs
[2023-08-28T13:46:10.920+0000] {logging_mixin.py:149} INFO - [2023-08-28T13:46:10.920+0000] {dag.py:3490} INFO - Setting next_dagrun for tutorial_taskflow_api to None, run_after=None
[2023-08-28T13:46:10.931+0000] {processor.py:179} INFO - Processing /home/airflow/.local/lib/python3.7/site-packages/airflow/example_dags/tutorial_taskflow_api.py took 0.054 seconds
[2023-08-28T13:46:45.063+0000] {processor.py:157} INFO - Started process (PID=86350) to work on /home/airflow/.local/lib/python3.7/site-packages/airflow/example_dags/tutorial_taskflow_api.py
[2023-08-28T13:46:45.064+0000] {processor.py:826} INFO - Processing file /home/airflow/.local/lib/python3.7/site-packages/airflow/example_dags/tutorial_taskflow_api.py for tasks to queue
[2023-08-28T13:46:45.065+0000] {logging_mixin.py:149} INFO - [2023-08-28T13:46:45.064+0000] {dagbag.py:541} INFO - Filling up the DagBag from /home/airflow/.local/lib/python3.7/site-packages/airflow/example_dags/tutorial_taskflow_api.py
[2023-08-28T13:46:45.071+0000] {processor.py:836} INFO - DAG(s) dict_keys(['tutorial_taskflow_api']) retrieved from /home/airflow/.local/lib/python3.7/site-packages/airflow/example_dags/tutorial_taskflow_api.py
[2023-08-28T13:46:45.090+0000] {logging_mixin.py:149} INFO - [2023-08-28T13:46:45.090+0000] {dag.py:2726} INFO - Sync 1 DAGs
[2023-08-28T13:46:45.110+0000] {logging_mixin.py:149} INFO - [2023-08-28T13:46:45.110+0000] {dag.py:3490} INFO - Setting next_dagrun for tutorial_taskflow_api to None, run_after=None
[2023-08-28T13:46:45.123+0000] {processor.py:179} INFO - Processing /home/airflow/.local/lib/python3.7/site-packages/airflow/example_dags/tutorial_taskflow_api.py took 0.063 seconds
[2023-08-28T13:47:19.630+0000] {processor.py:157} INFO - Started process (PID=86424) to work on /home/airflow/.local/lib/python3.7/site-packages/airflow/example_dags/tutorial_taskflow_api.py
[2023-08-28T13:47:19.631+0000] {processor.py:826} INFO - Processing file /home/airflow/.local/lib/python3.7/site-packages/airflow/example_dags/tutorial_taskflow_api.py for tasks to queue
[2023-08-28T13:47:19.631+0000] {logging_mixin.py:149} INFO - [2023-08-28T13:47:19.631+0000] {dagbag.py:541} INFO - Filling up the DagBag from /home/airflow/.local/lib/python3.7/site-packages/airflow/example_dags/tutorial_taskflow_api.py
[2023-08-28T13:47:19.636+0000] {processor.py:836} INFO - DAG(s) dict_keys(['tutorial_taskflow_api']) retrieved from /home/airflow/.local/lib/python3.7/site-packages/airflow/example_dags/tutorial_taskflow_api.py
[2023-08-28T13:47:19.654+0000] {logging_mixin.py:149} INFO - [2023-08-28T13:47:19.654+0000] {dag.py:2726} INFO - Sync 1 DAGs
[2023-08-28T13:47:19.669+0000] {logging_mixin.py:149} INFO - [2023-08-28T13:47:19.669+0000] {dag.py:3490} INFO - Setting next_dagrun for tutorial_taskflow_api to None, run_after=None
[2023-08-28T13:47:19.679+0000] {processor.py:179} INFO - Processing /home/airflow/.local/lib/python3.7/site-packages/airflow/example_dags/tutorial_taskflow_api.py took 0.052 seconds
[2023-08-28T13:47:53.372+0000] {processor.py:157} INFO - Started process (PID=86490) to work on /home/airflow/.local/lib/python3.7/site-packages/airflow/example_dags/tutorial_taskflow_api.py
[2023-08-28T13:47:53.373+0000] {processor.py:826} INFO - Processing file /home/airflow/.local/lib/python3.7/site-packages/airflow/example_dags/tutorial_taskflow_api.py for tasks to queue
[2023-08-28T13:47:53.373+0000] {logging_mixin.py:149} INFO - [2023-08-28T13:47:53.373+0000] {dagbag.py:541} INFO - Filling up the DagBag from /home/airflow/.local/lib/python3.7/site-packages/airflow/example_dags/tutorial_taskflow_api.py
[2023-08-28T13:47:53.378+0000] {processor.py:836} INFO - DAG(s) dict_keys(['tutorial_taskflow_api']) retrieved from /home/airflow/.local/lib/python3.7/site-packages/airflow/example_dags/tutorial_taskflow_api.py
[2023-08-28T13:47:53.399+0000] {logging_mixin.py:149} INFO - [2023-08-28T13:47:53.399+0000] {dag.py:2726} INFO - Sync 1 DAGs
[2023-08-28T13:47:53.417+0000] {logging_mixin.py:149} INFO - [2023-08-28T13:47:53.416+0000] {dag.py:3490} INFO - Setting next_dagrun for tutorial_taskflow_api to None, run_after=None
[2023-08-28T13:47:53.429+0000] {processor.py:179} INFO - Processing /home/airflow/.local/lib/python3.7/site-packages/airflow/example_dags/tutorial_taskflow_api.py took 0.061 seconds
[2023-08-28T13:48:26.958+0000] {processor.py:157} INFO - Started process (PID=86556) to work on /home/airflow/.local/lib/python3.7/site-packages/airflow/example_dags/tutorial_taskflow_api.py
[2023-08-28T13:48:26.960+0000] {processor.py:826} INFO - Processing file /home/airflow/.local/lib/python3.7/site-packages/airflow/example_dags/tutorial_taskflow_api.py for tasks to queue
[2023-08-28T13:48:26.961+0000] {logging_mixin.py:149} INFO - [2023-08-28T13:48:26.961+0000] {dagbag.py:541} INFO - Filling up the DagBag from /home/airflow/.local/lib/python3.7/site-packages/airflow/example_dags/tutorial_taskflow_api.py
[2023-08-28T13:48:26.967+0000] {processor.py:836} INFO - DAG(s) dict_keys(['tutorial_taskflow_api']) retrieved from /home/airflow/.local/lib/python3.7/site-packages/airflow/example_dags/tutorial_taskflow_api.py
[2023-08-28T13:48:26.989+0000] {logging_mixin.py:149} INFO - [2023-08-28T13:48:26.988+0000] {dag.py:2726} INFO - Sync 1 DAGs
[2023-08-28T13:48:27.007+0000] {logging_mixin.py:149} INFO - [2023-08-28T13:48:27.007+0000] {dag.py:3490} INFO - Setting next_dagrun for tutorial_taskflow_api to None, run_after=None
[2023-08-28T13:48:27.021+0000] {processor.py:179} INFO - Processing /home/airflow/.local/lib/python3.7/site-packages/airflow/example_dags/tutorial_taskflow_api.py took 0.066 seconds
[2023-08-28T13:49:00.191+0000] {processor.py:157} INFO - Started process (PID=86622) to work on /home/airflow/.local/lib/python3.7/site-packages/airflow/example_dags/tutorial_taskflow_api.py
[2023-08-28T13:49:00.192+0000] {processor.py:826} INFO - Processing file /home/airflow/.local/lib/python3.7/site-packages/airflow/example_dags/tutorial_taskflow_api.py for tasks to queue
[2023-08-28T13:49:00.193+0000] {logging_mixin.py:149} INFO - [2023-08-28T13:49:00.193+0000] {dagbag.py:541} INFO - Filling up the DagBag from /home/airflow/.local/lib/python3.7/site-packages/airflow/example_dags/tutorial_taskflow_api.py
[2023-08-28T13:49:00.198+0000] {processor.py:836} INFO - DAG(s) dict_keys(['tutorial_taskflow_api']) retrieved from /home/airflow/.local/lib/python3.7/site-packages/airflow/example_dags/tutorial_taskflow_api.py
[2023-08-28T13:49:00.218+0000] {logging_mixin.py:149} INFO - [2023-08-28T13:49:00.218+0000] {dag.py:2726} INFO - Sync 1 DAGs
[2023-08-28T13:49:00.235+0000] {logging_mixin.py:149} INFO - [2023-08-28T13:49:00.235+0000] {dag.py:3490} INFO - Setting next_dagrun for tutorial_taskflow_api to None, run_after=None
[2023-08-28T13:49:00.253+0000] {processor.py:179} INFO - Processing /home/airflow/.local/lib/python3.7/site-packages/airflow/example_dags/tutorial_taskflow_api.py took 0.064 seconds
[2023-08-28T15:39:06.732+0000] {processor.py:157} INFO - Started process (PID=86688) to work on /home/airflow/.local/lib/python3.7/site-packages/airflow/example_dags/tutorial_taskflow_api.py
[2023-08-28T15:39:06.736+0000] {processor.py:826} INFO - Processing file /home/airflow/.local/lib/python3.7/site-packages/airflow/example_dags/tutorial_taskflow_api.py for tasks to queue
[2023-08-28T15:39:06.737+0000] {logging_mixin.py:149} INFO - [2023-08-28T15:39:06.737+0000] {dagbag.py:541} INFO - Filling up the DagBag from /home/airflow/.local/lib/python3.7/site-packages/airflow/example_dags/tutorial_taskflow_api.py
[2023-08-28T15:39:06.753+0000] {processor.py:836} INFO - DAG(s) dict_keys(['tutorial_taskflow_api']) retrieved from /home/airflow/.local/lib/python3.7/site-packages/airflow/example_dags/tutorial_taskflow_api.py
[2023-08-28T15:39:06.808+0000] {logging_mixin.py:149} INFO - [2023-08-28T15:39:06.808+0000] {dag.py:2726} INFO - Sync 1 DAGs
[2023-08-28T15:39:06.849+0000] {logging_mixin.py:149} INFO - [2023-08-28T15:39:06.849+0000] {dag.py:3490} INFO - Setting next_dagrun for tutorial_taskflow_api to None, run_after=None
[2023-08-28T15:39:06.887+0000] {processor.py:179} INFO - Processing /home/airflow/.local/lib/python3.7/site-packages/airflow/example_dags/tutorial_taskflow_api.py took 0.157 seconds
[2023-08-28T16:02:19.627+0000] {processor.py:157} INFO - Started process (PID=86787) to work on /home/airflow/.local/lib/python3.7/site-packages/airflow/example_dags/tutorial_taskflow_api.py
[2023-08-28T16:02:19.709+0000] {processor.py:826} INFO - Processing file /home/airflow/.local/lib/python3.7/site-packages/airflow/example_dags/tutorial_taskflow_api.py for tasks to queue
[2023-08-28T16:02:19.711+0000] {logging_mixin.py:149} INFO - [2023-08-28T16:02:19.711+0000] {dagbag.py:541} INFO - Filling up the DagBag from /home/airflow/.local/lib/python3.7/site-packages/airflow/example_dags/tutorial_taskflow_api.py
[2023-08-28T16:02:19.726+0000] {processor.py:836} INFO - DAG(s) dict_keys(['tutorial_taskflow_api']) retrieved from /home/airflow/.local/lib/python3.7/site-packages/airflow/example_dags/tutorial_taskflow_api.py
[2023-08-28T16:02:19.748+0000] {logging_mixin.py:149} INFO - [2023-08-28T16:02:19.747+0000] {dag.py:2726} INFO - Sync 1 DAGs
[2023-08-28T16:02:19.765+0000] {logging_mixin.py:149} INFO - [2023-08-28T16:02:19.765+0000] {dag.py:3490} INFO - Setting next_dagrun for tutorial_taskflow_api to None, run_after=None
[2023-08-28T16:02:19.776+0000] {processor.py:179} INFO - Processing /home/airflow/.local/lib/python3.7/site-packages/airflow/example_dags/tutorial_taskflow_api.py took 0.166 seconds
[2023-08-28T19:42:48.438+0000] {processor.py:157} INFO - Started process (PID=86853) to work on /home/airflow/.local/lib/python3.7/site-packages/airflow/example_dags/tutorial_taskflow_api.py
[2023-08-28T19:42:48.439+0000] {processor.py:826} INFO - Processing file /home/airflow/.local/lib/python3.7/site-packages/airflow/example_dags/tutorial_taskflow_api.py for tasks to queue
[2023-08-28T19:42:48.440+0000] {logging_mixin.py:149} INFO - [2023-08-28T19:42:48.439+0000] {dagbag.py:541} INFO - Filling up the DagBag from /home/airflow/.local/lib/python3.7/site-packages/airflow/example_dags/tutorial_taskflow_api.py
[2023-08-28T19:42:48.445+0000] {processor.py:836} INFO - DAG(s) dict_keys(['tutorial_taskflow_api']) retrieved from /home/airflow/.local/lib/python3.7/site-packages/airflow/example_dags/tutorial_taskflow_api.py
[2023-08-28T19:42:48.469+0000] {logging_mixin.py:149} INFO - [2023-08-28T19:42:48.469+0000] {dag.py:2726} INFO - Sync 1 DAGs
[2023-08-28T19:42:48.492+0000] {logging_mixin.py:149} INFO - [2023-08-28T19:42:48.492+0000] {dag.py:3490} INFO - Setting next_dagrun for tutorial_taskflow_api to None, run_after=None
[2023-08-28T19:42:48.512+0000] {processor.py:179} INFO - Processing /home/airflow/.local/lib/python3.7/site-packages/airflow/example_dags/tutorial_taskflow_api.py took 0.077 seconds
[2023-08-28T21:57:41.344+0000] {processor.py:157} INFO - Started process (PID=86919) to work on /home/airflow/.local/lib/python3.7/site-packages/airflow/example_dags/tutorial_taskflow_api.py
[2023-08-28T21:57:41.345+0000] {processor.py:826} INFO - Processing file /home/airflow/.local/lib/python3.7/site-packages/airflow/example_dags/tutorial_taskflow_api.py for tasks to queue
[2023-08-28T21:57:41.346+0000] {logging_mixin.py:149} INFO - [2023-08-28T21:57:41.346+0000] {dagbag.py:541} INFO - Filling up the DagBag from /home/airflow/.local/lib/python3.7/site-packages/airflow/example_dags/tutorial_taskflow_api.py
[2023-08-28T21:57:41.351+0000] {processor.py:836} INFO - DAG(s) dict_keys(['tutorial_taskflow_api']) retrieved from /home/airflow/.local/lib/python3.7/site-packages/airflow/example_dags/tutorial_taskflow_api.py
[2023-08-28T21:57:41.376+0000] {logging_mixin.py:149} INFO - [2023-08-28T21:57:41.376+0000] {dag.py:2726} INFO - Sync 1 DAGs
[2023-08-28T21:57:41.402+0000] {logging_mixin.py:149} INFO - [2023-08-28T21:57:41.402+0000] {dag.py:3490} INFO - Setting next_dagrun for tutorial_taskflow_api to None, run_after=None
[2023-08-28T21:57:41.415+0000] {processor.py:179} INFO - Processing /home/airflow/.local/lib/python3.7/site-packages/airflow/example_dags/tutorial_taskflow_api.py took 0.074 seconds
