[2023-08-28T01:05:01.690+0000] {processor.py:157} INFO - Started process (PID=83787) to work on /home/airflow/.local/lib/python3.7/site-packages/airflow/example_dags/tutorial_taskflow_api_virtualenv.py
[2023-08-28T01:05:01.692+0000] {processor.py:826} INFO - Processing file /home/airflow/.local/lib/python3.7/site-packages/airflow/example_dags/tutorial_taskflow_api_virtualenv.py for tasks to queue
[2023-08-28T01:05:01.692+0000] {logging_mixin.py:149} INFO - [2023-08-28T01:05:01.692+0000] {dagbag.py:541} INFO - Filling up the DagBag from /home/airflow/.local/lib/python3.7/site-packages/airflow/example_dags/tutorial_taskflow_api_virtualenv.py
[2023-08-28T01:05:01.701+0000] {processor.py:836} INFO - DAG(s) dict_keys(['tutorial_taskflow_api_virtualenv']) retrieved from /home/airflow/.local/lib/python3.7/site-packages/airflow/example_dags/tutorial_taskflow_api_virtualenv.py
[2023-08-28T01:05:01.722+0000] {logging_mixin.py:149} INFO - [2023-08-28T01:05:01.721+0000] {dag.py:2726} INFO - Sync 1 DAGs
[2023-08-28T01:05:01.738+0000] {logging_mixin.py:149} INFO - [2023-08-28T01:05:01.737+0000] {dag.py:3490} INFO - Setting next_dagrun for tutorial_taskflow_api_virtualenv to None, run_after=None
[2023-08-28T01:05:01.748+0000] {processor.py:179} INFO - Processing /home/airflow/.local/lib/python3.7/site-packages/airflow/example_dags/tutorial_taskflow_api_virtualenv.py took 0.061 seconds
[2023-08-28T01:44:02.866+0000] {processor.py:157} INFO - Started process (PID=83852) to work on /home/airflow/.local/lib/python3.7/site-packages/airflow/example_dags/tutorial_taskflow_api_virtualenv.py
[2023-08-28T01:44:02.867+0000] {processor.py:826} INFO - Processing file /home/airflow/.local/lib/python3.7/site-packages/airflow/example_dags/tutorial_taskflow_api_virtualenv.py for tasks to queue
[2023-08-28T01:44:02.868+0000] {logging_mixin.py:149} INFO - [2023-08-28T01:44:02.868+0000] {dagbag.py:541} INFO - Filling up the DagBag from /home/airflow/.local/lib/python3.7/site-packages/airflow/example_dags/tutorial_taskflow_api_virtualenv.py
[2023-08-28T01:44:02.873+0000] {processor.py:836} INFO - DAG(s) dict_keys(['tutorial_taskflow_api_virtualenv']) retrieved from /home/airflow/.local/lib/python3.7/site-packages/airflow/example_dags/tutorial_taskflow_api_virtualenv.py
[2023-08-28T01:44:02.894+0000] {logging_mixin.py:149} INFO - [2023-08-28T01:44:02.894+0000] {dag.py:2726} INFO - Sync 1 DAGs
[2023-08-28T01:44:02.914+0000] {logging_mixin.py:149} INFO - [2023-08-28T01:44:02.914+0000] {dag.py:3490} INFO - Setting next_dagrun for tutorial_taskflow_api_virtualenv to None, run_after=None
[2023-08-28T01:44:02.928+0000] {processor.py:179} INFO - Processing /home/airflow/.local/lib/python3.7/site-packages/airflow/example_dags/tutorial_taskflow_api_virtualenv.py took 0.065 seconds
[2023-08-28T05:22:01.195+0000] {processor.py:157} INFO - Started process (PID=83918) to work on /home/airflow/.local/lib/python3.7/site-packages/airflow/example_dags/tutorial_taskflow_api_virtualenv.py
[2023-08-28T05:22:01.198+0000] {processor.py:826} INFO - Processing file /home/airflow/.local/lib/python3.7/site-packages/airflow/example_dags/tutorial_taskflow_api_virtualenv.py for tasks to queue
[2023-08-28T05:22:01.199+0000] {logging_mixin.py:149} INFO - [2023-08-28T05:22:01.199+0000] {dagbag.py:541} INFO - Filling up the DagBag from /home/airflow/.local/lib/python3.7/site-packages/airflow/example_dags/tutorial_taskflow_api_virtualenv.py
[2023-08-28T05:22:01.205+0000] {processor.py:836} INFO - DAG(s) dict_keys(['tutorial_taskflow_api_virtualenv']) retrieved from /home/airflow/.local/lib/python3.7/site-packages/airflow/example_dags/tutorial_taskflow_api_virtualenv.py
[2023-08-28T05:22:01.226+0000] {logging_mixin.py:149} INFO - [2023-08-28T05:22:01.226+0000] {dag.py:2726} INFO - Sync 1 DAGs
[2023-08-28T05:22:01.242+0000] {logging_mixin.py:149} INFO - [2023-08-28T05:22:01.242+0000] {dag.py:3490} INFO - Setting next_dagrun for tutorial_taskflow_api_virtualenv to None, run_after=None
[2023-08-28T05:22:01.254+0000] {processor.py:179} INFO - Processing /home/airflow/.local/lib/python3.7/site-packages/airflow/example_dags/tutorial_taskflow_api_virtualenv.py took 0.064 seconds
[2023-08-28T07:45:46.264+0000] {processor.py:157} INFO - Started process (PID=83985) to work on /home/airflow/.local/lib/python3.7/site-packages/airflow/example_dags/tutorial_taskflow_api_virtualenv.py
[2023-08-28T07:45:46.266+0000] {processor.py:826} INFO - Processing file /home/airflow/.local/lib/python3.7/site-packages/airflow/example_dags/tutorial_taskflow_api_virtualenv.py for tasks to queue
[2023-08-28T07:45:46.267+0000] {logging_mixin.py:149} INFO - [2023-08-28T07:45:46.267+0000] {dagbag.py:541} INFO - Filling up the DagBag from /home/airflow/.local/lib/python3.7/site-packages/airflow/example_dags/tutorial_taskflow_api_virtualenv.py
[2023-08-28T07:45:46.272+0000] {processor.py:836} INFO - DAG(s) dict_keys(['tutorial_taskflow_api_virtualenv']) retrieved from /home/airflow/.local/lib/python3.7/site-packages/airflow/example_dags/tutorial_taskflow_api_virtualenv.py
[2023-08-28T07:45:46.299+0000] {logging_mixin.py:149} INFO - [2023-08-28T07:45:46.299+0000] {dag.py:2726} INFO - Sync 1 DAGs
[2023-08-28T07:45:46.317+0000] {logging_mixin.py:149} INFO - [2023-08-28T07:45:46.317+0000] {dag.py:3490} INFO - Setting next_dagrun for tutorial_taskflow_api_virtualenv to None, run_after=None
[2023-08-28T07:45:46.328+0000] {processor.py:179} INFO - Processing /home/airflow/.local/lib/python3.7/site-packages/airflow/example_dags/tutorial_taskflow_api_virtualenv.py took 0.068 seconds
[2023-08-28T10:16:21.228+0000] {processor.py:157} INFO - Started process (PID=84050) to work on /home/airflow/.local/lib/python3.7/site-packages/airflow/example_dags/tutorial_taskflow_api_virtualenv.py
[2023-08-28T10:16:21.229+0000] {processor.py:826} INFO - Processing file /home/airflow/.local/lib/python3.7/site-packages/airflow/example_dags/tutorial_taskflow_api_virtualenv.py for tasks to queue
[2023-08-28T10:16:21.230+0000] {logging_mixin.py:149} INFO - [2023-08-28T10:16:21.230+0000] {dagbag.py:541} INFO - Filling up the DagBag from /home/airflow/.local/lib/python3.7/site-packages/airflow/example_dags/tutorial_taskflow_api_virtualenv.py
[2023-08-28T10:16:21.236+0000] {processor.py:836} INFO - DAG(s) dict_keys(['tutorial_taskflow_api_virtualenv']) retrieved from /home/airflow/.local/lib/python3.7/site-packages/airflow/example_dags/tutorial_taskflow_api_virtualenv.py
[2023-08-28T10:16:21.256+0000] {logging_mixin.py:149} INFO - [2023-08-28T10:16:21.256+0000] {dag.py:2726} INFO - Sync 1 DAGs
[2023-08-28T10:16:21.272+0000] {logging_mixin.py:149} INFO - [2023-08-28T10:16:21.271+0000] {dag.py:3490} INFO - Setting next_dagrun for tutorial_taskflow_api_virtualenv to None, run_after=None
[2023-08-28T10:16:21.289+0000] {processor.py:179} INFO - Processing /home/airflow/.local/lib/python3.7/site-packages/airflow/example_dags/tutorial_taskflow_api_virtualenv.py took 0.064 seconds
[2023-08-28T10:49:13.738+0000] {processor.py:157} INFO - Started process (PID=84117) to work on /home/airflow/.local/lib/python3.7/site-packages/airflow/example_dags/tutorial_taskflow_api_virtualenv.py
[2023-08-28T10:49:13.739+0000] {processor.py:826} INFO - Processing file /home/airflow/.local/lib/python3.7/site-packages/airflow/example_dags/tutorial_taskflow_api_virtualenv.py for tasks to queue
[2023-08-28T10:49:13.740+0000] {logging_mixin.py:149} INFO - [2023-08-28T10:49:13.740+0000] {dagbag.py:541} INFO - Filling up the DagBag from /home/airflow/.local/lib/python3.7/site-packages/airflow/example_dags/tutorial_taskflow_api_virtualenv.py
[2023-08-28T10:49:13.745+0000] {processor.py:836} INFO - DAG(s) dict_keys(['tutorial_taskflow_api_virtualenv']) retrieved from /home/airflow/.local/lib/python3.7/site-packages/airflow/example_dags/tutorial_taskflow_api_virtualenv.py
[2023-08-28T10:49:13.764+0000] {logging_mixin.py:149} INFO - [2023-08-28T10:49:13.764+0000] {dag.py:2726} INFO - Sync 1 DAGs
[2023-08-28T10:49:13.779+0000] {logging_mixin.py:149} INFO - [2023-08-28T10:49:13.778+0000] {dag.py:3490} INFO - Setting next_dagrun for tutorial_taskflow_api_virtualenv to None, run_after=None
[2023-08-28T10:49:13.789+0000] {processor.py:179} INFO - Processing /home/airflow/.local/lib/python3.7/site-packages/airflow/example_dags/tutorial_taskflow_api_virtualenv.py took 0.054 seconds
[2023-08-28T10:59:27.596+0000] {processor.py:157} INFO - Started process (PID=84184) to work on /home/airflow/.local/lib/python3.7/site-packages/airflow/example_dags/tutorial_taskflow_api_virtualenv.py
[2023-08-28T10:59:27.601+0000] {processor.py:826} INFO - Processing file /home/airflow/.local/lib/python3.7/site-packages/airflow/example_dags/tutorial_taskflow_api_virtualenv.py for tasks to queue
[2023-08-28T10:59:27.602+0000] {logging_mixin.py:149} INFO - [2023-08-28T10:59:27.602+0000] {dagbag.py:541} INFO - Filling up the DagBag from /home/airflow/.local/lib/python3.7/site-packages/airflow/example_dags/tutorial_taskflow_api_virtualenv.py
[2023-08-28T10:59:27.610+0000] {processor.py:836} INFO - DAG(s) dict_keys(['tutorial_taskflow_api_virtualenv']) retrieved from /home/airflow/.local/lib/python3.7/site-packages/airflow/example_dags/tutorial_taskflow_api_virtualenv.py
[2023-08-28T10:59:27.637+0000] {logging_mixin.py:149} INFO - [2023-08-28T10:59:27.637+0000] {dag.py:2726} INFO - Sync 1 DAGs
[2023-08-28T10:59:27.656+0000] {logging_mixin.py:149} INFO - [2023-08-28T10:59:27.656+0000] {dag.py:3490} INFO - Setting next_dagrun for tutorial_taskflow_api_virtualenv to None, run_after=None
[2023-08-28T10:59:27.667+0000] {processor.py:179} INFO - Processing /home/airflow/.local/lib/python3.7/site-packages/airflow/example_dags/tutorial_taskflow_api_virtualenv.py took 0.074 seconds
[2023-08-28T13:29:08.578+0000] {processor.py:157} INFO - Started process (PID=84250) to work on /home/airflow/.local/lib/python3.7/site-packages/airflow/example_dags/tutorial_taskflow_api_virtualenv.py
[2023-08-28T13:29:08.580+0000] {processor.py:826} INFO - Processing file /home/airflow/.local/lib/python3.7/site-packages/airflow/example_dags/tutorial_taskflow_api_virtualenv.py for tasks to queue
[2023-08-28T13:29:08.581+0000] {logging_mixin.py:149} INFO - [2023-08-28T13:29:08.581+0000] {dagbag.py:541} INFO - Filling up the DagBag from /home/airflow/.local/lib/python3.7/site-packages/airflow/example_dags/tutorial_taskflow_api_virtualenv.py
[2023-08-28T13:29:08.592+0000] {processor.py:836} INFO - DAG(s) dict_keys(['tutorial_taskflow_api_virtualenv']) retrieved from /home/airflow/.local/lib/python3.7/site-packages/airflow/example_dags/tutorial_taskflow_api_virtualenv.py
[2023-08-28T13:29:08.617+0000] {logging_mixin.py:149} INFO - [2023-08-28T13:29:08.617+0000] {dag.py:2726} INFO - Sync 1 DAGs
[2023-08-28T13:29:08.638+0000] {logging_mixin.py:149} INFO - [2023-08-28T13:29:08.638+0000] {dag.py:3490} INFO - Setting next_dagrun for tutorial_taskflow_api_virtualenv to None, run_after=None
[2023-08-28T13:29:08.654+0000] {processor.py:179} INFO - Processing /home/airflow/.local/lib/python3.7/site-packages/airflow/example_dags/tutorial_taskflow_api_virtualenv.py took 0.079 seconds
[2023-08-28T13:29:41.820+0000] {processor.py:157} INFO - Started process (PID=84316) to work on /home/airflow/.local/lib/python3.7/site-packages/airflow/example_dags/tutorial_taskflow_api_virtualenv.py
[2023-08-28T13:29:41.822+0000] {processor.py:826} INFO - Processing file /home/airflow/.local/lib/python3.7/site-packages/airflow/example_dags/tutorial_taskflow_api_virtualenv.py for tasks to queue
[2023-08-28T13:29:41.822+0000] {logging_mixin.py:149} INFO - [2023-08-28T13:29:41.822+0000] {dagbag.py:541} INFO - Filling up the DagBag from /home/airflow/.local/lib/python3.7/site-packages/airflow/example_dags/tutorial_taskflow_api_virtualenv.py
[2023-08-28T13:29:41.834+0000] {processor.py:836} INFO - DAG(s) dict_keys(['tutorial_taskflow_api_virtualenv']) retrieved from /home/airflow/.local/lib/python3.7/site-packages/airflow/example_dags/tutorial_taskflow_api_virtualenv.py
[2023-08-28T13:29:41.859+0000] {logging_mixin.py:149} INFO - [2023-08-28T13:29:41.859+0000] {dag.py:2726} INFO - Sync 1 DAGs
[2023-08-28T13:29:41.900+0000] {logging_mixin.py:149} INFO - [2023-08-28T13:29:41.900+0000] {dag.py:3490} INFO - Setting next_dagrun for tutorial_taskflow_api_virtualenv to None, run_after=None
[2023-08-28T13:29:41.917+0000] {processor.py:179} INFO - Processing /home/airflow/.local/lib/python3.7/site-packages/airflow/example_dags/tutorial_taskflow_api_virtualenv.py took 0.100 seconds
[2023-08-28T13:30:16.078+0000] {processor.py:157} INFO - Started process (PID=84389) to work on /home/airflow/.local/lib/python3.7/site-packages/airflow/example_dags/tutorial_taskflow_api_virtualenv.py
[2023-08-28T13:30:16.080+0000] {processor.py:826} INFO - Processing file /home/airflow/.local/lib/python3.7/site-packages/airflow/example_dags/tutorial_taskflow_api_virtualenv.py for tasks to queue
[2023-08-28T13:30:16.080+0000] {logging_mixin.py:149} INFO - [2023-08-28T13:30:16.080+0000] {dagbag.py:541} INFO - Filling up the DagBag from /home/airflow/.local/lib/python3.7/site-packages/airflow/example_dags/tutorial_taskflow_api_virtualenv.py
[2023-08-28T13:30:16.091+0000] {processor.py:836} INFO - DAG(s) dict_keys(['tutorial_taskflow_api_virtualenv']) retrieved from /home/airflow/.local/lib/python3.7/site-packages/airflow/example_dags/tutorial_taskflow_api_virtualenv.py
[2023-08-28T13:30:16.111+0000] {logging_mixin.py:149} INFO - [2023-08-28T13:30:16.111+0000] {dag.py:2726} INFO - Sync 1 DAGs
[2023-08-28T13:30:16.127+0000] {logging_mixin.py:149} INFO - [2023-08-28T13:30:16.127+0000] {dag.py:3490} INFO - Setting next_dagrun for tutorial_taskflow_api_virtualenv to None, run_after=None
[2023-08-28T13:30:16.138+0000] {processor.py:179} INFO - Processing /home/airflow/.local/lib/python3.7/site-packages/airflow/example_dags/tutorial_taskflow_api_virtualenv.py took 0.063 seconds
[2023-08-28T13:30:50.470+0000] {processor.py:157} INFO - Started process (PID=84455) to work on /home/airflow/.local/lib/python3.7/site-packages/airflow/example_dags/tutorial_taskflow_api_virtualenv.py
[2023-08-28T13:30:50.471+0000] {processor.py:826} INFO - Processing file /home/airflow/.local/lib/python3.7/site-packages/airflow/example_dags/tutorial_taskflow_api_virtualenv.py for tasks to queue
[2023-08-28T13:30:50.472+0000] {logging_mixin.py:149} INFO - [2023-08-28T13:30:50.472+0000] {dagbag.py:541} INFO - Filling up the DagBag from /home/airflow/.local/lib/python3.7/site-packages/airflow/example_dags/tutorial_taskflow_api_virtualenv.py
[2023-08-28T13:30:50.478+0000] {processor.py:836} INFO - DAG(s) dict_keys(['tutorial_taskflow_api_virtualenv']) retrieved from /home/airflow/.local/lib/python3.7/site-packages/airflow/example_dags/tutorial_taskflow_api_virtualenv.py
[2023-08-28T13:30:50.503+0000] {logging_mixin.py:149} INFO - [2023-08-28T13:30:50.502+0000] {dag.py:2726} INFO - Sync 1 DAGs
[2023-08-28T13:30:50.519+0000] {logging_mixin.py:149} INFO - [2023-08-28T13:30:50.519+0000] {dag.py:3490} INFO - Setting next_dagrun for tutorial_taskflow_api_virtualenv to None, run_after=None
[2023-08-28T13:30:50.532+0000] {processor.py:179} INFO - Processing /home/airflow/.local/lib/python3.7/site-packages/airflow/example_dags/tutorial_taskflow_api_virtualenv.py took 0.066 seconds
[2023-08-28T13:31:24.769+0000] {processor.py:157} INFO - Started process (PID=84521) to work on /home/airflow/.local/lib/python3.7/site-packages/airflow/example_dags/tutorial_taskflow_api_virtualenv.py
[2023-08-28T13:31:24.770+0000] {processor.py:826} INFO - Processing file /home/airflow/.local/lib/python3.7/site-packages/airflow/example_dags/tutorial_taskflow_api_virtualenv.py for tasks to queue
[2023-08-28T13:31:24.771+0000] {logging_mixin.py:149} INFO - [2023-08-28T13:31:24.771+0000] {dagbag.py:541} INFO - Filling up the DagBag from /home/airflow/.local/lib/python3.7/site-packages/airflow/example_dags/tutorial_taskflow_api_virtualenv.py
[2023-08-28T13:31:24.777+0000] {processor.py:836} INFO - DAG(s) dict_keys(['tutorial_taskflow_api_virtualenv']) retrieved from /home/airflow/.local/lib/python3.7/site-packages/airflow/example_dags/tutorial_taskflow_api_virtualenv.py
[2023-08-28T13:31:24.802+0000] {logging_mixin.py:149} INFO - [2023-08-28T13:31:24.802+0000] {dag.py:2726} INFO - Sync 1 DAGs
[2023-08-28T13:31:24.823+0000] {logging_mixin.py:149} INFO - [2023-08-28T13:31:24.823+0000] {dag.py:3490} INFO - Setting next_dagrun for tutorial_taskflow_api_virtualenv to None, run_after=None
[2023-08-28T13:31:24.834+0000] {processor.py:179} INFO - Processing /home/airflow/.local/lib/python3.7/site-packages/airflow/example_dags/tutorial_taskflow_api_virtualenv.py took 0.068 seconds
[2023-08-28T13:31:58.839+0000] {processor.py:157} INFO - Started process (PID=84588) to work on /home/airflow/.local/lib/python3.7/site-packages/airflow/example_dags/tutorial_taskflow_api_virtualenv.py
[2023-08-28T13:31:58.840+0000] {processor.py:826} INFO - Processing file /home/airflow/.local/lib/python3.7/site-packages/airflow/example_dags/tutorial_taskflow_api_virtualenv.py for tasks to queue
[2023-08-28T13:31:58.841+0000] {logging_mixin.py:149} INFO - [2023-08-28T13:31:58.841+0000] {dagbag.py:541} INFO - Filling up the DagBag from /home/airflow/.local/lib/python3.7/site-packages/airflow/example_dags/tutorial_taskflow_api_virtualenv.py
[2023-08-28T13:31:58.849+0000] {processor.py:836} INFO - DAG(s) dict_keys(['tutorial_taskflow_api_virtualenv']) retrieved from /home/airflow/.local/lib/python3.7/site-packages/airflow/example_dags/tutorial_taskflow_api_virtualenv.py
[2023-08-28T13:31:58.870+0000] {logging_mixin.py:149} INFO - [2023-08-28T13:31:58.870+0000] {dag.py:2726} INFO - Sync 1 DAGs
[2023-08-28T13:31:58.893+0000] {logging_mixin.py:149} INFO - [2023-08-28T13:31:58.893+0000] {dag.py:3490} INFO - Setting next_dagrun for tutorial_taskflow_api_virtualenv to None, run_after=None
[2023-08-28T13:31:58.905+0000] {processor.py:179} INFO - Processing /home/airflow/.local/lib/python3.7/site-packages/airflow/example_dags/tutorial_taskflow_api_virtualenv.py took 0.069 seconds
[2023-08-28T13:32:33.109+0000] {processor.py:157} INFO - Started process (PID=84654) to work on /home/airflow/.local/lib/python3.7/site-packages/airflow/example_dags/tutorial_taskflow_api_virtualenv.py
[2023-08-28T13:32:33.110+0000] {processor.py:826} INFO - Processing file /home/airflow/.local/lib/python3.7/site-packages/airflow/example_dags/tutorial_taskflow_api_virtualenv.py for tasks to queue
[2023-08-28T13:32:33.111+0000] {logging_mixin.py:149} INFO - [2023-08-28T13:32:33.111+0000] {dagbag.py:541} INFO - Filling up the DagBag from /home/airflow/.local/lib/python3.7/site-packages/airflow/example_dags/tutorial_taskflow_api_virtualenv.py
[2023-08-28T13:32:33.116+0000] {processor.py:836} INFO - DAG(s) dict_keys(['tutorial_taskflow_api_virtualenv']) retrieved from /home/airflow/.local/lib/python3.7/site-packages/airflow/example_dags/tutorial_taskflow_api_virtualenv.py
[2023-08-28T13:32:33.135+0000] {logging_mixin.py:149} INFO - [2023-08-28T13:32:33.135+0000] {dag.py:2726} INFO - Sync 1 DAGs
[2023-08-28T13:32:33.149+0000] {logging_mixin.py:149} INFO - [2023-08-28T13:32:33.149+0000] {dag.py:3490} INFO - Setting next_dagrun for tutorial_taskflow_api_virtualenv to None, run_after=None
[2023-08-28T13:32:33.162+0000] {processor.py:179} INFO - Processing /home/airflow/.local/lib/python3.7/site-packages/airflow/example_dags/tutorial_taskflow_api_virtualenv.py took 0.057 seconds
[2023-08-28T13:33:06.934+0000] {processor.py:157} INFO - Started process (PID=84720) to work on /home/airflow/.local/lib/python3.7/site-packages/airflow/example_dags/tutorial_taskflow_api_virtualenv.py
[2023-08-28T13:33:06.935+0000] {processor.py:826} INFO - Processing file /home/airflow/.local/lib/python3.7/site-packages/airflow/example_dags/tutorial_taskflow_api_virtualenv.py for tasks to queue
[2023-08-28T13:33:06.936+0000] {logging_mixin.py:149} INFO - [2023-08-28T13:33:06.936+0000] {dagbag.py:541} INFO - Filling up the DagBag from /home/airflow/.local/lib/python3.7/site-packages/airflow/example_dags/tutorial_taskflow_api_virtualenv.py
[2023-08-28T13:33:06.944+0000] {processor.py:836} INFO - DAG(s) dict_keys(['tutorial_taskflow_api_virtualenv']) retrieved from /home/airflow/.local/lib/python3.7/site-packages/airflow/example_dags/tutorial_taskflow_api_virtualenv.py
[2023-08-28T13:33:06.965+0000] {logging_mixin.py:149} INFO - [2023-08-28T13:33:06.964+0000] {dag.py:2726} INFO - Sync 1 DAGs
[2023-08-28T13:33:06.979+0000] {logging_mixin.py:149} INFO - [2023-08-28T13:33:06.979+0000] {dag.py:3490} INFO - Setting next_dagrun for tutorial_taskflow_api_virtualenv to None, run_after=None
[2023-08-28T13:33:06.990+0000] {processor.py:179} INFO - Processing /home/airflow/.local/lib/python3.7/site-packages/airflow/example_dags/tutorial_taskflow_api_virtualenv.py took 0.058 seconds
[2023-08-28T13:33:40.886+0000] {processor.py:157} INFO - Started process (PID=84786) to work on /home/airflow/.local/lib/python3.7/site-packages/airflow/example_dags/tutorial_taskflow_api_virtualenv.py
[2023-08-28T13:33:40.887+0000] {processor.py:826} INFO - Processing file /home/airflow/.local/lib/python3.7/site-packages/airflow/example_dags/tutorial_taskflow_api_virtualenv.py for tasks to queue
[2023-08-28T13:33:40.888+0000] {logging_mixin.py:149} INFO - [2023-08-28T13:33:40.888+0000] {dagbag.py:541} INFO - Filling up the DagBag from /home/airflow/.local/lib/python3.7/site-packages/airflow/example_dags/tutorial_taskflow_api_virtualenv.py
[2023-08-28T13:33:40.899+0000] {processor.py:836} INFO - DAG(s) dict_keys(['tutorial_taskflow_api_virtualenv']) retrieved from /home/airflow/.local/lib/python3.7/site-packages/airflow/example_dags/tutorial_taskflow_api_virtualenv.py
[2023-08-28T13:33:40.920+0000] {logging_mixin.py:149} INFO - [2023-08-28T13:33:40.920+0000] {dag.py:2726} INFO - Sync 1 DAGs
[2023-08-28T13:33:40.938+0000] {logging_mixin.py:149} INFO - [2023-08-28T13:33:40.938+0000] {dag.py:3490} INFO - Setting next_dagrun for tutorial_taskflow_api_virtualenv to None, run_after=None
[2023-08-28T13:33:40.953+0000] {processor.py:179} INFO - Processing /home/airflow/.local/lib/python3.7/site-packages/airflow/example_dags/tutorial_taskflow_api_virtualenv.py took 0.069 seconds
[2023-08-28T13:34:14.886+0000] {processor.py:157} INFO - Started process (PID=84853) to work on /home/airflow/.local/lib/python3.7/site-packages/airflow/example_dags/tutorial_taskflow_api_virtualenv.py
[2023-08-28T13:34:14.887+0000] {processor.py:826} INFO - Processing file /home/airflow/.local/lib/python3.7/site-packages/airflow/example_dags/tutorial_taskflow_api_virtualenv.py for tasks to queue
[2023-08-28T13:34:14.888+0000] {logging_mixin.py:149} INFO - [2023-08-28T13:34:14.888+0000] {dagbag.py:541} INFO - Filling up the DagBag from /home/airflow/.local/lib/python3.7/site-packages/airflow/example_dags/tutorial_taskflow_api_virtualenv.py
[2023-08-28T13:34:14.897+0000] {processor.py:836} INFO - DAG(s) dict_keys(['tutorial_taskflow_api_virtualenv']) retrieved from /home/airflow/.local/lib/python3.7/site-packages/airflow/example_dags/tutorial_taskflow_api_virtualenv.py
[2023-08-28T13:34:14.923+0000] {logging_mixin.py:149} INFO - [2023-08-28T13:34:14.923+0000] {dag.py:2726} INFO - Sync 1 DAGs
[2023-08-28T13:34:14.948+0000] {logging_mixin.py:149} INFO - [2023-08-28T13:34:14.948+0000] {dag.py:3490} INFO - Setting next_dagrun for tutorial_taskflow_api_virtualenv to None, run_after=None
[2023-08-28T13:34:14.966+0000] {processor.py:179} INFO - Processing /home/airflow/.local/lib/python3.7/site-packages/airflow/example_dags/tutorial_taskflow_api_virtualenv.py took 0.082 seconds
[2023-08-28T13:34:48.805+0000] {processor.py:157} INFO - Started process (PID=84926) to work on /home/airflow/.local/lib/python3.7/site-packages/airflow/example_dags/tutorial_taskflow_api_virtualenv.py
[2023-08-28T13:34:48.806+0000] {processor.py:826} INFO - Processing file /home/airflow/.local/lib/python3.7/site-packages/airflow/example_dags/tutorial_taskflow_api_virtualenv.py for tasks to queue
[2023-08-28T13:34:48.807+0000] {logging_mixin.py:149} INFO - [2023-08-28T13:34:48.807+0000] {dagbag.py:541} INFO - Filling up the DagBag from /home/airflow/.local/lib/python3.7/site-packages/airflow/example_dags/tutorial_taskflow_api_virtualenv.py
[2023-08-28T13:34:48.812+0000] {processor.py:836} INFO - DAG(s) dict_keys(['tutorial_taskflow_api_virtualenv']) retrieved from /home/airflow/.local/lib/python3.7/site-packages/airflow/example_dags/tutorial_taskflow_api_virtualenv.py
[2023-08-28T13:34:48.831+0000] {logging_mixin.py:149} INFO - [2023-08-28T13:34:48.831+0000] {dag.py:2726} INFO - Sync 1 DAGs
[2023-08-28T13:34:48.846+0000] {logging_mixin.py:149} INFO - [2023-08-28T13:34:48.846+0000] {dag.py:3490} INFO - Setting next_dagrun for tutorial_taskflow_api_virtualenv to None, run_after=None
[2023-08-28T13:34:48.857+0000] {processor.py:179} INFO - Processing /home/airflow/.local/lib/python3.7/site-packages/airflow/example_dags/tutorial_taskflow_api_virtualenv.py took 0.054 seconds
[2023-08-28T13:35:22.901+0000] {processor.py:157} INFO - Started process (PID=84992) to work on /home/airflow/.local/lib/python3.7/site-packages/airflow/example_dags/tutorial_taskflow_api_virtualenv.py
[2023-08-28T13:35:22.901+0000] {processor.py:826} INFO - Processing file /home/airflow/.local/lib/python3.7/site-packages/airflow/example_dags/tutorial_taskflow_api_virtualenv.py for tasks to queue
[2023-08-28T13:35:22.902+0000] {logging_mixin.py:149} INFO - [2023-08-28T13:35:22.902+0000] {dagbag.py:541} INFO - Filling up the DagBag from /home/airflow/.local/lib/python3.7/site-packages/airflow/example_dags/tutorial_taskflow_api_virtualenv.py
[2023-08-28T13:35:22.907+0000] {processor.py:836} INFO - DAG(s) dict_keys(['tutorial_taskflow_api_virtualenv']) retrieved from /home/airflow/.local/lib/python3.7/site-packages/airflow/example_dags/tutorial_taskflow_api_virtualenv.py
[2023-08-28T13:35:22.931+0000] {logging_mixin.py:149} INFO - [2023-08-28T13:35:22.930+0000] {dag.py:2726} INFO - Sync 1 DAGs
[2023-08-28T13:35:22.950+0000] {logging_mixin.py:149} INFO - [2023-08-28T13:35:22.950+0000] {dag.py:3490} INFO - Setting next_dagrun for tutorial_taskflow_api_virtualenv to None, run_after=None
[2023-08-28T13:35:22.961+0000] {processor.py:179} INFO - Processing /home/airflow/.local/lib/python3.7/site-packages/airflow/example_dags/tutorial_taskflow_api_virtualenv.py took 0.063 seconds
[2023-08-28T13:35:56.972+0000] {processor.py:157} INFO - Started process (PID=85058) to work on /home/airflow/.local/lib/python3.7/site-packages/airflow/example_dags/tutorial_taskflow_api_virtualenv.py
[2023-08-28T13:35:56.973+0000] {processor.py:826} INFO - Processing file /home/airflow/.local/lib/python3.7/site-packages/airflow/example_dags/tutorial_taskflow_api_virtualenv.py for tasks to queue
[2023-08-28T13:35:56.973+0000] {logging_mixin.py:149} INFO - [2023-08-28T13:35:56.973+0000] {dagbag.py:541} INFO - Filling up the DagBag from /home/airflow/.local/lib/python3.7/site-packages/airflow/example_dags/tutorial_taskflow_api_virtualenv.py
[2023-08-28T13:35:56.979+0000] {processor.py:836} INFO - DAG(s) dict_keys(['tutorial_taskflow_api_virtualenv']) retrieved from /home/airflow/.local/lib/python3.7/site-packages/airflow/example_dags/tutorial_taskflow_api_virtualenv.py
[2023-08-28T13:35:57.008+0000] {logging_mixin.py:149} INFO - [2023-08-28T13:35:57.008+0000] {dag.py:2726} INFO - Sync 1 DAGs
[2023-08-28T13:35:57.028+0000] {logging_mixin.py:149} INFO - [2023-08-28T13:35:57.028+0000] {dag.py:3490} INFO - Setting next_dagrun for tutorial_taskflow_api_virtualenv to None, run_after=None
[2023-08-28T13:35:57.039+0000] {processor.py:179} INFO - Processing /home/airflow/.local/lib/python3.7/site-packages/airflow/example_dags/tutorial_taskflow_api_virtualenv.py took 0.070 seconds
[2023-08-28T13:36:30.972+0000] {processor.py:157} INFO - Started process (PID=85125) to work on /home/airflow/.local/lib/python3.7/site-packages/airflow/example_dags/tutorial_taskflow_api_virtualenv.py
[2023-08-28T13:36:30.973+0000] {processor.py:826} INFO - Processing file /home/airflow/.local/lib/python3.7/site-packages/airflow/example_dags/tutorial_taskflow_api_virtualenv.py for tasks to queue
[2023-08-28T13:36:30.974+0000] {logging_mixin.py:149} INFO - [2023-08-28T13:36:30.974+0000] {dagbag.py:541} INFO - Filling up the DagBag from /home/airflow/.local/lib/python3.7/site-packages/airflow/example_dags/tutorial_taskflow_api_virtualenv.py
[2023-08-28T13:36:30.980+0000] {processor.py:836} INFO - DAG(s) dict_keys(['tutorial_taskflow_api_virtualenv']) retrieved from /home/airflow/.local/lib/python3.7/site-packages/airflow/example_dags/tutorial_taskflow_api_virtualenv.py
[2023-08-28T13:36:31.003+0000] {logging_mixin.py:149} INFO - [2023-08-28T13:36:31.003+0000] {dag.py:2726} INFO - Sync 1 DAGs
[2023-08-28T13:36:31.027+0000] {logging_mixin.py:149} INFO - [2023-08-28T13:36:31.027+0000] {dag.py:3490} INFO - Setting next_dagrun for tutorial_taskflow_api_virtualenv to None, run_after=None
[2023-08-28T13:36:31.038+0000] {processor.py:179} INFO - Processing /home/airflow/.local/lib/python3.7/site-packages/airflow/example_dags/tutorial_taskflow_api_virtualenv.py took 0.069 seconds
[2023-08-28T13:37:05.058+0000] {processor.py:157} INFO - Started process (PID=85191) to work on /home/airflow/.local/lib/python3.7/site-packages/airflow/example_dags/tutorial_taskflow_api_virtualenv.py
[2023-08-28T13:37:05.062+0000] {processor.py:826} INFO - Processing file /home/airflow/.local/lib/python3.7/site-packages/airflow/example_dags/tutorial_taskflow_api_virtualenv.py for tasks to queue
[2023-08-28T13:37:05.063+0000] {logging_mixin.py:149} INFO - [2023-08-28T13:37:05.063+0000] {dagbag.py:541} INFO - Filling up the DagBag from /home/airflow/.local/lib/python3.7/site-packages/airflow/example_dags/tutorial_taskflow_api_virtualenv.py
[2023-08-28T13:37:05.069+0000] {processor.py:836} INFO - DAG(s) dict_keys(['tutorial_taskflow_api_virtualenv']) retrieved from /home/airflow/.local/lib/python3.7/site-packages/airflow/example_dags/tutorial_taskflow_api_virtualenv.py
[2023-08-28T13:37:05.088+0000] {logging_mixin.py:149} INFO - [2023-08-28T13:37:05.088+0000] {dag.py:2726} INFO - Sync 1 DAGs
[2023-08-28T13:37:05.103+0000] {logging_mixin.py:149} INFO - [2023-08-28T13:37:05.103+0000] {dag.py:3490} INFO - Setting next_dagrun for tutorial_taskflow_api_virtualenv to None, run_after=None
[2023-08-28T13:37:05.113+0000] {processor.py:179} INFO - Processing /home/airflow/.local/lib/python3.7/site-packages/airflow/example_dags/tutorial_taskflow_api_virtualenv.py took 0.058 seconds
[2023-08-28T13:37:39.025+0000] {processor.py:157} INFO - Started process (PID=85256) to work on /home/airflow/.local/lib/python3.7/site-packages/airflow/example_dags/tutorial_taskflow_api_virtualenv.py
[2023-08-28T13:37:39.026+0000] {processor.py:826} INFO - Processing file /home/airflow/.local/lib/python3.7/site-packages/airflow/example_dags/tutorial_taskflow_api_virtualenv.py for tasks to queue
[2023-08-28T13:37:39.027+0000] {logging_mixin.py:149} INFO - [2023-08-28T13:37:39.027+0000] {dagbag.py:541} INFO - Filling up the DagBag from /home/airflow/.local/lib/python3.7/site-packages/airflow/example_dags/tutorial_taskflow_api_virtualenv.py
[2023-08-28T13:37:39.032+0000] {processor.py:836} INFO - DAG(s) dict_keys(['tutorial_taskflow_api_virtualenv']) retrieved from /home/airflow/.local/lib/python3.7/site-packages/airflow/example_dags/tutorial_taskflow_api_virtualenv.py
[2023-08-28T13:37:39.051+0000] {logging_mixin.py:149} INFO - [2023-08-28T13:37:39.051+0000] {dag.py:2726} INFO - Sync 1 DAGs
[2023-08-28T13:37:39.066+0000] {logging_mixin.py:149} INFO - [2023-08-28T13:37:39.066+0000] {dag.py:3490} INFO - Setting next_dagrun for tutorial_taskflow_api_virtualenv to None, run_after=None
[2023-08-28T13:37:39.077+0000] {processor.py:179} INFO - Processing /home/airflow/.local/lib/python3.7/site-packages/airflow/example_dags/tutorial_taskflow_api_virtualenv.py took 0.054 seconds
[2023-08-28T13:38:13.122+0000] {processor.py:157} INFO - Started process (PID=85322) to work on /home/airflow/.local/lib/python3.7/site-packages/airflow/example_dags/tutorial_taskflow_api_virtualenv.py
[2023-08-28T13:38:13.123+0000] {processor.py:826} INFO - Processing file /home/airflow/.local/lib/python3.7/site-packages/airflow/example_dags/tutorial_taskflow_api_virtualenv.py for tasks to queue
[2023-08-28T13:38:13.124+0000] {logging_mixin.py:149} INFO - [2023-08-28T13:38:13.124+0000] {dagbag.py:541} INFO - Filling up the DagBag from /home/airflow/.local/lib/python3.7/site-packages/airflow/example_dags/tutorial_taskflow_api_virtualenv.py
[2023-08-28T13:38:13.129+0000] {processor.py:836} INFO - DAG(s) dict_keys(['tutorial_taskflow_api_virtualenv']) retrieved from /home/airflow/.local/lib/python3.7/site-packages/airflow/example_dags/tutorial_taskflow_api_virtualenv.py
[2023-08-28T13:38:13.153+0000] {logging_mixin.py:149} INFO - [2023-08-28T13:38:13.153+0000] {dag.py:2726} INFO - Sync 1 DAGs
[2023-08-28T13:38:13.179+0000] {logging_mixin.py:149} INFO - [2023-08-28T13:38:13.179+0000] {dag.py:3490} INFO - Setting next_dagrun for tutorial_taskflow_api_virtualenv to None, run_after=None
[2023-08-28T13:38:13.191+0000] {processor.py:179} INFO - Processing /home/airflow/.local/lib/python3.7/site-packages/airflow/example_dags/tutorial_taskflow_api_virtualenv.py took 0.072 seconds
[2023-08-28T13:38:46.451+0000] {processor.py:157} INFO - Started process (PID=85394) to work on /home/airflow/.local/lib/python3.7/site-packages/airflow/example_dags/tutorial_taskflow_api_virtualenv.py
[2023-08-28T13:38:46.453+0000] {processor.py:826} INFO - Processing file /home/airflow/.local/lib/python3.7/site-packages/airflow/example_dags/tutorial_taskflow_api_virtualenv.py for tasks to queue
[2023-08-28T13:38:46.453+0000] {logging_mixin.py:149} INFO - [2023-08-28T13:38:46.453+0000] {dagbag.py:541} INFO - Filling up the DagBag from /home/airflow/.local/lib/python3.7/site-packages/airflow/example_dags/tutorial_taskflow_api_virtualenv.py
[2023-08-28T13:38:46.459+0000] {processor.py:836} INFO - DAG(s) dict_keys(['tutorial_taskflow_api_virtualenv']) retrieved from /home/airflow/.local/lib/python3.7/site-packages/airflow/example_dags/tutorial_taskflow_api_virtualenv.py
[2023-08-28T13:38:46.488+0000] {logging_mixin.py:149} INFO - [2023-08-28T13:38:46.488+0000] {dag.py:2726} INFO - Sync 1 DAGs
[2023-08-28T13:38:46.523+0000] {logging_mixin.py:149} INFO - [2023-08-28T13:38:46.523+0000] {dag.py:3490} INFO - Setting next_dagrun for tutorial_taskflow_api_virtualenv to None, run_after=None
[2023-08-28T13:38:46.542+0000] {processor.py:179} INFO - Processing /home/airflow/.local/lib/python3.7/site-packages/airflow/example_dags/tutorial_taskflow_api_virtualenv.py took 0.095 seconds
[2023-08-28T13:39:20.873+0000] {processor.py:157} INFO - Started process (PID=85460) to work on /home/airflow/.local/lib/python3.7/site-packages/airflow/example_dags/tutorial_taskflow_api_virtualenv.py
[2023-08-28T13:39:20.874+0000] {processor.py:826} INFO - Processing file /home/airflow/.local/lib/python3.7/site-packages/airflow/example_dags/tutorial_taskflow_api_virtualenv.py for tasks to queue
[2023-08-28T13:39:20.875+0000] {logging_mixin.py:149} INFO - [2023-08-28T13:39:20.875+0000] {dagbag.py:541} INFO - Filling up the DagBag from /home/airflow/.local/lib/python3.7/site-packages/airflow/example_dags/tutorial_taskflow_api_virtualenv.py
[2023-08-28T13:39:20.882+0000] {processor.py:836} INFO - DAG(s) dict_keys(['tutorial_taskflow_api_virtualenv']) retrieved from /home/airflow/.local/lib/python3.7/site-packages/airflow/example_dags/tutorial_taskflow_api_virtualenv.py
[2023-08-28T13:39:20.902+0000] {logging_mixin.py:149} INFO - [2023-08-28T13:39:20.901+0000] {dag.py:2726} INFO - Sync 1 DAGs
[2023-08-28T13:39:20.930+0000] {logging_mixin.py:149} INFO - [2023-08-28T13:39:20.930+0000] {dag.py:3490} INFO - Setting next_dagrun for tutorial_taskflow_api_virtualenv to None, run_after=None
[2023-08-28T13:39:20.945+0000] {processor.py:179} INFO - Processing /home/airflow/.local/lib/python3.7/site-packages/airflow/example_dags/tutorial_taskflow_api_virtualenv.py took 0.075 seconds
[2023-08-28T13:39:54.935+0000] {processor.py:157} INFO - Started process (PID=85527) to work on /home/airflow/.local/lib/python3.7/site-packages/airflow/example_dags/tutorial_taskflow_api_virtualenv.py
[2023-08-28T13:39:54.936+0000] {processor.py:826} INFO - Processing file /home/airflow/.local/lib/python3.7/site-packages/airflow/example_dags/tutorial_taskflow_api_virtualenv.py for tasks to queue
[2023-08-28T13:39:54.937+0000] {logging_mixin.py:149} INFO - [2023-08-28T13:39:54.937+0000] {dagbag.py:541} INFO - Filling up the DagBag from /home/airflow/.local/lib/python3.7/site-packages/airflow/example_dags/tutorial_taskflow_api_virtualenv.py
[2023-08-28T13:39:54.944+0000] {processor.py:836} INFO - DAG(s) dict_keys(['tutorial_taskflow_api_virtualenv']) retrieved from /home/airflow/.local/lib/python3.7/site-packages/airflow/example_dags/tutorial_taskflow_api_virtualenv.py
[2023-08-28T13:39:54.965+0000] {logging_mixin.py:149} INFO - [2023-08-28T13:39:54.964+0000] {dag.py:2726} INFO - Sync 1 DAGs
[2023-08-28T13:39:54.980+0000] {logging_mixin.py:149} INFO - [2023-08-28T13:39:54.980+0000] {dag.py:3490} INFO - Setting next_dagrun for tutorial_taskflow_api_virtualenv to None, run_after=None
[2023-08-28T13:39:54.991+0000] {processor.py:179} INFO - Processing /home/airflow/.local/lib/python3.7/site-packages/airflow/example_dags/tutorial_taskflow_api_virtualenv.py took 0.059 seconds
[2023-08-28T13:40:28.968+0000] {processor.py:157} INFO - Started process (PID=85594) to work on /home/airflow/.local/lib/python3.7/site-packages/airflow/example_dags/tutorial_taskflow_api_virtualenv.py
[2023-08-28T13:40:28.969+0000] {processor.py:826} INFO - Processing file /home/airflow/.local/lib/python3.7/site-packages/airflow/example_dags/tutorial_taskflow_api_virtualenv.py for tasks to queue
[2023-08-28T13:40:28.969+0000] {logging_mixin.py:149} INFO - [2023-08-28T13:40:28.969+0000] {dagbag.py:541} INFO - Filling up the DagBag from /home/airflow/.local/lib/python3.7/site-packages/airflow/example_dags/tutorial_taskflow_api_virtualenv.py
[2023-08-28T13:40:28.974+0000] {processor.py:836} INFO - DAG(s) dict_keys(['tutorial_taskflow_api_virtualenv']) retrieved from /home/airflow/.local/lib/python3.7/site-packages/airflow/example_dags/tutorial_taskflow_api_virtualenv.py
[2023-08-28T13:40:28.992+0000] {logging_mixin.py:149} INFO - [2023-08-28T13:40:28.992+0000] {dag.py:2726} INFO - Sync 1 DAGs
[2023-08-28T13:40:29.006+0000] {logging_mixin.py:149} INFO - [2023-08-28T13:40:29.006+0000] {dag.py:3490} INFO - Setting next_dagrun for tutorial_taskflow_api_virtualenv to None, run_after=None
[2023-08-28T13:40:29.016+0000] {processor.py:179} INFO - Processing /home/airflow/.local/lib/python3.7/site-packages/airflow/example_dags/tutorial_taskflow_api_virtualenv.py took 0.051 seconds
[2023-08-28T13:41:02.970+0000] {processor.py:157} INFO - Started process (PID=85660) to work on /home/airflow/.local/lib/python3.7/site-packages/airflow/example_dags/tutorial_taskflow_api_virtualenv.py
[2023-08-28T13:41:02.971+0000] {processor.py:826} INFO - Processing file /home/airflow/.local/lib/python3.7/site-packages/airflow/example_dags/tutorial_taskflow_api_virtualenv.py for tasks to queue
[2023-08-28T13:41:02.972+0000] {logging_mixin.py:149} INFO - [2023-08-28T13:41:02.972+0000] {dagbag.py:541} INFO - Filling up the DagBag from /home/airflow/.local/lib/python3.7/site-packages/airflow/example_dags/tutorial_taskflow_api_virtualenv.py
[2023-08-28T13:41:02.977+0000] {processor.py:836} INFO - DAG(s) dict_keys(['tutorial_taskflow_api_virtualenv']) retrieved from /home/airflow/.local/lib/python3.7/site-packages/airflow/example_dags/tutorial_taskflow_api_virtualenv.py
[2023-08-28T13:41:02.995+0000] {logging_mixin.py:149} INFO - [2023-08-28T13:41:02.995+0000] {dag.py:2726} INFO - Sync 1 DAGs
[2023-08-28T13:41:03.010+0000] {logging_mixin.py:149} INFO - [2023-08-28T13:41:03.010+0000] {dag.py:3490} INFO - Setting next_dagrun for tutorial_taskflow_api_virtualenv to None, run_after=None
[2023-08-28T13:41:03.022+0000] {processor.py:179} INFO - Processing /home/airflow/.local/lib/python3.7/site-packages/airflow/example_dags/tutorial_taskflow_api_virtualenv.py took 0.055 seconds
[2023-08-28T13:41:37.122+0000] {processor.py:157} INFO - Started process (PID=85727) to work on /home/airflow/.local/lib/python3.7/site-packages/airflow/example_dags/tutorial_taskflow_api_virtualenv.py
[2023-08-28T13:41:37.123+0000] {processor.py:826} INFO - Processing file /home/airflow/.local/lib/python3.7/site-packages/airflow/example_dags/tutorial_taskflow_api_virtualenv.py for tasks to queue
[2023-08-28T13:41:37.124+0000] {logging_mixin.py:149} INFO - [2023-08-28T13:41:37.124+0000] {dagbag.py:541} INFO - Filling up the DagBag from /home/airflow/.local/lib/python3.7/site-packages/airflow/example_dags/tutorial_taskflow_api_virtualenv.py
[2023-08-28T13:41:37.131+0000] {processor.py:836} INFO - DAG(s) dict_keys(['tutorial_taskflow_api_virtualenv']) retrieved from /home/airflow/.local/lib/python3.7/site-packages/airflow/example_dags/tutorial_taskflow_api_virtualenv.py
[2023-08-28T13:41:37.160+0000] {logging_mixin.py:149} INFO - [2023-08-28T13:41:37.160+0000] {dag.py:2726} INFO - Sync 1 DAGs
[2023-08-28T13:41:37.184+0000] {logging_mixin.py:149} INFO - [2023-08-28T13:41:37.184+0000] {dag.py:3490} INFO - Setting next_dagrun for tutorial_taskflow_api_virtualenv to None, run_after=None
[2023-08-28T13:41:37.197+0000] {processor.py:179} INFO - Processing /home/airflow/.local/lib/python3.7/site-packages/airflow/example_dags/tutorial_taskflow_api_virtualenv.py took 0.077 seconds
[2023-08-28T13:42:11.067+0000] {processor.py:157} INFO - Started process (PID=85793) to work on /home/airflow/.local/lib/python3.7/site-packages/airflow/example_dags/tutorial_taskflow_api_virtualenv.py
[2023-08-28T13:42:11.068+0000] {processor.py:826} INFO - Processing file /home/airflow/.local/lib/python3.7/site-packages/airflow/example_dags/tutorial_taskflow_api_virtualenv.py for tasks to queue
[2023-08-28T13:42:11.069+0000] {logging_mixin.py:149} INFO - [2023-08-28T13:42:11.069+0000] {dagbag.py:541} INFO - Filling up the DagBag from /home/airflow/.local/lib/python3.7/site-packages/airflow/example_dags/tutorial_taskflow_api_virtualenv.py
[2023-08-28T13:42:11.075+0000] {processor.py:836} INFO - DAG(s) dict_keys(['tutorial_taskflow_api_virtualenv']) retrieved from /home/airflow/.local/lib/python3.7/site-packages/airflow/example_dags/tutorial_taskflow_api_virtualenv.py
[2023-08-28T13:42:11.095+0000] {logging_mixin.py:149} INFO - [2023-08-28T13:42:11.095+0000] {dag.py:2726} INFO - Sync 1 DAGs
[2023-08-28T13:42:11.115+0000] {logging_mixin.py:149} INFO - [2023-08-28T13:42:11.115+0000] {dag.py:3490} INFO - Setting next_dagrun for tutorial_taskflow_api_virtualenv to None, run_after=None
[2023-08-28T13:42:11.128+0000] {processor.py:179} INFO - Processing /home/airflow/.local/lib/python3.7/site-packages/airflow/example_dags/tutorial_taskflow_api_virtualenv.py took 0.064 seconds
[2023-08-28T13:42:45.127+0000] {processor.py:157} INFO - Started process (PID=85859) to work on /home/airflow/.local/lib/python3.7/site-packages/airflow/example_dags/tutorial_taskflow_api_virtualenv.py
[2023-08-28T13:42:45.128+0000] {processor.py:826} INFO - Processing file /home/airflow/.local/lib/python3.7/site-packages/airflow/example_dags/tutorial_taskflow_api_virtualenv.py for tasks to queue
[2023-08-28T13:42:45.129+0000] {logging_mixin.py:149} INFO - [2023-08-28T13:42:45.129+0000] {dagbag.py:541} INFO - Filling up the DagBag from /home/airflow/.local/lib/python3.7/site-packages/airflow/example_dags/tutorial_taskflow_api_virtualenv.py
[2023-08-28T13:42:45.136+0000] {processor.py:836} INFO - DAG(s) dict_keys(['tutorial_taskflow_api_virtualenv']) retrieved from /home/airflow/.local/lib/python3.7/site-packages/airflow/example_dags/tutorial_taskflow_api_virtualenv.py
[2023-08-28T13:42:45.156+0000] {logging_mixin.py:149} INFO - [2023-08-28T13:42:45.156+0000] {dag.py:2726} INFO - Sync 1 DAGs
[2023-08-28T13:42:45.172+0000] {logging_mixin.py:149} INFO - [2023-08-28T13:42:45.171+0000] {dag.py:3490} INFO - Setting next_dagrun for tutorial_taskflow_api_virtualenv to None, run_after=None
[2023-08-28T13:42:45.185+0000] {processor.py:179} INFO - Processing /home/airflow/.local/lib/python3.7/site-packages/airflow/example_dags/tutorial_taskflow_api_virtualenv.py took 0.061 seconds
[2023-08-28T13:43:19.265+0000] {processor.py:157} INFO - Started process (PID=85932) to work on /home/airflow/.local/lib/python3.7/site-packages/airflow/example_dags/tutorial_taskflow_api_virtualenv.py
[2023-08-28T13:43:19.266+0000] {processor.py:826} INFO - Processing file /home/airflow/.local/lib/python3.7/site-packages/airflow/example_dags/tutorial_taskflow_api_virtualenv.py for tasks to queue
[2023-08-28T13:43:19.267+0000] {logging_mixin.py:149} INFO - [2023-08-28T13:43:19.267+0000] {dagbag.py:541} INFO - Filling up the DagBag from /home/airflow/.local/lib/python3.7/site-packages/airflow/example_dags/tutorial_taskflow_api_virtualenv.py
[2023-08-28T13:43:19.273+0000] {processor.py:836} INFO - DAG(s) dict_keys(['tutorial_taskflow_api_virtualenv']) retrieved from /home/airflow/.local/lib/python3.7/site-packages/airflow/example_dags/tutorial_taskflow_api_virtualenv.py
[2023-08-28T13:43:19.297+0000] {logging_mixin.py:149} INFO - [2023-08-28T13:43:19.297+0000] {dag.py:2726} INFO - Sync 1 DAGs
[2023-08-28T13:43:19.314+0000] {logging_mixin.py:149} INFO - [2023-08-28T13:43:19.314+0000] {dag.py:3490} INFO - Setting next_dagrun for tutorial_taskflow_api_virtualenv to None, run_after=None
[2023-08-28T13:43:19.325+0000] {processor.py:179} INFO - Processing /home/airflow/.local/lib/python3.7/site-packages/airflow/example_dags/tutorial_taskflow_api_virtualenv.py took 0.063 seconds
[2023-08-28T13:43:53.251+0000] {processor.py:157} INFO - Started process (PID=85998) to work on /home/airflow/.local/lib/python3.7/site-packages/airflow/example_dags/tutorial_taskflow_api_virtualenv.py
[2023-08-28T13:43:53.252+0000] {processor.py:826} INFO - Processing file /home/airflow/.local/lib/python3.7/site-packages/airflow/example_dags/tutorial_taskflow_api_virtualenv.py for tasks to queue
[2023-08-28T13:43:53.253+0000] {logging_mixin.py:149} INFO - [2023-08-28T13:43:53.253+0000] {dagbag.py:541} INFO - Filling up the DagBag from /home/airflow/.local/lib/python3.7/site-packages/airflow/example_dags/tutorial_taskflow_api_virtualenv.py
[2023-08-28T13:43:53.259+0000] {processor.py:836} INFO - DAG(s) dict_keys(['tutorial_taskflow_api_virtualenv']) retrieved from /home/airflow/.local/lib/python3.7/site-packages/airflow/example_dags/tutorial_taskflow_api_virtualenv.py
[2023-08-28T13:43:53.283+0000] {logging_mixin.py:149} INFO - [2023-08-28T13:43:53.283+0000] {dag.py:2726} INFO - Sync 1 DAGs
[2023-08-28T13:43:53.301+0000] {logging_mixin.py:149} INFO - [2023-08-28T13:43:53.301+0000] {dag.py:3490} INFO - Setting next_dagrun for tutorial_taskflow_api_virtualenv to None, run_after=None
[2023-08-28T13:43:53.316+0000] {processor.py:179} INFO - Processing /home/airflow/.local/lib/python3.7/site-packages/airflow/example_dags/tutorial_taskflow_api_virtualenv.py took 0.068 seconds
[2023-08-28T13:44:27.375+0000] {processor.py:157} INFO - Started process (PID=86065) to work on /home/airflow/.local/lib/python3.7/site-packages/airflow/example_dags/tutorial_taskflow_api_virtualenv.py
[2023-08-28T13:44:27.376+0000] {processor.py:826} INFO - Processing file /home/airflow/.local/lib/python3.7/site-packages/airflow/example_dags/tutorial_taskflow_api_virtualenv.py for tasks to queue
[2023-08-28T13:44:27.377+0000] {logging_mixin.py:149} INFO - [2023-08-28T13:44:27.377+0000] {dagbag.py:541} INFO - Filling up the DagBag from /home/airflow/.local/lib/python3.7/site-packages/airflow/example_dags/tutorial_taskflow_api_virtualenv.py
[2023-08-28T13:44:27.383+0000] {processor.py:836} INFO - DAG(s) dict_keys(['tutorial_taskflow_api_virtualenv']) retrieved from /home/airflow/.local/lib/python3.7/site-packages/airflow/example_dags/tutorial_taskflow_api_virtualenv.py
[2023-08-28T13:44:27.402+0000] {logging_mixin.py:149} INFO - [2023-08-28T13:44:27.402+0000] {dag.py:2726} INFO - Sync 1 DAGs
[2023-08-28T13:44:27.418+0000] {logging_mixin.py:149} INFO - [2023-08-28T13:44:27.418+0000] {dag.py:3490} INFO - Setting next_dagrun for tutorial_taskflow_api_virtualenv to None, run_after=None
[2023-08-28T13:44:27.429+0000] {processor.py:179} INFO - Processing /home/airflow/.local/lib/python3.7/site-packages/airflow/example_dags/tutorial_taskflow_api_virtualenv.py took 0.057 seconds
[2023-08-28T13:45:01.238+0000] {processor.py:157} INFO - Started process (PID=86131) to work on /home/airflow/.local/lib/python3.7/site-packages/airflow/example_dags/tutorial_taskflow_api_virtualenv.py
[2023-08-28T13:45:01.239+0000] {processor.py:826} INFO - Processing file /home/airflow/.local/lib/python3.7/site-packages/airflow/example_dags/tutorial_taskflow_api_virtualenv.py for tasks to queue
[2023-08-28T13:45:01.241+0000] {logging_mixin.py:149} INFO - [2023-08-28T13:45:01.240+0000] {dagbag.py:541} INFO - Filling up the DagBag from /home/airflow/.local/lib/python3.7/site-packages/airflow/example_dags/tutorial_taskflow_api_virtualenv.py
[2023-08-28T13:45:01.249+0000] {processor.py:836} INFO - DAG(s) dict_keys(['tutorial_taskflow_api_virtualenv']) retrieved from /home/airflow/.local/lib/python3.7/site-packages/airflow/example_dags/tutorial_taskflow_api_virtualenv.py
[2023-08-28T13:45:01.280+0000] {logging_mixin.py:149} INFO - [2023-08-28T13:45:01.280+0000] {dag.py:2726} INFO - Sync 1 DAGs
[2023-08-28T13:45:01.298+0000] {logging_mixin.py:149} INFO - [2023-08-28T13:45:01.298+0000] {dag.py:3490} INFO - Setting next_dagrun for tutorial_taskflow_api_virtualenv to None, run_after=None
[2023-08-28T13:45:01.310+0000] {processor.py:179} INFO - Processing /home/airflow/.local/lib/python3.7/site-packages/airflow/example_dags/tutorial_taskflow_api_virtualenv.py took 0.075 seconds
[2023-08-28T13:45:35.512+0000] {processor.py:157} INFO - Started process (PID=86197) to work on /home/airflow/.local/lib/python3.7/site-packages/airflow/example_dags/tutorial_taskflow_api_virtualenv.py
[2023-08-28T13:45:35.513+0000] {processor.py:826} INFO - Processing file /home/airflow/.local/lib/python3.7/site-packages/airflow/example_dags/tutorial_taskflow_api_virtualenv.py for tasks to queue
[2023-08-28T13:45:35.514+0000] {logging_mixin.py:149} INFO - [2023-08-28T13:45:35.514+0000] {dagbag.py:541} INFO - Filling up the DagBag from /home/airflow/.local/lib/python3.7/site-packages/airflow/example_dags/tutorial_taskflow_api_virtualenv.py
[2023-08-28T13:45:35.519+0000] {processor.py:836} INFO - DAG(s) dict_keys(['tutorial_taskflow_api_virtualenv']) retrieved from /home/airflow/.local/lib/python3.7/site-packages/airflow/example_dags/tutorial_taskflow_api_virtualenv.py
[2023-08-28T13:45:35.541+0000] {logging_mixin.py:149} INFO - [2023-08-28T13:45:35.541+0000] {dag.py:2726} INFO - Sync 1 DAGs
[2023-08-28T13:45:35.563+0000] {logging_mixin.py:149} INFO - [2023-08-28T13:45:35.563+0000] {dag.py:3490} INFO - Setting next_dagrun for tutorial_taskflow_api_virtualenv to None, run_after=None
[2023-08-28T13:45:35.579+0000] {processor.py:179} INFO - Processing /home/airflow/.local/lib/python3.7/site-packages/airflow/example_dags/tutorial_taskflow_api_virtualenv.py took 0.071 seconds
[2023-08-28T13:46:09.598+0000] {processor.py:157} INFO - Started process (PID=86263) to work on /home/airflow/.local/lib/python3.7/site-packages/airflow/example_dags/tutorial_taskflow_api_virtualenv.py
[2023-08-28T13:46:09.599+0000] {processor.py:826} INFO - Processing file /home/airflow/.local/lib/python3.7/site-packages/airflow/example_dags/tutorial_taskflow_api_virtualenv.py for tasks to queue
[2023-08-28T13:46:09.602+0000] {logging_mixin.py:149} INFO - [2023-08-28T13:46:09.600+0000] {dagbag.py:541} INFO - Filling up the DagBag from /home/airflow/.local/lib/python3.7/site-packages/airflow/example_dags/tutorial_taskflow_api_virtualenv.py
[2023-08-28T13:46:09.612+0000] {processor.py:836} INFO - DAG(s) dict_keys(['tutorial_taskflow_api_virtualenv']) retrieved from /home/airflow/.local/lib/python3.7/site-packages/airflow/example_dags/tutorial_taskflow_api_virtualenv.py
[2023-08-28T13:46:09.640+0000] {logging_mixin.py:149} INFO - [2023-08-28T13:46:09.640+0000] {dag.py:2726} INFO - Sync 1 DAGs
[2023-08-28T13:46:09.660+0000] {logging_mixin.py:149} INFO - [2023-08-28T13:46:09.660+0000] {dag.py:3490} INFO - Setting next_dagrun for tutorial_taskflow_api_virtualenv to None, run_after=None
[2023-08-28T13:46:09.671+0000] {processor.py:179} INFO - Processing /home/airflow/.local/lib/python3.7/site-packages/airflow/example_dags/tutorial_taskflow_api_virtualenv.py took 0.076 seconds
[2023-08-28T13:46:43.803+0000] {processor.py:157} INFO - Started process (PID=86328) to work on /home/airflow/.local/lib/python3.7/site-packages/airflow/example_dags/tutorial_taskflow_api_virtualenv.py
[2023-08-28T13:46:43.804+0000] {processor.py:826} INFO - Processing file /home/airflow/.local/lib/python3.7/site-packages/airflow/example_dags/tutorial_taskflow_api_virtualenv.py for tasks to queue
[2023-08-28T13:46:43.805+0000] {logging_mixin.py:149} INFO - [2023-08-28T13:46:43.805+0000] {dagbag.py:541} INFO - Filling up the DagBag from /home/airflow/.local/lib/python3.7/site-packages/airflow/example_dags/tutorial_taskflow_api_virtualenv.py
[2023-08-28T13:46:43.810+0000] {processor.py:836} INFO - DAG(s) dict_keys(['tutorial_taskflow_api_virtualenv']) retrieved from /home/airflow/.local/lib/python3.7/site-packages/airflow/example_dags/tutorial_taskflow_api_virtualenv.py
[2023-08-28T13:46:43.831+0000] {logging_mixin.py:149} INFO - [2023-08-28T13:46:43.830+0000] {dag.py:2726} INFO - Sync 1 DAGs
[2023-08-28T13:46:43.847+0000] {logging_mixin.py:149} INFO - [2023-08-28T13:46:43.847+0000] {dag.py:3490} INFO - Setting next_dagrun for tutorial_taskflow_api_virtualenv to None, run_after=None
[2023-08-28T13:46:43.859+0000] {processor.py:179} INFO - Processing /home/airflow/.local/lib/python3.7/site-packages/airflow/example_dags/tutorial_taskflow_api_virtualenv.py took 0.059 seconds
[2023-08-28T13:47:17.784+0000] {processor.py:157} INFO - Started process (PID=86402) to work on /home/airflow/.local/lib/python3.7/site-packages/airflow/example_dags/tutorial_taskflow_api_virtualenv.py
[2023-08-28T13:47:17.785+0000] {processor.py:826} INFO - Processing file /home/airflow/.local/lib/python3.7/site-packages/airflow/example_dags/tutorial_taskflow_api_virtualenv.py for tasks to queue
[2023-08-28T13:47:17.793+0000] {logging_mixin.py:149} INFO - [2023-08-28T13:47:17.786+0000] {dagbag.py:541} INFO - Filling up the DagBag from /home/airflow/.local/lib/python3.7/site-packages/airflow/example_dags/tutorial_taskflow_api_virtualenv.py
[2023-08-28T13:47:17.801+0000] {processor.py:836} INFO - DAG(s) dict_keys(['tutorial_taskflow_api_virtualenv']) retrieved from /home/airflow/.local/lib/python3.7/site-packages/airflow/example_dags/tutorial_taskflow_api_virtualenv.py
[2023-08-28T13:47:17.826+0000] {logging_mixin.py:149} INFO - [2023-08-28T13:47:17.826+0000] {dag.py:2726} INFO - Sync 1 DAGs
[2023-08-28T13:47:17.843+0000] {logging_mixin.py:149} INFO - [2023-08-28T13:47:17.843+0000] {dag.py:3490} INFO - Setting next_dagrun for tutorial_taskflow_api_virtualenv to None, run_after=None
[2023-08-28T13:47:17.854+0000] {processor.py:179} INFO - Processing /home/airflow/.local/lib/python3.7/site-packages/airflow/example_dags/tutorial_taskflow_api_virtualenv.py took 0.073 seconds
[2023-08-28T13:47:52.005+0000] {processor.py:157} INFO - Started process (PID=86468) to work on /home/airflow/.local/lib/python3.7/site-packages/airflow/example_dags/tutorial_taskflow_api_virtualenv.py
[2023-08-28T13:47:52.006+0000] {processor.py:826} INFO - Processing file /home/airflow/.local/lib/python3.7/site-packages/airflow/example_dags/tutorial_taskflow_api_virtualenv.py for tasks to queue
[2023-08-28T13:47:52.007+0000] {logging_mixin.py:149} INFO - [2023-08-28T13:47:52.006+0000] {dagbag.py:541} INFO - Filling up the DagBag from /home/airflow/.local/lib/python3.7/site-packages/airflow/example_dags/tutorial_taskflow_api_virtualenv.py
[2023-08-28T13:47:52.012+0000] {processor.py:836} INFO - DAG(s) dict_keys(['tutorial_taskflow_api_virtualenv']) retrieved from /home/airflow/.local/lib/python3.7/site-packages/airflow/example_dags/tutorial_taskflow_api_virtualenv.py
[2023-08-28T13:47:52.033+0000] {logging_mixin.py:149} INFO - [2023-08-28T13:47:52.033+0000] {dag.py:2726} INFO - Sync 1 DAGs
[2023-08-28T13:47:52.050+0000] {logging_mixin.py:149} INFO - [2023-08-28T13:47:52.050+0000] {dag.py:3490} INFO - Setting next_dagrun for tutorial_taskflow_api_virtualenv to None, run_after=None
[2023-08-28T13:47:52.062+0000] {processor.py:179} INFO - Processing /home/airflow/.local/lib/python3.7/site-packages/airflow/example_dags/tutorial_taskflow_api_virtualenv.py took 0.060 seconds
[2023-08-28T13:48:25.651+0000] {processor.py:157} INFO - Started process (PID=86534) to work on /home/airflow/.local/lib/python3.7/site-packages/airflow/example_dags/tutorial_taskflow_api_virtualenv.py
[2023-08-28T13:48:25.652+0000] {processor.py:826} INFO - Processing file /home/airflow/.local/lib/python3.7/site-packages/airflow/example_dags/tutorial_taskflow_api_virtualenv.py for tasks to queue
[2023-08-28T13:48:25.653+0000] {logging_mixin.py:149} INFO - [2023-08-28T13:48:25.653+0000] {dagbag.py:541} INFO - Filling up the DagBag from /home/airflow/.local/lib/python3.7/site-packages/airflow/example_dags/tutorial_taskflow_api_virtualenv.py
[2023-08-28T13:48:25.658+0000] {processor.py:836} INFO - DAG(s) dict_keys(['tutorial_taskflow_api_virtualenv']) retrieved from /home/airflow/.local/lib/python3.7/site-packages/airflow/example_dags/tutorial_taskflow_api_virtualenv.py
[2023-08-28T13:48:25.678+0000] {logging_mixin.py:149} INFO - [2023-08-28T13:48:25.678+0000] {dag.py:2726} INFO - Sync 1 DAGs
[2023-08-28T13:48:25.698+0000] {logging_mixin.py:149} INFO - [2023-08-28T13:48:25.698+0000] {dag.py:3490} INFO - Setting next_dagrun for tutorial_taskflow_api_virtualenv to None, run_after=None
[2023-08-28T13:48:25.708+0000] {processor.py:179} INFO - Processing /home/airflow/.local/lib/python3.7/site-packages/airflow/example_dags/tutorial_taskflow_api_virtualenv.py took 0.065 seconds
[2023-08-28T13:48:58.548+0000] {processor.py:157} INFO - Started process (PID=86600) to work on /home/airflow/.local/lib/python3.7/site-packages/airflow/example_dags/tutorial_taskflow_api_virtualenv.py
[2023-08-28T13:48:58.549+0000] {processor.py:826} INFO - Processing file /home/airflow/.local/lib/python3.7/site-packages/airflow/example_dags/tutorial_taskflow_api_virtualenv.py for tasks to queue
[2023-08-28T13:48:58.549+0000] {logging_mixin.py:149} INFO - [2023-08-28T13:48:58.549+0000] {dagbag.py:541} INFO - Filling up the DagBag from /home/airflow/.local/lib/python3.7/site-packages/airflow/example_dags/tutorial_taskflow_api_virtualenv.py
[2023-08-28T13:48:58.555+0000] {processor.py:836} INFO - DAG(s) dict_keys(['tutorial_taskflow_api_virtualenv']) retrieved from /home/airflow/.local/lib/python3.7/site-packages/airflow/example_dags/tutorial_taskflow_api_virtualenv.py
[2023-08-28T13:48:58.575+0000] {logging_mixin.py:149} INFO - [2023-08-28T13:48:58.575+0000] {dag.py:2726} INFO - Sync 1 DAGs
[2023-08-28T13:48:58.590+0000] {logging_mixin.py:149} INFO - [2023-08-28T13:48:58.590+0000] {dag.py:3490} INFO - Setting next_dagrun for tutorial_taskflow_api_virtualenv to None, run_after=None
[2023-08-28T13:48:58.601+0000] {processor.py:179} INFO - Processing /home/airflow/.local/lib/python3.7/site-packages/airflow/example_dags/tutorial_taskflow_api_virtualenv.py took 0.056 seconds
[2023-08-28T13:49:29.032+0000] {processor.py:157} INFO - Started process (PID=86658) to work on /home/airflow/.local/lib/python3.7/site-packages/airflow/example_dags/tutorial_taskflow_api_virtualenv.py
[2023-08-28T13:49:29.033+0000] {processor.py:826} INFO - Processing file /home/airflow/.local/lib/python3.7/site-packages/airflow/example_dags/tutorial_taskflow_api_virtualenv.py for tasks to queue
[2023-08-28T13:49:29.034+0000] {logging_mixin.py:149} INFO - [2023-08-28T13:49:29.034+0000] {dagbag.py:541} INFO - Filling up the DagBag from /home/airflow/.local/lib/python3.7/site-packages/airflow/example_dags/tutorial_taskflow_api_virtualenv.py
[2023-08-28T13:49:29.040+0000] {processor.py:836} INFO - DAG(s) dict_keys(['tutorial_taskflow_api_virtualenv']) retrieved from /home/airflow/.local/lib/python3.7/site-packages/airflow/example_dags/tutorial_taskflow_api_virtualenv.py
[2023-08-28T13:49:29.060+0000] {logging_mixin.py:149} INFO - [2023-08-28T13:49:29.060+0000] {dag.py:2726} INFO - Sync 1 DAGs
[2023-08-28T13:49:29.077+0000] {logging_mixin.py:149} INFO - [2023-08-28T13:49:29.077+0000] {dag.py:3490} INFO - Setting next_dagrun for tutorial_taskflow_api_virtualenv to None, run_after=None
[2023-08-28T13:49:29.089+0000] {processor.py:179} INFO - Processing /home/airflow/.local/lib/python3.7/site-packages/airflow/example_dags/tutorial_taskflow_api_virtualenv.py took 0.059 seconds
[2023-08-28T15:39:12.147+0000] {processor.py:157} INFO - Started process (PID=86725) to work on /home/airflow/.local/lib/python3.7/site-packages/airflow/example_dags/tutorial_taskflow_api_virtualenv.py
[2023-08-28T15:39:12.148+0000] {processor.py:826} INFO - Processing file /home/airflow/.local/lib/python3.7/site-packages/airflow/example_dags/tutorial_taskflow_api_virtualenv.py for tasks to queue
[2023-08-28T15:39:12.149+0000] {logging_mixin.py:149} INFO - [2023-08-28T15:39:12.149+0000] {dagbag.py:541} INFO - Filling up the DagBag from /home/airflow/.local/lib/python3.7/site-packages/airflow/example_dags/tutorial_taskflow_api_virtualenv.py
[2023-08-28T15:39:12.155+0000] {processor.py:836} INFO - DAG(s) dict_keys(['tutorial_taskflow_api_virtualenv']) retrieved from /home/airflow/.local/lib/python3.7/site-packages/airflow/example_dags/tutorial_taskflow_api_virtualenv.py
[2023-08-28T15:39:12.175+0000] {logging_mixin.py:149} INFO - [2023-08-28T15:39:12.175+0000] {dag.py:2726} INFO - Sync 1 DAGs
[2023-08-28T15:39:12.191+0000] {logging_mixin.py:149} INFO - [2023-08-28T15:39:12.191+0000] {dag.py:3490} INFO - Setting next_dagrun for tutorial_taskflow_api_virtualenv to None, run_after=None
[2023-08-28T15:39:12.209+0000] {processor.py:179} INFO - Processing /home/airflow/.local/lib/python3.7/site-packages/airflow/example_dags/tutorial_taskflow_api_virtualenv.py took 0.065 seconds
[2023-08-28T16:02:17.992+0000] {processor.py:157} INFO - Started process (PID=86765) to work on /home/airflow/.local/lib/python3.7/site-packages/airflow/example_dags/tutorial_taskflow_api_virtualenv.py
[2023-08-28T16:02:17.993+0000] {processor.py:826} INFO - Processing file /home/airflow/.local/lib/python3.7/site-packages/airflow/example_dags/tutorial_taskflow_api_virtualenv.py for tasks to queue
[2023-08-28T16:02:17.994+0000] {logging_mixin.py:149} INFO - [2023-08-28T16:02:17.994+0000] {dagbag.py:541} INFO - Filling up the DagBag from /home/airflow/.local/lib/python3.7/site-packages/airflow/example_dags/tutorial_taskflow_api_virtualenv.py
[2023-08-28T16:02:18.000+0000] {processor.py:836} INFO - DAG(s) dict_keys(['tutorial_taskflow_api_virtualenv']) retrieved from /home/airflow/.local/lib/python3.7/site-packages/airflow/example_dags/tutorial_taskflow_api_virtualenv.py
[2023-08-28T16:02:18.019+0000] {logging_mixin.py:149} INFO - [2023-08-28T16:02:18.019+0000] {dag.py:2726} INFO - Sync 1 DAGs
[2023-08-28T16:02:18.039+0000] {logging_mixin.py:149} INFO - [2023-08-28T16:02:18.039+0000] {dag.py:3490} INFO - Setting next_dagrun for tutorial_taskflow_api_virtualenv to None, run_after=None
[2023-08-28T16:02:18.051+0000] {processor.py:179} INFO - Processing /home/airflow/.local/lib/python3.7/site-packages/airflow/example_dags/tutorial_taskflow_api_virtualenv.py took 0.061 seconds
[2023-08-28T19:42:46.816+0000] {processor.py:157} INFO - Started process (PID=86831) to work on /home/airflow/.local/lib/python3.7/site-packages/airflow/example_dags/tutorial_taskflow_api_virtualenv.py
[2023-08-28T19:42:46.817+0000] {processor.py:826} INFO - Processing file /home/airflow/.local/lib/python3.7/site-packages/airflow/example_dags/tutorial_taskflow_api_virtualenv.py for tasks to queue
[2023-08-28T19:42:46.818+0000] {logging_mixin.py:149} INFO - [2023-08-28T19:42:46.818+0000] {dagbag.py:541} INFO - Filling up the DagBag from /home/airflow/.local/lib/python3.7/site-packages/airflow/example_dags/tutorial_taskflow_api_virtualenv.py
[2023-08-28T19:42:46.824+0000] {processor.py:836} INFO - DAG(s) dict_keys(['tutorial_taskflow_api_virtualenv']) retrieved from /home/airflow/.local/lib/python3.7/site-packages/airflow/example_dags/tutorial_taskflow_api_virtualenv.py
[2023-08-28T19:42:46.844+0000] {logging_mixin.py:149} INFO - [2023-08-28T19:42:46.844+0000] {dag.py:2726} INFO - Sync 1 DAGs
[2023-08-28T19:42:46.861+0000] {logging_mixin.py:149} INFO - [2023-08-28T19:42:46.861+0000] {dag.py:3490} INFO - Setting next_dagrun for tutorial_taskflow_api_virtualenv to None, run_after=None
[2023-08-28T19:42:46.873+0000] {processor.py:179} INFO - Processing /home/airflow/.local/lib/python3.7/site-packages/airflow/example_dags/tutorial_taskflow_api_virtualenv.py took 0.060 seconds
[2023-08-28T21:57:39.876+0000] {processor.py:157} INFO - Started process (PID=86897) to work on /home/airflow/.local/lib/python3.7/site-packages/airflow/example_dags/tutorial_taskflow_api_virtualenv.py
[2023-08-28T21:57:39.877+0000] {processor.py:826} INFO - Processing file /home/airflow/.local/lib/python3.7/site-packages/airflow/example_dags/tutorial_taskflow_api_virtualenv.py for tasks to queue
[2023-08-28T21:57:39.878+0000] {logging_mixin.py:149} INFO - [2023-08-28T21:57:39.878+0000] {dagbag.py:541} INFO - Filling up the DagBag from /home/airflow/.local/lib/python3.7/site-packages/airflow/example_dags/tutorial_taskflow_api_virtualenv.py
[2023-08-28T21:57:39.884+0000] {processor.py:836} INFO - DAG(s) dict_keys(['tutorial_taskflow_api_virtualenv']) retrieved from /home/airflow/.local/lib/python3.7/site-packages/airflow/example_dags/tutorial_taskflow_api_virtualenv.py
[2023-08-28T21:57:39.908+0000] {logging_mixin.py:149} INFO - [2023-08-28T21:57:39.907+0000] {dag.py:2726} INFO - Sync 1 DAGs
[2023-08-28T21:57:39.927+0000] {logging_mixin.py:149} INFO - [2023-08-28T21:57:39.926+0000] {dag.py:3490} INFO - Setting next_dagrun for tutorial_taskflow_api_virtualenv to None, run_after=None
[2023-08-28T21:57:39.943+0000] {processor.py:179} INFO - Processing /home/airflow/.local/lib/python3.7/site-packages/airflow/example_dags/tutorial_taskflow_api_virtualenv.py took 0.069 seconds
