[2023-08-13T05:57:16.512+0000] {processor.py:157} INFO - Started process (PID=68997) to work on /home/airflow/.local/lib/python3.7/site-packages/airflow/example_dags/example_time_delta_sensor_async.py
[2023-08-13T05:57:16.517+0000] {processor.py:826} INFO - Processing file /home/airflow/.local/lib/python3.7/site-packages/airflow/example_dags/example_time_delta_sensor_async.py for tasks to queue
[2023-08-13T05:57:16.521+0000] {logging_mixin.py:149} INFO - [2023-08-13T05:57:16.521+0000] {dagbag.py:541} INFO - Filling up the DagBag from /home/airflow/.local/lib/python3.7/site-packages/airflow/example_dags/example_time_delta_sensor_async.py
[2023-08-13T05:57:16.526+0000] {processor.py:836} INFO - DAG(s) dict_keys(['example_time_delta_sensor_async']) retrieved from /home/airflow/.local/lib/python3.7/site-packages/airflow/example_dags/example_time_delta_sensor_async.py
[2023-08-13T05:57:16.554+0000] {logging_mixin.py:149} INFO - [2023-08-13T05:57:16.554+0000] {dag.py:2726} INFO - Sync 1 DAGs
[2023-08-13T05:57:16.575+0000] {logging_mixin.py:149} INFO - [2023-08-13T05:57:16.575+0000] {dag.py:3490} INFO - Setting next_dagrun for example_time_delta_sensor_async to None, run_after=None
[2023-08-13T05:57:16.591+0000] {processor.py:179} INFO - Processing /home/airflow/.local/lib/python3.7/site-packages/airflow/example_dags/example_time_delta_sensor_async.py took 0.083 seconds
[2023-08-13T09:38:47.317+0000] {processor.py:157} INFO - Started process (PID=69063) to work on /home/airflow/.local/lib/python3.7/site-packages/airflow/example_dags/example_time_delta_sensor_async.py
[2023-08-13T09:38:47.319+0000] {processor.py:826} INFO - Processing file /home/airflow/.local/lib/python3.7/site-packages/airflow/example_dags/example_time_delta_sensor_async.py for tasks to queue
[2023-08-13T09:38:47.320+0000] {logging_mixin.py:149} INFO - [2023-08-13T09:38:47.319+0000] {dagbag.py:541} INFO - Filling up the DagBag from /home/airflow/.local/lib/python3.7/site-packages/airflow/example_dags/example_time_delta_sensor_async.py
[2023-08-13T09:38:47.324+0000] {processor.py:836} INFO - DAG(s) dict_keys(['example_time_delta_sensor_async']) retrieved from /home/airflow/.local/lib/python3.7/site-packages/airflow/example_dags/example_time_delta_sensor_async.py
[2023-08-13T09:38:47.345+0000] {logging_mixin.py:149} INFO - [2023-08-13T09:38:47.345+0000] {dag.py:2726} INFO - Sync 1 DAGs
[2023-08-13T09:38:47.362+0000] {logging_mixin.py:149} INFO - [2023-08-13T09:38:47.361+0000] {dag.py:3490} INFO - Setting next_dagrun for example_time_delta_sensor_async to None, run_after=None
[2023-08-13T09:38:47.373+0000] {processor.py:179} INFO - Processing /home/airflow/.local/lib/python3.7/site-packages/airflow/example_dags/example_time_delta_sensor_async.py took 0.059 seconds
[2023-08-13T10:35:55.852+0000] {processor.py:157} INFO - Started process (PID=69128) to work on /home/airflow/.local/lib/python3.7/site-packages/airflow/example_dags/example_time_delta_sensor_async.py
[2023-08-13T10:35:55.853+0000] {processor.py:826} INFO - Processing file /home/airflow/.local/lib/python3.7/site-packages/airflow/example_dags/example_time_delta_sensor_async.py for tasks to queue
[2023-08-13T10:35:55.854+0000] {logging_mixin.py:149} INFO - [2023-08-13T10:35:55.854+0000] {dagbag.py:541} INFO - Filling up the DagBag from /home/airflow/.local/lib/python3.7/site-packages/airflow/example_dags/example_time_delta_sensor_async.py
[2023-08-13T10:35:55.857+0000] {processor.py:836} INFO - DAG(s) dict_keys(['example_time_delta_sensor_async']) retrieved from /home/airflow/.local/lib/python3.7/site-packages/airflow/example_dags/example_time_delta_sensor_async.py
[2023-08-13T10:35:55.876+0000] {logging_mixin.py:149} INFO - [2023-08-13T10:35:55.876+0000] {dag.py:2726} INFO - Sync 1 DAGs
[2023-08-13T10:35:55.891+0000] {logging_mixin.py:149} INFO - [2023-08-13T10:35:55.891+0000] {dag.py:3490} INFO - Setting next_dagrun for example_time_delta_sensor_async to None, run_after=None
[2023-08-13T10:35:55.901+0000] {processor.py:179} INFO - Processing /home/airflow/.local/lib/python3.7/site-packages/airflow/example_dags/example_time_delta_sensor_async.py took 0.052 seconds
[2023-08-13T12:00:11.294+0000] {processor.py:157} INFO - Started process (PID=69194) to work on /home/airflow/.local/lib/python3.7/site-packages/airflow/example_dags/example_time_delta_sensor_async.py
[2023-08-13T12:00:11.295+0000] {processor.py:826} INFO - Processing file /home/airflow/.local/lib/python3.7/site-packages/airflow/example_dags/example_time_delta_sensor_async.py for tasks to queue
[2023-08-13T12:00:11.297+0000] {logging_mixin.py:149} INFO - [2023-08-13T12:00:11.296+0000] {dagbag.py:541} INFO - Filling up the DagBag from /home/airflow/.local/lib/python3.7/site-packages/airflow/example_dags/example_time_delta_sensor_async.py
[2023-08-13T12:00:11.300+0000] {processor.py:836} INFO - DAG(s) dict_keys(['example_time_delta_sensor_async']) retrieved from /home/airflow/.local/lib/python3.7/site-packages/airflow/example_dags/example_time_delta_sensor_async.py
[2023-08-13T12:00:11.331+0000] {logging_mixin.py:149} INFO - [2023-08-13T12:00:11.331+0000] {dag.py:2726} INFO - Sync 1 DAGs
[2023-08-13T12:00:11.347+0000] {logging_mixin.py:149} INFO - [2023-08-13T12:00:11.347+0000] {dag.py:3490} INFO - Setting next_dagrun for example_time_delta_sensor_async to None, run_after=None
[2023-08-13T12:00:11.359+0000] {processor.py:179} INFO - Processing /home/airflow/.local/lib/python3.7/site-packages/airflow/example_dags/example_time_delta_sensor_async.py took 0.068 seconds
[2023-08-13T14:10:27.513+0000] {processor.py:157} INFO - Started process (PID=69260) to work on /home/airflow/.local/lib/python3.7/site-packages/airflow/example_dags/example_time_delta_sensor_async.py
[2023-08-13T14:10:27.514+0000] {processor.py:826} INFO - Processing file /home/airflow/.local/lib/python3.7/site-packages/airflow/example_dags/example_time_delta_sensor_async.py for tasks to queue
[2023-08-13T14:10:27.521+0000] {logging_mixin.py:149} INFO - [2023-08-13T14:10:27.521+0000] {dagbag.py:541} INFO - Filling up the DagBag from /home/airflow/.local/lib/python3.7/site-packages/airflow/example_dags/example_time_delta_sensor_async.py
[2023-08-13T14:10:27.528+0000] {processor.py:836} INFO - DAG(s) dict_keys(['example_time_delta_sensor_async']) retrieved from /home/airflow/.local/lib/python3.7/site-packages/airflow/example_dags/example_time_delta_sensor_async.py
[2023-08-13T14:10:27.554+0000] {logging_mixin.py:149} INFO - [2023-08-13T14:10:27.554+0000] {dag.py:2726} INFO - Sync 1 DAGs
[2023-08-13T14:10:27.570+0000] {logging_mixin.py:149} INFO - [2023-08-13T14:10:27.570+0000] {dag.py:3490} INFO - Setting next_dagrun for example_time_delta_sensor_async to None, run_after=None
[2023-08-13T14:10:27.581+0000] {processor.py:179} INFO - Processing /home/airflow/.local/lib/python3.7/site-packages/airflow/example_dags/example_time_delta_sensor_async.py took 0.072 seconds
[2023-08-13T18:56:35.404+0000] {processor.py:157} INFO - Started process (PID=69325) to work on /home/airflow/.local/lib/python3.7/site-packages/airflow/example_dags/example_time_delta_sensor_async.py
[2023-08-13T18:56:35.406+0000] {processor.py:826} INFO - Processing file /home/airflow/.local/lib/python3.7/site-packages/airflow/example_dags/example_time_delta_sensor_async.py for tasks to queue
[2023-08-13T18:56:35.407+0000] {logging_mixin.py:149} INFO - [2023-08-13T18:56:35.406+0000] {dagbag.py:541} INFO - Filling up the DagBag from /home/airflow/.local/lib/python3.7/site-packages/airflow/example_dags/example_time_delta_sensor_async.py
[2023-08-13T18:56:35.410+0000] {processor.py:836} INFO - DAG(s) dict_keys(['example_time_delta_sensor_async']) retrieved from /home/airflow/.local/lib/python3.7/site-packages/airflow/example_dags/example_time_delta_sensor_async.py
[2023-08-13T18:56:35.431+0000] {logging_mixin.py:149} INFO - [2023-08-13T18:56:35.431+0000] {dag.py:2726} INFO - Sync 1 DAGs
[2023-08-13T18:56:35.449+0000] {logging_mixin.py:149} INFO - [2023-08-13T18:56:35.449+0000] {dag.py:3490} INFO - Setting next_dagrun for example_time_delta_sensor_async to None, run_after=None
[2023-08-13T18:56:35.461+0000] {processor.py:179} INFO - Processing /home/airflow/.local/lib/python3.7/site-packages/airflow/example_dags/example_time_delta_sensor_async.py took 0.060 seconds
[2023-08-13T22:23:20.813+0000] {processor.py:157} INFO - Started process (PID=69391) to work on /home/airflow/.local/lib/python3.7/site-packages/airflow/example_dags/example_time_delta_sensor_async.py
[2023-08-13T22:23:20.814+0000] {processor.py:826} INFO - Processing file /home/airflow/.local/lib/python3.7/site-packages/airflow/example_dags/example_time_delta_sensor_async.py for tasks to queue
[2023-08-13T22:23:20.815+0000] {logging_mixin.py:149} INFO - [2023-08-13T22:23:20.815+0000] {dagbag.py:541} INFO - Filling up the DagBag from /home/airflow/.local/lib/python3.7/site-packages/airflow/example_dags/example_time_delta_sensor_async.py
[2023-08-13T22:23:20.825+0000] {processor.py:836} INFO - DAG(s) dict_keys(['example_time_delta_sensor_async']) retrieved from /home/airflow/.local/lib/python3.7/site-packages/airflow/example_dags/example_time_delta_sensor_async.py
[2023-08-13T22:23:20.859+0000] {logging_mixin.py:149} INFO - [2023-08-13T22:23:20.859+0000] {dag.py:2726} INFO - Sync 1 DAGs
[2023-08-13T22:23:20.893+0000] {logging_mixin.py:149} INFO - [2023-08-13T22:23:20.893+0000] {dag.py:3490} INFO - Setting next_dagrun for example_time_delta_sensor_async to None, run_after=None
[2023-08-13T22:23:20.925+0000] {processor.py:179} INFO - Processing /home/airflow/.local/lib/python3.7/site-packages/airflow/example_dags/example_time_delta_sensor_async.py took 0.118 seconds
