[2023-08-13T05:57:17.391+0000] {processor.py:157} INFO - Started process (PID=69012) to work on /home/airflow/.local/lib/python3.7/site-packages/airflow/example_dags/example_xcom.py
[2023-08-13T05:57:17.393+0000] {processor.py:826} INFO - Processing file /home/airflow/.local/lib/python3.7/site-packages/airflow/example_dags/example_xcom.py for tasks to queue
[2023-08-13T05:57:17.395+0000] {logging_mixin.py:149} INFO - [2023-08-13T05:57:17.394+0000] {dagbag.py:541} INFO - Filling up the DagBag from /home/airflow/.local/lib/python3.7/site-packages/airflow/example_dags/example_xcom.py
[2023-08-13T05:57:17.402+0000] {processor.py:836} INFO - DAG(s) dict_keys(['example_xcom']) retrieved from /home/airflow/.local/lib/python3.7/site-packages/airflow/example_dags/example_xcom.py
[2023-08-13T05:57:17.424+0000] {logging_mixin.py:149} INFO - [2023-08-13T05:57:17.423+0000] {dag.py:2726} INFO - Sync 1 DAGs
[2023-08-13T05:57:17.450+0000] {logging_mixin.py:149} INFO - [2023-08-13T05:57:17.450+0000] {dag.py:3490} INFO - Setting next_dagrun for example_xcom to 2021-01-01T00:00:00+00:00, run_after=2021-01-01T00:00:00+00:00
[2023-08-13T05:57:17.465+0000] {processor.py:179} INFO - Processing /home/airflow/.local/lib/python3.7/site-packages/airflow/example_dags/example_xcom.py took 0.076 seconds
[2023-08-13T09:38:48.081+0000] {processor.py:157} INFO - Started process (PID=69078) to work on /home/airflow/.local/lib/python3.7/site-packages/airflow/example_dags/example_xcom.py
[2023-08-13T09:38:48.082+0000] {processor.py:826} INFO - Processing file /home/airflow/.local/lib/python3.7/site-packages/airflow/example_dags/example_xcom.py for tasks to queue
[2023-08-13T09:38:48.083+0000] {logging_mixin.py:149} INFO - [2023-08-13T09:38:48.083+0000] {dagbag.py:541} INFO - Filling up the DagBag from /home/airflow/.local/lib/python3.7/site-packages/airflow/example_dags/example_xcom.py
[2023-08-13T09:38:48.097+0000] {processor.py:836} INFO - DAG(s) dict_keys(['example_xcom']) retrieved from /home/airflow/.local/lib/python3.7/site-packages/airflow/example_dags/example_xcom.py
[2023-08-13T09:38:48.130+0000] {logging_mixin.py:149} INFO - [2023-08-13T09:38:48.130+0000] {dag.py:2726} INFO - Sync 1 DAGs
[2023-08-13T09:38:48.147+0000] {logging_mixin.py:149} INFO - [2023-08-13T09:38:48.146+0000] {dag.py:3490} INFO - Setting next_dagrun for example_xcom to 2021-01-01T00:00:00+00:00, run_after=2021-01-01T00:00:00+00:00
[2023-08-13T09:38:48.159+0000] {processor.py:179} INFO - Processing /home/airflow/.local/lib/python3.7/site-packages/airflow/example_dags/example_xcom.py took 0.085 seconds
[2023-08-13T10:35:56.627+0000] {processor.py:157} INFO - Started process (PID=69143) to work on /home/airflow/.local/lib/python3.7/site-packages/airflow/example_dags/example_xcom.py
[2023-08-13T10:35:56.628+0000] {processor.py:826} INFO - Processing file /home/airflow/.local/lib/python3.7/site-packages/airflow/example_dags/example_xcom.py for tasks to queue
[2023-08-13T10:35:56.629+0000] {logging_mixin.py:149} INFO - [2023-08-13T10:35:56.629+0000] {dagbag.py:541} INFO - Filling up the DagBag from /home/airflow/.local/lib/python3.7/site-packages/airflow/example_dags/example_xcom.py
[2023-08-13T10:35:56.635+0000] {processor.py:836} INFO - DAG(s) dict_keys(['example_xcom']) retrieved from /home/airflow/.local/lib/python3.7/site-packages/airflow/example_dags/example_xcom.py
[2023-08-13T10:35:56.656+0000] {logging_mixin.py:149} INFO - [2023-08-13T10:35:56.656+0000] {dag.py:2726} INFO - Sync 1 DAGs
[2023-08-13T10:35:56.674+0000] {logging_mixin.py:149} INFO - [2023-08-13T10:35:56.674+0000] {dag.py:3490} INFO - Setting next_dagrun for example_xcom to 2021-01-01T00:00:00+00:00, run_after=2021-01-01T00:00:00+00:00
[2023-08-13T10:35:56.686+0000] {processor.py:179} INFO - Processing /home/airflow/.local/lib/python3.7/site-packages/airflow/example_dags/example_xcom.py took 0.061 seconds
[2023-08-13T12:00:12.078+0000] {processor.py:157} INFO - Started process (PID=69209) to work on /home/airflow/.local/lib/python3.7/site-packages/airflow/example_dags/example_xcom.py
[2023-08-13T12:00:12.079+0000] {processor.py:826} INFO - Processing file /home/airflow/.local/lib/python3.7/site-packages/airflow/example_dags/example_xcom.py for tasks to queue
[2023-08-13T12:00:12.080+0000] {logging_mixin.py:149} INFO - [2023-08-13T12:00:12.080+0000] {dagbag.py:541} INFO - Filling up the DagBag from /home/airflow/.local/lib/python3.7/site-packages/airflow/example_dags/example_xcom.py
[2023-08-13T12:00:12.086+0000] {processor.py:836} INFO - DAG(s) dict_keys(['example_xcom']) retrieved from /home/airflow/.local/lib/python3.7/site-packages/airflow/example_dags/example_xcom.py
[2023-08-13T12:00:12.106+0000] {logging_mixin.py:149} INFO - [2023-08-13T12:00:12.106+0000] {dag.py:2726} INFO - Sync 1 DAGs
[2023-08-13T12:00:12.123+0000] {logging_mixin.py:149} INFO - [2023-08-13T12:00:12.123+0000] {dag.py:3490} INFO - Setting next_dagrun for example_xcom to 2021-01-01T00:00:00+00:00, run_after=2021-01-01T00:00:00+00:00
[2023-08-13T12:00:12.133+0000] {processor.py:179} INFO - Processing /home/airflow/.local/lib/python3.7/site-packages/airflow/example_dags/example_xcom.py took 0.058 seconds
[2023-08-13T14:10:28.277+0000] {processor.py:157} INFO - Started process (PID=69275) to work on /home/airflow/.local/lib/python3.7/site-packages/airflow/example_dags/example_xcom.py
[2023-08-13T14:10:28.280+0000] {processor.py:826} INFO - Processing file /home/airflow/.local/lib/python3.7/site-packages/airflow/example_dags/example_xcom.py for tasks to queue
[2023-08-13T14:10:28.282+0000] {logging_mixin.py:149} INFO - [2023-08-13T14:10:28.282+0000] {dagbag.py:541} INFO - Filling up the DagBag from /home/airflow/.local/lib/python3.7/site-packages/airflow/example_dags/example_xcom.py
[2023-08-13T14:10:28.288+0000] {processor.py:836} INFO - DAG(s) dict_keys(['example_xcom']) retrieved from /home/airflow/.local/lib/python3.7/site-packages/airflow/example_dags/example_xcom.py
[2023-08-13T14:10:28.319+0000] {logging_mixin.py:149} INFO - [2023-08-13T14:10:28.319+0000] {dag.py:2726} INFO - Sync 1 DAGs
[2023-08-13T14:10:28.336+0000] {logging_mixin.py:149} INFO - [2023-08-13T14:10:28.335+0000] {dag.py:3490} INFO - Setting next_dagrun for example_xcom to 2021-01-01T00:00:00+00:00, run_after=2021-01-01T00:00:00+00:00
[2023-08-13T14:10:28.346+0000] {processor.py:179} INFO - Processing /home/airflow/.local/lib/python3.7/site-packages/airflow/example_dags/example_xcom.py took 0.071 seconds
[2023-08-13T18:56:36.194+0000] {processor.py:157} INFO - Started process (PID=69340) to work on /home/airflow/.local/lib/python3.7/site-packages/airflow/example_dags/example_xcom.py
[2023-08-13T18:56:36.195+0000] {processor.py:826} INFO - Processing file /home/airflow/.local/lib/python3.7/site-packages/airflow/example_dags/example_xcom.py for tasks to queue
[2023-08-13T18:56:36.196+0000] {logging_mixin.py:149} INFO - [2023-08-13T18:56:36.196+0000] {dagbag.py:541} INFO - Filling up the DagBag from /home/airflow/.local/lib/python3.7/site-packages/airflow/example_dags/example_xcom.py
[2023-08-13T18:56:36.203+0000] {processor.py:836} INFO - DAG(s) dict_keys(['example_xcom']) retrieved from /home/airflow/.local/lib/python3.7/site-packages/airflow/example_dags/example_xcom.py
[2023-08-13T18:56:36.223+0000] {logging_mixin.py:149} INFO - [2023-08-13T18:56:36.223+0000] {dag.py:2726} INFO - Sync 1 DAGs
[2023-08-13T18:56:36.238+0000] {logging_mixin.py:149} INFO - [2023-08-13T18:56:36.238+0000] {dag.py:3490} INFO - Setting next_dagrun for example_xcom to 2021-01-01T00:00:00+00:00, run_after=2021-01-01T00:00:00+00:00
[2023-08-13T18:56:36.249+0000] {processor.py:179} INFO - Processing /home/airflow/.local/lib/python3.7/site-packages/airflow/example_dags/example_xcom.py took 0.059 seconds
[2023-08-13T22:23:22.047+0000] {processor.py:157} INFO - Started process (PID=69406) to work on /home/airflow/.local/lib/python3.7/site-packages/airflow/example_dags/example_xcom.py
[2023-08-13T22:23:22.048+0000] {processor.py:826} INFO - Processing file /home/airflow/.local/lib/python3.7/site-packages/airflow/example_dags/example_xcom.py for tasks to queue
[2023-08-13T22:23:22.049+0000] {logging_mixin.py:149} INFO - [2023-08-13T22:23:22.049+0000] {dagbag.py:541} INFO - Filling up the DagBag from /home/airflow/.local/lib/python3.7/site-packages/airflow/example_dags/example_xcom.py
[2023-08-13T22:23:22.057+0000] {processor.py:836} INFO - DAG(s) dict_keys(['example_xcom']) retrieved from /home/airflow/.local/lib/python3.7/site-packages/airflow/example_dags/example_xcom.py
[2023-08-13T22:23:22.092+0000] {logging_mixin.py:149} INFO - [2023-08-13T22:23:22.092+0000] {dag.py:2726} INFO - Sync 1 DAGs
[2023-08-13T22:23:22.128+0000] {logging_mixin.py:149} INFO - [2023-08-13T22:23:22.128+0000] {dag.py:3490} INFO - Setting next_dagrun for example_xcom to 2021-01-01T00:00:00+00:00, run_after=2021-01-01T00:00:00+00:00
[2023-08-13T22:23:22.156+0000] {processor.py:179} INFO - Processing /home/airflow/.local/lib/python3.7/site-packages/airflow/example_dags/example_xcom.py took 0.118 seconds
