[2023-08-13T05:57:16.929+0000] {processor.py:157} INFO - Started process (PID=69004) to work on /home/airflow/.local/lib/python3.7/site-packages/airflow/example_dags/example_nested_branch_dag.py
[2023-08-13T05:57:16.930+0000] {processor.py:826} INFO - Processing file /home/airflow/.local/lib/python3.7/site-packages/airflow/example_dags/example_nested_branch_dag.py for tasks to queue
[2023-08-13T05:57:16.931+0000] {logging_mixin.py:149} INFO - [2023-08-13T05:57:16.931+0000] {dagbag.py:541} INFO - Filling up the DagBag from /home/airflow/.local/lib/python3.7/site-packages/airflow/example_dags/example_nested_branch_dag.py
[2023-08-13T05:57:16.941+0000] {processor.py:836} INFO - DAG(s) dict_keys(['example_nested_branch_dag']) retrieved from /home/airflow/.local/lib/python3.7/site-packages/airflow/example_dags/example_nested_branch_dag.py
[2023-08-13T05:57:16.963+0000] {logging_mixin.py:149} INFO - [2023-08-13T05:57:16.962+0000] {dag.py:2726} INFO - Sync 1 DAGs
[2023-08-13T05:57:16.980+0000] {logging_mixin.py:149} INFO - [2023-08-13T05:57:16.980+0000] {dag.py:3490} INFO - Setting next_dagrun for example_nested_branch_dag to 2023-08-12T00:00:00+00:00, run_after=2023-08-13T00:00:00+00:00
[2023-08-13T05:57:16.991+0000] {processor.py:179} INFO - Processing /home/airflow/.local/lib/python3.7/site-packages/airflow/example_dags/example_nested_branch_dag.py took 0.067 seconds
[2023-08-13T09:38:47.671+0000] {processor.py:157} INFO - Started process (PID=69070) to work on /home/airflow/.local/lib/python3.7/site-packages/airflow/example_dags/example_nested_branch_dag.py
[2023-08-13T09:38:47.673+0000] {processor.py:826} INFO - Processing file /home/airflow/.local/lib/python3.7/site-packages/airflow/example_dags/example_nested_branch_dag.py for tasks to queue
[2023-08-13T09:38:47.673+0000] {logging_mixin.py:149} INFO - [2023-08-13T09:38:47.673+0000] {dagbag.py:541} INFO - Filling up the DagBag from /home/airflow/.local/lib/python3.7/site-packages/airflow/example_dags/example_nested_branch_dag.py
[2023-08-13T09:38:47.681+0000] {processor.py:836} INFO - DAG(s) dict_keys(['example_nested_branch_dag']) retrieved from /home/airflow/.local/lib/python3.7/site-packages/airflow/example_dags/example_nested_branch_dag.py
[2023-08-13T09:38:47.703+0000] {logging_mixin.py:149} INFO - [2023-08-13T09:38:47.703+0000] {dag.py:2726} INFO - Sync 1 DAGs
[2023-08-13T09:38:47.722+0000] {logging_mixin.py:149} INFO - [2023-08-13T09:38:47.722+0000] {dag.py:3490} INFO - Setting next_dagrun for example_nested_branch_dag to 2023-08-12T00:00:00+00:00, run_after=2023-08-13T00:00:00+00:00
[2023-08-13T09:38:47.733+0000] {processor.py:179} INFO - Processing /home/airflow/.local/lib/python3.7/site-packages/airflow/example_dags/example_nested_branch_dag.py took 0.065 seconds
[2023-08-13T10:35:56.202+0000] {processor.py:157} INFO - Started process (PID=69135) to work on /home/airflow/.local/lib/python3.7/site-packages/airflow/example_dags/example_nested_branch_dag.py
[2023-08-13T10:35:56.203+0000] {processor.py:826} INFO - Processing file /home/airflow/.local/lib/python3.7/site-packages/airflow/example_dags/example_nested_branch_dag.py for tasks to queue
[2023-08-13T10:35:56.204+0000] {logging_mixin.py:149} INFO - [2023-08-13T10:35:56.204+0000] {dagbag.py:541} INFO - Filling up the DagBag from /home/airflow/.local/lib/python3.7/site-packages/airflow/example_dags/example_nested_branch_dag.py
[2023-08-13T10:35:56.212+0000] {processor.py:836} INFO - DAG(s) dict_keys(['example_nested_branch_dag']) retrieved from /home/airflow/.local/lib/python3.7/site-packages/airflow/example_dags/example_nested_branch_dag.py
[2023-08-13T10:35:56.238+0000] {logging_mixin.py:149} INFO - [2023-08-13T10:35:56.238+0000] {dag.py:2726} INFO - Sync 1 DAGs
[2023-08-13T10:35:56.257+0000] {logging_mixin.py:149} INFO - [2023-08-13T10:35:56.257+0000] {dag.py:3490} INFO - Setting next_dagrun for example_nested_branch_dag to 2023-08-12T00:00:00+00:00, run_after=2023-08-13T00:00:00+00:00
[2023-08-13T10:35:56.274+0000] {processor.py:179} INFO - Processing /home/airflow/.local/lib/python3.7/site-packages/airflow/example_dags/example_nested_branch_dag.py took 0.076 seconds
[2023-08-13T12:00:11.663+0000] {processor.py:157} INFO - Started process (PID=69201) to work on /home/airflow/.local/lib/python3.7/site-packages/airflow/example_dags/example_nested_branch_dag.py
[2023-08-13T12:00:11.664+0000] {processor.py:826} INFO - Processing file /home/airflow/.local/lib/python3.7/site-packages/airflow/example_dags/example_nested_branch_dag.py for tasks to queue
[2023-08-13T12:00:11.665+0000] {logging_mixin.py:149} INFO - [2023-08-13T12:00:11.665+0000] {dagbag.py:541} INFO - Filling up the DagBag from /home/airflow/.local/lib/python3.7/site-packages/airflow/example_dags/example_nested_branch_dag.py
[2023-08-13T12:00:11.674+0000] {processor.py:836} INFO - DAG(s) dict_keys(['example_nested_branch_dag']) retrieved from /home/airflow/.local/lib/python3.7/site-packages/airflow/example_dags/example_nested_branch_dag.py
[2023-08-13T12:00:11.697+0000] {logging_mixin.py:149} INFO - [2023-08-13T12:00:11.697+0000] {dag.py:2726} INFO - Sync 1 DAGs
[2023-08-13T12:00:11.714+0000] {logging_mixin.py:149} INFO - [2023-08-13T12:00:11.714+0000] {dag.py:3490} INFO - Setting next_dagrun for example_nested_branch_dag to 2023-08-12T00:00:00+00:00, run_after=2023-08-13T00:00:00+00:00
[2023-08-13T12:00:11.727+0000] {processor.py:179} INFO - Processing /home/airflow/.local/lib/python3.7/site-packages/airflow/example_dags/example_nested_branch_dag.py took 0.067 seconds
[2023-08-13T14:10:27.883+0000] {processor.py:157} INFO - Started process (PID=69267) to work on /home/airflow/.local/lib/python3.7/site-packages/airflow/example_dags/example_nested_branch_dag.py
[2023-08-13T14:10:27.885+0000] {processor.py:826} INFO - Processing file /home/airflow/.local/lib/python3.7/site-packages/airflow/example_dags/example_nested_branch_dag.py for tasks to queue
[2023-08-13T14:10:27.886+0000] {logging_mixin.py:149} INFO - [2023-08-13T14:10:27.886+0000] {dagbag.py:541} INFO - Filling up the DagBag from /home/airflow/.local/lib/python3.7/site-packages/airflow/example_dags/example_nested_branch_dag.py
[2023-08-13T14:10:27.894+0000] {processor.py:836} INFO - DAG(s) dict_keys(['example_nested_branch_dag']) retrieved from /home/airflow/.local/lib/python3.7/site-packages/airflow/example_dags/example_nested_branch_dag.py
[2023-08-13T14:10:27.916+0000] {logging_mixin.py:149} INFO - [2023-08-13T14:10:27.916+0000] {dag.py:2726} INFO - Sync 1 DAGs
[2023-08-13T14:10:27.938+0000] {logging_mixin.py:149} INFO - [2023-08-13T14:10:27.938+0000] {dag.py:3490} INFO - Setting next_dagrun for example_nested_branch_dag to 2023-08-12T00:00:00+00:00, run_after=2023-08-13T00:00:00+00:00
[2023-08-13T14:10:27.950+0000] {processor.py:179} INFO - Processing /home/airflow/.local/lib/python3.7/site-packages/airflow/example_dags/example_nested_branch_dag.py took 0.069 seconds
[2023-08-13T18:56:35.812+0000] {processor.py:157} INFO - Started process (PID=69332) to work on /home/airflow/.local/lib/python3.7/site-packages/airflow/example_dags/example_nested_branch_dag.py
[2023-08-13T18:56:35.813+0000] {processor.py:826} INFO - Processing file /home/airflow/.local/lib/python3.7/site-packages/airflow/example_dags/example_nested_branch_dag.py for tasks to queue
[2023-08-13T18:56:35.814+0000] {logging_mixin.py:149} INFO - [2023-08-13T18:56:35.814+0000] {dagbag.py:541} INFO - Filling up the DagBag from /home/airflow/.local/lib/python3.7/site-packages/airflow/example_dags/example_nested_branch_dag.py
[2023-08-13T18:56:35.822+0000] {processor.py:836} INFO - DAG(s) dict_keys(['example_nested_branch_dag']) retrieved from /home/airflow/.local/lib/python3.7/site-packages/airflow/example_dags/example_nested_branch_dag.py
[2023-08-13T18:56:35.851+0000] {logging_mixin.py:149} INFO - [2023-08-13T18:56:35.851+0000] {dag.py:2726} INFO - Sync 1 DAGs
[2023-08-13T18:56:35.868+0000] {logging_mixin.py:149} INFO - [2023-08-13T18:56:35.868+0000] {dag.py:3490} INFO - Setting next_dagrun for example_nested_branch_dag to 2023-08-12T00:00:00+00:00, run_after=2023-08-13T00:00:00+00:00
[2023-08-13T18:56:35.881+0000] {processor.py:179} INFO - Processing /home/airflow/.local/lib/python3.7/site-packages/airflow/example_dags/example_nested_branch_dag.py took 0.072 seconds
[2023-08-13T22:23:21.431+0000] {processor.py:157} INFO - Started process (PID=69398) to work on /home/airflow/.local/lib/python3.7/site-packages/airflow/example_dags/example_nested_branch_dag.py
[2023-08-13T22:23:21.441+0000] {processor.py:826} INFO - Processing file /home/airflow/.local/lib/python3.7/site-packages/airflow/example_dags/example_nested_branch_dag.py for tasks to queue
[2023-08-13T22:23:21.442+0000] {logging_mixin.py:149} INFO - [2023-08-13T22:23:21.442+0000] {dagbag.py:541} INFO - Filling up the DagBag from /home/airflow/.local/lib/python3.7/site-packages/airflow/example_dags/example_nested_branch_dag.py
[2023-08-13T22:23:21.471+0000] {processor.py:836} INFO - DAG(s) dict_keys(['example_nested_branch_dag']) retrieved from /home/airflow/.local/lib/python3.7/site-packages/airflow/example_dags/example_nested_branch_dag.py
[2023-08-13T22:23:21.523+0000] {logging_mixin.py:149} INFO - [2023-08-13T22:23:21.523+0000] {dag.py:2726} INFO - Sync 1 DAGs
[2023-08-13T22:23:21.542+0000] {logging_mixin.py:149} INFO - [2023-08-13T22:23:21.542+0000] {dag.py:3490} INFO - Setting next_dagrun for example_nested_branch_dag to 2023-08-12T00:00:00+00:00, run_after=2023-08-13T00:00:00+00:00
[2023-08-13T22:23:21.553+0000] {processor.py:179} INFO - Processing /home/airflow/.local/lib/python3.7/site-packages/airflow/example_dags/example_nested_branch_dag.py took 0.134 seconds
