[2023-08-13T05:57:19.252+0000] {processor.py:157} INFO - Started process (PID=69034) to work on /home/airflow/.local/lib/python3.7/site-packages/airflow/example_dags/example_datasets.py
[2023-08-13T05:57:19.253+0000] {processor.py:826} INFO - Processing file /home/airflow/.local/lib/python3.7/site-packages/airflow/example_dags/example_datasets.py for tasks to queue
[2023-08-13T05:57:19.253+0000] {logging_mixin.py:149} INFO - [2023-08-13T05:57:19.253+0000] {dagbag.py:541} INFO - Filling up the DagBag from /home/airflow/.local/lib/python3.7/site-packages/airflow/example_dags/example_datasets.py
[2023-08-13T05:57:19.262+0000] {processor.py:836} INFO - DAG(s) dict_keys(['dataset_consumes_1_never_scheduled', 'dataset_consumes_unknown_never_scheduled', 'dataset_consumes_1_and_2', 'dataset_consumes_1', 'dataset_produces_2', 'dataset_produces_1']) retrieved from /home/airflow/.local/lib/python3.7/site-packages/airflow/example_dags/example_datasets.py
[2023-08-13T05:57:19.295+0000] {logging_mixin.py:149} INFO - [2023-08-13T05:57:19.295+0000] {dag.py:2726} INFO - Sync 6 DAGs
[2023-08-13T05:57:19.314+0000] {logging_mixin.py:149} INFO - [2023-08-13T05:57:19.314+0000] {dag.py:3490} INFO - Setting next_dagrun for dataset_consumes_1 to None, run_after=None
[2023-08-13T05:57:19.317+0000] {logging_mixin.py:149} INFO - [2023-08-13T05:57:19.317+0000] {dag.py:3490} INFO - Setting next_dagrun for dataset_consumes_1_and_2 to None, run_after=None
[2023-08-13T05:57:19.318+0000] {logging_mixin.py:149} INFO - [2023-08-13T05:57:19.318+0000] {dag.py:3490} INFO - Setting next_dagrun for dataset_consumes_1_never_scheduled to None, run_after=None
[2023-08-13T05:57:19.319+0000] {logging_mixin.py:149} INFO - [2023-08-13T05:57:19.319+0000] {dag.py:3490} INFO - Setting next_dagrun for dataset_consumes_unknown_never_scheduled to None, run_after=None
[2023-08-13T05:57:19.321+0000] {logging_mixin.py:149} INFO - [2023-08-13T05:57:19.321+0000] {dag.py:3490} INFO - Setting next_dagrun for dataset_produces_1 to 2023-08-12T00:00:00+00:00, run_after=2023-08-13T00:00:00+00:00
[2023-08-13T05:57:19.322+0000] {logging_mixin.py:149} INFO - [2023-08-13T05:57:19.322+0000] {dag.py:3490} INFO - Setting next_dagrun for dataset_produces_2 to None, run_after=None
[2023-08-13T05:57:19.339+0000] {processor.py:179} INFO - Processing /home/airflow/.local/lib/python3.7/site-packages/airflow/example_dags/example_datasets.py took 0.092 seconds
[2023-08-13T09:38:49.476+0000] {processor.py:157} INFO - Started process (PID=69100) to work on /home/airflow/.local/lib/python3.7/site-packages/airflow/example_dags/example_datasets.py
[2023-08-13T09:38:49.477+0000] {processor.py:826} INFO - Processing file /home/airflow/.local/lib/python3.7/site-packages/airflow/example_dags/example_datasets.py for tasks to queue
[2023-08-13T09:38:49.478+0000] {logging_mixin.py:149} INFO - [2023-08-13T09:38:49.478+0000] {dagbag.py:541} INFO - Filling up the DagBag from /home/airflow/.local/lib/python3.7/site-packages/airflow/example_dags/example_datasets.py
[2023-08-13T09:38:49.485+0000] {processor.py:836} INFO - DAG(s) dict_keys(['dataset_produces_2', 'dataset_consumes_1_never_scheduled', 'dataset_produces_1', 'dataset_consumes_1', 'dataset_consumes_unknown_never_scheduled', 'dataset_consumes_1_and_2']) retrieved from /home/airflow/.local/lib/python3.7/site-packages/airflow/example_dags/example_datasets.py
[2023-08-13T09:38:49.510+0000] {logging_mixin.py:149} INFO - [2023-08-13T09:38:49.510+0000] {dag.py:2726} INFO - Sync 6 DAGs
[2023-08-13T09:38:49.525+0000] {logging_mixin.py:149} INFO - [2023-08-13T09:38:49.525+0000] {dag.py:3490} INFO - Setting next_dagrun for dataset_consumes_1 to None, run_after=None
[2023-08-13T09:38:49.527+0000] {logging_mixin.py:149} INFO - [2023-08-13T09:38:49.527+0000] {dag.py:3490} INFO - Setting next_dagrun for dataset_consumes_1_and_2 to None, run_after=None
[2023-08-13T09:38:49.528+0000] {logging_mixin.py:149} INFO - [2023-08-13T09:38:49.528+0000] {dag.py:3490} INFO - Setting next_dagrun for dataset_consumes_1_never_scheduled to None, run_after=None
[2023-08-13T09:38:49.529+0000] {logging_mixin.py:149} INFO - [2023-08-13T09:38:49.529+0000] {dag.py:3490} INFO - Setting next_dagrun for dataset_consumes_unknown_never_scheduled to None, run_after=None
[2023-08-13T09:38:49.532+0000] {logging_mixin.py:149} INFO - [2023-08-13T09:38:49.532+0000] {dag.py:3490} INFO - Setting next_dagrun for dataset_produces_1 to 2023-08-12T00:00:00+00:00, run_after=2023-08-13T00:00:00+00:00
[2023-08-13T09:38:49.533+0000] {logging_mixin.py:149} INFO - [2023-08-13T09:38:49.533+0000] {dag.py:3490} INFO - Setting next_dagrun for dataset_produces_2 to None, run_after=None
[2023-08-13T09:38:49.553+0000] {processor.py:179} INFO - Processing /home/airflow/.local/lib/python3.7/site-packages/airflow/example_dags/example_datasets.py took 0.080 seconds
[2023-08-13T10:35:57.891+0000] {processor.py:157} INFO - Started process (PID=69165) to work on /home/airflow/.local/lib/python3.7/site-packages/airflow/example_dags/example_datasets.py
[2023-08-13T10:35:57.892+0000] {processor.py:826} INFO - Processing file /home/airflow/.local/lib/python3.7/site-packages/airflow/example_dags/example_datasets.py for tasks to queue
[2023-08-13T10:35:57.893+0000] {logging_mixin.py:149} INFO - [2023-08-13T10:35:57.893+0000] {dagbag.py:541} INFO - Filling up the DagBag from /home/airflow/.local/lib/python3.7/site-packages/airflow/example_dags/example_datasets.py
[2023-08-13T10:35:57.905+0000] {processor.py:836} INFO - DAG(s) dict_keys(['dataset_produces_1', 'dataset_produces_2', 'dataset_consumes_1', 'dataset_consumes_unknown_never_scheduled', 'dataset_consumes_1_and_2', 'dataset_consumes_1_never_scheduled']) retrieved from /home/airflow/.local/lib/python3.7/site-packages/airflow/example_dags/example_datasets.py
[2023-08-13T10:35:57.933+0000] {logging_mixin.py:149} INFO - [2023-08-13T10:35:57.933+0000] {dag.py:2726} INFO - Sync 6 DAGs
[2023-08-13T10:35:57.949+0000] {logging_mixin.py:149} INFO - [2023-08-13T10:35:57.949+0000] {dag.py:3490} INFO - Setting next_dagrun for dataset_consumes_1 to None, run_after=None
[2023-08-13T10:35:57.951+0000] {logging_mixin.py:149} INFO - [2023-08-13T10:35:57.951+0000] {dag.py:3490} INFO - Setting next_dagrun for dataset_consumes_1_and_2 to None, run_after=None
[2023-08-13T10:35:57.952+0000] {logging_mixin.py:149} INFO - [2023-08-13T10:35:57.952+0000] {dag.py:3490} INFO - Setting next_dagrun for dataset_consumes_1_never_scheduled to None, run_after=None
[2023-08-13T10:35:57.953+0000] {logging_mixin.py:149} INFO - [2023-08-13T10:35:57.953+0000] {dag.py:3490} INFO - Setting next_dagrun for dataset_consumes_unknown_never_scheduled to None, run_after=None
[2023-08-13T10:35:57.955+0000] {logging_mixin.py:149} INFO - [2023-08-13T10:35:57.955+0000] {dag.py:3490} INFO - Setting next_dagrun for dataset_produces_1 to 2023-08-12T00:00:00+00:00, run_after=2023-08-13T00:00:00+00:00
[2023-08-13T10:35:57.956+0000] {logging_mixin.py:149} INFO - [2023-08-13T10:35:57.956+0000] {dag.py:3490} INFO - Setting next_dagrun for dataset_produces_2 to None, run_after=None
[2023-08-13T10:35:57.983+0000] {processor.py:179} INFO - Processing /home/airflow/.local/lib/python3.7/site-packages/airflow/example_dags/example_datasets.py took 0.095 seconds
[2023-08-13T12:00:13.364+0000] {processor.py:157} INFO - Started process (PID=69231) to work on /home/airflow/.local/lib/python3.7/site-packages/airflow/example_dags/example_datasets.py
[2023-08-13T12:00:13.365+0000] {processor.py:826} INFO - Processing file /home/airflow/.local/lib/python3.7/site-packages/airflow/example_dags/example_datasets.py for tasks to queue
[2023-08-13T12:00:13.366+0000] {logging_mixin.py:149} INFO - [2023-08-13T12:00:13.366+0000] {dagbag.py:541} INFO - Filling up the DagBag from /home/airflow/.local/lib/python3.7/site-packages/airflow/example_dags/example_datasets.py
[2023-08-13T12:00:13.374+0000] {processor.py:836} INFO - DAG(s) dict_keys(['dataset_produces_2', 'dataset_consumes_1', 'dataset_consumes_1_and_2', 'dataset_consumes_unknown_never_scheduled', 'dataset_produces_1', 'dataset_consumes_1_never_scheduled']) retrieved from /home/airflow/.local/lib/python3.7/site-packages/airflow/example_dags/example_datasets.py
[2023-08-13T12:00:13.406+0000] {logging_mixin.py:149} INFO - [2023-08-13T12:00:13.406+0000] {dag.py:2726} INFO - Sync 6 DAGs
[2023-08-13T12:00:13.423+0000] {logging_mixin.py:149} INFO - [2023-08-13T12:00:13.423+0000] {dag.py:3490} INFO - Setting next_dagrun for dataset_consumes_1 to None, run_after=None
[2023-08-13T12:00:13.425+0000] {logging_mixin.py:149} INFO - [2023-08-13T12:00:13.425+0000] {dag.py:3490} INFO - Setting next_dagrun for dataset_consumes_1_and_2 to None, run_after=None
[2023-08-13T12:00:13.427+0000] {logging_mixin.py:149} INFO - [2023-08-13T12:00:13.426+0000] {dag.py:3490} INFO - Setting next_dagrun for dataset_consumes_1_never_scheduled to None, run_after=None
[2023-08-13T12:00:13.427+0000] {logging_mixin.py:149} INFO - [2023-08-13T12:00:13.427+0000] {dag.py:3490} INFO - Setting next_dagrun for dataset_consumes_unknown_never_scheduled to None, run_after=None
[2023-08-13T12:00:13.429+0000] {logging_mixin.py:149} INFO - [2023-08-13T12:00:13.429+0000] {dag.py:3490} INFO - Setting next_dagrun for dataset_produces_1 to 2023-08-12T00:00:00+00:00, run_after=2023-08-13T00:00:00+00:00
[2023-08-13T12:00:13.431+0000] {logging_mixin.py:149} INFO - [2023-08-13T12:00:13.430+0000] {dag.py:3490} INFO - Setting next_dagrun for dataset_produces_2 to None, run_after=None
[2023-08-13T12:00:13.448+0000] {processor.py:179} INFO - Processing /home/airflow/.local/lib/python3.7/site-packages/airflow/example_dags/example_datasets.py took 0.087 seconds
[2023-08-13T14:10:29.617+0000] {processor.py:157} INFO - Started process (PID=69297) to work on /home/airflow/.local/lib/python3.7/site-packages/airflow/example_dags/example_datasets.py
[2023-08-13T14:10:29.618+0000] {processor.py:826} INFO - Processing file /home/airflow/.local/lib/python3.7/site-packages/airflow/example_dags/example_datasets.py for tasks to queue
[2023-08-13T14:10:29.619+0000] {logging_mixin.py:149} INFO - [2023-08-13T14:10:29.619+0000] {dagbag.py:541} INFO - Filling up the DagBag from /home/airflow/.local/lib/python3.7/site-packages/airflow/example_dags/example_datasets.py
[2023-08-13T14:10:29.626+0000] {processor.py:836} INFO - DAG(s) dict_keys(['dataset_consumes_1_never_scheduled', 'dataset_consumes_unknown_never_scheduled', 'dataset_consumes_1', 'dataset_produces_1', 'dataset_consumes_1_and_2', 'dataset_produces_2']) retrieved from /home/airflow/.local/lib/python3.7/site-packages/airflow/example_dags/example_datasets.py
[2023-08-13T14:10:29.670+0000] {logging_mixin.py:149} INFO - [2023-08-13T14:10:29.669+0000] {dag.py:2726} INFO - Sync 6 DAGs
[2023-08-13T14:10:29.687+0000] {logging_mixin.py:149} INFO - [2023-08-13T14:10:29.687+0000] {dag.py:3490} INFO - Setting next_dagrun for dataset_consumes_1 to None, run_after=None
[2023-08-13T14:10:29.690+0000] {logging_mixin.py:149} INFO - [2023-08-13T14:10:29.690+0000] {dag.py:3490} INFO - Setting next_dagrun for dataset_consumes_1_and_2 to None, run_after=None
[2023-08-13T14:10:29.691+0000] {logging_mixin.py:149} INFO - [2023-08-13T14:10:29.691+0000] {dag.py:3490} INFO - Setting next_dagrun for dataset_consumes_1_never_scheduled to None, run_after=None
[2023-08-13T14:10:29.692+0000] {logging_mixin.py:149} INFO - [2023-08-13T14:10:29.692+0000] {dag.py:3490} INFO - Setting next_dagrun for dataset_consumes_unknown_never_scheduled to None, run_after=None
[2023-08-13T14:10:29.694+0000] {logging_mixin.py:149} INFO - [2023-08-13T14:10:29.694+0000] {dag.py:3490} INFO - Setting next_dagrun for dataset_produces_1 to 2023-08-12T00:00:00+00:00, run_after=2023-08-13T00:00:00+00:00
[2023-08-13T14:10:29.694+0000] {logging_mixin.py:149} INFO - [2023-08-13T14:10:29.694+0000] {dag.py:3490} INFO - Setting next_dagrun for dataset_produces_2 to None, run_after=None
[2023-08-13T14:10:29.711+0000] {processor.py:179} INFO - Processing /home/airflow/.local/lib/python3.7/site-packages/airflow/example_dags/example_datasets.py took 0.096 seconds
[2023-08-13T18:56:37.536+0000] {processor.py:157} INFO - Started process (PID=69362) to work on /home/airflow/.local/lib/python3.7/site-packages/airflow/example_dags/example_datasets.py
[2023-08-13T18:56:37.538+0000] {processor.py:826} INFO - Processing file /home/airflow/.local/lib/python3.7/site-packages/airflow/example_dags/example_datasets.py for tasks to queue
[2023-08-13T18:56:37.539+0000] {logging_mixin.py:149} INFO - [2023-08-13T18:56:37.539+0000] {dagbag.py:541} INFO - Filling up the DagBag from /home/airflow/.local/lib/python3.7/site-packages/airflow/example_dags/example_datasets.py
[2023-08-13T18:56:37.549+0000] {processor.py:836} INFO - DAG(s) dict_keys(['dataset_consumes_1', 'dataset_produces_2', 'dataset_consumes_1_and_2', 'dataset_consumes_1_never_scheduled', 'dataset_produces_1', 'dataset_consumes_unknown_never_scheduled']) retrieved from /home/airflow/.local/lib/python3.7/site-packages/airflow/example_dags/example_datasets.py
[2023-08-13T18:56:37.577+0000] {logging_mixin.py:149} INFO - [2023-08-13T18:56:37.577+0000] {dag.py:2726} INFO - Sync 6 DAGs
[2023-08-13T18:56:37.595+0000] {logging_mixin.py:149} INFO - [2023-08-13T18:56:37.594+0000] {dag.py:3490} INFO - Setting next_dagrun for dataset_consumes_1 to None, run_after=None
[2023-08-13T18:56:37.597+0000] {logging_mixin.py:149} INFO - [2023-08-13T18:56:37.597+0000] {dag.py:3490} INFO - Setting next_dagrun for dataset_consumes_1_and_2 to None, run_after=None
[2023-08-13T18:56:37.598+0000] {logging_mixin.py:149} INFO - [2023-08-13T18:56:37.598+0000] {dag.py:3490} INFO - Setting next_dagrun for dataset_consumes_1_never_scheduled to None, run_after=None
[2023-08-13T18:56:37.599+0000] {logging_mixin.py:149} INFO - [2023-08-13T18:56:37.599+0000] {dag.py:3490} INFO - Setting next_dagrun for dataset_consumes_unknown_never_scheduled to None, run_after=None
[2023-08-13T18:56:37.602+0000] {logging_mixin.py:149} INFO - [2023-08-13T18:56:37.602+0000] {dag.py:3490} INFO - Setting next_dagrun for dataset_produces_1 to 2023-08-12T00:00:00+00:00, run_after=2023-08-13T00:00:00+00:00
[2023-08-13T18:56:37.603+0000] {logging_mixin.py:149} INFO - [2023-08-13T18:56:37.603+0000] {dag.py:3490} INFO - Setting next_dagrun for dataset_produces_2 to None, run_after=None
[2023-08-13T18:56:37.620+0000] {processor.py:179} INFO - Processing /home/airflow/.local/lib/python3.7/site-packages/airflow/example_dags/example_datasets.py took 0.090 seconds
[2023-08-13T22:23:23.401+0000] {processor.py:157} INFO - Started process (PID=69428) to work on /home/airflow/.local/lib/python3.7/site-packages/airflow/example_dags/example_datasets.py
[2023-08-13T22:23:23.404+0000] {processor.py:826} INFO - Processing file /home/airflow/.local/lib/python3.7/site-packages/airflow/example_dags/example_datasets.py for tasks to queue
[2023-08-13T22:23:23.405+0000] {logging_mixin.py:149} INFO - [2023-08-13T22:23:23.405+0000] {dagbag.py:541} INFO - Filling up the DagBag from /home/airflow/.local/lib/python3.7/site-packages/airflow/example_dags/example_datasets.py
[2023-08-13T22:23:23.412+0000] {processor.py:836} INFO - DAG(s) dict_keys(['dataset_consumes_1', 'dataset_produces_2', 'dataset_consumes_1_never_scheduled', 'dataset_produces_1', 'dataset_consumes_1_and_2', 'dataset_consumes_unknown_never_scheduled']) retrieved from /home/airflow/.local/lib/python3.7/site-packages/airflow/example_dags/example_datasets.py
[2023-08-13T22:23:23.449+0000] {logging_mixin.py:149} INFO - [2023-08-13T22:23:23.449+0000] {dag.py:2726} INFO - Sync 6 DAGs
[2023-08-13T22:23:23.468+0000] {logging_mixin.py:149} INFO - [2023-08-13T22:23:23.468+0000] {dag.py:3490} INFO - Setting next_dagrun for dataset_consumes_1 to None, run_after=None
[2023-08-13T22:23:23.471+0000] {logging_mixin.py:149} INFO - [2023-08-13T22:23:23.471+0000] {dag.py:3490} INFO - Setting next_dagrun for dataset_consumes_1_and_2 to None, run_after=None
[2023-08-13T22:23:23.472+0000] {logging_mixin.py:149} INFO - [2023-08-13T22:23:23.472+0000] {dag.py:3490} INFO - Setting next_dagrun for dataset_consumes_1_never_scheduled to None, run_after=None
[2023-08-13T22:23:23.473+0000] {logging_mixin.py:149} INFO - [2023-08-13T22:23:23.473+0000] {dag.py:3490} INFO - Setting next_dagrun for dataset_consumes_unknown_never_scheduled to None, run_after=None
[2023-08-13T22:23:23.475+0000] {logging_mixin.py:149} INFO - [2023-08-13T22:23:23.475+0000] {dag.py:3490} INFO - Setting next_dagrun for dataset_produces_1 to 2023-08-12T00:00:00+00:00, run_after=2023-08-13T00:00:00+00:00
[2023-08-13T22:23:23.477+0000] {logging_mixin.py:149} INFO - [2023-08-13T22:23:23.477+0000] {dag.py:3490} INFO - Setting next_dagrun for dataset_produces_2 to None, run_after=None
[2023-08-13T22:23:23.503+0000] {processor.py:179} INFO - Processing /home/airflow/.local/lib/python3.7/site-packages/airflow/example_dags/example_datasets.py took 0.104 seconds
