[2023-08-13T05:57:16.830+0000] {processor.py:157} INFO - Started process (PID=69002) to work on /home/airflow/.local/lib/python3.7/site-packages/airflow/example_dags/example_branch_python_dop_operator_3.py
[2023-08-13T05:57:16.831+0000] {processor.py:826} INFO - Processing file /home/airflow/.local/lib/python3.7/site-packages/airflow/example_dags/example_branch_python_dop_operator_3.py for tasks to queue
[2023-08-13T05:57:16.832+0000] {logging_mixin.py:149} INFO - [2023-08-13T05:57:16.832+0000] {dagbag.py:541} INFO - Filling up the DagBag from /home/airflow/.local/lib/python3.7/site-packages/airflow/example_dags/example_branch_python_dop_operator_3.py
[2023-08-13T05:57:16.838+0000] {processor.py:836} INFO - DAG(s) dict_keys(['example_branch_dop_operator_v3']) retrieved from /home/airflow/.local/lib/python3.7/site-packages/airflow/example_dags/example_branch_python_dop_operator_3.py
[2023-08-13T05:57:16.868+0000] {logging_mixin.py:149} INFO - [2023-08-13T05:57:16.868+0000] {dag.py:2726} INFO - Sync 1 DAGs
[2023-08-13T05:57:16.887+0000] {logging_mixin.py:149} INFO - [2023-08-13T05:57:16.887+0000] {dag.py:3490} INFO - Setting next_dagrun for example_branch_dop_operator_v3 to 2023-08-13T05:56:00+00:00, run_after=2023-08-13T05:57:00+00:00
[2023-08-13T05:57:16.898+0000] {processor.py:179} INFO - Processing /home/airflow/.local/lib/python3.7/site-packages/airflow/example_dags/example_branch_python_dop_operator_3.py took 0.074 seconds
[2023-08-13T09:38:47.580+0000] {processor.py:157} INFO - Started process (PID=69068) to work on /home/airflow/.local/lib/python3.7/site-packages/airflow/example_dags/example_branch_python_dop_operator_3.py
[2023-08-13T09:38:47.582+0000] {processor.py:826} INFO - Processing file /home/airflow/.local/lib/python3.7/site-packages/airflow/example_dags/example_branch_python_dop_operator_3.py for tasks to queue
[2023-08-13T09:38:47.583+0000] {logging_mixin.py:149} INFO - [2023-08-13T09:38:47.582+0000] {dagbag.py:541} INFO - Filling up the DagBag from /home/airflow/.local/lib/python3.7/site-packages/airflow/example_dags/example_branch_python_dop_operator_3.py
[2023-08-13T09:38:47.590+0000] {processor.py:836} INFO - DAG(s) dict_keys(['example_branch_dop_operator_v3']) retrieved from /home/airflow/.local/lib/python3.7/site-packages/airflow/example_dags/example_branch_python_dop_operator_3.py
[2023-08-13T09:38:47.618+0000] {logging_mixin.py:149} INFO - [2023-08-13T09:38:47.618+0000] {dag.py:2726} INFO - Sync 1 DAGs
[2023-08-13T09:38:47.637+0000] {logging_mixin.py:149} INFO - [2023-08-13T09:38:47.637+0000] {dag.py:3490} INFO - Setting next_dagrun for example_branch_dop_operator_v3 to 2023-08-13T09:37:00+00:00, run_after=2023-08-13T09:38:00+00:00
[2023-08-13T09:38:47.649+0000] {processor.py:179} INFO - Processing /home/airflow/.local/lib/python3.7/site-packages/airflow/example_dags/example_branch_python_dop_operator_3.py took 0.071 seconds
[2023-08-13T10:35:56.100+0000] {processor.py:157} INFO - Started process (PID=69133) to work on /home/airflow/.local/lib/python3.7/site-packages/airflow/example_dags/example_branch_python_dop_operator_3.py
[2023-08-13T10:35:56.106+0000] {processor.py:826} INFO - Processing file /home/airflow/.local/lib/python3.7/site-packages/airflow/example_dags/example_branch_python_dop_operator_3.py for tasks to queue
[2023-08-13T10:35:56.107+0000] {logging_mixin.py:149} INFO - [2023-08-13T10:35:56.107+0000] {dagbag.py:541} INFO - Filling up the DagBag from /home/airflow/.local/lib/python3.7/site-packages/airflow/example_dags/example_branch_python_dop_operator_3.py
[2023-08-13T10:35:56.114+0000] {processor.py:836} INFO - DAG(s) dict_keys(['example_branch_dop_operator_v3']) retrieved from /home/airflow/.local/lib/python3.7/site-packages/airflow/example_dags/example_branch_python_dop_operator_3.py
[2023-08-13T10:35:56.141+0000] {logging_mixin.py:149} INFO - [2023-08-13T10:35:56.141+0000] {dag.py:2726} INFO - Sync 1 DAGs
[2023-08-13T10:35:56.161+0000] {logging_mixin.py:149} INFO - [2023-08-13T10:35:56.161+0000] {dag.py:3490} INFO - Setting next_dagrun for example_branch_dop_operator_v3 to 2023-08-13T10:34:00+00:00, run_after=2023-08-13T10:35:00+00:00
[2023-08-13T10:35:56.174+0000] {processor.py:179} INFO - Processing /home/airflow/.local/lib/python3.7/site-packages/airflow/example_dags/example_branch_python_dop_operator_3.py took 0.077 seconds
[2023-08-13T12:00:11.492+0000] {processor.py:157} INFO - Started process (PID=69199) to work on /home/airflow/.local/lib/python3.7/site-packages/airflow/example_dags/example_branch_python_dop_operator_3.py
[2023-08-13T12:00:11.493+0000] {processor.py:826} INFO - Processing file /home/airflow/.local/lib/python3.7/site-packages/airflow/example_dags/example_branch_python_dop_operator_3.py for tasks to queue
[2023-08-13T12:00:11.494+0000] {logging_mixin.py:149} INFO - [2023-08-13T12:00:11.494+0000] {dagbag.py:541} INFO - Filling up the DagBag from /home/airflow/.local/lib/python3.7/site-packages/airflow/example_dags/example_branch_python_dop_operator_3.py
[2023-08-13T12:00:11.500+0000] {processor.py:836} INFO - DAG(s) dict_keys(['example_branch_dop_operator_v3']) retrieved from /home/airflow/.local/lib/python3.7/site-packages/airflow/example_dags/example_branch_python_dop_operator_3.py
[2023-08-13T12:00:11.521+0000] {logging_mixin.py:149} INFO - [2023-08-13T12:00:11.521+0000] {dag.py:2726} INFO - Sync 1 DAGs
[2023-08-13T12:00:11.540+0000] {logging_mixin.py:149} INFO - [2023-08-13T12:00:11.540+0000] {dag.py:3490} INFO - Setting next_dagrun for example_branch_dop_operator_v3 to 2023-08-13T11:59:00+00:00, run_after=2023-08-13T12:00:00+00:00
[2023-08-13T12:00:11.551+0000] {processor.py:179} INFO - Processing /home/airflow/.local/lib/python3.7/site-packages/airflow/example_dags/example_branch_python_dop_operator_3.py took 0.062 seconds
[2023-08-13T14:10:27.794+0000] {processor.py:157} INFO - Started process (PID=69265) to work on /home/airflow/.local/lib/python3.7/site-packages/airflow/example_dags/example_branch_python_dop_operator_3.py
[2023-08-13T14:10:27.795+0000] {processor.py:826} INFO - Processing file /home/airflow/.local/lib/python3.7/site-packages/airflow/example_dags/example_branch_python_dop_operator_3.py for tasks to queue
[2023-08-13T14:10:27.796+0000] {logging_mixin.py:149} INFO - [2023-08-13T14:10:27.796+0000] {dagbag.py:541} INFO - Filling up the DagBag from /home/airflow/.local/lib/python3.7/site-packages/airflow/example_dags/example_branch_python_dop_operator_3.py
[2023-08-13T14:10:27.801+0000] {processor.py:836} INFO - DAG(s) dict_keys(['example_branch_dop_operator_v3']) retrieved from /home/airflow/.local/lib/python3.7/site-packages/airflow/example_dags/example_branch_python_dop_operator_3.py
[2023-08-13T14:10:27.823+0000] {logging_mixin.py:149} INFO - [2023-08-13T14:10:27.823+0000] {dag.py:2726} INFO - Sync 1 DAGs
[2023-08-13T14:10:27.844+0000] {logging_mixin.py:149} INFO - [2023-08-13T14:10:27.844+0000] {dag.py:3490} INFO - Setting next_dagrun for example_branch_dop_operator_v3 to 2023-08-13T14:09:00+00:00, run_after=2023-08-13T14:10:00+00:00
[2023-08-13T14:10:27.855+0000] {processor.py:179} INFO - Processing /home/airflow/.local/lib/python3.7/site-packages/airflow/example_dags/example_branch_python_dop_operator_3.py took 0.064 seconds
[2023-08-13T18:56:35.633+0000] {processor.py:157} INFO - Started process (PID=69330) to work on /home/airflow/.local/lib/python3.7/site-packages/airflow/example_dags/example_branch_python_dop_operator_3.py
[2023-08-13T18:56:35.634+0000] {processor.py:826} INFO - Processing file /home/airflow/.local/lib/python3.7/site-packages/airflow/example_dags/example_branch_python_dop_operator_3.py for tasks to queue
[2023-08-13T18:56:35.635+0000] {logging_mixin.py:149} INFO - [2023-08-13T18:56:35.635+0000] {dagbag.py:541} INFO - Filling up the DagBag from /home/airflow/.local/lib/python3.7/site-packages/airflow/example_dags/example_branch_python_dop_operator_3.py
[2023-08-13T18:56:35.641+0000] {processor.py:836} INFO - DAG(s) dict_keys(['example_branch_dop_operator_v3']) retrieved from /home/airflow/.local/lib/python3.7/site-packages/airflow/example_dags/example_branch_python_dop_operator_3.py
[2023-08-13T18:56:35.663+0000] {logging_mixin.py:149} INFO - [2023-08-13T18:56:35.663+0000] {dag.py:2726} INFO - Sync 1 DAGs
[2023-08-13T18:56:35.681+0000] {logging_mixin.py:149} INFO - [2023-08-13T18:56:35.681+0000] {dag.py:3490} INFO - Setting next_dagrun for example_branch_dop_operator_v3 to 2023-08-13T18:55:00+00:00, run_after=2023-08-13T18:56:00+00:00
[2023-08-13T18:56:35.696+0000] {processor.py:179} INFO - Processing /home/airflow/.local/lib/python3.7/site-packages/airflow/example_dags/example_branch_python_dop_operator_3.py took 0.066 seconds
[2023-08-13T22:23:21.276+0000] {processor.py:157} INFO - Started process (PID=69396) to work on /home/airflow/.local/lib/python3.7/site-packages/airflow/example_dags/example_branch_python_dop_operator_3.py
[2023-08-13T22:23:21.278+0000] {processor.py:826} INFO - Processing file /home/airflow/.local/lib/python3.7/site-packages/airflow/example_dags/example_branch_python_dop_operator_3.py for tasks to queue
[2023-08-13T22:23:21.279+0000] {logging_mixin.py:149} INFO - [2023-08-13T22:23:21.279+0000] {dagbag.py:541} INFO - Filling up the DagBag from /home/airflow/.local/lib/python3.7/site-packages/airflow/example_dags/example_branch_python_dop_operator_3.py
[2023-08-13T22:23:21.293+0000] {processor.py:836} INFO - DAG(s) dict_keys(['example_branch_dop_operator_v3']) retrieved from /home/airflow/.local/lib/python3.7/site-packages/airflow/example_dags/example_branch_python_dop_operator_3.py
[2023-08-13T22:23:21.330+0000] {logging_mixin.py:149} INFO - [2023-08-13T22:23:21.330+0000] {dag.py:2726} INFO - Sync 1 DAGs
[2023-08-13T22:23:21.374+0000] {logging_mixin.py:149} INFO - [2023-08-13T22:23:21.374+0000] {dag.py:3490} INFO - Setting next_dagrun for example_branch_dop_operator_v3 to 2023-08-13T22:22:00+00:00, run_after=2023-08-13T22:23:00+00:00
[2023-08-13T22:23:21.391+0000] {processor.py:179} INFO - Processing /home/airflow/.local/lib/python3.7/site-packages/airflow/example_dags/example_branch_python_dop_operator_3.py took 0.121 seconds
