[2023-08-13T05:57:19.161+0000] {processor.py:157} INFO - Started process (PID=69033) to work on /home/airflow/.local/lib/python3.7/site-packages/airflow/example_dags/example_latest_only_with_trigger.py
[2023-08-13T05:57:19.162+0000] {processor.py:826} INFO - Processing file /home/airflow/.local/lib/python3.7/site-packages/airflow/example_dags/example_latest_only_with_trigger.py for tasks to queue
[2023-08-13T05:57:19.163+0000] {logging_mixin.py:149} INFO - [2023-08-13T05:57:19.162+0000] {dagbag.py:541} INFO - Filling up the DagBag from /home/airflow/.local/lib/python3.7/site-packages/airflow/example_dags/example_latest_only_with_trigger.py
[2023-08-13T05:57:19.168+0000] {processor.py:836} INFO - DAG(s) dict_keys(['latest_only_with_trigger']) retrieved from /home/airflow/.local/lib/python3.7/site-packages/airflow/example_dags/example_latest_only_with_trigger.py
[2023-08-13T05:57:19.190+0000] {logging_mixin.py:149} INFO - [2023-08-13T05:57:19.190+0000] {dag.py:2726} INFO - Sync 1 DAGs
[2023-08-13T05:57:19.207+0000] {logging_mixin.py:149} INFO - [2023-08-13T05:57:19.207+0000] {dag.py:3490} INFO - Setting next_dagrun for latest_only_with_trigger to 2023-08-13T01:57:19.207258+00:00, run_after=2023-08-13T05:57:19.207258+00:00
[2023-08-13T05:57:19.221+0000] {processor.py:179} INFO - Processing /home/airflow/.local/lib/python3.7/site-packages/airflow/example_dags/example_latest_only_with_trigger.py took 0.063 seconds
[2023-08-13T09:38:49.392+0000] {processor.py:157} INFO - Started process (PID=69099) to work on /home/airflow/.local/lib/python3.7/site-packages/airflow/example_dags/example_latest_only_with_trigger.py
[2023-08-13T09:38:49.394+0000] {processor.py:826} INFO - Processing file /home/airflow/.local/lib/python3.7/site-packages/airflow/example_dags/example_latest_only_with_trigger.py for tasks to queue
[2023-08-13T09:38:49.395+0000] {logging_mixin.py:149} INFO - [2023-08-13T09:38:49.394+0000] {dagbag.py:541} INFO - Filling up the DagBag from /home/airflow/.local/lib/python3.7/site-packages/airflow/example_dags/example_latest_only_with_trigger.py
[2023-08-13T09:38:49.400+0000] {processor.py:836} INFO - DAG(s) dict_keys(['latest_only_with_trigger']) retrieved from /home/airflow/.local/lib/python3.7/site-packages/airflow/example_dags/example_latest_only_with_trigger.py
[2023-08-13T09:38:49.420+0000] {logging_mixin.py:149} INFO - [2023-08-13T09:38:49.420+0000] {dag.py:2726} INFO - Sync 1 DAGs
[2023-08-13T09:38:49.437+0000] {logging_mixin.py:149} INFO - [2023-08-13T09:38:49.437+0000] {dag.py:3490} INFO - Setting next_dagrun for latest_only_with_trigger to 2023-08-13T05:38:49.437475+00:00, run_after=2023-08-13T09:38:49.437475+00:00
[2023-08-13T09:38:49.449+0000] {processor.py:179} INFO - Processing /home/airflow/.local/lib/python3.7/site-packages/airflow/example_dags/example_latest_only_with_trigger.py took 0.060 seconds
[2023-08-13T10:35:57.828+0000] {processor.py:157} INFO - Started process (PID=69164) to work on /home/airflow/.local/lib/python3.7/site-packages/airflow/example_dags/example_latest_only_with_trigger.py
[2023-08-13T10:35:57.829+0000] {processor.py:826} INFO - Processing file /home/airflow/.local/lib/python3.7/site-packages/airflow/example_dags/example_latest_only_with_trigger.py for tasks to queue
[2023-08-13T10:35:57.830+0000] {logging_mixin.py:149} INFO - [2023-08-13T10:35:57.830+0000] {dagbag.py:541} INFO - Filling up the DagBag from /home/airflow/.local/lib/python3.7/site-packages/airflow/example_dags/example_latest_only_with_trigger.py
[2023-08-13T10:35:57.836+0000] {processor.py:836} INFO - DAG(s) dict_keys(['latest_only_with_trigger']) retrieved from /home/airflow/.local/lib/python3.7/site-packages/airflow/example_dags/example_latest_only_with_trigger.py
[2023-08-13T10:35:57.855+0000] {logging_mixin.py:149} INFO - [2023-08-13T10:35:57.855+0000] {dag.py:2726} INFO - Sync 1 DAGs
[2023-08-13T10:35:57.872+0000] {logging_mixin.py:149} INFO - [2023-08-13T10:35:57.872+0000] {dag.py:3490} INFO - Setting next_dagrun for latest_only_with_trigger to 2023-08-13T06:35:57.871974+00:00, run_after=2023-08-13T10:35:57.871974+00:00
[2023-08-13T10:35:57.883+0000] {processor.py:179} INFO - Processing /home/airflow/.local/lib/python3.7/site-packages/airflow/example_dags/example_latest_only_with_trigger.py took 0.059 seconds
[2023-08-13T12:00:13.306+0000] {processor.py:157} INFO - Started process (PID=69230) to work on /home/airflow/.local/lib/python3.7/site-packages/airflow/example_dags/example_latest_only_with_trigger.py
[2023-08-13T12:00:13.307+0000] {processor.py:826} INFO - Processing file /home/airflow/.local/lib/python3.7/site-packages/airflow/example_dags/example_latest_only_with_trigger.py for tasks to queue
[2023-08-13T12:00:13.308+0000] {logging_mixin.py:149} INFO - [2023-08-13T12:00:13.308+0000] {dagbag.py:541} INFO - Filling up the DagBag from /home/airflow/.local/lib/python3.7/site-packages/airflow/example_dags/example_latest_only_with_trigger.py
[2023-08-13T12:00:13.314+0000] {processor.py:836} INFO - DAG(s) dict_keys(['latest_only_with_trigger']) retrieved from /home/airflow/.local/lib/python3.7/site-packages/airflow/example_dags/example_latest_only_with_trigger.py
[2023-08-13T12:00:13.338+0000] {logging_mixin.py:149} INFO - [2023-08-13T12:00:13.338+0000] {dag.py:2726} INFO - Sync 1 DAGs
[2023-08-13T12:00:13.355+0000] {logging_mixin.py:149} INFO - [2023-08-13T12:00:13.355+0000] {dag.py:3490} INFO - Setting next_dagrun for latest_only_with_trigger to 2023-08-13T08:00:13.354822+00:00, run_after=2023-08-13T12:00:13.354822+00:00
[2023-08-13T12:00:13.367+0000] {processor.py:179} INFO - Processing /home/airflow/.local/lib/python3.7/site-packages/airflow/example_dags/example_latest_only_with_trigger.py took 0.064 seconds
[2023-08-13T14:10:29.524+0000] {processor.py:157} INFO - Started process (PID=69296) to work on /home/airflow/.local/lib/python3.7/site-packages/airflow/example_dags/example_latest_only_with_trigger.py
[2023-08-13T14:10:29.527+0000] {processor.py:826} INFO - Processing file /home/airflow/.local/lib/python3.7/site-packages/airflow/example_dags/example_latest_only_with_trigger.py for tasks to queue
[2023-08-13T14:10:29.527+0000] {logging_mixin.py:149} INFO - [2023-08-13T14:10:29.527+0000] {dagbag.py:541} INFO - Filling up the DagBag from /home/airflow/.local/lib/python3.7/site-packages/airflow/example_dags/example_latest_only_with_trigger.py
[2023-08-13T14:10:29.537+0000] {processor.py:836} INFO - DAG(s) dict_keys(['latest_only_with_trigger']) retrieved from /home/airflow/.local/lib/python3.7/site-packages/airflow/example_dags/example_latest_only_with_trigger.py
[2023-08-13T14:10:29.563+0000] {logging_mixin.py:149} INFO - [2023-08-13T14:10:29.563+0000] {dag.py:2726} INFO - Sync 1 DAGs
[2023-08-13T14:10:29.579+0000] {logging_mixin.py:149} INFO - [2023-08-13T14:10:29.579+0000] {dag.py:3490} INFO - Setting next_dagrun for latest_only_with_trigger to 2023-08-13T10:10:29.579287+00:00, run_after=2023-08-13T14:10:29.579287+00:00
[2023-08-13T14:10:29.591+0000] {processor.py:179} INFO - Processing /home/airflow/.local/lib/python3.7/site-packages/airflow/example_dags/example_latest_only_with_trigger.py took 0.073 seconds
[2023-08-13T18:56:37.469+0000] {processor.py:157} INFO - Started process (PID=69361) to work on /home/airflow/.local/lib/python3.7/site-packages/airflow/example_dags/example_latest_only_with_trigger.py
[2023-08-13T18:56:37.470+0000] {processor.py:826} INFO - Processing file /home/airflow/.local/lib/python3.7/site-packages/airflow/example_dags/example_latest_only_with_trigger.py for tasks to queue
[2023-08-13T18:56:37.471+0000] {logging_mixin.py:149} INFO - [2023-08-13T18:56:37.471+0000] {dagbag.py:541} INFO - Filling up the DagBag from /home/airflow/.local/lib/python3.7/site-packages/airflow/example_dags/example_latest_only_with_trigger.py
[2023-08-13T18:56:37.476+0000] {processor.py:836} INFO - DAG(s) dict_keys(['latest_only_with_trigger']) retrieved from /home/airflow/.local/lib/python3.7/site-packages/airflow/example_dags/example_latest_only_with_trigger.py
[2023-08-13T18:56:37.496+0000] {logging_mixin.py:149} INFO - [2023-08-13T18:56:37.496+0000] {dag.py:2726} INFO - Sync 1 DAGs
[2023-08-13T18:56:37.513+0000] {logging_mixin.py:149} INFO - [2023-08-13T18:56:37.513+0000] {dag.py:3490} INFO - Setting next_dagrun for latest_only_with_trigger to 2023-08-13T14:56:37.513119+00:00, run_after=2023-08-13T18:56:37.513119+00:00
[2023-08-13T18:56:37.531+0000] {processor.py:179} INFO - Processing /home/airflow/.local/lib/python3.7/site-packages/airflow/example_dags/example_latest_only_with_trigger.py took 0.065 seconds
[2023-08-13T22:23:23.345+0000] {processor.py:157} INFO - Started process (PID=69427) to work on /home/airflow/.local/lib/python3.7/site-packages/airflow/example_dags/example_latest_only_with_trigger.py
[2023-08-13T22:23:23.346+0000] {processor.py:826} INFO - Processing file /home/airflow/.local/lib/python3.7/site-packages/airflow/example_dags/example_latest_only_with_trigger.py for tasks to queue
[2023-08-13T22:23:23.346+0000] {logging_mixin.py:149} INFO - [2023-08-13T22:23:23.346+0000] {dagbag.py:541} INFO - Filling up the DagBag from /home/airflow/.local/lib/python3.7/site-packages/airflow/example_dags/example_latest_only_with_trigger.py
[2023-08-13T22:23:23.351+0000] {processor.py:836} INFO - DAG(s) dict_keys(['latest_only_with_trigger']) retrieved from /home/airflow/.local/lib/python3.7/site-packages/airflow/example_dags/example_latest_only_with_trigger.py
[2023-08-13T22:23:23.371+0000] {logging_mixin.py:149} INFO - [2023-08-13T22:23:23.371+0000] {dag.py:2726} INFO - Sync 1 DAGs
[2023-08-13T22:23:23.388+0000] {logging_mixin.py:149} INFO - [2023-08-13T22:23:23.388+0000] {dag.py:3490} INFO - Setting next_dagrun for latest_only_with_trigger to 2023-08-13T18:23:23.387847+00:00, run_after=2023-08-13T22:23:23.387847+00:00
[2023-08-13T22:23:23.409+0000] {processor.py:179} INFO - Processing /home/airflow/.local/lib/python3.7/site-packages/airflow/example_dags/example_latest_only_with_trigger.py took 0.068 seconds
