[2023-08-13T05:57:18.672+0000] {processor.py:157} INFO - Started process (PID=69023) to work on /home/airflow/.local/lib/python3.7/site-packages/airflow/example_dags/example_trigger_controller_dag.py
[2023-08-13T05:57:18.673+0000] {processor.py:826} INFO - Processing file /home/airflow/.local/lib/python3.7/site-packages/airflow/example_dags/example_trigger_controller_dag.py for tasks to queue
[2023-08-13T05:57:18.676+0000] {logging_mixin.py:149} INFO - [2023-08-13T05:57:18.676+0000] {dagbag.py:541} INFO - Filling up the DagBag from /home/airflow/.local/lib/python3.7/site-packages/airflow/example_dags/example_trigger_controller_dag.py
[2023-08-13T05:57:18.680+0000] {processor.py:836} INFO - DAG(s) dict_keys(['example_trigger_controller_dag']) retrieved from /home/airflow/.local/lib/python3.7/site-packages/airflow/example_dags/example_trigger_controller_dag.py
[2023-08-13T05:57:18.723+0000] {logging_mixin.py:149} INFO - [2023-08-13T05:57:18.723+0000] {dag.py:2726} INFO - Sync 1 DAGs
[2023-08-13T05:57:18.748+0000] {logging_mixin.py:149} INFO - [2023-08-13T05:57:18.748+0000] {dag.py:3490} INFO - Setting next_dagrun for example_trigger_controller_dag to 2021-01-01T00:00:00+00:00, run_after=2021-01-01T00:00:00+00:00
[2023-08-13T05:57:18.761+0000] {processor.py:179} INFO - Processing /home/airflow/.local/lib/python3.7/site-packages/airflow/example_dags/example_trigger_controller_dag.py took 0.100 seconds
[2023-08-13T09:38:48.899+0000] {processor.py:157} INFO - Started process (PID=69089) to work on /home/airflow/.local/lib/python3.7/site-packages/airflow/example_dags/example_trigger_controller_dag.py
[2023-08-13T09:38:48.900+0000] {processor.py:826} INFO - Processing file /home/airflow/.local/lib/python3.7/site-packages/airflow/example_dags/example_trigger_controller_dag.py for tasks to queue
[2023-08-13T09:38:48.901+0000] {logging_mixin.py:149} INFO - [2023-08-13T09:38:48.901+0000] {dagbag.py:541} INFO - Filling up the DagBag from /home/airflow/.local/lib/python3.7/site-packages/airflow/example_dags/example_trigger_controller_dag.py
[2023-08-13T09:38:48.905+0000] {processor.py:836} INFO - DAG(s) dict_keys(['example_trigger_controller_dag']) retrieved from /home/airflow/.local/lib/python3.7/site-packages/airflow/example_dags/example_trigger_controller_dag.py
[2023-08-13T09:38:48.927+0000] {logging_mixin.py:149} INFO - [2023-08-13T09:38:48.926+0000] {dag.py:2726} INFO - Sync 1 DAGs
[2023-08-13T09:38:48.943+0000] {logging_mixin.py:149} INFO - [2023-08-13T09:38:48.943+0000] {dag.py:3490} INFO - Setting next_dagrun for example_trigger_controller_dag to 2021-01-01T00:00:00+00:00, run_after=2021-01-01T00:00:00+00:00
[2023-08-13T09:38:48.959+0000] {processor.py:179} INFO - Processing /home/airflow/.local/lib/python3.7/site-packages/airflow/example_dags/example_trigger_controller_dag.py took 0.064 seconds
[2023-08-13T10:35:57.411+0000] {processor.py:157} INFO - Started process (PID=69154) to work on /home/airflow/.local/lib/python3.7/site-packages/airflow/example_dags/example_trigger_controller_dag.py
[2023-08-13T10:35:57.414+0000] {processor.py:826} INFO - Processing file /home/airflow/.local/lib/python3.7/site-packages/airflow/example_dags/example_trigger_controller_dag.py for tasks to queue
[2023-08-13T10:35:57.415+0000] {logging_mixin.py:149} INFO - [2023-08-13T10:35:57.415+0000] {dagbag.py:541} INFO - Filling up the DagBag from /home/airflow/.local/lib/python3.7/site-packages/airflow/example_dags/example_trigger_controller_dag.py
[2023-08-13T10:35:57.419+0000] {processor.py:836} INFO - DAG(s) dict_keys(['example_trigger_controller_dag']) retrieved from /home/airflow/.local/lib/python3.7/site-packages/airflow/example_dags/example_trigger_controller_dag.py
[2023-08-13T10:35:57.439+0000] {logging_mixin.py:149} INFO - [2023-08-13T10:35:57.439+0000] {dag.py:2726} INFO - Sync 1 DAGs
[2023-08-13T10:35:57.458+0000] {logging_mixin.py:149} INFO - [2023-08-13T10:35:57.458+0000] {dag.py:3490} INFO - Setting next_dagrun for example_trigger_controller_dag to 2021-01-01T00:00:00+00:00, run_after=2021-01-01T00:00:00+00:00
[2023-08-13T10:35:57.470+0000] {processor.py:179} INFO - Processing /home/airflow/.local/lib/python3.7/site-packages/airflow/example_dags/example_trigger_controller_dag.py took 0.064 seconds
[2023-08-13T12:00:12.865+0000] {processor.py:157} INFO - Started process (PID=69220) to work on /home/airflow/.local/lib/python3.7/site-packages/airflow/example_dags/example_trigger_controller_dag.py
[2023-08-13T12:00:12.867+0000] {processor.py:826} INFO - Processing file /home/airflow/.local/lib/python3.7/site-packages/airflow/example_dags/example_trigger_controller_dag.py for tasks to queue
[2023-08-13T12:00:12.868+0000] {logging_mixin.py:149} INFO - [2023-08-13T12:00:12.868+0000] {dagbag.py:541} INFO - Filling up the DagBag from /home/airflow/.local/lib/python3.7/site-packages/airflow/example_dags/example_trigger_controller_dag.py
[2023-08-13T12:00:12.871+0000] {processor.py:836} INFO - DAG(s) dict_keys(['example_trigger_controller_dag']) retrieved from /home/airflow/.local/lib/python3.7/site-packages/airflow/example_dags/example_trigger_controller_dag.py
[2023-08-13T12:00:12.893+0000] {logging_mixin.py:149} INFO - [2023-08-13T12:00:12.893+0000] {dag.py:2726} INFO - Sync 1 DAGs
[2023-08-13T12:00:12.914+0000] {logging_mixin.py:149} INFO - [2023-08-13T12:00:12.914+0000] {dag.py:3490} INFO - Setting next_dagrun for example_trigger_controller_dag to 2021-01-01T00:00:00+00:00, run_after=2021-01-01T00:00:00+00:00
[2023-08-13T12:00:12.931+0000] {processor.py:179} INFO - Processing /home/airflow/.local/lib/python3.7/site-packages/airflow/example_dags/example_trigger_controller_dag.py took 0.069 seconds
[2023-08-13T14:10:29.064+0000] {processor.py:157} INFO - Started process (PID=69286) to work on /home/airflow/.local/lib/python3.7/site-packages/airflow/example_dags/example_trigger_controller_dag.py
[2023-08-13T14:10:29.065+0000] {processor.py:826} INFO - Processing file /home/airflow/.local/lib/python3.7/site-packages/airflow/example_dags/example_trigger_controller_dag.py for tasks to queue
[2023-08-13T14:10:29.066+0000] {logging_mixin.py:149} INFO - [2023-08-13T14:10:29.066+0000] {dagbag.py:541} INFO - Filling up the DagBag from /home/airflow/.local/lib/python3.7/site-packages/airflow/example_dags/example_trigger_controller_dag.py
[2023-08-13T14:10:29.076+0000] {processor.py:836} INFO - DAG(s) dict_keys(['example_trigger_controller_dag']) retrieved from /home/airflow/.local/lib/python3.7/site-packages/airflow/example_dags/example_trigger_controller_dag.py
[2023-08-13T14:10:29.104+0000] {logging_mixin.py:149} INFO - [2023-08-13T14:10:29.103+0000] {dag.py:2726} INFO - Sync 1 DAGs
[2023-08-13T14:10:29.121+0000] {logging_mixin.py:149} INFO - [2023-08-13T14:10:29.120+0000] {dag.py:3490} INFO - Setting next_dagrun for example_trigger_controller_dag to 2021-01-01T00:00:00+00:00, run_after=2021-01-01T00:00:00+00:00
[2023-08-13T14:10:29.133+0000] {processor.py:179} INFO - Processing /home/airflow/.local/lib/python3.7/site-packages/airflow/example_dags/example_trigger_controller_dag.py took 0.072 seconds
[2023-08-13T18:56:37.016+0000] {processor.py:157} INFO - Started process (PID=69351) to work on /home/airflow/.local/lib/python3.7/site-packages/airflow/example_dags/example_trigger_controller_dag.py
[2023-08-13T18:56:37.017+0000] {processor.py:826} INFO - Processing file /home/airflow/.local/lib/python3.7/site-packages/airflow/example_dags/example_trigger_controller_dag.py for tasks to queue
[2023-08-13T18:56:37.018+0000] {logging_mixin.py:149} INFO - [2023-08-13T18:56:37.018+0000] {dagbag.py:541} INFO - Filling up the DagBag from /home/airflow/.local/lib/python3.7/site-packages/airflow/example_dags/example_trigger_controller_dag.py
[2023-08-13T18:56:37.027+0000] {processor.py:836} INFO - DAG(s) dict_keys(['example_trigger_controller_dag']) retrieved from /home/airflow/.local/lib/python3.7/site-packages/airflow/example_dags/example_trigger_controller_dag.py
[2023-08-13T18:56:37.054+0000] {logging_mixin.py:149} INFO - [2023-08-13T18:56:37.054+0000] {dag.py:2726} INFO - Sync 1 DAGs
[2023-08-13T18:56:37.069+0000] {logging_mixin.py:149} INFO - [2023-08-13T18:56:37.069+0000] {dag.py:3490} INFO - Setting next_dagrun for example_trigger_controller_dag to 2021-01-01T00:00:00+00:00, run_after=2021-01-01T00:00:00+00:00
[2023-08-13T18:56:37.081+0000] {processor.py:179} INFO - Processing /home/airflow/.local/lib/python3.7/site-packages/airflow/example_dags/example_trigger_controller_dag.py took 0.067 seconds
[2023-08-13T22:23:22.920+0000] {processor.py:157} INFO - Started process (PID=69417) to work on /home/airflow/.local/lib/python3.7/site-packages/airflow/example_dags/example_trigger_controller_dag.py
[2023-08-13T22:23:22.921+0000] {processor.py:826} INFO - Processing file /home/airflow/.local/lib/python3.7/site-packages/airflow/example_dags/example_trigger_controller_dag.py for tasks to queue
[2023-08-13T22:23:22.921+0000] {logging_mixin.py:149} INFO - [2023-08-13T22:23:22.921+0000] {dagbag.py:541} INFO - Filling up the DagBag from /home/airflow/.local/lib/python3.7/site-packages/airflow/example_dags/example_trigger_controller_dag.py
[2023-08-13T22:23:22.925+0000] {processor.py:836} INFO - DAG(s) dict_keys(['example_trigger_controller_dag']) retrieved from /home/airflow/.local/lib/python3.7/site-packages/airflow/example_dags/example_trigger_controller_dag.py
[2023-08-13T22:23:22.950+0000] {logging_mixin.py:149} INFO - [2023-08-13T22:23:22.950+0000] {dag.py:2726} INFO - Sync 1 DAGs
[2023-08-13T22:23:22.967+0000] {logging_mixin.py:149} INFO - [2023-08-13T22:23:22.967+0000] {dag.py:3490} INFO - Setting next_dagrun for example_trigger_controller_dag to 2021-01-01T00:00:00+00:00, run_after=2021-01-01T00:00:00+00:00
[2023-08-13T22:23:22.977+0000] {processor.py:179} INFO - Processing /home/airflow/.local/lib/python3.7/site-packages/airflow/example_dags/example_trigger_controller_dag.py took 0.060 seconds
