[2023-08-13T05:57:16.980+0000] {processor.py:157} INFO - Started process (PID=69005) to work on /home/airflow/.local/lib/python3.7/site-packages/airflow/example_dags/example_task_group_decorator.py
[2023-08-13T05:57:16.981+0000] {processor.py:826} INFO - Processing file /home/airflow/.local/lib/python3.7/site-packages/airflow/example_dags/example_task_group_decorator.py for tasks to queue
[2023-08-13T05:57:16.982+0000] {logging_mixin.py:149} INFO - [2023-08-13T05:57:16.981+0000] {dagbag.py:541} INFO - Filling up the DagBag from /home/airflow/.local/lib/python3.7/site-packages/airflow/example_dags/example_task_group_decorator.py
[2023-08-13T05:57:16.992+0000] {processor.py:836} INFO - DAG(s) dict_keys(['example_task_group_decorator']) retrieved from /home/airflow/.local/lib/python3.7/site-packages/airflow/example_dags/example_task_group_decorator.py
[2023-08-13T05:57:17.018+0000] {logging_mixin.py:149} INFO - [2023-08-13T05:57:17.018+0000] {dag.py:2726} INFO - Sync 1 DAGs
[2023-08-13T05:57:17.035+0000] {logging_mixin.py:149} INFO - [2023-08-13T05:57:17.035+0000] {dag.py:3490} INFO - Setting next_dagrun for example_task_group_decorator to 2023-08-12T05:57:17.035145+00:00, run_after=2023-08-13T05:57:17.035145+00:00
[2023-08-13T05:57:17.051+0000] {processor.py:179} INFO - Processing /home/airflow/.local/lib/python3.7/site-packages/airflow/example_dags/example_task_group_decorator.py took 0.075 seconds
[2023-08-13T09:38:47.718+0000] {processor.py:157} INFO - Started process (PID=69071) to work on /home/airflow/.local/lib/python3.7/site-packages/airflow/example_dags/example_task_group_decorator.py
[2023-08-13T09:38:47.719+0000] {processor.py:826} INFO - Processing file /home/airflow/.local/lib/python3.7/site-packages/airflow/example_dags/example_task_group_decorator.py for tasks to queue
[2023-08-13T09:38:47.720+0000] {logging_mixin.py:149} INFO - [2023-08-13T09:38:47.720+0000] {dagbag.py:541} INFO - Filling up the DagBag from /home/airflow/.local/lib/python3.7/site-packages/airflow/example_dags/example_task_group_decorator.py
[2023-08-13T09:38:47.730+0000] {processor.py:836} INFO - DAG(s) dict_keys(['example_task_group_decorator']) retrieved from /home/airflow/.local/lib/python3.7/site-packages/airflow/example_dags/example_task_group_decorator.py
[2023-08-13T09:38:47.760+0000] {logging_mixin.py:149} INFO - [2023-08-13T09:38:47.760+0000] {dag.py:2726} INFO - Sync 1 DAGs
[2023-08-13T09:38:47.776+0000] {logging_mixin.py:149} INFO - [2023-08-13T09:38:47.776+0000] {dag.py:3490} INFO - Setting next_dagrun for example_task_group_decorator to 2023-08-12T09:38:47.775841+00:00, run_after=2023-08-13T09:38:47.775841+00:00
[2023-08-13T09:38:47.787+0000] {processor.py:179} INFO - Processing /home/airflow/.local/lib/python3.7/site-packages/airflow/example_dags/example_task_group_decorator.py took 0.072 seconds
[2023-08-13T10:35:56.296+0000] {processor.py:157} INFO - Started process (PID=69136) to work on /home/airflow/.local/lib/python3.7/site-packages/airflow/example_dags/example_task_group_decorator.py
[2023-08-13T10:35:56.297+0000] {processor.py:826} INFO - Processing file /home/airflow/.local/lib/python3.7/site-packages/airflow/example_dags/example_task_group_decorator.py for tasks to queue
[2023-08-13T10:35:56.298+0000] {logging_mixin.py:149} INFO - [2023-08-13T10:35:56.297+0000] {dagbag.py:541} INFO - Filling up the DagBag from /home/airflow/.local/lib/python3.7/site-packages/airflow/example_dags/example_task_group_decorator.py
[2023-08-13T10:35:56.308+0000] {processor.py:836} INFO - DAG(s) dict_keys(['example_task_group_decorator']) retrieved from /home/airflow/.local/lib/python3.7/site-packages/airflow/example_dags/example_task_group_decorator.py
[2023-08-13T10:35:56.329+0000] {logging_mixin.py:149} INFO - [2023-08-13T10:35:56.329+0000] {dag.py:2726} INFO - Sync 1 DAGs
[2023-08-13T10:35:56.348+0000] {logging_mixin.py:149} INFO - [2023-08-13T10:35:56.348+0000] {dag.py:3490} INFO - Setting next_dagrun for example_task_group_decorator to 2023-08-12T10:35:56.347792+00:00, run_after=2023-08-13T10:35:56.347792+00:00
[2023-08-13T10:35:56.364+0000] {processor.py:179} INFO - Processing /home/airflow/.local/lib/python3.7/site-packages/airflow/example_dags/example_task_group_decorator.py took 0.071 seconds
[2023-08-13T12:00:11.670+0000] {processor.py:157} INFO - Started process (PID=69202) to work on /home/airflow/.local/lib/python3.7/site-packages/airflow/example_dags/example_task_group_decorator.py
[2023-08-13T12:00:11.671+0000] {processor.py:826} INFO - Processing file /home/airflow/.local/lib/python3.7/site-packages/airflow/example_dags/example_task_group_decorator.py for tasks to queue
[2023-08-13T12:00:11.671+0000] {logging_mixin.py:149} INFO - [2023-08-13T12:00:11.671+0000] {dagbag.py:541} INFO - Filling up the DagBag from /home/airflow/.local/lib/python3.7/site-packages/airflow/example_dags/example_task_group_decorator.py
[2023-08-13T12:00:11.685+0000] {processor.py:836} INFO - DAG(s) dict_keys(['example_task_group_decorator']) retrieved from /home/airflow/.local/lib/python3.7/site-packages/airflow/example_dags/example_task_group_decorator.py
[2023-08-13T12:00:11.706+0000] {logging_mixin.py:149} INFO - [2023-08-13T12:00:11.706+0000] {dag.py:2726} INFO - Sync 1 DAGs
[2023-08-13T12:00:11.723+0000] {logging_mixin.py:149} INFO - [2023-08-13T12:00:11.723+0000] {dag.py:3490} INFO - Setting next_dagrun for example_task_group_decorator to 2023-08-12T12:00:11.722930+00:00, run_after=2023-08-13T12:00:11.722930+00:00
[2023-08-13T12:00:11.737+0000] {processor.py:179} INFO - Processing /home/airflow/.local/lib/python3.7/site-packages/airflow/example_dags/example_task_group_decorator.py took 0.071 seconds
[2023-08-13T14:10:27.947+0000] {processor.py:157} INFO - Started process (PID=69268) to work on /home/airflow/.local/lib/python3.7/site-packages/airflow/example_dags/example_task_group_decorator.py
[2023-08-13T14:10:27.948+0000] {processor.py:826} INFO - Processing file /home/airflow/.local/lib/python3.7/site-packages/airflow/example_dags/example_task_group_decorator.py for tasks to queue
[2023-08-13T14:10:27.949+0000] {logging_mixin.py:149} INFO - [2023-08-13T14:10:27.949+0000] {dagbag.py:541} INFO - Filling up the DagBag from /home/airflow/.local/lib/python3.7/site-packages/airflow/example_dags/example_task_group_decorator.py
[2023-08-13T14:10:27.970+0000] {processor.py:836} INFO - DAG(s) dict_keys(['example_task_group_decorator']) retrieved from /home/airflow/.local/lib/python3.7/site-packages/airflow/example_dags/example_task_group_decorator.py
[2023-08-13T14:10:27.992+0000] {logging_mixin.py:149} INFO - [2023-08-13T14:10:27.991+0000] {dag.py:2726} INFO - Sync 1 DAGs
[2023-08-13T14:10:28.008+0000] {logging_mixin.py:149} INFO - [2023-08-13T14:10:28.007+0000] {dag.py:3490} INFO - Setting next_dagrun for example_task_group_decorator to 2023-08-12T14:10:28.007643+00:00, run_after=2023-08-13T14:10:28.007643+00:00
[2023-08-13T14:10:28.019+0000] {processor.py:179} INFO - Processing /home/airflow/.local/lib/python3.7/site-packages/airflow/example_dags/example_task_group_decorator.py took 0.075 seconds
[2023-08-13T18:56:35.821+0000] {processor.py:157} INFO - Started process (PID=69333) to work on /home/airflow/.local/lib/python3.7/site-packages/airflow/example_dags/example_task_group_decorator.py
[2023-08-13T18:56:35.822+0000] {processor.py:826} INFO - Processing file /home/airflow/.local/lib/python3.7/site-packages/airflow/example_dags/example_task_group_decorator.py for tasks to queue
[2023-08-13T18:56:35.823+0000] {logging_mixin.py:149} INFO - [2023-08-13T18:56:35.823+0000] {dagbag.py:541} INFO - Filling up the DagBag from /home/airflow/.local/lib/python3.7/site-packages/airflow/example_dags/example_task_group_decorator.py
[2023-08-13T18:56:35.836+0000] {processor.py:836} INFO - DAG(s) dict_keys(['example_task_group_decorator']) retrieved from /home/airflow/.local/lib/python3.7/site-packages/airflow/example_dags/example_task_group_decorator.py
[2023-08-13T18:56:35.870+0000] {logging_mixin.py:149} INFO - [2023-08-13T18:56:35.870+0000] {dag.py:2726} INFO - Sync 1 DAGs
[2023-08-13T18:56:35.887+0000] {logging_mixin.py:149} INFO - [2023-08-13T18:56:35.887+0000] {dag.py:3490} INFO - Setting next_dagrun for example_task_group_decorator to 2023-08-12T18:56:35.887174+00:00, run_after=2023-08-13T18:56:35.887174+00:00
[2023-08-13T18:56:35.900+0000] {processor.py:179} INFO - Processing /home/airflow/.local/lib/python3.7/site-packages/airflow/example_dags/example_task_group_decorator.py took 0.082 seconds
[2023-08-13T22:23:21.544+0000] {processor.py:157} INFO - Started process (PID=69399) to work on /home/airflow/.local/lib/python3.7/site-packages/airflow/example_dags/example_task_group_decorator.py
[2023-08-13T22:23:21.546+0000] {processor.py:826} INFO - Processing file /home/airflow/.local/lib/python3.7/site-packages/airflow/example_dags/example_task_group_decorator.py for tasks to queue
[2023-08-13T22:23:21.547+0000] {logging_mixin.py:149} INFO - [2023-08-13T22:23:21.547+0000] {dagbag.py:541} INFO - Filling up the DagBag from /home/airflow/.local/lib/python3.7/site-packages/airflow/example_dags/example_task_group_decorator.py
[2023-08-13T22:23:21.580+0000] {processor.py:836} INFO - DAG(s) dict_keys(['example_task_group_decorator']) retrieved from /home/airflow/.local/lib/python3.7/site-packages/airflow/example_dags/example_task_group_decorator.py
[2023-08-13T22:23:21.632+0000] {logging_mixin.py:149} INFO - [2023-08-13T22:23:21.632+0000] {dag.py:2726} INFO - Sync 1 DAGs
[2023-08-13T22:23:21.670+0000] {logging_mixin.py:149} INFO - [2023-08-13T22:23:21.670+0000] {dag.py:3490} INFO - Setting next_dagrun for example_task_group_decorator to 2023-08-12T22:23:21.670195+00:00, run_after=2023-08-13T22:23:21.670195+00:00
[2023-08-13T22:23:21.702+0000] {processor.py:179} INFO - Processing /home/airflow/.local/lib/python3.7/site-packages/airflow/example_dags/example_task_group_decorator.py took 0.166 seconds
