[2023-08-13T05:57:18.808+0000] {processor.py:157} INFO - Started process (PID=69026) to work on /home/airflow/.local/lib/python3.7/site-packages/airflow/example_dags/example_dynamic_task_mapping.py
[2023-08-13T05:57:18.809+0000] {processor.py:826} INFO - Processing file /home/airflow/.local/lib/python3.7/site-packages/airflow/example_dags/example_dynamic_task_mapping.py for tasks to queue
[2023-08-13T05:57:18.810+0000] {logging_mixin.py:149} INFO - [2023-08-13T05:57:18.810+0000] {dagbag.py:541} INFO - Filling up the DagBag from /home/airflow/.local/lib/python3.7/site-packages/airflow/example_dags/example_dynamic_task_mapping.py
[2023-08-13T05:57:18.818+0000] {processor.py:836} INFO - DAG(s) dict_keys(['example_dynamic_task_mapping']) retrieved from /home/airflow/.local/lib/python3.7/site-packages/airflow/example_dags/example_dynamic_task_mapping.py
[2023-08-13T05:57:18.847+0000] {logging_mixin.py:149} INFO - [2023-08-13T05:57:18.847+0000] {dag.py:2726} INFO - Sync 1 DAGs
[2023-08-13T05:57:18.866+0000] {logging_mixin.py:149} INFO - [2023-08-13T05:57:18.866+0000] {dag.py:3490} INFO - Setting next_dagrun for example_dynamic_task_mapping to 2022-03-04T00:00:00+00:00, run_after=2022-03-05T00:00:00+00:00
[2023-08-13T05:57:18.877+0000] {processor.py:179} INFO - Processing /home/airflow/.local/lib/python3.7/site-packages/airflow/example_dags/example_dynamic_task_mapping.py took 0.073 seconds
[2023-08-13T09:38:49.076+0000] {processor.py:157} INFO - Started process (PID=69092) to work on /home/airflow/.local/lib/python3.7/site-packages/airflow/example_dags/example_dynamic_task_mapping.py
[2023-08-13T09:38:49.077+0000] {processor.py:826} INFO - Processing file /home/airflow/.local/lib/python3.7/site-packages/airflow/example_dags/example_dynamic_task_mapping.py for tasks to queue
[2023-08-13T09:38:49.078+0000] {logging_mixin.py:149} INFO - [2023-08-13T09:38:49.078+0000] {dagbag.py:541} INFO - Filling up the DagBag from /home/airflow/.local/lib/python3.7/site-packages/airflow/example_dags/example_dynamic_task_mapping.py
[2023-08-13T09:38:49.084+0000] {processor.py:836} INFO - DAG(s) dict_keys(['example_dynamic_task_mapping']) retrieved from /home/airflow/.local/lib/python3.7/site-packages/airflow/example_dags/example_dynamic_task_mapping.py
[2023-08-13T09:38:49.108+0000] {logging_mixin.py:149} INFO - [2023-08-13T09:38:49.107+0000] {dag.py:2726} INFO - Sync 1 DAGs
[2023-08-13T09:38:49.125+0000] {logging_mixin.py:149} INFO - [2023-08-13T09:38:49.125+0000] {dag.py:3490} INFO - Setting next_dagrun for example_dynamic_task_mapping to 2022-03-04T00:00:00+00:00, run_after=2022-03-05T00:00:00+00:00
[2023-08-13T09:38:49.139+0000] {processor.py:179} INFO - Processing /home/airflow/.local/lib/python3.7/site-packages/airflow/example_dags/example_dynamic_task_mapping.py took 0.066 seconds
[2023-08-13T10:35:57.529+0000] {processor.py:157} INFO - Started process (PID=69157) to work on /home/airflow/.local/lib/python3.7/site-packages/airflow/example_dags/example_dynamic_task_mapping.py
[2023-08-13T10:35:57.530+0000] {processor.py:826} INFO - Processing file /home/airflow/.local/lib/python3.7/site-packages/airflow/example_dags/example_dynamic_task_mapping.py for tasks to queue
[2023-08-13T10:35:57.531+0000] {logging_mixin.py:149} INFO - [2023-08-13T10:35:57.531+0000] {dagbag.py:541} INFO - Filling up the DagBag from /home/airflow/.local/lib/python3.7/site-packages/airflow/example_dags/example_dynamic_task_mapping.py
[2023-08-13T10:35:57.537+0000] {processor.py:836} INFO - DAG(s) dict_keys(['example_dynamic_task_mapping']) retrieved from /home/airflow/.local/lib/python3.7/site-packages/airflow/example_dags/example_dynamic_task_mapping.py
[2023-08-13T10:35:57.557+0000] {logging_mixin.py:149} INFO - [2023-08-13T10:35:57.557+0000] {dag.py:2726} INFO - Sync 1 DAGs
[2023-08-13T10:35:57.573+0000] {logging_mixin.py:149} INFO - [2023-08-13T10:35:57.573+0000] {dag.py:3490} INFO - Setting next_dagrun for example_dynamic_task_mapping to 2022-03-04T00:00:00+00:00, run_after=2022-03-05T00:00:00+00:00
[2023-08-13T10:35:57.586+0000] {processor.py:179} INFO - Processing /home/airflow/.local/lib/python3.7/site-packages/airflow/example_dags/example_dynamic_task_mapping.py took 0.060 seconds
[2023-08-13T12:00:12.973+0000] {processor.py:157} INFO - Started process (PID=69223) to work on /home/airflow/.local/lib/python3.7/site-packages/airflow/example_dags/example_dynamic_task_mapping.py
[2023-08-13T12:00:12.975+0000] {processor.py:826} INFO - Processing file /home/airflow/.local/lib/python3.7/site-packages/airflow/example_dags/example_dynamic_task_mapping.py for tasks to queue
[2023-08-13T12:00:12.976+0000] {logging_mixin.py:149} INFO - [2023-08-13T12:00:12.976+0000] {dagbag.py:541} INFO - Filling up the DagBag from /home/airflow/.local/lib/python3.7/site-packages/airflow/example_dags/example_dynamic_task_mapping.py
[2023-08-13T12:00:12.982+0000] {processor.py:836} INFO - DAG(s) dict_keys(['example_dynamic_task_mapping']) retrieved from /home/airflow/.local/lib/python3.7/site-packages/airflow/example_dags/example_dynamic_task_mapping.py
[2023-08-13T12:00:13.017+0000] {logging_mixin.py:149} INFO - [2023-08-13T12:00:13.017+0000] {dag.py:2726} INFO - Sync 1 DAGs
[2023-08-13T12:00:13.039+0000] {logging_mixin.py:149} INFO - [2023-08-13T12:00:13.038+0000] {dag.py:3490} INFO - Setting next_dagrun for example_dynamic_task_mapping to 2022-03-04T00:00:00+00:00, run_after=2022-03-05T00:00:00+00:00
[2023-08-13T12:00:13.063+0000] {processor.py:179} INFO - Processing /home/airflow/.local/lib/python3.7/site-packages/airflow/example_dags/example_dynamic_task_mapping.py took 0.092 seconds
[2023-08-13T14:10:29.175+0000] {processor.py:157} INFO - Started process (PID=69289) to work on /home/airflow/.local/lib/python3.7/site-packages/airflow/example_dags/example_dynamic_task_mapping.py
[2023-08-13T14:10:29.176+0000] {processor.py:826} INFO - Processing file /home/airflow/.local/lib/python3.7/site-packages/airflow/example_dags/example_dynamic_task_mapping.py for tasks to queue
[2023-08-13T14:10:29.177+0000] {logging_mixin.py:149} INFO - [2023-08-13T14:10:29.177+0000] {dagbag.py:541} INFO - Filling up the DagBag from /home/airflow/.local/lib/python3.7/site-packages/airflow/example_dags/example_dynamic_task_mapping.py
[2023-08-13T14:10:29.183+0000] {processor.py:836} INFO - DAG(s) dict_keys(['example_dynamic_task_mapping']) retrieved from /home/airflow/.local/lib/python3.7/site-packages/airflow/example_dags/example_dynamic_task_mapping.py
[2023-08-13T14:10:29.201+0000] {logging_mixin.py:149} INFO - [2023-08-13T14:10:29.201+0000] {dag.py:2726} INFO - Sync 1 DAGs
[2023-08-13T14:10:29.223+0000] {logging_mixin.py:149} INFO - [2023-08-13T14:10:29.223+0000] {dag.py:3490} INFO - Setting next_dagrun for example_dynamic_task_mapping to 2022-03-04T00:00:00+00:00, run_after=2022-03-05T00:00:00+00:00
[2023-08-13T14:10:29.234+0000] {processor.py:179} INFO - Processing /home/airflow/.local/lib/python3.7/site-packages/airflow/example_dags/example_dynamic_task_mapping.py took 0.062 seconds
[2023-08-13T18:56:37.201+0000] {processor.py:157} INFO - Started process (PID=69354) to work on /home/airflow/.local/lib/python3.7/site-packages/airflow/example_dags/example_dynamic_task_mapping.py
[2023-08-13T18:56:37.202+0000] {processor.py:826} INFO - Processing file /home/airflow/.local/lib/python3.7/site-packages/airflow/example_dags/example_dynamic_task_mapping.py for tasks to queue
[2023-08-13T18:56:37.203+0000] {logging_mixin.py:149} INFO - [2023-08-13T18:56:37.203+0000] {dagbag.py:541} INFO - Filling up the DagBag from /home/airflow/.local/lib/python3.7/site-packages/airflow/example_dags/example_dynamic_task_mapping.py
[2023-08-13T18:56:37.209+0000] {processor.py:836} INFO - DAG(s) dict_keys(['example_dynamic_task_mapping']) retrieved from /home/airflow/.local/lib/python3.7/site-packages/airflow/example_dags/example_dynamic_task_mapping.py
[2023-08-13T18:56:37.229+0000] {logging_mixin.py:149} INFO - [2023-08-13T18:56:37.229+0000] {dag.py:2726} INFO - Sync 1 DAGs
[2023-08-13T18:56:37.246+0000] {logging_mixin.py:149} INFO - [2023-08-13T18:56:37.246+0000] {dag.py:3490} INFO - Setting next_dagrun for example_dynamic_task_mapping to 2022-03-04T00:00:00+00:00, run_after=2022-03-05T00:00:00+00:00
[2023-08-13T18:56:37.257+0000] {processor.py:179} INFO - Processing /home/airflow/.local/lib/python3.7/site-packages/airflow/example_dags/example_dynamic_task_mapping.py took 0.060 seconds
[2023-08-13T22:23:23.020+0000] {processor.py:157} INFO - Started process (PID=69420) to work on /home/airflow/.local/lib/python3.7/site-packages/airflow/example_dags/example_dynamic_task_mapping.py
[2023-08-13T22:23:23.021+0000] {processor.py:826} INFO - Processing file /home/airflow/.local/lib/python3.7/site-packages/airflow/example_dags/example_dynamic_task_mapping.py for tasks to queue
[2023-08-13T22:23:23.022+0000] {logging_mixin.py:149} INFO - [2023-08-13T22:23:23.022+0000] {dagbag.py:541} INFO - Filling up the DagBag from /home/airflow/.local/lib/python3.7/site-packages/airflow/example_dags/example_dynamic_task_mapping.py
[2023-08-13T22:23:23.051+0000] {processor.py:836} INFO - DAG(s) dict_keys(['example_dynamic_task_mapping']) retrieved from /home/airflow/.local/lib/python3.7/site-packages/airflow/example_dags/example_dynamic_task_mapping.py
[2023-08-13T22:23:23.073+0000] {logging_mixin.py:149} INFO - [2023-08-13T22:23:23.073+0000] {dag.py:2726} INFO - Sync 1 DAGs
[2023-08-13T22:23:23.089+0000] {logging_mixin.py:149} INFO - [2023-08-13T22:23:23.089+0000] {dag.py:3490} INFO - Setting next_dagrun for example_dynamic_task_mapping to 2022-03-04T00:00:00+00:00, run_after=2022-03-05T00:00:00+00:00
[2023-08-13T22:23:23.101+0000] {processor.py:179} INFO - Processing /home/airflow/.local/lib/python3.7/site-packages/airflow/example_dags/example_dynamic_task_mapping.py took 0.084 seconds
