[2023-08-13T05:57:17.183+0000] {processor.py:157} INFO - Started process (PID=69009) to work on /home/airflow/.local/lib/python3.7/site-packages/airflow/example_dags/example_external_task_marker_dag.py
[2023-08-13T05:57:17.184+0000] {processor.py:826} INFO - Processing file /home/airflow/.local/lib/python3.7/site-packages/airflow/example_dags/example_external_task_marker_dag.py for tasks to queue
[2023-08-13T05:57:17.185+0000] {logging_mixin.py:149} INFO - [2023-08-13T05:57:17.185+0000] {dagbag.py:541} INFO - Filling up the DagBag from /home/airflow/.local/lib/python3.7/site-packages/airflow/example_dags/example_external_task_marker_dag.py
[2023-08-13T05:57:17.190+0000] {processor.py:836} INFO - DAG(s) dict_keys(['example_external_task_marker_child', 'example_external_task_marker_parent']) retrieved from /home/airflow/.local/lib/python3.7/site-packages/airflow/example_dags/example_external_task_marker_dag.py
[2023-08-13T05:57:17.214+0000] {logging_mixin.py:149} INFO - [2023-08-13T05:57:17.214+0000] {dag.py:2726} INFO - Sync 2 DAGs
[2023-08-13T05:57:17.233+0000] {logging_mixin.py:149} INFO - [2023-08-13T05:57:17.233+0000] {dag.py:3490} INFO - Setting next_dagrun for example_external_task_marker_child to None, run_after=None
[2023-08-13T05:57:17.235+0000] {logging_mixin.py:149} INFO - [2023-08-13T05:57:17.235+0000] {dag.py:3490} INFO - Setting next_dagrun for example_external_task_marker_parent to None, run_after=None
[2023-08-13T05:57:17.245+0000] {processor.py:179} INFO - Processing /home/airflow/.local/lib/python3.7/site-packages/airflow/example_dags/example_external_task_marker_dag.py took 0.066 seconds
[2023-08-13T09:38:47.922+0000] {processor.py:157} INFO - Started process (PID=69075) to work on /home/airflow/.local/lib/python3.7/site-packages/airflow/example_dags/example_external_task_marker_dag.py
[2023-08-13T09:38:47.923+0000] {processor.py:826} INFO - Processing file /home/airflow/.local/lib/python3.7/site-packages/airflow/example_dags/example_external_task_marker_dag.py for tasks to queue
[2023-08-13T09:38:47.924+0000] {logging_mixin.py:149} INFO - [2023-08-13T09:38:47.924+0000] {dagbag.py:541} INFO - Filling up the DagBag from /home/airflow/.local/lib/python3.7/site-packages/airflow/example_dags/example_external_task_marker_dag.py
[2023-08-13T09:38:47.931+0000] {processor.py:836} INFO - DAG(s) dict_keys(['example_external_task_marker_parent', 'example_external_task_marker_child']) retrieved from /home/airflow/.local/lib/python3.7/site-packages/airflow/example_dags/example_external_task_marker_dag.py
[2023-08-13T09:38:47.954+0000] {logging_mixin.py:149} INFO - [2023-08-13T09:38:47.954+0000] {dag.py:2726} INFO - Sync 2 DAGs
[2023-08-13T09:38:47.971+0000] {logging_mixin.py:149} INFO - [2023-08-13T09:38:47.971+0000] {dag.py:3490} INFO - Setting next_dagrun for example_external_task_marker_child to None, run_after=None
[2023-08-13T09:38:47.973+0000] {logging_mixin.py:149} INFO - [2023-08-13T09:38:47.973+0000] {dag.py:3490} INFO - Setting next_dagrun for example_external_task_marker_parent to None, run_after=None
[2023-08-13T09:38:47.986+0000] {processor.py:179} INFO - Processing /home/airflow/.local/lib/python3.7/site-packages/airflow/example_dags/example_external_task_marker_dag.py took 0.068 seconds
[2023-08-13T10:35:56.490+0000] {processor.py:157} INFO - Started process (PID=69140) to work on /home/airflow/.local/lib/python3.7/site-packages/airflow/example_dags/example_external_task_marker_dag.py
[2023-08-13T10:35:56.491+0000] {processor.py:826} INFO - Processing file /home/airflow/.local/lib/python3.7/site-packages/airflow/example_dags/example_external_task_marker_dag.py for tasks to queue
[2023-08-13T10:35:56.492+0000] {logging_mixin.py:149} INFO - [2023-08-13T10:35:56.492+0000] {dagbag.py:541} INFO - Filling up the DagBag from /home/airflow/.local/lib/python3.7/site-packages/airflow/example_dags/example_external_task_marker_dag.py
[2023-08-13T10:35:56.496+0000] {processor.py:836} INFO - DAG(s) dict_keys(['example_external_task_marker_parent', 'example_external_task_marker_child']) retrieved from /home/airflow/.local/lib/python3.7/site-packages/airflow/example_dags/example_external_task_marker_dag.py
[2023-08-13T10:35:56.520+0000] {logging_mixin.py:149} INFO - [2023-08-13T10:35:56.520+0000] {dag.py:2726} INFO - Sync 2 DAGs
[2023-08-13T10:35:56.537+0000] {logging_mixin.py:149} INFO - [2023-08-13T10:35:56.537+0000] {dag.py:3490} INFO - Setting next_dagrun for example_external_task_marker_child to None, run_after=None
[2023-08-13T10:35:56.539+0000] {logging_mixin.py:149} INFO - [2023-08-13T10:35:56.539+0000] {dag.py:3490} INFO - Setting next_dagrun for example_external_task_marker_parent to None, run_after=None
[2023-08-13T10:35:56.553+0000] {processor.py:179} INFO - Processing /home/airflow/.local/lib/python3.7/site-packages/airflow/example_dags/example_external_task_marker_dag.py took 0.066 seconds
[2023-08-13T12:00:11.876+0000] {processor.py:157} INFO - Started process (PID=69206) to work on /home/airflow/.local/lib/python3.7/site-packages/airflow/example_dags/example_external_task_marker_dag.py
[2023-08-13T12:00:11.877+0000] {processor.py:826} INFO - Processing file /home/airflow/.local/lib/python3.7/site-packages/airflow/example_dags/example_external_task_marker_dag.py for tasks to queue
[2023-08-13T12:00:11.878+0000] {logging_mixin.py:149} INFO - [2023-08-13T12:00:11.878+0000] {dagbag.py:541} INFO - Filling up the DagBag from /home/airflow/.local/lib/python3.7/site-packages/airflow/example_dags/example_external_task_marker_dag.py
[2023-08-13T12:00:11.898+0000] {processor.py:836} INFO - DAG(s) dict_keys(['example_external_task_marker_child', 'example_external_task_marker_parent']) retrieved from /home/airflow/.local/lib/python3.7/site-packages/airflow/example_dags/example_external_task_marker_dag.py
[2023-08-13T12:00:11.928+0000] {logging_mixin.py:149} INFO - [2023-08-13T12:00:11.927+0000] {dag.py:2726} INFO - Sync 2 DAGs
[2023-08-13T12:00:11.945+0000] {logging_mixin.py:149} INFO - [2023-08-13T12:00:11.945+0000] {dag.py:3490} INFO - Setting next_dagrun for example_external_task_marker_child to None, run_after=None
[2023-08-13T12:00:11.948+0000] {logging_mixin.py:149} INFO - [2023-08-13T12:00:11.948+0000] {dag.py:3490} INFO - Setting next_dagrun for example_external_task_marker_parent to None, run_after=None
[2023-08-13T12:00:11.959+0000] {processor.py:179} INFO - Processing /home/airflow/.local/lib/python3.7/site-packages/airflow/example_dags/example_external_task_marker_dag.py took 0.086 seconds
[2023-08-13T14:10:28.133+0000] {processor.py:157} INFO - Started process (PID=69272) to work on /home/airflow/.local/lib/python3.7/site-packages/airflow/example_dags/example_external_task_marker_dag.py
[2023-08-13T14:10:28.134+0000] {processor.py:826} INFO - Processing file /home/airflow/.local/lib/python3.7/site-packages/airflow/example_dags/example_external_task_marker_dag.py for tasks to queue
[2023-08-13T14:10:28.135+0000] {logging_mixin.py:149} INFO - [2023-08-13T14:10:28.135+0000] {dagbag.py:541} INFO - Filling up the DagBag from /home/airflow/.local/lib/python3.7/site-packages/airflow/example_dags/example_external_task_marker_dag.py
[2023-08-13T14:10:28.140+0000] {processor.py:836} INFO - DAG(s) dict_keys(['example_external_task_marker_child', 'example_external_task_marker_parent']) retrieved from /home/airflow/.local/lib/python3.7/site-packages/airflow/example_dags/example_external_task_marker_dag.py
[2023-08-13T14:10:28.166+0000] {logging_mixin.py:149} INFO - [2023-08-13T14:10:28.166+0000] {dag.py:2726} INFO - Sync 2 DAGs
[2023-08-13T14:10:28.182+0000] {logging_mixin.py:149} INFO - [2023-08-13T14:10:28.182+0000] {dag.py:3490} INFO - Setting next_dagrun for example_external_task_marker_child to None, run_after=None
[2023-08-13T14:10:28.185+0000] {logging_mixin.py:149} INFO - [2023-08-13T14:10:28.185+0000] {dag.py:3490} INFO - Setting next_dagrun for example_external_task_marker_parent to None, run_after=None
[2023-08-13T14:10:28.194+0000] {processor.py:179} INFO - Processing /home/airflow/.local/lib/python3.7/site-packages/airflow/example_dags/example_external_task_marker_dag.py took 0.064 seconds
[2023-08-13T18:56:36.021+0000] {processor.py:157} INFO - Started process (PID=69337) to work on /home/airflow/.local/lib/python3.7/site-packages/airflow/example_dags/example_external_task_marker_dag.py
[2023-08-13T18:56:36.023+0000] {processor.py:826} INFO - Processing file /home/airflow/.local/lib/python3.7/site-packages/airflow/example_dags/example_external_task_marker_dag.py for tasks to queue
[2023-08-13T18:56:36.023+0000] {logging_mixin.py:149} INFO - [2023-08-13T18:56:36.023+0000] {dagbag.py:541} INFO - Filling up the DagBag from /home/airflow/.local/lib/python3.7/site-packages/airflow/example_dags/example_external_task_marker_dag.py
[2023-08-13T18:56:36.028+0000] {processor.py:836} INFO - DAG(s) dict_keys(['example_external_task_marker_child', 'example_external_task_marker_parent']) retrieved from /home/airflow/.local/lib/python3.7/site-packages/airflow/example_dags/example_external_task_marker_dag.py
[2023-08-13T18:56:36.049+0000] {logging_mixin.py:149} INFO - [2023-08-13T18:56:36.049+0000] {dag.py:2726} INFO - Sync 2 DAGs
[2023-08-13T18:56:36.065+0000] {logging_mixin.py:149} INFO - [2023-08-13T18:56:36.064+0000] {dag.py:3490} INFO - Setting next_dagrun for example_external_task_marker_child to None, run_after=None
[2023-08-13T18:56:36.067+0000] {logging_mixin.py:149} INFO - [2023-08-13T18:56:36.067+0000] {dag.py:3490} INFO - Setting next_dagrun for example_external_task_marker_parent to None, run_after=None
[2023-08-13T18:56:36.076+0000] {processor.py:179} INFO - Processing /home/airflow/.local/lib/python3.7/site-packages/airflow/example_dags/example_external_task_marker_dag.py took 0.057 seconds
[2023-08-13T22:23:21.818+0000] {processor.py:157} INFO - Started process (PID=69403) to work on /home/airflow/.local/lib/python3.7/site-packages/airflow/example_dags/example_external_task_marker_dag.py
[2023-08-13T22:23:21.828+0000] {processor.py:826} INFO - Processing file /home/airflow/.local/lib/python3.7/site-packages/airflow/example_dags/example_external_task_marker_dag.py for tasks to queue
[2023-08-13T22:23:21.829+0000] {logging_mixin.py:149} INFO - [2023-08-13T22:23:21.829+0000] {dagbag.py:541} INFO - Filling up the DagBag from /home/airflow/.local/lib/python3.7/site-packages/airflow/example_dags/example_external_task_marker_dag.py
[2023-08-13T22:23:21.839+0000] {processor.py:836} INFO - DAG(s) dict_keys(['example_external_task_marker_parent', 'example_external_task_marker_child']) retrieved from /home/airflow/.local/lib/python3.7/site-packages/airflow/example_dags/example_external_task_marker_dag.py
[2023-08-13T22:23:21.872+0000] {logging_mixin.py:149} INFO - [2023-08-13T22:23:21.872+0000] {dag.py:2726} INFO - Sync 2 DAGs
[2023-08-13T22:23:21.888+0000] {logging_mixin.py:149} INFO - [2023-08-13T22:23:21.888+0000] {dag.py:3490} INFO - Setting next_dagrun for example_external_task_marker_child to None, run_after=None
[2023-08-13T22:23:21.891+0000] {logging_mixin.py:149} INFO - [2023-08-13T22:23:21.890+0000] {dag.py:3490} INFO - Setting next_dagrun for example_external_task_marker_parent to None, run_after=None
[2023-08-13T22:23:21.910+0000] {processor.py:179} INFO - Processing /home/airflow/.local/lib/python3.7/site-packages/airflow/example_dags/example_external_task_marker_dag.py took 0.095 seconds
