[2023-08-13T05:57:16.469+0000] {processor.py:157} INFO - Started process (PID=68996) to work on /home/airflow/.local/lib/python3.7/site-packages/airflow/example_dags/example_sensors.py
[2023-08-13T05:57:16.472+0000] {processor.py:826} INFO - Processing file /home/airflow/.local/lib/python3.7/site-packages/airflow/example_dags/example_sensors.py for tasks to queue
[2023-08-13T05:57:16.473+0000] {logging_mixin.py:149} INFO - [2023-08-13T05:57:16.473+0000] {dagbag.py:541} INFO - Filling up the DagBag from /home/airflow/.local/lib/python3.7/site-packages/airflow/example_dags/example_sensors.py
[2023-08-13T05:57:16.483+0000] {processor.py:836} INFO - DAG(s) dict_keys(['example_sensors']) retrieved from /home/airflow/.local/lib/python3.7/site-packages/airflow/example_dags/example_sensors.py
[2023-08-13T05:57:16.518+0000] {logging_mixin.py:149} INFO - [2023-08-13T05:57:16.517+0000] {dag.py:2726} INFO - Sync 1 DAGs
[2023-08-13T05:57:16.554+0000] {logging_mixin.py:149} INFO - [2023-08-13T05:57:16.554+0000] {dag.py:3490} INFO - Setting next_dagrun for example_sensors to None, run_after=None
[2023-08-13T05:57:16.569+0000] {processor.py:179} INFO - Processing /home/airflow/.local/lib/python3.7/site-packages/airflow/example_dags/example_sensors.py took 0.103 seconds
[2023-08-13T09:38:47.236+0000] {processor.py:157} INFO - Started process (PID=69062) to work on /home/airflow/.local/lib/python3.7/site-packages/airflow/example_dags/example_sensors.py
[2023-08-13T09:38:47.237+0000] {processor.py:826} INFO - Processing file /home/airflow/.local/lib/python3.7/site-packages/airflow/example_dags/example_sensors.py for tasks to queue
[2023-08-13T09:38:47.238+0000] {logging_mixin.py:149} INFO - [2023-08-13T09:38:47.238+0000] {dagbag.py:541} INFO - Filling up the DagBag from /home/airflow/.local/lib/python3.7/site-packages/airflow/example_dags/example_sensors.py
[2023-08-13T09:38:47.245+0000] {processor.py:836} INFO - DAG(s) dict_keys(['example_sensors']) retrieved from /home/airflow/.local/lib/python3.7/site-packages/airflow/example_dags/example_sensors.py
[2023-08-13T09:38:47.266+0000] {logging_mixin.py:149} INFO - [2023-08-13T09:38:47.266+0000] {dag.py:2726} INFO - Sync 1 DAGs
[2023-08-13T09:38:47.284+0000] {logging_mixin.py:149} INFO - [2023-08-13T09:38:47.284+0000] {dag.py:3490} INFO - Setting next_dagrun for example_sensors to None, run_after=None
[2023-08-13T09:38:47.295+0000] {processor.py:179} INFO - Processing /home/airflow/.local/lib/python3.7/site-packages/airflow/example_dags/example_sensors.py took 0.063 seconds
[2023-08-13T10:35:55.768+0000] {processor.py:157} INFO - Started process (PID=69127) to work on /home/airflow/.local/lib/python3.7/site-packages/airflow/example_dags/example_sensors.py
[2023-08-13T10:35:55.769+0000] {processor.py:826} INFO - Processing file /home/airflow/.local/lib/python3.7/site-packages/airflow/example_dags/example_sensors.py for tasks to queue
[2023-08-13T10:35:55.770+0000] {logging_mixin.py:149} INFO - [2023-08-13T10:35:55.770+0000] {dagbag.py:541} INFO - Filling up the DagBag from /home/airflow/.local/lib/python3.7/site-packages/airflow/example_dags/example_sensors.py
[2023-08-13T10:35:55.778+0000] {processor.py:836} INFO - DAG(s) dict_keys(['example_sensors']) retrieved from /home/airflow/.local/lib/python3.7/site-packages/airflow/example_dags/example_sensors.py
[2023-08-13T10:35:55.803+0000] {logging_mixin.py:149} INFO - [2023-08-13T10:35:55.803+0000] {dag.py:2726} INFO - Sync 1 DAGs
[2023-08-13T10:35:55.818+0000] {logging_mixin.py:149} INFO - [2023-08-13T10:35:55.818+0000] {dag.py:3490} INFO - Setting next_dagrun for example_sensors to None, run_after=None
[2023-08-13T10:35:55.829+0000] {processor.py:179} INFO - Processing /home/airflow/.local/lib/python3.7/site-packages/airflow/example_dags/example_sensors.py took 0.064 seconds
[2023-08-13T12:00:11.217+0000] {processor.py:157} INFO - Started process (PID=69193) to work on /home/airflow/.local/lib/python3.7/site-packages/airflow/example_dags/example_sensors.py
[2023-08-13T12:00:11.218+0000] {processor.py:826} INFO - Processing file /home/airflow/.local/lib/python3.7/site-packages/airflow/example_dags/example_sensors.py for tasks to queue
[2023-08-13T12:00:11.219+0000] {logging_mixin.py:149} INFO - [2023-08-13T12:00:11.219+0000] {dagbag.py:541} INFO - Filling up the DagBag from /home/airflow/.local/lib/python3.7/site-packages/airflow/example_dags/example_sensors.py
[2023-08-13T12:00:11.226+0000] {processor.py:836} INFO - DAG(s) dict_keys(['example_sensors']) retrieved from /home/airflow/.local/lib/python3.7/site-packages/airflow/example_dags/example_sensors.py
[2023-08-13T12:00:11.247+0000] {logging_mixin.py:149} INFO - [2023-08-13T12:00:11.247+0000] {dag.py:2726} INFO - Sync 1 DAGs
[2023-08-13T12:00:11.262+0000] {logging_mixin.py:149} INFO - [2023-08-13T12:00:11.262+0000] {dag.py:3490} INFO - Setting next_dagrun for example_sensors to None, run_after=None
[2023-08-13T12:00:11.272+0000] {processor.py:179} INFO - Processing /home/airflow/.local/lib/python3.7/site-packages/airflow/example_dags/example_sensors.py took 0.058 seconds
[2023-08-13T14:10:27.418+0000] {processor.py:157} INFO - Started process (PID=69259) to work on /home/airflow/.local/lib/python3.7/site-packages/airflow/example_dags/example_sensors.py
[2023-08-13T14:10:27.419+0000] {processor.py:826} INFO - Processing file /home/airflow/.local/lib/python3.7/site-packages/airflow/example_dags/example_sensors.py for tasks to queue
[2023-08-13T14:10:27.419+0000] {logging_mixin.py:149} INFO - [2023-08-13T14:10:27.419+0000] {dagbag.py:541} INFO - Filling up the DagBag from /home/airflow/.local/lib/python3.7/site-packages/airflow/example_dags/example_sensors.py
[2023-08-13T14:10:27.427+0000] {processor.py:836} INFO - DAG(s) dict_keys(['example_sensors']) retrieved from /home/airflow/.local/lib/python3.7/site-packages/airflow/example_dags/example_sensors.py
[2023-08-13T14:10:27.450+0000] {logging_mixin.py:149} INFO - [2023-08-13T14:10:27.450+0000] {dag.py:2726} INFO - Sync 1 DAGs
[2023-08-13T14:10:27.468+0000] {logging_mixin.py:149} INFO - [2023-08-13T14:10:27.468+0000] {dag.py:3490} INFO - Setting next_dagrun for example_sensors to None, run_after=None
[2023-08-13T14:10:27.481+0000] {processor.py:179} INFO - Processing /home/airflow/.local/lib/python3.7/site-packages/airflow/example_dags/example_sensors.py took 0.066 seconds
[2023-08-13T18:56:35.315+0000] {processor.py:157} INFO - Started process (PID=69324) to work on /home/airflow/.local/lib/python3.7/site-packages/airflow/example_dags/example_sensors.py
[2023-08-13T18:56:35.316+0000] {processor.py:826} INFO - Processing file /home/airflow/.local/lib/python3.7/site-packages/airflow/example_dags/example_sensors.py for tasks to queue
[2023-08-13T18:56:35.317+0000] {logging_mixin.py:149} INFO - [2023-08-13T18:56:35.317+0000] {dagbag.py:541} INFO - Filling up the DagBag from /home/airflow/.local/lib/python3.7/site-packages/airflow/example_dags/example_sensors.py
[2023-08-13T18:56:35.325+0000] {processor.py:836} INFO - DAG(s) dict_keys(['example_sensors']) retrieved from /home/airflow/.local/lib/python3.7/site-packages/airflow/example_dags/example_sensors.py
[2023-08-13T18:56:35.349+0000] {logging_mixin.py:149} INFO - [2023-08-13T18:56:35.349+0000] {dag.py:2726} INFO - Sync 1 DAGs
[2023-08-13T18:56:35.365+0000] {logging_mixin.py:149} INFO - [2023-08-13T18:56:35.365+0000] {dag.py:3490} INFO - Setting next_dagrun for example_sensors to None, run_after=None
[2023-08-13T18:56:35.376+0000] {processor.py:179} INFO - Processing /home/airflow/.local/lib/python3.7/site-packages/airflow/example_dags/example_sensors.py took 0.065 seconds
[2023-08-13T22:23:20.778+0000] {processor.py:157} INFO - Started process (PID=69390) to work on /home/airflow/.local/lib/python3.7/site-packages/airflow/example_dags/example_sensors.py
[2023-08-13T22:23:20.781+0000] {processor.py:826} INFO - Processing file /home/airflow/.local/lib/python3.7/site-packages/airflow/example_dags/example_sensors.py for tasks to queue
[2023-08-13T22:23:20.782+0000] {logging_mixin.py:149} INFO - [2023-08-13T22:23:20.782+0000] {dagbag.py:541} INFO - Filling up the DagBag from /home/airflow/.local/lib/python3.7/site-packages/airflow/example_dags/example_sensors.py
[2023-08-13T22:23:20.803+0000] {processor.py:836} INFO - DAG(s) dict_keys(['example_sensors']) retrieved from /home/airflow/.local/lib/python3.7/site-packages/airflow/example_dags/example_sensors.py
[2023-08-13T22:23:20.839+0000] {logging_mixin.py:149} INFO - [2023-08-13T22:23:20.839+0000] {dag.py:2726} INFO - Sync 1 DAGs
[2023-08-13T22:23:20.875+0000] {logging_mixin.py:149} INFO - [2023-08-13T22:23:20.875+0000] {dag.py:3490} INFO - Setting next_dagrun for example_sensors to None, run_after=None
[2023-08-13T22:23:20.898+0000] {processor.py:179} INFO - Processing /home/airflow/.local/lib/python3.7/site-packages/airflow/example_dags/example_sensors.py took 0.126 seconds
