[2023-08-13T05:57:17.505+0000] {processor.py:157} INFO - Started process (PID=69014) to work on /home/airflow/.local/lib/python3.7/site-packages/airflow/example_dags/example_params_trigger_ui.py
[2023-08-13T05:57:17.507+0000] {processor.py:826} INFO - Processing file /home/airflow/.local/lib/python3.7/site-packages/airflow/example_dags/example_params_trigger_ui.py for tasks to queue
[2023-08-13T05:57:17.509+0000] {logging_mixin.py:149} INFO - [2023-08-13T05:57:17.508+0000] {dagbag.py:541} INFO - Filling up the DagBag from /home/airflow/.local/lib/python3.7/site-packages/airflow/example_dags/example_params_trigger_ui.py
[2023-08-13T05:57:17.531+0000] {processor.py:836} INFO - DAG(s) dict_keys(['example_params_trigger_ui']) retrieved from /home/airflow/.local/lib/python3.7/site-packages/airflow/example_dags/example_params_trigger_ui.py
[2023-08-13T05:57:17.587+0000] {logging_mixin.py:149} INFO - [2023-08-13T05:57:17.587+0000] {dag.py:2726} INFO - Sync 1 DAGs
[2023-08-13T05:57:17.603+0000] {logging_mixin.py:149} INFO - [2023-08-13T05:57:17.603+0000] {dag.py:3490} INFO - Setting next_dagrun for example_params_trigger_ui to None, run_after=None
[2023-08-13T05:57:17.618+0000] {processor.py:179} INFO - Processing /home/airflow/.local/lib/python3.7/site-packages/airflow/example_dags/example_params_trigger_ui.py took 0.116 seconds
[2023-08-13T09:38:48.187+0000] {processor.py:157} INFO - Started process (PID=69080) to work on /home/airflow/.local/lib/python3.7/site-packages/airflow/example_dags/example_params_trigger_ui.py
[2023-08-13T09:38:48.189+0000] {processor.py:826} INFO - Processing file /home/airflow/.local/lib/python3.7/site-packages/airflow/example_dags/example_params_trigger_ui.py for tasks to queue
[2023-08-13T09:38:48.189+0000] {logging_mixin.py:149} INFO - [2023-08-13T09:38:48.189+0000] {dagbag.py:541} INFO - Filling up the DagBag from /home/airflow/.local/lib/python3.7/site-packages/airflow/example_dags/example_params_trigger_ui.py
[2023-08-13T09:38:48.206+0000] {processor.py:836} INFO - DAG(s) dict_keys(['example_params_trigger_ui']) retrieved from /home/airflow/.local/lib/python3.7/site-packages/airflow/example_dags/example_params_trigger_ui.py
[2023-08-13T09:38:48.260+0000] {logging_mixin.py:149} INFO - [2023-08-13T09:38:48.260+0000] {dag.py:2726} INFO - Sync 1 DAGs
[2023-08-13T09:38:48.288+0000] {logging_mixin.py:149} INFO - [2023-08-13T09:38:48.287+0000] {dag.py:3490} INFO - Setting next_dagrun for example_params_trigger_ui to None, run_after=None
[2023-08-13T09:38:48.304+0000] {processor.py:179} INFO - Processing /home/airflow/.local/lib/python3.7/site-packages/airflow/example_dags/example_params_trigger_ui.py took 0.119 seconds
[2023-08-13T10:35:56.719+0000] {processor.py:157} INFO - Started process (PID=69145) to work on /home/airflow/.local/lib/python3.7/site-packages/airflow/example_dags/example_params_trigger_ui.py
[2023-08-13T10:35:56.719+0000] {processor.py:826} INFO - Processing file /home/airflow/.local/lib/python3.7/site-packages/airflow/example_dags/example_params_trigger_ui.py for tasks to queue
[2023-08-13T10:35:56.720+0000] {logging_mixin.py:149} INFO - [2023-08-13T10:35:56.720+0000] {dagbag.py:541} INFO - Filling up the DagBag from /home/airflow/.local/lib/python3.7/site-packages/airflow/example_dags/example_params_trigger_ui.py
[2023-08-13T10:35:56.736+0000] {processor.py:836} INFO - DAG(s) dict_keys(['example_params_trigger_ui']) retrieved from /home/airflow/.local/lib/python3.7/site-packages/airflow/example_dags/example_params_trigger_ui.py
[2023-08-13T10:35:56.793+0000] {logging_mixin.py:149} INFO - [2023-08-13T10:35:56.793+0000] {dag.py:2726} INFO - Sync 1 DAGs
[2023-08-13T10:35:56.808+0000] {logging_mixin.py:149} INFO - [2023-08-13T10:35:56.808+0000] {dag.py:3490} INFO - Setting next_dagrun for example_params_trigger_ui to None, run_after=None
[2023-08-13T10:35:56.820+0000] {processor.py:179} INFO - Processing /home/airflow/.local/lib/python3.7/site-packages/airflow/example_dags/example_params_trigger_ui.py took 0.104 seconds
[2023-08-13T12:00:12.164+0000] {processor.py:157} INFO - Started process (PID=69211) to work on /home/airflow/.local/lib/python3.7/site-packages/airflow/example_dags/example_params_trigger_ui.py
[2023-08-13T12:00:12.165+0000] {processor.py:826} INFO - Processing file /home/airflow/.local/lib/python3.7/site-packages/airflow/example_dags/example_params_trigger_ui.py for tasks to queue
[2023-08-13T12:00:12.166+0000] {logging_mixin.py:149} INFO - [2023-08-13T12:00:12.166+0000] {dagbag.py:541} INFO - Filling up the DagBag from /home/airflow/.local/lib/python3.7/site-packages/airflow/example_dags/example_params_trigger_ui.py
[2023-08-13T12:00:12.183+0000] {processor.py:836} INFO - DAG(s) dict_keys(['example_params_trigger_ui']) retrieved from /home/airflow/.local/lib/python3.7/site-packages/airflow/example_dags/example_params_trigger_ui.py
[2023-08-13T12:00:12.232+0000] {logging_mixin.py:149} INFO - [2023-08-13T12:00:12.232+0000] {dag.py:2726} INFO - Sync 1 DAGs
[2023-08-13T12:00:12.250+0000] {logging_mixin.py:149} INFO - [2023-08-13T12:00:12.250+0000] {dag.py:3490} INFO - Setting next_dagrun for example_params_trigger_ui to None, run_after=None
[2023-08-13T12:00:12.262+0000] {processor.py:179} INFO - Processing /home/airflow/.local/lib/python3.7/site-packages/airflow/example_dags/example_params_trigger_ui.py took 0.101 seconds
[2023-08-13T14:10:28.377+0000] {processor.py:157} INFO - Started process (PID=69277) to work on /home/airflow/.local/lib/python3.7/site-packages/airflow/example_dags/example_params_trigger_ui.py
[2023-08-13T14:10:28.378+0000] {processor.py:826} INFO - Processing file /home/airflow/.local/lib/python3.7/site-packages/airflow/example_dags/example_params_trigger_ui.py for tasks to queue
[2023-08-13T14:10:28.379+0000] {logging_mixin.py:149} INFO - [2023-08-13T14:10:28.379+0000] {dagbag.py:541} INFO - Filling up the DagBag from /home/airflow/.local/lib/python3.7/site-packages/airflow/example_dags/example_params_trigger_ui.py
[2023-08-13T14:10:28.398+0000] {processor.py:836} INFO - DAG(s) dict_keys(['example_params_trigger_ui']) retrieved from /home/airflow/.local/lib/python3.7/site-packages/airflow/example_dags/example_params_trigger_ui.py
[2023-08-13T14:10:28.447+0000] {logging_mixin.py:149} INFO - [2023-08-13T14:10:28.447+0000] {dag.py:2726} INFO - Sync 1 DAGs
[2023-08-13T14:10:28.462+0000] {logging_mixin.py:149} INFO - [2023-08-13T14:10:28.462+0000] {dag.py:3490} INFO - Setting next_dagrun for example_params_trigger_ui to None, run_after=None
[2023-08-13T14:10:28.476+0000] {processor.py:179} INFO - Processing /home/airflow/.local/lib/python3.7/site-packages/airflow/example_dags/example_params_trigger_ui.py took 0.102 seconds
[2023-08-13T18:56:36.352+0000] {processor.py:157} INFO - Started process (PID=69342) to work on /home/airflow/.local/lib/python3.7/site-packages/airflow/example_dags/example_params_trigger_ui.py
[2023-08-13T18:56:36.354+0000] {processor.py:826} INFO - Processing file /home/airflow/.local/lib/python3.7/site-packages/airflow/example_dags/example_params_trigger_ui.py for tasks to queue
[2023-08-13T18:56:36.355+0000] {logging_mixin.py:149} INFO - [2023-08-13T18:56:36.355+0000] {dagbag.py:541} INFO - Filling up the DagBag from /home/airflow/.local/lib/python3.7/site-packages/airflow/example_dags/example_params_trigger_ui.py
[2023-08-13T18:56:36.371+0000] {processor.py:836} INFO - DAG(s) dict_keys(['example_params_trigger_ui']) retrieved from /home/airflow/.local/lib/python3.7/site-packages/airflow/example_dags/example_params_trigger_ui.py
[2023-08-13T18:56:36.417+0000] {logging_mixin.py:149} INFO - [2023-08-13T18:56:36.417+0000] {dag.py:2726} INFO - Sync 1 DAGs
[2023-08-13T18:56:36.433+0000] {logging_mixin.py:149} INFO - [2023-08-13T18:56:36.433+0000] {dag.py:3490} INFO - Setting next_dagrun for example_params_trigger_ui to None, run_after=None
[2023-08-13T18:56:36.446+0000] {processor.py:179} INFO - Processing /home/airflow/.local/lib/python3.7/site-packages/airflow/example_dags/example_params_trigger_ui.py took 0.097 seconds
[2023-08-13T22:23:22.179+0000] {processor.py:157} INFO - Started process (PID=69408) to work on /home/airflow/.local/lib/python3.7/site-packages/airflow/example_dags/example_params_trigger_ui.py
[2023-08-13T22:23:22.181+0000] {processor.py:826} INFO - Processing file /home/airflow/.local/lib/python3.7/site-packages/airflow/example_dags/example_params_trigger_ui.py for tasks to queue
[2023-08-13T22:23:22.181+0000] {logging_mixin.py:149} INFO - [2023-08-13T22:23:22.181+0000] {dagbag.py:541} INFO - Filling up the DagBag from /home/airflow/.local/lib/python3.7/site-packages/airflow/example_dags/example_params_trigger_ui.py
[2023-08-13T22:23:22.197+0000] {processor.py:836} INFO - DAG(s) dict_keys(['example_params_trigger_ui']) retrieved from /home/airflow/.local/lib/python3.7/site-packages/airflow/example_dags/example_params_trigger_ui.py
[2023-08-13T22:23:22.244+0000] {logging_mixin.py:149} INFO - [2023-08-13T22:23:22.244+0000] {dag.py:2726} INFO - Sync 1 DAGs
[2023-08-13T22:23:22.260+0000] {logging_mixin.py:149} INFO - [2023-08-13T22:23:22.260+0000] {dag.py:3490} INFO - Setting next_dagrun for example_params_trigger_ui to None, run_after=None
[2023-08-13T22:23:22.271+0000] {processor.py:179} INFO - Processing /home/airflow/.local/lib/python3.7/site-packages/airflow/example_dags/example_params_trigger_ui.py took 0.094 seconds
