[2023-08-13T05:57:18.899+0000] {processor.py:157} INFO - Started process (PID=69027) to work on /home/airflow/.local/lib/python3.7/site-packages/airflow/example_dags/example_short_circuit_decorator.py
[2023-08-13T05:57:18.900+0000] {processor.py:826} INFO - Processing file /home/airflow/.local/lib/python3.7/site-packages/airflow/example_dags/example_short_circuit_decorator.py for tasks to queue
[2023-08-13T05:57:18.901+0000] {logging_mixin.py:149} INFO - [2023-08-13T05:57:18.901+0000] {dagbag.py:541} INFO - Filling up the DagBag from /home/airflow/.local/lib/python3.7/site-packages/airflow/example_dags/example_short_circuit_decorator.py
[2023-08-13T05:57:18.908+0000] {processor.py:836} INFO - DAG(s) dict_keys(['example_short_circuit_decorator']) retrieved from /home/airflow/.local/lib/python3.7/site-packages/airflow/example_dags/example_short_circuit_decorator.py
[2023-08-13T05:57:18.938+0000] {logging_mixin.py:149} INFO - [2023-08-13T05:57:18.938+0000] {dag.py:2726} INFO - Sync 1 DAGs
[2023-08-13T05:57:18.954+0000] {logging_mixin.py:149} INFO - [2023-08-13T05:57:18.954+0000] {dag.py:3490} INFO - Setting next_dagrun for example_short_circuit_decorator to 2023-08-12T05:57:18.954378+00:00, run_after=2023-08-13T05:57:18.954378+00:00
[2023-08-13T05:57:18.967+0000] {processor.py:179} INFO - Processing /home/airflow/.local/lib/python3.7/site-packages/airflow/example_dags/example_short_circuit_decorator.py took 0.071 seconds
[2023-08-13T09:38:49.079+0000] {processor.py:157} INFO - Started process (PID=69093) to work on /home/airflow/.local/lib/python3.7/site-packages/airflow/example_dags/example_short_circuit_decorator.py
[2023-08-13T09:38:49.080+0000] {processor.py:826} INFO - Processing file /home/airflow/.local/lib/python3.7/site-packages/airflow/example_dags/example_short_circuit_decorator.py for tasks to queue
[2023-08-13T09:38:49.081+0000] {logging_mixin.py:149} INFO - [2023-08-13T09:38:49.081+0000] {dagbag.py:541} INFO - Filling up the DagBag from /home/airflow/.local/lib/python3.7/site-packages/airflow/example_dags/example_short_circuit_decorator.py
[2023-08-13T09:38:49.089+0000] {processor.py:836} INFO - DAG(s) dict_keys(['example_short_circuit_decorator']) retrieved from /home/airflow/.local/lib/python3.7/site-packages/airflow/example_dags/example_short_circuit_decorator.py
[2023-08-13T09:38:49.112+0000] {logging_mixin.py:149} INFO - [2023-08-13T09:38:49.111+0000] {dag.py:2726} INFO - Sync 1 DAGs
[2023-08-13T09:38:49.130+0000] {logging_mixin.py:149} INFO - [2023-08-13T09:38:49.129+0000] {dag.py:3490} INFO - Setting next_dagrun for example_short_circuit_decorator to 2023-08-12T09:38:49.129779+00:00, run_after=2023-08-13T09:38:49.129779+00:00
[2023-08-13T09:38:49.147+0000] {processor.py:179} INFO - Processing /home/airflow/.local/lib/python3.7/site-packages/airflow/example_dags/example_short_circuit_decorator.py took 0.070 seconds
[2023-08-13T10:35:57.590+0000] {processor.py:157} INFO - Started process (PID=69158) to work on /home/airflow/.local/lib/python3.7/site-packages/airflow/example_dags/example_short_circuit_decorator.py
[2023-08-13T10:35:57.591+0000] {processor.py:826} INFO - Processing file /home/airflow/.local/lib/python3.7/site-packages/airflow/example_dags/example_short_circuit_decorator.py for tasks to queue
[2023-08-13T10:35:57.591+0000] {logging_mixin.py:149} INFO - [2023-08-13T10:35:57.591+0000] {dagbag.py:541} INFO - Filling up the DagBag from /home/airflow/.local/lib/python3.7/site-packages/airflow/example_dags/example_short_circuit_decorator.py
[2023-08-13T10:35:57.598+0000] {processor.py:836} INFO - DAG(s) dict_keys(['example_short_circuit_decorator']) retrieved from /home/airflow/.local/lib/python3.7/site-packages/airflow/example_dags/example_short_circuit_decorator.py
[2023-08-13T10:35:57.622+0000] {logging_mixin.py:149} INFO - [2023-08-13T10:35:57.622+0000] {dag.py:2726} INFO - Sync 1 DAGs
[2023-08-13T10:35:57.643+0000] {logging_mixin.py:149} INFO - [2023-08-13T10:35:57.643+0000] {dag.py:3490} INFO - Setting next_dagrun for example_short_circuit_decorator to 2023-08-12T10:35:57.642915+00:00, run_after=2023-08-13T10:35:57.642915+00:00
[2023-08-13T10:35:57.656+0000] {processor.py:179} INFO - Processing /home/airflow/.local/lib/python3.7/site-packages/airflow/example_dags/example_short_circuit_decorator.py took 0.069 seconds
[2023-08-13T12:00:13.075+0000] {processor.py:157} INFO - Started process (PID=69224) to work on /home/airflow/.local/lib/python3.7/site-packages/airflow/example_dags/example_short_circuit_decorator.py
[2023-08-13T12:00:13.076+0000] {processor.py:826} INFO - Processing file /home/airflow/.local/lib/python3.7/site-packages/airflow/example_dags/example_short_circuit_decorator.py for tasks to queue
[2023-08-13T12:00:13.077+0000] {logging_mixin.py:149} INFO - [2023-08-13T12:00:13.077+0000] {dagbag.py:541} INFO - Filling up the DagBag from /home/airflow/.local/lib/python3.7/site-packages/airflow/example_dags/example_short_circuit_decorator.py
[2023-08-13T12:00:13.085+0000] {processor.py:836} INFO - DAG(s) dict_keys(['example_short_circuit_decorator']) retrieved from /home/airflow/.local/lib/python3.7/site-packages/airflow/example_dags/example_short_circuit_decorator.py
[2023-08-13T12:00:13.106+0000] {logging_mixin.py:149} INFO - [2023-08-13T12:00:13.106+0000] {dag.py:2726} INFO - Sync 1 DAGs
[2023-08-13T12:00:13.126+0000] {logging_mixin.py:149} INFO - [2023-08-13T12:00:13.126+0000] {dag.py:3490} INFO - Setting next_dagrun for example_short_circuit_decorator to 2023-08-12T12:00:13.126253+00:00, run_after=2023-08-13T12:00:13.126253+00:00
[2023-08-13T12:00:13.144+0000] {processor.py:179} INFO - Processing /home/airflow/.local/lib/python3.7/site-packages/airflow/example_dags/example_short_circuit_decorator.py took 0.072 seconds
[2023-08-13T14:10:29.259+0000] {processor.py:157} INFO - Started process (PID=69290) to work on /home/airflow/.local/lib/python3.7/site-packages/airflow/example_dags/example_short_circuit_decorator.py
[2023-08-13T14:10:29.260+0000] {processor.py:826} INFO - Processing file /home/airflow/.local/lib/python3.7/site-packages/airflow/example_dags/example_short_circuit_decorator.py for tasks to queue
[2023-08-13T14:10:29.261+0000] {logging_mixin.py:149} INFO - [2023-08-13T14:10:29.261+0000] {dagbag.py:541} INFO - Filling up the DagBag from /home/airflow/.local/lib/python3.7/site-packages/airflow/example_dags/example_short_circuit_decorator.py
[2023-08-13T14:10:29.267+0000] {processor.py:836} INFO - DAG(s) dict_keys(['example_short_circuit_decorator']) retrieved from /home/airflow/.local/lib/python3.7/site-packages/airflow/example_dags/example_short_circuit_decorator.py
[2023-08-13T14:10:29.287+0000] {logging_mixin.py:149} INFO - [2023-08-13T14:10:29.287+0000] {dag.py:2726} INFO - Sync 1 DAGs
[2023-08-13T14:10:29.302+0000] {logging_mixin.py:149} INFO - [2023-08-13T14:10:29.302+0000] {dag.py:3490} INFO - Setting next_dagrun for example_short_circuit_decorator to 2023-08-12T14:10:29.301960+00:00, run_after=2023-08-13T14:10:29.301960+00:00
[2023-08-13T14:10:29.312+0000] {processor.py:179} INFO - Processing /home/airflow/.local/lib/python3.7/site-packages/airflow/example_dags/example_short_circuit_decorator.py took 0.055 seconds
[2023-08-13T18:56:37.202+0000] {processor.py:157} INFO - Started process (PID=69355) to work on /home/airflow/.local/lib/python3.7/site-packages/airflow/example_dags/example_short_circuit_decorator.py
[2023-08-13T18:56:37.203+0000] {processor.py:826} INFO - Processing file /home/airflow/.local/lib/python3.7/site-packages/airflow/example_dags/example_short_circuit_decorator.py for tasks to queue
[2023-08-13T18:56:37.204+0000] {logging_mixin.py:149} INFO - [2023-08-13T18:56:37.204+0000] {dagbag.py:541} INFO - Filling up the DagBag from /home/airflow/.local/lib/python3.7/site-packages/airflow/example_dags/example_short_circuit_decorator.py
[2023-08-13T18:56:37.212+0000] {processor.py:836} INFO - DAG(s) dict_keys(['example_short_circuit_decorator']) retrieved from /home/airflow/.local/lib/python3.7/site-packages/airflow/example_dags/example_short_circuit_decorator.py
[2023-08-13T18:56:37.238+0000] {logging_mixin.py:149} INFO - [2023-08-13T18:56:37.238+0000] {dag.py:2726} INFO - Sync 1 DAGs
[2023-08-13T18:56:37.255+0000] {logging_mixin.py:149} INFO - [2023-08-13T18:56:37.255+0000] {dag.py:3490} INFO - Setting next_dagrun for example_short_circuit_decorator to 2023-08-12T18:56:37.255175+00:00, run_after=2023-08-13T18:56:37.255175+00:00
[2023-08-13T18:56:37.266+0000] {processor.py:179} INFO - Processing /home/airflow/.local/lib/python3.7/site-packages/airflow/example_dags/example_short_circuit_decorator.py took 0.068 seconds
[2023-08-13T22:23:23.121+0000] {processor.py:157} INFO - Started process (PID=69421) to work on /home/airflow/.local/lib/python3.7/site-packages/airflow/example_dags/example_short_circuit_decorator.py
[2023-08-13T22:23:23.122+0000] {processor.py:826} INFO - Processing file /home/airflow/.local/lib/python3.7/site-packages/airflow/example_dags/example_short_circuit_decorator.py for tasks to queue
[2023-08-13T22:23:23.123+0000] {logging_mixin.py:149} INFO - [2023-08-13T22:23:23.123+0000] {dagbag.py:541} INFO - Filling up the DagBag from /home/airflow/.local/lib/python3.7/site-packages/airflow/example_dags/example_short_circuit_decorator.py
[2023-08-13T22:23:23.130+0000] {processor.py:836} INFO - DAG(s) dict_keys(['example_short_circuit_decorator']) retrieved from /home/airflow/.local/lib/python3.7/site-packages/airflow/example_dags/example_short_circuit_decorator.py
[2023-08-13T22:23:23.153+0000] {logging_mixin.py:149} INFO - [2023-08-13T22:23:23.153+0000] {dag.py:2726} INFO - Sync 1 DAGs
[2023-08-13T22:23:23.170+0000] {logging_mixin.py:149} INFO - [2023-08-13T22:23:23.170+0000] {dag.py:3490} INFO - Setting next_dagrun for example_short_circuit_decorator to 2023-08-12T22:23:23.170478+00:00, run_after=2023-08-13T22:23:23.170478+00:00
[2023-08-13T22:23:23.188+0000] {processor.py:179} INFO - Processing /home/airflow/.local/lib/python3.7/site-packages/airflow/example_dags/example_short_circuit_decorator.py took 0.072 seconds
