[2023-08-13T05:57:16.630+0000] {processor.py:157} INFO - Started process (PID=68999) to work on /home/airflow/.local/lib/python3.7/site-packages/airflow/example_dags/example_sla_dag.py
[2023-08-13T05:57:16.633+0000] {processor.py:826} INFO - Processing file /home/airflow/.local/lib/python3.7/site-packages/airflow/example_dags/example_sla_dag.py for tasks to queue
[2023-08-13T05:57:16.634+0000] {logging_mixin.py:149} INFO - [2023-08-13T05:57:16.634+0000] {dagbag.py:541} INFO - Filling up the DagBag from /home/airflow/.local/lib/python3.7/site-packages/airflow/example_dags/example_sla_dag.py
[2023-08-13T05:57:16.644+0000] {processor.py:836} INFO - DAG(s) dict_keys(['example_sla_dag']) retrieved from /home/airflow/.local/lib/python3.7/site-packages/airflow/example_dags/example_sla_dag.py
[2023-08-13T05:57:16.676+0000] {logging_mixin.py:149} INFO - [2023-08-13T05:57:16.676+0000] {dag.py:2726} INFO - Sync 1 DAGs
[2023-08-13T05:57:16.696+0000] {logging_mixin.py:149} INFO - [2023-08-13T05:57:16.696+0000] {dag.py:3490} INFO - Setting next_dagrun for example_sla_dag to 2023-08-13T05:54:00+00:00, run_after=2023-08-13T05:56:00+00:00
[2023-08-13T05:57:16.711+0000] {processor.py:179} INFO - Processing /home/airflow/.local/lib/python3.7/site-packages/airflow/example_dags/example_sla_dag.py took 0.084 seconds
[2023-08-13T09:38:47.399+0000] {processor.py:157} INFO - Started process (PID=69065) to work on /home/airflow/.local/lib/python3.7/site-packages/airflow/example_dags/example_sla_dag.py
[2023-08-13T09:38:47.400+0000] {processor.py:826} INFO - Processing file /home/airflow/.local/lib/python3.7/site-packages/airflow/example_dags/example_sla_dag.py for tasks to queue
[2023-08-13T09:38:47.401+0000] {logging_mixin.py:149} INFO - [2023-08-13T09:38:47.400+0000] {dagbag.py:541} INFO - Filling up the DagBag from /home/airflow/.local/lib/python3.7/site-packages/airflow/example_dags/example_sla_dag.py
[2023-08-13T09:38:47.407+0000] {processor.py:836} INFO - DAG(s) dict_keys(['example_sla_dag']) retrieved from /home/airflow/.local/lib/python3.7/site-packages/airflow/example_dags/example_sla_dag.py
[2023-08-13T09:38:47.427+0000] {logging_mixin.py:149} INFO - [2023-08-13T09:38:47.427+0000] {dag.py:2726} INFO - Sync 1 DAGs
[2023-08-13T09:38:47.442+0000] {logging_mixin.py:149} INFO - [2023-08-13T09:38:47.442+0000] {dag.py:3490} INFO - Setting next_dagrun for example_sla_dag to 2023-08-13T09:36:00+00:00, run_after=2023-08-13T09:38:00+00:00
[2023-08-13T09:38:47.453+0000] {processor.py:179} INFO - Processing /home/airflow/.local/lib/python3.7/site-packages/airflow/example_dags/example_sla_dag.py took 0.057 seconds
[2023-08-13T10:35:55.928+0000] {processor.py:157} INFO - Started process (PID=69130) to work on /home/airflow/.local/lib/python3.7/site-packages/airflow/example_dags/example_sla_dag.py
[2023-08-13T10:35:55.929+0000] {processor.py:826} INFO - Processing file /home/airflow/.local/lib/python3.7/site-packages/airflow/example_dags/example_sla_dag.py for tasks to queue
[2023-08-13T10:35:55.930+0000] {logging_mixin.py:149} INFO - [2023-08-13T10:35:55.930+0000] {dagbag.py:541} INFO - Filling up the DagBag from /home/airflow/.local/lib/python3.7/site-packages/airflow/example_dags/example_sla_dag.py
[2023-08-13T10:35:55.941+0000] {processor.py:836} INFO - DAG(s) dict_keys(['example_sla_dag']) retrieved from /home/airflow/.local/lib/python3.7/site-packages/airflow/example_dags/example_sla_dag.py
[2023-08-13T10:35:55.965+0000] {logging_mixin.py:149} INFO - [2023-08-13T10:35:55.964+0000] {dag.py:2726} INFO - Sync 1 DAGs
[2023-08-13T10:35:55.982+0000] {logging_mixin.py:149} INFO - [2023-08-13T10:35:55.982+0000] {dag.py:3490} INFO - Setting next_dagrun for example_sla_dag to 2023-08-13T10:32:00+00:00, run_after=2023-08-13T10:34:00+00:00
[2023-08-13T10:35:55.994+0000] {processor.py:179} INFO - Processing /home/airflow/.local/lib/python3.7/site-packages/airflow/example_dags/example_sla_dag.py took 0.069 seconds
[2023-08-13T12:00:11.390+0000] {processor.py:157} INFO - Started process (PID=69196) to work on /home/airflow/.local/lib/python3.7/site-packages/airflow/example_dags/example_sla_dag.py
[2023-08-13T12:00:11.391+0000] {processor.py:826} INFO - Processing file /home/airflow/.local/lib/python3.7/site-packages/airflow/example_dags/example_sla_dag.py for tasks to queue
[2023-08-13T12:00:11.392+0000] {logging_mixin.py:149} INFO - [2023-08-13T12:00:11.392+0000] {dagbag.py:541} INFO - Filling up the DagBag from /home/airflow/.local/lib/python3.7/site-packages/airflow/example_dags/example_sla_dag.py
[2023-08-13T12:00:11.399+0000] {processor.py:836} INFO - DAG(s) dict_keys(['example_sla_dag']) retrieved from /home/airflow/.local/lib/python3.7/site-packages/airflow/example_dags/example_sla_dag.py
[2023-08-13T12:00:11.419+0000] {logging_mixin.py:149} INFO - [2023-08-13T12:00:11.419+0000] {dag.py:2726} INFO - Sync 1 DAGs
[2023-08-13T12:00:11.436+0000] {logging_mixin.py:149} INFO - [2023-08-13T12:00:11.435+0000] {dag.py:3490} INFO - Setting next_dagrun for example_sla_dag to 2023-08-13T11:58:00+00:00, run_after=2023-08-13T12:00:00+00:00
[2023-08-13T12:00:11.446+0000] {processor.py:179} INFO - Processing /home/airflow/.local/lib/python3.7/site-packages/airflow/example_dags/example_sla_dag.py took 0.059 seconds
[2023-08-13T14:10:27.636+0000] {processor.py:157} INFO - Started process (PID=69262) to work on /home/airflow/.local/lib/python3.7/site-packages/airflow/example_dags/example_sla_dag.py
[2023-08-13T14:10:27.637+0000] {processor.py:826} INFO - Processing file /home/airflow/.local/lib/python3.7/site-packages/airflow/example_dags/example_sla_dag.py for tasks to queue
[2023-08-13T14:10:27.637+0000] {logging_mixin.py:149} INFO - [2023-08-13T14:10:27.637+0000] {dagbag.py:541} INFO - Filling up the DagBag from /home/airflow/.local/lib/python3.7/site-packages/airflow/example_dags/example_sla_dag.py
[2023-08-13T14:10:27.646+0000] {processor.py:836} INFO - DAG(s) dict_keys(['example_sla_dag']) retrieved from /home/airflow/.local/lib/python3.7/site-packages/airflow/example_dags/example_sla_dag.py
[2023-08-13T14:10:27.668+0000] {logging_mixin.py:149} INFO - [2023-08-13T14:10:27.668+0000] {dag.py:2726} INFO - Sync 1 DAGs
[2023-08-13T14:10:27.686+0000] {logging_mixin.py:149} INFO - [2023-08-13T14:10:27.686+0000] {dag.py:3490} INFO - Setting next_dagrun for example_sla_dag to 2023-08-13T14:08:00+00:00, run_after=2023-08-13T14:10:00+00:00
[2023-08-13T14:10:27.698+0000] {processor.py:179} INFO - Processing /home/airflow/.local/lib/python3.7/site-packages/airflow/example_dags/example_sla_dag.py took 0.065 seconds
[2023-08-13T18:56:35.489+0000] {processor.py:157} INFO - Started process (PID=69327) to work on /home/airflow/.local/lib/python3.7/site-packages/airflow/example_dags/example_sla_dag.py
[2023-08-13T18:56:35.490+0000] {processor.py:826} INFO - Processing file /home/airflow/.local/lib/python3.7/site-packages/airflow/example_dags/example_sla_dag.py for tasks to queue
[2023-08-13T18:56:35.492+0000] {logging_mixin.py:149} INFO - [2023-08-13T18:56:35.491+0000] {dagbag.py:541} INFO - Filling up the DagBag from /home/airflow/.local/lib/python3.7/site-packages/airflow/example_dags/example_sla_dag.py
[2023-08-13T18:56:35.499+0000] {processor.py:836} INFO - DAG(s) dict_keys(['example_sla_dag']) retrieved from /home/airflow/.local/lib/python3.7/site-packages/airflow/example_dags/example_sla_dag.py
[2023-08-13T18:56:35.522+0000] {logging_mixin.py:149} INFO - [2023-08-13T18:56:35.522+0000] {dag.py:2726} INFO - Sync 1 DAGs
[2023-08-13T18:56:35.541+0000] {logging_mixin.py:149} INFO - [2023-08-13T18:56:35.541+0000] {dag.py:3490} INFO - Setting next_dagrun for example_sla_dag to 2023-08-13T18:54:00+00:00, run_after=2023-08-13T18:56:00+00:00
[2023-08-13T18:56:35.558+0000] {processor.py:179} INFO - Processing /home/airflow/.local/lib/python3.7/site-packages/airflow/example_dags/example_sla_dag.py took 0.073 seconds
[2023-08-13T22:23:20.976+0000] {processor.py:157} INFO - Started process (PID=69393) to work on /home/airflow/.local/lib/python3.7/site-packages/airflow/example_dags/example_sla_dag.py
[2023-08-13T22:23:20.978+0000] {processor.py:826} INFO - Processing file /home/airflow/.local/lib/python3.7/site-packages/airflow/example_dags/example_sla_dag.py for tasks to queue
[2023-08-13T22:23:20.981+0000] {logging_mixin.py:149} INFO - [2023-08-13T22:23:20.980+0000] {dagbag.py:541} INFO - Filling up the DagBag from /home/airflow/.local/lib/python3.7/site-packages/airflow/example_dags/example_sla_dag.py
[2023-08-13T22:23:20.990+0000] {processor.py:836} INFO - DAG(s) dict_keys(['example_sla_dag']) retrieved from /home/airflow/.local/lib/python3.7/site-packages/airflow/example_dags/example_sla_dag.py
[2023-08-13T22:23:21.027+0000] {logging_mixin.py:149} INFO - [2023-08-13T22:23:21.027+0000] {dag.py:2726} INFO - Sync 1 DAGs
[2023-08-13T22:23:21.069+0000] {logging_mixin.py:149} INFO - [2023-08-13T22:23:21.069+0000] {dag.py:3490} INFO - Setting next_dagrun for example_sla_dag to 2023-08-13T22:20:00+00:00, run_after=2023-08-13T22:22:00+00:00
[2023-08-13T22:23:21.095+0000] {processor.py:179} INFO - Processing /home/airflow/.local/lib/python3.7/site-packages/airflow/example_dags/example_sla_dag.py took 0.123 seconds
