[2023-08-13T05:57:17.025+0000] {processor.py:157} INFO - Started process (PID=69006) to work on /home/airflow/.local/lib/python3.7/site-packages/airflow/example_dags/tutorial_dag.py
[2023-08-13T05:57:17.026+0000] {processor.py:826} INFO - Processing file /home/airflow/.local/lib/python3.7/site-packages/airflow/example_dags/tutorial_dag.py for tasks to queue
[2023-08-13T05:57:17.027+0000] {logging_mixin.py:149} INFO - [2023-08-13T05:57:17.027+0000] {dagbag.py:541} INFO - Filling up the DagBag from /home/airflow/.local/lib/python3.7/site-packages/airflow/example_dags/tutorial_dag.py
[2023-08-13T05:57:17.033+0000] {processor.py:836} INFO - DAG(s) dict_keys(['tutorial_dag']) retrieved from /home/airflow/.local/lib/python3.7/site-packages/airflow/example_dags/tutorial_dag.py
[2023-08-13T05:57:17.058+0000] {logging_mixin.py:149} INFO - [2023-08-13T05:57:17.058+0000] {dag.py:2726} INFO - Sync 1 DAGs
[2023-08-13T05:57:17.074+0000] {logging_mixin.py:149} INFO - [2023-08-13T05:57:17.074+0000] {dag.py:3490} INFO - Setting next_dagrun for tutorial_dag to None, run_after=None
[2023-08-13T05:57:17.087+0000] {processor.py:179} INFO - Processing /home/airflow/.local/lib/python3.7/site-packages/airflow/example_dags/tutorial_dag.py took 0.070 seconds
[2023-08-13T09:38:47.760+0000] {processor.py:157} INFO - Started process (PID=69072) to work on /home/airflow/.local/lib/python3.7/site-packages/airflow/example_dags/tutorial_dag.py
[2023-08-13T09:38:47.761+0000] {processor.py:826} INFO - Processing file /home/airflow/.local/lib/python3.7/site-packages/airflow/example_dags/tutorial_dag.py for tasks to queue
[2023-08-13T09:38:47.762+0000] {logging_mixin.py:149} INFO - [2023-08-13T09:38:47.762+0000] {dagbag.py:541} INFO - Filling up the DagBag from /home/airflow/.local/lib/python3.7/site-packages/airflow/example_dags/tutorial_dag.py
[2023-08-13T09:38:47.766+0000] {processor.py:836} INFO - DAG(s) dict_keys(['tutorial_dag']) retrieved from /home/airflow/.local/lib/python3.7/site-packages/airflow/example_dags/tutorial_dag.py
[2023-08-13T09:38:47.787+0000] {logging_mixin.py:149} INFO - [2023-08-13T09:38:47.787+0000] {dag.py:2726} INFO - Sync 1 DAGs
[2023-08-13T09:38:47.804+0000] {logging_mixin.py:149} INFO - [2023-08-13T09:38:47.804+0000] {dag.py:3490} INFO - Setting next_dagrun for tutorial_dag to None, run_after=None
[2023-08-13T09:38:47.817+0000] {processor.py:179} INFO - Processing /home/airflow/.local/lib/python3.7/site-packages/airflow/example_dags/tutorial_dag.py took 0.060 seconds
[2023-08-13T10:35:56.307+0000] {processor.py:157} INFO - Started process (PID=69137) to work on /home/airflow/.local/lib/python3.7/site-packages/airflow/example_dags/tutorial_dag.py
[2023-08-13T10:35:56.308+0000] {processor.py:826} INFO - Processing file /home/airflow/.local/lib/python3.7/site-packages/airflow/example_dags/tutorial_dag.py for tasks to queue
[2023-08-13T10:35:56.325+0000] {logging_mixin.py:149} INFO - [2023-08-13T10:35:56.325+0000] {dagbag.py:541} INFO - Filling up the DagBag from /home/airflow/.local/lib/python3.7/site-packages/airflow/example_dags/tutorial_dag.py
[2023-08-13T10:35:56.330+0000] {processor.py:836} INFO - DAG(s) dict_keys(['tutorial_dag']) retrieved from /home/airflow/.local/lib/python3.7/site-packages/airflow/example_dags/tutorial_dag.py
[2023-08-13T10:35:56.354+0000] {logging_mixin.py:149} INFO - [2023-08-13T10:35:56.354+0000] {dag.py:2726} INFO - Sync 1 DAGs
[2023-08-13T10:35:56.383+0000] {logging_mixin.py:149} INFO - [2023-08-13T10:35:56.383+0000] {dag.py:3490} INFO - Setting next_dagrun for tutorial_dag to None, run_after=None
[2023-08-13T10:35:56.399+0000] {processor.py:179} INFO - Processing /home/airflow/.local/lib/python3.7/site-packages/airflow/example_dags/tutorial_dag.py took 0.095 seconds
[2023-08-13T12:00:11.761+0000] {processor.py:157} INFO - Started process (PID=69203) to work on /home/airflow/.local/lib/python3.7/site-packages/airflow/example_dags/tutorial_dag.py
[2023-08-13T12:00:11.762+0000] {processor.py:826} INFO - Processing file /home/airflow/.local/lib/python3.7/site-packages/airflow/example_dags/tutorial_dag.py for tasks to queue
[2023-08-13T12:00:11.767+0000] {logging_mixin.py:149} INFO - [2023-08-13T12:00:11.767+0000] {dagbag.py:541} INFO - Filling up the DagBag from /home/airflow/.local/lib/python3.7/site-packages/airflow/example_dags/tutorial_dag.py
[2023-08-13T12:00:11.771+0000] {processor.py:836} INFO - DAG(s) dict_keys(['tutorial_dag']) retrieved from /home/airflow/.local/lib/python3.7/site-packages/airflow/example_dags/tutorial_dag.py
[2023-08-13T12:00:11.800+0000] {logging_mixin.py:149} INFO - [2023-08-13T12:00:11.800+0000] {dag.py:2726} INFO - Sync 1 DAGs
[2023-08-13T12:00:11.820+0000] {logging_mixin.py:149} INFO - [2023-08-13T12:00:11.820+0000] {dag.py:3490} INFO - Setting next_dagrun for tutorial_dag to None, run_after=None
[2023-08-13T12:00:11.838+0000] {processor.py:179} INFO - Processing /home/airflow/.local/lib/python3.7/site-packages/airflow/example_dags/tutorial_dag.py took 0.079 seconds
[2023-08-13T14:10:27.975+0000] {processor.py:157} INFO - Started process (PID=69269) to work on /home/airflow/.local/lib/python3.7/site-packages/airflow/example_dags/tutorial_dag.py
[2023-08-13T14:10:27.976+0000] {processor.py:826} INFO - Processing file /home/airflow/.local/lib/python3.7/site-packages/airflow/example_dags/tutorial_dag.py for tasks to queue
[2023-08-13T14:10:27.977+0000] {logging_mixin.py:149} INFO - [2023-08-13T14:10:27.977+0000] {dagbag.py:541} INFO - Filling up the DagBag from /home/airflow/.local/lib/python3.7/site-packages/airflow/example_dags/tutorial_dag.py
[2023-08-13T14:10:27.982+0000] {processor.py:836} INFO - DAG(s) dict_keys(['tutorial_dag']) retrieved from /home/airflow/.local/lib/python3.7/site-packages/airflow/example_dags/tutorial_dag.py
[2023-08-13T14:10:28.002+0000] {logging_mixin.py:149} INFO - [2023-08-13T14:10:28.002+0000] {dag.py:2726} INFO - Sync 1 DAGs
[2023-08-13T14:10:28.017+0000] {logging_mixin.py:149} INFO - [2023-08-13T14:10:28.016+0000] {dag.py:3490} INFO - Setting next_dagrun for tutorial_dag to None, run_after=None
[2023-08-13T14:10:28.031+0000] {processor.py:179} INFO - Processing /home/airflow/.local/lib/python3.7/site-packages/airflow/example_dags/tutorial_dag.py took 0.059 seconds
[2023-08-13T18:56:35.909+0000] {processor.py:157} INFO - Started process (PID=69334) to work on /home/airflow/.local/lib/python3.7/site-packages/airflow/example_dags/tutorial_dag.py
[2023-08-13T18:56:35.910+0000] {processor.py:826} INFO - Processing file /home/airflow/.local/lib/python3.7/site-packages/airflow/example_dags/tutorial_dag.py for tasks to queue
[2023-08-13T18:56:35.911+0000] {logging_mixin.py:149} INFO - [2023-08-13T18:56:35.911+0000] {dagbag.py:541} INFO - Filling up the DagBag from /home/airflow/.local/lib/python3.7/site-packages/airflow/example_dags/tutorial_dag.py
[2023-08-13T18:56:35.917+0000] {processor.py:836} INFO - DAG(s) dict_keys(['tutorial_dag']) retrieved from /home/airflow/.local/lib/python3.7/site-packages/airflow/example_dags/tutorial_dag.py
[2023-08-13T18:56:35.940+0000] {logging_mixin.py:149} INFO - [2023-08-13T18:56:35.940+0000] {dag.py:2726} INFO - Sync 1 DAGs
[2023-08-13T18:56:35.962+0000] {logging_mixin.py:149} INFO - [2023-08-13T18:56:35.962+0000] {dag.py:3490} INFO - Setting next_dagrun for tutorial_dag to None, run_after=None
[2023-08-13T18:56:35.975+0000] {processor.py:179} INFO - Processing /home/airflow/.local/lib/python3.7/site-packages/airflow/example_dags/tutorial_dag.py took 0.069 seconds
[2023-08-13T22:23:21.588+0000] {processor.py:157} INFO - Started process (PID=69400) to work on /home/airflow/.local/lib/python3.7/site-packages/airflow/example_dags/tutorial_dag.py
[2023-08-13T22:23:21.590+0000] {processor.py:826} INFO - Processing file /home/airflow/.local/lib/python3.7/site-packages/airflow/example_dags/tutorial_dag.py for tasks to queue
[2023-08-13T22:23:21.590+0000] {logging_mixin.py:149} INFO - [2023-08-13T22:23:21.590+0000] {dagbag.py:541} INFO - Filling up the DagBag from /home/airflow/.local/lib/python3.7/site-packages/airflow/example_dags/tutorial_dag.py
[2023-08-13T22:23:21.598+0000] {processor.py:836} INFO - DAG(s) dict_keys(['tutorial_dag']) retrieved from /home/airflow/.local/lib/python3.7/site-packages/airflow/example_dags/tutorial_dag.py
[2023-08-13T22:23:21.620+0000] {logging_mixin.py:149} INFO - [2023-08-13T22:23:21.619+0000] {dag.py:2726} INFO - Sync 1 DAGs
[2023-08-13T22:23:21.643+0000] {logging_mixin.py:149} INFO - [2023-08-13T22:23:21.643+0000] {dag.py:3490} INFO - Setting next_dagrun for tutorial_dag to None, run_after=None
[2023-08-13T22:23:21.655+0000] {processor.py:179} INFO - Processing /home/airflow/.local/lib/python3.7/site-packages/airflow/example_dags/tutorial_dag.py took 0.071 seconds
