[2023-08-13T05:57:18.981+0000] {processor.py:157} INFO - Started process (PID=69029) to work on /home/airflow/.local/lib/python3.7/site-packages/airflow/example_dags/tutorial_taskflow_api.py
[2023-08-13T05:57:18.982+0000] {processor.py:826} INFO - Processing file /home/airflow/.local/lib/python3.7/site-packages/airflow/example_dags/tutorial_taskflow_api.py for tasks to queue
[2023-08-13T05:57:18.983+0000] {logging_mixin.py:149} INFO - [2023-08-13T05:57:18.983+0000] {dagbag.py:541} INFO - Filling up the DagBag from /home/airflow/.local/lib/python3.7/site-packages/airflow/example_dags/tutorial_taskflow_api.py
[2023-08-13T05:57:18.989+0000] {processor.py:836} INFO - DAG(s) dict_keys(['tutorial_taskflow_api']) retrieved from /home/airflow/.local/lib/python3.7/site-packages/airflow/example_dags/tutorial_taskflow_api.py
[2023-08-13T05:57:19.009+0000] {logging_mixin.py:149} INFO - [2023-08-13T05:57:19.009+0000] {dag.py:2726} INFO - Sync 1 DAGs
[2023-08-13T05:57:19.028+0000] {logging_mixin.py:149} INFO - [2023-08-13T05:57:19.028+0000] {dag.py:3490} INFO - Setting next_dagrun for tutorial_taskflow_api to None, run_after=None
[2023-08-13T05:57:19.040+0000] {processor.py:179} INFO - Processing /home/airflow/.local/lib/python3.7/site-packages/airflow/example_dags/tutorial_taskflow_api.py took 0.063 seconds
[2023-08-13T09:38:49.182+0000] {processor.py:157} INFO - Started process (PID=69095) to work on /home/airflow/.local/lib/python3.7/site-packages/airflow/example_dags/tutorial_taskflow_api.py
[2023-08-13T09:38:49.183+0000] {processor.py:826} INFO - Processing file /home/airflow/.local/lib/python3.7/site-packages/airflow/example_dags/tutorial_taskflow_api.py for tasks to queue
[2023-08-13T09:38:49.187+0000] {logging_mixin.py:149} INFO - [2023-08-13T09:38:49.187+0000] {dagbag.py:541} INFO - Filling up the DagBag from /home/airflow/.local/lib/python3.7/site-packages/airflow/example_dags/tutorial_taskflow_api.py
[2023-08-13T09:38:49.193+0000] {processor.py:836} INFO - DAG(s) dict_keys(['tutorial_taskflow_api']) retrieved from /home/airflow/.local/lib/python3.7/site-packages/airflow/example_dags/tutorial_taskflow_api.py
[2023-08-13T09:38:49.214+0000] {logging_mixin.py:149} INFO - [2023-08-13T09:38:49.214+0000] {dag.py:2726} INFO - Sync 1 DAGs
[2023-08-13T09:38:49.266+0000] {logging_mixin.py:149} INFO - [2023-08-13T09:38:49.266+0000] {dag.py:3490} INFO - Setting next_dagrun for tutorial_taskflow_api to None, run_after=None
[2023-08-13T09:38:49.301+0000] {processor.py:179} INFO - Processing /home/airflow/.local/lib/python3.7/site-packages/airflow/example_dags/tutorial_taskflow_api.py took 0.122 seconds
[2023-08-13T10:35:57.669+0000] {processor.py:157} INFO - Started process (PID=69160) to work on /home/airflow/.local/lib/python3.7/site-packages/airflow/example_dags/tutorial_taskflow_api.py
[2023-08-13T10:35:57.673+0000] {processor.py:826} INFO - Processing file /home/airflow/.local/lib/python3.7/site-packages/airflow/example_dags/tutorial_taskflow_api.py for tasks to queue
[2023-08-13T10:35:57.675+0000] {logging_mixin.py:149} INFO - [2023-08-13T10:35:57.675+0000] {dagbag.py:541} INFO - Filling up the DagBag from /home/airflow/.local/lib/python3.7/site-packages/airflow/example_dags/tutorial_taskflow_api.py
[2023-08-13T10:35:57.681+0000] {processor.py:836} INFO - DAG(s) dict_keys(['tutorial_taskflow_api']) retrieved from /home/airflow/.local/lib/python3.7/site-packages/airflow/example_dags/tutorial_taskflow_api.py
[2023-08-13T10:35:57.706+0000] {logging_mixin.py:149} INFO - [2023-08-13T10:35:57.706+0000] {dag.py:2726} INFO - Sync 1 DAGs
[2023-08-13T10:35:57.726+0000] {logging_mixin.py:149} INFO - [2023-08-13T10:35:57.726+0000] {dag.py:3490} INFO - Setting next_dagrun for tutorial_taskflow_api to None, run_after=None
[2023-08-13T10:35:57.739+0000] {processor.py:179} INFO - Processing /home/airflow/.local/lib/python3.7/site-packages/airflow/example_dags/tutorial_taskflow_api.py took 0.074 seconds
[2023-08-13T12:00:13.139+0000] {processor.py:157} INFO - Started process (PID=69226) to work on /home/airflow/.local/lib/python3.7/site-packages/airflow/example_dags/tutorial_taskflow_api.py
[2023-08-13T12:00:13.142+0000] {processor.py:826} INFO - Processing file /home/airflow/.local/lib/python3.7/site-packages/airflow/example_dags/tutorial_taskflow_api.py for tasks to queue
[2023-08-13T12:00:13.144+0000] {logging_mixin.py:149} INFO - [2023-08-13T12:00:13.144+0000] {dagbag.py:541} INFO - Filling up the DagBag from /home/airflow/.local/lib/python3.7/site-packages/airflow/example_dags/tutorial_taskflow_api.py
[2023-08-13T12:00:13.157+0000] {processor.py:836} INFO - DAG(s) dict_keys(['tutorial_taskflow_api']) retrieved from /home/airflow/.local/lib/python3.7/site-packages/airflow/example_dags/tutorial_taskflow_api.py
[2023-08-13T12:00:13.178+0000] {logging_mixin.py:149} INFO - [2023-08-13T12:00:13.178+0000] {dag.py:2726} INFO - Sync 1 DAGs
[2023-08-13T12:00:13.194+0000] {logging_mixin.py:149} INFO - [2023-08-13T12:00:13.194+0000] {dag.py:3490} INFO - Setting next_dagrun for tutorial_taskflow_api to None, run_after=None
[2023-08-13T12:00:13.205+0000] {processor.py:179} INFO - Processing /home/airflow/.local/lib/python3.7/site-packages/airflow/example_dags/tutorial_taskflow_api.py took 0.069 seconds
[2023-08-13T14:10:29.337+0000] {processor.py:157} INFO - Started process (PID=69292) to work on /home/airflow/.local/lib/python3.7/site-packages/airflow/example_dags/tutorial_taskflow_api.py
[2023-08-13T14:10:29.339+0000] {processor.py:826} INFO - Processing file /home/airflow/.local/lib/python3.7/site-packages/airflow/example_dags/tutorial_taskflow_api.py for tasks to queue
[2023-08-13T14:10:29.352+0000] {logging_mixin.py:149} INFO - [2023-08-13T14:10:29.352+0000] {dagbag.py:541} INFO - Filling up the DagBag from /home/airflow/.local/lib/python3.7/site-packages/airflow/example_dags/tutorial_taskflow_api.py
[2023-08-13T14:10:29.371+0000] {processor.py:836} INFO - DAG(s) dict_keys(['tutorial_taskflow_api']) retrieved from /home/airflow/.local/lib/python3.7/site-packages/airflow/example_dags/tutorial_taskflow_api.py
[2023-08-13T14:10:29.391+0000] {logging_mixin.py:149} INFO - [2023-08-13T14:10:29.391+0000] {dag.py:2726} INFO - Sync 1 DAGs
[2023-08-13T14:10:29.414+0000] {logging_mixin.py:149} INFO - [2023-08-13T14:10:29.414+0000] {dag.py:3490} INFO - Setting next_dagrun for tutorial_taskflow_api to None, run_after=None
[2023-08-13T14:10:29.426+0000] {processor.py:179} INFO - Processing /home/airflow/.local/lib/python3.7/site-packages/airflow/example_dags/tutorial_taskflow_api.py took 0.091 seconds
[2023-08-13T18:56:37.296+0000] {processor.py:157} INFO - Started process (PID=69357) to work on /home/airflow/.local/lib/python3.7/site-packages/airflow/example_dags/tutorial_taskflow_api.py
[2023-08-13T18:56:37.297+0000] {processor.py:826} INFO - Processing file /home/airflow/.local/lib/python3.7/site-packages/airflow/example_dags/tutorial_taskflow_api.py for tasks to queue
[2023-08-13T18:56:37.298+0000] {logging_mixin.py:149} INFO - [2023-08-13T18:56:37.298+0000] {dagbag.py:541} INFO - Filling up the DagBag from /home/airflow/.local/lib/python3.7/site-packages/airflow/example_dags/tutorial_taskflow_api.py
[2023-08-13T18:56:37.304+0000] {processor.py:836} INFO - DAG(s) dict_keys(['tutorial_taskflow_api']) retrieved from /home/airflow/.local/lib/python3.7/site-packages/airflow/example_dags/tutorial_taskflow_api.py
[2023-08-13T18:56:37.334+0000] {logging_mixin.py:149} INFO - [2023-08-13T18:56:37.334+0000] {dag.py:2726} INFO - Sync 1 DAGs
[2023-08-13T18:56:37.351+0000] {logging_mixin.py:149} INFO - [2023-08-13T18:56:37.351+0000] {dag.py:3490} INFO - Setting next_dagrun for tutorial_taskflow_api to None, run_after=None
[2023-08-13T18:56:37.362+0000] {processor.py:179} INFO - Processing /home/airflow/.local/lib/python3.7/site-packages/airflow/example_dags/tutorial_taskflow_api.py took 0.069 seconds
[2023-08-13T22:23:23.178+0000] {processor.py:157} INFO - Started process (PID=69423) to work on /home/airflow/.local/lib/python3.7/site-packages/airflow/example_dags/tutorial_taskflow_api.py
[2023-08-13T22:23:23.179+0000] {processor.py:826} INFO - Processing file /home/airflow/.local/lib/python3.7/site-packages/airflow/example_dags/tutorial_taskflow_api.py for tasks to queue
[2023-08-13T22:23:23.181+0000] {logging_mixin.py:149} INFO - [2023-08-13T22:23:23.180+0000] {dagbag.py:541} INFO - Filling up the DagBag from /home/airflow/.local/lib/python3.7/site-packages/airflow/example_dags/tutorial_taskflow_api.py
[2023-08-13T22:23:23.186+0000] {processor.py:836} INFO - DAG(s) dict_keys(['tutorial_taskflow_api']) retrieved from /home/airflow/.local/lib/python3.7/site-packages/airflow/example_dags/tutorial_taskflow_api.py
[2023-08-13T22:23:23.216+0000] {logging_mixin.py:149} INFO - [2023-08-13T22:23:23.216+0000] {dag.py:2726} INFO - Sync 1 DAGs
[2023-08-13T22:23:23.232+0000] {logging_mixin.py:149} INFO - [2023-08-13T22:23:23.231+0000] {dag.py:3490} INFO - Setting next_dagrun for tutorial_taskflow_api to None, run_after=None
[2023-08-13T22:23:23.242+0000] {processor.py:179} INFO - Processing /home/airflow/.local/lib/python3.7/site-packages/airflow/example_dags/tutorial_taskflow_api.py took 0.067 seconds
