[2023-08-28T01:04:57.362+0000] {processor.py:157} INFO - Started process (PID=83764) to work on /opt/airflow/dags/deploy.py
[2023-08-28T01:04:57.363+0000] {processor.py:826} INFO - Processing file /opt/airflow/dags/deploy.py for tasks to queue
[2023-08-28T01:04:57.364+0000] {logging_mixin.py:149} INFO - [2023-08-28T01:04:57.364+0000] {dagbag.py:541} INFO - Filling up the DagBag from /opt/airflow/dags/deploy.py
[2023-08-28T01:05:00.992+0000] {processor.py:836} INFO - DAG(s) dict_keys(['deploy_prediction_model']) retrieved from /opt/airflow/dags/deploy.py
[2023-08-28T01:05:01.019+0000] {logging_mixin.py:149} INFO - [2023-08-28T01:05:01.019+0000] {dag.py:2726} INFO - Sync 1 DAGs
[2023-08-28T01:05:01.038+0000] {logging_mixin.py:149} INFO - [2023-08-28T01:05:01.038+0000] {dag.py:3490} INFO - Setting next_dagrun for deploy_prediction_model to None, run_after=None
[2023-08-28T01:05:01.050+0000] {processor.py:179} INFO - Processing /opt/airflow/dags/deploy.py took 3.690 seconds
[2023-08-28T01:43:58.008+0000] {processor.py:157} INFO - Started process (PID=83829) to work on /opt/airflow/dags/deploy.py
[2023-08-28T01:43:58.009+0000] {processor.py:826} INFO - Processing file /opt/airflow/dags/deploy.py for tasks to queue
[2023-08-28T01:43:58.010+0000] {logging_mixin.py:149} INFO - [2023-08-28T01:43:58.010+0000] {dagbag.py:541} INFO - Filling up the DagBag from /opt/airflow/dags/deploy.py
[2023-08-28T01:44:02.191+0000] {processor.py:836} INFO - DAG(s) dict_keys(['deploy_prediction_model']) retrieved from /opt/airflow/dags/deploy.py
[2023-08-28T01:44:02.218+0000] {logging_mixin.py:149} INFO - [2023-08-28T01:44:02.218+0000] {dag.py:2726} INFO - Sync 1 DAGs
[2023-08-28T01:44:02.235+0000] {logging_mixin.py:149} INFO - [2023-08-28T01:44:02.235+0000] {dag.py:3490} INFO - Setting next_dagrun for deploy_prediction_model to None, run_after=None
[2023-08-28T01:44:02.248+0000] {processor.py:179} INFO - Processing /opt/airflow/dags/deploy.py took 4.243 seconds
[2023-08-28T05:21:56.347+0000] {processor.py:157} INFO - Started process (PID=83895) to work on /opt/airflow/dags/deploy.py
[2023-08-28T05:21:56.350+0000] {processor.py:826} INFO - Processing file /opt/airflow/dags/deploy.py for tasks to queue
[2023-08-28T05:21:56.351+0000] {logging_mixin.py:149} INFO - [2023-08-28T05:21:56.351+0000] {dagbag.py:541} INFO - Filling up the DagBag from /opt/airflow/dags/deploy.py
[2023-08-28T05:22:00.535+0000] {processor.py:836} INFO - DAG(s) dict_keys(['deploy_prediction_model']) retrieved from /opt/airflow/dags/deploy.py
[2023-08-28T05:22:00.566+0000] {logging_mixin.py:149} INFO - [2023-08-28T05:22:00.565+0000] {dag.py:2726} INFO - Sync 1 DAGs
[2023-08-28T05:22:00.583+0000] {logging_mixin.py:149} INFO - [2023-08-28T05:22:00.582+0000] {dag.py:3490} INFO - Setting next_dagrun for deploy_prediction_model to None, run_after=None
[2023-08-28T05:22:00.603+0000] {processor.py:179} INFO - Processing /opt/airflow/dags/deploy.py took 4.258 seconds
[2023-08-28T07:45:41.728+0000] {processor.py:157} INFO - Started process (PID=83962) to work on /opt/airflow/dags/deploy.py
[2023-08-28T07:45:41.730+0000] {processor.py:826} INFO - Processing file /opt/airflow/dags/deploy.py for tasks to queue
[2023-08-28T07:45:41.732+0000] {logging_mixin.py:149} INFO - [2023-08-28T07:45:41.731+0000] {dagbag.py:541} INFO - Filling up the DagBag from /opt/airflow/dags/deploy.py
[2023-08-28T07:45:45.655+0000] {processor.py:836} INFO - DAG(s) dict_keys(['deploy_prediction_model']) retrieved from /opt/airflow/dags/deploy.py
[2023-08-28T07:45:45.677+0000] {logging_mixin.py:149} INFO - [2023-08-28T07:45:45.677+0000] {dag.py:2726} INFO - Sync 1 DAGs
[2023-08-28T07:45:45.694+0000] {logging_mixin.py:149} INFO - [2023-08-28T07:45:45.694+0000] {dag.py:3490} INFO - Setting next_dagrun for deploy_prediction_model to None, run_after=None
[2023-08-28T07:45:45.706+0000] {processor.py:179} INFO - Processing /opt/airflow/dags/deploy.py took 3.980 seconds
[2023-08-28T10:16:16.699+0000] {processor.py:157} INFO - Started process (PID=84027) to work on /opt/airflow/dags/deploy.py
[2023-08-28T10:16:16.700+0000] {processor.py:826} INFO - Processing file /opt/airflow/dags/deploy.py for tasks to queue
[2023-08-28T10:16:16.701+0000] {logging_mixin.py:149} INFO - [2023-08-28T10:16:16.701+0000] {dagbag.py:541} INFO - Filling up the DagBag from /opt/airflow/dags/deploy.py
[2023-08-28T10:16:20.542+0000] {processor.py:836} INFO - DAG(s) dict_keys(['deploy_prediction_model']) retrieved from /opt/airflow/dags/deploy.py
[2023-08-28T10:16:20.568+0000] {logging_mixin.py:149} INFO - [2023-08-28T10:16:20.568+0000] {dag.py:2726} INFO - Sync 1 DAGs
[2023-08-28T10:16:20.585+0000] {logging_mixin.py:149} INFO - [2023-08-28T10:16:20.585+0000] {dag.py:3490} INFO - Setting next_dagrun for deploy_prediction_model to None, run_after=None
[2023-08-28T10:16:20.600+0000] {processor.py:179} INFO - Processing /opt/airflow/dags/deploy.py took 3.904 seconds
[2023-08-28T10:49:09.126+0000] {processor.py:157} INFO - Started process (PID=84094) to work on /opt/airflow/dags/deploy.py
[2023-08-28T10:49:09.127+0000] {processor.py:826} INFO - Processing file /opt/airflow/dags/deploy.py for tasks to queue
[2023-08-28T10:49:09.127+0000] {logging_mixin.py:149} INFO - [2023-08-28T10:49:09.127+0000] {dagbag.py:541} INFO - Filling up the DagBag from /opt/airflow/dags/deploy.py
[2023-08-28T10:49:13.041+0000] {processor.py:836} INFO - DAG(s) dict_keys(['deploy_prediction_model']) retrieved from /opt/airflow/dags/deploy.py
[2023-08-28T10:49:13.069+0000] {logging_mixin.py:149} INFO - [2023-08-28T10:49:13.068+0000] {dag.py:2726} INFO - Sync 1 DAGs
[2023-08-28T10:49:13.083+0000] {logging_mixin.py:149} INFO - [2023-08-28T10:49:13.083+0000] {dag.py:3490} INFO - Setting next_dagrun for deploy_prediction_model to None, run_after=None
[2023-08-28T10:49:13.095+0000] {processor.py:179} INFO - Processing /opt/airflow/dags/deploy.py took 3.973 seconds
[2023-08-28T10:59:22.772+0000] {processor.py:157} INFO - Started process (PID=84161) to work on /opt/airflow/dags/deploy.py
[2023-08-28T10:59:22.774+0000] {processor.py:826} INFO - Processing file /opt/airflow/dags/deploy.py for tasks to queue
[2023-08-28T10:59:22.775+0000] {logging_mixin.py:149} INFO - [2023-08-28T10:59:22.775+0000] {dagbag.py:541} INFO - Filling up the DagBag from /opt/airflow/dags/deploy.py
[2023-08-28T10:59:26.952+0000] {processor.py:836} INFO - DAG(s) dict_keys(['deploy_prediction_model']) retrieved from /opt/airflow/dags/deploy.py
[2023-08-28T10:59:26.975+0000] {logging_mixin.py:149} INFO - [2023-08-28T10:59:26.975+0000] {dag.py:2726} INFO - Sync 1 DAGs
[2023-08-28T10:59:26.991+0000] {logging_mixin.py:149} INFO - [2023-08-28T10:59:26.991+0000] {dag.py:3490} INFO - Setting next_dagrun for deploy_prediction_model to None, run_after=None
[2023-08-28T10:59:27.001+0000] {processor.py:179} INFO - Processing /opt/airflow/dags/deploy.py took 4.232 seconds
[2023-08-28T13:29:03.225+0000] {processor.py:157} INFO - Started process (PID=84227) to work on /opt/airflow/dags/deploy.py
[2023-08-28T13:29:03.228+0000] {processor.py:826} INFO - Processing file /opt/airflow/dags/deploy.py for tasks to queue
[2023-08-28T13:29:03.229+0000] {logging_mixin.py:149} INFO - [2023-08-28T13:29:03.229+0000] {dagbag.py:541} INFO - Filling up the DagBag from /opt/airflow/dags/deploy.py
[2023-08-28T13:29:07.685+0000] {processor.py:836} INFO - DAG(s) dict_keys(['deploy_prediction_model']) retrieved from /opt/airflow/dags/deploy.py
[2023-08-28T13:29:07.717+0000] {logging_mixin.py:149} INFO - [2023-08-28T13:29:07.717+0000] {dag.py:2726} INFO - Sync 1 DAGs
[2023-08-28T13:29:07.737+0000] {logging_mixin.py:149} INFO - [2023-08-28T13:29:07.736+0000] {dag.py:3490} INFO - Setting next_dagrun for deploy_prediction_model to None, run_after=None
[2023-08-28T13:29:07.754+0000] {processor.py:179} INFO - Processing /opt/airflow/dags/deploy.py took 4.532 seconds
[2023-08-28T13:29:37.885+0000] {processor.py:157} INFO - Started process (PID=84293) to work on /opt/airflow/dags/deploy.py
[2023-08-28T13:29:37.886+0000] {processor.py:826} INFO - Processing file /opt/airflow/dags/deploy.py for tasks to queue
[2023-08-28T13:29:37.888+0000] {logging_mixin.py:149} INFO - [2023-08-28T13:29:37.888+0000] {dagbag.py:541} INFO - Filling up the DagBag from /opt/airflow/dags/deploy.py
[2023-08-28T13:29:41.110+0000] {processor.py:836} INFO - DAG(s) dict_keys(['deploy_prediction_model']) retrieved from /opt/airflow/dags/deploy.py
[2023-08-28T13:29:41.135+0000] {logging_mixin.py:149} INFO - [2023-08-28T13:29:41.135+0000] {dag.py:2726} INFO - Sync 1 DAGs
[2023-08-28T13:29:41.152+0000] {logging_mixin.py:149} INFO - [2023-08-28T13:29:41.152+0000] {dag.py:3490} INFO - Setting next_dagrun for deploy_prediction_model to None, run_after=None
[2023-08-28T13:29:41.164+0000] {processor.py:179} INFO - Processing /opt/airflow/dags/deploy.py took 3.285 seconds
[2023-08-28T13:30:12.196+0000] {processor.py:157} INFO - Started process (PID=84359) to work on /opt/airflow/dags/deploy.py
[2023-08-28T13:30:12.197+0000] {processor.py:826} INFO - Processing file /opt/airflow/dags/deploy.py for tasks to queue
[2023-08-28T13:30:12.198+0000] {logging_mixin.py:149} INFO - [2023-08-28T13:30:12.198+0000] {dagbag.py:541} INFO - Filling up the DagBag from /opt/airflow/dags/deploy.py
[2023-08-28T13:30:15.458+0000] {processor.py:836} INFO - DAG(s) dict_keys(['deploy_prediction_model']) retrieved from /opt/airflow/dags/deploy.py
[2023-08-28T13:30:15.491+0000] {logging_mixin.py:149} INFO - [2023-08-28T13:30:15.491+0000] {dag.py:2726} INFO - Sync 1 DAGs
[2023-08-28T13:30:15.510+0000] {logging_mixin.py:149} INFO - [2023-08-28T13:30:15.510+0000] {dag.py:3490} INFO - Setting next_dagrun for deploy_prediction_model to None, run_after=None
[2023-08-28T13:30:15.523+0000] {processor.py:179} INFO - Processing /opt/airflow/dags/deploy.py took 3.331 seconds
[2023-08-28T13:30:46.253+0000] {processor.py:157} INFO - Started process (PID=84432) to work on /opt/airflow/dags/deploy.py
[2023-08-28T13:30:46.255+0000] {processor.py:826} INFO - Processing file /opt/airflow/dags/deploy.py for tasks to queue
[2023-08-28T13:30:46.257+0000] {logging_mixin.py:149} INFO - [2023-08-28T13:30:46.257+0000] {dagbag.py:541} INFO - Filling up the DagBag from /opt/airflow/dags/deploy.py
[2023-08-28T13:30:49.611+0000] {processor.py:836} INFO - DAG(s) dict_keys(['deploy_prediction_model']) retrieved from /opt/airflow/dags/deploy.py
[2023-08-28T13:30:49.677+0000] {logging_mixin.py:149} INFO - [2023-08-28T13:30:49.677+0000] {dag.py:2726} INFO - Sync 1 DAGs
[2023-08-28T13:30:49.706+0000] {logging_mixin.py:149} INFO - [2023-08-28T13:30:49.706+0000] {dag.py:3490} INFO - Setting next_dagrun for deploy_prediction_model to None, run_after=None
[2023-08-28T13:30:49.724+0000] {processor.py:179} INFO - Processing /opt/airflow/dags/deploy.py took 3.479 seconds
[2023-08-28T13:31:20.676+0000] {processor.py:157} INFO - Started process (PID=84498) to work on /opt/airflow/dags/deploy.py
[2023-08-28T13:31:20.678+0000] {processor.py:826} INFO - Processing file /opt/airflow/dags/deploy.py for tasks to queue
[2023-08-28T13:31:20.678+0000] {logging_mixin.py:149} INFO - [2023-08-28T13:31:20.678+0000] {dagbag.py:541} INFO - Filling up the DagBag from /opt/airflow/dags/deploy.py
[2023-08-28T13:31:24.039+0000] {processor.py:836} INFO - DAG(s) dict_keys(['deploy_prediction_model']) retrieved from /opt/airflow/dags/deploy.py
[2023-08-28T13:31:24.067+0000] {logging_mixin.py:149} INFO - [2023-08-28T13:31:24.067+0000] {dag.py:2726} INFO - Sync 1 DAGs
[2023-08-28T13:31:24.081+0000] {logging_mixin.py:149} INFO - [2023-08-28T13:31:24.081+0000] {dag.py:3490} INFO - Setting next_dagrun for deploy_prediction_model to None, run_after=None
[2023-08-28T13:31:24.091+0000] {processor.py:179} INFO - Processing /opt/airflow/dags/deploy.py took 3.419 seconds
[2023-08-28T13:31:55.026+0000] {processor.py:157} INFO - Started process (PID=84565) to work on /opt/airflow/dags/deploy.py
[2023-08-28T13:31:55.029+0000] {processor.py:826} INFO - Processing file /opt/airflow/dags/deploy.py for tasks to queue
[2023-08-28T13:31:55.031+0000] {logging_mixin.py:149} INFO - [2023-08-28T13:31:55.030+0000] {dagbag.py:541} INFO - Filling up the DagBag from /opt/airflow/dags/deploy.py
[2023-08-28T13:31:58.224+0000] {processor.py:836} INFO - DAG(s) dict_keys(['deploy_prediction_model']) retrieved from /opt/airflow/dags/deploy.py
[2023-08-28T13:31:58.250+0000] {logging_mixin.py:149} INFO - [2023-08-28T13:31:58.250+0000] {dag.py:2726} INFO - Sync 1 DAGs
[2023-08-28T13:31:58.266+0000] {logging_mixin.py:149} INFO - [2023-08-28T13:31:58.266+0000] {dag.py:3490} INFO - Setting next_dagrun for deploy_prediction_model to None, run_after=None
[2023-08-28T13:31:58.277+0000] {processor.py:179} INFO - Processing /opt/airflow/dags/deploy.py took 3.258 seconds
[2023-08-28T13:32:28.585+0000] {processor.py:157} INFO - Started process (PID=84631) to work on /opt/airflow/dags/deploy.py
[2023-08-28T13:32:28.588+0000] {processor.py:826} INFO - Processing file /opt/airflow/dags/deploy.py for tasks to queue
[2023-08-28T13:32:28.589+0000] {logging_mixin.py:149} INFO - [2023-08-28T13:32:28.589+0000] {dagbag.py:541} INFO - Filling up the DagBag from /opt/airflow/dags/deploy.py
[2023-08-28T13:32:32.155+0000] {processor.py:836} INFO - DAG(s) dict_keys(['deploy_prediction_model']) retrieved from /opt/airflow/dags/deploy.py
[2023-08-28T13:32:32.187+0000] {logging_mixin.py:149} INFO - [2023-08-28T13:32:32.187+0000] {dag.py:2726} INFO - Sync 1 DAGs
[2023-08-28T13:32:32.230+0000] {logging_mixin.py:149} INFO - [2023-08-28T13:32:32.230+0000] {dag.py:3490} INFO - Setting next_dagrun for deploy_prediction_model to None, run_after=None
[2023-08-28T13:32:32.263+0000] {processor.py:179} INFO - Processing /opt/airflow/dags/deploy.py took 3.685 seconds
[2023-08-28T13:33:02.429+0000] {processor.py:157} INFO - Started process (PID=84697) to work on /opt/airflow/dags/deploy.py
[2023-08-28T13:33:02.431+0000] {processor.py:826} INFO - Processing file /opt/airflow/dags/deploy.py for tasks to queue
[2023-08-28T13:33:02.433+0000] {logging_mixin.py:149} INFO - [2023-08-28T13:33:02.432+0000] {dagbag.py:541} INFO - Filling up the DagBag from /opt/airflow/dags/deploy.py
[2023-08-28T13:33:06.204+0000] {processor.py:836} INFO - DAG(s) dict_keys(['deploy_prediction_model']) retrieved from /opt/airflow/dags/deploy.py
[2023-08-28T13:33:06.228+0000] {logging_mixin.py:149} INFO - [2023-08-28T13:33:06.228+0000] {dag.py:2726} INFO - Sync 1 DAGs
[2023-08-28T13:33:06.243+0000] {logging_mixin.py:149} INFO - [2023-08-28T13:33:06.243+0000] {dag.py:3490} INFO - Setting next_dagrun for deploy_prediction_model to None, run_after=None
[2023-08-28T13:33:06.253+0000] {processor.py:179} INFO - Processing /opt/airflow/dags/deploy.py took 3.831 seconds
[2023-08-28T13:33:37.102+0000] {processor.py:157} INFO - Started process (PID=84763) to work on /opt/airflow/dags/deploy.py
[2023-08-28T13:33:37.105+0000] {processor.py:826} INFO - Processing file /opt/airflow/dags/deploy.py for tasks to queue
[2023-08-28T13:33:37.108+0000] {logging_mixin.py:149} INFO - [2023-08-28T13:33:37.107+0000] {dagbag.py:541} INFO - Filling up the DagBag from /opt/airflow/dags/deploy.py
[2023-08-28T13:33:40.204+0000] {processor.py:836} INFO - DAG(s) dict_keys(['deploy_prediction_model']) retrieved from /opt/airflow/dags/deploy.py
[2023-08-28T13:33:40.231+0000] {logging_mixin.py:149} INFO - [2023-08-28T13:33:40.231+0000] {dag.py:2726} INFO - Sync 1 DAGs
[2023-08-28T13:33:40.248+0000] {logging_mixin.py:149} INFO - [2023-08-28T13:33:40.248+0000] {dag.py:3490} INFO - Setting next_dagrun for deploy_prediction_model to None, run_after=None
[2023-08-28T13:33:40.260+0000] {processor.py:179} INFO - Processing /opt/airflow/dags/deploy.py took 3.165 seconds
[2023-08-28T13:34:11.041+0000] {processor.py:157} INFO - Started process (PID=84830) to work on /opt/airflow/dags/deploy.py
[2023-08-28T13:34:11.043+0000] {processor.py:826} INFO - Processing file /opt/airflow/dags/deploy.py for tasks to queue
[2023-08-28T13:34:11.044+0000] {logging_mixin.py:149} INFO - [2023-08-28T13:34:11.044+0000] {dagbag.py:541} INFO - Filling up the DagBag from /opt/airflow/dags/deploy.py
[2023-08-28T13:34:14.295+0000] {processor.py:836} INFO - DAG(s) dict_keys(['deploy_prediction_model']) retrieved from /opt/airflow/dags/deploy.py
[2023-08-28T13:34:14.322+0000] {logging_mixin.py:149} INFO - [2023-08-28T13:34:14.322+0000] {dag.py:2726} INFO - Sync 1 DAGs
[2023-08-28T13:34:14.343+0000] {logging_mixin.py:149} INFO - [2023-08-28T13:34:14.343+0000] {dag.py:3490} INFO - Setting next_dagrun for deploy_prediction_model to None, run_after=None
[2023-08-28T13:34:14.359+0000] {processor.py:179} INFO - Processing /opt/airflow/dags/deploy.py took 3.323 seconds
[2023-08-28T13:34:45.025+0000] {processor.py:157} INFO - Started process (PID=84896) to work on /opt/airflow/dags/deploy.py
[2023-08-28T13:34:45.027+0000] {processor.py:826} INFO - Processing file /opt/airflow/dags/deploy.py for tasks to queue
[2023-08-28T13:34:45.028+0000] {logging_mixin.py:149} INFO - [2023-08-28T13:34:45.028+0000] {dagbag.py:541} INFO - Filling up the DagBag from /opt/airflow/dags/deploy.py
[2023-08-28T13:34:48.161+0000] {processor.py:836} INFO - DAG(s) dict_keys(['deploy_prediction_model']) retrieved from /opt/airflow/dags/deploy.py
[2023-08-28T13:34:48.199+0000] {logging_mixin.py:149} INFO - [2023-08-28T13:34:48.199+0000] {dag.py:2726} INFO - Sync 1 DAGs
[2023-08-28T13:34:48.219+0000] {logging_mixin.py:149} INFO - [2023-08-28T13:34:48.218+0000] {dag.py:3490} INFO - Setting next_dagrun for deploy_prediction_model to None, run_after=None
[2023-08-28T13:34:48.242+0000] {processor.py:179} INFO - Processing /opt/airflow/dags/deploy.py took 3.221 seconds
[2023-08-28T13:35:19.075+0000] {processor.py:157} INFO - Started process (PID=84969) to work on /opt/airflow/dags/deploy.py
[2023-08-28T13:35:19.078+0000] {processor.py:826} INFO - Processing file /opt/airflow/dags/deploy.py for tasks to queue
[2023-08-28T13:35:19.079+0000] {logging_mixin.py:149} INFO - [2023-08-28T13:35:19.079+0000] {dagbag.py:541} INFO - Filling up the DagBag from /opt/airflow/dags/deploy.py
[2023-08-28T13:35:22.203+0000] {processor.py:836} INFO - DAG(s) dict_keys(['deploy_prediction_model']) retrieved from /opt/airflow/dags/deploy.py
[2023-08-28T13:35:22.229+0000] {logging_mixin.py:149} INFO - [2023-08-28T13:35:22.229+0000] {dag.py:2726} INFO - Sync 1 DAGs
[2023-08-28T13:35:22.245+0000] {logging_mixin.py:149} INFO - [2023-08-28T13:35:22.245+0000] {dag.py:3490} INFO - Setting next_dagrun for deploy_prediction_model to None, run_after=None
[2023-08-28T13:35:22.257+0000] {processor.py:179} INFO - Processing /opt/airflow/dags/deploy.py took 3.190 seconds
[2023-08-28T13:35:53.138+0000] {processor.py:157} INFO - Started process (PID=85035) to work on /opt/airflow/dags/deploy.py
[2023-08-28T13:35:53.141+0000] {processor.py:826} INFO - Processing file /opt/airflow/dags/deploy.py for tasks to queue
[2023-08-28T13:35:53.142+0000] {logging_mixin.py:149} INFO - [2023-08-28T13:35:53.142+0000] {dagbag.py:541} INFO - Filling up the DagBag from /opt/airflow/dags/deploy.py
[2023-08-28T13:35:56.337+0000] {processor.py:836} INFO - DAG(s) dict_keys(['deploy_prediction_model']) retrieved from /opt/airflow/dags/deploy.py
[2023-08-28T13:35:56.363+0000] {logging_mixin.py:149} INFO - [2023-08-28T13:35:56.362+0000] {dag.py:2726} INFO - Sync 1 DAGs
[2023-08-28T13:35:56.378+0000] {logging_mixin.py:149} INFO - [2023-08-28T13:35:56.378+0000] {dag.py:3490} INFO - Setting next_dagrun for deploy_prediction_model to None, run_after=None
[2023-08-28T13:35:56.389+0000] {processor.py:179} INFO - Processing /opt/airflow/dags/deploy.py took 3.257 seconds
[2023-08-28T13:36:26.649+0000] {processor.py:157} INFO - Started process (PID=85102) to work on /opt/airflow/dags/deploy.py
[2023-08-28T13:36:26.652+0000] {processor.py:826} INFO - Processing file /opt/airflow/dags/deploy.py for tasks to queue
[2023-08-28T13:36:26.654+0000] {logging_mixin.py:149} INFO - [2023-08-28T13:36:26.654+0000] {dagbag.py:541} INFO - Filling up the DagBag from /opt/airflow/dags/deploy.py
[2023-08-28T13:36:30.412+0000] {processor.py:836} INFO - DAG(s) dict_keys(['deploy_prediction_model']) retrieved from /opt/airflow/dags/deploy.py
[2023-08-28T13:36:30.439+0000] {logging_mixin.py:149} INFO - [2023-08-28T13:36:30.439+0000] {dag.py:2726} INFO - Sync 1 DAGs
[2023-08-28T13:36:30.465+0000] {logging_mixin.py:149} INFO - [2023-08-28T13:36:30.465+0000] {dag.py:3490} INFO - Setting next_dagrun for deploy_prediction_model to None, run_after=None
[2023-08-28T13:36:30.476+0000] {processor.py:179} INFO - Processing /opt/airflow/dags/deploy.py took 3.834 seconds
[2023-08-28T13:37:01.205+0000] {processor.py:157} INFO - Started process (PID=85168) to work on /opt/airflow/dags/deploy.py
[2023-08-28T13:37:01.206+0000] {processor.py:826} INFO - Processing file /opt/airflow/dags/deploy.py for tasks to queue
[2023-08-28T13:37:01.208+0000] {logging_mixin.py:149} INFO - [2023-08-28T13:37:01.208+0000] {dagbag.py:541} INFO - Filling up the DagBag from /opt/airflow/dags/deploy.py
[2023-08-28T13:37:04.397+0000] {processor.py:836} INFO - DAG(s) dict_keys(['deploy_prediction_model']) retrieved from /opt/airflow/dags/deploy.py
[2023-08-28T13:37:04.423+0000] {logging_mixin.py:149} INFO - [2023-08-28T13:37:04.423+0000] {dag.py:2726} INFO - Sync 1 DAGs
[2023-08-28T13:37:04.440+0000] {logging_mixin.py:149} INFO - [2023-08-28T13:37:04.440+0000] {dag.py:3490} INFO - Setting next_dagrun for deploy_prediction_model to None, run_after=None
[2023-08-28T13:37:04.455+0000] {processor.py:179} INFO - Processing /opt/airflow/dags/deploy.py took 3.254 seconds
[2023-08-28T13:37:35.264+0000] {processor.py:157} INFO - Started process (PID=85233) to work on /opt/airflow/dags/deploy.py
[2023-08-28T13:37:35.265+0000] {processor.py:826} INFO - Processing file /opt/airflow/dags/deploy.py for tasks to queue
[2023-08-28T13:37:35.266+0000] {logging_mixin.py:149} INFO - [2023-08-28T13:37:35.266+0000] {dagbag.py:541} INFO - Filling up the DagBag from /opt/airflow/dags/deploy.py
[2023-08-28T13:37:38.392+0000] {processor.py:836} INFO - DAG(s) dict_keys(['deploy_prediction_model']) retrieved from /opt/airflow/dags/deploy.py
[2023-08-28T13:37:38.417+0000] {logging_mixin.py:149} INFO - [2023-08-28T13:37:38.416+0000] {dag.py:2726} INFO - Sync 1 DAGs
[2023-08-28T13:37:38.433+0000] {logging_mixin.py:149} INFO - [2023-08-28T13:37:38.433+0000] {dag.py:3490} INFO - Setting next_dagrun for deploy_prediction_model to None, run_after=None
[2023-08-28T13:37:38.447+0000] {processor.py:179} INFO - Processing /opt/airflow/dags/deploy.py took 3.186 seconds
[2023-08-28T13:38:09.126+0000] {processor.py:157} INFO - Started process (PID=85299) to work on /opt/airflow/dags/deploy.py
[2023-08-28T13:38:09.127+0000] {processor.py:826} INFO - Processing file /opt/airflow/dags/deploy.py for tasks to queue
[2023-08-28T13:38:09.129+0000] {logging_mixin.py:149} INFO - [2023-08-28T13:38:09.128+0000] {dagbag.py:541} INFO - Filling up the DagBag from /opt/airflow/dags/deploy.py
[2023-08-28T13:38:12.409+0000] {processor.py:836} INFO - DAG(s) dict_keys(['deploy_prediction_model']) retrieved from /opt/airflow/dags/deploy.py
[2023-08-28T13:38:12.439+0000] {logging_mixin.py:149} INFO - [2023-08-28T13:38:12.439+0000] {dag.py:2726} INFO - Sync 1 DAGs
[2023-08-28T13:38:12.457+0000] {logging_mixin.py:149} INFO - [2023-08-28T13:38:12.457+0000] {dag.py:3490} INFO - Setting next_dagrun for deploy_prediction_model to None, run_after=None
[2023-08-28T13:38:12.469+0000] {processor.py:179} INFO - Processing /opt/airflow/dags/deploy.py took 3.347 seconds
[2023-08-28T13:38:42.556+0000] {processor.py:157} INFO - Started process (PID=85364) to work on /opt/airflow/dags/deploy.py
[2023-08-28T13:38:42.558+0000] {processor.py:826} INFO - Processing file /opt/airflow/dags/deploy.py for tasks to queue
[2023-08-28T13:38:42.561+0000] {logging_mixin.py:149} INFO - [2023-08-28T13:38:42.561+0000] {dagbag.py:541} INFO - Filling up the DagBag from /opt/airflow/dags/deploy.py
[2023-08-28T13:38:45.827+0000] {processor.py:836} INFO - DAG(s) dict_keys(['deploy_prediction_model']) retrieved from /opt/airflow/dags/deploy.py
[2023-08-28T13:38:45.849+0000] {logging_mixin.py:149} INFO - [2023-08-28T13:38:45.849+0000] {dag.py:2726} INFO - Sync 1 DAGs
[2023-08-28T13:38:45.866+0000] {logging_mixin.py:149} INFO - [2023-08-28T13:38:45.866+0000] {dag.py:3490} INFO - Setting next_dagrun for deploy_prediction_model to None, run_after=None
[2023-08-28T13:38:45.879+0000] {processor.py:179} INFO - Processing /opt/airflow/dags/deploy.py took 3.331 seconds
[2023-08-28T13:39:16.390+0000] {processor.py:157} INFO - Started process (PID=85437) to work on /opt/airflow/dags/deploy.py
[2023-08-28T13:39:16.393+0000] {processor.py:826} INFO - Processing file /opt/airflow/dags/deploy.py for tasks to queue
[2023-08-28T13:39:16.395+0000] {logging_mixin.py:149} INFO - [2023-08-28T13:39:16.395+0000] {dagbag.py:541} INFO - Filling up the DagBag from /opt/airflow/dags/deploy.py
[2023-08-28T13:39:20.223+0000] {processor.py:836} INFO - DAG(s) dict_keys(['deploy_prediction_model']) retrieved from /opt/airflow/dags/deploy.py
[2023-08-28T13:39:20.247+0000] {logging_mixin.py:149} INFO - [2023-08-28T13:39:20.247+0000] {dag.py:2726} INFO - Sync 1 DAGs
[2023-08-28T13:39:20.264+0000] {logging_mixin.py:149} INFO - [2023-08-28T13:39:20.264+0000] {dag.py:3490} INFO - Setting next_dagrun for deploy_prediction_model to None, run_after=None
[2023-08-28T13:39:20.277+0000] {processor.py:179} INFO - Processing /opt/airflow/dags/deploy.py took 3.891 seconds
[2023-08-28T13:39:51.064+0000] {processor.py:157} INFO - Started process (PID=85504) to work on /opt/airflow/dags/deploy.py
[2023-08-28T13:39:51.066+0000] {processor.py:826} INFO - Processing file /opt/airflow/dags/deploy.py for tasks to queue
[2023-08-28T13:39:51.068+0000] {logging_mixin.py:149} INFO - [2023-08-28T13:39:51.068+0000] {dagbag.py:541} INFO - Filling up the DagBag from /opt/airflow/dags/deploy.py
[2023-08-28T13:39:54.316+0000] {processor.py:836} INFO - DAG(s) dict_keys(['deploy_prediction_model']) retrieved from /opt/airflow/dags/deploy.py
[2023-08-28T13:39:54.340+0000] {logging_mixin.py:149} INFO - [2023-08-28T13:39:54.340+0000] {dag.py:2726} INFO - Sync 1 DAGs
[2023-08-28T13:39:54.357+0000] {logging_mixin.py:149} INFO - [2023-08-28T13:39:54.357+0000] {dag.py:3490} INFO - Setting next_dagrun for deploy_prediction_model to None, run_after=None
[2023-08-28T13:39:54.373+0000] {processor.py:179} INFO - Processing /opt/airflow/dags/deploy.py took 3.316 seconds
[2023-08-28T13:40:25.144+0000] {processor.py:157} INFO - Started process (PID=85571) to work on /opt/airflow/dags/deploy.py
[2023-08-28T13:40:25.146+0000] {processor.py:826} INFO - Processing file /opt/airflow/dags/deploy.py for tasks to queue
[2023-08-28T13:40:25.147+0000] {logging_mixin.py:149} INFO - [2023-08-28T13:40:25.147+0000] {dagbag.py:541} INFO - Filling up the DagBag from /opt/airflow/dags/deploy.py
[2023-08-28T13:40:28.308+0000] {processor.py:836} INFO - DAG(s) dict_keys(['deploy_prediction_model']) retrieved from /opt/airflow/dags/deploy.py
[2023-08-28T13:40:28.336+0000] {logging_mixin.py:149} INFO - [2023-08-28T13:40:28.335+0000] {dag.py:2726} INFO - Sync 1 DAGs
[2023-08-28T13:40:28.352+0000] {logging_mixin.py:149} INFO - [2023-08-28T13:40:28.352+0000] {dag.py:3490} INFO - Setting next_dagrun for deploy_prediction_model to None, run_after=None
[2023-08-28T13:40:28.363+0000] {processor.py:179} INFO - Processing /opt/airflow/dags/deploy.py took 3.223 seconds
[2023-08-28T13:40:59.145+0000] {processor.py:157} INFO - Started process (PID=85637) to work on /opt/airflow/dags/deploy.py
[2023-08-28T13:40:59.147+0000] {processor.py:826} INFO - Processing file /opt/airflow/dags/deploy.py for tasks to queue
[2023-08-28T13:40:59.149+0000] {logging_mixin.py:149} INFO - [2023-08-28T13:40:59.149+0000] {dagbag.py:541} INFO - Filling up the DagBag from /opt/airflow/dags/deploy.py
[2023-08-28T13:41:02.311+0000] {processor.py:836} INFO - DAG(s) dict_keys(['deploy_prediction_model']) retrieved from /opt/airflow/dags/deploy.py
[2023-08-28T13:41:02.337+0000] {logging_mixin.py:149} INFO - [2023-08-28T13:41:02.337+0000] {dag.py:2726} INFO - Sync 1 DAGs
[2023-08-28T13:41:02.362+0000] {logging_mixin.py:149} INFO - [2023-08-28T13:41:02.362+0000] {dag.py:3490} INFO - Setting next_dagrun for deploy_prediction_model to None, run_after=None
[2023-08-28T13:41:02.373+0000] {processor.py:179} INFO - Processing /opt/airflow/dags/deploy.py took 3.235 seconds
[2023-08-28T13:41:33.164+0000] {processor.py:157} INFO - Started process (PID=85704) to work on /opt/airflow/dags/deploy.py
[2023-08-28T13:41:33.166+0000] {processor.py:826} INFO - Processing file /opt/airflow/dags/deploy.py for tasks to queue
[2023-08-28T13:41:33.167+0000] {logging_mixin.py:149} INFO - [2023-08-28T13:41:33.167+0000] {dagbag.py:541} INFO - Filling up the DagBag from /opt/airflow/dags/deploy.py
[2023-08-28T13:41:36.431+0000] {processor.py:836} INFO - DAG(s) dict_keys(['deploy_prediction_model']) retrieved from /opt/airflow/dags/deploy.py
[2023-08-28T13:41:36.463+0000] {logging_mixin.py:149} INFO - [2023-08-28T13:41:36.463+0000] {dag.py:2726} INFO - Sync 1 DAGs
[2023-08-28T13:41:36.480+0000] {logging_mixin.py:149} INFO - [2023-08-28T13:41:36.480+0000] {dag.py:3490} INFO - Setting next_dagrun for deploy_prediction_model to None, run_after=None
[2023-08-28T13:41:36.503+0000] {processor.py:179} INFO - Processing /opt/airflow/dags/deploy.py took 3.345 seconds
[2023-08-28T13:42:06.742+0000] {processor.py:157} INFO - Started process (PID=85770) to work on /opt/airflow/dags/deploy.py
[2023-08-28T13:42:06.744+0000] {processor.py:826} INFO - Processing file /opt/airflow/dags/deploy.py for tasks to queue
[2023-08-28T13:42:06.746+0000] {logging_mixin.py:149} INFO - [2023-08-28T13:42:06.746+0000] {dagbag.py:541} INFO - Filling up the DagBag from /opt/airflow/dags/deploy.py
[2023-08-28T13:42:10.453+0000] {processor.py:836} INFO - DAG(s) dict_keys(['deploy_prediction_model']) retrieved from /opt/airflow/dags/deploy.py
[2023-08-28T13:42:10.474+0000] {logging_mixin.py:149} INFO - [2023-08-28T13:42:10.474+0000] {dag.py:2726} INFO - Sync 1 DAGs
[2023-08-28T13:42:10.489+0000] {logging_mixin.py:149} INFO - [2023-08-28T13:42:10.489+0000] {dag.py:3490} INFO - Setting next_dagrun for deploy_prediction_model to None, run_after=None
[2023-08-28T13:42:10.499+0000] {processor.py:179} INFO - Processing /opt/airflow/dags/deploy.py took 3.764 seconds
[2023-08-28T13:42:41.344+0000] {processor.py:157} INFO - Started process (PID=85836) to work on /opt/airflow/dags/deploy.py
[2023-08-28T13:42:41.346+0000] {processor.py:826} INFO - Processing file /opt/airflow/dags/deploy.py for tasks to queue
[2023-08-28T13:42:41.348+0000] {logging_mixin.py:149} INFO - [2023-08-28T13:42:41.348+0000] {dagbag.py:541} INFO - Filling up the DagBag from /opt/airflow/dags/deploy.py
[2023-08-28T13:42:44.513+0000] {processor.py:836} INFO - DAG(s) dict_keys(['deploy_prediction_model']) retrieved from /opt/airflow/dags/deploy.py
[2023-08-28T13:42:44.539+0000] {logging_mixin.py:149} INFO - [2023-08-28T13:42:44.539+0000] {dag.py:2726} INFO - Sync 1 DAGs
[2023-08-28T13:42:44.556+0000] {logging_mixin.py:149} INFO - [2023-08-28T13:42:44.556+0000] {dag.py:3490} INFO - Setting next_dagrun for deploy_prediction_model to None, run_after=None
[2023-08-28T13:42:44.568+0000] {processor.py:179} INFO - Processing /opt/airflow/dags/deploy.py took 3.232 seconds
[2023-08-28T13:43:15.373+0000] {processor.py:157} INFO - Started process (PID=85902) to work on /opt/airflow/dags/deploy.py
[2023-08-28T13:43:15.375+0000] {processor.py:826} INFO - Processing file /opt/airflow/dags/deploy.py for tasks to queue
[2023-08-28T13:43:15.376+0000] {logging_mixin.py:149} INFO - [2023-08-28T13:43:15.376+0000] {dagbag.py:541} INFO - Filling up the DagBag from /opt/airflow/dags/deploy.py
[2023-08-28T13:43:18.643+0000] {processor.py:836} INFO - DAG(s) dict_keys(['deploy_prediction_model']) retrieved from /opt/airflow/dags/deploy.py
[2023-08-28T13:43:18.665+0000] {logging_mixin.py:149} INFO - [2023-08-28T13:43:18.665+0000] {dag.py:2726} INFO - Sync 1 DAGs
[2023-08-28T13:43:18.680+0000] {logging_mixin.py:149} INFO - [2023-08-28T13:43:18.680+0000] {dag.py:3490} INFO - Setting next_dagrun for deploy_prediction_model to None, run_after=None
[2023-08-28T13:43:18.692+0000] {processor.py:179} INFO - Processing /opt/airflow/dags/deploy.py took 3.326 seconds
[2023-08-28T13:43:49.502+0000] {processor.py:157} INFO - Started process (PID=85975) to work on /opt/airflow/dags/deploy.py
[2023-08-28T13:43:49.504+0000] {processor.py:826} INFO - Processing file /opt/airflow/dags/deploy.py for tasks to queue
[2023-08-28T13:43:49.505+0000] {logging_mixin.py:149} INFO - [2023-08-28T13:43:49.505+0000] {dagbag.py:541} INFO - Filling up the DagBag from /opt/airflow/dags/deploy.py
[2023-08-28T13:43:52.665+0000] {processor.py:836} INFO - DAG(s) dict_keys(['deploy_prediction_model']) retrieved from /opt/airflow/dags/deploy.py
[2023-08-28T13:43:52.688+0000] {logging_mixin.py:149} INFO - [2023-08-28T13:43:52.688+0000] {dag.py:2726} INFO - Sync 1 DAGs
[2023-08-28T13:43:52.705+0000] {logging_mixin.py:149} INFO - [2023-08-28T13:43:52.704+0000] {dag.py:3490} INFO - Setting next_dagrun for deploy_prediction_model to None, run_after=None
[2023-08-28T13:43:52.716+0000] {processor.py:179} INFO - Processing /opt/airflow/dags/deploy.py took 3.222 seconds
[2023-08-28T13:44:23.591+0000] {processor.py:157} INFO - Started process (PID=86042) to work on /opt/airflow/dags/deploy.py
[2023-08-28T13:44:23.594+0000] {processor.py:826} INFO - Processing file /opt/airflow/dags/deploy.py for tasks to queue
[2023-08-28T13:44:23.596+0000] {logging_mixin.py:149} INFO - [2023-08-28T13:44:23.596+0000] {dagbag.py:541} INFO - Filling up the DagBag from /opt/airflow/dags/deploy.py
[2023-08-28T13:44:26.709+0000] {processor.py:836} INFO - DAG(s) dict_keys(['deploy_prediction_model']) retrieved from /opt/airflow/dags/deploy.py
[2023-08-28T13:44:26.747+0000] {logging_mixin.py:149} INFO - [2023-08-28T13:44:26.745+0000] {dag.py:2726} INFO - Sync 1 DAGs
[2023-08-28T13:44:26.783+0000] {logging_mixin.py:149} INFO - [2023-08-28T13:44:26.783+0000] {dag.py:3490} INFO - Setting next_dagrun for deploy_prediction_model to None, run_after=None
[2023-08-28T13:44:26.798+0000] {processor.py:179} INFO - Processing /opt/airflow/dags/deploy.py took 3.214 seconds
[2023-08-28T13:44:57.496+0000] {processor.py:157} INFO - Started process (PID=86108) to work on /opt/airflow/dags/deploy.py
[2023-08-28T13:44:57.498+0000] {processor.py:826} INFO - Processing file /opt/airflow/dags/deploy.py for tasks to queue
[2023-08-28T13:44:57.499+0000] {logging_mixin.py:149} INFO - [2023-08-28T13:44:57.499+0000] {dagbag.py:541} INFO - Filling up the DagBag from /opt/airflow/dags/deploy.py
[2023-08-28T13:45:00.672+0000] {processor.py:836} INFO - DAG(s) dict_keys(['deploy_prediction_model']) retrieved from /opt/airflow/dags/deploy.py
[2023-08-28T13:45:00.696+0000] {logging_mixin.py:149} INFO - [2023-08-28T13:45:00.696+0000] {dag.py:2726} INFO - Sync 1 DAGs
[2023-08-28T13:45:00.712+0000] {logging_mixin.py:149} INFO - [2023-08-28T13:45:00.712+0000] {dag.py:3490} INFO - Setting next_dagrun for deploy_prediction_model to None, run_after=None
[2023-08-28T13:45:00.730+0000] {processor.py:179} INFO - Processing /opt/airflow/dags/deploy.py took 3.243 seconds
[2023-08-28T13:45:31.006+0000] {processor.py:157} INFO - Started process (PID=86174) to work on /opt/airflow/dags/deploy.py
[2023-08-28T13:45:31.008+0000] {processor.py:826} INFO - Processing file /opt/airflow/dags/deploy.py for tasks to queue
[2023-08-28T13:45:31.009+0000] {logging_mixin.py:149} INFO - [2023-08-28T13:45:31.009+0000] {dagbag.py:541} INFO - Filling up the DagBag from /opt/airflow/dags/deploy.py
[2023-08-28T13:45:34.858+0000] {processor.py:836} INFO - DAG(s) dict_keys(['deploy_prediction_model']) retrieved from /opt/airflow/dags/deploy.py
[2023-08-28T13:45:34.884+0000] {logging_mixin.py:149} INFO - [2023-08-28T13:45:34.884+0000] {dag.py:2726} INFO - Sync 1 DAGs
[2023-08-28T13:45:34.901+0000] {logging_mixin.py:149} INFO - [2023-08-28T13:45:34.900+0000] {dag.py:3490} INFO - Setting next_dagrun for deploy_prediction_model to None, run_after=None
[2023-08-28T13:45:34.913+0000] {processor.py:179} INFO - Processing /opt/airflow/dags/deploy.py took 3.913 seconds
[2023-08-28T13:46:05.731+0000] {processor.py:157} INFO - Started process (PID=86240) to work on /opt/airflow/dags/deploy.py
[2023-08-28T13:46:05.733+0000] {processor.py:826} INFO - Processing file /opt/airflow/dags/deploy.py for tasks to queue
[2023-08-28T13:46:05.734+0000] {logging_mixin.py:149} INFO - [2023-08-28T13:46:05.734+0000] {dagbag.py:541} INFO - Filling up the DagBag from /opt/airflow/dags/deploy.py
[2023-08-28T13:46:08.943+0000] {processor.py:836} INFO - DAG(s) dict_keys(['deploy_prediction_model']) retrieved from /opt/airflow/dags/deploy.py
[2023-08-28T13:46:08.968+0000] {logging_mixin.py:149} INFO - [2023-08-28T13:46:08.968+0000] {dag.py:2726} INFO - Sync 1 DAGs
[2023-08-28T13:46:08.986+0000] {logging_mixin.py:149} INFO - [2023-08-28T13:46:08.986+0000] {dag.py:3490} INFO - Setting next_dagrun for deploy_prediction_model to None, run_after=None
[2023-08-28T13:46:08.998+0000] {processor.py:179} INFO - Processing /opt/airflow/dags/deploy.py took 3.272 seconds
[2023-08-28T13:46:39.889+0000] {processor.py:157} INFO - Started process (PID=86305) to work on /opt/airflow/dags/deploy.py
[2023-08-28T13:46:39.892+0000] {processor.py:826} INFO - Processing file /opt/airflow/dags/deploy.py for tasks to queue
[2023-08-28T13:46:39.893+0000] {logging_mixin.py:149} INFO - [2023-08-28T13:46:39.893+0000] {dagbag.py:541} INFO - Filling up the DagBag from /opt/airflow/dags/deploy.py
[2023-08-28T13:46:43.128+0000] {processor.py:836} INFO - DAG(s) dict_keys(['deploy_prediction_model']) retrieved from /opt/airflow/dags/deploy.py
[2023-08-28T13:46:43.156+0000] {logging_mixin.py:149} INFO - [2023-08-28T13:46:43.155+0000] {dag.py:2726} INFO - Sync 1 DAGs
[2023-08-28T13:46:43.178+0000] {logging_mixin.py:149} INFO - [2023-08-28T13:46:43.178+0000] {dag.py:3490} INFO - Setting next_dagrun for deploy_prediction_model to None, run_after=None
[2023-08-28T13:46:43.200+0000] {processor.py:179} INFO - Processing /opt/airflow/dags/deploy.py took 3.320 seconds
[2023-08-28T13:47:13.978+0000] {processor.py:157} INFO - Started process (PID=86372) to work on /opt/airflow/dags/deploy.py
[2023-08-28T13:47:13.979+0000] {processor.py:826} INFO - Processing file /opt/airflow/dags/deploy.py for tasks to queue
[2023-08-28T13:47:13.980+0000] {logging_mixin.py:149} INFO - [2023-08-28T13:47:13.980+0000] {dagbag.py:541} INFO - Filling up the DagBag from /opt/airflow/dags/deploy.py
[2023-08-28T13:47:17.099+0000] {processor.py:836} INFO - DAG(s) dict_keys(['deploy_prediction_model']) retrieved from /opt/airflow/dags/deploy.py
[2023-08-28T13:47:17.125+0000] {logging_mixin.py:149} INFO - [2023-08-28T13:47:17.125+0000] {dag.py:2726} INFO - Sync 1 DAGs
[2023-08-28T13:47:17.142+0000] {logging_mixin.py:149} INFO - [2023-08-28T13:47:17.142+0000] {dag.py:3490} INFO - Setting next_dagrun for deploy_prediction_model to None, run_after=None
[2023-08-28T13:47:17.154+0000] {processor.py:179} INFO - Processing /opt/airflow/dags/deploy.py took 3.183 seconds
[2023-08-28T13:47:47.655+0000] {processor.py:157} INFO - Started process (PID=86445) to work on /opt/airflow/dags/deploy.py
[2023-08-28T13:47:47.658+0000] {processor.py:826} INFO - Processing file /opt/airflow/dags/deploy.py for tasks to queue
[2023-08-28T13:47:47.659+0000] {logging_mixin.py:149} INFO - [2023-08-28T13:47:47.659+0000] {dagbag.py:541} INFO - Filling up the DagBag from /opt/airflow/dags/deploy.py
[2023-08-28T13:47:51.282+0000] {processor.py:836} INFO - DAG(s) dict_keys(['deploy_prediction_model']) retrieved from /opt/airflow/dags/deploy.py
[2023-08-28T13:47:51.312+0000] {logging_mixin.py:149} INFO - [2023-08-28T13:47:51.312+0000] {dag.py:2726} INFO - Sync 1 DAGs
[2023-08-28T13:47:51.331+0000] {logging_mixin.py:149} INFO - [2023-08-28T13:47:51.331+0000] {dag.py:3490} INFO - Setting next_dagrun for deploy_prediction_model to None, run_after=None
[2023-08-28T13:47:51.344+0000] {processor.py:179} INFO - Processing /opt/airflow/dags/deploy.py took 3.696 seconds
[2023-08-28T13:48:21.455+0000] {processor.py:157} INFO - Started process (PID=86511) to work on /opt/airflow/dags/deploy.py
[2023-08-28T13:48:21.457+0000] {processor.py:826} INFO - Processing file /opt/airflow/dags/deploy.py for tasks to queue
[2023-08-28T13:48:21.458+0000] {logging_mixin.py:149} INFO - [2023-08-28T13:48:21.458+0000] {dagbag.py:541} INFO - Filling up the DagBag from /opt/airflow/dags/deploy.py
[2023-08-28T13:48:24.599+0000] {processor.py:836} INFO - DAG(s) dict_keys(['deploy_prediction_model']) retrieved from /opt/airflow/dags/deploy.py
[2023-08-28T13:48:24.627+0000] {logging_mixin.py:149} INFO - [2023-08-28T13:48:24.627+0000] {dag.py:2726} INFO - Sync 1 DAGs
[2023-08-28T13:48:24.643+0000] {logging_mixin.py:149} INFO - [2023-08-28T13:48:24.642+0000] {dag.py:3490} INFO - Setting next_dagrun for deploy_prediction_model to None, run_after=None
[2023-08-28T13:48:24.654+0000] {processor.py:179} INFO - Processing /opt/airflow/dags/deploy.py took 3.202 seconds
[2023-08-28T13:48:54.901+0000] {processor.py:157} INFO - Started process (PID=86577) to work on /opt/airflow/dags/deploy.py
[2023-08-28T13:48:54.903+0000] {processor.py:826} INFO - Processing file /opt/airflow/dags/deploy.py for tasks to queue
[2023-08-28T13:48:54.905+0000] {logging_mixin.py:149} INFO - [2023-08-28T13:48:54.905+0000] {dagbag.py:541} INFO - Filling up the DagBag from /opt/airflow/dags/deploy.py
[2023-08-28T13:48:58.208+0000] {processor.py:836} INFO - DAG(s) dict_keys(['deploy_prediction_model']) retrieved from /opt/airflow/dags/deploy.py
[2023-08-28T13:48:58.231+0000] {logging_mixin.py:149} INFO - [2023-08-28T13:48:58.231+0000] {dag.py:2726} INFO - Sync 1 DAGs
[2023-08-28T13:48:58.248+0000] {logging_mixin.py:149} INFO - [2023-08-28T13:48:58.248+0000] {dag.py:3490} INFO - Setting next_dagrun for deploy_prediction_model to None, run_after=None
[2023-08-28T13:48:58.259+0000] {processor.py:179} INFO - Processing /opt/airflow/dags/deploy.py took 3.364 seconds
[2023-08-28T13:49:28.743+0000] {processor.py:157} INFO - Started process (PID=86651) to work on /opt/airflow/dags/deploy.py
[2023-08-28T13:49:28.745+0000] {processor.py:826} INFO - Processing file /opt/airflow/dags/deploy.py for tasks to queue
[2023-08-28T13:49:28.747+0000] {logging_mixin.py:149} INFO - [2023-08-28T13:49:28.747+0000] {dagbag.py:541} INFO - Filling up the DagBag from /opt/airflow/dags/deploy.py
[2023-08-28T13:49:32.415+0000] {processor.py:836} INFO - DAG(s) dict_keys(['deploy_prediction_model']) retrieved from /opt/airflow/dags/deploy.py
[2023-08-28T13:49:32.438+0000] {logging_mixin.py:149} INFO - [2023-08-28T13:49:32.438+0000] {dag.py:2726} INFO - Sync 1 DAGs
[2023-08-28T13:49:32.454+0000] {logging_mixin.py:149} INFO - [2023-08-28T13:49:32.453+0000] {dag.py:3490} INFO - Setting next_dagrun for deploy_prediction_model to None, run_after=None
[2023-08-28T13:49:32.464+0000] {processor.py:179} INFO - Processing /opt/airflow/dags/deploy.py took 3.729 seconds
[2023-08-28T15:39:07.698+0000] {processor.py:157} INFO - Started process (PID=86702) to work on /opt/airflow/dags/deploy.py
[2023-08-28T15:39:07.699+0000] {processor.py:826} INFO - Processing file /opt/airflow/dags/deploy.py for tasks to queue
[2023-08-28T15:39:07.700+0000] {logging_mixin.py:149} INFO - [2023-08-28T15:39:07.700+0000] {dagbag.py:541} INFO - Filling up the DagBag from /opt/airflow/dags/deploy.py
[2023-08-28T15:39:11.388+0000] {processor.py:836} INFO - DAG(s) dict_keys(['deploy_prediction_model']) retrieved from /opt/airflow/dags/deploy.py
[2023-08-28T15:39:11.412+0000] {logging_mixin.py:149} INFO - [2023-08-28T15:39:11.412+0000] {dag.py:2726} INFO - Sync 1 DAGs
[2023-08-28T15:39:11.427+0000] {logging_mixin.py:149} INFO - [2023-08-28T15:39:11.427+0000] {dag.py:3490} INFO - Setting next_dagrun for deploy_prediction_model to None, run_after=None
[2023-08-28T15:39:11.439+0000] {processor.py:179} INFO - Processing /opt/airflow/dags/deploy.py took 3.745 seconds
[2023-08-28T16:02:13.509+0000] {processor.py:157} INFO - Started process (PID=86742) to work on /opt/airflow/dags/deploy.py
[2023-08-28T16:02:13.512+0000] {processor.py:826} INFO - Processing file /opt/airflow/dags/deploy.py for tasks to queue
[2023-08-28T16:02:13.513+0000] {logging_mixin.py:149} INFO - [2023-08-28T16:02:13.513+0000] {dagbag.py:541} INFO - Filling up the DagBag from /opt/airflow/dags/deploy.py
[2023-08-28T16:02:17.402+0000] {processor.py:836} INFO - DAG(s) dict_keys(['deploy_prediction_model']) retrieved from /opt/airflow/dags/deploy.py
[2023-08-28T16:02:17.425+0000] {logging_mixin.py:149} INFO - [2023-08-28T16:02:17.425+0000] {dag.py:2726} INFO - Sync 1 DAGs
[2023-08-28T16:02:17.440+0000] {logging_mixin.py:149} INFO - [2023-08-28T16:02:17.440+0000] {dag.py:3490} INFO - Setting next_dagrun for deploy_prediction_model to None, run_after=None
[2023-08-28T16:02:17.451+0000] {processor.py:179} INFO - Processing /opt/airflow/dags/deploy.py took 3.945 seconds
[2023-08-28T19:42:42.273+0000] {processor.py:157} INFO - Started process (PID=86808) to work on /opt/airflow/dags/deploy.py
[2023-08-28T19:42:42.274+0000] {processor.py:826} INFO - Processing file /opt/airflow/dags/deploy.py for tasks to queue
[2023-08-28T19:42:42.275+0000] {logging_mixin.py:149} INFO - [2023-08-28T19:42:42.275+0000] {dagbag.py:541} INFO - Filling up the DagBag from /opt/airflow/dags/deploy.py
[2023-08-28T19:42:46.144+0000] {processor.py:836} INFO - DAG(s) dict_keys(['deploy_prediction_model']) retrieved from /opt/airflow/dags/deploy.py
[2023-08-28T19:42:46.170+0000] {logging_mixin.py:149} INFO - [2023-08-28T19:42:46.170+0000] {dag.py:2726} INFO - Sync 1 DAGs
[2023-08-28T19:42:46.187+0000] {logging_mixin.py:149} INFO - [2023-08-28T19:42:46.187+0000] {dag.py:3490} INFO - Setting next_dagrun for deploy_prediction_model to None, run_after=None
[2023-08-28T19:42:46.199+0000] {processor.py:179} INFO - Processing /opt/airflow/dags/deploy.py took 3.930 seconds
[2023-08-28T21:57:35.186+0000] {processor.py:157} INFO - Started process (PID=86874) to work on /opt/airflow/dags/deploy.py
[2023-08-28T21:57:35.187+0000] {processor.py:826} INFO - Processing file /opt/airflow/dags/deploy.py for tasks to queue
[2023-08-28T21:57:35.188+0000] {logging_mixin.py:149} INFO - [2023-08-28T21:57:35.188+0000] {dagbag.py:541} INFO - Filling up the DagBag from /opt/airflow/dags/deploy.py
[2023-08-28T21:57:39.177+0000] {processor.py:836} INFO - DAG(s) dict_keys(['deploy_prediction_model']) retrieved from /opt/airflow/dags/deploy.py
[2023-08-28T21:57:39.204+0000] {logging_mixin.py:149} INFO - [2023-08-28T21:57:39.204+0000] {dag.py:2726} INFO - Sync 1 DAGs
[2023-08-28T21:57:39.222+0000] {logging_mixin.py:149} INFO - [2023-08-28T21:57:39.222+0000] {dag.py:3490} INFO - Setting next_dagrun for deploy_prediction_model to None, run_after=None
[2023-08-28T21:57:39.235+0000] {processor.py:179} INFO - Processing /opt/airflow/dags/deploy.py took 4.052 seconds
