[2023-06-13T12:06:31.487+0000] {taskinstance.py:1103} INFO - Dependencies all met for dep_context=non-requeueable deps ti=<TaskInstance: agile_data_science_batch_prediction_model_training.pyspark_train_classifier_model manual__2023-06-13T12:06:25.188291+00:00 [queued]>
[2023-06-13T12:06:31.492+0000] {taskinstance.py:1103} INFO - Dependencies all met for dep_context=requeueable deps ti=<TaskInstance: agile_data_science_batch_prediction_model_training.pyspark_train_classifier_model manual__2023-06-13T12:06:25.188291+00:00 [queued]>
[2023-06-13T12:06:31.492+0000] {taskinstance.py:1308} INFO - Starting attempt 1 of 4
[2023-06-13T12:06:31.514+0000] {taskinstance.py:1327} INFO - Executing <Task(BashOperator): pyspark_train_classifier_model> on 2023-06-13 12:06:25.188291+00:00
[2023-06-13T12:06:31.521+0000] {standard_task_runner.py:57} INFO - Started process 93 to run task
[2023-06-13T12:06:31.528+0000] {standard_task_runner.py:84} INFO - Running: ['***', 'tasks', 'run', 'agile_data_science_batch_prediction_model_training', 'pyspark_train_classifier_model', 'manual__2023-06-13T12:06:25.188291+00:00', '--job-id', '13', '--raw', '--subdir', 'DAGS_FOLDER/setup.py', '--cfg-path', '/tmp/tmp0_z6q4uv']
[2023-06-13T12:06:31.542+0000] {standard_task_runner.py:85} INFO - Job 13: Subtask pyspark_train_classifier_model
[2023-06-13T12:06:31.614+0000] {task_command.py:410} INFO - Running <TaskInstance: agile_data_science_batch_prediction_model_training.pyspark_train_classifier_model manual__2023-06-13T12:06:25.188291+00:00 [running]> on host 216411ef4acd
[2023-06-13T12:06:31.673+0000] {taskinstance.py:1547} INFO - Exporting env vars: AIRFLOW_CTX_DAG_OWNER='***' AIRFLOW_CTX_DAG_ID='agile_data_science_batch_prediction_model_training' AIRFLOW_CTX_TASK_ID='pyspark_train_classifier_model' AIRFLOW_CTX_EXECUTION_DATE='2023-06-13T12:06:25.188291+00:00' AIRFLOW_CTX_TRY_NUMBER='1' AIRFLOW_CTX_DAG_RUN_ID='manual__2023-06-13T12:06:25.188291+00:00'
[2023-06-13T12:06:31.675+0000] {subprocess.py:63} INFO - Tmp dir root location: 
 /tmp
[2023-06-13T12:06:31.676+0000] {subprocess.py:75} INFO - Running command: ['/bin/bash', '-c', '\nspark-submit --master spark://spark-master-train:7077   /Users/admin/Documents/test-ml/fiware-mlops-supermarket///resources/train_spark_mllib_model.py   /Users/admin/Documents/test-ml/fiware-mlops-supermarket//']
[2023-06-13T12:06:31.686+0000] {subprocess.py:86} INFO - Output:
[2023-06-13T12:06:31.693+0000] {subprocess.py:93} INFO - /bin/bash: line 2: spark-submit: command not found
[2023-06-13T12:06:31.694+0000] {subprocess.py:97} INFO - Command exited with return code 127
[2023-06-13T12:06:31.705+0000] {taskinstance.py:1824} ERROR - Task failed with exception
Traceback (most recent call last):
  File "/home/airflow/.local/lib/python3.7/site-packages/airflow/operators/bash.py", line 211, in execute
    f"Bash command failed. The command returned a non-zero exit code {result.exit_code}."
airflow.exceptions.AirflowException: Bash command failed. The command returned a non-zero exit code 127.
[2023-06-13T12:06:31.708+0000] {taskinstance.py:1350} INFO - Marking task as UP_FOR_RETRY. dag_id=agile_data_science_batch_prediction_model_training, task_id=pyspark_train_classifier_model, execution_date=20230613T120625, start_date=20230613T120631, end_date=20230613T120631
[2023-06-13T12:06:31.715+0000] {standard_task_runner.py:109} ERROR - Failed to execute job 13 for task pyspark_train_classifier_model (Bash command failed. The command returned a non-zero exit code 127.; 93)
[2023-06-13T12:06:31.742+0000] {local_task_job_runner.py:225} INFO - Task exited with return code 1
[2023-06-13T12:06:31.759+0000] {taskinstance.py:2651} INFO - 0 downstream tasks scheduled from follow-on schedule check
