[2023-08-13T05:57:12.473+0000] {processor.py:157} INFO - Started process (PID=68984) to work on /opt/airflow/dags/deploy.py
[2023-08-13T05:57:12.484+0000] {processor.py:826} INFO - Processing file /opt/airflow/dags/deploy.py for tasks to queue
[2023-08-13T05:57:12.487+0000] {logging_mixin.py:149} INFO - [2023-08-13T05:57:12.487+0000] {dagbag.py:541} INFO - Filling up the DagBag from /opt/airflow/dags/deploy.py
[2023-08-13T05:57:16.370+0000] {processor.py:836} INFO - DAG(s) dict_keys(['deploy_prediction_model']) retrieved from /opt/airflow/dags/deploy.py
[2023-08-13T05:57:16.395+0000] {logging_mixin.py:149} INFO - [2023-08-13T05:57:16.395+0000] {dag.py:2726} INFO - Sync 1 DAGs
[2023-08-13T05:57:16.411+0000] {logging_mixin.py:149} INFO - [2023-08-13T05:57:16.411+0000] {dag.py:3490} INFO - Setting next_dagrun for deploy_prediction_model to None, run_after=None
[2023-08-13T05:57:16.422+0000] {processor.py:179} INFO - Processing /opt/airflow/dags/deploy.py took 3.952 seconds
[2023-08-13T09:38:43.294+0000] {processor.py:157} INFO - Started process (PID=69050) to work on /opt/airflow/dags/deploy.py
[2023-08-13T09:38:43.295+0000] {processor.py:826} INFO - Processing file /opt/airflow/dags/deploy.py for tasks to queue
[2023-08-13T09:38:43.296+0000] {logging_mixin.py:149} INFO - [2023-08-13T09:38:43.295+0000] {dagbag.py:541} INFO - Filling up the DagBag from /opt/airflow/dags/deploy.py
[2023-08-13T09:38:47.138+0000] {processor.py:836} INFO - DAG(s) dict_keys(['deploy_prediction_model']) retrieved from /opt/airflow/dags/deploy.py
[2023-08-13T09:38:47.173+0000] {logging_mixin.py:149} INFO - [2023-08-13T09:38:47.173+0000] {dag.py:2726} INFO - Sync 1 DAGs
[2023-08-13T09:38:47.195+0000] {logging_mixin.py:149} INFO - [2023-08-13T09:38:47.195+0000] {dag.py:3490} INFO - Setting next_dagrun for deploy_prediction_model to None, run_after=None
[2023-08-13T09:38:47.214+0000] {processor.py:179} INFO - Processing /opt/airflow/dags/deploy.py took 3.923 seconds
[2023-08-13T10:35:51.649+0000] {processor.py:157} INFO - Started process (PID=69115) to work on /opt/airflow/dags/deploy.py
[2023-08-13T10:35:51.650+0000] {processor.py:826} INFO - Processing file /opt/airflow/dags/deploy.py for tasks to queue
[2023-08-13T10:35:51.650+0000] {logging_mixin.py:149} INFO - [2023-08-13T10:35:51.650+0000] {dagbag.py:541} INFO - Filling up the DagBag from /opt/airflow/dags/deploy.py
[2023-08-13T10:35:55.684+0000] {processor.py:836} INFO - DAG(s) dict_keys(['deploy_prediction_model']) retrieved from /opt/airflow/dags/deploy.py
[2023-08-13T10:35:55.710+0000] {logging_mixin.py:149} INFO - [2023-08-13T10:35:55.710+0000] {dag.py:2726} INFO - Sync 1 DAGs
[2023-08-13T10:35:55.728+0000] {logging_mixin.py:149} INFO - [2023-08-13T10:35:55.728+0000] {dag.py:3490} INFO - Setting next_dagrun for deploy_prediction_model to None, run_after=None
[2023-08-13T10:35:55.740+0000] {processor.py:179} INFO - Processing /opt/airflow/dags/deploy.py took 4.099 seconds
[2023-08-13T12:00:06.847+0000] {processor.py:157} INFO - Started process (PID=69181) to work on /opt/airflow/dags/deploy.py
[2023-08-13T12:00:06.849+0000] {processor.py:826} INFO - Processing file /opt/airflow/dags/deploy.py for tasks to queue
[2023-08-13T12:00:06.870+0000] {logging_mixin.py:149} INFO - [2023-08-13T12:00:06.870+0000] {dagbag.py:541} INFO - Filling up the DagBag from /opt/airflow/dags/deploy.py
[2023-08-13T12:00:11.140+0000] {processor.py:836} INFO - DAG(s) dict_keys(['deploy_prediction_model']) retrieved from /opt/airflow/dags/deploy.py
[2023-08-13T12:00:11.161+0000] {logging_mixin.py:149} INFO - [2023-08-13T12:00:11.161+0000] {dag.py:2726} INFO - Sync 1 DAGs
[2023-08-13T12:00:11.175+0000] {logging_mixin.py:149} INFO - [2023-08-13T12:00:11.174+0000] {dag.py:3490} INFO - Setting next_dagrun for deploy_prediction_model to None, run_after=None
[2023-08-13T12:00:11.195+0000] {processor.py:179} INFO - Processing /opt/airflow/dags/deploy.py took 4.354 seconds
[2023-08-13T14:10:22.656+0000] {processor.py:157} INFO - Started process (PID=69247) to work on /opt/airflow/dags/deploy.py
[2023-08-13T14:10:22.658+0000] {processor.py:826} INFO - Processing file /opt/airflow/dags/deploy.py for tasks to queue
[2023-08-13T14:10:22.659+0000] {logging_mixin.py:149} INFO - [2023-08-13T14:10:22.658+0000] {dagbag.py:541} INFO - Filling up the DagBag from /opt/airflow/dags/deploy.py
[2023-08-13T14:10:27.550+0000] {processor.py:836} INFO - DAG(s) dict_keys(['deploy_prediction_model']) retrieved from /opt/airflow/dags/deploy.py
[2023-08-13T14:10:27.579+0000] {logging_mixin.py:149} INFO - [2023-08-13T14:10:27.579+0000] {dag.py:2726} INFO - Sync 1 DAGs
[2023-08-13T14:10:27.595+0000] {logging_mixin.py:149} INFO - [2023-08-13T14:10:27.595+0000] {dag.py:3490} INFO - Setting next_dagrun for deploy_prediction_model to None, run_after=None
[2023-08-13T14:10:27.607+0000] {processor.py:179} INFO - Processing /opt/airflow/dags/deploy.py took 4.954 seconds
[2023-08-13T18:56:30.349+0000] {processor.py:157} INFO - Started process (PID=69312) to work on /opt/airflow/dags/deploy.py
[2023-08-13T18:56:30.351+0000] {processor.py:826} INFO - Processing file /opt/airflow/dags/deploy.py for tasks to queue
[2023-08-13T18:56:30.352+0000] {logging_mixin.py:149} INFO - [2023-08-13T18:56:30.352+0000] {dagbag.py:541} INFO - Filling up the DagBag from /opt/airflow/dags/deploy.py
[2023-08-13T18:56:35.225+0000] {processor.py:836} INFO - DAG(s) dict_keys(['deploy_prediction_model']) retrieved from /opt/airflow/dags/deploy.py
[2023-08-13T18:56:35.252+0000] {logging_mixin.py:149} INFO - [2023-08-13T18:56:35.252+0000] {dag.py:2726} INFO - Sync 1 DAGs
[2023-08-13T18:56:35.272+0000] {logging_mixin.py:149} INFO - [2023-08-13T18:56:35.272+0000] {dag.py:3490} INFO - Setting next_dagrun for deploy_prediction_model to None, run_after=None
[2023-08-13T18:56:35.284+0000] {processor.py:179} INFO - Processing /opt/airflow/dags/deploy.py took 4.939 seconds
[2023-08-13T22:23:16.227+0000] {processor.py:157} INFO - Started process (PID=69378) to work on /opt/airflow/dags/deploy.py
[2023-08-13T22:23:16.228+0000] {processor.py:826} INFO - Processing file /opt/airflow/dags/deploy.py for tasks to queue
[2023-08-13T22:23:16.229+0000] {logging_mixin.py:149} INFO - [2023-08-13T22:23:16.229+0000] {dagbag.py:541} INFO - Filling up the DagBag from /opt/airflow/dags/deploy.py
[2023-08-13T22:23:20.645+0000] {processor.py:836} INFO - DAG(s) dict_keys(['deploy_prediction_model']) retrieved from /opt/airflow/dags/deploy.py
[2023-08-13T22:23:20.711+0000] {logging_mixin.py:149} INFO - [2023-08-13T22:23:20.711+0000] {dag.py:2726} INFO - Sync 1 DAGs
[2023-08-13T22:23:20.743+0000] {logging_mixin.py:149} INFO - [2023-08-13T22:23:20.743+0000] {dag.py:3490} INFO - Setting next_dagrun for deploy_prediction_model to None, run_after=None
[2023-08-13T22:23:20.765+0000] {processor.py:179} INFO - Processing /opt/airflow/dags/deploy.py took 4.541 seconds
