[2023-08-13T05:57:12.497+0000] {processor.py:157} INFO - Started process (PID=68985) to work on /opt/airflow/dags/setup.py
[2023-08-13T05:57:12.498+0000] {processor.py:826} INFO - Processing file /opt/airflow/dags/setup.py for tasks to queue
[2023-08-13T05:57:12.499+0000] {logging_mixin.py:149} INFO - [2023-08-13T05:57:12.499+0000] {dagbag.py:541} INFO - Filling up the DagBag from /opt/airflow/dags/setup.py
[2023-08-13T05:57:16.387+0000] {logging_mixin.py:149} INFO - testttt
[2023-08-13T05:57:16.391+0000] {logging_mixin.py:149} INFO - 
/opt/airflow/plugins/spark-2.4.5-bin-hadoop2.7/bin/spark-submit --master {{ params.master }}   {{ params.base_path }}/{{ params.filename }}   {{ params.base_path }}
[2023-08-13T05:57:16.393+0000] {processor.py:836} INFO - DAG(s) dict_keys(['agile_data_science_batch_prediction_model_training']) retrieved from /opt/airflow/dags/setup.py
[2023-08-13T05:57:16.414+0000] {logging_mixin.py:149} INFO - [2023-08-13T05:57:16.414+0000] {dag.py:2726} INFO - Sync 1 DAGs
[2023-08-13T05:57:16.429+0000] {logging_mixin.py:149} INFO - [2023-08-13T05:57:16.429+0000] {dag.py:3490} INFO - Setting next_dagrun for agile_data_science_batch_prediction_model_training to None, run_after=None
[2023-08-13T05:57:16.446+0000] {processor.py:179} INFO - Processing /opt/airflow/dags/setup.py took 3.958 seconds
[2023-08-13T09:38:43.315+0000] {processor.py:157} INFO - Started process (PID=69051) to work on /opt/airflow/dags/setup.py
[2023-08-13T09:38:43.318+0000] {processor.py:826} INFO - Processing file /opt/airflow/dags/setup.py for tasks to queue
[2023-08-13T09:38:43.320+0000] {logging_mixin.py:149} INFO - [2023-08-13T09:38:43.319+0000] {dagbag.py:541} INFO - Filling up the DagBag from /opt/airflow/dags/setup.py
[2023-08-13T09:38:47.133+0000] {logging_mixin.py:149} INFO - testttt
[2023-08-13T09:38:47.138+0000] {logging_mixin.py:149} INFO - 
/opt/airflow/plugins/spark-2.4.5-bin-hadoop2.7/bin/spark-submit --master {{ params.master }}   {{ params.base_path }}/{{ params.filename }}   {{ params.base_path }}
[2023-08-13T09:38:47.140+0000] {processor.py:836} INFO - DAG(s) dict_keys(['agile_data_science_batch_prediction_model_training']) retrieved from /opt/airflow/dags/setup.py
[2023-08-13T09:38:47.170+0000] {logging_mixin.py:149} INFO - [2023-08-13T09:38:47.170+0000] {dag.py:2726} INFO - Sync 1 DAGs
[2023-08-13T09:38:47.190+0000] {logging_mixin.py:149} INFO - [2023-08-13T09:38:47.190+0000] {dag.py:3490} INFO - Setting next_dagrun for agile_data_science_batch_prediction_model_training to None, run_after=None
[2023-08-13T09:38:47.203+0000] {processor.py:179} INFO - Processing /opt/airflow/dags/setup.py took 3.896 seconds
[2023-08-13T10:35:51.648+0000] {processor.py:157} INFO - Started process (PID=69116) to work on /opt/airflow/dags/setup.py
[2023-08-13T10:35:51.650+0000] {processor.py:826} INFO - Processing file /opt/airflow/dags/setup.py for tasks to queue
[2023-08-13T10:35:51.650+0000] {logging_mixin.py:149} INFO - [2023-08-13T10:35:51.650+0000] {dagbag.py:541} INFO - Filling up the DagBag from /opt/airflow/dags/setup.py
[2023-08-13T10:35:55.764+0000] {logging_mixin.py:149} INFO - testttt
[2023-08-13T10:35:55.768+0000] {logging_mixin.py:149} INFO - 
/opt/airflow/plugins/spark-2.4.5-bin-hadoop2.7/bin/spark-submit --master {{ params.master }}   {{ params.base_path }}/{{ params.filename }}   {{ params.base_path }}
[2023-08-13T10:35:55.771+0000] {processor.py:836} INFO - DAG(s) dict_keys(['agile_data_science_batch_prediction_model_training']) retrieved from /opt/airflow/dags/setup.py
[2023-08-13T10:35:55.797+0000] {logging_mixin.py:149} INFO - [2023-08-13T10:35:55.797+0000] {dag.py:2726} INFO - Sync 1 DAGs
[2023-08-13T10:35:55.815+0000] {logging_mixin.py:149} INFO - [2023-08-13T10:35:55.815+0000] {dag.py:3490} INFO - Setting next_dagrun for agile_data_science_batch_prediction_model_training to None, run_after=None
[2023-08-13T10:35:55.827+0000] {processor.py:179} INFO - Processing /opt/airflow/dags/setup.py took 4.182 seconds
[2023-08-13T12:00:06.846+0000] {processor.py:157} INFO - Started process (PID=69182) to work on /opt/airflow/dags/setup.py
[2023-08-13T12:00:06.849+0000] {processor.py:826} INFO - Processing file /opt/airflow/dags/setup.py for tasks to queue
[2023-08-13T12:00:06.871+0000] {logging_mixin.py:149} INFO - [2023-08-13T12:00:06.870+0000] {dagbag.py:541} INFO - Filling up the DagBag from /opt/airflow/dags/setup.py
[2023-08-13T12:00:11.121+0000] {logging_mixin.py:149} INFO - testttt
[2023-08-13T12:00:11.126+0000] {logging_mixin.py:149} INFO - 
/opt/airflow/plugins/spark-2.4.5-bin-hadoop2.7/bin/spark-submit --master {{ params.master }}   {{ params.base_path }}/{{ params.filename }}   {{ params.base_path }}
[2023-08-13T12:00:11.128+0000] {processor.py:836} INFO - DAG(s) dict_keys(['agile_data_science_batch_prediction_model_training']) retrieved from /opt/airflow/dags/setup.py
[2023-08-13T12:00:11.153+0000] {logging_mixin.py:149} INFO - [2023-08-13T12:00:11.153+0000] {dag.py:2726} INFO - Sync 1 DAGs
[2023-08-13T12:00:11.169+0000] {logging_mixin.py:149} INFO - [2023-08-13T12:00:11.169+0000] {dag.py:3490} INFO - Setting next_dagrun for agile_data_science_batch_prediction_model_training to None, run_after=None
[2023-08-13T12:00:11.180+0000] {processor.py:179} INFO - Processing /opt/airflow/dags/setup.py took 4.339 seconds
[2023-08-13T14:10:22.666+0000] {processor.py:157} INFO - Started process (PID=69248) to work on /opt/airflow/dags/setup.py
[2023-08-13T14:10:22.667+0000] {processor.py:826} INFO - Processing file /opt/airflow/dags/setup.py for tasks to queue
[2023-08-13T14:10:22.668+0000] {logging_mixin.py:149} INFO - [2023-08-13T14:10:22.668+0000] {dagbag.py:541} INFO - Filling up the DagBag from /opt/airflow/dags/setup.py
[2023-08-13T14:10:27.337+0000] {logging_mixin.py:149} INFO - testttt
[2023-08-13T14:10:27.341+0000] {logging_mixin.py:149} INFO - 
/opt/airflow/plugins/spark-2.4.5-bin-hadoop2.7/bin/spark-submit --master {{ params.master }}   {{ params.base_path }}/{{ params.filename }}   {{ params.base_path }}
[2023-08-13T14:10:27.343+0000] {processor.py:836} INFO - DAG(s) dict_keys(['agile_data_science_batch_prediction_model_training']) retrieved from /opt/airflow/dags/setup.py
[2023-08-13T14:10:27.365+0000] {logging_mixin.py:149} INFO - [2023-08-13T14:10:27.365+0000] {dag.py:2726} INFO - Sync 1 DAGs
[2023-08-13T14:10:27.381+0000] {logging_mixin.py:149} INFO - [2023-08-13T14:10:27.381+0000] {dag.py:3490} INFO - Setting next_dagrun for agile_data_science_batch_prediction_model_training to None, run_after=None
[2023-08-13T14:10:27.392+0000] {processor.py:179} INFO - Processing /opt/airflow/dags/setup.py took 4.729 seconds
[2023-08-13T18:56:30.357+0000] {processor.py:157} INFO - Started process (PID=69313) to work on /opt/airflow/dags/setup.py
[2023-08-13T18:56:30.358+0000] {processor.py:826} INFO - Processing file /opt/airflow/dags/setup.py for tasks to queue
[2023-08-13T18:56:30.359+0000] {logging_mixin.py:149} INFO - [2023-08-13T18:56:30.359+0000] {dagbag.py:541} INFO - Filling up the DagBag from /opt/airflow/dags/setup.py
[2023-08-13T18:56:35.333+0000] {logging_mixin.py:149} INFO - testttt
[2023-08-13T18:56:35.338+0000] {logging_mixin.py:149} INFO - 
/opt/airflow/plugins/spark-2.4.5-bin-hadoop2.7/bin/spark-submit --master {{ params.master }}   {{ params.base_path }}/{{ params.filename }}   {{ params.base_path }}
[2023-08-13T18:56:35.341+0000] {processor.py:836} INFO - DAG(s) dict_keys(['agile_data_science_batch_prediction_model_training']) retrieved from /opt/airflow/dags/setup.py
[2023-08-13T18:56:35.364+0000] {logging_mixin.py:149} INFO - [2023-08-13T18:56:35.363+0000] {dag.py:2726} INFO - Sync 1 DAGs
[2023-08-13T18:56:35.379+0000] {logging_mixin.py:149} INFO - [2023-08-13T18:56:35.379+0000] {dag.py:3490} INFO - Setting next_dagrun for agile_data_science_batch_prediction_model_training to None, run_after=None
[2023-08-13T18:56:35.391+0000] {processor.py:179} INFO - Processing /opt/airflow/dags/setup.py took 5.038 seconds
[2023-08-13T22:23:16.230+0000] {processor.py:157} INFO - Started process (PID=69379) to work on /opt/airflow/dags/setup.py
[2023-08-13T22:23:16.232+0000] {processor.py:826} INFO - Processing file /opt/airflow/dags/setup.py for tasks to queue
[2023-08-13T22:23:16.233+0000] {logging_mixin.py:149} INFO - [2023-08-13T22:23:16.233+0000] {dagbag.py:541} INFO - Filling up the DagBag from /opt/airflow/dags/setup.py
[2023-08-13T22:23:20.594+0000] {logging_mixin.py:149} INFO - testttt
[2023-08-13T22:23:20.599+0000] {logging_mixin.py:149} INFO - 
/opt/airflow/plugins/spark-2.4.5-bin-hadoop2.7/bin/spark-submit --master {{ params.master }}   {{ params.base_path }}/{{ params.filename }}   {{ params.base_path }}
[2023-08-13T22:23:20.602+0000] {processor.py:836} INFO - DAG(s) dict_keys(['agile_data_science_batch_prediction_model_training']) retrieved from /opt/airflow/dags/setup.py
[2023-08-13T22:23:20.680+0000] {logging_mixin.py:149} INFO - [2023-08-13T22:23:20.680+0000] {dag.py:2726} INFO - Sync 1 DAGs
[2023-08-13T22:23:20.712+0000] {logging_mixin.py:149} INFO - [2023-08-13T22:23:20.712+0000] {dag.py:3490} INFO - Setting next_dagrun for agile_data_science_batch_prediction_model_training to None, run_after=None
[2023-08-13T22:23:20.733+0000] {processor.py:179} INFO - Processing /opt/airflow/dags/setup.py took 4.507 seconds
