[2023-08-06T06:10:35.488+0000] {processor.py:157} INFO - Started process (PID=28631) to work on /opt/airflow/dags/deploy.py
[2023-08-06T06:10:35.495+0000] {processor.py:826} INFO - Processing file /opt/airflow/dags/deploy.py for tasks to queue
[2023-08-06T06:10:35.495+0000] {logging_mixin.py:149} INFO - [2023-08-06T06:10:35.495+0000] {dagbag.py:541} INFO - Filling up the DagBag from /opt/airflow/dags/deploy.py
[2023-08-06T06:10:39.039+0000] {processor.py:836} INFO - DAG(s) dict_keys(['deploy_prediction_model']) retrieved from /opt/airflow/dags/deploy.py
[2023-08-06T06:10:39.061+0000] {logging_mixin.py:149} INFO - [2023-08-06T06:10:39.061+0000] {dag.py:2726} INFO - Sync 1 DAGs
[2023-08-06T06:10:39.076+0000] {logging_mixin.py:149} INFO - [2023-08-06T06:10:39.076+0000] {dag.py:3490} INFO - Setting next_dagrun for deploy_prediction_model to None, run_after=None
[2023-08-06T06:10:39.092+0000] {processor.py:179} INFO - Processing /opt/airflow/dags/deploy.py took 3.606 seconds
[2023-08-06T07:40:41.560+0000] {processor.py:157} INFO - Started process (PID=28696) to work on /opt/airflow/dags/deploy.py
[2023-08-06T07:40:41.561+0000] {processor.py:826} INFO - Processing file /opt/airflow/dags/deploy.py for tasks to queue
[2023-08-06T07:40:41.562+0000] {logging_mixin.py:149} INFO - [2023-08-06T07:40:41.562+0000] {dagbag.py:541} INFO - Filling up the DagBag from /opt/airflow/dags/deploy.py
[2023-08-06T07:40:45.831+0000] {processor.py:836} INFO - DAG(s) dict_keys(['deploy_prediction_model']) retrieved from /opt/airflow/dags/deploy.py
[2023-08-06T07:40:45.861+0000] {logging_mixin.py:149} INFO - [2023-08-06T07:40:45.861+0000] {dag.py:2726} INFO - Sync 1 DAGs
[2023-08-06T07:40:45.880+0000] {logging_mixin.py:149} INFO - [2023-08-06T07:40:45.880+0000] {dag.py:3490} INFO - Setting next_dagrun for deploy_prediction_model to None, run_after=None
[2023-08-06T07:40:45.891+0000] {processor.py:179} INFO - Processing /opt/airflow/dags/deploy.py took 4.335 seconds
[2023-08-06T08:45:44.546+0000] {processor.py:157} INFO - Started process (PID=28762) to work on /opt/airflow/dags/deploy.py
[2023-08-06T08:45:44.547+0000] {processor.py:826} INFO - Processing file /opt/airflow/dags/deploy.py for tasks to queue
[2023-08-06T08:45:44.548+0000] {logging_mixin.py:149} INFO - [2023-08-06T08:45:44.547+0000] {dagbag.py:541} INFO - Filling up the DagBag from /opt/airflow/dags/deploy.py
[2023-08-06T08:45:48.633+0000] {processor.py:836} INFO - DAG(s) dict_keys(['deploy_prediction_model']) retrieved from /opt/airflow/dags/deploy.py
[2023-08-06T08:45:48.656+0000] {logging_mixin.py:149} INFO - [2023-08-06T08:45:48.656+0000] {dag.py:2726} INFO - Sync 1 DAGs
[2023-08-06T08:45:48.675+0000] {logging_mixin.py:149} INFO - [2023-08-06T08:45:48.675+0000] {dag.py:3490} INFO - Setting next_dagrun for deploy_prediction_model to None, run_after=None
[2023-08-06T08:45:48.695+0000] {processor.py:179} INFO - Processing /opt/airflow/dags/deploy.py took 4.152 seconds
[2023-08-06T11:38:38.402+0000] {processor.py:157} INFO - Started process (PID=28828) to work on /opt/airflow/dags/deploy.py
[2023-08-06T11:38:38.403+0000] {processor.py:826} INFO - Processing file /opt/airflow/dags/deploy.py for tasks to queue
[2023-08-06T11:38:38.404+0000] {logging_mixin.py:149} INFO - [2023-08-06T11:38:38.404+0000] {dagbag.py:541} INFO - Filling up the DagBag from /opt/airflow/dags/deploy.py
[2023-08-06T11:38:42.304+0000] {processor.py:836} INFO - DAG(s) dict_keys(['deploy_prediction_model']) retrieved from /opt/airflow/dags/deploy.py
[2023-08-06T11:38:42.329+0000] {logging_mixin.py:149} INFO - [2023-08-06T11:38:42.328+0000] {dag.py:2726} INFO - Sync 1 DAGs
[2023-08-06T11:38:42.344+0000] {logging_mixin.py:149} INFO - [2023-08-06T11:38:42.344+0000] {dag.py:3490} INFO - Setting next_dagrun for deploy_prediction_model to None, run_after=None
[2023-08-06T11:38:42.357+0000] {processor.py:179} INFO - Processing /opt/airflow/dags/deploy.py took 3.958 seconds
[2023-08-06T13:13:46.738+0000] {processor.py:157} INFO - Started process (PID=28894) to work on /opt/airflow/dags/deploy.py
[2023-08-06T13:13:46.742+0000] {processor.py:826} INFO - Processing file /opt/airflow/dags/deploy.py for tasks to queue
[2023-08-06T13:13:46.745+0000] {logging_mixin.py:149} INFO - [2023-08-06T13:13:46.745+0000] {dagbag.py:541} INFO - Filling up the DagBag from /opt/airflow/dags/deploy.py
[2023-08-06T13:13:51.265+0000] {processor.py:836} INFO - DAG(s) dict_keys(['deploy_prediction_model']) retrieved from /opt/airflow/dags/deploy.py
[2023-08-06T13:13:51.289+0000] {logging_mixin.py:149} INFO - [2023-08-06T13:13:51.289+0000] {dag.py:2726} INFO - Sync 1 DAGs
[2023-08-06T13:13:51.317+0000] {logging_mixin.py:149} INFO - [2023-08-06T13:13:51.317+0000] {dag.py:3490} INFO - Setting next_dagrun for deploy_prediction_model to None, run_after=None
[2023-08-06T13:13:51.331+0000] {processor.py:179} INFO - Processing /opt/airflow/dags/deploy.py took 4.595 seconds
[2023-08-06T14:15:09.265+0000] {processor.py:157} INFO - Started process (PID=28960) to work on /opt/airflow/dags/deploy.py
[2023-08-06T14:15:09.266+0000] {processor.py:826} INFO - Processing file /opt/airflow/dags/deploy.py for tasks to queue
[2023-08-06T14:15:09.267+0000] {logging_mixin.py:149} INFO - [2023-08-06T14:15:09.267+0000] {dagbag.py:541} INFO - Filling up the DagBag from /opt/airflow/dags/deploy.py
[2023-08-06T14:15:14.154+0000] {processor.py:836} INFO - DAG(s) dict_keys(['deploy_prediction_model']) retrieved from /opt/airflow/dags/deploy.py
[2023-08-06T14:15:14.182+0000] {logging_mixin.py:149} INFO - [2023-08-06T14:15:14.182+0000] {dag.py:2726} INFO - Sync 1 DAGs
[2023-08-06T14:15:14.201+0000] {logging_mixin.py:149} INFO - [2023-08-06T14:15:14.201+0000] {dag.py:3490} INFO - Setting next_dagrun for deploy_prediction_model to None, run_after=None
[2023-08-06T14:15:14.213+0000] {processor.py:179} INFO - Processing /opt/airflow/dags/deploy.py took 4.954 seconds
[2023-08-06T19:25:04.464+0000] {processor.py:157} INFO - Started process (PID=29025) to work on /opt/airflow/dags/deploy.py
[2023-08-06T19:25:04.465+0000] {processor.py:826} INFO - Processing file /opt/airflow/dags/deploy.py for tasks to queue
[2023-08-06T19:25:04.466+0000] {logging_mixin.py:149} INFO - [2023-08-06T19:25:04.466+0000] {dagbag.py:541} INFO - Filling up the DagBag from /opt/airflow/dags/deploy.py
[2023-08-06T19:25:09.365+0000] {processor.py:836} INFO - DAG(s) dict_keys(['deploy_prediction_model']) retrieved from /opt/airflow/dags/deploy.py
[2023-08-06T19:25:09.404+0000] {logging_mixin.py:149} INFO - [2023-08-06T19:25:09.404+0000] {dag.py:2726} INFO - Sync 1 DAGs
[2023-08-06T19:25:09.436+0000] {logging_mixin.py:149} INFO - [2023-08-06T19:25:09.436+0000] {dag.py:3490} INFO - Setting next_dagrun for deploy_prediction_model to None, run_after=None
[2023-08-06T19:25:09.460+0000] {processor.py:179} INFO - Processing /opt/airflow/dags/deploy.py took 5.005 seconds
[2023-08-06T22:53:25.025+0000] {processor.py:157} INFO - Started process (PID=29091) to work on /opt/airflow/dags/deploy.py
[2023-08-06T22:53:25.026+0000] {processor.py:826} INFO - Processing file /opt/airflow/dags/deploy.py for tasks to queue
[2023-08-06T22:53:25.027+0000] {logging_mixin.py:149} INFO - [2023-08-06T22:53:25.027+0000] {dagbag.py:541} INFO - Filling up the DagBag from /opt/airflow/dags/deploy.py
[2023-08-06T22:53:28.919+0000] {processor.py:836} INFO - DAG(s) dict_keys(['deploy_prediction_model']) retrieved from /opt/airflow/dags/deploy.py
[2023-08-06T22:53:28.987+0000] {logging_mixin.py:149} INFO - [2023-08-06T22:53:28.987+0000] {dag.py:2726} INFO - Sync 1 DAGs
[2023-08-06T22:53:29.004+0000] {logging_mixin.py:149} INFO - [2023-08-06T22:53:29.004+0000] {dag.py:3490} INFO - Setting next_dagrun for deploy_prediction_model to None, run_after=None
[2023-08-06T22:53:29.015+0000] {processor.py:179} INFO - Processing /opt/airflow/dags/deploy.py took 3.994 seconds
