[2023-08-14T02:50:00.462+0000] {processor.py:157} INFO - Started process (PID=69496) to work on /home/airflow/.local/lib/python3.7/site-packages/airflow/example_dags/example_skip_dag.py
[2023-08-14T02:50:00.463+0000] {processor.py:826} INFO - Processing file /home/airflow/.local/lib/python3.7/site-packages/airflow/example_dags/example_skip_dag.py for tasks to queue
[2023-08-14T02:50:00.466+0000] {logging_mixin.py:149} INFO - [2023-08-14T02:50:00.465+0000] {dagbag.py:541} INFO - Filling up the DagBag from /home/airflow/.local/lib/python3.7/site-packages/airflow/example_dags/example_skip_dag.py
[2023-08-14T02:50:00.478+0000] {processor.py:836} INFO - DAG(s) dict_keys(['example_skip_dag']) retrieved from /home/airflow/.local/lib/python3.7/site-packages/airflow/example_dags/example_skip_dag.py
[2023-08-14T02:50:00.516+0000] {logging_mixin.py:149} INFO - [2023-08-14T02:50:00.516+0000] {dag.py:2726} INFO - Sync 1 DAGs
[2023-08-14T02:50:00.550+0000] {logging_mixin.py:149} INFO - [2023-08-14T02:50:00.550+0000] {dag.py:3490} INFO - Setting next_dagrun for example_skip_dag to 2023-08-13T02:50:00.550048+00:00, run_after=2023-08-14T02:50:00.550048+00:00
[2023-08-14T02:50:00.577+0000] {processor.py:179} INFO - Processing /home/airflow/.local/lib/python3.7/site-packages/airflow/example_dags/example_skip_dag.py took 0.119 seconds
[2023-08-14T05:00:38.505+0000] {processor.py:157} INFO - Started process (PID=69562) to work on /home/airflow/.local/lib/python3.7/site-packages/airflow/example_dags/example_skip_dag.py
[2023-08-14T05:00:38.508+0000] {processor.py:826} INFO - Processing file /home/airflow/.local/lib/python3.7/site-packages/airflow/example_dags/example_skip_dag.py for tasks to queue
[2023-08-14T05:00:38.509+0000] {logging_mixin.py:149} INFO - [2023-08-14T05:00:38.509+0000] {dagbag.py:541} INFO - Filling up the DagBag from /home/airflow/.local/lib/python3.7/site-packages/airflow/example_dags/example_skip_dag.py
[2023-08-14T05:00:38.515+0000] {processor.py:836} INFO - DAG(s) dict_keys(['example_skip_dag']) retrieved from /home/airflow/.local/lib/python3.7/site-packages/airflow/example_dags/example_skip_dag.py
[2023-08-14T05:00:38.546+0000] {logging_mixin.py:149} INFO - [2023-08-14T05:00:38.545+0000] {dag.py:2726} INFO - Sync 1 DAGs
[2023-08-14T05:00:38.565+0000] {logging_mixin.py:149} INFO - [2023-08-14T05:00:38.564+0000] {dag.py:3490} INFO - Setting next_dagrun for example_skip_dag to 2023-08-13T05:00:38.564698+00:00, run_after=2023-08-14T05:00:38.564698+00:00
[2023-08-14T05:00:38.578+0000] {processor.py:179} INFO - Processing /home/airflow/.local/lib/python3.7/site-packages/airflow/example_dags/example_skip_dag.py took 0.076 seconds
[2023-08-14T07:02:36.931+0000] {processor.py:157} INFO - Started process (PID=69628) to work on /home/airflow/.local/lib/python3.7/site-packages/airflow/example_dags/example_skip_dag.py
[2023-08-14T07:02:36.933+0000] {processor.py:826} INFO - Processing file /home/airflow/.local/lib/python3.7/site-packages/airflow/example_dags/example_skip_dag.py for tasks to queue
[2023-08-14T07:02:36.933+0000] {logging_mixin.py:149} INFO - [2023-08-14T07:02:36.933+0000] {dagbag.py:541} INFO - Filling up the DagBag from /home/airflow/.local/lib/python3.7/site-packages/airflow/example_dags/example_skip_dag.py
[2023-08-14T07:02:36.940+0000] {processor.py:836} INFO - DAG(s) dict_keys(['example_skip_dag']) retrieved from /home/airflow/.local/lib/python3.7/site-packages/airflow/example_dags/example_skip_dag.py
[2023-08-14T07:02:36.961+0000] {logging_mixin.py:149} INFO - [2023-08-14T07:02:36.961+0000] {dag.py:2726} INFO - Sync 1 DAGs
[2023-08-14T07:02:36.977+0000] {logging_mixin.py:149} INFO - [2023-08-14T07:02:36.977+0000] {dag.py:3490} INFO - Setting next_dagrun for example_skip_dag to 2023-08-13T07:02:36.977245+00:00, run_after=2023-08-14T07:02:36.977245+00:00
[2023-08-14T07:02:36.992+0000] {processor.py:179} INFO - Processing /home/airflow/.local/lib/python3.7/site-packages/airflow/example_dags/example_skip_dag.py took 0.064 seconds
[2023-08-14T08:25:14.890+0000] {processor.py:157} INFO - Started process (PID=69694) to work on /home/airflow/.local/lib/python3.7/site-packages/airflow/example_dags/example_skip_dag.py
[2023-08-14T08:25:14.892+0000] {processor.py:826} INFO - Processing file /home/airflow/.local/lib/python3.7/site-packages/airflow/example_dags/example_skip_dag.py for tasks to queue
[2023-08-14T08:25:14.893+0000] {logging_mixin.py:149} INFO - [2023-08-14T08:25:14.893+0000] {dagbag.py:541} INFO - Filling up the DagBag from /home/airflow/.local/lib/python3.7/site-packages/airflow/example_dags/example_skip_dag.py
[2023-08-14T08:25:14.899+0000] {processor.py:836} INFO - DAG(s) dict_keys(['example_skip_dag']) retrieved from /home/airflow/.local/lib/python3.7/site-packages/airflow/example_dags/example_skip_dag.py
[2023-08-14T08:25:14.923+0000] {logging_mixin.py:149} INFO - [2023-08-14T08:25:14.923+0000] {dag.py:2726} INFO - Sync 1 DAGs
[2023-08-14T08:25:14.941+0000] {logging_mixin.py:149} INFO - [2023-08-14T08:25:14.941+0000] {dag.py:3490} INFO - Setting next_dagrun for example_skip_dag to 2023-08-13T08:25:14.941618+00:00, run_after=2023-08-14T08:25:14.941618+00:00
[2023-08-14T08:25:14.952+0000] {processor.py:179} INFO - Processing /home/airflow/.local/lib/python3.7/site-packages/airflow/example_dags/example_skip_dag.py took 0.065 seconds
[2023-08-14T08:25:48.271+0000] {processor.py:157} INFO - Started process (PID=69761) to work on /home/airflow/.local/lib/python3.7/site-packages/airflow/example_dags/example_skip_dag.py
[2023-08-14T08:25:48.272+0000] {processor.py:826} INFO - Processing file /home/airflow/.local/lib/python3.7/site-packages/airflow/example_dags/example_skip_dag.py for tasks to queue
[2023-08-14T08:25:48.276+0000] {logging_mixin.py:149} INFO - [2023-08-14T08:25:48.276+0000] {dagbag.py:541} INFO - Filling up the DagBag from /home/airflow/.local/lib/python3.7/site-packages/airflow/example_dags/example_skip_dag.py
[2023-08-14T08:25:48.284+0000] {processor.py:836} INFO - DAG(s) dict_keys(['example_skip_dag']) retrieved from /home/airflow/.local/lib/python3.7/site-packages/airflow/example_dags/example_skip_dag.py
[2023-08-14T08:25:48.305+0000] {logging_mixin.py:149} INFO - [2023-08-14T08:25:48.305+0000] {dag.py:2726} INFO - Sync 1 DAGs
[2023-08-14T08:25:48.321+0000] {logging_mixin.py:149} INFO - [2023-08-14T08:25:48.321+0000] {dag.py:3490} INFO - Setting next_dagrun for example_skip_dag to 2023-08-13T08:25:48.321248+00:00, run_after=2023-08-14T08:25:48.321248+00:00
[2023-08-14T08:25:48.332+0000] {processor.py:179} INFO - Processing /home/airflow/.local/lib/python3.7/site-packages/airflow/example_dags/example_skip_dag.py took 0.065 seconds
[2023-08-14T08:26:22.166+0000] {processor.py:157} INFO - Started process (PID=69827) to work on /home/airflow/.local/lib/python3.7/site-packages/airflow/example_dags/example_skip_dag.py
[2023-08-14T08:26:22.169+0000] {processor.py:826} INFO - Processing file /home/airflow/.local/lib/python3.7/site-packages/airflow/example_dags/example_skip_dag.py for tasks to queue
[2023-08-14T08:26:22.169+0000] {logging_mixin.py:149} INFO - [2023-08-14T08:26:22.169+0000] {dagbag.py:541} INFO - Filling up the DagBag from /home/airflow/.local/lib/python3.7/site-packages/airflow/example_dags/example_skip_dag.py
[2023-08-14T08:26:22.176+0000] {processor.py:836} INFO - DAG(s) dict_keys(['example_skip_dag']) retrieved from /home/airflow/.local/lib/python3.7/site-packages/airflow/example_dags/example_skip_dag.py
[2023-08-14T08:26:22.204+0000] {logging_mixin.py:149} INFO - [2023-08-14T08:26:22.204+0000] {dag.py:2726} INFO - Sync 1 DAGs
[2023-08-14T08:26:22.236+0000] {logging_mixin.py:149} INFO - [2023-08-14T08:26:22.236+0000] {dag.py:3490} INFO - Setting next_dagrun for example_skip_dag to 2023-08-13T08:26:22.236152+00:00, run_after=2023-08-14T08:26:22.236152+00:00
[2023-08-14T08:26:22.259+0000] {processor.py:179} INFO - Processing /home/airflow/.local/lib/python3.7/site-packages/airflow/example_dags/example_skip_dag.py took 0.098 seconds
[2023-08-14T08:26:56.053+0000] {processor.py:157} INFO - Started process (PID=69893) to work on /home/airflow/.local/lib/python3.7/site-packages/airflow/example_dags/example_skip_dag.py
[2023-08-14T08:26:56.054+0000] {processor.py:826} INFO - Processing file /home/airflow/.local/lib/python3.7/site-packages/airflow/example_dags/example_skip_dag.py for tasks to queue
[2023-08-14T08:26:56.055+0000] {logging_mixin.py:149} INFO - [2023-08-14T08:26:56.055+0000] {dagbag.py:541} INFO - Filling up the DagBag from /home/airflow/.local/lib/python3.7/site-packages/airflow/example_dags/example_skip_dag.py
[2023-08-14T08:26:56.062+0000] {processor.py:836} INFO - DAG(s) dict_keys(['example_skip_dag']) retrieved from /home/airflow/.local/lib/python3.7/site-packages/airflow/example_dags/example_skip_dag.py
[2023-08-14T08:26:56.085+0000] {logging_mixin.py:149} INFO - [2023-08-14T08:26:56.085+0000] {dag.py:2726} INFO - Sync 1 DAGs
[2023-08-14T08:26:56.101+0000] {logging_mixin.py:149} INFO - [2023-08-14T08:26:56.101+0000] {dag.py:3490} INFO - Setting next_dagrun for example_skip_dag to 2023-08-13T08:26:56.101016+00:00, run_after=2023-08-14T08:26:56.101016+00:00
[2023-08-14T08:26:56.112+0000] {processor.py:179} INFO - Processing /home/airflow/.local/lib/python3.7/site-packages/airflow/example_dags/example_skip_dag.py took 0.063 seconds
[2023-08-14T08:27:29.809+0000] {processor.py:157} INFO - Started process (PID=69960) to work on /home/airflow/.local/lib/python3.7/site-packages/airflow/example_dags/example_skip_dag.py
[2023-08-14T08:27:29.810+0000] {processor.py:826} INFO - Processing file /home/airflow/.local/lib/python3.7/site-packages/airflow/example_dags/example_skip_dag.py for tasks to queue
[2023-08-14T08:27:29.811+0000] {logging_mixin.py:149} INFO - [2023-08-14T08:27:29.811+0000] {dagbag.py:541} INFO - Filling up the DagBag from /home/airflow/.local/lib/python3.7/site-packages/airflow/example_dags/example_skip_dag.py
[2023-08-14T08:27:29.817+0000] {processor.py:836} INFO - DAG(s) dict_keys(['example_skip_dag']) retrieved from /home/airflow/.local/lib/python3.7/site-packages/airflow/example_dags/example_skip_dag.py
[2023-08-14T08:27:29.837+0000] {logging_mixin.py:149} INFO - [2023-08-14T08:27:29.837+0000] {dag.py:2726} INFO - Sync 1 DAGs
[2023-08-14T08:27:29.855+0000] {logging_mixin.py:149} INFO - [2023-08-14T08:27:29.855+0000] {dag.py:3490} INFO - Setting next_dagrun for example_skip_dag to 2023-08-13T08:27:29.854327+00:00, run_after=2023-08-14T08:27:29.854327+00:00
[2023-08-14T08:27:29.868+0000] {processor.py:179} INFO - Processing /home/airflow/.local/lib/python3.7/site-packages/airflow/example_dags/example_skip_dag.py took 0.063 seconds
[2023-08-14T08:28:02.973+0000] {processor.py:157} INFO - Started process (PID=70026) to work on /home/airflow/.local/lib/python3.7/site-packages/airflow/example_dags/example_skip_dag.py
[2023-08-14T08:28:02.974+0000] {processor.py:826} INFO - Processing file /home/airflow/.local/lib/python3.7/site-packages/airflow/example_dags/example_skip_dag.py for tasks to queue
[2023-08-14T08:28:02.975+0000] {logging_mixin.py:149} INFO - [2023-08-14T08:28:02.975+0000] {dagbag.py:541} INFO - Filling up the DagBag from /home/airflow/.local/lib/python3.7/site-packages/airflow/example_dags/example_skip_dag.py
[2023-08-14T08:28:02.981+0000] {processor.py:836} INFO - DAG(s) dict_keys(['example_skip_dag']) retrieved from /home/airflow/.local/lib/python3.7/site-packages/airflow/example_dags/example_skip_dag.py
[2023-08-14T08:28:03.001+0000] {logging_mixin.py:149} INFO - [2023-08-14T08:28:03.001+0000] {dag.py:2726} INFO - Sync 1 DAGs
[2023-08-14T08:28:03.017+0000] {logging_mixin.py:149} INFO - [2023-08-14T08:28:03.017+0000] {dag.py:3490} INFO - Setting next_dagrun for example_skip_dag to 2023-08-13T08:28:03.017271+00:00, run_after=2023-08-14T08:28:03.017271+00:00
[2023-08-14T08:28:03.028+0000] {processor.py:179} INFO - Processing /home/airflow/.local/lib/python3.7/site-packages/airflow/example_dags/example_skip_dag.py took 0.058 seconds
[2023-08-14T08:28:36.929+0000] {processor.py:157} INFO - Started process (PID=70092) to work on /home/airflow/.local/lib/python3.7/site-packages/airflow/example_dags/example_skip_dag.py
[2023-08-14T08:28:36.930+0000] {processor.py:826} INFO - Processing file /home/airflow/.local/lib/python3.7/site-packages/airflow/example_dags/example_skip_dag.py for tasks to queue
[2023-08-14T08:28:36.931+0000] {logging_mixin.py:149} INFO - [2023-08-14T08:28:36.931+0000] {dagbag.py:541} INFO - Filling up the DagBag from /home/airflow/.local/lib/python3.7/site-packages/airflow/example_dags/example_skip_dag.py
[2023-08-14T08:28:36.937+0000] {processor.py:836} INFO - DAG(s) dict_keys(['example_skip_dag']) retrieved from /home/airflow/.local/lib/python3.7/site-packages/airflow/example_dags/example_skip_dag.py
[2023-08-14T08:28:36.958+0000] {logging_mixin.py:149} INFO - [2023-08-14T08:28:36.958+0000] {dag.py:2726} INFO - Sync 1 DAGs
[2023-08-14T08:28:36.974+0000] {logging_mixin.py:149} INFO - [2023-08-14T08:28:36.974+0000] {dag.py:3490} INFO - Setting next_dagrun for example_skip_dag to 2023-08-13T08:28:36.974477+00:00, run_after=2023-08-14T08:28:36.974477+00:00
[2023-08-14T08:28:36.986+0000] {processor.py:179} INFO - Processing /home/airflow/.local/lib/python3.7/site-packages/airflow/example_dags/example_skip_dag.py took 0.060 seconds
[2023-08-14T10:03:29.127+0000] {processor.py:157} INFO - Started process (PID=70158) to work on /home/airflow/.local/lib/python3.7/site-packages/airflow/example_dags/example_skip_dag.py
[2023-08-14T10:03:29.129+0000] {processor.py:826} INFO - Processing file /home/airflow/.local/lib/python3.7/site-packages/airflow/example_dags/example_skip_dag.py for tasks to queue
[2023-08-14T10:03:29.130+0000] {logging_mixin.py:149} INFO - [2023-08-14T10:03:29.130+0000] {dagbag.py:541} INFO - Filling up the DagBag from /home/airflow/.local/lib/python3.7/site-packages/airflow/example_dags/example_skip_dag.py
[2023-08-14T10:03:29.136+0000] {processor.py:836} INFO - DAG(s) dict_keys(['example_skip_dag']) retrieved from /home/airflow/.local/lib/python3.7/site-packages/airflow/example_dags/example_skip_dag.py
[2023-08-14T10:03:29.167+0000] {logging_mixin.py:149} INFO - [2023-08-14T10:03:29.167+0000] {dag.py:2726} INFO - Sync 1 DAGs
[2023-08-14T10:03:29.184+0000] {logging_mixin.py:149} INFO - [2023-08-14T10:03:29.184+0000] {dag.py:3490} INFO - Setting next_dagrun for example_skip_dag to 2023-08-13T10:03:29.184283+00:00, run_after=2023-08-14T10:03:29.184283+00:00
[2023-08-14T10:03:29.196+0000] {processor.py:179} INFO - Processing /home/airflow/.local/lib/python3.7/site-packages/airflow/example_dags/example_skip_dag.py took 0.076 seconds
[2023-08-14T10:36:54.038+0000] {processor.py:157} INFO - Started process (PID=70224) to work on /home/airflow/.local/lib/python3.7/site-packages/airflow/example_dags/example_skip_dag.py
[2023-08-14T10:36:54.039+0000] {processor.py:826} INFO - Processing file /home/airflow/.local/lib/python3.7/site-packages/airflow/example_dags/example_skip_dag.py for tasks to queue
[2023-08-14T10:36:54.040+0000] {logging_mixin.py:149} INFO - [2023-08-14T10:36:54.040+0000] {dagbag.py:541} INFO - Filling up the DagBag from /home/airflow/.local/lib/python3.7/site-packages/airflow/example_dags/example_skip_dag.py
[2023-08-14T10:36:54.046+0000] {processor.py:836} INFO - DAG(s) dict_keys(['example_skip_dag']) retrieved from /home/airflow/.local/lib/python3.7/site-packages/airflow/example_dags/example_skip_dag.py
[2023-08-14T10:36:54.065+0000] {logging_mixin.py:149} INFO - [2023-08-14T10:36:54.065+0000] {dag.py:2726} INFO - Sync 1 DAGs
[2023-08-14T10:36:54.081+0000] {logging_mixin.py:149} INFO - [2023-08-14T10:36:54.081+0000] {dag.py:3490} INFO - Setting next_dagrun for example_skip_dag to 2023-08-13T10:36:54.081530+00:00, run_after=2023-08-14T10:36:54.081530+00:00
[2023-08-14T10:36:54.092+0000] {processor.py:179} INFO - Processing /home/airflow/.local/lib/python3.7/site-packages/airflow/example_dags/example_skip_dag.py took 0.057 seconds
[2023-08-14T13:13:53.943+0000] {processor.py:157} INFO - Started process (PID=70290) to work on /home/airflow/.local/lib/python3.7/site-packages/airflow/example_dags/example_skip_dag.py
[2023-08-14T13:13:53.944+0000] {processor.py:826} INFO - Processing file /home/airflow/.local/lib/python3.7/site-packages/airflow/example_dags/example_skip_dag.py for tasks to queue
[2023-08-14T13:13:53.946+0000] {logging_mixin.py:149} INFO - [2023-08-14T13:13:53.946+0000] {dagbag.py:541} INFO - Filling up the DagBag from /home/airflow/.local/lib/python3.7/site-packages/airflow/example_dags/example_skip_dag.py
[2023-08-14T13:13:53.954+0000] {processor.py:836} INFO - DAG(s) dict_keys(['example_skip_dag']) retrieved from /home/airflow/.local/lib/python3.7/site-packages/airflow/example_dags/example_skip_dag.py
[2023-08-14T13:13:53.977+0000] {logging_mixin.py:149} INFO - [2023-08-14T13:13:53.977+0000] {dag.py:2726} INFO - Sync 1 DAGs
[2023-08-14T13:13:53.994+0000] {logging_mixin.py:149} INFO - [2023-08-14T13:13:53.994+0000] {dag.py:3490} INFO - Setting next_dagrun for example_skip_dag to 2023-08-13T13:13:53.994106+00:00, run_after=2023-08-14T13:13:53.994106+00:00
[2023-08-14T13:13:54.009+0000] {processor.py:179} INFO - Processing /home/airflow/.local/lib/python3.7/site-packages/airflow/example_dags/example_skip_dag.py took 0.069 seconds
[2023-08-14T14:29:06.527+0000] {processor.py:157} INFO - Started process (PID=70355) to work on /home/airflow/.local/lib/python3.7/site-packages/airflow/example_dags/example_skip_dag.py
[2023-08-14T14:29:06.529+0000] {processor.py:826} INFO - Processing file /home/airflow/.local/lib/python3.7/site-packages/airflow/example_dags/example_skip_dag.py for tasks to queue
[2023-08-14T14:29:06.530+0000] {logging_mixin.py:149} INFO - [2023-08-14T14:29:06.530+0000] {dagbag.py:541} INFO - Filling up the DagBag from /home/airflow/.local/lib/python3.7/site-packages/airflow/example_dags/example_skip_dag.py
[2023-08-14T14:29:06.537+0000] {processor.py:836} INFO - DAG(s) dict_keys(['example_skip_dag']) retrieved from /home/airflow/.local/lib/python3.7/site-packages/airflow/example_dags/example_skip_dag.py
[2023-08-14T14:29:06.569+0000] {logging_mixin.py:149} INFO - [2023-08-14T14:29:06.569+0000] {dag.py:2726} INFO - Sync 1 DAGs
[2023-08-14T14:29:06.588+0000] {logging_mixin.py:149} INFO - [2023-08-14T14:29:06.588+0000] {dag.py:3490} INFO - Setting next_dagrun for example_skip_dag to 2023-08-13T14:29:06.588468+00:00, run_after=2023-08-14T14:29:06.588468+00:00
[2023-08-14T14:29:06.600+0000] {processor.py:179} INFO - Processing /home/airflow/.local/lib/python3.7/site-packages/airflow/example_dags/example_skip_dag.py took 0.076 seconds
[2023-08-14T17:05:45.538+0000] {processor.py:157} INFO - Started process (PID=70421) to work on /home/airflow/.local/lib/python3.7/site-packages/airflow/example_dags/example_skip_dag.py
[2023-08-14T17:05:45.540+0000] {processor.py:826} INFO - Processing file /home/airflow/.local/lib/python3.7/site-packages/airflow/example_dags/example_skip_dag.py for tasks to queue
[2023-08-14T17:05:45.541+0000] {logging_mixin.py:149} INFO - [2023-08-14T17:05:45.541+0000] {dagbag.py:541} INFO - Filling up the DagBag from /home/airflow/.local/lib/python3.7/site-packages/airflow/example_dags/example_skip_dag.py
[2023-08-14T17:05:45.547+0000] {processor.py:836} INFO - DAG(s) dict_keys(['example_skip_dag']) retrieved from /home/airflow/.local/lib/python3.7/site-packages/airflow/example_dags/example_skip_dag.py
[2023-08-14T17:05:45.567+0000] {logging_mixin.py:149} INFO - [2023-08-14T17:05:45.567+0000] {dag.py:2726} INFO - Sync 1 DAGs
[2023-08-14T17:05:45.584+0000] {logging_mixin.py:149} INFO - [2023-08-14T17:05:45.584+0000] {dag.py:3490} INFO - Setting next_dagrun for example_skip_dag to 2023-08-13T17:05:45.583914+00:00, run_after=2023-08-14T17:05:45.583914+00:00
[2023-08-14T17:05:45.598+0000] {processor.py:179} INFO - Processing /home/airflow/.local/lib/python3.7/site-packages/airflow/example_dags/example_skip_dag.py took 0.063 seconds
[2023-08-14T18:49:17.169+0000] {processor.py:157} INFO - Started process (PID=70487) to work on /home/airflow/.local/lib/python3.7/site-packages/airflow/example_dags/example_skip_dag.py
[2023-08-14T18:49:17.170+0000] {processor.py:826} INFO - Processing file /home/airflow/.local/lib/python3.7/site-packages/airflow/example_dags/example_skip_dag.py for tasks to queue
[2023-08-14T18:49:17.170+0000] {logging_mixin.py:149} INFO - [2023-08-14T18:49:17.170+0000] {dagbag.py:541} INFO - Filling up the DagBag from /home/airflow/.local/lib/python3.7/site-packages/airflow/example_dags/example_skip_dag.py
[2023-08-14T18:49:17.177+0000] {processor.py:836} INFO - DAG(s) dict_keys(['example_skip_dag']) retrieved from /home/airflow/.local/lib/python3.7/site-packages/airflow/example_dags/example_skip_dag.py
[2023-08-14T18:49:17.197+0000] {logging_mixin.py:149} INFO - [2023-08-14T18:49:17.197+0000] {dag.py:2726} INFO - Sync 1 DAGs
[2023-08-14T18:49:17.212+0000] {logging_mixin.py:149} INFO - [2023-08-14T18:49:17.212+0000] {dag.py:3490} INFO - Setting next_dagrun for example_skip_dag to 2023-08-13T18:49:17.212284+00:00, run_after=2023-08-14T18:49:17.212284+00:00
[2023-08-14T18:49:17.223+0000] {processor.py:179} INFO - Processing /home/airflow/.local/lib/python3.7/site-packages/airflow/example_dags/example_skip_dag.py took 0.058 seconds
[2023-08-14T22:24:46.547+0000] {processor.py:157} INFO - Started process (PID=70553) to work on /home/airflow/.local/lib/python3.7/site-packages/airflow/example_dags/example_skip_dag.py
[2023-08-14T22:24:46.550+0000] {processor.py:826} INFO - Processing file /home/airflow/.local/lib/python3.7/site-packages/airflow/example_dags/example_skip_dag.py for tasks to queue
[2023-08-14T22:24:46.551+0000] {logging_mixin.py:149} INFO - [2023-08-14T22:24:46.551+0000] {dagbag.py:541} INFO - Filling up the DagBag from /home/airflow/.local/lib/python3.7/site-packages/airflow/example_dags/example_skip_dag.py
[2023-08-14T22:24:46.557+0000] {processor.py:836} INFO - DAG(s) dict_keys(['example_skip_dag']) retrieved from /home/airflow/.local/lib/python3.7/site-packages/airflow/example_dags/example_skip_dag.py
[2023-08-14T22:24:46.577+0000] {logging_mixin.py:149} INFO - [2023-08-14T22:24:46.577+0000] {dag.py:2726} INFO - Sync 1 DAGs
[2023-08-14T22:24:46.594+0000] {logging_mixin.py:149} INFO - [2023-08-14T22:24:46.594+0000] {dag.py:3490} INFO - Setting next_dagrun for example_skip_dag to 2023-08-13T22:24:46.594487+00:00, run_after=2023-08-14T22:24:46.594487+00:00
[2023-08-14T22:24:46.607+0000] {processor.py:179} INFO - Processing /home/airflow/.local/lib/python3.7/site-packages/airflow/example_dags/example_skip_dag.py took 0.063 seconds
