[2023-08-14T02:49:58.425+0000] {processor.py:157} INFO - Started process (PID=69465) to work on /home/airflow/.local/lib/python3.7/site-packages/airflow/example_dags/example_nested_branch_dag.py
[2023-08-14T02:49:58.426+0000] {processor.py:826} INFO - Processing file /home/airflow/.local/lib/python3.7/site-packages/airflow/example_dags/example_nested_branch_dag.py for tasks to queue
[2023-08-14T02:49:58.427+0000] {logging_mixin.py:149} INFO - [2023-08-14T02:49:58.427+0000] {dagbag.py:541} INFO - Filling up the DagBag from /home/airflow/.local/lib/python3.7/site-packages/airflow/example_dags/example_nested_branch_dag.py
[2023-08-14T02:49:58.435+0000] {processor.py:836} INFO - DAG(s) dict_keys(['example_nested_branch_dag']) retrieved from /home/airflow/.local/lib/python3.7/site-packages/airflow/example_dags/example_nested_branch_dag.py
[2023-08-14T02:49:58.459+0000] {logging_mixin.py:149} INFO - [2023-08-14T02:49:58.459+0000] {dag.py:2726} INFO - Sync 1 DAGs
[2023-08-14T02:49:58.476+0000] {logging_mixin.py:149} INFO - [2023-08-14T02:49:58.476+0000] {dag.py:3490} INFO - Setting next_dagrun for example_nested_branch_dag to 2023-08-13T00:00:00+00:00, run_after=2023-08-14T00:00:00+00:00
[2023-08-14T02:49:58.490+0000] {processor.py:179} INFO - Processing /home/airflow/.local/lib/python3.7/site-packages/airflow/example_dags/example_nested_branch_dag.py took 0.068 seconds
[2023-08-14T05:00:36.828+0000] {processor.py:157} INFO - Started process (PID=69531) to work on /home/airflow/.local/lib/python3.7/site-packages/airflow/example_dags/example_nested_branch_dag.py
[2023-08-14T05:00:36.829+0000] {processor.py:826} INFO - Processing file /home/airflow/.local/lib/python3.7/site-packages/airflow/example_dags/example_nested_branch_dag.py for tasks to queue
[2023-08-14T05:00:36.830+0000] {logging_mixin.py:149} INFO - [2023-08-14T05:00:36.830+0000] {dagbag.py:541} INFO - Filling up the DagBag from /home/airflow/.local/lib/python3.7/site-packages/airflow/example_dags/example_nested_branch_dag.py
[2023-08-14T05:00:36.844+0000] {processor.py:836} INFO - DAG(s) dict_keys(['example_nested_branch_dag']) retrieved from /home/airflow/.local/lib/python3.7/site-packages/airflow/example_dags/example_nested_branch_dag.py
[2023-08-14T05:00:36.866+0000] {logging_mixin.py:149} INFO - [2023-08-14T05:00:36.866+0000] {dag.py:2726} INFO - Sync 1 DAGs
[2023-08-14T05:00:36.883+0000] {logging_mixin.py:149} INFO - [2023-08-14T05:00:36.883+0000] {dag.py:3490} INFO - Setting next_dagrun for example_nested_branch_dag to 2023-08-13T00:00:00+00:00, run_after=2023-08-14T00:00:00+00:00
[2023-08-14T05:00:36.894+0000] {processor.py:179} INFO - Processing /home/airflow/.local/lib/python3.7/site-packages/airflow/example_dags/example_nested_branch_dag.py took 0.069 seconds
[2023-08-14T07:02:35.173+0000] {processor.py:157} INFO - Started process (PID=69597) to work on /home/airflow/.local/lib/python3.7/site-packages/airflow/example_dags/example_nested_branch_dag.py
[2023-08-14T07:02:35.174+0000] {processor.py:826} INFO - Processing file /home/airflow/.local/lib/python3.7/site-packages/airflow/example_dags/example_nested_branch_dag.py for tasks to queue
[2023-08-14T07:02:35.175+0000] {logging_mixin.py:149} INFO - [2023-08-14T07:02:35.175+0000] {dagbag.py:541} INFO - Filling up the DagBag from /home/airflow/.local/lib/python3.7/site-packages/airflow/example_dags/example_nested_branch_dag.py
[2023-08-14T07:02:35.183+0000] {processor.py:836} INFO - DAG(s) dict_keys(['example_nested_branch_dag']) retrieved from /home/airflow/.local/lib/python3.7/site-packages/airflow/example_dags/example_nested_branch_dag.py
[2023-08-14T07:02:35.204+0000] {logging_mixin.py:149} INFO - [2023-08-14T07:02:35.204+0000] {dag.py:2726} INFO - Sync 1 DAGs
[2023-08-14T07:02:35.221+0000] {logging_mixin.py:149} INFO - [2023-08-14T07:02:35.221+0000] {dag.py:3490} INFO - Setting next_dagrun for example_nested_branch_dag to 2023-08-13T00:00:00+00:00, run_after=2023-08-14T00:00:00+00:00
[2023-08-14T07:02:35.232+0000] {processor.py:179} INFO - Processing /home/airflow/.local/lib/python3.7/site-packages/airflow/example_dags/example_nested_branch_dag.py took 0.062 seconds
[2023-08-14T08:25:13.052+0000] {processor.py:157} INFO - Started process (PID=69663) to work on /home/airflow/.local/lib/python3.7/site-packages/airflow/example_dags/example_nested_branch_dag.py
[2023-08-14T08:25:13.053+0000] {processor.py:826} INFO - Processing file /home/airflow/.local/lib/python3.7/site-packages/airflow/example_dags/example_nested_branch_dag.py for tasks to queue
[2023-08-14T08:25:13.054+0000] {logging_mixin.py:149} INFO - [2023-08-14T08:25:13.054+0000] {dagbag.py:541} INFO - Filling up the DagBag from /home/airflow/.local/lib/python3.7/site-packages/airflow/example_dags/example_nested_branch_dag.py
[2023-08-14T08:25:13.062+0000] {processor.py:836} INFO - DAG(s) dict_keys(['example_nested_branch_dag']) retrieved from /home/airflow/.local/lib/python3.7/site-packages/airflow/example_dags/example_nested_branch_dag.py
[2023-08-14T08:25:13.082+0000] {logging_mixin.py:149} INFO - [2023-08-14T08:25:13.082+0000] {dag.py:2726} INFO - Sync 1 DAGs
[2023-08-14T08:25:13.099+0000] {logging_mixin.py:149} INFO - [2023-08-14T08:25:13.099+0000] {dag.py:3490} INFO - Setting next_dagrun for example_nested_branch_dag to 2023-08-13T00:00:00+00:00, run_after=2023-08-14T00:00:00+00:00
[2023-08-14T08:25:13.114+0000] {processor.py:179} INFO - Processing /home/airflow/.local/lib/python3.7/site-packages/airflow/example_dags/example_nested_branch_dag.py took 0.065 seconds
[2023-08-14T08:25:46.451+0000] {processor.py:157} INFO - Started process (PID=69730) to work on /home/airflow/.local/lib/python3.7/site-packages/airflow/example_dags/example_nested_branch_dag.py
[2023-08-14T08:25:46.452+0000] {processor.py:826} INFO - Processing file /home/airflow/.local/lib/python3.7/site-packages/airflow/example_dags/example_nested_branch_dag.py for tasks to queue
[2023-08-14T08:25:46.453+0000] {logging_mixin.py:149} INFO - [2023-08-14T08:25:46.453+0000] {dagbag.py:541} INFO - Filling up the DagBag from /home/airflow/.local/lib/python3.7/site-packages/airflow/example_dags/example_nested_branch_dag.py
[2023-08-14T08:25:46.461+0000] {processor.py:836} INFO - DAG(s) dict_keys(['example_nested_branch_dag']) retrieved from /home/airflow/.local/lib/python3.7/site-packages/airflow/example_dags/example_nested_branch_dag.py
[2023-08-14T08:25:46.482+0000] {logging_mixin.py:149} INFO - [2023-08-14T08:25:46.482+0000] {dag.py:2726} INFO - Sync 1 DAGs
[2023-08-14T08:25:46.498+0000] {logging_mixin.py:149} INFO - [2023-08-14T08:25:46.498+0000] {dag.py:3490} INFO - Setting next_dagrun for example_nested_branch_dag to 2023-08-13T00:00:00+00:00, run_after=2023-08-14T00:00:00+00:00
[2023-08-14T08:25:46.509+0000] {processor.py:179} INFO - Processing /home/airflow/.local/lib/python3.7/site-packages/airflow/example_dags/example_nested_branch_dag.py took 0.061 seconds
[2023-08-14T08:26:20.023+0000] {processor.py:157} INFO - Started process (PID=69796) to work on /home/airflow/.local/lib/python3.7/site-packages/airflow/example_dags/example_nested_branch_dag.py
[2023-08-14T08:26:20.025+0000] {processor.py:826} INFO - Processing file /home/airflow/.local/lib/python3.7/site-packages/airflow/example_dags/example_nested_branch_dag.py for tasks to queue
[2023-08-14T08:26:20.026+0000] {logging_mixin.py:149} INFO - [2023-08-14T08:26:20.026+0000] {dagbag.py:541} INFO - Filling up the DagBag from /home/airflow/.local/lib/python3.7/site-packages/airflow/example_dags/example_nested_branch_dag.py
[2023-08-14T08:26:20.037+0000] {processor.py:836} INFO - DAG(s) dict_keys(['example_nested_branch_dag']) retrieved from /home/airflow/.local/lib/python3.7/site-packages/airflow/example_dags/example_nested_branch_dag.py
[2023-08-14T08:26:20.058+0000] {logging_mixin.py:149} INFO - [2023-08-14T08:26:20.058+0000] {dag.py:2726} INFO - Sync 1 DAGs
[2023-08-14T08:26:20.074+0000] {logging_mixin.py:149} INFO - [2023-08-14T08:26:20.074+0000] {dag.py:3490} INFO - Setting next_dagrun for example_nested_branch_dag to 2023-08-13T00:00:00+00:00, run_after=2023-08-14T00:00:00+00:00
[2023-08-14T08:26:20.084+0000] {processor.py:179} INFO - Processing /home/airflow/.local/lib/python3.7/site-packages/airflow/example_dags/example_nested_branch_dag.py took 0.067 seconds
[2023-08-14T08:26:53.799+0000] {processor.py:157} INFO - Started process (PID=69862) to work on /home/airflow/.local/lib/python3.7/site-packages/airflow/example_dags/example_nested_branch_dag.py
[2023-08-14T08:26:53.802+0000] {processor.py:826} INFO - Processing file /home/airflow/.local/lib/python3.7/site-packages/airflow/example_dags/example_nested_branch_dag.py for tasks to queue
[2023-08-14T08:26:53.806+0000] {logging_mixin.py:149} INFO - [2023-08-14T08:26:53.802+0000] {dagbag.py:541} INFO - Filling up the DagBag from /home/airflow/.local/lib/python3.7/site-packages/airflow/example_dags/example_nested_branch_dag.py
[2023-08-14T08:26:53.821+0000] {processor.py:836} INFO - DAG(s) dict_keys(['example_nested_branch_dag']) retrieved from /home/airflow/.local/lib/python3.7/site-packages/airflow/example_dags/example_nested_branch_dag.py
[2023-08-14T08:26:53.846+0000] {logging_mixin.py:149} INFO - [2023-08-14T08:26:53.846+0000] {dag.py:2726} INFO - Sync 1 DAGs
[2023-08-14T08:26:53.888+0000] {logging_mixin.py:149} INFO - [2023-08-14T08:26:53.887+0000] {dag.py:3490} INFO - Setting next_dagrun for example_nested_branch_dag to 2023-08-13T00:00:00+00:00, run_after=2023-08-14T00:00:00+00:00
[2023-08-14T08:26:53.919+0000] {processor.py:179} INFO - Processing /home/airflow/.local/lib/python3.7/site-packages/airflow/example_dags/example_nested_branch_dag.py took 0.125 seconds
[2023-08-14T08:27:24.209+0000] {processor.py:157} INFO - Started process (PID=69918) to work on /home/airflow/.local/lib/python3.7/site-packages/airflow/example_dags/example_nested_branch_dag.py
[2023-08-14T08:27:24.210+0000] {processor.py:826} INFO - Processing file /home/airflow/.local/lib/python3.7/site-packages/airflow/example_dags/example_nested_branch_dag.py for tasks to queue
[2023-08-14T08:27:24.211+0000] {logging_mixin.py:149} INFO - [2023-08-14T08:27:24.211+0000] {dagbag.py:541} INFO - Filling up the DagBag from /home/airflow/.local/lib/python3.7/site-packages/airflow/example_dags/example_nested_branch_dag.py
[2023-08-14T08:27:24.221+0000] {processor.py:836} INFO - DAG(s) dict_keys(['example_nested_branch_dag']) retrieved from /home/airflow/.local/lib/python3.7/site-packages/airflow/example_dags/example_nested_branch_dag.py
[2023-08-14T08:27:24.243+0000] {logging_mixin.py:149} INFO - [2023-08-14T08:27:24.243+0000] {dag.py:2726} INFO - Sync 1 DAGs
[2023-08-14T08:27:24.259+0000] {logging_mixin.py:149} INFO - [2023-08-14T08:27:24.259+0000] {dag.py:3490} INFO - Setting next_dagrun for example_nested_branch_dag to 2023-08-13T00:00:00+00:00, run_after=2023-08-14T00:00:00+00:00
[2023-08-14T08:27:24.270+0000] {processor.py:179} INFO - Processing /home/airflow/.local/lib/python3.7/site-packages/airflow/example_dags/example_nested_branch_dag.py took 0.065 seconds
[2023-08-14T08:27:54.950+0000] {processor.py:157} INFO - Started process (PID=69983) to work on /home/airflow/.local/lib/python3.7/site-packages/airflow/example_dags/example_nested_branch_dag.py
[2023-08-14T08:27:54.952+0000] {processor.py:826} INFO - Processing file /home/airflow/.local/lib/python3.7/site-packages/airflow/example_dags/example_nested_branch_dag.py for tasks to queue
[2023-08-14T08:27:54.954+0000] {logging_mixin.py:149} INFO - [2023-08-14T08:27:54.954+0000] {dagbag.py:541} INFO - Filling up the DagBag from /home/airflow/.local/lib/python3.7/site-packages/airflow/example_dags/example_nested_branch_dag.py
[2023-08-14T08:27:54.972+0000] {processor.py:836} INFO - DAG(s) dict_keys(['example_nested_branch_dag']) retrieved from /home/airflow/.local/lib/python3.7/site-packages/airflow/example_dags/example_nested_branch_dag.py
[2023-08-14T08:27:54.998+0000] {logging_mixin.py:149} INFO - [2023-08-14T08:27:54.998+0000] {dag.py:2726} INFO - Sync 1 DAGs
[2023-08-14T08:27:55.017+0000] {logging_mixin.py:149} INFO - [2023-08-14T08:27:55.016+0000] {dag.py:3490} INFO - Setting next_dagrun for example_nested_branch_dag to 2023-08-13T00:00:00+00:00, run_after=2023-08-14T00:00:00+00:00
[2023-08-14T08:27:55.030+0000] {processor.py:179} INFO - Processing /home/airflow/.local/lib/python3.7/site-packages/airflow/example_dags/example_nested_branch_dag.py took 0.087 seconds
[2023-08-14T08:28:25.089+0000] {processor.py:157} INFO - Started process (PID=70049) to work on /home/airflow/.local/lib/python3.7/site-packages/airflow/example_dags/example_nested_branch_dag.py
[2023-08-14T08:28:25.091+0000] {processor.py:826} INFO - Processing file /home/airflow/.local/lib/python3.7/site-packages/airflow/example_dags/example_nested_branch_dag.py for tasks to queue
[2023-08-14T08:28:25.093+0000] {logging_mixin.py:149} INFO - [2023-08-14T08:28:25.092+0000] {dagbag.py:541} INFO - Filling up the DagBag from /home/airflow/.local/lib/python3.7/site-packages/airflow/example_dags/example_nested_branch_dag.py
[2023-08-14T08:28:25.107+0000] {processor.py:836} INFO - DAG(s) dict_keys(['example_nested_branch_dag']) retrieved from /home/airflow/.local/lib/python3.7/site-packages/airflow/example_dags/example_nested_branch_dag.py
[2023-08-14T08:28:25.132+0000] {logging_mixin.py:149} INFO - [2023-08-14T08:28:25.132+0000] {dag.py:2726} INFO - Sync 1 DAGs
[2023-08-14T08:28:25.155+0000] {logging_mixin.py:149} INFO - [2023-08-14T08:28:25.155+0000] {dag.py:3490} INFO - Setting next_dagrun for example_nested_branch_dag to 2023-08-13T00:00:00+00:00, run_after=2023-08-14T00:00:00+00:00
[2023-08-14T08:28:25.174+0000] {processor.py:179} INFO - Processing /home/airflow/.local/lib/python3.7/site-packages/airflow/example_dags/example_nested_branch_dag.py took 0.093 seconds
[2023-08-14T10:03:27.429+0000] {processor.py:157} INFO - Started process (PID=70127) to work on /home/airflow/.local/lib/python3.7/site-packages/airflow/example_dags/example_nested_branch_dag.py
[2023-08-14T10:03:27.430+0000] {processor.py:826} INFO - Processing file /home/airflow/.local/lib/python3.7/site-packages/airflow/example_dags/example_nested_branch_dag.py for tasks to queue
[2023-08-14T10:03:27.431+0000] {logging_mixin.py:149} INFO - [2023-08-14T10:03:27.431+0000] {dagbag.py:541} INFO - Filling up the DagBag from /home/airflow/.local/lib/python3.7/site-packages/airflow/example_dags/example_nested_branch_dag.py
[2023-08-14T10:03:27.440+0000] {processor.py:836} INFO - DAG(s) dict_keys(['example_nested_branch_dag']) retrieved from /home/airflow/.local/lib/python3.7/site-packages/airflow/example_dags/example_nested_branch_dag.py
[2023-08-14T10:03:27.467+0000] {logging_mixin.py:149} INFO - [2023-08-14T10:03:27.467+0000] {dag.py:2726} INFO - Sync 1 DAGs
[2023-08-14T10:03:27.486+0000] {logging_mixin.py:149} INFO - [2023-08-14T10:03:27.486+0000] {dag.py:3490} INFO - Setting next_dagrun for example_nested_branch_dag to 2023-08-13T00:00:00+00:00, run_after=2023-08-14T00:00:00+00:00
[2023-08-14T10:03:27.497+0000] {processor.py:179} INFO - Processing /home/airflow/.local/lib/python3.7/site-packages/airflow/example_dags/example_nested_branch_dag.py took 0.071 seconds
[2023-08-14T10:36:52.238+0000] {processor.py:157} INFO - Started process (PID=70193) to work on /home/airflow/.local/lib/python3.7/site-packages/airflow/example_dags/example_nested_branch_dag.py
[2023-08-14T10:36:52.239+0000] {processor.py:826} INFO - Processing file /home/airflow/.local/lib/python3.7/site-packages/airflow/example_dags/example_nested_branch_dag.py for tasks to queue
[2023-08-14T10:36:52.240+0000] {logging_mixin.py:149} INFO - [2023-08-14T10:36:52.240+0000] {dagbag.py:541} INFO - Filling up the DagBag from /home/airflow/.local/lib/python3.7/site-packages/airflow/example_dags/example_nested_branch_dag.py
[2023-08-14T10:36:52.248+0000] {processor.py:836} INFO - DAG(s) dict_keys(['example_nested_branch_dag']) retrieved from /home/airflow/.local/lib/python3.7/site-packages/airflow/example_dags/example_nested_branch_dag.py
[2023-08-14T10:36:52.273+0000] {logging_mixin.py:149} INFO - [2023-08-14T10:36:52.273+0000] {dag.py:2726} INFO - Sync 1 DAGs
[2023-08-14T10:36:52.290+0000] {logging_mixin.py:149} INFO - [2023-08-14T10:36:52.290+0000] {dag.py:3490} INFO - Setting next_dagrun for example_nested_branch_dag to 2023-08-13T00:00:00+00:00, run_after=2023-08-14T00:00:00+00:00
[2023-08-14T10:36:52.309+0000] {processor.py:179} INFO - Processing /home/airflow/.local/lib/python3.7/site-packages/airflow/example_dags/example_nested_branch_dag.py took 0.074 seconds
[2023-08-14T13:13:51.642+0000] {processor.py:157} INFO - Started process (PID=70259) to work on /home/airflow/.local/lib/python3.7/site-packages/airflow/example_dags/example_nested_branch_dag.py
[2023-08-14T13:13:51.644+0000] {processor.py:826} INFO - Processing file /home/airflow/.local/lib/python3.7/site-packages/airflow/example_dags/example_nested_branch_dag.py for tasks to queue
[2023-08-14T13:13:51.651+0000] {logging_mixin.py:149} INFO - [2023-08-14T13:13:51.650+0000] {dagbag.py:541} INFO - Filling up the DagBag from /home/airflow/.local/lib/python3.7/site-packages/airflow/example_dags/example_nested_branch_dag.py
[2023-08-14T13:13:51.663+0000] {processor.py:836} INFO - DAG(s) dict_keys(['example_nested_branch_dag']) retrieved from /home/airflow/.local/lib/python3.7/site-packages/airflow/example_dags/example_nested_branch_dag.py
[2023-08-14T13:13:51.690+0000] {logging_mixin.py:149} INFO - [2023-08-14T13:13:51.689+0000] {dag.py:2726} INFO - Sync 1 DAGs
[2023-08-14T13:13:51.714+0000] {logging_mixin.py:149} INFO - [2023-08-14T13:13:51.714+0000] {dag.py:3490} INFO - Setting next_dagrun for example_nested_branch_dag to 2023-08-13T00:00:00+00:00, run_after=2023-08-14T00:00:00+00:00
[2023-08-14T13:13:51.731+0000] {processor.py:179} INFO - Processing /home/airflow/.local/lib/python3.7/site-packages/airflow/example_dags/example_nested_branch_dag.py took 0.097 seconds
[2023-08-14T14:29:04.672+0000] {processor.py:157} INFO - Started process (PID=70324) to work on /home/airflow/.local/lib/python3.7/site-packages/airflow/example_dags/example_nested_branch_dag.py
[2023-08-14T14:29:04.673+0000] {processor.py:826} INFO - Processing file /home/airflow/.local/lib/python3.7/site-packages/airflow/example_dags/example_nested_branch_dag.py for tasks to queue
[2023-08-14T14:29:04.674+0000] {logging_mixin.py:149} INFO - [2023-08-14T14:29:04.674+0000] {dagbag.py:541} INFO - Filling up the DagBag from /home/airflow/.local/lib/python3.7/site-packages/airflow/example_dags/example_nested_branch_dag.py
[2023-08-14T14:29:04.683+0000] {processor.py:836} INFO - DAG(s) dict_keys(['example_nested_branch_dag']) retrieved from /home/airflow/.local/lib/python3.7/site-packages/airflow/example_dags/example_nested_branch_dag.py
[2023-08-14T14:29:04.704+0000] {logging_mixin.py:149} INFO - [2023-08-14T14:29:04.704+0000] {dag.py:2726} INFO - Sync 1 DAGs
[2023-08-14T14:29:04.720+0000] {logging_mixin.py:149} INFO - [2023-08-14T14:29:04.720+0000] {dag.py:3490} INFO - Setting next_dagrun for example_nested_branch_dag to 2023-08-13T00:00:00+00:00, run_after=2023-08-14T00:00:00+00:00
[2023-08-14T14:29:04.734+0000] {processor.py:179} INFO - Processing /home/airflow/.local/lib/python3.7/site-packages/airflow/example_dags/example_nested_branch_dag.py took 0.066 seconds
[2023-08-14T17:05:43.726+0000] {processor.py:157} INFO - Started process (PID=70390) to work on /home/airflow/.local/lib/python3.7/site-packages/airflow/example_dags/example_nested_branch_dag.py
[2023-08-14T17:05:43.727+0000] {processor.py:826} INFO - Processing file /home/airflow/.local/lib/python3.7/site-packages/airflow/example_dags/example_nested_branch_dag.py for tasks to queue
[2023-08-14T17:05:43.728+0000] {logging_mixin.py:149} INFO - [2023-08-14T17:05:43.728+0000] {dagbag.py:541} INFO - Filling up the DagBag from /home/airflow/.local/lib/python3.7/site-packages/airflow/example_dags/example_nested_branch_dag.py
[2023-08-14T17:05:43.741+0000] {processor.py:836} INFO - DAG(s) dict_keys(['example_nested_branch_dag']) retrieved from /home/airflow/.local/lib/python3.7/site-packages/airflow/example_dags/example_nested_branch_dag.py
[2023-08-14T17:05:43.764+0000] {logging_mixin.py:149} INFO - [2023-08-14T17:05:43.764+0000] {dag.py:2726} INFO - Sync 1 DAGs
[2023-08-14T17:05:43.786+0000] {logging_mixin.py:149} INFO - [2023-08-14T17:05:43.786+0000] {dag.py:3490} INFO - Setting next_dagrun for example_nested_branch_dag to 2023-08-13T00:00:00+00:00, run_after=2023-08-14T00:00:00+00:00
[2023-08-14T17:05:43.807+0000] {processor.py:179} INFO - Processing /home/airflow/.local/lib/python3.7/site-packages/airflow/example_dags/example_nested_branch_dag.py took 0.085 seconds
[2023-08-14T18:49:15.269+0000] {processor.py:157} INFO - Started process (PID=70456) to work on /home/airflow/.local/lib/python3.7/site-packages/airflow/example_dags/example_nested_branch_dag.py
[2023-08-14T18:49:15.270+0000] {processor.py:826} INFO - Processing file /home/airflow/.local/lib/python3.7/site-packages/airflow/example_dags/example_nested_branch_dag.py for tasks to queue
[2023-08-14T18:49:15.271+0000] {logging_mixin.py:149} INFO - [2023-08-14T18:49:15.271+0000] {dagbag.py:541} INFO - Filling up the DagBag from /home/airflow/.local/lib/python3.7/site-packages/airflow/example_dags/example_nested_branch_dag.py
[2023-08-14T18:49:15.280+0000] {processor.py:836} INFO - DAG(s) dict_keys(['example_nested_branch_dag']) retrieved from /home/airflow/.local/lib/python3.7/site-packages/airflow/example_dags/example_nested_branch_dag.py
[2023-08-14T18:49:15.303+0000] {logging_mixin.py:149} INFO - [2023-08-14T18:49:15.303+0000] {dag.py:2726} INFO - Sync 1 DAGs
[2023-08-14T18:49:15.320+0000] {logging_mixin.py:149} INFO - [2023-08-14T18:49:15.320+0000] {dag.py:3490} INFO - Setting next_dagrun for example_nested_branch_dag to 2023-08-13T00:00:00+00:00, run_after=2023-08-14T00:00:00+00:00
[2023-08-14T18:49:15.331+0000] {processor.py:179} INFO - Processing /home/airflow/.local/lib/python3.7/site-packages/airflow/example_dags/example_nested_branch_dag.py took 0.065 seconds
[2023-08-14T22:24:44.840+0000] {processor.py:157} INFO - Started process (PID=70522) to work on /home/airflow/.local/lib/python3.7/site-packages/airflow/example_dags/example_nested_branch_dag.py
[2023-08-14T22:24:44.841+0000] {processor.py:826} INFO - Processing file /home/airflow/.local/lib/python3.7/site-packages/airflow/example_dags/example_nested_branch_dag.py for tasks to queue
[2023-08-14T22:24:44.842+0000] {logging_mixin.py:149} INFO - [2023-08-14T22:24:44.842+0000] {dagbag.py:541} INFO - Filling up the DagBag from /home/airflow/.local/lib/python3.7/site-packages/airflow/example_dags/example_nested_branch_dag.py
[2023-08-14T22:24:44.850+0000] {processor.py:836} INFO - DAG(s) dict_keys(['example_nested_branch_dag']) retrieved from /home/airflow/.local/lib/python3.7/site-packages/airflow/example_dags/example_nested_branch_dag.py
[2023-08-14T22:24:44.872+0000] {logging_mixin.py:149} INFO - [2023-08-14T22:24:44.872+0000] {dag.py:2726} INFO - Sync 1 DAGs
[2023-08-14T22:24:44.892+0000] {logging_mixin.py:149} INFO - [2023-08-14T22:24:44.892+0000] {dag.py:3490} INFO - Setting next_dagrun for example_nested_branch_dag to 2023-08-13T00:00:00+00:00, run_after=2023-08-14T00:00:00+00:00
[2023-08-14T22:24:44.913+0000] {processor.py:179} INFO - Processing /home/airflow/.local/lib/python3.7/site-packages/airflow/example_dags/example_nested_branch_dag.py took 0.075 seconds
