[2023-08-14T02:49:59.882+0000] {processor.py:157} INFO - Started process (PID=69487) to work on /home/airflow/.local/lib/python3.7/site-packages/airflow/example_dags/example_dynamic_task_mapping.py
[2023-08-14T02:49:59.883+0000] {processor.py:826} INFO - Processing file /home/airflow/.local/lib/python3.7/site-packages/airflow/example_dags/example_dynamic_task_mapping.py for tasks to queue
[2023-08-14T02:49:59.883+0000] {logging_mixin.py:149} INFO - [2023-08-14T02:49:59.883+0000] {dagbag.py:541} INFO - Filling up the DagBag from /home/airflow/.local/lib/python3.7/site-packages/airflow/example_dags/example_dynamic_task_mapping.py
[2023-08-14T02:49:59.890+0000] {processor.py:836} INFO - DAG(s) dict_keys(['example_dynamic_task_mapping']) retrieved from /home/airflow/.local/lib/python3.7/site-packages/airflow/example_dags/example_dynamic_task_mapping.py
[2023-08-14T02:49:59.915+0000] {logging_mixin.py:149} INFO - [2023-08-14T02:49:59.915+0000] {dag.py:2726} INFO - Sync 1 DAGs
[2023-08-14T02:49:59.931+0000] {logging_mixin.py:149} INFO - [2023-08-14T02:49:59.931+0000] {dag.py:3490} INFO - Setting next_dagrun for example_dynamic_task_mapping to 2022-03-04T00:00:00+00:00, run_after=2022-03-05T00:00:00+00:00
[2023-08-14T02:49:59.943+0000] {processor.py:179} INFO - Processing /home/airflow/.local/lib/python3.7/site-packages/airflow/example_dags/example_dynamic_task_mapping.py took 0.065 seconds
[2023-08-14T05:00:38.137+0000] {processor.py:157} INFO - Started process (PID=69553) to work on /home/airflow/.local/lib/python3.7/site-packages/airflow/example_dags/example_dynamic_task_mapping.py
[2023-08-14T05:00:38.138+0000] {processor.py:826} INFO - Processing file /home/airflow/.local/lib/python3.7/site-packages/airflow/example_dags/example_dynamic_task_mapping.py for tasks to queue
[2023-08-14T05:00:38.139+0000] {logging_mixin.py:149} INFO - [2023-08-14T05:00:38.139+0000] {dagbag.py:541} INFO - Filling up the DagBag from /home/airflow/.local/lib/python3.7/site-packages/airflow/example_dags/example_dynamic_task_mapping.py
[2023-08-14T05:00:38.153+0000] {processor.py:836} INFO - DAG(s) dict_keys(['example_dynamic_task_mapping']) retrieved from /home/airflow/.local/lib/python3.7/site-packages/airflow/example_dags/example_dynamic_task_mapping.py
[2023-08-14T05:00:38.172+0000] {logging_mixin.py:149} INFO - [2023-08-14T05:00:38.172+0000] {dag.py:2726} INFO - Sync 1 DAGs
[2023-08-14T05:00:38.189+0000] {logging_mixin.py:149} INFO - [2023-08-14T05:00:38.189+0000] {dag.py:3490} INFO - Setting next_dagrun for example_dynamic_task_mapping to 2022-03-04T00:00:00+00:00, run_after=2022-03-05T00:00:00+00:00
[2023-08-14T05:00:38.200+0000] {processor.py:179} INFO - Processing /home/airflow/.local/lib/python3.7/site-packages/airflow/example_dags/example_dynamic_task_mapping.py took 0.069 seconds
[2023-08-14T07:02:36.499+0000] {processor.py:157} INFO - Started process (PID=69619) to work on /home/airflow/.local/lib/python3.7/site-packages/airflow/example_dags/example_dynamic_task_mapping.py
[2023-08-14T07:02:36.500+0000] {processor.py:826} INFO - Processing file /home/airflow/.local/lib/python3.7/site-packages/airflow/example_dags/example_dynamic_task_mapping.py for tasks to queue
[2023-08-14T07:02:36.501+0000] {logging_mixin.py:149} INFO - [2023-08-14T07:02:36.501+0000] {dagbag.py:541} INFO - Filling up the DagBag from /home/airflow/.local/lib/python3.7/site-packages/airflow/example_dags/example_dynamic_task_mapping.py
[2023-08-14T07:02:36.515+0000] {processor.py:836} INFO - DAG(s) dict_keys(['example_dynamic_task_mapping']) retrieved from /home/airflow/.local/lib/python3.7/site-packages/airflow/example_dags/example_dynamic_task_mapping.py
[2023-08-14T07:02:36.536+0000] {logging_mixin.py:149} INFO - [2023-08-14T07:02:36.535+0000] {dag.py:2726} INFO - Sync 1 DAGs
[2023-08-14T07:02:36.552+0000] {logging_mixin.py:149} INFO - [2023-08-14T07:02:36.552+0000] {dag.py:3490} INFO - Setting next_dagrun for example_dynamic_task_mapping to 2022-03-04T00:00:00+00:00, run_after=2022-03-05T00:00:00+00:00
[2023-08-14T07:02:36.564+0000] {processor.py:179} INFO - Processing /home/airflow/.local/lib/python3.7/site-packages/airflow/example_dags/example_dynamic_task_mapping.py took 0.068 seconds
[2023-08-14T08:25:14.468+0000] {processor.py:157} INFO - Started process (PID=69685) to work on /home/airflow/.local/lib/python3.7/site-packages/airflow/example_dags/example_dynamic_task_mapping.py
[2023-08-14T08:25:14.470+0000] {processor.py:826} INFO - Processing file /home/airflow/.local/lib/python3.7/site-packages/airflow/example_dags/example_dynamic_task_mapping.py for tasks to queue
[2023-08-14T08:25:14.470+0000] {logging_mixin.py:149} INFO - [2023-08-14T08:25:14.470+0000] {dagbag.py:541} INFO - Filling up the DagBag from /home/airflow/.local/lib/python3.7/site-packages/airflow/example_dags/example_dynamic_task_mapping.py
[2023-08-14T08:25:14.477+0000] {processor.py:836} INFO - DAG(s) dict_keys(['example_dynamic_task_mapping']) retrieved from /home/airflow/.local/lib/python3.7/site-packages/airflow/example_dags/example_dynamic_task_mapping.py
[2023-08-14T08:25:14.502+0000] {logging_mixin.py:149} INFO - [2023-08-14T08:25:14.502+0000] {dag.py:2726} INFO - Sync 1 DAGs
[2023-08-14T08:25:14.519+0000] {logging_mixin.py:149} INFO - [2023-08-14T08:25:14.518+0000] {dag.py:3490} INFO - Setting next_dagrun for example_dynamic_task_mapping to 2022-03-04T00:00:00+00:00, run_after=2022-03-05T00:00:00+00:00
[2023-08-14T08:25:14.534+0000] {processor.py:179} INFO - Processing /home/airflow/.local/lib/python3.7/site-packages/airflow/example_dags/example_dynamic_task_mapping.py took 0.073 seconds
[2023-08-14T08:25:47.871+0000] {processor.py:157} INFO - Started process (PID=69752) to work on /home/airflow/.local/lib/python3.7/site-packages/airflow/example_dags/example_dynamic_task_mapping.py
[2023-08-14T08:25:47.873+0000] {processor.py:826} INFO - Processing file /home/airflow/.local/lib/python3.7/site-packages/airflow/example_dags/example_dynamic_task_mapping.py for tasks to queue
[2023-08-14T08:25:47.873+0000] {logging_mixin.py:149} INFO - [2023-08-14T08:25:47.873+0000] {dagbag.py:541} INFO - Filling up the DagBag from /home/airflow/.local/lib/python3.7/site-packages/airflow/example_dags/example_dynamic_task_mapping.py
[2023-08-14T08:25:47.881+0000] {processor.py:836} INFO - DAG(s) dict_keys(['example_dynamic_task_mapping']) retrieved from /home/airflow/.local/lib/python3.7/site-packages/airflow/example_dags/example_dynamic_task_mapping.py
[2023-08-14T08:25:47.904+0000] {logging_mixin.py:149} INFO - [2023-08-14T08:25:47.904+0000] {dag.py:2726} INFO - Sync 1 DAGs
[2023-08-14T08:25:47.922+0000] {logging_mixin.py:149} INFO - [2023-08-14T08:25:47.922+0000] {dag.py:3490} INFO - Setting next_dagrun for example_dynamic_task_mapping to 2022-03-04T00:00:00+00:00, run_after=2022-03-05T00:00:00+00:00
[2023-08-14T08:25:47.933+0000] {processor.py:179} INFO - Processing /home/airflow/.local/lib/python3.7/site-packages/airflow/example_dags/example_dynamic_task_mapping.py took 0.066 seconds
[2023-08-14T08:26:21.636+0000] {processor.py:157} INFO - Started process (PID=69818) to work on /home/airflow/.local/lib/python3.7/site-packages/airflow/example_dags/example_dynamic_task_mapping.py
[2023-08-14T08:26:21.638+0000] {processor.py:826} INFO - Processing file /home/airflow/.local/lib/python3.7/site-packages/airflow/example_dags/example_dynamic_task_mapping.py for tasks to queue
[2023-08-14T08:26:21.639+0000] {logging_mixin.py:149} INFO - [2023-08-14T08:26:21.639+0000] {dagbag.py:541} INFO - Filling up the DagBag from /home/airflow/.local/lib/python3.7/site-packages/airflow/example_dags/example_dynamic_task_mapping.py
[2023-08-14T08:26:21.651+0000] {processor.py:836} INFO - DAG(s) dict_keys(['example_dynamic_task_mapping']) retrieved from /home/airflow/.local/lib/python3.7/site-packages/airflow/example_dags/example_dynamic_task_mapping.py
[2023-08-14T08:26:21.685+0000] {logging_mixin.py:149} INFO - [2023-08-14T08:26:21.685+0000] {dag.py:2726} INFO - Sync 1 DAGs
[2023-08-14T08:26:21.714+0000] {logging_mixin.py:149} INFO - [2023-08-14T08:26:21.714+0000] {dag.py:3490} INFO - Setting next_dagrun for example_dynamic_task_mapping to 2022-03-04T00:00:00+00:00, run_after=2022-03-05T00:00:00+00:00
[2023-08-14T08:26:21.738+0000] {processor.py:179} INFO - Processing /home/airflow/.local/lib/python3.7/site-packages/airflow/example_dags/example_dynamic_task_mapping.py took 0.108 seconds
[2023-08-14T08:26:55.648+0000] {processor.py:157} INFO - Started process (PID=69884) to work on /home/airflow/.local/lib/python3.7/site-packages/airflow/example_dags/example_dynamic_task_mapping.py
[2023-08-14T08:26:55.651+0000] {processor.py:826} INFO - Processing file /home/airflow/.local/lib/python3.7/site-packages/airflow/example_dags/example_dynamic_task_mapping.py for tasks to queue
[2023-08-14T08:26:55.651+0000] {logging_mixin.py:149} INFO - [2023-08-14T08:26:55.651+0000] {dagbag.py:541} INFO - Filling up the DagBag from /home/airflow/.local/lib/python3.7/site-packages/airflow/example_dags/example_dynamic_task_mapping.py
[2023-08-14T08:26:55.659+0000] {processor.py:836} INFO - DAG(s) dict_keys(['example_dynamic_task_mapping']) retrieved from /home/airflow/.local/lib/python3.7/site-packages/airflow/example_dags/example_dynamic_task_mapping.py
[2023-08-14T08:26:55.685+0000] {logging_mixin.py:149} INFO - [2023-08-14T08:26:55.684+0000] {dag.py:2726} INFO - Sync 1 DAGs
[2023-08-14T08:26:55.702+0000] {logging_mixin.py:149} INFO - [2023-08-14T08:26:55.702+0000] {dag.py:3490} INFO - Setting next_dagrun for example_dynamic_task_mapping to 2022-03-04T00:00:00+00:00, run_after=2022-03-05T00:00:00+00:00
[2023-08-14T08:26:55.715+0000] {processor.py:179} INFO - Processing /home/airflow/.local/lib/python3.7/site-packages/airflow/example_dags/example_dynamic_task_mapping.py took 0.070 seconds
[2023-08-14T08:27:29.439+0000] {processor.py:157} INFO - Started process (PID=69951) to work on /home/airflow/.local/lib/python3.7/site-packages/airflow/example_dags/example_dynamic_task_mapping.py
[2023-08-14T08:27:29.440+0000] {processor.py:826} INFO - Processing file /home/airflow/.local/lib/python3.7/site-packages/airflow/example_dags/example_dynamic_task_mapping.py for tasks to queue
[2023-08-14T08:27:29.441+0000] {logging_mixin.py:149} INFO - [2023-08-14T08:27:29.441+0000] {dagbag.py:541} INFO - Filling up the DagBag from /home/airflow/.local/lib/python3.7/site-packages/airflow/example_dags/example_dynamic_task_mapping.py
[2023-08-14T08:27:29.448+0000] {processor.py:836} INFO - DAG(s) dict_keys(['example_dynamic_task_mapping']) retrieved from /home/airflow/.local/lib/python3.7/site-packages/airflow/example_dags/example_dynamic_task_mapping.py
[2023-08-14T08:27:29.477+0000] {logging_mixin.py:149} INFO - [2023-08-14T08:27:29.477+0000] {dag.py:2726} INFO - Sync 1 DAGs
[2023-08-14T08:27:29.498+0000] {logging_mixin.py:149} INFO - [2023-08-14T08:27:29.498+0000] {dag.py:3490} INFO - Setting next_dagrun for example_dynamic_task_mapping to 2022-03-04T00:00:00+00:00, run_after=2022-03-05T00:00:00+00:00
[2023-08-14T08:27:29.509+0000] {processor.py:179} INFO - Processing /home/airflow/.local/lib/python3.7/site-packages/airflow/example_dags/example_dynamic_task_mapping.py took 0.073 seconds
[2023-08-14T08:28:02.565+0000] {processor.py:157} INFO - Started process (PID=70017) to work on /home/airflow/.local/lib/python3.7/site-packages/airflow/example_dags/example_dynamic_task_mapping.py
[2023-08-14T08:28:02.566+0000] {processor.py:826} INFO - Processing file /home/airflow/.local/lib/python3.7/site-packages/airflow/example_dags/example_dynamic_task_mapping.py for tasks to queue
[2023-08-14T08:28:02.567+0000] {logging_mixin.py:149} INFO - [2023-08-14T08:28:02.567+0000] {dagbag.py:541} INFO - Filling up the DagBag from /home/airflow/.local/lib/python3.7/site-packages/airflow/example_dags/example_dynamic_task_mapping.py
[2023-08-14T08:28:02.574+0000] {processor.py:836} INFO - DAG(s) dict_keys(['example_dynamic_task_mapping']) retrieved from /home/airflow/.local/lib/python3.7/site-packages/airflow/example_dags/example_dynamic_task_mapping.py
[2023-08-14T08:28:02.592+0000] {logging_mixin.py:149} INFO - [2023-08-14T08:28:02.592+0000] {dag.py:2726} INFO - Sync 1 DAGs
[2023-08-14T08:28:02.608+0000] {logging_mixin.py:149} INFO - [2023-08-14T08:28:02.608+0000] {dag.py:3490} INFO - Setting next_dagrun for example_dynamic_task_mapping to 2022-03-04T00:00:00+00:00, run_after=2022-03-05T00:00:00+00:00
[2023-08-14T08:28:02.618+0000] {processor.py:179} INFO - Processing /home/airflow/.local/lib/python3.7/site-packages/airflow/example_dags/example_dynamic_task_mapping.py took 0.057 seconds
[2023-08-14T08:28:36.497+0000] {processor.py:157} INFO - Started process (PID=70083) to work on /home/airflow/.local/lib/python3.7/site-packages/airflow/example_dags/example_dynamic_task_mapping.py
[2023-08-14T08:28:36.498+0000] {processor.py:826} INFO - Processing file /home/airflow/.local/lib/python3.7/site-packages/airflow/example_dags/example_dynamic_task_mapping.py for tasks to queue
[2023-08-14T08:28:36.498+0000] {logging_mixin.py:149} INFO - [2023-08-14T08:28:36.498+0000] {dagbag.py:541} INFO - Filling up the DagBag from /home/airflow/.local/lib/python3.7/site-packages/airflow/example_dags/example_dynamic_task_mapping.py
[2023-08-14T08:28:36.509+0000] {processor.py:836} INFO - DAG(s) dict_keys(['example_dynamic_task_mapping']) retrieved from /home/airflow/.local/lib/python3.7/site-packages/airflow/example_dags/example_dynamic_task_mapping.py
[2023-08-14T08:28:36.530+0000] {logging_mixin.py:149} INFO - [2023-08-14T08:28:36.530+0000] {dag.py:2726} INFO - Sync 1 DAGs
[2023-08-14T08:28:36.547+0000] {logging_mixin.py:149} INFO - [2023-08-14T08:28:36.547+0000] {dag.py:3490} INFO - Setting next_dagrun for example_dynamic_task_mapping to 2022-03-04T00:00:00+00:00, run_after=2022-03-05T00:00:00+00:00
[2023-08-14T08:28:36.559+0000] {processor.py:179} INFO - Processing /home/airflow/.local/lib/python3.7/site-packages/airflow/example_dags/example_dynamic_task_mapping.py took 0.066 seconds
[2023-08-14T10:03:28.736+0000] {processor.py:157} INFO - Started process (PID=70149) to work on /home/airflow/.local/lib/python3.7/site-packages/airflow/example_dags/example_dynamic_task_mapping.py
[2023-08-14T10:03:28.738+0000] {processor.py:826} INFO - Processing file /home/airflow/.local/lib/python3.7/site-packages/airflow/example_dags/example_dynamic_task_mapping.py for tasks to queue
[2023-08-14T10:03:28.738+0000] {logging_mixin.py:149} INFO - [2023-08-14T10:03:28.738+0000] {dagbag.py:541} INFO - Filling up the DagBag from /home/airflow/.local/lib/python3.7/site-packages/airflow/example_dags/example_dynamic_task_mapping.py
[2023-08-14T10:03:28.745+0000] {processor.py:836} INFO - DAG(s) dict_keys(['example_dynamic_task_mapping']) retrieved from /home/airflow/.local/lib/python3.7/site-packages/airflow/example_dags/example_dynamic_task_mapping.py
[2023-08-14T10:03:28.764+0000] {logging_mixin.py:149} INFO - [2023-08-14T10:03:28.764+0000] {dag.py:2726} INFO - Sync 1 DAGs
[2023-08-14T10:03:28.779+0000] {logging_mixin.py:149} INFO - [2023-08-14T10:03:28.779+0000] {dag.py:3490} INFO - Setting next_dagrun for example_dynamic_task_mapping to 2022-03-04T00:00:00+00:00, run_after=2022-03-05T00:00:00+00:00
[2023-08-14T10:03:28.790+0000] {processor.py:179} INFO - Processing /home/airflow/.local/lib/python3.7/site-packages/airflow/example_dags/example_dynamic_task_mapping.py took 0.057 seconds
[2023-08-14T10:36:53.634+0000] {processor.py:157} INFO - Started process (PID=70215) to work on /home/airflow/.local/lib/python3.7/site-packages/airflow/example_dags/example_dynamic_task_mapping.py
[2023-08-14T10:36:53.636+0000] {processor.py:826} INFO - Processing file /home/airflow/.local/lib/python3.7/site-packages/airflow/example_dags/example_dynamic_task_mapping.py for tasks to queue
[2023-08-14T10:36:53.636+0000] {logging_mixin.py:149} INFO - [2023-08-14T10:36:53.636+0000] {dagbag.py:541} INFO - Filling up the DagBag from /home/airflow/.local/lib/python3.7/site-packages/airflow/example_dags/example_dynamic_task_mapping.py
[2023-08-14T10:36:53.642+0000] {processor.py:836} INFO - DAG(s) dict_keys(['example_dynamic_task_mapping']) retrieved from /home/airflow/.local/lib/python3.7/site-packages/airflow/example_dags/example_dynamic_task_mapping.py
[2023-08-14T10:36:53.662+0000] {logging_mixin.py:149} INFO - [2023-08-14T10:36:53.662+0000] {dag.py:2726} INFO - Sync 1 DAGs
[2023-08-14T10:36:53.682+0000] {logging_mixin.py:149} INFO - [2023-08-14T10:36:53.682+0000] {dag.py:3490} INFO - Setting next_dagrun for example_dynamic_task_mapping to 2022-03-04T00:00:00+00:00, run_after=2022-03-05T00:00:00+00:00
[2023-08-14T10:36:53.694+0000] {processor.py:179} INFO - Processing /home/airflow/.local/lib/python3.7/site-packages/airflow/example_dags/example_dynamic_task_mapping.py took 0.063 seconds
[2023-08-14T13:13:53.100+0000] {processor.py:157} INFO - Started process (PID=70281) to work on /home/airflow/.local/lib/python3.7/site-packages/airflow/example_dags/example_dynamic_task_mapping.py
[2023-08-14T13:13:53.100+0000] {processor.py:826} INFO - Processing file /home/airflow/.local/lib/python3.7/site-packages/airflow/example_dags/example_dynamic_task_mapping.py for tasks to queue
[2023-08-14T13:13:53.119+0000] {logging_mixin.py:149} INFO - [2023-08-14T13:13:53.119+0000] {dagbag.py:541} INFO - Filling up the DagBag from /home/airflow/.local/lib/python3.7/site-packages/airflow/example_dags/example_dynamic_task_mapping.py
[2023-08-14T13:13:53.125+0000] {processor.py:836} INFO - DAG(s) dict_keys(['example_dynamic_task_mapping']) retrieved from /home/airflow/.local/lib/python3.7/site-packages/airflow/example_dags/example_dynamic_task_mapping.py
[2023-08-14T13:13:53.146+0000] {logging_mixin.py:149} INFO - [2023-08-14T13:13:53.146+0000] {dag.py:2726} INFO - Sync 1 DAGs
[2023-08-14T13:13:53.165+0000] {logging_mixin.py:149} INFO - [2023-08-14T13:13:53.165+0000] {dag.py:3490} INFO - Setting next_dagrun for example_dynamic_task_mapping to 2022-03-04T00:00:00+00:00, run_after=2022-03-05T00:00:00+00:00
[2023-08-14T13:13:53.176+0000] {processor.py:179} INFO - Processing /home/airflow/.local/lib/python3.7/site-packages/airflow/example_dags/example_dynamic_task_mapping.py took 0.080 seconds
[2023-08-14T14:29:06.100+0000] {processor.py:157} INFO - Started process (PID=70346) to work on /home/airflow/.local/lib/python3.7/site-packages/airflow/example_dags/example_dynamic_task_mapping.py
[2023-08-14T14:29:06.102+0000] {processor.py:826} INFO - Processing file /home/airflow/.local/lib/python3.7/site-packages/airflow/example_dags/example_dynamic_task_mapping.py for tasks to queue
[2023-08-14T14:29:06.102+0000] {logging_mixin.py:149} INFO - [2023-08-14T14:29:06.102+0000] {dagbag.py:541} INFO - Filling up the DagBag from /home/airflow/.local/lib/python3.7/site-packages/airflow/example_dags/example_dynamic_task_mapping.py
[2023-08-14T14:29:06.109+0000] {processor.py:836} INFO - DAG(s) dict_keys(['example_dynamic_task_mapping']) retrieved from /home/airflow/.local/lib/python3.7/site-packages/airflow/example_dags/example_dynamic_task_mapping.py
[2023-08-14T14:29:06.129+0000] {logging_mixin.py:149} INFO - [2023-08-14T14:29:06.129+0000] {dag.py:2726} INFO - Sync 1 DAGs
[2023-08-14T14:29:06.146+0000] {logging_mixin.py:149} INFO - [2023-08-14T14:29:06.146+0000] {dag.py:3490} INFO - Setting next_dagrun for example_dynamic_task_mapping to 2022-03-04T00:00:00+00:00, run_after=2022-03-05T00:00:00+00:00
[2023-08-14T14:29:06.162+0000] {processor.py:179} INFO - Processing /home/airflow/.local/lib/python3.7/site-packages/airflow/example_dags/example_dynamic_task_mapping.py took 0.065 seconds
[2023-08-14T17:05:45.094+0000] {processor.py:157} INFO - Started process (PID=70412) to work on /home/airflow/.local/lib/python3.7/site-packages/airflow/example_dags/example_dynamic_task_mapping.py
[2023-08-14T17:05:45.094+0000] {processor.py:826} INFO - Processing file /home/airflow/.local/lib/python3.7/site-packages/airflow/example_dags/example_dynamic_task_mapping.py for tasks to queue
[2023-08-14T17:05:45.096+0000] {logging_mixin.py:149} INFO - [2023-08-14T17:05:45.096+0000] {dagbag.py:541} INFO - Filling up the DagBag from /home/airflow/.local/lib/python3.7/site-packages/airflow/example_dags/example_dynamic_task_mapping.py
[2023-08-14T17:05:45.101+0000] {processor.py:836} INFO - DAG(s) dict_keys(['example_dynamic_task_mapping']) retrieved from /home/airflow/.local/lib/python3.7/site-packages/airflow/example_dags/example_dynamic_task_mapping.py
[2023-08-14T17:05:45.138+0000] {logging_mixin.py:149} INFO - [2023-08-14T17:05:45.137+0000] {dag.py:2726} INFO - Sync 1 DAGs
[2023-08-14T17:05:45.156+0000] {logging_mixin.py:149} INFO - [2023-08-14T17:05:45.156+0000] {dag.py:3490} INFO - Setting next_dagrun for example_dynamic_task_mapping to 2022-03-04T00:00:00+00:00, run_after=2022-03-05T00:00:00+00:00
[2023-08-14T17:05:45.173+0000] {processor.py:179} INFO - Processing /home/airflow/.local/lib/python3.7/site-packages/airflow/example_dags/example_dynamic_task_mapping.py took 0.083 seconds
[2023-08-14T18:49:16.751+0000] {processor.py:157} INFO - Started process (PID=70478) to work on /home/airflow/.local/lib/python3.7/site-packages/airflow/example_dags/example_dynamic_task_mapping.py
[2023-08-14T18:49:16.752+0000] {processor.py:826} INFO - Processing file /home/airflow/.local/lib/python3.7/site-packages/airflow/example_dags/example_dynamic_task_mapping.py for tasks to queue
[2023-08-14T18:49:16.752+0000] {logging_mixin.py:149} INFO - [2023-08-14T18:49:16.752+0000] {dagbag.py:541} INFO - Filling up the DagBag from /home/airflow/.local/lib/python3.7/site-packages/airflow/example_dags/example_dynamic_task_mapping.py
[2023-08-14T18:49:16.758+0000] {processor.py:836} INFO - DAG(s) dict_keys(['example_dynamic_task_mapping']) retrieved from /home/airflow/.local/lib/python3.7/site-packages/airflow/example_dags/example_dynamic_task_mapping.py
[2023-08-14T18:49:16.775+0000] {logging_mixin.py:149} INFO - [2023-08-14T18:49:16.775+0000] {dag.py:2726} INFO - Sync 1 DAGs
[2023-08-14T18:49:16.799+0000] {logging_mixin.py:149} INFO - [2023-08-14T18:49:16.799+0000] {dag.py:3490} INFO - Setting next_dagrun for example_dynamic_task_mapping to 2022-03-04T00:00:00+00:00, run_after=2022-03-05T00:00:00+00:00
[2023-08-14T18:49:16.810+0000] {processor.py:179} INFO - Processing /home/airflow/.local/lib/python3.7/site-packages/airflow/example_dags/example_dynamic_task_mapping.py took 0.071 seconds
[2023-08-14T22:24:46.163+0000] {processor.py:157} INFO - Started process (PID=70544) to work on /home/airflow/.local/lib/python3.7/site-packages/airflow/example_dags/example_dynamic_task_mapping.py
[2023-08-14T22:24:46.164+0000] {processor.py:826} INFO - Processing file /home/airflow/.local/lib/python3.7/site-packages/airflow/example_dags/example_dynamic_task_mapping.py for tasks to queue
[2023-08-14T22:24:46.165+0000] {logging_mixin.py:149} INFO - [2023-08-14T22:24:46.165+0000] {dagbag.py:541} INFO - Filling up the DagBag from /home/airflow/.local/lib/python3.7/site-packages/airflow/example_dags/example_dynamic_task_mapping.py
[2023-08-14T22:24:46.189+0000] {processor.py:836} INFO - DAG(s) dict_keys(['example_dynamic_task_mapping']) retrieved from /home/airflow/.local/lib/python3.7/site-packages/airflow/example_dags/example_dynamic_task_mapping.py
[2023-08-14T22:24:46.211+0000] {logging_mixin.py:149} INFO - [2023-08-14T22:24:46.211+0000] {dag.py:2726} INFO - Sync 1 DAGs
[2023-08-14T22:24:46.229+0000] {logging_mixin.py:149} INFO - [2023-08-14T22:24:46.229+0000] {dag.py:3490} INFO - Setting next_dagrun for example_dynamic_task_mapping to 2022-03-04T00:00:00+00:00, run_after=2022-03-05T00:00:00+00:00
[2023-08-14T22:24:46.242+0000] {processor.py:179} INFO - Processing /home/airflow/.local/lib/python3.7/site-packages/airflow/example_dags/example_dynamic_task_mapping.py took 0.083 seconds
