[2023-08-14T02:49:58.884+0000] {processor.py:157} INFO - Started process (PID=69473) to work on /home/airflow/.local/lib/python3.7/site-packages/airflow/example_dags/example_xcom.py
[2023-08-14T02:49:58.885+0000] {processor.py:826} INFO - Processing file /home/airflow/.local/lib/python3.7/site-packages/airflow/example_dags/example_xcom.py for tasks to queue
[2023-08-14T02:49:58.886+0000] {logging_mixin.py:149} INFO - [2023-08-14T02:49:58.886+0000] {dagbag.py:541} INFO - Filling up the DagBag from /home/airflow/.local/lib/python3.7/site-packages/airflow/example_dags/example_xcom.py
[2023-08-14T02:49:58.892+0000] {processor.py:836} INFO - DAG(s) dict_keys(['example_xcom']) retrieved from /home/airflow/.local/lib/python3.7/site-packages/airflow/example_dags/example_xcom.py
[2023-08-14T02:49:58.912+0000] {logging_mixin.py:149} INFO - [2023-08-14T02:49:58.912+0000] {dag.py:2726} INFO - Sync 1 DAGs
[2023-08-14T02:49:58.928+0000] {logging_mixin.py:149} INFO - [2023-08-14T02:49:58.928+0000] {dag.py:3490} INFO - Setting next_dagrun for example_xcom to 2021-01-01T00:00:00+00:00, run_after=2021-01-01T00:00:00+00:00
[2023-08-14T02:49:58.943+0000] {processor.py:179} INFO - Processing /home/airflow/.local/lib/python3.7/site-packages/airflow/example_dags/example_xcom.py took 0.061 seconds
[2023-08-14T05:00:37.225+0000] {processor.py:157} INFO - Started process (PID=69539) to work on /home/airflow/.local/lib/python3.7/site-packages/airflow/example_dags/example_xcom.py
[2023-08-14T05:00:37.226+0000] {processor.py:826} INFO - Processing file /home/airflow/.local/lib/python3.7/site-packages/airflow/example_dags/example_xcom.py for tasks to queue
[2023-08-14T05:00:37.227+0000] {logging_mixin.py:149} INFO - [2023-08-14T05:00:37.227+0000] {dagbag.py:541} INFO - Filling up the DagBag from /home/airflow/.local/lib/python3.7/site-packages/airflow/example_dags/example_xcom.py
[2023-08-14T05:00:37.233+0000] {processor.py:836} INFO - DAG(s) dict_keys(['example_xcom']) retrieved from /home/airflow/.local/lib/python3.7/site-packages/airflow/example_dags/example_xcom.py
[2023-08-14T05:00:37.254+0000] {logging_mixin.py:149} INFO - [2023-08-14T05:00:37.254+0000] {dag.py:2726} INFO - Sync 1 DAGs
[2023-08-14T05:00:37.274+0000] {logging_mixin.py:149} INFO - [2023-08-14T05:00:37.274+0000] {dag.py:3490} INFO - Setting next_dagrun for example_xcom to 2021-01-01T00:00:00+00:00, run_after=2021-01-01T00:00:00+00:00
[2023-08-14T05:00:37.290+0000] {processor.py:179} INFO - Processing /home/airflow/.local/lib/python3.7/site-packages/airflow/example_dags/example_xcom.py took 0.069 seconds
[2023-08-14T07:02:35.587+0000] {processor.py:157} INFO - Started process (PID=69605) to work on /home/airflow/.local/lib/python3.7/site-packages/airflow/example_dags/example_xcom.py
[2023-08-14T07:02:35.588+0000] {processor.py:826} INFO - Processing file /home/airflow/.local/lib/python3.7/site-packages/airflow/example_dags/example_xcom.py for tasks to queue
[2023-08-14T07:02:35.589+0000] {logging_mixin.py:149} INFO - [2023-08-14T07:02:35.589+0000] {dagbag.py:541} INFO - Filling up the DagBag from /home/airflow/.local/lib/python3.7/site-packages/airflow/example_dags/example_xcom.py
[2023-08-14T07:02:35.596+0000] {processor.py:836} INFO - DAG(s) dict_keys(['example_xcom']) retrieved from /home/airflow/.local/lib/python3.7/site-packages/airflow/example_dags/example_xcom.py
[2023-08-14T07:02:35.619+0000] {logging_mixin.py:149} INFO - [2023-08-14T07:02:35.619+0000] {dag.py:2726} INFO - Sync 1 DAGs
[2023-08-14T07:02:35.635+0000] {logging_mixin.py:149} INFO - [2023-08-14T07:02:35.634+0000] {dag.py:3490} INFO - Setting next_dagrun for example_xcom to 2021-01-01T00:00:00+00:00, run_after=2021-01-01T00:00:00+00:00
[2023-08-14T07:02:35.645+0000] {processor.py:179} INFO - Processing /home/airflow/.local/lib/python3.7/site-packages/airflow/example_dags/example_xcom.py took 0.061 seconds
[2023-08-14T08:25:13.521+0000] {processor.py:157} INFO - Started process (PID=69671) to work on /home/airflow/.local/lib/python3.7/site-packages/airflow/example_dags/example_xcom.py
[2023-08-14T08:25:13.522+0000] {processor.py:826} INFO - Processing file /home/airflow/.local/lib/python3.7/site-packages/airflow/example_dags/example_xcom.py for tasks to queue
[2023-08-14T08:25:13.523+0000] {logging_mixin.py:149} INFO - [2023-08-14T08:25:13.522+0000] {dagbag.py:541} INFO - Filling up the DagBag from /home/airflow/.local/lib/python3.7/site-packages/airflow/example_dags/example_xcom.py
[2023-08-14T08:25:13.529+0000] {processor.py:836} INFO - DAG(s) dict_keys(['example_xcom']) retrieved from /home/airflow/.local/lib/python3.7/site-packages/airflow/example_dags/example_xcom.py
[2023-08-14T08:25:13.549+0000] {logging_mixin.py:149} INFO - [2023-08-14T08:25:13.549+0000] {dag.py:2726} INFO - Sync 1 DAGs
[2023-08-14T08:25:13.564+0000] {logging_mixin.py:149} INFO - [2023-08-14T08:25:13.564+0000] {dag.py:3490} INFO - Setting next_dagrun for example_xcom to 2021-01-01T00:00:00+00:00, run_after=2021-01-01T00:00:00+00:00
[2023-08-14T08:25:13.578+0000] {processor.py:179} INFO - Processing /home/airflow/.local/lib/python3.7/site-packages/airflow/example_dags/example_xcom.py took 0.060 seconds
[2023-08-14T08:25:46.911+0000] {processor.py:157} INFO - Started process (PID=69738) to work on /home/airflow/.local/lib/python3.7/site-packages/airflow/example_dags/example_xcom.py
[2023-08-14T08:25:46.912+0000] {processor.py:826} INFO - Processing file /home/airflow/.local/lib/python3.7/site-packages/airflow/example_dags/example_xcom.py for tasks to queue
[2023-08-14T08:25:46.913+0000] {logging_mixin.py:149} INFO - [2023-08-14T08:25:46.913+0000] {dagbag.py:541} INFO - Filling up the DagBag from /home/airflow/.local/lib/python3.7/site-packages/airflow/example_dags/example_xcom.py
[2023-08-14T08:25:46.919+0000] {processor.py:836} INFO - DAG(s) dict_keys(['example_xcom']) retrieved from /home/airflow/.local/lib/python3.7/site-packages/airflow/example_dags/example_xcom.py
[2023-08-14T08:25:46.940+0000] {logging_mixin.py:149} INFO - [2023-08-14T08:25:46.940+0000] {dag.py:2726} INFO - Sync 1 DAGs
[2023-08-14T08:25:46.957+0000] {logging_mixin.py:149} INFO - [2023-08-14T08:25:46.957+0000] {dag.py:3490} INFO - Setting next_dagrun for example_xcom to 2021-01-01T00:00:00+00:00, run_after=2021-01-01T00:00:00+00:00
[2023-08-14T08:25:46.968+0000] {processor.py:179} INFO - Processing /home/airflow/.local/lib/python3.7/site-packages/airflow/example_dags/example_xcom.py took 0.059 seconds
[2023-08-14T08:26:20.559+0000] {processor.py:157} INFO - Started process (PID=69804) to work on /home/airflow/.local/lib/python3.7/site-packages/airflow/example_dags/example_xcom.py
[2023-08-14T08:26:20.562+0000] {processor.py:826} INFO - Processing file /home/airflow/.local/lib/python3.7/site-packages/airflow/example_dags/example_xcom.py for tasks to queue
[2023-08-14T08:26:20.563+0000] {logging_mixin.py:149} INFO - [2023-08-14T08:26:20.563+0000] {dagbag.py:541} INFO - Filling up the DagBag from /home/airflow/.local/lib/python3.7/site-packages/airflow/example_dags/example_xcom.py
[2023-08-14T08:26:20.571+0000] {processor.py:836} INFO - DAG(s) dict_keys(['example_xcom']) retrieved from /home/airflow/.local/lib/python3.7/site-packages/airflow/example_dags/example_xcom.py
[2023-08-14T08:26:20.596+0000] {logging_mixin.py:149} INFO - [2023-08-14T08:26:20.596+0000] {dag.py:2726} INFO - Sync 1 DAGs
[2023-08-14T08:26:20.612+0000] {logging_mixin.py:149} INFO - [2023-08-14T08:26:20.612+0000] {dag.py:3490} INFO - Setting next_dagrun for example_xcom to 2021-01-01T00:00:00+00:00, run_after=2021-01-01T00:00:00+00:00
[2023-08-14T08:26:20.626+0000] {processor.py:179} INFO - Processing /home/airflow/.local/lib/python3.7/site-packages/airflow/example_dags/example_xcom.py took 0.071 seconds
[2023-08-14T08:26:54.755+0000] {processor.py:157} INFO - Started process (PID=69870) to work on /home/airflow/.local/lib/python3.7/site-packages/airflow/example_dags/example_xcom.py
[2023-08-14T08:26:54.756+0000] {processor.py:826} INFO - Processing file /home/airflow/.local/lib/python3.7/site-packages/airflow/example_dags/example_xcom.py for tasks to queue
[2023-08-14T08:26:54.757+0000] {logging_mixin.py:149} INFO - [2023-08-14T08:26:54.757+0000] {dagbag.py:541} INFO - Filling up the DagBag from /home/airflow/.local/lib/python3.7/site-packages/airflow/example_dags/example_xcom.py
[2023-08-14T08:26:54.771+0000] {processor.py:836} INFO - DAG(s) dict_keys(['example_xcom']) retrieved from /home/airflow/.local/lib/python3.7/site-packages/airflow/example_dags/example_xcom.py
[2023-08-14T08:26:54.793+0000] {logging_mixin.py:149} INFO - [2023-08-14T08:26:54.793+0000] {dag.py:2726} INFO - Sync 1 DAGs
[2023-08-14T08:26:54.810+0000] {logging_mixin.py:149} INFO - [2023-08-14T08:26:54.810+0000] {dag.py:3490} INFO - Setting next_dagrun for example_xcom to 2021-01-01T00:00:00+00:00, run_after=2021-01-01T00:00:00+00:00
[2023-08-14T08:26:54.821+0000] {processor.py:179} INFO - Processing /home/airflow/.local/lib/python3.7/site-packages/airflow/example_dags/example_xcom.py took 0.069 seconds
[2023-08-14T08:27:28.317+0000] {processor.py:157} INFO - Started process (PID=69937) to work on /home/airflow/.local/lib/python3.7/site-packages/airflow/example_dags/example_xcom.py
[2023-08-14T08:27:28.318+0000] {processor.py:826} INFO - Processing file /home/airflow/.local/lib/python3.7/site-packages/airflow/example_dags/example_xcom.py for tasks to queue
[2023-08-14T08:27:28.319+0000] {logging_mixin.py:149} INFO - [2023-08-14T08:27:28.319+0000] {dagbag.py:541} INFO - Filling up the DagBag from /home/airflow/.local/lib/python3.7/site-packages/airflow/example_dags/example_xcom.py
[2023-08-14T08:27:28.325+0000] {processor.py:836} INFO - DAG(s) dict_keys(['example_xcom']) retrieved from /home/airflow/.local/lib/python3.7/site-packages/airflow/example_dags/example_xcom.py
[2023-08-14T08:27:28.352+0000] {logging_mixin.py:149} INFO - [2023-08-14T08:27:28.352+0000] {dag.py:2726} INFO - Sync 1 DAGs
[2023-08-14T08:27:28.379+0000] {logging_mixin.py:149} INFO - [2023-08-14T08:27:28.379+0000] {dag.py:3490} INFO - Setting next_dagrun for example_xcom to 2021-01-01T00:00:00+00:00, run_after=2021-01-01T00:00:00+00:00
[2023-08-14T08:27:28.393+0000] {processor.py:179} INFO - Processing /home/airflow/.local/lib/python3.7/site-packages/airflow/example_dags/example_xcom.py took 0.079 seconds
[2023-08-14T08:27:58.511+0000] {processor.py:157} INFO - Started process (PID=69993) to work on /home/airflow/.local/lib/python3.7/site-packages/airflow/example_dags/example_xcom.py
[2023-08-14T08:27:58.512+0000] {processor.py:826} INFO - Processing file /home/airflow/.local/lib/python3.7/site-packages/airflow/example_dags/example_xcom.py for tasks to queue
[2023-08-14T08:27:58.513+0000] {logging_mixin.py:149} INFO - [2023-08-14T08:27:58.513+0000] {dagbag.py:541} INFO - Filling up the DagBag from /home/airflow/.local/lib/python3.7/site-packages/airflow/example_dags/example_xcom.py
[2023-08-14T08:27:58.519+0000] {processor.py:836} INFO - DAG(s) dict_keys(['example_xcom']) retrieved from /home/airflow/.local/lib/python3.7/site-packages/airflow/example_dags/example_xcom.py
[2023-08-14T08:27:58.539+0000] {logging_mixin.py:149} INFO - [2023-08-14T08:27:58.539+0000] {dag.py:2726} INFO - Sync 1 DAGs
[2023-08-14T08:27:58.555+0000] {logging_mixin.py:149} INFO - [2023-08-14T08:27:58.555+0000] {dag.py:3490} INFO - Setting next_dagrun for example_xcom to 2021-01-01T00:00:00+00:00, run_after=2021-01-01T00:00:00+00:00
[2023-08-14T08:27:58.566+0000] {processor.py:179} INFO - Processing /home/airflow/.local/lib/python3.7/site-packages/airflow/example_dags/example_xcom.py took 0.059 seconds
[2023-08-14T08:28:28.598+0000] {processor.py:157} INFO - Started process (PID=70057) to work on /home/airflow/.local/lib/python3.7/site-packages/airflow/example_dags/example_xcom.py
[2023-08-14T08:28:28.602+0000] {processor.py:826} INFO - Processing file /home/airflow/.local/lib/python3.7/site-packages/airflow/example_dags/example_xcom.py for tasks to queue
[2023-08-14T08:28:28.603+0000] {logging_mixin.py:149} INFO - [2023-08-14T08:28:28.603+0000] {dagbag.py:541} INFO - Filling up the DagBag from /home/airflow/.local/lib/python3.7/site-packages/airflow/example_dags/example_xcom.py
[2023-08-14T08:28:28.614+0000] {processor.py:836} INFO - DAG(s) dict_keys(['example_xcom']) retrieved from /home/airflow/.local/lib/python3.7/site-packages/airflow/example_dags/example_xcom.py
[2023-08-14T08:28:28.639+0000] {logging_mixin.py:149} INFO - [2023-08-14T08:28:28.639+0000] {dag.py:2726} INFO - Sync 1 DAGs
[2023-08-14T08:28:28.655+0000] {logging_mixin.py:149} INFO - [2023-08-14T08:28:28.655+0000] {dag.py:3490} INFO - Setting next_dagrun for example_xcom to 2021-01-01T00:00:00+00:00, run_after=2021-01-01T00:00:00+00:00
[2023-08-14T08:28:28.666+0000] {processor.py:179} INFO - Processing /home/airflow/.local/lib/python3.7/site-packages/airflow/example_dags/example_xcom.py took 0.070 seconds
[2023-08-14T10:03:27.830+0000] {processor.py:157} INFO - Started process (PID=70135) to work on /home/airflow/.local/lib/python3.7/site-packages/airflow/example_dags/example_xcom.py
[2023-08-14T10:03:27.832+0000] {processor.py:826} INFO - Processing file /home/airflow/.local/lib/python3.7/site-packages/airflow/example_dags/example_xcom.py for tasks to queue
[2023-08-14T10:03:27.832+0000] {logging_mixin.py:149} INFO - [2023-08-14T10:03:27.832+0000] {dagbag.py:541} INFO - Filling up the DagBag from /home/airflow/.local/lib/python3.7/site-packages/airflow/example_dags/example_xcom.py
[2023-08-14T10:03:27.839+0000] {processor.py:836} INFO - DAG(s) dict_keys(['example_xcom']) retrieved from /home/airflow/.local/lib/python3.7/site-packages/airflow/example_dags/example_xcom.py
[2023-08-14T10:03:27.860+0000] {logging_mixin.py:149} INFO - [2023-08-14T10:03:27.860+0000] {dag.py:2726} INFO - Sync 1 DAGs
[2023-08-14T10:03:27.876+0000] {logging_mixin.py:149} INFO - [2023-08-14T10:03:27.876+0000] {dag.py:3490} INFO - Setting next_dagrun for example_xcom to 2021-01-01T00:00:00+00:00, run_after=2021-01-01T00:00:00+00:00
[2023-08-14T10:03:27.887+0000] {processor.py:179} INFO - Processing /home/airflow/.local/lib/python3.7/site-packages/airflow/example_dags/example_xcom.py took 0.060 seconds
[2023-08-14T10:36:52.681+0000] {processor.py:157} INFO - Started process (PID=70201) to work on /home/airflow/.local/lib/python3.7/site-packages/airflow/example_dags/example_xcom.py
[2023-08-14T10:36:52.682+0000] {processor.py:826} INFO - Processing file /home/airflow/.local/lib/python3.7/site-packages/airflow/example_dags/example_xcom.py for tasks to queue
[2023-08-14T10:36:52.682+0000] {logging_mixin.py:149} INFO - [2023-08-14T10:36:52.682+0000] {dagbag.py:541} INFO - Filling up the DagBag from /home/airflow/.local/lib/python3.7/site-packages/airflow/example_dags/example_xcom.py
[2023-08-14T10:36:52.693+0000] {processor.py:836} INFO - DAG(s) dict_keys(['example_xcom']) retrieved from /home/airflow/.local/lib/python3.7/site-packages/airflow/example_dags/example_xcom.py
[2023-08-14T10:36:52.722+0000] {logging_mixin.py:149} INFO - [2023-08-14T10:36:52.722+0000] {dag.py:2726} INFO - Sync 1 DAGs
[2023-08-14T10:36:52.739+0000] {logging_mixin.py:149} INFO - [2023-08-14T10:36:52.739+0000] {dag.py:3490} INFO - Setting next_dagrun for example_xcom to 2021-01-01T00:00:00+00:00, run_after=2021-01-01T00:00:00+00:00
[2023-08-14T10:36:52.756+0000] {processor.py:179} INFO - Processing /home/airflow/.local/lib/python3.7/site-packages/airflow/example_dags/example_xcom.py took 0.078 seconds
[2023-08-14T13:13:52.189+0000] {processor.py:157} INFO - Started process (PID=70267) to work on /home/airflow/.local/lib/python3.7/site-packages/airflow/example_dags/example_xcom.py
[2023-08-14T13:13:52.191+0000] {processor.py:826} INFO - Processing file /home/airflow/.local/lib/python3.7/site-packages/airflow/example_dags/example_xcom.py for tasks to queue
[2023-08-14T13:13:52.194+0000] {logging_mixin.py:149} INFO - [2023-08-14T13:13:52.194+0000] {dagbag.py:541} INFO - Filling up the DagBag from /home/airflow/.local/lib/python3.7/site-packages/airflow/example_dags/example_xcom.py
[2023-08-14T13:13:52.200+0000] {processor.py:836} INFO - DAG(s) dict_keys(['example_xcom']) retrieved from /home/airflow/.local/lib/python3.7/site-packages/airflow/example_dags/example_xcom.py
[2023-08-14T13:13:52.223+0000] {logging_mixin.py:149} INFO - [2023-08-14T13:13:52.223+0000] {dag.py:2726} INFO - Sync 1 DAGs
[2023-08-14T13:13:52.244+0000] {logging_mixin.py:149} INFO - [2023-08-14T13:13:52.244+0000] {dag.py:3490} INFO - Setting next_dagrun for example_xcom to 2021-01-01T00:00:00+00:00, run_after=2021-01-01T00:00:00+00:00
[2023-08-14T13:13:52.266+0000] {processor.py:179} INFO - Processing /home/airflow/.local/lib/python3.7/site-packages/airflow/example_dags/example_xcom.py took 0.081 seconds
[2023-08-14T14:29:05.118+0000] {processor.py:157} INFO - Started process (PID=70332) to work on /home/airflow/.local/lib/python3.7/site-packages/airflow/example_dags/example_xcom.py
[2023-08-14T14:29:05.119+0000] {processor.py:826} INFO - Processing file /home/airflow/.local/lib/python3.7/site-packages/airflow/example_dags/example_xcom.py for tasks to queue
[2023-08-14T14:29:05.120+0000] {logging_mixin.py:149} INFO - [2023-08-14T14:29:05.120+0000] {dagbag.py:541} INFO - Filling up the DagBag from /home/airflow/.local/lib/python3.7/site-packages/airflow/example_dags/example_xcom.py
[2023-08-14T14:29:05.126+0000] {processor.py:836} INFO - DAG(s) dict_keys(['example_xcom']) retrieved from /home/airflow/.local/lib/python3.7/site-packages/airflow/example_dags/example_xcom.py
[2023-08-14T14:29:05.146+0000] {logging_mixin.py:149} INFO - [2023-08-14T14:29:05.146+0000] {dag.py:2726} INFO - Sync 1 DAGs
[2023-08-14T14:29:05.162+0000] {logging_mixin.py:149} INFO - [2023-08-14T14:29:05.162+0000] {dag.py:3490} INFO - Setting next_dagrun for example_xcom to 2021-01-01T00:00:00+00:00, run_after=2021-01-01T00:00:00+00:00
[2023-08-14T14:29:05.176+0000] {processor.py:179} INFO - Processing /home/airflow/.local/lib/python3.7/site-packages/airflow/example_dags/example_xcom.py took 0.061 seconds
[2023-08-14T17:05:44.166+0000] {processor.py:157} INFO - Started process (PID=70398) to work on /home/airflow/.local/lib/python3.7/site-packages/airflow/example_dags/example_xcom.py
[2023-08-14T17:05:44.171+0000] {processor.py:826} INFO - Processing file /home/airflow/.local/lib/python3.7/site-packages/airflow/example_dags/example_xcom.py for tasks to queue
[2023-08-14T17:05:44.172+0000] {logging_mixin.py:149} INFO - [2023-08-14T17:05:44.171+0000] {dagbag.py:541} INFO - Filling up the DagBag from /home/airflow/.local/lib/python3.7/site-packages/airflow/example_dags/example_xcom.py
[2023-08-14T17:05:44.178+0000] {processor.py:836} INFO - DAG(s) dict_keys(['example_xcom']) retrieved from /home/airflow/.local/lib/python3.7/site-packages/airflow/example_dags/example_xcom.py
[2023-08-14T17:05:44.201+0000] {logging_mixin.py:149} INFO - [2023-08-14T17:05:44.201+0000] {dag.py:2726} INFO - Sync 1 DAGs
[2023-08-14T17:05:44.220+0000] {logging_mixin.py:149} INFO - [2023-08-14T17:05:44.220+0000] {dag.py:3490} INFO - Setting next_dagrun for example_xcom to 2021-01-01T00:00:00+00:00, run_after=2021-01-01T00:00:00+00:00
[2023-08-14T17:05:44.231+0000] {processor.py:179} INFO - Processing /home/airflow/.local/lib/python3.7/site-packages/airflow/example_dags/example_xcom.py took 0.068 seconds
[2023-08-14T18:49:15.684+0000] {processor.py:157} INFO - Started process (PID=70464) to work on /home/airflow/.local/lib/python3.7/site-packages/airflow/example_dags/example_xcom.py
[2023-08-14T18:49:15.686+0000] {processor.py:826} INFO - Processing file /home/airflow/.local/lib/python3.7/site-packages/airflow/example_dags/example_xcom.py for tasks to queue
[2023-08-14T18:49:15.687+0000] {logging_mixin.py:149} INFO - [2023-08-14T18:49:15.687+0000] {dagbag.py:541} INFO - Filling up the DagBag from /home/airflow/.local/lib/python3.7/site-packages/airflow/example_dags/example_xcom.py
[2023-08-14T18:49:15.694+0000] {processor.py:836} INFO - DAG(s) dict_keys(['example_xcom']) retrieved from /home/airflow/.local/lib/python3.7/site-packages/airflow/example_dags/example_xcom.py
[2023-08-14T18:49:15.715+0000] {logging_mixin.py:149} INFO - [2023-08-14T18:49:15.715+0000] {dag.py:2726} INFO - Sync 1 DAGs
[2023-08-14T18:49:15.736+0000] {logging_mixin.py:149} INFO - [2023-08-14T18:49:15.736+0000] {dag.py:3490} INFO - Setting next_dagrun for example_xcom to 2021-01-01T00:00:00+00:00, run_after=2021-01-01T00:00:00+00:00
[2023-08-14T18:49:15.748+0000] {processor.py:179} INFO - Processing /home/airflow/.local/lib/python3.7/site-packages/airflow/example_dags/example_xcom.py took 0.067 seconds
[2023-08-14T22:24:45.248+0000] {processor.py:157} INFO - Started process (PID=70530) to work on /home/airflow/.local/lib/python3.7/site-packages/airflow/example_dags/example_xcom.py
[2023-08-14T22:24:45.249+0000] {processor.py:826} INFO - Processing file /home/airflow/.local/lib/python3.7/site-packages/airflow/example_dags/example_xcom.py for tasks to queue
[2023-08-14T22:24:45.250+0000] {logging_mixin.py:149} INFO - [2023-08-14T22:24:45.250+0000] {dagbag.py:541} INFO - Filling up the DagBag from /home/airflow/.local/lib/python3.7/site-packages/airflow/example_dags/example_xcom.py
[2023-08-14T22:24:45.257+0000] {processor.py:836} INFO - DAG(s) dict_keys(['example_xcom']) retrieved from /home/airflow/.local/lib/python3.7/site-packages/airflow/example_dags/example_xcom.py
[2023-08-14T22:24:45.282+0000] {logging_mixin.py:149} INFO - [2023-08-14T22:24:45.282+0000] {dag.py:2726} INFO - Sync 1 DAGs
[2023-08-14T22:24:45.297+0000] {logging_mixin.py:149} INFO - [2023-08-14T22:24:45.297+0000] {dag.py:3490} INFO - Setting next_dagrun for example_xcom to 2021-01-01T00:00:00+00:00, run_after=2021-01-01T00:00:00+00:00
[2023-08-14T22:24:45.310+0000] {processor.py:179} INFO - Processing /home/airflow/.local/lib/python3.7/site-packages/airflow/example_dags/example_xcom.py took 0.065 seconds
