[2023-08-14T02:49:59.147+0000] {processor.py:157} INFO - Started process (PID=69477) to work on /home/airflow/.local/lib/python3.7/site-packages/airflow/example_dags/example_short_circuit_operator.py
[2023-08-14T02:49:59.148+0000] {processor.py:826} INFO - Processing file /home/airflow/.local/lib/python3.7/site-packages/airflow/example_dags/example_short_circuit_operator.py for tasks to queue
[2023-08-14T02:49:59.149+0000] {logging_mixin.py:149} INFO - [2023-08-14T02:49:59.149+0000] {dagbag.py:541} INFO - Filling up the DagBag from /home/airflow/.local/lib/python3.7/site-packages/airflow/example_dags/example_short_circuit_operator.py
[2023-08-14T02:49:59.159+0000] {processor.py:836} INFO - DAG(s) dict_keys(['example_short_circuit_operator']) retrieved from /home/airflow/.local/lib/python3.7/site-packages/airflow/example_dags/example_short_circuit_operator.py
[2023-08-14T02:49:59.181+0000] {logging_mixin.py:149} INFO - [2023-08-14T02:49:59.181+0000] {dag.py:2726} INFO - Sync 1 DAGs
[2023-08-14T02:49:59.198+0000] {logging_mixin.py:149} INFO - [2023-08-14T02:49:59.198+0000] {dag.py:3490} INFO - Setting next_dagrun for example_short_circuit_operator to 2023-08-13T02:49:59.198395+00:00, run_after=2023-08-14T02:49:59.198395+00:00
[2023-08-14T02:49:59.209+0000] {processor.py:179} INFO - Processing /home/airflow/.local/lib/python3.7/site-packages/airflow/example_dags/example_short_circuit_operator.py took 0.066 seconds
[2023-08-14T05:00:37.437+0000] {processor.py:157} INFO - Started process (PID=69543) to work on /home/airflow/.local/lib/python3.7/site-packages/airflow/example_dags/example_short_circuit_operator.py
[2023-08-14T05:00:37.438+0000] {processor.py:826} INFO - Processing file /home/airflow/.local/lib/python3.7/site-packages/airflow/example_dags/example_short_circuit_operator.py for tasks to queue
[2023-08-14T05:00:37.438+0000] {logging_mixin.py:149} INFO - [2023-08-14T05:00:37.438+0000] {dagbag.py:541} INFO - Filling up the DagBag from /home/airflow/.local/lib/python3.7/site-packages/airflow/example_dags/example_short_circuit_operator.py
[2023-08-14T05:00:37.445+0000] {processor.py:836} INFO - DAG(s) dict_keys(['example_short_circuit_operator']) retrieved from /home/airflow/.local/lib/python3.7/site-packages/airflow/example_dags/example_short_circuit_operator.py
[2023-08-14T05:00:37.466+0000] {logging_mixin.py:149} INFO - [2023-08-14T05:00:37.466+0000] {dag.py:2726} INFO - Sync 1 DAGs
[2023-08-14T05:00:37.482+0000] {logging_mixin.py:149} INFO - [2023-08-14T05:00:37.482+0000] {dag.py:3490} INFO - Setting next_dagrun for example_short_circuit_operator to 2023-08-13T05:00:37.482606+00:00, run_after=2023-08-14T05:00:37.482606+00:00
[2023-08-14T05:00:37.503+0000] {processor.py:179} INFO - Processing /home/airflow/.local/lib/python3.7/site-packages/airflow/example_dags/example_short_circuit_operator.py took 0.069 seconds
[2023-08-14T07:02:35.802+0000] {processor.py:157} INFO - Started process (PID=69609) to work on /home/airflow/.local/lib/python3.7/site-packages/airflow/example_dags/example_short_circuit_operator.py
[2023-08-14T07:02:35.803+0000] {processor.py:826} INFO - Processing file /home/airflow/.local/lib/python3.7/site-packages/airflow/example_dags/example_short_circuit_operator.py for tasks to queue
[2023-08-14T07:02:35.804+0000] {logging_mixin.py:149} INFO - [2023-08-14T07:02:35.803+0000] {dagbag.py:541} INFO - Filling up the DagBag from /home/airflow/.local/lib/python3.7/site-packages/airflow/example_dags/example_short_circuit_operator.py
[2023-08-14T07:02:35.809+0000] {processor.py:836} INFO - DAG(s) dict_keys(['example_short_circuit_operator']) retrieved from /home/airflow/.local/lib/python3.7/site-packages/airflow/example_dags/example_short_circuit_operator.py
[2023-08-14T07:02:35.834+0000] {logging_mixin.py:149} INFO - [2023-08-14T07:02:35.834+0000] {dag.py:2726} INFO - Sync 1 DAGs
[2023-08-14T07:02:35.851+0000] {logging_mixin.py:149} INFO - [2023-08-14T07:02:35.851+0000] {dag.py:3490} INFO - Setting next_dagrun for example_short_circuit_operator to 2023-08-13T07:02:35.851492+00:00, run_after=2023-08-14T07:02:35.851492+00:00
[2023-08-14T07:02:35.863+0000] {processor.py:179} INFO - Processing /home/airflow/.local/lib/python3.7/site-packages/airflow/example_dags/example_short_circuit_operator.py took 0.063 seconds
[2023-08-14T08:25:13.754+0000] {processor.py:157} INFO - Started process (PID=69675) to work on /home/airflow/.local/lib/python3.7/site-packages/airflow/example_dags/example_short_circuit_operator.py
[2023-08-14T08:25:13.755+0000] {processor.py:826} INFO - Processing file /home/airflow/.local/lib/python3.7/site-packages/airflow/example_dags/example_short_circuit_operator.py for tasks to queue
[2023-08-14T08:25:13.756+0000] {logging_mixin.py:149} INFO - [2023-08-14T08:25:13.756+0000] {dagbag.py:541} INFO - Filling up the DagBag from /home/airflow/.local/lib/python3.7/site-packages/airflow/example_dags/example_short_circuit_operator.py
[2023-08-14T08:25:13.763+0000] {processor.py:836} INFO - DAG(s) dict_keys(['example_short_circuit_operator']) retrieved from /home/airflow/.local/lib/python3.7/site-packages/airflow/example_dags/example_short_circuit_operator.py
[2023-08-14T08:25:13.785+0000] {logging_mixin.py:149} INFO - [2023-08-14T08:25:13.785+0000] {dag.py:2726} INFO - Sync 1 DAGs
[2023-08-14T08:25:13.803+0000] {logging_mixin.py:149} INFO - [2023-08-14T08:25:13.803+0000] {dag.py:3490} INFO - Setting next_dagrun for example_short_circuit_operator to 2023-08-13T08:25:13.803018+00:00, run_after=2023-08-14T08:25:13.803018+00:00
[2023-08-14T08:25:13.815+0000] {processor.py:179} INFO - Processing /home/airflow/.local/lib/python3.7/site-packages/airflow/example_dags/example_short_circuit_operator.py took 0.064 seconds
[2023-08-14T08:25:47.116+0000] {processor.py:157} INFO - Started process (PID=69742) to work on /home/airflow/.local/lib/python3.7/site-packages/airflow/example_dags/example_short_circuit_operator.py
[2023-08-14T08:25:47.117+0000] {processor.py:826} INFO - Processing file /home/airflow/.local/lib/python3.7/site-packages/airflow/example_dags/example_short_circuit_operator.py for tasks to queue
[2023-08-14T08:25:47.118+0000] {logging_mixin.py:149} INFO - [2023-08-14T08:25:47.118+0000] {dagbag.py:541} INFO - Filling up the DagBag from /home/airflow/.local/lib/python3.7/site-packages/airflow/example_dags/example_short_circuit_operator.py
[2023-08-14T08:25:47.133+0000] {processor.py:836} INFO - DAG(s) dict_keys(['example_short_circuit_operator']) retrieved from /home/airflow/.local/lib/python3.7/site-packages/airflow/example_dags/example_short_circuit_operator.py
[2023-08-14T08:25:47.157+0000] {logging_mixin.py:149} INFO - [2023-08-14T08:25:47.157+0000] {dag.py:2726} INFO - Sync 1 DAGs
[2023-08-14T08:25:47.173+0000] {logging_mixin.py:149} INFO - [2023-08-14T08:25:47.173+0000] {dag.py:3490} INFO - Setting next_dagrun for example_short_circuit_operator to 2023-08-13T08:25:47.173408+00:00, run_after=2023-08-14T08:25:47.173408+00:00
[2023-08-14T08:25:47.184+0000] {processor.py:179} INFO - Processing /home/airflow/.local/lib/python3.7/site-packages/airflow/example_dags/example_short_circuit_operator.py took 0.074 seconds
[2023-08-14T08:26:20.802+0000] {processor.py:157} INFO - Started process (PID=69808) to work on /home/airflow/.local/lib/python3.7/site-packages/airflow/example_dags/example_short_circuit_operator.py
[2023-08-14T08:26:20.803+0000] {processor.py:826} INFO - Processing file /home/airflow/.local/lib/python3.7/site-packages/airflow/example_dags/example_short_circuit_operator.py for tasks to queue
[2023-08-14T08:26:20.804+0000] {logging_mixin.py:149} INFO - [2023-08-14T08:26:20.804+0000] {dagbag.py:541} INFO - Filling up the DagBag from /home/airflow/.local/lib/python3.7/site-packages/airflow/example_dags/example_short_circuit_operator.py
[2023-08-14T08:26:20.811+0000] {processor.py:836} INFO - DAG(s) dict_keys(['example_short_circuit_operator']) retrieved from /home/airflow/.local/lib/python3.7/site-packages/airflow/example_dags/example_short_circuit_operator.py
[2023-08-14T08:26:20.844+0000] {logging_mixin.py:149} INFO - [2023-08-14T08:26:20.844+0000] {dag.py:2726} INFO - Sync 1 DAGs
[2023-08-14T08:26:20.860+0000] {logging_mixin.py:149} INFO - [2023-08-14T08:26:20.860+0000] {dag.py:3490} INFO - Setting next_dagrun for example_short_circuit_operator to 2023-08-13T08:26:20.860517+00:00, run_after=2023-08-14T08:26:20.860517+00:00
[2023-08-14T08:26:20.876+0000] {processor.py:179} INFO - Processing /home/airflow/.local/lib/python3.7/site-packages/airflow/example_dags/example_short_circuit_operator.py took 0.076 seconds
[2023-08-14T08:26:54.960+0000] {processor.py:157} INFO - Started process (PID=69874) to work on /home/airflow/.local/lib/python3.7/site-packages/airflow/example_dags/example_short_circuit_operator.py
[2023-08-14T08:26:54.963+0000] {processor.py:826} INFO - Processing file /home/airflow/.local/lib/python3.7/site-packages/airflow/example_dags/example_short_circuit_operator.py for tasks to queue
[2023-08-14T08:26:54.965+0000] {logging_mixin.py:149} INFO - [2023-08-14T08:26:54.965+0000] {dagbag.py:541} INFO - Filling up the DagBag from /home/airflow/.local/lib/python3.7/site-packages/airflow/example_dags/example_short_circuit_operator.py
[2023-08-14T08:26:54.971+0000] {processor.py:836} INFO - DAG(s) dict_keys(['example_short_circuit_operator']) retrieved from /home/airflow/.local/lib/python3.7/site-packages/airflow/example_dags/example_short_circuit_operator.py
[2023-08-14T08:26:54.993+0000] {logging_mixin.py:149} INFO - [2023-08-14T08:26:54.993+0000] {dag.py:2726} INFO - Sync 1 DAGs
[2023-08-14T08:26:55.010+0000] {logging_mixin.py:149} INFO - [2023-08-14T08:26:55.010+0000] {dag.py:3490} INFO - Setting next_dagrun for example_short_circuit_operator to 2023-08-13T08:26:55.009919+00:00, run_after=2023-08-14T08:26:55.009919+00:00
[2023-08-14T08:26:55.026+0000] {processor.py:179} INFO - Processing /home/airflow/.local/lib/python3.7/site-packages/airflow/example_dags/example_short_circuit_operator.py took 0.068 seconds
[2023-08-14T08:27:28.704+0000] {processor.py:157} INFO - Started process (PID=69941) to work on /home/airflow/.local/lib/python3.7/site-packages/airflow/example_dags/example_short_circuit_operator.py
[2023-08-14T08:27:28.705+0000] {processor.py:826} INFO - Processing file /home/airflow/.local/lib/python3.7/site-packages/airflow/example_dags/example_short_circuit_operator.py for tasks to queue
[2023-08-14T08:27:28.706+0000] {logging_mixin.py:149} INFO - [2023-08-14T08:27:28.706+0000] {dagbag.py:541} INFO - Filling up the DagBag from /home/airflow/.local/lib/python3.7/site-packages/airflow/example_dags/example_short_circuit_operator.py
[2023-08-14T08:27:28.713+0000] {processor.py:836} INFO - DAG(s) dict_keys(['example_short_circuit_operator']) retrieved from /home/airflow/.local/lib/python3.7/site-packages/airflow/example_dags/example_short_circuit_operator.py
[2023-08-14T08:27:28.734+0000] {logging_mixin.py:149} INFO - [2023-08-14T08:27:28.734+0000] {dag.py:2726} INFO - Sync 1 DAGs
[2023-08-14T08:27:28.750+0000] {logging_mixin.py:149} INFO - [2023-08-14T08:27:28.750+0000] {dag.py:3490} INFO - Setting next_dagrun for example_short_circuit_operator to 2023-08-13T08:27:28.750082+00:00, run_after=2023-08-14T08:27:28.750082+00:00
[2023-08-14T08:27:28.769+0000] {processor.py:179} INFO - Processing /home/airflow/.local/lib/python3.7/site-packages/airflow/example_dags/example_short_circuit_operator.py took 0.068 seconds
[2023-08-14T08:28:01.772+0000] {processor.py:157} INFO - Started process (PID=70007) to work on /home/airflow/.local/lib/python3.7/site-packages/airflow/example_dags/example_short_circuit_operator.py
[2023-08-14T08:28:01.773+0000] {processor.py:826} INFO - Processing file /home/airflow/.local/lib/python3.7/site-packages/airflow/example_dags/example_short_circuit_operator.py for tasks to queue
[2023-08-14T08:28:01.774+0000] {logging_mixin.py:149} INFO - [2023-08-14T08:28:01.774+0000] {dagbag.py:541} INFO - Filling up the DagBag from /home/airflow/.local/lib/python3.7/site-packages/airflow/example_dags/example_short_circuit_operator.py
[2023-08-14T08:28:01.781+0000] {processor.py:836} INFO - DAG(s) dict_keys(['example_short_circuit_operator']) retrieved from /home/airflow/.local/lib/python3.7/site-packages/airflow/example_dags/example_short_circuit_operator.py
[2023-08-14T08:28:01.803+0000] {logging_mixin.py:149} INFO - [2023-08-14T08:28:01.802+0000] {dag.py:2726} INFO - Sync 1 DAGs
[2023-08-14T08:28:01.819+0000] {logging_mixin.py:149} INFO - [2023-08-14T08:28:01.819+0000] {dag.py:3490} INFO - Setting next_dagrun for example_short_circuit_operator to 2023-08-13T08:28:01.818850+00:00, run_after=2023-08-14T08:28:01.818850+00:00
[2023-08-14T08:28:01.830+0000] {processor.py:179} INFO - Processing /home/airflow/.local/lib/python3.7/site-packages/airflow/example_dags/example_short_circuit_operator.py took 0.061 seconds
[2023-08-14T08:28:35.193+0000] {processor.py:157} INFO - Started process (PID=70073) to work on /home/airflow/.local/lib/python3.7/site-packages/airflow/example_dags/example_short_circuit_operator.py
[2023-08-14T08:28:35.194+0000] {processor.py:826} INFO - Processing file /home/airflow/.local/lib/python3.7/site-packages/airflow/example_dags/example_short_circuit_operator.py for tasks to queue
[2023-08-14T08:28:35.195+0000] {logging_mixin.py:149} INFO - [2023-08-14T08:28:35.195+0000] {dagbag.py:541} INFO - Filling up the DagBag from /home/airflow/.local/lib/python3.7/site-packages/airflow/example_dags/example_short_circuit_operator.py
[2023-08-14T08:28:35.203+0000] {processor.py:836} INFO - DAG(s) dict_keys(['example_short_circuit_operator']) retrieved from /home/airflow/.local/lib/python3.7/site-packages/airflow/example_dags/example_short_circuit_operator.py
[2023-08-14T08:28:35.227+0000] {logging_mixin.py:149} INFO - [2023-08-14T08:28:35.227+0000] {dag.py:2726} INFO - Sync 1 DAGs
[2023-08-14T08:28:35.245+0000] {logging_mixin.py:149} INFO - [2023-08-14T08:28:35.245+0000] {dag.py:3490} INFO - Setting next_dagrun for example_short_circuit_operator to 2023-08-13T08:28:35.245603+00:00, run_after=2023-08-14T08:28:35.245603+00:00
[2023-08-14T08:28:35.259+0000] {processor.py:179} INFO - Processing /home/airflow/.local/lib/python3.7/site-packages/airflow/example_dags/example_short_circuit_operator.py took 0.069 seconds
[2023-08-14T10:03:28.059+0000] {processor.py:157} INFO - Started process (PID=70139) to work on /home/airflow/.local/lib/python3.7/site-packages/airflow/example_dags/example_short_circuit_operator.py
[2023-08-14T10:03:28.060+0000] {processor.py:826} INFO - Processing file /home/airflow/.local/lib/python3.7/site-packages/airflow/example_dags/example_short_circuit_operator.py for tasks to queue
[2023-08-14T10:03:28.061+0000] {logging_mixin.py:149} INFO - [2023-08-14T10:03:28.060+0000] {dagbag.py:541} INFO - Filling up the DagBag from /home/airflow/.local/lib/python3.7/site-packages/airflow/example_dags/example_short_circuit_operator.py
[2023-08-14T10:03:28.067+0000] {processor.py:836} INFO - DAG(s) dict_keys(['example_short_circuit_operator']) retrieved from /home/airflow/.local/lib/python3.7/site-packages/airflow/example_dags/example_short_circuit_operator.py
[2023-08-14T10:03:28.088+0000] {logging_mixin.py:149} INFO - [2023-08-14T10:03:28.088+0000] {dag.py:2726} INFO - Sync 1 DAGs
[2023-08-14T10:03:28.104+0000] {logging_mixin.py:149} INFO - [2023-08-14T10:03:28.104+0000] {dag.py:3490} INFO - Setting next_dagrun for example_short_circuit_operator to 2023-08-13T10:03:28.104086+00:00, run_after=2023-08-14T10:03:28.104086+00:00
[2023-08-14T10:03:28.115+0000] {processor.py:179} INFO - Processing /home/airflow/.local/lib/python3.7/site-packages/airflow/example_dags/example_short_circuit_operator.py took 0.058 seconds
[2023-08-14T10:36:52.939+0000] {processor.py:157} INFO - Started process (PID=70205) to work on /home/airflow/.local/lib/python3.7/site-packages/airflow/example_dags/example_short_circuit_operator.py
[2023-08-14T10:36:52.940+0000] {processor.py:826} INFO - Processing file /home/airflow/.local/lib/python3.7/site-packages/airflow/example_dags/example_short_circuit_operator.py for tasks to queue
[2023-08-14T10:36:52.941+0000] {logging_mixin.py:149} INFO - [2023-08-14T10:36:52.941+0000] {dagbag.py:541} INFO - Filling up the DagBag from /home/airflow/.local/lib/python3.7/site-packages/airflow/example_dags/example_short_circuit_operator.py
[2023-08-14T10:36:52.948+0000] {processor.py:836} INFO - DAG(s) dict_keys(['example_short_circuit_operator']) retrieved from /home/airflow/.local/lib/python3.7/site-packages/airflow/example_dags/example_short_circuit_operator.py
[2023-08-14T10:36:52.971+0000] {logging_mixin.py:149} INFO - [2023-08-14T10:36:52.970+0000] {dag.py:2726} INFO - Sync 1 DAGs
[2023-08-14T10:36:52.992+0000] {logging_mixin.py:149} INFO - [2023-08-14T10:36:52.992+0000] {dag.py:3490} INFO - Setting next_dagrun for example_short_circuit_operator to 2023-08-13T10:36:52.992256+00:00, run_after=2023-08-14T10:36:52.992256+00:00
[2023-08-14T10:36:53.006+0000] {processor.py:179} INFO - Processing /home/airflow/.local/lib/python3.7/site-packages/airflow/example_dags/example_short_circuit_operator.py took 0.070 seconds
[2023-08-14T13:13:52.408+0000] {processor.py:157} INFO - Started process (PID=70271) to work on /home/airflow/.local/lib/python3.7/site-packages/airflow/example_dags/example_short_circuit_operator.py
[2023-08-14T13:13:52.409+0000] {processor.py:826} INFO - Processing file /home/airflow/.local/lib/python3.7/site-packages/airflow/example_dags/example_short_circuit_operator.py for tasks to queue
[2023-08-14T13:13:52.410+0000] {logging_mixin.py:149} INFO - [2023-08-14T13:13:52.410+0000] {dagbag.py:541} INFO - Filling up the DagBag from /home/airflow/.local/lib/python3.7/site-packages/airflow/example_dags/example_short_circuit_operator.py
[2023-08-14T13:13:52.418+0000] {processor.py:836} INFO - DAG(s) dict_keys(['example_short_circuit_operator']) retrieved from /home/airflow/.local/lib/python3.7/site-packages/airflow/example_dags/example_short_circuit_operator.py
[2023-08-14T13:13:52.439+0000] {logging_mixin.py:149} INFO - [2023-08-14T13:13:52.439+0000] {dag.py:2726} INFO - Sync 1 DAGs
[2023-08-14T13:13:52.463+0000] {logging_mixin.py:149} INFO - [2023-08-14T13:13:52.463+0000] {dag.py:3490} INFO - Setting next_dagrun for example_short_circuit_operator to 2023-08-13T13:13:52.462780+00:00, run_after=2023-08-14T13:13:52.462780+00:00
[2023-08-14T13:13:52.473+0000] {processor.py:179} INFO - Processing /home/airflow/.local/lib/python3.7/site-packages/airflow/example_dags/example_short_circuit_operator.py took 0.068 seconds
[2023-08-14T14:29:05.337+0000] {processor.py:157} INFO - Started process (PID=70336) to work on /home/airflow/.local/lib/python3.7/site-packages/airflow/example_dags/example_short_circuit_operator.py
[2023-08-14T14:29:05.338+0000] {processor.py:826} INFO - Processing file /home/airflow/.local/lib/python3.7/site-packages/airflow/example_dags/example_short_circuit_operator.py for tasks to queue
[2023-08-14T14:29:05.339+0000] {logging_mixin.py:149} INFO - [2023-08-14T14:29:05.339+0000] {dagbag.py:541} INFO - Filling up the DagBag from /home/airflow/.local/lib/python3.7/site-packages/airflow/example_dags/example_short_circuit_operator.py
[2023-08-14T14:29:05.349+0000] {processor.py:836} INFO - DAG(s) dict_keys(['example_short_circuit_operator']) retrieved from /home/airflow/.local/lib/python3.7/site-packages/airflow/example_dags/example_short_circuit_operator.py
[2023-08-14T14:29:05.372+0000] {logging_mixin.py:149} INFO - [2023-08-14T14:29:05.372+0000] {dag.py:2726} INFO - Sync 1 DAGs
[2023-08-14T14:29:05.388+0000] {logging_mixin.py:149} INFO - [2023-08-14T14:29:05.388+0000] {dag.py:3490} INFO - Setting next_dagrun for example_short_circuit_operator to 2023-08-13T14:29:05.388112+00:00, run_after=2023-08-14T14:29:05.388112+00:00
[2023-08-14T14:29:05.404+0000] {processor.py:179} INFO - Processing /home/airflow/.local/lib/python3.7/site-packages/airflow/example_dags/example_short_circuit_operator.py took 0.070 seconds
[2023-08-14T17:05:44.378+0000] {processor.py:157} INFO - Started process (PID=70402) to work on /home/airflow/.local/lib/python3.7/site-packages/airflow/example_dags/example_short_circuit_operator.py
[2023-08-14T17:05:44.379+0000] {processor.py:826} INFO - Processing file /home/airflow/.local/lib/python3.7/site-packages/airflow/example_dags/example_short_circuit_operator.py for tasks to queue
[2023-08-14T17:05:44.380+0000] {logging_mixin.py:149} INFO - [2023-08-14T17:05:44.380+0000] {dagbag.py:541} INFO - Filling up the DagBag from /home/airflow/.local/lib/python3.7/site-packages/airflow/example_dags/example_short_circuit_operator.py
[2023-08-14T17:05:44.386+0000] {processor.py:836} INFO - DAG(s) dict_keys(['example_short_circuit_operator']) retrieved from /home/airflow/.local/lib/python3.7/site-packages/airflow/example_dags/example_short_circuit_operator.py
[2023-08-14T17:05:44.406+0000] {logging_mixin.py:149} INFO - [2023-08-14T17:05:44.406+0000] {dag.py:2726} INFO - Sync 1 DAGs
[2023-08-14T17:05:44.421+0000] {logging_mixin.py:149} INFO - [2023-08-14T17:05:44.421+0000] {dag.py:3490} INFO - Setting next_dagrun for example_short_circuit_operator to 2023-08-13T17:05:44.420896+00:00, run_after=2023-08-14T17:05:44.420896+00:00
[2023-08-14T17:05:44.432+0000] {processor.py:179} INFO - Processing /home/airflow/.local/lib/python3.7/site-packages/airflow/example_dags/example_short_circuit_operator.py took 0.056 seconds
[2023-08-14T18:49:15.906+0000] {processor.py:157} INFO - Started process (PID=70468) to work on /home/airflow/.local/lib/python3.7/site-packages/airflow/example_dags/example_short_circuit_operator.py
[2023-08-14T18:49:15.907+0000] {processor.py:826} INFO - Processing file /home/airflow/.local/lib/python3.7/site-packages/airflow/example_dags/example_short_circuit_operator.py for tasks to queue
[2023-08-14T18:49:15.908+0000] {logging_mixin.py:149} INFO - [2023-08-14T18:49:15.908+0000] {dagbag.py:541} INFO - Filling up the DagBag from /home/airflow/.local/lib/python3.7/site-packages/airflow/example_dags/example_short_circuit_operator.py
[2023-08-14T18:49:15.914+0000] {processor.py:836} INFO - DAG(s) dict_keys(['example_short_circuit_operator']) retrieved from /home/airflow/.local/lib/python3.7/site-packages/airflow/example_dags/example_short_circuit_operator.py
[2023-08-14T18:49:15.938+0000] {logging_mixin.py:149} INFO - [2023-08-14T18:49:15.937+0000] {dag.py:2726} INFO - Sync 1 DAGs
[2023-08-14T18:49:15.993+0000] {logging_mixin.py:149} INFO - [2023-08-14T18:49:15.992+0000] {dag.py:3490} INFO - Setting next_dagrun for example_short_circuit_operator to 2023-08-13T18:49:15.992682+00:00, run_after=2023-08-14T18:49:15.992682+00:00
[2023-08-14T18:49:16.007+0000] {processor.py:179} INFO - Processing /home/airflow/.local/lib/python3.7/site-packages/airflow/example_dags/example_short_circuit_operator.py took 0.104 seconds
[2023-08-14T22:24:45.448+0000] {processor.py:157} INFO - Started process (PID=70534) to work on /home/airflow/.local/lib/python3.7/site-packages/airflow/example_dags/example_short_circuit_operator.py
[2023-08-14T22:24:45.450+0000] {processor.py:826} INFO - Processing file /home/airflow/.local/lib/python3.7/site-packages/airflow/example_dags/example_short_circuit_operator.py for tasks to queue
[2023-08-14T22:24:45.453+0000] {logging_mixin.py:149} INFO - [2023-08-14T22:24:45.453+0000] {dagbag.py:541} INFO - Filling up the DagBag from /home/airflow/.local/lib/python3.7/site-packages/airflow/example_dags/example_short_circuit_operator.py
[2023-08-14T22:24:45.460+0000] {processor.py:836} INFO - DAG(s) dict_keys(['example_short_circuit_operator']) retrieved from /home/airflow/.local/lib/python3.7/site-packages/airflow/example_dags/example_short_circuit_operator.py
[2023-08-14T22:24:45.481+0000] {logging_mixin.py:149} INFO - [2023-08-14T22:24:45.481+0000] {dag.py:2726} INFO - Sync 1 DAGs
[2023-08-14T22:24:45.498+0000] {logging_mixin.py:149} INFO - [2023-08-14T22:24:45.498+0000] {dag.py:3490} INFO - Setting next_dagrun for example_short_circuit_operator to 2023-08-13T22:24:45.497854+00:00, run_after=2023-08-14T22:24:45.497854+00:00
[2023-08-14T22:24:45.510+0000] {processor.py:179} INFO - Processing /home/airflow/.local/lib/python3.7/site-packages/airflow/example_dags/example_short_circuit_operator.py took 0.065 seconds
