[2023-08-14T02:50:00.322+0000] {processor.py:157} INFO - Started process (PID=69495) to work on /home/airflow/.local/lib/python3.7/site-packages/airflow/example_dags/example_datasets.py
[2023-08-14T02:50:00.323+0000] {processor.py:826} INFO - Processing file /home/airflow/.local/lib/python3.7/site-packages/airflow/example_dags/example_datasets.py for tasks to queue
[2023-08-14T02:50:00.324+0000] {logging_mixin.py:149} INFO - [2023-08-14T02:50:00.324+0000] {dagbag.py:541} INFO - Filling up the DagBag from /home/airflow/.local/lib/python3.7/site-packages/airflow/example_dags/example_datasets.py
[2023-08-14T02:50:00.331+0000] {processor.py:836} INFO - DAG(s) dict_keys(['dataset_produces_1', 'dataset_produces_2', 'dataset_consumes_1', 'dataset_consumes_1_never_scheduled', 'dataset_consumes_unknown_never_scheduled', 'dataset_consumes_1_and_2']) retrieved from /home/airflow/.local/lib/python3.7/site-packages/airflow/example_dags/example_datasets.py
[2023-08-14T02:50:00.360+0000] {logging_mixin.py:149} INFO - [2023-08-14T02:50:00.360+0000] {dag.py:2726} INFO - Sync 6 DAGs
[2023-08-14T02:50:00.379+0000] {logging_mixin.py:149} INFO - [2023-08-14T02:50:00.379+0000] {dag.py:3490} INFO - Setting next_dagrun for dataset_consumes_1 to None, run_after=None
[2023-08-14T02:50:00.382+0000] {logging_mixin.py:149} INFO - [2023-08-14T02:50:00.382+0000] {dag.py:3490} INFO - Setting next_dagrun for dataset_consumes_1_and_2 to None, run_after=None
[2023-08-14T02:50:00.384+0000] {logging_mixin.py:149} INFO - [2023-08-14T02:50:00.383+0000] {dag.py:3490} INFO - Setting next_dagrun for dataset_consumes_1_never_scheduled to None, run_after=None
[2023-08-14T02:50:00.385+0000] {logging_mixin.py:149} INFO - [2023-08-14T02:50:00.384+0000] {dag.py:3490} INFO - Setting next_dagrun for dataset_consumes_unknown_never_scheduled to None, run_after=None
[2023-08-14T02:50:00.387+0000] {logging_mixin.py:149} INFO - [2023-08-14T02:50:00.387+0000] {dag.py:3490} INFO - Setting next_dagrun for dataset_produces_1 to 2023-08-13T00:00:00+00:00, run_after=2023-08-14T00:00:00+00:00
[2023-08-14T02:50:00.388+0000] {logging_mixin.py:149} INFO - [2023-08-14T02:50:00.388+0000] {dag.py:3490} INFO - Setting next_dagrun for dataset_produces_2 to None, run_after=None
[2023-08-14T02:50:00.411+0000] {processor.py:179} INFO - Processing /home/airflow/.local/lib/python3.7/site-packages/airflow/example_dags/example_datasets.py took 0.092 seconds
[2023-08-14T05:00:38.490+0000] {processor.py:157} INFO - Started process (PID=69561) to work on /home/airflow/.local/lib/python3.7/site-packages/airflow/example_dags/example_datasets.py
[2023-08-14T05:00:38.491+0000] {processor.py:826} INFO - Processing file /home/airflow/.local/lib/python3.7/site-packages/airflow/example_dags/example_datasets.py for tasks to queue
[2023-08-14T05:00:38.497+0000] {logging_mixin.py:149} INFO - [2023-08-14T05:00:38.492+0000] {dagbag.py:541} INFO - Filling up the DagBag from /home/airflow/.local/lib/python3.7/site-packages/airflow/example_dags/example_datasets.py
[2023-08-14T05:00:38.505+0000] {processor.py:836} INFO - DAG(s) dict_keys(['dataset_produces_1', 'dataset_consumes_unknown_never_scheduled', 'dataset_consumes_1_never_scheduled', 'dataset_produces_2', 'dataset_consumes_1_and_2', 'dataset_consumes_1']) retrieved from /home/airflow/.local/lib/python3.7/site-packages/airflow/example_dags/example_datasets.py
[2023-08-14T05:00:38.542+0000] {logging_mixin.py:149} INFO - [2023-08-14T05:00:38.541+0000] {dag.py:2726} INFO - Sync 6 DAGs
[2023-08-14T05:00:38.561+0000] {logging_mixin.py:149} INFO - [2023-08-14T05:00:38.561+0000] {dag.py:3490} INFO - Setting next_dagrun for dataset_consumes_1 to None, run_after=None
[2023-08-14T05:00:38.564+0000] {logging_mixin.py:149} INFO - [2023-08-14T05:00:38.564+0000] {dag.py:3490} INFO - Setting next_dagrun for dataset_consumes_1_and_2 to None, run_after=None
[2023-08-14T05:00:38.565+0000] {logging_mixin.py:149} INFO - [2023-08-14T05:00:38.565+0000] {dag.py:3490} INFO - Setting next_dagrun for dataset_consumes_1_never_scheduled to None, run_after=None
[2023-08-14T05:00:38.566+0000] {logging_mixin.py:149} INFO - [2023-08-14T05:00:38.566+0000] {dag.py:3490} INFO - Setting next_dagrun for dataset_consumes_unknown_never_scheduled to None, run_after=None
[2023-08-14T05:00:38.571+0000] {logging_mixin.py:149} INFO - [2023-08-14T05:00:38.571+0000] {dag.py:3490} INFO - Setting next_dagrun for dataset_produces_1 to 2023-08-13T00:00:00+00:00, run_after=2023-08-14T00:00:00+00:00
[2023-08-14T05:00:38.573+0000] {logging_mixin.py:149} INFO - [2023-08-14T05:00:38.573+0000] {dag.py:3490} INFO - Setting next_dagrun for dataset_produces_2 to None, run_after=None
[2023-08-14T05:00:38.597+0000] {processor.py:179} INFO - Processing /home/airflow/.local/lib/python3.7/site-packages/airflow/example_dags/example_datasets.py took 0.111 seconds
[2023-08-14T07:02:36.894+0000] {processor.py:157} INFO - Started process (PID=69627) to work on /home/airflow/.local/lib/python3.7/site-packages/airflow/example_dags/example_datasets.py
[2023-08-14T07:02:36.895+0000] {processor.py:826} INFO - Processing file /home/airflow/.local/lib/python3.7/site-packages/airflow/example_dags/example_datasets.py for tasks to queue
[2023-08-14T07:02:36.896+0000] {logging_mixin.py:149} INFO - [2023-08-14T07:02:36.896+0000] {dagbag.py:541} INFO - Filling up the DagBag from /home/airflow/.local/lib/python3.7/site-packages/airflow/example_dags/example_datasets.py
[2023-08-14T07:02:36.907+0000] {processor.py:836} INFO - DAG(s) dict_keys(['dataset_consumes_1_and_2', 'dataset_produces_1', 'dataset_produces_2', 'dataset_consumes_unknown_never_scheduled', 'dataset_consumes_1', 'dataset_consumes_1_never_scheduled']) retrieved from /home/airflow/.local/lib/python3.7/site-packages/airflow/example_dags/example_datasets.py
[2023-08-14T07:02:36.939+0000] {logging_mixin.py:149} INFO - [2023-08-14T07:02:36.939+0000] {dag.py:2726} INFO - Sync 6 DAGs
[2023-08-14T07:02:36.956+0000] {logging_mixin.py:149} INFO - [2023-08-14T07:02:36.956+0000] {dag.py:3490} INFO - Setting next_dagrun for dataset_consumes_1 to None, run_after=None
[2023-08-14T07:02:36.959+0000] {logging_mixin.py:149} INFO - [2023-08-14T07:02:36.959+0000] {dag.py:3490} INFO - Setting next_dagrun for dataset_consumes_1_and_2 to None, run_after=None
[2023-08-14T07:02:36.960+0000] {logging_mixin.py:149} INFO - [2023-08-14T07:02:36.960+0000] {dag.py:3490} INFO - Setting next_dagrun for dataset_consumes_1_never_scheduled to None, run_after=None
[2023-08-14T07:02:36.961+0000] {logging_mixin.py:149} INFO - [2023-08-14T07:02:36.961+0000] {dag.py:3490} INFO - Setting next_dagrun for dataset_consumes_unknown_never_scheduled to None, run_after=None
[2023-08-14T07:02:36.963+0000] {logging_mixin.py:149} INFO - [2023-08-14T07:02:36.963+0000] {dag.py:3490} INFO - Setting next_dagrun for dataset_produces_1 to 2023-08-13T00:00:00+00:00, run_after=2023-08-14T00:00:00+00:00
[2023-08-14T07:02:36.964+0000] {logging_mixin.py:149} INFO - [2023-08-14T07:02:36.964+0000] {dag.py:3490} INFO - Setting next_dagrun for dataset_produces_2 to None, run_after=None
[2023-08-14T07:02:36.982+0000] {processor.py:179} INFO - Processing /home/airflow/.local/lib/python3.7/site-packages/airflow/example_dags/example_datasets.py took 0.092 seconds
[2023-08-14T08:25:14.849+0000] {processor.py:157} INFO - Started process (PID=69693) to work on /home/airflow/.local/lib/python3.7/site-packages/airflow/example_dags/example_datasets.py
[2023-08-14T08:25:14.850+0000] {processor.py:826} INFO - Processing file /home/airflow/.local/lib/python3.7/site-packages/airflow/example_dags/example_datasets.py for tasks to queue
[2023-08-14T08:25:14.851+0000] {logging_mixin.py:149} INFO - [2023-08-14T08:25:14.851+0000] {dagbag.py:541} INFO - Filling up the DagBag from /home/airflow/.local/lib/python3.7/site-packages/airflow/example_dags/example_datasets.py
[2023-08-14T08:25:14.859+0000] {processor.py:836} INFO - DAG(s) dict_keys(['dataset_produces_1', 'dataset_consumes_1_and_2', 'dataset_consumes_1_never_scheduled', 'dataset_produces_2', 'dataset_consumes_unknown_never_scheduled', 'dataset_consumes_1']) retrieved from /home/airflow/.local/lib/python3.7/site-packages/airflow/example_dags/example_datasets.py
[2023-08-14T08:25:14.906+0000] {logging_mixin.py:149} INFO - [2023-08-14T08:25:14.905+0000] {dag.py:2726} INFO - Sync 6 DAGs
[2023-08-14T08:25:14.924+0000] {logging_mixin.py:149} INFO - [2023-08-14T08:25:14.924+0000] {dag.py:3490} INFO - Setting next_dagrun for dataset_consumes_1 to None, run_after=None
[2023-08-14T08:25:14.926+0000] {logging_mixin.py:149} INFO - [2023-08-14T08:25:14.926+0000] {dag.py:3490} INFO - Setting next_dagrun for dataset_consumes_1_and_2 to None, run_after=None
[2023-08-14T08:25:14.928+0000] {logging_mixin.py:149} INFO - [2023-08-14T08:25:14.927+0000] {dag.py:3490} INFO - Setting next_dagrun for dataset_consumes_1_never_scheduled to None, run_after=None
[2023-08-14T08:25:14.929+0000] {logging_mixin.py:149} INFO - [2023-08-14T08:25:14.928+0000] {dag.py:3490} INFO - Setting next_dagrun for dataset_consumes_unknown_never_scheduled to None, run_after=None
[2023-08-14T08:25:14.930+0000] {logging_mixin.py:149} INFO - [2023-08-14T08:25:14.930+0000] {dag.py:3490} INFO - Setting next_dagrun for dataset_produces_1 to 2023-08-13T00:00:00+00:00, run_after=2023-08-14T00:00:00+00:00
[2023-08-14T08:25:14.931+0000] {logging_mixin.py:149} INFO - [2023-08-14T08:25:14.931+0000] {dag.py:3490} INFO - Setting next_dagrun for dataset_produces_2 to None, run_after=None
[2023-08-14T08:25:14.951+0000] {processor.py:179} INFO - Processing /home/airflow/.local/lib/python3.7/site-packages/airflow/example_dags/example_datasets.py took 0.106 seconds
[2023-08-14T08:25:48.259+0000] {processor.py:157} INFO - Started process (PID=69760) to work on /home/airflow/.local/lib/python3.7/site-packages/airflow/example_dags/example_datasets.py
[2023-08-14T08:25:48.260+0000] {processor.py:826} INFO - Processing file /home/airflow/.local/lib/python3.7/site-packages/airflow/example_dags/example_datasets.py for tasks to queue
[2023-08-14T08:25:48.261+0000] {logging_mixin.py:149} INFO - [2023-08-14T08:25:48.261+0000] {dagbag.py:541} INFO - Filling up the DagBag from /home/airflow/.local/lib/python3.7/site-packages/airflow/example_dags/example_datasets.py
[2023-08-14T08:25:48.269+0000] {processor.py:836} INFO - DAG(s) dict_keys(['dataset_consumes_unknown_never_scheduled', 'dataset_consumes_1_and_2', 'dataset_consumes_1_never_scheduled', 'dataset_consumes_1', 'dataset_produces_1', 'dataset_produces_2']) retrieved from /home/airflow/.local/lib/python3.7/site-packages/airflow/example_dags/example_datasets.py
[2023-08-14T08:25:48.299+0000] {logging_mixin.py:149} INFO - [2023-08-14T08:25:48.299+0000] {dag.py:2726} INFO - Sync 6 DAGs
[2023-08-14T08:25:48.317+0000] {logging_mixin.py:149} INFO - [2023-08-14T08:25:48.317+0000] {dag.py:3490} INFO - Setting next_dagrun for dataset_consumes_1 to None, run_after=None
[2023-08-14T08:25:48.321+0000] {logging_mixin.py:149} INFO - [2023-08-14T08:25:48.320+0000] {dag.py:3490} INFO - Setting next_dagrun for dataset_consumes_1_and_2 to None, run_after=None
[2023-08-14T08:25:48.322+0000] {logging_mixin.py:149} INFO - [2023-08-14T08:25:48.322+0000] {dag.py:3490} INFO - Setting next_dagrun for dataset_consumes_1_never_scheduled to None, run_after=None
[2023-08-14T08:25:48.322+0000] {logging_mixin.py:149} INFO - [2023-08-14T08:25:48.322+0000] {dag.py:3490} INFO - Setting next_dagrun for dataset_consumes_unknown_never_scheduled to None, run_after=None
[2023-08-14T08:25:48.325+0000] {logging_mixin.py:149} INFO - [2023-08-14T08:25:48.324+0000] {dag.py:3490} INFO - Setting next_dagrun for dataset_produces_1 to 2023-08-13T00:00:00+00:00, run_after=2023-08-14T00:00:00+00:00
[2023-08-14T08:25:48.326+0000] {logging_mixin.py:149} INFO - [2023-08-14T08:25:48.326+0000] {dag.py:3490} INFO - Setting next_dagrun for dataset_produces_2 to None, run_after=None
[2023-08-14T08:25:48.342+0000] {processor.py:179} INFO - Processing /home/airflow/.local/lib/python3.7/site-packages/airflow/example_dags/example_datasets.py took 0.091 seconds
[2023-08-14T08:26:22.119+0000] {processor.py:157} INFO - Started process (PID=69826) to work on /home/airflow/.local/lib/python3.7/site-packages/airflow/example_dags/example_datasets.py
[2023-08-14T08:26:22.126+0000] {processor.py:826} INFO - Processing file /home/airflow/.local/lib/python3.7/site-packages/airflow/example_dags/example_datasets.py for tasks to queue
[2023-08-14T08:26:22.127+0000] {logging_mixin.py:149} INFO - [2023-08-14T08:26:22.127+0000] {dagbag.py:541} INFO - Filling up the DagBag from /home/airflow/.local/lib/python3.7/site-packages/airflow/example_dags/example_datasets.py
[2023-08-14T08:26:22.156+0000] {processor.py:836} INFO - DAG(s) dict_keys(['dataset_consumes_unknown_never_scheduled', 'dataset_consumes_1', 'dataset_consumes_1_never_scheduled', 'dataset_consumes_1_and_2', 'dataset_produces_1', 'dataset_produces_2']) retrieved from /home/airflow/.local/lib/python3.7/site-packages/airflow/example_dags/example_datasets.py
[2023-08-14T08:26:22.207+0000] {logging_mixin.py:149} INFO - [2023-08-14T08:26:22.207+0000] {dag.py:2726} INFO - Sync 6 DAGs
[2023-08-14T08:26:22.235+0000] {logging_mixin.py:149} INFO - [2023-08-14T08:26:22.235+0000] {dag.py:3490} INFO - Setting next_dagrun for dataset_consumes_1 to None, run_after=None
[2023-08-14T08:26:22.241+0000] {logging_mixin.py:149} INFO - [2023-08-14T08:26:22.241+0000] {dag.py:3490} INFO - Setting next_dagrun for dataset_consumes_1_and_2 to None, run_after=None
[2023-08-14T08:26:22.243+0000] {logging_mixin.py:149} INFO - [2023-08-14T08:26:22.242+0000] {dag.py:3490} INFO - Setting next_dagrun for dataset_consumes_1_never_scheduled to None, run_after=None
[2023-08-14T08:26:22.244+0000] {logging_mixin.py:149} INFO - [2023-08-14T08:26:22.244+0000] {dag.py:3490} INFO - Setting next_dagrun for dataset_consumes_unknown_never_scheduled to None, run_after=None
[2023-08-14T08:26:22.248+0000] {logging_mixin.py:149} INFO - [2023-08-14T08:26:22.248+0000] {dag.py:3490} INFO - Setting next_dagrun for dataset_produces_1 to 2023-08-13T00:00:00+00:00, run_after=2023-08-14T00:00:00+00:00
[2023-08-14T08:26:22.250+0000] {logging_mixin.py:149} INFO - [2023-08-14T08:26:22.249+0000] {dag.py:3490} INFO - Setting next_dagrun for dataset_produces_2 to None, run_after=None
[2023-08-14T08:26:22.289+0000] {processor.py:179} INFO - Processing /home/airflow/.local/lib/python3.7/site-packages/airflow/example_dags/example_datasets.py took 0.173 seconds
[2023-08-14T08:26:56.025+0000] {processor.py:157} INFO - Started process (PID=69892) to work on /home/airflow/.local/lib/python3.7/site-packages/airflow/example_dags/example_datasets.py
[2023-08-14T08:26:56.026+0000] {processor.py:826} INFO - Processing file /home/airflow/.local/lib/python3.7/site-packages/airflow/example_dags/example_datasets.py for tasks to queue
[2023-08-14T08:26:56.030+0000] {logging_mixin.py:149} INFO - [2023-08-14T08:26:56.030+0000] {dagbag.py:541} INFO - Filling up the DagBag from /home/airflow/.local/lib/python3.7/site-packages/airflow/example_dags/example_datasets.py
[2023-08-14T08:26:56.040+0000] {processor.py:836} INFO - DAG(s) dict_keys(['dataset_consumes_1_never_scheduled', 'dataset_consumes_1_and_2', 'dataset_consumes_1', 'dataset_produces_1', 'dataset_produces_2', 'dataset_consumes_unknown_never_scheduled']) retrieved from /home/airflow/.local/lib/python3.7/site-packages/airflow/example_dags/example_datasets.py
[2023-08-14T08:26:56.068+0000] {logging_mixin.py:149} INFO - [2023-08-14T08:26:56.068+0000] {dag.py:2726} INFO - Sync 6 DAGs
[2023-08-14T08:26:56.084+0000] {logging_mixin.py:149} INFO - [2023-08-14T08:26:56.084+0000] {dag.py:3490} INFO - Setting next_dagrun for dataset_consumes_1 to None, run_after=None
[2023-08-14T08:26:56.087+0000] {logging_mixin.py:149} INFO - [2023-08-14T08:26:56.087+0000] {dag.py:3490} INFO - Setting next_dagrun for dataset_consumes_1_and_2 to None, run_after=None
[2023-08-14T08:26:56.088+0000] {logging_mixin.py:149} INFO - [2023-08-14T08:26:56.088+0000] {dag.py:3490} INFO - Setting next_dagrun for dataset_consumes_1_never_scheduled to None, run_after=None
[2023-08-14T08:26:56.089+0000] {logging_mixin.py:149} INFO - [2023-08-14T08:26:56.089+0000] {dag.py:3490} INFO - Setting next_dagrun for dataset_consumes_unknown_never_scheduled to None, run_after=None
[2023-08-14T08:26:56.091+0000] {logging_mixin.py:149} INFO - [2023-08-14T08:26:56.091+0000] {dag.py:3490} INFO - Setting next_dagrun for dataset_produces_1 to 2023-08-13T00:00:00+00:00, run_after=2023-08-14T00:00:00+00:00
[2023-08-14T08:26:56.097+0000] {logging_mixin.py:149} INFO - [2023-08-14T08:26:56.097+0000] {dag.py:3490} INFO - Setting next_dagrun for dataset_produces_2 to None, run_after=None
[2023-08-14T08:26:56.120+0000] {processor.py:179} INFO - Processing /home/airflow/.local/lib/python3.7/site-packages/airflow/example_dags/example_datasets.py took 0.098 seconds
[2023-08-14T08:27:29.789+0000] {processor.py:157} INFO - Started process (PID=69959) to work on /home/airflow/.local/lib/python3.7/site-packages/airflow/example_dags/example_datasets.py
[2023-08-14T08:27:29.790+0000] {processor.py:826} INFO - Processing file /home/airflow/.local/lib/python3.7/site-packages/airflow/example_dags/example_datasets.py for tasks to queue
[2023-08-14T08:27:29.791+0000] {logging_mixin.py:149} INFO - [2023-08-14T08:27:29.791+0000] {dagbag.py:541} INFO - Filling up the DagBag from /home/airflow/.local/lib/python3.7/site-packages/airflow/example_dags/example_datasets.py
[2023-08-14T08:27:29.800+0000] {processor.py:836} INFO - DAG(s) dict_keys(['dataset_produces_2', 'dataset_consumes_unknown_never_scheduled', 'dataset_consumes_1_and_2', 'dataset_consumes_1_never_scheduled', 'dataset_consumes_1', 'dataset_produces_1']) retrieved from /home/airflow/.local/lib/python3.7/site-packages/airflow/example_dags/example_datasets.py
[2023-08-14T08:27:29.827+0000] {logging_mixin.py:149} INFO - [2023-08-14T08:27:29.827+0000] {dag.py:2726} INFO - Sync 6 DAGs
[2023-08-14T08:27:29.844+0000] {logging_mixin.py:149} INFO - [2023-08-14T08:27:29.844+0000] {dag.py:3490} INFO - Setting next_dagrun for dataset_consumes_1 to None, run_after=None
[2023-08-14T08:27:29.850+0000] {logging_mixin.py:149} INFO - [2023-08-14T08:27:29.850+0000] {dag.py:3490} INFO - Setting next_dagrun for dataset_consumes_1_and_2 to None, run_after=None
[2023-08-14T08:27:29.851+0000] {logging_mixin.py:149} INFO - [2023-08-14T08:27:29.851+0000] {dag.py:3490} INFO - Setting next_dagrun for dataset_consumes_1_never_scheduled to None, run_after=None
[2023-08-14T08:27:29.853+0000] {logging_mixin.py:149} INFO - [2023-08-14T08:27:29.853+0000] {dag.py:3490} INFO - Setting next_dagrun for dataset_consumes_unknown_never_scheduled to None, run_after=None
[2023-08-14T08:27:29.855+0000] {logging_mixin.py:149} INFO - [2023-08-14T08:27:29.855+0000] {dag.py:3490} INFO - Setting next_dagrun for dataset_produces_1 to 2023-08-13T00:00:00+00:00, run_after=2023-08-14T00:00:00+00:00
[2023-08-14T08:27:29.856+0000] {logging_mixin.py:149} INFO - [2023-08-14T08:27:29.856+0000] {dag.py:3490} INFO - Setting next_dagrun for dataset_produces_2 to None, run_after=None
[2023-08-14T08:27:29.885+0000] {processor.py:179} INFO - Processing /home/airflow/.local/lib/python3.7/site-packages/airflow/example_dags/example_datasets.py took 0.099 seconds
[2023-08-14T08:28:02.944+0000] {processor.py:157} INFO - Started process (PID=70025) to work on /home/airflow/.local/lib/python3.7/site-packages/airflow/example_dags/example_datasets.py
[2023-08-14T08:28:02.945+0000] {processor.py:826} INFO - Processing file /home/airflow/.local/lib/python3.7/site-packages/airflow/example_dags/example_datasets.py for tasks to queue
[2023-08-14T08:28:02.946+0000] {logging_mixin.py:149} INFO - [2023-08-14T08:28:02.946+0000] {dagbag.py:541} INFO - Filling up the DagBag from /home/airflow/.local/lib/python3.7/site-packages/airflow/example_dags/example_datasets.py
[2023-08-14T08:28:02.955+0000] {processor.py:836} INFO - DAG(s) dict_keys(['dataset_consumes_1', 'dataset_produces_2', 'dataset_consumes_unknown_never_scheduled', 'dataset_consumes_1_and_2', 'dataset_produces_1', 'dataset_consumes_1_never_scheduled']) retrieved from /home/airflow/.local/lib/python3.7/site-packages/airflow/example_dags/example_datasets.py
[2023-08-14T08:28:02.987+0000] {logging_mixin.py:149} INFO - [2023-08-14T08:28:02.987+0000] {dag.py:2726} INFO - Sync 6 DAGs
[2023-08-14T08:28:03.003+0000] {logging_mixin.py:149} INFO - [2023-08-14T08:28:03.003+0000] {dag.py:3490} INFO - Setting next_dagrun for dataset_consumes_1 to None, run_after=None
[2023-08-14T08:28:03.006+0000] {logging_mixin.py:149} INFO - [2023-08-14T08:28:03.005+0000] {dag.py:3490} INFO - Setting next_dagrun for dataset_consumes_1_and_2 to None, run_after=None
[2023-08-14T08:28:03.007+0000] {logging_mixin.py:149} INFO - [2023-08-14T08:28:03.007+0000] {dag.py:3490} INFO - Setting next_dagrun for dataset_consumes_1_never_scheduled to None, run_after=None
[2023-08-14T08:28:03.008+0000] {logging_mixin.py:149} INFO - [2023-08-14T08:28:03.008+0000] {dag.py:3490} INFO - Setting next_dagrun for dataset_consumes_unknown_never_scheduled to None, run_after=None
[2023-08-14T08:28:03.010+0000] {logging_mixin.py:149} INFO - [2023-08-14T08:28:03.010+0000] {dag.py:3490} INFO - Setting next_dagrun for dataset_produces_1 to 2023-08-13T00:00:00+00:00, run_after=2023-08-14T00:00:00+00:00
[2023-08-14T08:28:03.011+0000] {logging_mixin.py:149} INFO - [2023-08-14T08:28:03.011+0000] {dag.py:3490} INFO - Setting next_dagrun for dataset_produces_2 to None, run_after=None
[2023-08-14T08:28:03.028+0000] {processor.py:179} INFO - Processing /home/airflow/.local/lib/python3.7/site-packages/airflow/example_dags/example_datasets.py took 0.087 seconds
[2023-08-14T08:28:36.895+0000] {processor.py:157} INFO - Started process (PID=70091) to work on /home/airflow/.local/lib/python3.7/site-packages/airflow/example_dags/example_datasets.py
[2023-08-14T08:28:36.896+0000] {processor.py:826} INFO - Processing file /home/airflow/.local/lib/python3.7/site-packages/airflow/example_dags/example_datasets.py for tasks to queue
[2023-08-14T08:28:36.897+0000] {logging_mixin.py:149} INFO - [2023-08-14T08:28:36.897+0000] {dagbag.py:541} INFO - Filling up the DagBag from /home/airflow/.local/lib/python3.7/site-packages/airflow/example_dags/example_datasets.py
[2023-08-14T08:28:36.904+0000] {processor.py:836} INFO - DAG(s) dict_keys(['dataset_consumes_unknown_never_scheduled', 'dataset_produces_1', 'dataset_consumes_1_never_scheduled', 'dataset_consumes_1_and_2', 'dataset_produces_2', 'dataset_consumes_1']) retrieved from /home/airflow/.local/lib/python3.7/site-packages/airflow/example_dags/example_datasets.py
[2023-08-14T08:28:36.933+0000] {logging_mixin.py:149} INFO - [2023-08-14T08:28:36.933+0000] {dag.py:2726} INFO - Sync 6 DAGs
[2023-08-14T08:28:36.950+0000] {logging_mixin.py:149} INFO - [2023-08-14T08:28:36.950+0000] {dag.py:3490} INFO - Setting next_dagrun for dataset_consumes_1 to None, run_after=None
[2023-08-14T08:28:36.952+0000] {logging_mixin.py:149} INFO - [2023-08-14T08:28:36.952+0000] {dag.py:3490} INFO - Setting next_dagrun for dataset_consumes_1_and_2 to None, run_after=None
[2023-08-14T08:28:36.953+0000] {logging_mixin.py:149} INFO - [2023-08-14T08:28:36.953+0000] {dag.py:3490} INFO - Setting next_dagrun for dataset_consumes_1_never_scheduled to None, run_after=None
[2023-08-14T08:28:36.955+0000] {logging_mixin.py:149} INFO - [2023-08-14T08:28:36.955+0000] {dag.py:3490} INFO - Setting next_dagrun for dataset_consumes_unknown_never_scheduled to None, run_after=None
[2023-08-14T08:28:36.957+0000] {logging_mixin.py:149} INFO - [2023-08-14T08:28:36.957+0000] {dag.py:3490} INFO - Setting next_dagrun for dataset_produces_1 to 2023-08-13T00:00:00+00:00, run_after=2023-08-14T00:00:00+00:00
[2023-08-14T08:28:36.958+0000] {logging_mixin.py:149} INFO - [2023-08-14T08:28:36.958+0000] {dag.py:3490} INFO - Setting next_dagrun for dataset_produces_2 to None, run_after=None
[2023-08-14T08:28:36.975+0000] {processor.py:179} INFO - Processing /home/airflow/.local/lib/python3.7/site-packages/airflow/example_dags/example_datasets.py took 0.083 seconds
[2023-08-14T10:03:29.101+0000] {processor.py:157} INFO - Started process (PID=70157) to work on /home/airflow/.local/lib/python3.7/site-packages/airflow/example_dags/example_datasets.py
[2023-08-14T10:03:29.102+0000] {processor.py:826} INFO - Processing file /home/airflow/.local/lib/python3.7/site-packages/airflow/example_dags/example_datasets.py for tasks to queue
[2023-08-14T10:03:29.103+0000] {logging_mixin.py:149} INFO - [2023-08-14T10:03:29.103+0000] {dagbag.py:541} INFO - Filling up the DagBag from /home/airflow/.local/lib/python3.7/site-packages/airflow/example_dags/example_datasets.py
[2023-08-14T10:03:29.117+0000] {processor.py:836} INFO - DAG(s) dict_keys(['dataset_consumes_1_never_scheduled', 'dataset_produces_2', 'dataset_consumes_1', 'dataset_produces_1', 'dataset_consumes_unknown_never_scheduled', 'dataset_consumes_1_and_2']) retrieved from /home/airflow/.local/lib/python3.7/site-packages/airflow/example_dags/example_datasets.py
[2023-08-14T10:03:29.152+0000] {logging_mixin.py:149} INFO - [2023-08-14T10:03:29.152+0000] {dag.py:2726} INFO - Sync 6 DAGs
[2023-08-14T10:03:29.173+0000] {logging_mixin.py:149} INFO - [2023-08-14T10:03:29.173+0000] {dag.py:3490} INFO - Setting next_dagrun for dataset_consumes_1 to None, run_after=None
[2023-08-14T10:03:29.176+0000] {logging_mixin.py:149} INFO - [2023-08-14T10:03:29.176+0000] {dag.py:3490} INFO - Setting next_dagrun for dataset_consumes_1_and_2 to None, run_after=None
[2023-08-14T10:03:29.179+0000] {logging_mixin.py:149} INFO - [2023-08-14T10:03:29.179+0000] {dag.py:3490} INFO - Setting next_dagrun for dataset_consumes_1_never_scheduled to None, run_after=None
[2023-08-14T10:03:29.180+0000] {logging_mixin.py:149} INFO - [2023-08-14T10:03:29.180+0000] {dag.py:3490} INFO - Setting next_dagrun for dataset_consumes_unknown_never_scheduled to None, run_after=None
[2023-08-14T10:03:29.182+0000] {logging_mixin.py:149} INFO - [2023-08-14T10:03:29.182+0000] {dag.py:3490} INFO - Setting next_dagrun for dataset_produces_1 to 2023-08-13T00:00:00+00:00, run_after=2023-08-14T00:00:00+00:00
[2023-08-14T10:03:29.183+0000] {logging_mixin.py:149} INFO - [2023-08-14T10:03:29.183+0000] {dag.py:3490} INFO - Setting next_dagrun for dataset_produces_2 to None, run_after=None
[2023-08-14T10:03:29.201+0000] {processor.py:179} INFO - Processing /home/airflow/.local/lib/python3.7/site-packages/airflow/example_dags/example_datasets.py took 0.106 seconds
[2023-08-14T10:36:54.035+0000] {processor.py:157} INFO - Started process (PID=70223) to work on /home/airflow/.local/lib/python3.7/site-packages/airflow/example_dags/example_datasets.py
[2023-08-14T10:36:54.036+0000] {processor.py:826} INFO - Processing file /home/airflow/.local/lib/python3.7/site-packages/airflow/example_dags/example_datasets.py for tasks to queue
[2023-08-14T10:36:54.037+0000] {logging_mixin.py:149} INFO - [2023-08-14T10:36:54.036+0000] {dagbag.py:541} INFO - Filling up the DagBag from /home/airflow/.local/lib/python3.7/site-packages/airflow/example_dags/example_datasets.py
[2023-08-14T10:36:54.044+0000] {processor.py:836} INFO - DAG(s) dict_keys(['dataset_produces_1', 'dataset_consumes_unknown_never_scheduled', 'dataset_consumes_1_and_2', 'dataset_produces_2', 'dataset_consumes_1_never_scheduled', 'dataset_consumes_1']) retrieved from /home/airflow/.local/lib/python3.7/site-packages/airflow/example_dags/example_datasets.py
[2023-08-14T10:36:54.071+0000] {logging_mixin.py:149} INFO - [2023-08-14T10:36:54.071+0000] {dag.py:2726} INFO - Sync 6 DAGs
[2023-08-14T10:36:54.086+0000] {logging_mixin.py:149} INFO - [2023-08-14T10:36:54.086+0000] {dag.py:3490} INFO - Setting next_dagrun for dataset_consumes_1 to None, run_after=None
[2023-08-14T10:36:54.088+0000] {logging_mixin.py:149} INFO - [2023-08-14T10:36:54.088+0000] {dag.py:3490} INFO - Setting next_dagrun for dataset_consumes_1_and_2 to None, run_after=None
[2023-08-14T10:36:54.089+0000] {logging_mixin.py:149} INFO - [2023-08-14T10:36:54.089+0000] {dag.py:3490} INFO - Setting next_dagrun for dataset_consumes_1_never_scheduled to None, run_after=None
[2023-08-14T10:36:54.090+0000] {logging_mixin.py:149} INFO - [2023-08-14T10:36:54.090+0000] {dag.py:3490} INFO - Setting next_dagrun for dataset_consumes_unknown_never_scheduled to None, run_after=None
[2023-08-14T10:36:54.092+0000] {logging_mixin.py:149} INFO - [2023-08-14T10:36:54.092+0000] {dag.py:3490} INFO - Setting next_dagrun for dataset_produces_1 to 2023-08-13T00:00:00+00:00, run_after=2023-08-14T00:00:00+00:00
[2023-08-14T10:36:54.109+0000] {logging_mixin.py:149} INFO - [2023-08-14T10:36:54.109+0000] {dag.py:3490} INFO - Setting next_dagrun for dataset_produces_2 to None, run_after=None
[2023-08-14T10:36:54.142+0000] {processor.py:179} INFO - Processing /home/airflow/.local/lib/python3.7/site-packages/airflow/example_dags/example_datasets.py took 0.109 seconds
[2023-08-14T13:13:53.899+0000] {processor.py:157} INFO - Started process (PID=70289) to work on /home/airflow/.local/lib/python3.7/site-packages/airflow/example_dags/example_datasets.py
[2023-08-14T13:13:53.900+0000] {processor.py:826} INFO - Processing file /home/airflow/.local/lib/python3.7/site-packages/airflow/example_dags/example_datasets.py for tasks to queue
[2023-08-14T13:13:53.902+0000] {logging_mixin.py:149} INFO - [2023-08-14T13:13:53.902+0000] {dagbag.py:541} INFO - Filling up the DagBag from /home/airflow/.local/lib/python3.7/site-packages/airflow/example_dags/example_datasets.py
[2023-08-14T13:13:53.910+0000] {processor.py:836} INFO - DAG(s) dict_keys(['dataset_produces_2', 'dataset_produces_1', 'dataset_consumes_unknown_never_scheduled', 'dataset_consumes_1_never_scheduled', 'dataset_consumes_1', 'dataset_consumes_1_and_2']) retrieved from /home/airflow/.local/lib/python3.7/site-packages/airflow/example_dags/example_datasets.py
[2023-08-14T13:13:53.946+0000] {logging_mixin.py:149} INFO - [2023-08-14T13:13:53.945+0000] {dag.py:2726} INFO - Sync 6 DAGs
[2023-08-14T13:13:53.965+0000] {logging_mixin.py:149} INFO - [2023-08-14T13:13:53.965+0000] {dag.py:3490} INFO - Setting next_dagrun for dataset_consumes_1 to None, run_after=None
[2023-08-14T13:13:53.968+0000] {logging_mixin.py:149} INFO - [2023-08-14T13:13:53.968+0000] {dag.py:3490} INFO - Setting next_dagrun for dataset_consumes_1_and_2 to None, run_after=None
[2023-08-14T13:13:53.970+0000] {logging_mixin.py:149} INFO - [2023-08-14T13:13:53.970+0000] {dag.py:3490} INFO - Setting next_dagrun for dataset_consumes_1_never_scheduled to None, run_after=None
[2023-08-14T13:13:53.971+0000] {logging_mixin.py:149} INFO - [2023-08-14T13:13:53.971+0000] {dag.py:3490} INFO - Setting next_dagrun for dataset_consumes_unknown_never_scheduled to None, run_after=None
[2023-08-14T13:13:53.973+0000] {logging_mixin.py:149} INFO - [2023-08-14T13:13:53.973+0000] {dag.py:3490} INFO - Setting next_dagrun for dataset_produces_1 to 2023-08-13T00:00:00+00:00, run_after=2023-08-14T00:00:00+00:00
[2023-08-14T13:13:53.974+0000] {logging_mixin.py:149} INFO - [2023-08-14T13:13:53.974+0000] {dag.py:3490} INFO - Setting next_dagrun for dataset_produces_2 to None, run_after=None
[2023-08-14T13:13:53.996+0000] {processor.py:179} INFO - Processing /home/airflow/.local/lib/python3.7/site-packages/airflow/example_dags/example_datasets.py took 0.100 seconds
[2023-08-14T14:29:06.493+0000] {processor.py:157} INFO - Started process (PID=70354) to work on /home/airflow/.local/lib/python3.7/site-packages/airflow/example_dags/example_datasets.py
[2023-08-14T14:29:06.494+0000] {processor.py:826} INFO - Processing file /home/airflow/.local/lib/python3.7/site-packages/airflow/example_dags/example_datasets.py for tasks to queue
[2023-08-14T14:29:06.495+0000] {logging_mixin.py:149} INFO - [2023-08-14T14:29:06.494+0000] {dagbag.py:541} INFO - Filling up the DagBag from /home/airflow/.local/lib/python3.7/site-packages/airflow/example_dags/example_datasets.py
[2023-08-14T14:29:06.504+0000] {processor.py:836} INFO - DAG(s) dict_keys(['dataset_consumes_1', 'dataset_consumes_1_never_scheduled', 'dataset_consumes_unknown_never_scheduled', 'dataset_consumes_1_and_2', 'dataset_produces_2', 'dataset_produces_1']) retrieved from /home/airflow/.local/lib/python3.7/site-packages/airflow/example_dags/example_datasets.py
[2023-08-14T14:29:06.547+0000] {logging_mixin.py:149} INFO - [2023-08-14T14:29:06.546+0000] {dag.py:2726} INFO - Sync 6 DAGs
[2023-08-14T14:29:06.568+0000] {logging_mixin.py:149} INFO - [2023-08-14T14:29:06.567+0000] {dag.py:3490} INFO - Setting next_dagrun for dataset_consumes_1 to None, run_after=None
[2023-08-14T14:29:06.571+0000] {logging_mixin.py:149} INFO - [2023-08-14T14:29:06.571+0000] {dag.py:3490} INFO - Setting next_dagrun for dataset_consumes_1_and_2 to None, run_after=None
[2023-08-14T14:29:06.576+0000] {logging_mixin.py:149} INFO - [2023-08-14T14:29:06.576+0000] {dag.py:3490} INFO - Setting next_dagrun for dataset_consumes_1_never_scheduled to None, run_after=None
[2023-08-14T14:29:06.578+0000] {logging_mixin.py:149} INFO - [2023-08-14T14:29:06.578+0000] {dag.py:3490} INFO - Setting next_dagrun for dataset_consumes_unknown_never_scheduled to None, run_after=None
[2023-08-14T14:29:06.580+0000] {logging_mixin.py:149} INFO - [2023-08-14T14:29:06.580+0000] {dag.py:3490} INFO - Setting next_dagrun for dataset_produces_1 to 2023-08-13T00:00:00+00:00, run_after=2023-08-14T00:00:00+00:00
[2023-08-14T14:29:06.581+0000] {logging_mixin.py:149} INFO - [2023-08-14T14:29:06.581+0000] {dag.py:3490} INFO - Setting next_dagrun for dataset_produces_2 to None, run_after=None
[2023-08-14T14:29:06.603+0000] {processor.py:179} INFO - Processing /home/airflow/.local/lib/python3.7/site-packages/airflow/example_dags/example_datasets.py took 0.116 seconds
[2023-08-14T17:05:45.506+0000] {processor.py:157} INFO - Started process (PID=70420) to work on /home/airflow/.local/lib/python3.7/site-packages/airflow/example_dags/example_datasets.py
[2023-08-14T17:05:45.507+0000] {processor.py:826} INFO - Processing file /home/airflow/.local/lib/python3.7/site-packages/airflow/example_dags/example_datasets.py for tasks to queue
[2023-08-14T17:05:45.507+0000] {logging_mixin.py:149} INFO - [2023-08-14T17:05:45.507+0000] {dagbag.py:541} INFO - Filling up the DagBag from /home/airflow/.local/lib/python3.7/site-packages/airflow/example_dags/example_datasets.py
[2023-08-14T17:05:45.515+0000] {processor.py:836} INFO - DAG(s) dict_keys(['dataset_consumes_1_never_scheduled', 'dataset_produces_1', 'dataset_consumes_1_and_2', 'dataset_produces_2', 'dataset_consumes_1', 'dataset_consumes_unknown_never_scheduled']) retrieved from /home/airflow/.local/lib/python3.7/site-packages/airflow/example_dags/example_datasets.py
[2023-08-14T17:05:45.547+0000] {logging_mixin.py:149} INFO - [2023-08-14T17:05:45.547+0000] {dag.py:2726} INFO - Sync 6 DAGs
[2023-08-14T17:05:45.564+0000] {logging_mixin.py:149} INFO - [2023-08-14T17:05:45.564+0000] {dag.py:3490} INFO - Setting next_dagrun for dataset_consumes_1 to None, run_after=None
[2023-08-14T17:05:45.567+0000] {logging_mixin.py:149} INFO - [2023-08-14T17:05:45.567+0000] {dag.py:3490} INFO - Setting next_dagrun for dataset_consumes_1_and_2 to None, run_after=None
[2023-08-14T17:05:45.568+0000] {logging_mixin.py:149} INFO - [2023-08-14T17:05:45.568+0000] {dag.py:3490} INFO - Setting next_dagrun for dataset_consumes_1_never_scheduled to None, run_after=None
[2023-08-14T17:05:45.569+0000] {logging_mixin.py:149} INFO - [2023-08-14T17:05:45.569+0000] {dag.py:3490} INFO - Setting next_dagrun for dataset_consumes_unknown_never_scheduled to None, run_after=None
[2023-08-14T17:05:45.571+0000] {logging_mixin.py:149} INFO - [2023-08-14T17:05:45.571+0000] {dag.py:3490} INFO - Setting next_dagrun for dataset_produces_1 to 2023-08-13T00:00:00+00:00, run_after=2023-08-14T00:00:00+00:00
[2023-08-14T17:05:45.572+0000] {logging_mixin.py:149} INFO - [2023-08-14T17:05:45.572+0000] {dag.py:3490} INFO - Setting next_dagrun for dataset_produces_2 to None, run_after=None
[2023-08-14T17:05:45.594+0000] {processor.py:179} INFO - Processing /home/airflow/.local/lib/python3.7/site-packages/airflow/example_dags/example_datasets.py took 0.091 seconds
[2023-08-14T18:49:17.148+0000] {processor.py:157} INFO - Started process (PID=70486) to work on /home/airflow/.local/lib/python3.7/site-packages/airflow/example_dags/example_datasets.py
[2023-08-14T18:49:17.149+0000] {processor.py:826} INFO - Processing file /home/airflow/.local/lib/python3.7/site-packages/airflow/example_dags/example_datasets.py for tasks to queue
[2023-08-14T18:49:17.150+0000] {logging_mixin.py:149} INFO - [2023-08-14T18:49:17.150+0000] {dagbag.py:541} INFO - Filling up the DagBag from /home/airflow/.local/lib/python3.7/site-packages/airflow/example_dags/example_datasets.py
[2023-08-14T18:49:17.165+0000] {processor.py:836} INFO - DAG(s) dict_keys(['dataset_consumes_1_and_2', 'dataset_consumes_1_never_scheduled', 'dataset_consumes_unknown_never_scheduled', 'dataset_produces_1', 'dataset_produces_2', 'dataset_consumes_1']) retrieved from /home/airflow/.local/lib/python3.7/site-packages/airflow/example_dags/example_datasets.py
[2023-08-14T18:49:17.192+0000] {logging_mixin.py:149} INFO - [2023-08-14T18:49:17.192+0000] {dag.py:2726} INFO - Sync 6 DAGs
[2023-08-14T18:49:17.209+0000] {logging_mixin.py:149} INFO - [2023-08-14T18:49:17.209+0000] {dag.py:3490} INFO - Setting next_dagrun for dataset_consumes_1 to None, run_after=None
[2023-08-14T18:49:17.211+0000] {logging_mixin.py:149} INFO - [2023-08-14T18:49:17.211+0000] {dag.py:3490} INFO - Setting next_dagrun for dataset_consumes_1_and_2 to None, run_after=None
[2023-08-14T18:49:17.212+0000] {logging_mixin.py:149} INFO - [2023-08-14T18:49:17.212+0000] {dag.py:3490} INFO - Setting next_dagrun for dataset_consumes_1_never_scheduled to None, run_after=None
[2023-08-14T18:49:17.213+0000] {logging_mixin.py:149} INFO - [2023-08-14T18:49:17.213+0000] {dag.py:3490} INFO - Setting next_dagrun for dataset_consumes_unknown_never_scheduled to None, run_after=None
[2023-08-14T18:49:17.215+0000] {logging_mixin.py:149} INFO - [2023-08-14T18:49:17.215+0000] {dag.py:3490} INFO - Setting next_dagrun for dataset_produces_1 to 2023-08-13T00:00:00+00:00, run_after=2023-08-14T00:00:00+00:00
[2023-08-14T18:49:17.216+0000] {logging_mixin.py:149} INFO - [2023-08-14T18:49:17.216+0000] {dag.py:3490} INFO - Setting next_dagrun for dataset_produces_2 to None, run_after=None
[2023-08-14T18:49:17.233+0000] {processor.py:179} INFO - Processing /home/airflow/.local/lib/python3.7/site-packages/airflow/example_dags/example_datasets.py took 0.088 seconds
[2023-08-14T22:24:46.542+0000] {processor.py:157} INFO - Started process (PID=70552) to work on /home/airflow/.local/lib/python3.7/site-packages/airflow/example_dags/example_datasets.py
[2023-08-14T22:24:46.543+0000] {processor.py:826} INFO - Processing file /home/airflow/.local/lib/python3.7/site-packages/airflow/example_dags/example_datasets.py for tasks to queue
[2023-08-14T22:24:46.544+0000] {logging_mixin.py:149} INFO - [2023-08-14T22:24:46.544+0000] {dagbag.py:541} INFO - Filling up the DagBag from /home/airflow/.local/lib/python3.7/site-packages/airflow/example_dags/example_datasets.py
[2023-08-14T22:24:46.555+0000] {processor.py:836} INFO - DAG(s) dict_keys(['dataset_consumes_1_never_scheduled', 'dataset_produces_1', 'dataset_consumes_unknown_never_scheduled', 'dataset_consumes_1_and_2', 'dataset_consumes_1', 'dataset_produces_2']) retrieved from /home/airflow/.local/lib/python3.7/site-packages/airflow/example_dags/example_datasets.py
[2023-08-14T22:24:46.584+0000] {logging_mixin.py:149} INFO - [2023-08-14T22:24:46.584+0000] {dag.py:2726} INFO - Sync 6 DAGs
[2023-08-14T22:24:46.600+0000] {logging_mixin.py:149} INFO - [2023-08-14T22:24:46.600+0000] {dag.py:3490} INFO - Setting next_dagrun for dataset_consumes_1 to None, run_after=None
[2023-08-14T22:24:46.603+0000] {logging_mixin.py:149} INFO - [2023-08-14T22:24:46.603+0000] {dag.py:3490} INFO - Setting next_dagrun for dataset_consumes_1_and_2 to None, run_after=None
[2023-08-14T22:24:46.604+0000] {logging_mixin.py:149} INFO - [2023-08-14T22:24:46.604+0000] {dag.py:3490} INFO - Setting next_dagrun for dataset_consumes_1_never_scheduled to None, run_after=None
[2023-08-14T22:24:46.605+0000] {logging_mixin.py:149} INFO - [2023-08-14T22:24:46.605+0000] {dag.py:3490} INFO - Setting next_dagrun for dataset_consumes_unknown_never_scheduled to None, run_after=None
[2023-08-14T22:24:46.607+0000] {logging_mixin.py:149} INFO - [2023-08-14T22:24:46.607+0000] {dag.py:3490} INFO - Setting next_dagrun for dataset_produces_1 to 2023-08-13T00:00:00+00:00, run_after=2023-08-14T00:00:00+00:00
[2023-08-14T22:24:46.611+0000] {logging_mixin.py:149} INFO - [2023-08-14T22:24:46.611+0000] {dag.py:3490} INFO - Setting next_dagrun for dataset_produces_2 to None, run_after=None
[2023-08-14T22:24:46.636+0000] {processor.py:179} INFO - Processing /home/airflow/.local/lib/python3.7/site-packages/airflow/example_dags/example_datasets.py took 0.098 seconds
