[2023-08-14T02:49:58.698+0000] {processor.py:157} INFO - Started process (PID=69470) to work on /home/airflow/.local/lib/python3.7/site-packages/airflow/example_dags/example_external_task_marker_dag.py
[2023-08-14T02:49:58.699+0000] {processor.py:826} INFO - Processing file /home/airflow/.local/lib/python3.7/site-packages/airflow/example_dags/example_external_task_marker_dag.py for tasks to queue
[2023-08-14T02:49:58.700+0000] {logging_mixin.py:149} INFO - [2023-08-14T02:49:58.700+0000] {dagbag.py:541} INFO - Filling up the DagBag from /home/airflow/.local/lib/python3.7/site-packages/airflow/example_dags/example_external_task_marker_dag.py
[2023-08-14T02:49:58.705+0000] {processor.py:836} INFO - DAG(s) dict_keys(['example_external_task_marker_child', 'example_external_task_marker_parent']) retrieved from /home/airflow/.local/lib/python3.7/site-packages/airflow/example_dags/example_external_task_marker_dag.py
[2023-08-14T02:49:58.733+0000] {logging_mixin.py:149} INFO - [2023-08-14T02:49:58.733+0000] {dag.py:2726} INFO - Sync 2 DAGs
[2023-08-14T02:49:58.752+0000] {logging_mixin.py:149} INFO - [2023-08-14T02:49:58.752+0000] {dag.py:3490} INFO - Setting next_dagrun for example_external_task_marker_child to None, run_after=None
[2023-08-14T02:49:58.756+0000] {logging_mixin.py:149} INFO - [2023-08-14T02:49:58.756+0000] {dag.py:3490} INFO - Setting next_dagrun for example_external_task_marker_parent to None, run_after=None
[2023-08-14T02:49:58.766+0000] {processor.py:179} INFO - Processing /home/airflow/.local/lib/python3.7/site-packages/airflow/example_dags/example_external_task_marker_dag.py took 0.071 seconds
[2023-08-14T05:00:37.045+0000] {processor.py:157} INFO - Started process (PID=69536) to work on /home/airflow/.local/lib/python3.7/site-packages/airflow/example_dags/example_external_task_marker_dag.py
[2023-08-14T05:00:37.046+0000] {processor.py:826} INFO - Processing file /home/airflow/.local/lib/python3.7/site-packages/airflow/example_dags/example_external_task_marker_dag.py for tasks to queue
[2023-08-14T05:00:37.047+0000] {logging_mixin.py:149} INFO - [2023-08-14T05:00:37.047+0000] {dagbag.py:541} INFO - Filling up the DagBag from /home/airflow/.local/lib/python3.7/site-packages/airflow/example_dags/example_external_task_marker_dag.py
[2023-08-14T05:00:37.051+0000] {processor.py:836} INFO - DAG(s) dict_keys(['example_external_task_marker_child', 'example_external_task_marker_parent']) retrieved from /home/airflow/.local/lib/python3.7/site-packages/airflow/example_dags/example_external_task_marker_dag.py
[2023-08-14T05:00:37.073+0000] {logging_mixin.py:149} INFO - [2023-08-14T05:00:37.073+0000] {dag.py:2726} INFO - Sync 2 DAGs
[2023-08-14T05:00:37.089+0000] {logging_mixin.py:149} INFO - [2023-08-14T05:00:37.089+0000] {dag.py:3490} INFO - Setting next_dagrun for example_external_task_marker_child to None, run_after=None
[2023-08-14T05:00:37.092+0000] {logging_mixin.py:149} INFO - [2023-08-14T05:00:37.092+0000] {dag.py:3490} INFO - Setting next_dagrun for example_external_task_marker_parent to None, run_after=None
[2023-08-14T05:00:37.103+0000] {processor.py:179} INFO - Processing /home/airflow/.local/lib/python3.7/site-packages/airflow/example_dags/example_external_task_marker_dag.py took 0.061 seconds
[2023-08-14T07:02:35.436+0000] {processor.py:157} INFO - Started process (PID=69602) to work on /home/airflow/.local/lib/python3.7/site-packages/airflow/example_dags/example_external_task_marker_dag.py
[2023-08-14T07:02:35.437+0000] {processor.py:826} INFO - Processing file /home/airflow/.local/lib/python3.7/site-packages/airflow/example_dags/example_external_task_marker_dag.py for tasks to queue
[2023-08-14T07:02:35.438+0000] {logging_mixin.py:149} INFO - [2023-08-14T07:02:35.438+0000] {dagbag.py:541} INFO - Filling up the DagBag from /home/airflow/.local/lib/python3.7/site-packages/airflow/example_dags/example_external_task_marker_dag.py
[2023-08-14T07:02:35.443+0000] {processor.py:836} INFO - DAG(s) dict_keys(['example_external_task_marker_child', 'example_external_task_marker_parent']) retrieved from /home/airflow/.local/lib/python3.7/site-packages/airflow/example_dags/example_external_task_marker_dag.py
[2023-08-14T07:02:35.472+0000] {logging_mixin.py:149} INFO - [2023-08-14T07:02:35.472+0000] {dag.py:2726} INFO - Sync 2 DAGs
[2023-08-14T07:02:35.491+0000] {logging_mixin.py:149} INFO - [2023-08-14T07:02:35.491+0000] {dag.py:3490} INFO - Setting next_dagrun for example_external_task_marker_child to None, run_after=None
[2023-08-14T07:02:35.493+0000] {logging_mixin.py:149} INFO - [2023-08-14T07:02:35.493+0000] {dag.py:3490} INFO - Setting next_dagrun for example_external_task_marker_parent to None, run_after=None
[2023-08-14T07:02:35.507+0000] {processor.py:179} INFO - Processing /home/airflow/.local/lib/python3.7/site-packages/airflow/example_dags/example_external_task_marker_dag.py took 0.074 seconds
[2023-08-14T08:25:13.418+0000] {processor.py:157} INFO - Started process (PID=69668) to work on /home/airflow/.local/lib/python3.7/site-packages/airflow/example_dags/example_external_task_marker_dag.py
[2023-08-14T08:25:13.419+0000] {processor.py:826} INFO - Processing file /home/airflow/.local/lib/python3.7/site-packages/airflow/example_dags/example_external_task_marker_dag.py for tasks to queue
[2023-08-14T08:25:13.420+0000] {logging_mixin.py:149} INFO - [2023-08-14T08:25:13.420+0000] {dagbag.py:541} INFO - Filling up the DagBag from /home/airflow/.local/lib/python3.7/site-packages/airflow/example_dags/example_external_task_marker_dag.py
[2023-08-14T08:25:13.428+0000] {processor.py:836} INFO - DAG(s) dict_keys(['example_external_task_marker_child', 'example_external_task_marker_parent']) retrieved from /home/airflow/.local/lib/python3.7/site-packages/airflow/example_dags/example_external_task_marker_dag.py
[2023-08-14T08:25:13.451+0000] {logging_mixin.py:149} INFO - [2023-08-14T08:25:13.451+0000] {dag.py:2726} INFO - Sync 2 DAGs
[2023-08-14T08:25:13.468+0000] {logging_mixin.py:149} INFO - [2023-08-14T08:25:13.467+0000] {dag.py:3490} INFO - Setting next_dagrun for example_external_task_marker_child to None, run_after=None
[2023-08-14T08:25:13.470+0000] {logging_mixin.py:149} INFO - [2023-08-14T08:25:13.470+0000] {dag.py:3490} INFO - Setting next_dagrun for example_external_task_marker_parent to None, run_after=None
[2023-08-14T08:25:13.482+0000] {processor.py:179} INFO - Processing /home/airflow/.local/lib/python3.7/site-packages/airflow/example_dags/example_external_task_marker_dag.py took 0.067 seconds
[2023-08-14T08:25:46.709+0000] {processor.py:157} INFO - Started process (PID=69735) to work on /home/airflow/.local/lib/python3.7/site-packages/airflow/example_dags/example_external_task_marker_dag.py
[2023-08-14T08:25:46.711+0000] {processor.py:826} INFO - Processing file /home/airflow/.local/lib/python3.7/site-packages/airflow/example_dags/example_external_task_marker_dag.py for tasks to queue
[2023-08-14T08:25:46.712+0000] {logging_mixin.py:149} INFO - [2023-08-14T08:25:46.711+0000] {dagbag.py:541} INFO - Filling up the DagBag from /home/airflow/.local/lib/python3.7/site-packages/airflow/example_dags/example_external_task_marker_dag.py
[2023-08-14T08:25:46.716+0000] {processor.py:836} INFO - DAG(s) dict_keys(['example_external_task_marker_parent', 'example_external_task_marker_child']) retrieved from /home/airflow/.local/lib/python3.7/site-packages/airflow/example_dags/example_external_task_marker_dag.py
[2023-08-14T08:25:46.737+0000] {logging_mixin.py:149} INFO - [2023-08-14T08:25:46.737+0000] {dag.py:2726} INFO - Sync 2 DAGs
[2023-08-14T08:25:46.762+0000] {logging_mixin.py:149} INFO - [2023-08-14T08:25:46.762+0000] {dag.py:3490} INFO - Setting next_dagrun for example_external_task_marker_child to None, run_after=None
[2023-08-14T08:25:46.765+0000] {logging_mixin.py:149} INFO - [2023-08-14T08:25:46.765+0000] {dag.py:3490} INFO - Setting next_dagrun for example_external_task_marker_parent to None, run_after=None
[2023-08-14T08:25:46.774+0000] {processor.py:179} INFO - Processing /home/airflow/.local/lib/python3.7/site-packages/airflow/example_dags/example_external_task_marker_dag.py took 0.067 seconds
[2023-08-14T08:26:20.460+0000] {processor.py:157} INFO - Started process (PID=69801) to work on /home/airflow/.local/lib/python3.7/site-packages/airflow/example_dags/example_external_task_marker_dag.py
[2023-08-14T08:26:20.462+0000] {processor.py:826} INFO - Processing file /home/airflow/.local/lib/python3.7/site-packages/airflow/example_dags/example_external_task_marker_dag.py for tasks to queue
[2023-08-14T08:26:20.463+0000] {logging_mixin.py:149} INFO - [2023-08-14T08:26:20.462+0000] {dagbag.py:541} INFO - Filling up the DagBag from /home/airflow/.local/lib/python3.7/site-packages/airflow/example_dags/example_external_task_marker_dag.py
[2023-08-14T08:26:20.468+0000] {processor.py:836} INFO - DAG(s) dict_keys(['example_external_task_marker_parent', 'example_external_task_marker_child']) retrieved from /home/airflow/.local/lib/python3.7/site-packages/airflow/example_dags/example_external_task_marker_dag.py
[2023-08-14T08:26:20.491+0000] {logging_mixin.py:149} INFO - [2023-08-14T08:26:20.491+0000] {dag.py:2726} INFO - Sync 2 DAGs
[2023-08-14T08:26:20.507+0000] {logging_mixin.py:149} INFO - [2023-08-14T08:26:20.507+0000] {dag.py:3490} INFO - Setting next_dagrun for example_external_task_marker_child to None, run_after=None
[2023-08-14T08:26:20.510+0000] {logging_mixin.py:149} INFO - [2023-08-14T08:26:20.510+0000] {dag.py:3490} INFO - Setting next_dagrun for example_external_task_marker_parent to None, run_after=None
[2023-08-14T08:26:20.519+0000] {processor.py:179} INFO - Processing /home/airflow/.local/lib/python3.7/site-packages/airflow/example_dags/example_external_task_marker_dag.py took 0.062 seconds
[2023-08-14T08:26:54.504+0000] {processor.py:157} INFO - Started process (PID=69867) to work on /home/airflow/.local/lib/python3.7/site-packages/airflow/example_dags/example_external_task_marker_dag.py
[2023-08-14T08:26:54.505+0000] {processor.py:826} INFO - Processing file /home/airflow/.local/lib/python3.7/site-packages/airflow/example_dags/example_external_task_marker_dag.py for tasks to queue
[2023-08-14T08:26:54.506+0000] {logging_mixin.py:149} INFO - [2023-08-14T08:26:54.505+0000] {dagbag.py:541} INFO - Filling up the DagBag from /home/airflow/.local/lib/python3.7/site-packages/airflow/example_dags/example_external_task_marker_dag.py
[2023-08-14T08:26:54.510+0000] {processor.py:836} INFO - DAG(s) dict_keys(['example_external_task_marker_child', 'example_external_task_marker_parent']) retrieved from /home/airflow/.local/lib/python3.7/site-packages/airflow/example_dags/example_external_task_marker_dag.py
[2023-08-14T08:26:54.531+0000] {logging_mixin.py:149} INFO - [2023-08-14T08:26:54.531+0000] {dag.py:2726} INFO - Sync 2 DAGs
[2023-08-14T08:26:54.546+0000] {logging_mixin.py:149} INFO - [2023-08-14T08:26:54.546+0000] {dag.py:3490} INFO - Setting next_dagrun for example_external_task_marker_child to None, run_after=None
[2023-08-14T08:26:54.549+0000] {logging_mixin.py:149} INFO - [2023-08-14T08:26:54.549+0000] {dag.py:3490} INFO - Setting next_dagrun for example_external_task_marker_parent to None, run_after=None
[2023-08-14T08:26:54.559+0000] {processor.py:179} INFO - Processing /home/airflow/.local/lib/python3.7/site-packages/airflow/example_dags/example_external_task_marker_dag.py took 0.057 seconds
[2023-08-14T08:27:24.791+0000] {processor.py:157} INFO - Started process (PID=69926) to work on /home/airflow/.local/lib/python3.7/site-packages/airflow/example_dags/example_external_task_marker_dag.py
[2023-08-14T08:27:24.792+0000] {processor.py:826} INFO - Processing file /home/airflow/.local/lib/python3.7/site-packages/airflow/example_dags/example_external_task_marker_dag.py for tasks to queue
[2023-08-14T08:27:24.793+0000] {logging_mixin.py:149} INFO - [2023-08-14T08:27:24.793+0000] {dagbag.py:541} INFO - Filling up the DagBag from /home/airflow/.local/lib/python3.7/site-packages/airflow/example_dags/example_external_task_marker_dag.py
[2023-08-14T08:27:24.797+0000] {processor.py:836} INFO - DAG(s) dict_keys(['example_external_task_marker_parent', 'example_external_task_marker_child']) retrieved from /home/airflow/.local/lib/python3.7/site-packages/airflow/example_dags/example_external_task_marker_dag.py
[2023-08-14T08:27:24.846+0000] {logging_mixin.py:149} INFO - [2023-08-14T08:27:24.846+0000] {dag.py:2726} INFO - Sync 2 DAGs
[2023-08-14T08:27:24.878+0000] {logging_mixin.py:149} INFO - [2023-08-14T08:27:24.878+0000] {dag.py:3490} INFO - Setting next_dagrun for example_external_task_marker_child to None, run_after=None
[2023-08-14T08:27:24.881+0000] {logging_mixin.py:149} INFO - [2023-08-14T08:27:24.881+0000] {dag.py:3490} INFO - Setting next_dagrun for example_external_task_marker_parent to None, run_after=None
[2023-08-14T08:27:24.900+0000] {processor.py:179} INFO - Processing /home/airflow/.local/lib/python3.7/site-packages/airflow/example_dags/example_external_task_marker_dag.py took 0.111 seconds
[2023-08-14T08:27:55.159+0000] {processor.py:157} INFO - Started process (PID=69988) to work on /home/airflow/.local/lib/python3.7/site-packages/airflow/example_dags/example_external_task_marker_dag.py
[2023-08-14T08:27:55.160+0000] {processor.py:826} INFO - Processing file /home/airflow/.local/lib/python3.7/site-packages/airflow/example_dags/example_external_task_marker_dag.py for tasks to queue
[2023-08-14T08:27:55.161+0000] {logging_mixin.py:149} INFO - [2023-08-14T08:27:55.161+0000] {dagbag.py:541} INFO - Filling up the DagBag from /home/airflow/.local/lib/python3.7/site-packages/airflow/example_dags/example_external_task_marker_dag.py
[2023-08-14T08:27:55.170+0000] {processor.py:836} INFO - DAG(s) dict_keys(['example_external_task_marker_child', 'example_external_task_marker_parent']) retrieved from /home/airflow/.local/lib/python3.7/site-packages/airflow/example_dags/example_external_task_marker_dag.py
[2023-08-14T08:27:55.200+0000] {logging_mixin.py:149} INFO - [2023-08-14T08:27:55.200+0000] {dag.py:2726} INFO - Sync 2 DAGs
[2023-08-14T08:27:55.216+0000] {logging_mixin.py:149} INFO - [2023-08-14T08:27:55.216+0000] {dag.py:3490} INFO - Setting next_dagrun for example_external_task_marker_child to None, run_after=None
[2023-08-14T08:27:55.218+0000] {logging_mixin.py:149} INFO - [2023-08-14T08:27:55.218+0000] {dag.py:3490} INFO - Setting next_dagrun for example_external_task_marker_parent to None, run_after=None
[2023-08-14T08:27:55.229+0000] {processor.py:179} INFO - Processing /home/airflow/.local/lib/python3.7/site-packages/airflow/example_dags/example_external_task_marker_dag.py took 0.072 seconds
[2023-08-14T08:28:25.388+0000] {processor.py:157} INFO - Started process (PID=70054) to work on /home/airflow/.local/lib/python3.7/site-packages/airflow/example_dags/example_external_task_marker_dag.py
[2023-08-14T08:28:25.389+0000] {processor.py:826} INFO - Processing file /home/airflow/.local/lib/python3.7/site-packages/airflow/example_dags/example_external_task_marker_dag.py for tasks to queue
[2023-08-14T08:28:25.389+0000] {logging_mixin.py:149} INFO - [2023-08-14T08:28:25.389+0000] {dagbag.py:541} INFO - Filling up the DagBag from /home/airflow/.local/lib/python3.7/site-packages/airflow/example_dags/example_external_task_marker_dag.py
[2023-08-14T08:28:25.394+0000] {processor.py:836} INFO - DAG(s) dict_keys(['example_external_task_marker_parent', 'example_external_task_marker_child']) retrieved from /home/airflow/.local/lib/python3.7/site-packages/airflow/example_dags/example_external_task_marker_dag.py
[2023-08-14T08:28:25.417+0000] {logging_mixin.py:149} INFO - [2023-08-14T08:28:25.417+0000] {dag.py:2726} INFO - Sync 2 DAGs
[2023-08-14T08:28:25.433+0000] {logging_mixin.py:149} INFO - [2023-08-14T08:28:25.433+0000] {dag.py:3490} INFO - Setting next_dagrun for example_external_task_marker_child to None, run_after=None
[2023-08-14T08:28:25.436+0000] {logging_mixin.py:149} INFO - [2023-08-14T08:28:25.436+0000] {dag.py:3490} INFO - Setting next_dagrun for example_external_task_marker_parent to None, run_after=None
[2023-08-14T08:28:25.447+0000] {processor.py:179} INFO - Processing /home/airflow/.local/lib/python3.7/site-packages/airflow/example_dags/example_external_task_marker_dag.py took 0.061 seconds
[2023-08-14T10:03:27.701+0000] {processor.py:157} INFO - Started process (PID=70132) to work on /home/airflow/.local/lib/python3.7/site-packages/airflow/example_dags/example_external_task_marker_dag.py
[2023-08-14T10:03:27.702+0000] {processor.py:826} INFO - Processing file /home/airflow/.local/lib/python3.7/site-packages/airflow/example_dags/example_external_task_marker_dag.py for tasks to queue
[2023-08-14T10:03:27.703+0000] {logging_mixin.py:149} INFO - [2023-08-14T10:03:27.703+0000] {dagbag.py:541} INFO - Filling up the DagBag from /home/airflow/.local/lib/python3.7/site-packages/airflow/example_dags/example_external_task_marker_dag.py
[2023-08-14T10:03:27.708+0000] {processor.py:836} INFO - DAG(s) dict_keys(['example_external_task_marker_parent', 'example_external_task_marker_child']) retrieved from /home/airflow/.local/lib/python3.7/site-packages/airflow/example_dags/example_external_task_marker_dag.py
[2023-08-14T10:03:27.731+0000] {logging_mixin.py:149} INFO - [2023-08-14T10:03:27.731+0000] {dag.py:2726} INFO - Sync 2 DAGs
[2023-08-14T10:03:27.749+0000] {logging_mixin.py:149} INFO - [2023-08-14T10:03:27.749+0000] {dag.py:3490} INFO - Setting next_dagrun for example_external_task_marker_child to None, run_after=None
[2023-08-14T10:03:27.751+0000] {logging_mixin.py:149} INFO - [2023-08-14T10:03:27.751+0000] {dag.py:3490} INFO - Setting next_dagrun for example_external_task_marker_parent to None, run_after=None
[2023-08-14T10:03:27.762+0000] {processor.py:179} INFO - Processing /home/airflow/.local/lib/python3.7/site-packages/airflow/example_dags/example_external_task_marker_dag.py took 0.064 seconds
[2023-08-14T10:36:52.500+0000] {processor.py:157} INFO - Started process (PID=70198) to work on /home/airflow/.local/lib/python3.7/site-packages/airflow/example_dags/example_external_task_marker_dag.py
[2023-08-14T10:36:52.501+0000] {processor.py:826} INFO - Processing file /home/airflow/.local/lib/python3.7/site-packages/airflow/example_dags/example_external_task_marker_dag.py for tasks to queue
[2023-08-14T10:36:52.502+0000] {logging_mixin.py:149} INFO - [2023-08-14T10:36:52.502+0000] {dagbag.py:541} INFO - Filling up the DagBag from /home/airflow/.local/lib/python3.7/site-packages/airflow/example_dags/example_external_task_marker_dag.py
[2023-08-14T10:36:52.507+0000] {processor.py:836} INFO - DAG(s) dict_keys(['example_external_task_marker_child', 'example_external_task_marker_parent']) retrieved from /home/airflow/.local/lib/python3.7/site-packages/airflow/example_dags/example_external_task_marker_dag.py
[2023-08-14T10:36:52.535+0000] {logging_mixin.py:149} INFO - [2023-08-14T10:36:52.535+0000] {dag.py:2726} INFO - Sync 2 DAGs
[2023-08-14T10:36:52.550+0000] {logging_mixin.py:149} INFO - [2023-08-14T10:36:52.550+0000] {dag.py:3490} INFO - Setting next_dagrun for example_external_task_marker_child to None, run_after=None
[2023-08-14T10:36:52.553+0000] {logging_mixin.py:149} INFO - [2023-08-14T10:36:52.553+0000] {dag.py:3490} INFO - Setting next_dagrun for example_external_task_marker_parent to None, run_after=None
[2023-08-14T10:36:52.562+0000] {processor.py:179} INFO - Processing /home/airflow/.local/lib/python3.7/site-packages/airflow/example_dags/example_external_task_marker_dag.py took 0.065 seconds
[2023-08-14T13:13:51.970+0000] {processor.py:157} INFO - Started process (PID=70264) to work on /home/airflow/.local/lib/python3.7/site-packages/airflow/example_dags/example_external_task_marker_dag.py
[2023-08-14T13:13:51.971+0000] {processor.py:826} INFO - Processing file /home/airflow/.local/lib/python3.7/site-packages/airflow/example_dags/example_external_task_marker_dag.py for tasks to queue
[2023-08-14T13:13:51.972+0000] {logging_mixin.py:149} INFO - [2023-08-14T13:13:51.972+0000] {dagbag.py:541} INFO - Filling up the DagBag from /home/airflow/.local/lib/python3.7/site-packages/airflow/example_dags/example_external_task_marker_dag.py
[2023-08-14T13:13:51.976+0000] {processor.py:836} INFO - DAG(s) dict_keys(['example_external_task_marker_parent', 'example_external_task_marker_child']) retrieved from /home/airflow/.local/lib/python3.7/site-packages/airflow/example_dags/example_external_task_marker_dag.py
[2023-08-14T13:13:52.003+0000] {logging_mixin.py:149} INFO - [2023-08-14T13:13:52.003+0000] {dag.py:2726} INFO - Sync 2 DAGs
[2023-08-14T13:13:52.031+0000] {logging_mixin.py:149} INFO - [2023-08-14T13:13:52.031+0000] {dag.py:3490} INFO - Setting next_dagrun for example_external_task_marker_child to None, run_after=None
[2023-08-14T13:13:52.034+0000] {logging_mixin.py:149} INFO - [2023-08-14T13:13:52.034+0000] {dag.py:3490} INFO - Setting next_dagrun for example_external_task_marker_parent to None, run_after=None
[2023-08-14T13:13:52.045+0000] {processor.py:179} INFO - Processing /home/airflow/.local/lib/python3.7/site-packages/airflow/example_dags/example_external_task_marker_dag.py took 0.078 seconds
[2023-08-14T14:29:04.919+0000] {processor.py:157} INFO - Started process (PID=70329) to work on /home/airflow/.local/lib/python3.7/site-packages/airflow/example_dags/example_external_task_marker_dag.py
[2023-08-14T14:29:04.920+0000] {processor.py:826} INFO - Processing file /home/airflow/.local/lib/python3.7/site-packages/airflow/example_dags/example_external_task_marker_dag.py for tasks to queue
[2023-08-14T14:29:04.921+0000] {logging_mixin.py:149} INFO - [2023-08-14T14:29:04.921+0000] {dagbag.py:541} INFO - Filling up the DagBag from /home/airflow/.local/lib/python3.7/site-packages/airflow/example_dags/example_external_task_marker_dag.py
[2023-08-14T14:29:04.926+0000] {processor.py:836} INFO - DAG(s) dict_keys(['example_external_task_marker_child', 'example_external_task_marker_parent']) retrieved from /home/airflow/.local/lib/python3.7/site-packages/airflow/example_dags/example_external_task_marker_dag.py
[2023-08-14T14:29:04.952+0000] {logging_mixin.py:149} INFO - [2023-08-14T14:29:04.952+0000] {dag.py:2726} INFO - Sync 2 DAGs
[2023-08-14T14:29:04.968+0000] {logging_mixin.py:149} INFO - [2023-08-14T14:29:04.968+0000] {dag.py:3490} INFO - Setting next_dagrun for example_external_task_marker_child to None, run_after=None
[2023-08-14T14:29:04.971+0000] {logging_mixin.py:149} INFO - [2023-08-14T14:29:04.971+0000] {dag.py:3490} INFO - Setting next_dagrun for example_external_task_marker_parent to None, run_after=None
[2023-08-14T14:29:04.982+0000] {processor.py:179} INFO - Processing /home/airflow/.local/lib/python3.7/site-packages/airflow/example_dags/example_external_task_marker_dag.py took 0.065 seconds
[2023-08-14T17:05:44.016+0000] {processor.py:157} INFO - Started process (PID=70395) to work on /home/airflow/.local/lib/python3.7/site-packages/airflow/example_dags/example_external_task_marker_dag.py
[2023-08-14T17:05:44.017+0000] {processor.py:826} INFO - Processing file /home/airflow/.local/lib/python3.7/site-packages/airflow/example_dags/example_external_task_marker_dag.py for tasks to queue
[2023-08-14T17:05:44.018+0000] {logging_mixin.py:149} INFO - [2023-08-14T17:05:44.018+0000] {dagbag.py:541} INFO - Filling up the DagBag from /home/airflow/.local/lib/python3.7/site-packages/airflow/example_dags/example_external_task_marker_dag.py
[2023-08-14T17:05:44.024+0000] {processor.py:836} INFO - DAG(s) dict_keys(['example_external_task_marker_parent', 'example_external_task_marker_child']) retrieved from /home/airflow/.local/lib/python3.7/site-packages/airflow/example_dags/example_external_task_marker_dag.py
[2023-08-14T17:05:44.047+0000] {logging_mixin.py:149} INFO - [2023-08-14T17:05:44.047+0000] {dag.py:2726} INFO - Sync 2 DAGs
[2023-08-14T17:05:44.063+0000] {logging_mixin.py:149} INFO - [2023-08-14T17:05:44.063+0000] {dag.py:3490} INFO - Setting next_dagrun for example_external_task_marker_child to None, run_after=None
[2023-08-14T17:05:44.066+0000] {logging_mixin.py:149} INFO - [2023-08-14T17:05:44.066+0000] {dag.py:3490} INFO - Setting next_dagrun for example_external_task_marker_parent to None, run_after=None
[2023-08-14T17:05:44.077+0000] {processor.py:179} INFO - Processing /home/airflow/.local/lib/python3.7/site-packages/airflow/example_dags/example_external_task_marker_dag.py took 0.065 seconds
[2023-08-14T18:49:15.531+0000] {processor.py:157} INFO - Started process (PID=70461) to work on /home/airflow/.local/lib/python3.7/site-packages/airflow/example_dags/example_external_task_marker_dag.py
[2023-08-14T18:49:15.532+0000] {processor.py:826} INFO - Processing file /home/airflow/.local/lib/python3.7/site-packages/airflow/example_dags/example_external_task_marker_dag.py for tasks to queue
[2023-08-14T18:49:15.533+0000] {logging_mixin.py:149} INFO - [2023-08-14T18:49:15.533+0000] {dagbag.py:541} INFO - Filling up the DagBag from /home/airflow/.local/lib/python3.7/site-packages/airflow/example_dags/example_external_task_marker_dag.py
[2023-08-14T18:49:15.539+0000] {processor.py:836} INFO - DAG(s) dict_keys(['example_external_task_marker_child', 'example_external_task_marker_parent']) retrieved from /home/airflow/.local/lib/python3.7/site-packages/airflow/example_dags/example_external_task_marker_dag.py
[2023-08-14T18:49:15.571+0000] {logging_mixin.py:149} INFO - [2023-08-14T18:49:15.571+0000] {dag.py:2726} INFO - Sync 2 DAGs
[2023-08-14T18:49:15.589+0000] {logging_mixin.py:149} INFO - [2023-08-14T18:49:15.588+0000] {dag.py:3490} INFO - Setting next_dagrun for example_external_task_marker_child to None, run_after=None
[2023-08-14T18:49:15.594+0000] {logging_mixin.py:149} INFO - [2023-08-14T18:49:15.594+0000] {dag.py:3490} INFO - Setting next_dagrun for example_external_task_marker_parent to None, run_after=None
[2023-08-14T18:49:15.607+0000] {processor.py:179} INFO - Processing /home/airflow/.local/lib/python3.7/site-packages/airflow/example_dags/example_external_task_marker_dag.py took 0.080 seconds
[2023-08-14T22:24:45.057+0000] {processor.py:157} INFO - Started process (PID=70527) to work on /home/airflow/.local/lib/python3.7/site-packages/airflow/example_dags/example_external_task_marker_dag.py
[2023-08-14T22:24:45.058+0000] {processor.py:826} INFO - Processing file /home/airflow/.local/lib/python3.7/site-packages/airflow/example_dags/example_external_task_marker_dag.py for tasks to queue
[2023-08-14T22:24:45.058+0000] {logging_mixin.py:149} INFO - [2023-08-14T22:24:45.058+0000] {dagbag.py:541} INFO - Filling up the DagBag from /home/airflow/.local/lib/python3.7/site-packages/airflow/example_dags/example_external_task_marker_dag.py
[2023-08-14T22:24:45.063+0000] {processor.py:836} INFO - DAG(s) dict_keys(['example_external_task_marker_child', 'example_external_task_marker_parent']) retrieved from /home/airflow/.local/lib/python3.7/site-packages/airflow/example_dags/example_external_task_marker_dag.py
[2023-08-14T22:24:45.090+0000] {logging_mixin.py:149} INFO - [2023-08-14T22:24:45.090+0000] {dag.py:2726} INFO - Sync 2 DAGs
[2023-08-14T22:24:45.107+0000] {logging_mixin.py:149} INFO - [2023-08-14T22:24:45.107+0000] {dag.py:3490} INFO - Setting next_dagrun for example_external_task_marker_child to None, run_after=None
[2023-08-14T22:24:45.112+0000] {logging_mixin.py:149} INFO - [2023-08-14T22:24:45.112+0000] {dag.py:3490} INFO - Setting next_dagrun for example_external_task_marker_parent to None, run_after=None
[2023-08-14T22:24:45.124+0000] {processor.py:179} INFO - Processing /home/airflow/.local/lib/python3.7/site-packages/airflow/example_dags/example_external_task_marker_dag.py took 0.072 seconds
