[2023-08-14T02:49:58.518+0000] {processor.py:157} INFO - Started process (PID=69466) to work on /home/airflow/.local/lib/python3.7/site-packages/airflow/example_dags/example_task_group_decorator.py
[2023-08-14T02:49:58.519+0000] {processor.py:826} INFO - Processing file /home/airflow/.local/lib/python3.7/site-packages/airflow/example_dags/example_task_group_decorator.py for tasks to queue
[2023-08-14T02:49:58.520+0000] {logging_mixin.py:149} INFO - [2023-08-14T02:49:58.520+0000] {dagbag.py:541} INFO - Filling up the DagBag from /home/airflow/.local/lib/python3.7/site-packages/airflow/example_dags/example_task_group_decorator.py
[2023-08-14T02:49:58.530+0000] {processor.py:836} INFO - DAG(s) dict_keys(['example_task_group_decorator']) retrieved from /home/airflow/.local/lib/python3.7/site-packages/airflow/example_dags/example_task_group_decorator.py
[2023-08-14T02:49:58.555+0000] {logging_mixin.py:149} INFO - [2023-08-14T02:49:58.555+0000] {dag.py:2726} INFO - Sync 1 DAGs
[2023-08-14T02:49:58.572+0000] {logging_mixin.py:149} INFO - [2023-08-14T02:49:58.572+0000] {dag.py:3490} INFO - Setting next_dagrun for example_task_group_decorator to 2023-08-13T02:49:58.571550+00:00, run_after=2023-08-14T02:49:58.571550+00:00
[2023-08-14T02:49:58.583+0000] {processor.py:179} INFO - Processing /home/airflow/.local/lib/python3.7/site-packages/airflow/example_dags/example_task_group_decorator.py took 0.068 seconds
[2023-08-14T05:00:36.833+0000] {processor.py:157} INFO - Started process (PID=69532) to work on /home/airflow/.local/lib/python3.7/site-packages/airflow/example_dags/example_task_group_decorator.py
[2023-08-14T05:00:36.834+0000] {processor.py:826} INFO - Processing file /home/airflow/.local/lib/python3.7/site-packages/airflow/example_dags/example_task_group_decorator.py for tasks to queue
[2023-08-14T05:00:36.835+0000] {logging_mixin.py:149} INFO - [2023-08-14T05:00:36.835+0000] {dagbag.py:541} INFO - Filling up the DagBag from /home/airflow/.local/lib/python3.7/site-packages/airflow/example_dags/example_task_group_decorator.py
[2023-08-14T05:00:36.846+0000] {processor.py:836} INFO - DAG(s) dict_keys(['example_task_group_decorator']) retrieved from /home/airflow/.local/lib/python3.7/site-packages/airflow/example_dags/example_task_group_decorator.py
[2023-08-14T05:00:36.876+0000] {logging_mixin.py:149} INFO - [2023-08-14T05:00:36.876+0000] {dag.py:2726} INFO - Sync 1 DAGs
[2023-08-14T05:00:36.893+0000] {logging_mixin.py:149} INFO - [2023-08-14T05:00:36.893+0000] {dag.py:3490} INFO - Setting next_dagrun for example_task_group_decorator to 2023-08-13T05:00:36.893363+00:00, run_after=2023-08-14T05:00:36.893363+00:00
[2023-08-14T05:00:36.907+0000] {processor.py:179} INFO - Processing /home/airflow/.local/lib/python3.7/site-packages/airflow/example_dags/example_task_group_decorator.py took 0.077 seconds
[2023-08-14T07:02:35.236+0000] {processor.py:157} INFO - Started process (PID=69598) to work on /home/airflow/.local/lib/python3.7/site-packages/airflow/example_dags/example_task_group_decorator.py
[2023-08-14T07:02:35.237+0000] {processor.py:826} INFO - Processing file /home/airflow/.local/lib/python3.7/site-packages/airflow/example_dags/example_task_group_decorator.py for tasks to queue
[2023-08-14T07:02:35.238+0000] {logging_mixin.py:149} INFO - [2023-08-14T07:02:35.238+0000] {dagbag.py:541} INFO - Filling up the DagBag from /home/airflow/.local/lib/python3.7/site-packages/airflow/example_dags/example_task_group_decorator.py
[2023-08-14T07:02:35.248+0000] {processor.py:836} INFO - DAG(s) dict_keys(['example_task_group_decorator']) retrieved from /home/airflow/.local/lib/python3.7/site-packages/airflow/example_dags/example_task_group_decorator.py
[2023-08-14T07:02:35.281+0000] {logging_mixin.py:149} INFO - [2023-08-14T07:02:35.281+0000] {dag.py:2726} INFO - Sync 1 DAGs
[2023-08-14T07:02:35.302+0000] {logging_mixin.py:149} INFO - [2023-08-14T07:02:35.302+0000] {dag.py:3490} INFO - Setting next_dagrun for example_task_group_decorator to 2023-08-13T07:02:35.301964+00:00, run_after=2023-08-14T07:02:35.301964+00:00
[2023-08-14T07:02:35.318+0000] {processor.py:179} INFO - Processing /home/airflow/.local/lib/python3.7/site-packages/airflow/example_dags/example_task_group_decorator.py took 0.085 seconds
[2023-08-14T08:25:13.147+0000] {processor.py:157} INFO - Started process (PID=69664) to work on /home/airflow/.local/lib/python3.7/site-packages/airflow/example_dags/example_task_group_decorator.py
[2023-08-14T08:25:13.148+0000] {processor.py:826} INFO - Processing file /home/airflow/.local/lib/python3.7/site-packages/airflow/example_dags/example_task_group_decorator.py for tasks to queue
[2023-08-14T08:25:13.149+0000] {logging_mixin.py:149} INFO - [2023-08-14T08:25:13.149+0000] {dagbag.py:541} INFO - Filling up the DagBag from /home/airflow/.local/lib/python3.7/site-packages/airflow/example_dags/example_task_group_decorator.py
[2023-08-14T08:25:13.158+0000] {processor.py:836} INFO - DAG(s) dict_keys(['example_task_group_decorator']) retrieved from /home/airflow/.local/lib/python3.7/site-packages/airflow/example_dags/example_task_group_decorator.py
[2023-08-14T08:25:13.179+0000] {logging_mixin.py:149} INFO - [2023-08-14T08:25:13.179+0000] {dag.py:2726} INFO - Sync 1 DAGs
[2023-08-14T08:25:13.193+0000] {logging_mixin.py:149} INFO - [2023-08-14T08:25:13.193+0000] {dag.py:3490} INFO - Setting next_dagrun for example_task_group_decorator to 2023-08-13T08:25:13.193550+00:00, run_after=2023-08-14T08:25:13.193550+00:00
[2023-08-14T08:25:13.205+0000] {processor.py:179} INFO - Processing /home/airflow/.local/lib/python3.7/site-packages/airflow/example_dags/example_task_group_decorator.py took 0.060 seconds
[2023-08-14T08:25:46.531+0000] {processor.py:157} INFO - Started process (PID=69731) to work on /home/airflow/.local/lib/python3.7/site-packages/airflow/example_dags/example_task_group_decorator.py
[2023-08-14T08:25:46.533+0000] {processor.py:826} INFO - Processing file /home/airflow/.local/lib/python3.7/site-packages/airflow/example_dags/example_task_group_decorator.py for tasks to queue
[2023-08-14T08:25:46.533+0000] {logging_mixin.py:149} INFO - [2023-08-14T08:25:46.533+0000] {dagbag.py:541} INFO - Filling up the DagBag from /home/airflow/.local/lib/python3.7/site-packages/airflow/example_dags/example_task_group_decorator.py
[2023-08-14T08:25:46.544+0000] {processor.py:836} INFO - DAG(s) dict_keys(['example_task_group_decorator']) retrieved from /home/airflow/.local/lib/python3.7/site-packages/airflow/example_dags/example_task_group_decorator.py
[2023-08-14T08:25:46.567+0000] {logging_mixin.py:149} INFO - [2023-08-14T08:25:46.567+0000] {dag.py:2726} INFO - Sync 1 DAGs
[2023-08-14T08:25:46.584+0000] {logging_mixin.py:149} INFO - [2023-08-14T08:25:46.584+0000] {dag.py:3490} INFO - Setting next_dagrun for example_task_group_decorator to 2023-08-13T08:25:46.584175+00:00, run_after=2023-08-14T08:25:46.584175+00:00
[2023-08-14T08:25:46.600+0000] {processor.py:179} INFO - Processing /home/airflow/.local/lib/python3.7/site-packages/airflow/example_dags/example_task_group_decorator.py took 0.071 seconds
[2023-08-14T08:26:20.111+0000] {processor.py:157} INFO - Started process (PID=69797) to work on /home/airflow/.local/lib/python3.7/site-packages/airflow/example_dags/example_task_group_decorator.py
[2023-08-14T08:26:20.112+0000] {processor.py:826} INFO - Processing file /home/airflow/.local/lib/python3.7/site-packages/airflow/example_dags/example_task_group_decorator.py for tasks to queue
[2023-08-14T08:26:20.113+0000] {logging_mixin.py:149} INFO - [2023-08-14T08:26:20.113+0000] {dagbag.py:541} INFO - Filling up the DagBag from /home/airflow/.local/lib/python3.7/site-packages/airflow/example_dags/example_task_group_decorator.py
[2023-08-14T08:26:20.123+0000] {processor.py:836} INFO - DAG(s) dict_keys(['example_task_group_decorator']) retrieved from /home/airflow/.local/lib/python3.7/site-packages/airflow/example_dags/example_task_group_decorator.py
[2023-08-14T08:26:20.144+0000] {logging_mixin.py:149} INFO - [2023-08-14T08:26:20.144+0000] {dag.py:2726} INFO - Sync 1 DAGs
[2023-08-14T08:26:20.160+0000] {logging_mixin.py:149} INFO - [2023-08-14T08:26:20.160+0000] {dag.py:3490} INFO - Setting next_dagrun for example_task_group_decorator to 2023-08-13T08:26:20.160046+00:00, run_after=2023-08-14T08:26:20.160046+00:00
[2023-08-14T08:26:20.171+0000] {processor.py:179} INFO - Processing /home/airflow/.local/lib/python3.7/site-packages/airflow/example_dags/example_task_group_decorator.py took 0.063 seconds
[2023-08-14T08:26:53.962+0000] {processor.py:157} INFO - Started process (PID=69863) to work on /home/airflow/.local/lib/python3.7/site-packages/airflow/example_dags/example_task_group_decorator.py
[2023-08-14T08:26:53.968+0000] {processor.py:826} INFO - Processing file /home/airflow/.local/lib/python3.7/site-packages/airflow/example_dags/example_task_group_decorator.py for tasks to queue
[2023-08-14T08:26:53.969+0000] {logging_mixin.py:149} INFO - [2023-08-14T08:26:53.969+0000] {dagbag.py:541} INFO - Filling up the DagBag from /home/airflow/.local/lib/python3.7/site-packages/airflow/example_dags/example_task_group_decorator.py
[2023-08-14T08:26:53.987+0000] {processor.py:836} INFO - DAG(s) dict_keys(['example_task_group_decorator']) retrieved from /home/airflow/.local/lib/python3.7/site-packages/airflow/example_dags/example_task_group_decorator.py
[2023-08-14T08:26:54.015+0000] {logging_mixin.py:149} INFO - [2023-08-14T08:26:54.015+0000] {dag.py:2726} INFO - Sync 1 DAGs
[2023-08-14T08:26:54.030+0000] {logging_mixin.py:149} INFO - [2023-08-14T08:26:54.030+0000] {dag.py:3490} INFO - Setting next_dagrun for example_task_group_decorator to 2023-08-13T08:26:54.030131+00:00, run_after=2023-08-14T08:26:54.030131+00:00
[2023-08-14T08:26:54.045+0000] {processor.py:179} INFO - Processing /home/airflow/.local/lib/python3.7/site-packages/airflow/example_dags/example_task_group_decorator.py took 0.086 seconds
[2023-08-14T08:27:24.297+0000] {processor.py:157} INFO - Started process (PID=69920) to work on /home/airflow/.local/lib/python3.7/site-packages/airflow/example_dags/example_task_group_decorator.py
[2023-08-14T08:27:24.298+0000] {processor.py:826} INFO - Processing file /home/airflow/.local/lib/python3.7/site-packages/airflow/example_dags/example_task_group_decorator.py for tasks to queue
[2023-08-14T08:27:24.298+0000] {logging_mixin.py:149} INFO - [2023-08-14T08:27:24.298+0000] {dagbag.py:541} INFO - Filling up the DagBag from /home/airflow/.local/lib/python3.7/site-packages/airflow/example_dags/example_task_group_decorator.py
[2023-08-14T08:27:24.308+0000] {processor.py:836} INFO - DAG(s) dict_keys(['example_task_group_decorator']) retrieved from /home/airflow/.local/lib/python3.7/site-packages/airflow/example_dags/example_task_group_decorator.py
[2023-08-14T08:27:24.329+0000] {logging_mixin.py:149} INFO - [2023-08-14T08:27:24.329+0000] {dag.py:2726} INFO - Sync 1 DAGs
[2023-08-14T08:27:24.344+0000] {logging_mixin.py:149} INFO - [2023-08-14T08:27:24.344+0000] {dag.py:3490} INFO - Setting next_dagrun for example_task_group_decorator to 2023-08-13T08:27:24.344487+00:00, run_after=2023-08-14T08:27:24.344487+00:00
[2023-08-14T08:27:24.356+0000] {processor.py:179} INFO - Processing /home/airflow/.local/lib/python3.7/site-packages/airflow/example_dags/example_task_group_decorator.py took 0.062 seconds
[2023-08-14T08:27:54.969+0000] {processor.py:157} INFO - Started process (PID=69984) to work on /home/airflow/.local/lib/python3.7/site-packages/airflow/example_dags/example_task_group_decorator.py
[2023-08-14T08:27:54.970+0000] {processor.py:826} INFO - Processing file /home/airflow/.local/lib/python3.7/site-packages/airflow/example_dags/example_task_group_decorator.py for tasks to queue
[2023-08-14T08:27:54.971+0000] {logging_mixin.py:149} INFO - [2023-08-14T08:27:54.971+0000] {dagbag.py:541} INFO - Filling up the DagBag from /home/airflow/.local/lib/python3.7/site-packages/airflow/example_dags/example_task_group_decorator.py
[2023-08-14T08:27:54.984+0000] {processor.py:836} INFO - DAG(s) dict_keys(['example_task_group_decorator']) retrieved from /home/airflow/.local/lib/python3.7/site-packages/airflow/example_dags/example_task_group_decorator.py
[2023-08-14T08:27:55.005+0000] {logging_mixin.py:149} INFO - [2023-08-14T08:27:55.005+0000] {dag.py:2726} INFO - Sync 1 DAGs
[2023-08-14T08:27:55.023+0000] {logging_mixin.py:149} INFO - [2023-08-14T08:27:55.023+0000] {dag.py:3490} INFO - Setting next_dagrun for example_task_group_decorator to 2023-08-13T08:27:55.022938+00:00, run_after=2023-08-14T08:27:55.022938+00:00
[2023-08-14T08:27:55.038+0000] {processor.py:179} INFO - Processing /home/airflow/.local/lib/python3.7/site-packages/airflow/example_dags/example_task_group_decorator.py took 0.074 seconds
[2023-08-14T08:28:25.115+0000] {processor.py:157} INFO - Started process (PID=70050) to work on /home/airflow/.local/lib/python3.7/site-packages/airflow/example_dags/example_task_group_decorator.py
[2023-08-14T08:28:25.116+0000] {processor.py:826} INFO - Processing file /home/airflow/.local/lib/python3.7/site-packages/airflow/example_dags/example_task_group_decorator.py for tasks to queue
[2023-08-14T08:28:25.117+0000] {logging_mixin.py:149} INFO - [2023-08-14T08:28:25.117+0000] {dagbag.py:541} INFO - Filling up the DagBag from /home/airflow/.local/lib/python3.7/site-packages/airflow/example_dags/example_task_group_decorator.py
[2023-08-14T08:28:25.129+0000] {processor.py:836} INFO - DAG(s) dict_keys(['example_task_group_decorator']) retrieved from /home/airflow/.local/lib/python3.7/site-packages/airflow/example_dags/example_task_group_decorator.py
[2023-08-14T08:28:25.159+0000] {logging_mixin.py:149} INFO - [2023-08-14T08:28:25.159+0000] {dag.py:2726} INFO - Sync 1 DAGs
[2023-08-14T08:28:25.186+0000] {logging_mixin.py:149} INFO - [2023-08-14T08:28:25.186+0000] {dag.py:3490} INFO - Setting next_dagrun for example_task_group_decorator to 2023-08-13T08:28:25.185837+00:00, run_after=2023-08-14T08:28:25.185837+00:00
[2023-08-14T08:28:25.197+0000] {processor.py:179} INFO - Processing /home/airflow/.local/lib/python3.7/site-packages/airflow/example_dags/example_task_group_decorator.py took 0.087 seconds
[2023-08-14T10:03:27.519+0000] {processor.py:157} INFO - Started process (PID=70128) to work on /home/airflow/.local/lib/python3.7/site-packages/airflow/example_dags/example_task_group_decorator.py
[2023-08-14T10:03:27.520+0000] {processor.py:826} INFO - Processing file /home/airflow/.local/lib/python3.7/site-packages/airflow/example_dags/example_task_group_decorator.py for tasks to queue
[2023-08-14T10:03:27.521+0000] {logging_mixin.py:149} INFO - [2023-08-14T10:03:27.520+0000] {dagbag.py:541} INFO - Filling up the DagBag from /home/airflow/.local/lib/python3.7/site-packages/airflow/example_dags/example_task_group_decorator.py
[2023-08-14T10:03:27.532+0000] {processor.py:836} INFO - DAG(s) dict_keys(['example_task_group_decorator']) retrieved from /home/airflow/.local/lib/python3.7/site-packages/airflow/example_dags/example_task_group_decorator.py
[2023-08-14T10:03:27.557+0000] {logging_mixin.py:149} INFO - [2023-08-14T10:03:27.557+0000] {dag.py:2726} INFO - Sync 1 DAGs
[2023-08-14T10:03:27.573+0000] {logging_mixin.py:149} INFO - [2023-08-14T10:03:27.573+0000] {dag.py:3490} INFO - Setting next_dagrun for example_task_group_decorator to 2023-08-13T10:03:27.573453+00:00, run_after=2023-08-14T10:03:27.573453+00:00
[2023-08-14T10:03:27.584+0000] {processor.py:179} INFO - Processing /home/airflow/.local/lib/python3.7/site-packages/airflow/example_dags/example_task_group_decorator.py took 0.068 seconds
[2023-08-14T10:36:52.328+0000] {processor.py:157} INFO - Started process (PID=70194) to work on /home/airflow/.local/lib/python3.7/site-packages/airflow/example_dags/example_task_group_decorator.py
[2023-08-14T10:36:52.329+0000] {processor.py:826} INFO - Processing file /home/airflow/.local/lib/python3.7/site-packages/airflow/example_dags/example_task_group_decorator.py for tasks to queue
[2023-08-14T10:36:52.330+0000] {logging_mixin.py:149} INFO - [2023-08-14T10:36:52.330+0000] {dagbag.py:541} INFO - Filling up the DagBag from /home/airflow/.local/lib/python3.7/site-packages/airflow/example_dags/example_task_group_decorator.py
[2023-08-14T10:36:52.341+0000] {processor.py:836} INFO - DAG(s) dict_keys(['example_task_group_decorator']) retrieved from /home/airflow/.local/lib/python3.7/site-packages/airflow/example_dags/example_task_group_decorator.py
[2023-08-14T10:36:52.363+0000] {logging_mixin.py:149} INFO - [2023-08-14T10:36:52.363+0000] {dag.py:2726} INFO - Sync 1 DAGs
[2023-08-14T10:36:52.378+0000] {logging_mixin.py:149} INFO - [2023-08-14T10:36:52.378+0000] {dag.py:3490} INFO - Setting next_dagrun for example_task_group_decorator to 2023-08-13T10:36:52.378358+00:00, run_after=2023-08-14T10:36:52.378358+00:00
[2023-08-14T10:36:52.390+0000] {processor.py:179} INFO - Processing /home/airflow/.local/lib/python3.7/site-packages/airflow/example_dags/example_task_group_decorator.py took 0.063 seconds
[2023-08-14T13:13:51.761+0000] {processor.py:157} INFO - Started process (PID=70260) to work on /home/airflow/.local/lib/python3.7/site-packages/airflow/example_dags/example_task_group_decorator.py
[2023-08-14T13:13:51.762+0000] {processor.py:826} INFO - Processing file /home/airflow/.local/lib/python3.7/site-packages/airflow/example_dags/example_task_group_decorator.py for tasks to queue
[2023-08-14T13:13:51.763+0000] {logging_mixin.py:149} INFO - [2023-08-14T13:13:51.763+0000] {dagbag.py:541} INFO - Filling up the DagBag from /home/airflow/.local/lib/python3.7/site-packages/airflow/example_dags/example_task_group_decorator.py
[2023-08-14T13:13:51.774+0000] {processor.py:836} INFO - DAG(s) dict_keys(['example_task_group_decorator']) retrieved from /home/airflow/.local/lib/python3.7/site-packages/airflow/example_dags/example_task_group_decorator.py
[2023-08-14T13:13:51.799+0000] {logging_mixin.py:149} INFO - [2023-08-14T13:13:51.799+0000] {dag.py:2726} INFO - Sync 1 DAGs
[2023-08-14T13:13:51.817+0000] {logging_mixin.py:149} INFO - [2023-08-14T13:13:51.817+0000] {dag.py:3490} INFO - Setting next_dagrun for example_task_group_decorator to 2023-08-13T13:13:51.816693+00:00, run_after=2023-08-14T13:13:51.816693+00:00
[2023-08-14T13:13:51.838+0000] {processor.py:179} INFO - Processing /home/airflow/.local/lib/python3.7/site-packages/airflow/example_dags/example_task_group_decorator.py took 0.081 seconds
[2023-08-14T14:29:04.754+0000] {processor.py:157} INFO - Started process (PID=70325) to work on /home/airflow/.local/lib/python3.7/site-packages/airflow/example_dags/example_task_group_decorator.py
[2023-08-14T14:29:04.755+0000] {processor.py:826} INFO - Processing file /home/airflow/.local/lib/python3.7/site-packages/airflow/example_dags/example_task_group_decorator.py for tasks to queue
[2023-08-14T14:29:04.755+0000] {logging_mixin.py:149} INFO - [2023-08-14T14:29:04.755+0000] {dagbag.py:541} INFO - Filling up the DagBag from /home/airflow/.local/lib/python3.7/site-packages/airflow/example_dags/example_task_group_decorator.py
[2023-08-14T14:29:04.766+0000] {processor.py:836} INFO - DAG(s) dict_keys(['example_task_group_decorator']) retrieved from /home/airflow/.local/lib/python3.7/site-packages/airflow/example_dags/example_task_group_decorator.py
[2023-08-14T14:29:04.788+0000] {logging_mixin.py:149} INFO - [2023-08-14T14:29:04.787+0000] {dag.py:2726} INFO - Sync 1 DAGs
[2023-08-14T14:29:04.803+0000] {logging_mixin.py:149} INFO - [2023-08-14T14:29:04.803+0000] {dag.py:3490} INFO - Setting next_dagrun for example_task_group_decorator to 2023-08-13T14:29:04.803201+00:00, run_after=2023-08-14T14:29:04.803201+00:00
[2023-08-14T14:29:04.814+0000] {processor.py:179} INFO - Processing /home/airflow/.local/lib/python3.7/site-packages/airflow/example_dags/example_task_group_decorator.py took 0.063 seconds
[2023-08-14T17:05:43.828+0000] {processor.py:157} INFO - Started process (PID=70391) to work on /home/airflow/.local/lib/python3.7/site-packages/airflow/example_dags/example_task_group_decorator.py
[2023-08-14T17:05:43.829+0000] {processor.py:826} INFO - Processing file /home/airflow/.local/lib/python3.7/site-packages/airflow/example_dags/example_task_group_decorator.py for tasks to queue
[2023-08-14T17:05:43.830+0000] {logging_mixin.py:149} INFO - [2023-08-14T17:05:43.830+0000] {dagbag.py:541} INFO - Filling up the DagBag from /home/airflow/.local/lib/python3.7/site-packages/airflow/example_dags/example_task_group_decorator.py
[2023-08-14T17:05:43.840+0000] {processor.py:836} INFO - DAG(s) dict_keys(['example_task_group_decorator']) retrieved from /home/airflow/.local/lib/python3.7/site-packages/airflow/example_dags/example_task_group_decorator.py
[2023-08-14T17:05:43.866+0000] {logging_mixin.py:149} INFO - [2023-08-14T17:05:43.866+0000] {dag.py:2726} INFO - Sync 1 DAGs
[2023-08-14T17:05:43.882+0000] {logging_mixin.py:149} INFO - [2023-08-14T17:05:43.882+0000] {dag.py:3490} INFO - Setting next_dagrun for example_task_group_decorator to 2023-08-13T17:05:43.881794+00:00, run_after=2023-08-14T17:05:43.881794+00:00
[2023-08-14T17:05:43.899+0000] {processor.py:179} INFO - Processing /home/airflow/.local/lib/python3.7/site-packages/airflow/example_dags/example_task_group_decorator.py took 0.074 seconds
[2023-08-14T18:49:15.300+0000] {processor.py:157} INFO - Started process (PID=70457) to work on /home/airflow/.local/lib/python3.7/site-packages/airflow/example_dags/example_task_group_decorator.py
[2023-08-14T18:49:15.308+0000] {processor.py:826} INFO - Processing file /home/airflow/.local/lib/python3.7/site-packages/airflow/example_dags/example_task_group_decorator.py for tasks to queue
[2023-08-14T18:49:15.310+0000] {logging_mixin.py:149} INFO - [2023-08-14T18:49:15.310+0000] {dagbag.py:541} INFO - Filling up the DagBag from /home/airflow/.local/lib/python3.7/site-packages/airflow/example_dags/example_task_group_decorator.py
[2023-08-14T18:49:15.322+0000] {processor.py:836} INFO - DAG(s) dict_keys(['example_task_group_decorator']) retrieved from /home/airflow/.local/lib/python3.7/site-packages/airflow/example_dags/example_task_group_decorator.py
[2023-08-14T18:49:15.354+0000] {logging_mixin.py:149} INFO - [2023-08-14T18:49:15.354+0000] {dag.py:2726} INFO - Sync 1 DAGs
[2023-08-14T18:49:15.371+0000] {logging_mixin.py:149} INFO - [2023-08-14T18:49:15.370+0000] {dag.py:3490} INFO - Setting next_dagrun for example_task_group_decorator to 2023-08-13T18:49:15.370749+00:00, run_after=2023-08-14T18:49:15.370749+00:00
[2023-08-14T18:49:15.386+0000] {processor.py:179} INFO - Processing /home/airflow/.local/lib/python3.7/site-packages/airflow/example_dags/example_task_group_decorator.py took 0.090 seconds
[2023-08-14T22:24:44.848+0000] {processor.py:157} INFO - Started process (PID=70523) to work on /home/airflow/.local/lib/python3.7/site-packages/airflow/example_dags/example_task_group_decorator.py
[2023-08-14T22:24:44.849+0000] {processor.py:826} INFO - Processing file /home/airflow/.local/lib/python3.7/site-packages/airflow/example_dags/example_task_group_decorator.py for tasks to queue
[2023-08-14T22:24:44.850+0000] {logging_mixin.py:149} INFO - [2023-08-14T22:24:44.850+0000] {dagbag.py:541} INFO - Filling up the DagBag from /home/airflow/.local/lib/python3.7/site-packages/airflow/example_dags/example_task_group_decorator.py
[2023-08-14T22:24:44.865+0000] {processor.py:836} INFO - DAG(s) dict_keys(['example_task_group_decorator']) retrieved from /home/airflow/.local/lib/python3.7/site-packages/airflow/example_dags/example_task_group_decorator.py
[2023-08-14T22:24:44.891+0000] {logging_mixin.py:149} INFO - [2023-08-14T22:24:44.891+0000] {dag.py:2726} INFO - Sync 1 DAGs
[2023-08-14T22:24:44.910+0000] {logging_mixin.py:149} INFO - [2023-08-14T22:24:44.910+0000] {dag.py:3490} INFO - Setting next_dagrun for example_task_group_decorator to 2023-08-13T22:24:44.910558+00:00, run_after=2023-08-14T22:24:44.910558+00:00
[2023-08-14T22:24:44.926+0000] {processor.py:179} INFO - Processing /home/airflow/.local/lib/python3.7/site-packages/airflow/example_dags/example_task_group_decorator.py took 0.080 seconds
