[2023-08-14T02:49:58.691+0000] {processor.py:157} INFO - Started process (PID=69469) to work on /home/airflow/.local/lib/python3.7/site-packages/airflow/example_dags/example_complex.py
[2023-08-14T02:49:58.692+0000] {processor.py:826} INFO - Processing file /home/airflow/.local/lib/python3.7/site-packages/airflow/example_dags/example_complex.py for tasks to queue
[2023-08-14T02:49:58.694+0000] {logging_mixin.py:149} INFO - [2023-08-14T02:49:58.693+0000] {dagbag.py:541} INFO - Filling up the DagBag from /home/airflow/.local/lib/python3.7/site-packages/airflow/example_dags/example_complex.py
[2023-08-14T02:49:58.702+0000] {logging_mixin.py:149} INFO - [2023-08-14T02:49:58.702+0000] {taskmixin.py:211} WARNING - Dependency <Task(BashOperator): create_entry_group>, delete_entry_group already registered for DAG: example_complex
[2023-08-14T02:49:58.702+0000] {logging_mixin.py:149} INFO - [2023-08-14T02:49:58.702+0000] {taskmixin.py:211} WARNING - Dependency <Task(BashOperator): delete_entry_group>, create_entry_group already registered for DAG: example_complex
[2023-08-14T02:49:58.703+0000] {logging_mixin.py:149} INFO - [2023-08-14T02:49:58.703+0000] {taskmixin.py:211} WARNING - Dependency <Task(BashOperator): create_entry_gcs>, delete_entry already registered for DAG: example_complex
[2023-08-14T02:49:58.703+0000] {logging_mixin.py:149} INFO - [2023-08-14T02:49:58.703+0000] {taskmixin.py:211} WARNING - Dependency <Task(BashOperator): delete_entry>, create_entry_gcs already registered for DAG: example_complex
[2023-08-14T02:49:58.704+0000] {logging_mixin.py:149} INFO - [2023-08-14T02:49:58.704+0000] {taskmixin.py:211} WARNING - Dependency <Task(BashOperator): create_tag>, delete_tag already registered for DAG: example_complex
[2023-08-14T02:49:58.704+0000] {logging_mixin.py:149} INFO - [2023-08-14T02:49:58.704+0000] {taskmixin.py:211} WARNING - Dependency <Task(BashOperator): delete_tag>, create_tag already registered for DAG: example_complex
[2023-08-14T02:49:58.706+0000] {processor.py:836} INFO - DAG(s) dict_keys(['example_complex']) retrieved from /home/airflow/.local/lib/python3.7/site-packages/airflow/example_dags/example_complex.py
[2023-08-14T02:49:58.736+0000] {logging_mixin.py:149} INFO - [2023-08-14T02:49:58.736+0000] {dag.py:2726} INFO - Sync 1 DAGs
[2023-08-14T02:49:58.754+0000] {logging_mixin.py:149} INFO - [2023-08-14T02:49:58.754+0000] {dag.py:3490} INFO - Setting next_dagrun for example_complex to None, run_after=None
[2023-08-14T02:49:58.766+0000] {processor.py:179} INFO - Processing /home/airflow/.local/lib/python3.7/site-packages/airflow/example_dags/example_complex.py took 0.079 seconds
[2023-08-14T05:00:37.017+0000] {processor.py:157} INFO - Started process (PID=69535) to work on /home/airflow/.local/lib/python3.7/site-packages/airflow/example_dags/example_complex.py
[2023-08-14T05:00:37.018+0000] {processor.py:826} INFO - Processing file /home/airflow/.local/lib/python3.7/site-packages/airflow/example_dags/example_complex.py for tasks to queue
[2023-08-14T05:00:37.019+0000] {logging_mixin.py:149} INFO - [2023-08-14T05:00:37.019+0000] {dagbag.py:541} INFO - Filling up the DagBag from /home/airflow/.local/lib/python3.7/site-packages/airflow/example_dags/example_complex.py
[2023-08-14T05:00:37.028+0000] {logging_mixin.py:149} INFO - [2023-08-14T05:00:37.027+0000] {taskmixin.py:211} WARNING - Dependency <Task(BashOperator): create_entry_group>, delete_entry_group already registered for DAG: example_complex
[2023-08-14T05:00:37.028+0000] {logging_mixin.py:149} INFO - [2023-08-14T05:00:37.028+0000] {taskmixin.py:211} WARNING - Dependency <Task(BashOperator): delete_entry_group>, create_entry_group already registered for DAG: example_complex
[2023-08-14T05:00:37.028+0000] {logging_mixin.py:149} INFO - [2023-08-14T05:00:37.028+0000] {taskmixin.py:211} WARNING - Dependency <Task(BashOperator): create_entry_gcs>, delete_entry already registered for DAG: example_complex
[2023-08-14T05:00:37.029+0000] {logging_mixin.py:149} INFO - [2023-08-14T05:00:37.029+0000] {taskmixin.py:211} WARNING - Dependency <Task(BashOperator): delete_entry>, create_entry_gcs already registered for DAG: example_complex
[2023-08-14T05:00:37.029+0000] {logging_mixin.py:149} INFO - [2023-08-14T05:00:37.029+0000] {taskmixin.py:211} WARNING - Dependency <Task(BashOperator): create_tag>, delete_tag already registered for DAG: example_complex
[2023-08-14T05:00:37.030+0000] {logging_mixin.py:149} INFO - [2023-08-14T05:00:37.030+0000] {taskmixin.py:211} WARNING - Dependency <Task(BashOperator): delete_tag>, create_tag already registered for DAG: example_complex
[2023-08-14T05:00:37.031+0000] {processor.py:836} INFO - DAG(s) dict_keys(['example_complex']) retrieved from /home/airflow/.local/lib/python3.7/site-packages/airflow/example_dags/example_complex.py
[2023-08-14T05:00:37.058+0000] {logging_mixin.py:149} INFO - [2023-08-14T05:00:37.058+0000] {dag.py:2726} INFO - Sync 1 DAGs
[2023-08-14T05:00:37.073+0000] {logging_mixin.py:149} INFO - [2023-08-14T05:00:37.073+0000] {dag.py:3490} INFO - Setting next_dagrun for example_complex to None, run_after=None
[2023-08-14T05:00:37.083+0000] {processor.py:179} INFO - Processing /home/airflow/.local/lib/python3.7/site-packages/airflow/example_dags/example_complex.py took 0.070 seconds
[2023-08-14T07:02:35.381+0000] {processor.py:157} INFO - Started process (PID=69601) to work on /home/airflow/.local/lib/python3.7/site-packages/airflow/example_dags/example_complex.py
[2023-08-14T07:02:35.383+0000] {processor.py:826} INFO - Processing file /home/airflow/.local/lib/python3.7/site-packages/airflow/example_dags/example_complex.py for tasks to queue
[2023-08-14T07:02:35.383+0000] {logging_mixin.py:149} INFO - [2023-08-14T07:02:35.383+0000] {dagbag.py:541} INFO - Filling up the DagBag from /home/airflow/.local/lib/python3.7/site-packages/airflow/example_dags/example_complex.py
[2023-08-14T07:02:35.391+0000] {logging_mixin.py:149} INFO - [2023-08-14T07:02:35.391+0000] {taskmixin.py:211} WARNING - Dependency <Task(BashOperator): create_entry_group>, delete_entry_group already registered for DAG: example_complex
[2023-08-14T07:02:35.391+0000] {logging_mixin.py:149} INFO - [2023-08-14T07:02:35.391+0000] {taskmixin.py:211} WARNING - Dependency <Task(BashOperator): delete_entry_group>, create_entry_group already registered for DAG: example_complex
[2023-08-14T07:02:35.392+0000] {logging_mixin.py:149} INFO - [2023-08-14T07:02:35.392+0000] {taskmixin.py:211} WARNING - Dependency <Task(BashOperator): create_entry_gcs>, delete_entry already registered for DAG: example_complex
[2023-08-14T07:02:35.392+0000] {logging_mixin.py:149} INFO - [2023-08-14T07:02:35.392+0000] {taskmixin.py:211} WARNING - Dependency <Task(BashOperator): delete_entry>, create_entry_gcs already registered for DAG: example_complex
[2023-08-14T07:02:35.393+0000] {logging_mixin.py:149} INFO - [2023-08-14T07:02:35.392+0000] {taskmixin.py:211} WARNING - Dependency <Task(BashOperator): create_tag>, delete_tag already registered for DAG: example_complex
[2023-08-14T07:02:35.393+0000] {logging_mixin.py:149} INFO - [2023-08-14T07:02:35.393+0000] {taskmixin.py:211} WARNING - Dependency <Task(BashOperator): delete_tag>, create_tag already registered for DAG: example_complex
[2023-08-14T07:02:35.394+0000] {processor.py:836} INFO - DAG(s) dict_keys(['example_complex']) retrieved from /home/airflow/.local/lib/python3.7/site-packages/airflow/example_dags/example_complex.py
[2023-08-14T07:02:35.421+0000] {logging_mixin.py:149} INFO - [2023-08-14T07:02:35.420+0000] {dag.py:2726} INFO - Sync 1 DAGs
[2023-08-14T07:02:35.437+0000] {logging_mixin.py:149} INFO - [2023-08-14T07:02:35.437+0000] {dag.py:3490} INFO - Setting next_dagrun for example_complex to None, run_after=None
[2023-08-14T07:02:35.448+0000] {processor.py:179} INFO - Processing /home/airflow/.local/lib/python3.7/site-packages/airflow/example_dags/example_complex.py took 0.072 seconds
[2023-08-14T08:25:13.324+0000] {processor.py:157} INFO - Started process (PID=69667) to work on /home/airflow/.local/lib/python3.7/site-packages/airflow/example_dags/example_complex.py
[2023-08-14T08:25:13.325+0000] {processor.py:826} INFO - Processing file /home/airflow/.local/lib/python3.7/site-packages/airflow/example_dags/example_complex.py for tasks to queue
[2023-08-14T08:25:13.326+0000] {logging_mixin.py:149} INFO - [2023-08-14T08:25:13.326+0000] {dagbag.py:541} INFO - Filling up the DagBag from /home/airflow/.local/lib/python3.7/site-packages/airflow/example_dags/example_complex.py
[2023-08-14T08:25:13.333+0000] {logging_mixin.py:149} INFO - [2023-08-14T08:25:13.333+0000] {taskmixin.py:211} WARNING - Dependency <Task(BashOperator): create_entry_group>, delete_entry_group already registered for DAG: example_complex
[2023-08-14T08:25:13.333+0000] {logging_mixin.py:149} INFO - [2023-08-14T08:25:13.333+0000] {taskmixin.py:211} WARNING - Dependency <Task(BashOperator): delete_entry_group>, create_entry_group already registered for DAG: example_complex
[2023-08-14T08:25:13.334+0000] {logging_mixin.py:149} INFO - [2023-08-14T08:25:13.334+0000] {taskmixin.py:211} WARNING - Dependency <Task(BashOperator): create_entry_gcs>, delete_entry already registered for DAG: example_complex
[2023-08-14T08:25:13.334+0000] {logging_mixin.py:149} INFO - [2023-08-14T08:25:13.334+0000] {taskmixin.py:211} WARNING - Dependency <Task(BashOperator): delete_entry>, create_entry_gcs already registered for DAG: example_complex
[2023-08-14T08:25:13.335+0000] {logging_mixin.py:149} INFO - [2023-08-14T08:25:13.335+0000] {taskmixin.py:211} WARNING - Dependency <Task(BashOperator): create_tag>, delete_tag already registered for DAG: example_complex
[2023-08-14T08:25:13.335+0000] {logging_mixin.py:149} INFO - [2023-08-14T08:25:13.335+0000] {taskmixin.py:211} WARNING - Dependency <Task(BashOperator): delete_tag>, create_tag already registered for DAG: example_complex
[2023-08-14T08:25:13.337+0000] {processor.py:836} INFO - DAG(s) dict_keys(['example_complex']) retrieved from /home/airflow/.local/lib/python3.7/site-packages/airflow/example_dags/example_complex.py
[2023-08-14T08:25:13.369+0000] {logging_mixin.py:149} INFO - [2023-08-14T08:25:13.369+0000] {dag.py:2726} INFO - Sync 1 DAGs
[2023-08-14T08:25:13.385+0000] {logging_mixin.py:149} INFO - [2023-08-14T08:25:13.385+0000] {dag.py:3490} INFO - Setting next_dagrun for example_complex to None, run_after=None
[2023-08-14T08:25:13.396+0000] {processor.py:179} INFO - Processing /home/airflow/.local/lib/python3.7/site-packages/airflow/example_dags/example_complex.py took 0.074 seconds
[2023-08-14T08:25:46.697+0000] {processor.py:157} INFO - Started process (PID=69734) to work on /home/airflow/.local/lib/python3.7/site-packages/airflow/example_dags/example_complex.py
[2023-08-14T08:25:46.698+0000] {processor.py:826} INFO - Processing file /home/airflow/.local/lib/python3.7/site-packages/airflow/example_dags/example_complex.py for tasks to queue
[2023-08-14T08:25:46.699+0000] {logging_mixin.py:149} INFO - [2023-08-14T08:25:46.699+0000] {dagbag.py:541} INFO - Filling up the DagBag from /home/airflow/.local/lib/python3.7/site-packages/airflow/example_dags/example_complex.py
[2023-08-14T08:25:46.705+0000] {logging_mixin.py:149} INFO - [2023-08-14T08:25:46.705+0000] {taskmixin.py:211} WARNING - Dependency <Task(BashOperator): create_entry_group>, delete_entry_group already registered for DAG: example_complex
[2023-08-14T08:25:46.706+0000] {logging_mixin.py:149} INFO - [2023-08-14T08:25:46.706+0000] {taskmixin.py:211} WARNING - Dependency <Task(BashOperator): delete_entry_group>, create_entry_group already registered for DAG: example_complex
[2023-08-14T08:25:46.706+0000] {logging_mixin.py:149} INFO - [2023-08-14T08:25:46.706+0000] {taskmixin.py:211} WARNING - Dependency <Task(BashOperator): create_entry_gcs>, delete_entry already registered for DAG: example_complex
[2023-08-14T08:25:46.710+0000] {logging_mixin.py:149} INFO - [2023-08-14T08:25:46.710+0000] {taskmixin.py:211} WARNING - Dependency <Task(BashOperator): delete_entry>, create_entry_gcs already registered for DAG: example_complex
[2023-08-14T08:25:46.711+0000] {logging_mixin.py:149} INFO - [2023-08-14T08:25:46.711+0000] {taskmixin.py:211} WARNING - Dependency <Task(BashOperator): create_tag>, delete_tag already registered for DAG: example_complex
[2023-08-14T08:25:46.716+0000] {logging_mixin.py:149} INFO - [2023-08-14T08:25:46.716+0000] {taskmixin.py:211} WARNING - Dependency <Task(BashOperator): delete_tag>, create_tag already registered for DAG: example_complex
[2023-08-14T08:25:46.735+0000] {processor.py:836} INFO - DAG(s) dict_keys(['example_complex']) retrieved from /home/airflow/.local/lib/python3.7/site-packages/airflow/example_dags/example_complex.py
[2023-08-14T08:25:46.767+0000] {logging_mixin.py:149} INFO - [2023-08-14T08:25:46.767+0000] {dag.py:2726} INFO - Sync 1 DAGs
[2023-08-14T08:25:46.784+0000] {logging_mixin.py:149} INFO - [2023-08-14T08:25:46.783+0000] {dag.py:3490} INFO - Setting next_dagrun for example_complex to None, run_after=None
[2023-08-14T08:25:46.796+0000] {processor.py:179} INFO - Processing /home/airflow/.local/lib/python3.7/site-packages/airflow/example_dags/example_complex.py took 0.102 seconds
[2023-08-14T08:26:20.379+0000] {processor.py:157} INFO - Started process (PID=69800) to work on /home/airflow/.local/lib/python3.7/site-packages/airflow/example_dags/example_complex.py
[2023-08-14T08:26:20.380+0000] {processor.py:826} INFO - Processing file /home/airflow/.local/lib/python3.7/site-packages/airflow/example_dags/example_complex.py for tasks to queue
[2023-08-14T08:26:20.381+0000] {logging_mixin.py:149} INFO - [2023-08-14T08:26:20.381+0000] {dagbag.py:541} INFO - Filling up the DagBag from /home/airflow/.local/lib/python3.7/site-packages/airflow/example_dags/example_complex.py
[2023-08-14T08:26:20.387+0000] {logging_mixin.py:149} INFO - [2023-08-14T08:26:20.387+0000] {taskmixin.py:211} WARNING - Dependency <Task(BashOperator): create_entry_group>, delete_entry_group already registered for DAG: example_complex
[2023-08-14T08:26:20.388+0000] {logging_mixin.py:149} INFO - [2023-08-14T08:26:20.388+0000] {taskmixin.py:211} WARNING - Dependency <Task(BashOperator): delete_entry_group>, create_entry_group already registered for DAG: example_complex
[2023-08-14T08:26:20.388+0000] {logging_mixin.py:149} INFO - [2023-08-14T08:26:20.388+0000] {taskmixin.py:211} WARNING - Dependency <Task(BashOperator): create_entry_gcs>, delete_entry already registered for DAG: example_complex
[2023-08-14T08:26:20.389+0000] {logging_mixin.py:149} INFO - [2023-08-14T08:26:20.389+0000] {taskmixin.py:211} WARNING - Dependency <Task(BashOperator): delete_entry>, create_entry_gcs already registered for DAG: example_complex
[2023-08-14T08:26:20.389+0000] {logging_mixin.py:149} INFO - [2023-08-14T08:26:20.389+0000] {taskmixin.py:211} WARNING - Dependency <Task(BashOperator): create_tag>, delete_tag already registered for DAG: example_complex
[2023-08-14T08:26:20.390+0000] {logging_mixin.py:149} INFO - [2023-08-14T08:26:20.389+0000] {taskmixin.py:211} WARNING - Dependency <Task(BashOperator): delete_tag>, create_tag already registered for DAG: example_complex
[2023-08-14T08:26:20.391+0000] {processor.py:836} INFO - DAG(s) dict_keys(['example_complex']) retrieved from /home/airflow/.local/lib/python3.7/site-packages/airflow/example_dags/example_complex.py
[2023-08-14T08:26:20.414+0000] {logging_mixin.py:149} INFO - [2023-08-14T08:26:20.414+0000] {dag.py:2726} INFO - Sync 1 DAGs
[2023-08-14T08:26:20.429+0000] {logging_mixin.py:149} INFO - [2023-08-14T08:26:20.429+0000] {dag.py:3490} INFO - Setting next_dagrun for example_complex to None, run_after=None
[2023-08-14T08:26:20.439+0000] {processor.py:179} INFO - Processing /home/airflow/.local/lib/python3.7/site-packages/airflow/example_dags/example_complex.py took 0.063 seconds
[2023-08-14T08:26:54.384+0000] {processor.py:157} INFO - Started process (PID=69866) to work on /home/airflow/.local/lib/python3.7/site-packages/airflow/example_dags/example_complex.py
[2023-08-14T08:26:54.395+0000] {processor.py:826} INFO - Processing file /home/airflow/.local/lib/python3.7/site-packages/airflow/example_dags/example_complex.py for tasks to queue
[2023-08-14T08:26:54.397+0000] {logging_mixin.py:149} INFO - [2023-08-14T08:26:54.397+0000] {dagbag.py:541} INFO - Filling up the DagBag from /home/airflow/.local/lib/python3.7/site-packages/airflow/example_dags/example_complex.py
[2023-08-14T08:26:54.412+0000] {logging_mixin.py:149} INFO - [2023-08-14T08:26:54.412+0000] {taskmixin.py:211} WARNING - Dependency <Task(BashOperator): create_entry_group>, delete_entry_group already registered for DAG: example_complex
[2023-08-14T08:26:54.413+0000] {logging_mixin.py:149} INFO - [2023-08-14T08:26:54.413+0000] {taskmixin.py:211} WARNING - Dependency <Task(BashOperator): delete_entry_group>, create_entry_group already registered for DAG: example_complex
[2023-08-14T08:26:54.413+0000] {logging_mixin.py:149} INFO - [2023-08-14T08:26:54.413+0000] {taskmixin.py:211} WARNING - Dependency <Task(BashOperator): create_entry_gcs>, delete_entry already registered for DAG: example_complex
[2023-08-14T08:26:54.414+0000] {logging_mixin.py:149} INFO - [2023-08-14T08:26:54.414+0000] {taskmixin.py:211} WARNING - Dependency <Task(BashOperator): delete_entry>, create_entry_gcs already registered for DAG: example_complex
[2023-08-14T08:26:54.414+0000] {logging_mixin.py:149} INFO - [2023-08-14T08:26:54.414+0000] {taskmixin.py:211} WARNING - Dependency <Task(BashOperator): create_tag>, delete_tag already registered for DAG: example_complex
[2023-08-14T08:26:54.414+0000] {logging_mixin.py:149} INFO - [2023-08-14T08:26:54.414+0000] {taskmixin.py:211} WARNING - Dependency <Task(BashOperator): delete_tag>, create_tag already registered for DAG: example_complex
[2023-08-14T08:26:54.416+0000] {processor.py:836} INFO - DAG(s) dict_keys(['example_complex']) retrieved from /home/airflow/.local/lib/python3.7/site-packages/airflow/example_dags/example_complex.py
[2023-08-14T08:26:54.453+0000] {logging_mixin.py:149} INFO - [2023-08-14T08:26:54.453+0000] {dag.py:2726} INFO - Sync 1 DAGs
[2023-08-14T08:26:54.468+0000] {logging_mixin.py:149} INFO - [2023-08-14T08:26:54.468+0000] {dag.py:3490} INFO - Setting next_dagrun for example_complex to None, run_after=None
[2023-08-14T08:26:54.479+0000] {processor.py:179} INFO - Processing /home/airflow/.local/lib/python3.7/site-packages/airflow/example_dags/example_complex.py took 0.104 seconds
[2023-08-14T08:27:24.647+0000] {processor.py:157} INFO - Started process (PID=69925) to work on /home/airflow/.local/lib/python3.7/site-packages/airflow/example_dags/example_complex.py
[2023-08-14T08:27:24.650+0000] {processor.py:826} INFO - Processing file /home/airflow/.local/lib/python3.7/site-packages/airflow/example_dags/example_complex.py for tasks to queue
[2023-08-14T08:27:24.651+0000] {logging_mixin.py:149} INFO - [2023-08-14T08:27:24.651+0000] {dagbag.py:541} INFO - Filling up the DagBag from /home/airflow/.local/lib/python3.7/site-packages/airflow/example_dags/example_complex.py
[2023-08-14T08:27:24.664+0000] {logging_mixin.py:149} INFO - [2023-08-14T08:27:24.664+0000] {taskmixin.py:211} WARNING - Dependency <Task(BashOperator): create_entry_group>, delete_entry_group already registered for DAG: example_complex
[2023-08-14T08:27:24.665+0000] {logging_mixin.py:149} INFO - [2023-08-14T08:27:24.665+0000] {taskmixin.py:211} WARNING - Dependency <Task(BashOperator): delete_entry_group>, create_entry_group already registered for DAG: example_complex
[2023-08-14T08:27:24.665+0000] {logging_mixin.py:149} INFO - [2023-08-14T08:27:24.665+0000] {taskmixin.py:211} WARNING - Dependency <Task(BashOperator): create_entry_gcs>, delete_entry already registered for DAG: example_complex
[2023-08-14T08:27:24.665+0000] {logging_mixin.py:149} INFO - [2023-08-14T08:27:24.665+0000] {taskmixin.py:211} WARNING - Dependency <Task(BashOperator): delete_entry>, create_entry_gcs already registered for DAG: example_complex
[2023-08-14T08:27:24.666+0000] {logging_mixin.py:149} INFO - [2023-08-14T08:27:24.666+0000] {taskmixin.py:211} WARNING - Dependency <Task(BashOperator): create_tag>, delete_tag already registered for DAG: example_complex
[2023-08-14T08:27:24.666+0000] {logging_mixin.py:149} INFO - [2023-08-14T08:27:24.666+0000] {taskmixin.py:211} WARNING - Dependency <Task(BashOperator): delete_tag>, create_tag already registered for DAG: example_complex
[2023-08-14T08:27:24.667+0000] {processor.py:836} INFO - DAG(s) dict_keys(['example_complex']) retrieved from /home/airflow/.local/lib/python3.7/site-packages/airflow/example_dags/example_complex.py
[2023-08-14T08:27:24.708+0000] {logging_mixin.py:149} INFO - [2023-08-14T08:27:24.708+0000] {dag.py:2726} INFO - Sync 1 DAGs
[2023-08-14T08:27:24.735+0000] {logging_mixin.py:149} INFO - [2023-08-14T08:27:24.735+0000] {dag.py:3490} INFO - Setting next_dagrun for example_complex to None, run_after=None
[2023-08-14T08:27:24.756+0000] {processor.py:179} INFO - Processing /home/airflow/.local/lib/python3.7/site-packages/airflow/example_dags/example_complex.py took 0.113 seconds
[2023-08-14T08:27:55.146+0000] {processor.py:157} INFO - Started process (PID=69987) to work on /home/airflow/.local/lib/python3.7/site-packages/airflow/example_dags/example_complex.py
[2023-08-14T08:27:55.148+0000] {processor.py:826} INFO - Processing file /home/airflow/.local/lib/python3.7/site-packages/airflow/example_dags/example_complex.py for tasks to queue
[2023-08-14T08:27:55.149+0000] {logging_mixin.py:149} INFO - [2023-08-14T08:27:55.149+0000] {dagbag.py:541} INFO - Filling up the DagBag from /home/airflow/.local/lib/python3.7/site-packages/airflow/example_dags/example_complex.py
[2023-08-14T08:27:55.156+0000] {logging_mixin.py:149} INFO - [2023-08-14T08:27:55.156+0000] {taskmixin.py:211} WARNING - Dependency <Task(BashOperator): create_entry_group>, delete_entry_group already registered for DAG: example_complex
[2023-08-14T08:27:55.156+0000] {logging_mixin.py:149} INFO - [2023-08-14T08:27:55.156+0000] {taskmixin.py:211} WARNING - Dependency <Task(BashOperator): delete_entry_group>, create_entry_group already registered for DAG: example_complex
[2023-08-14T08:27:55.157+0000] {logging_mixin.py:149} INFO - [2023-08-14T08:27:55.157+0000] {taskmixin.py:211} WARNING - Dependency <Task(BashOperator): create_entry_gcs>, delete_entry already registered for DAG: example_complex
[2023-08-14T08:27:55.157+0000] {logging_mixin.py:149} INFO - [2023-08-14T08:27:55.157+0000] {taskmixin.py:211} WARNING - Dependency <Task(BashOperator): delete_entry>, create_entry_gcs already registered for DAG: example_complex
[2023-08-14T08:27:55.158+0000] {logging_mixin.py:149} INFO - [2023-08-14T08:27:55.158+0000] {taskmixin.py:211} WARNING - Dependency <Task(BashOperator): create_tag>, delete_tag already registered for DAG: example_complex
[2023-08-14T08:27:55.158+0000] {logging_mixin.py:149} INFO - [2023-08-14T08:27:55.158+0000] {taskmixin.py:211} WARNING - Dependency <Task(BashOperator): delete_tag>, create_tag already registered for DAG: example_complex
[2023-08-14T08:27:55.159+0000] {processor.py:836} INFO - DAG(s) dict_keys(['example_complex']) retrieved from /home/airflow/.local/lib/python3.7/site-packages/airflow/example_dags/example_complex.py
[2023-08-14T08:27:55.187+0000] {logging_mixin.py:149} INFO - [2023-08-14T08:27:55.187+0000] {dag.py:2726} INFO - Sync 1 DAGs
[2023-08-14T08:27:55.203+0000] {logging_mixin.py:149} INFO - [2023-08-14T08:27:55.203+0000] {dag.py:3490} INFO - Setting next_dagrun for example_complex to None, run_after=None
[2023-08-14T08:27:55.214+0000] {processor.py:179} INFO - Processing /home/airflow/.local/lib/python3.7/site-packages/airflow/example_dags/example_complex.py took 0.074 seconds
[2023-08-14T08:28:25.307+0000] {processor.py:157} INFO - Started process (PID=70053) to work on /home/airflow/.local/lib/python3.7/site-packages/airflow/example_dags/example_complex.py
[2023-08-14T08:28:25.308+0000] {processor.py:826} INFO - Processing file /home/airflow/.local/lib/python3.7/site-packages/airflow/example_dags/example_complex.py for tasks to queue
[2023-08-14T08:28:25.308+0000] {logging_mixin.py:149} INFO - [2023-08-14T08:28:25.308+0000] {dagbag.py:541} INFO - Filling up the DagBag from /home/airflow/.local/lib/python3.7/site-packages/airflow/example_dags/example_complex.py
[2023-08-14T08:28:25.315+0000] {logging_mixin.py:149} INFO - [2023-08-14T08:28:25.315+0000] {taskmixin.py:211} WARNING - Dependency <Task(BashOperator): create_entry_group>, delete_entry_group already registered for DAG: example_complex
[2023-08-14T08:28:25.315+0000] {logging_mixin.py:149} INFO - [2023-08-14T08:28:25.315+0000] {taskmixin.py:211} WARNING - Dependency <Task(BashOperator): delete_entry_group>, create_entry_group already registered for DAG: example_complex
[2023-08-14T08:28:25.316+0000] {logging_mixin.py:149} INFO - [2023-08-14T08:28:25.316+0000] {taskmixin.py:211} WARNING - Dependency <Task(BashOperator): create_entry_gcs>, delete_entry already registered for DAG: example_complex
[2023-08-14T08:28:25.316+0000] {logging_mixin.py:149} INFO - [2023-08-14T08:28:25.316+0000] {taskmixin.py:211} WARNING - Dependency <Task(BashOperator): delete_entry>, create_entry_gcs already registered for DAG: example_complex
[2023-08-14T08:28:25.317+0000] {logging_mixin.py:149} INFO - [2023-08-14T08:28:25.317+0000] {taskmixin.py:211} WARNING - Dependency <Task(BashOperator): create_tag>, delete_tag already registered for DAG: example_complex
[2023-08-14T08:28:25.317+0000] {logging_mixin.py:149} INFO - [2023-08-14T08:28:25.317+0000] {taskmixin.py:211} WARNING - Dependency <Task(BashOperator): delete_tag>, create_tag already registered for DAG: example_complex
[2023-08-14T08:28:25.319+0000] {processor.py:836} INFO - DAG(s) dict_keys(['example_complex']) retrieved from /home/airflow/.local/lib/python3.7/site-packages/airflow/example_dags/example_complex.py
[2023-08-14T08:28:25.342+0000] {logging_mixin.py:149} INFO - [2023-08-14T08:28:25.342+0000] {dag.py:2726} INFO - Sync 1 DAGs
[2023-08-14T08:28:25.356+0000] {logging_mixin.py:149} INFO - [2023-08-14T08:28:25.356+0000] {dag.py:3490} INFO - Setting next_dagrun for example_complex to None, run_after=None
[2023-08-14T08:28:25.367+0000] {processor.py:179} INFO - Processing /home/airflow/.local/lib/python3.7/site-packages/airflow/example_dags/example_complex.py took 0.063 seconds
[2023-08-14T10:03:27.634+0000] {processor.py:157} INFO - Started process (PID=70131) to work on /home/airflow/.local/lib/python3.7/site-packages/airflow/example_dags/example_complex.py
[2023-08-14T10:03:27.636+0000] {processor.py:826} INFO - Processing file /home/airflow/.local/lib/python3.7/site-packages/airflow/example_dags/example_complex.py for tasks to queue
[2023-08-14T10:03:27.637+0000] {logging_mixin.py:149} INFO - [2023-08-14T10:03:27.637+0000] {dagbag.py:541} INFO - Filling up the DagBag from /home/airflow/.local/lib/python3.7/site-packages/airflow/example_dags/example_complex.py
[2023-08-14T10:03:27.649+0000] {logging_mixin.py:149} INFO - [2023-08-14T10:03:27.649+0000] {taskmixin.py:211} WARNING - Dependency <Task(BashOperator): create_entry_group>, delete_entry_group already registered for DAG: example_complex
[2023-08-14T10:03:27.649+0000] {logging_mixin.py:149} INFO - [2023-08-14T10:03:27.649+0000] {taskmixin.py:211} WARNING - Dependency <Task(BashOperator): delete_entry_group>, create_entry_group already registered for DAG: example_complex
[2023-08-14T10:03:27.650+0000] {logging_mixin.py:149} INFO - [2023-08-14T10:03:27.650+0000] {taskmixin.py:211} WARNING - Dependency <Task(BashOperator): create_entry_gcs>, delete_entry already registered for DAG: example_complex
[2023-08-14T10:03:27.650+0000] {logging_mixin.py:149} INFO - [2023-08-14T10:03:27.650+0000] {taskmixin.py:211} WARNING - Dependency <Task(BashOperator): delete_entry>, create_entry_gcs already registered for DAG: example_complex
[2023-08-14T10:03:27.651+0000] {logging_mixin.py:149} INFO - [2023-08-14T10:03:27.651+0000] {taskmixin.py:211} WARNING - Dependency <Task(BashOperator): create_tag>, delete_tag already registered for DAG: example_complex
[2023-08-14T10:03:27.651+0000] {logging_mixin.py:149} INFO - [2023-08-14T10:03:27.651+0000] {taskmixin.py:211} WARNING - Dependency <Task(BashOperator): delete_tag>, create_tag already registered for DAG: example_complex
[2023-08-14T10:03:27.652+0000] {processor.py:836} INFO - DAG(s) dict_keys(['example_complex']) retrieved from /home/airflow/.local/lib/python3.7/site-packages/airflow/example_dags/example_complex.py
[2023-08-14T10:03:27.679+0000] {logging_mixin.py:149} INFO - [2023-08-14T10:03:27.679+0000] {dag.py:2726} INFO - Sync 1 DAGs
[2023-08-14T10:03:27.695+0000] {logging_mixin.py:149} INFO - [2023-08-14T10:03:27.695+0000] {dag.py:3490} INFO - Setting next_dagrun for example_complex to None, run_after=None
[2023-08-14T10:03:27.706+0000] {processor.py:179} INFO - Processing /home/airflow/.local/lib/python3.7/site-packages/airflow/example_dags/example_complex.py took 0.083 seconds
[2023-08-14T10:36:52.491+0000] {processor.py:157} INFO - Started process (PID=70197) to work on /home/airflow/.local/lib/python3.7/site-packages/airflow/example_dags/example_complex.py
[2023-08-14T10:36:52.492+0000] {processor.py:826} INFO - Processing file /home/airflow/.local/lib/python3.7/site-packages/airflow/example_dags/example_complex.py for tasks to queue
[2023-08-14T10:36:52.495+0000] {logging_mixin.py:149} INFO - [2023-08-14T10:36:52.495+0000] {dagbag.py:541} INFO - Filling up the DagBag from /home/airflow/.local/lib/python3.7/site-packages/airflow/example_dags/example_complex.py
[2023-08-14T10:36:52.503+0000] {logging_mixin.py:149} INFO - [2023-08-14T10:36:52.502+0000] {taskmixin.py:211} WARNING - Dependency <Task(BashOperator): create_entry_group>, delete_entry_group already registered for DAG: example_complex
[2023-08-14T10:36:52.503+0000] {logging_mixin.py:149} INFO - [2023-08-14T10:36:52.503+0000] {taskmixin.py:211} WARNING - Dependency <Task(BashOperator): delete_entry_group>, create_entry_group already registered for DAG: example_complex
[2023-08-14T10:36:52.503+0000] {logging_mixin.py:149} INFO - [2023-08-14T10:36:52.503+0000] {taskmixin.py:211} WARNING - Dependency <Task(BashOperator): create_entry_gcs>, delete_entry already registered for DAG: example_complex
[2023-08-14T10:36:52.504+0000] {logging_mixin.py:149} INFO - [2023-08-14T10:36:52.504+0000] {taskmixin.py:211} WARNING - Dependency <Task(BashOperator): delete_entry>, create_entry_gcs already registered for DAG: example_complex
[2023-08-14T10:36:52.504+0000] {logging_mixin.py:149} INFO - [2023-08-14T10:36:52.504+0000] {taskmixin.py:211} WARNING - Dependency <Task(BashOperator): create_tag>, delete_tag already registered for DAG: example_complex
[2023-08-14T10:36:52.505+0000] {logging_mixin.py:149} INFO - [2023-08-14T10:36:52.504+0000] {taskmixin.py:211} WARNING - Dependency <Task(BashOperator): delete_tag>, create_tag already registered for DAG: example_complex
[2023-08-14T10:36:52.506+0000] {processor.py:836} INFO - DAG(s) dict_keys(['example_complex']) retrieved from /home/airflow/.local/lib/python3.7/site-packages/airflow/example_dags/example_complex.py
[2023-08-14T10:36:52.533+0000] {logging_mixin.py:149} INFO - [2023-08-14T10:36:52.533+0000] {dag.py:2726} INFO - Sync 1 DAGs
[2023-08-14T10:36:52.549+0000] {logging_mixin.py:149} INFO - [2023-08-14T10:36:52.549+0000] {dag.py:3490} INFO - Setting next_dagrun for example_complex to None, run_after=None
[2023-08-14T10:36:52.560+0000] {processor.py:179} INFO - Processing /home/airflow/.local/lib/python3.7/site-packages/airflow/example_dags/example_complex.py took 0.073 seconds
[2023-08-14T13:13:51.961+0000] {processor.py:157} INFO - Started process (PID=70263) to work on /home/airflow/.local/lib/python3.7/site-packages/airflow/example_dags/example_complex.py
[2023-08-14T13:13:51.962+0000] {processor.py:826} INFO - Processing file /home/airflow/.local/lib/python3.7/site-packages/airflow/example_dags/example_complex.py for tasks to queue
[2023-08-14T13:13:51.962+0000] {logging_mixin.py:149} INFO - [2023-08-14T13:13:51.962+0000] {dagbag.py:541} INFO - Filling up the DagBag from /home/airflow/.local/lib/python3.7/site-packages/airflow/example_dags/example_complex.py
[2023-08-14T13:13:51.971+0000] {logging_mixin.py:149} INFO - [2023-08-14T13:13:51.971+0000] {taskmixin.py:211} WARNING - Dependency <Task(BashOperator): create_entry_group>, delete_entry_group already registered for DAG: example_complex
[2023-08-14T13:13:51.972+0000] {logging_mixin.py:149} INFO - [2023-08-14T13:13:51.972+0000] {taskmixin.py:211} WARNING - Dependency <Task(BashOperator): delete_entry_group>, create_entry_group already registered for DAG: example_complex
[2023-08-14T13:13:51.977+0000] {logging_mixin.py:149} INFO - [2023-08-14T13:13:51.977+0000] {taskmixin.py:211} WARNING - Dependency <Task(BashOperator): create_entry_gcs>, delete_entry already registered for DAG: example_complex
[2023-08-14T13:13:51.979+0000] {logging_mixin.py:149} INFO - [2023-08-14T13:13:51.979+0000] {taskmixin.py:211} WARNING - Dependency <Task(BashOperator): delete_entry>, create_entry_gcs already registered for DAG: example_complex
[2023-08-14T13:13:51.998+0000] {logging_mixin.py:149} INFO - [2023-08-14T13:13:51.998+0000] {taskmixin.py:211} WARNING - Dependency <Task(BashOperator): create_tag>, delete_tag already registered for DAG: example_complex
[2023-08-14T13:13:51.999+0000] {logging_mixin.py:149} INFO - [2023-08-14T13:13:51.999+0000] {taskmixin.py:211} WARNING - Dependency <Task(BashOperator): delete_tag>, create_tag already registered for DAG: example_complex
[2023-08-14T13:13:52.001+0000] {processor.py:836} INFO - DAG(s) dict_keys(['example_complex']) retrieved from /home/airflow/.local/lib/python3.7/site-packages/airflow/example_dags/example_complex.py
[2023-08-14T13:13:52.034+0000] {logging_mixin.py:149} INFO - [2023-08-14T13:13:52.034+0000] {dag.py:2726} INFO - Sync 1 DAGs
[2023-08-14T13:13:52.058+0000] {logging_mixin.py:149} INFO - [2023-08-14T13:13:52.058+0000] {dag.py:3490} INFO - Setting next_dagrun for example_complex to None, run_after=None
[2023-08-14T13:13:52.071+0000] {processor.py:179} INFO - Processing /home/airflow/.local/lib/python3.7/site-packages/airflow/example_dags/example_complex.py took 0.116 seconds
[2023-08-14T14:29:04.914+0000] {processor.py:157} INFO - Started process (PID=70328) to work on /home/airflow/.local/lib/python3.7/site-packages/airflow/example_dags/example_complex.py
[2023-08-14T14:29:04.915+0000] {processor.py:826} INFO - Processing file /home/airflow/.local/lib/python3.7/site-packages/airflow/example_dags/example_complex.py for tasks to queue
[2023-08-14T14:29:04.916+0000] {logging_mixin.py:149} INFO - [2023-08-14T14:29:04.916+0000] {dagbag.py:541} INFO - Filling up the DagBag from /home/airflow/.local/lib/python3.7/site-packages/airflow/example_dags/example_complex.py
[2023-08-14T14:29:04.924+0000] {logging_mixin.py:149} INFO - [2023-08-14T14:29:04.924+0000] {taskmixin.py:211} WARNING - Dependency <Task(BashOperator): create_entry_group>, delete_entry_group already registered for DAG: example_complex
[2023-08-14T14:29:04.924+0000] {logging_mixin.py:149} INFO - [2023-08-14T14:29:04.924+0000] {taskmixin.py:211} WARNING - Dependency <Task(BashOperator): delete_entry_group>, create_entry_group already registered for DAG: example_complex
[2023-08-14T14:29:04.925+0000] {logging_mixin.py:149} INFO - [2023-08-14T14:29:04.925+0000] {taskmixin.py:211} WARNING - Dependency <Task(BashOperator): create_entry_gcs>, delete_entry already registered for DAG: example_complex
[2023-08-14T14:29:04.925+0000] {logging_mixin.py:149} INFO - [2023-08-14T14:29:04.925+0000] {taskmixin.py:211} WARNING - Dependency <Task(BashOperator): delete_entry>, create_entry_gcs already registered for DAG: example_complex
[2023-08-14T14:29:04.926+0000] {logging_mixin.py:149} INFO - [2023-08-14T14:29:04.925+0000] {taskmixin.py:211} WARNING - Dependency <Task(BashOperator): create_tag>, delete_tag already registered for DAG: example_complex
[2023-08-14T14:29:04.926+0000] {logging_mixin.py:149} INFO - [2023-08-14T14:29:04.926+0000] {taskmixin.py:211} WARNING - Dependency <Task(BashOperator): delete_tag>, create_tag already registered for DAG: example_complex
[2023-08-14T14:29:04.927+0000] {processor.py:836} INFO - DAG(s) dict_keys(['example_complex']) retrieved from /home/airflow/.local/lib/python3.7/site-packages/airflow/example_dags/example_complex.py
[2023-08-14T14:29:04.956+0000] {logging_mixin.py:149} INFO - [2023-08-14T14:29:04.956+0000] {dag.py:2726} INFO - Sync 1 DAGs
[2023-08-14T14:29:04.971+0000] {logging_mixin.py:149} INFO - [2023-08-14T14:29:04.971+0000] {dag.py:3490} INFO - Setting next_dagrun for example_complex to None, run_after=None
[2023-08-14T14:29:04.986+0000] {processor.py:179} INFO - Processing /home/airflow/.local/lib/python3.7/site-packages/airflow/example_dags/example_complex.py took 0.076 seconds
[2023-08-14T17:05:43.952+0000] {processor.py:157} INFO - Started process (PID=70394) to work on /home/airflow/.local/lib/python3.7/site-packages/airflow/example_dags/example_complex.py
[2023-08-14T17:05:43.953+0000] {processor.py:826} INFO - Processing file /home/airflow/.local/lib/python3.7/site-packages/airflow/example_dags/example_complex.py for tasks to queue
[2023-08-14T17:05:43.954+0000] {logging_mixin.py:149} INFO - [2023-08-14T17:05:43.953+0000] {dagbag.py:541} INFO - Filling up the DagBag from /home/airflow/.local/lib/python3.7/site-packages/airflow/example_dags/example_complex.py
[2023-08-14T17:05:43.961+0000] {logging_mixin.py:149} INFO - [2023-08-14T17:05:43.961+0000] {taskmixin.py:211} WARNING - Dependency <Task(BashOperator): create_entry_group>, delete_entry_group already registered for DAG: example_complex
[2023-08-14T17:05:43.962+0000] {logging_mixin.py:149} INFO - [2023-08-14T17:05:43.962+0000] {taskmixin.py:211} WARNING - Dependency <Task(BashOperator): delete_entry_group>, create_entry_group already registered for DAG: example_complex
[2023-08-14T17:05:43.962+0000] {logging_mixin.py:149} INFO - [2023-08-14T17:05:43.962+0000] {taskmixin.py:211} WARNING - Dependency <Task(BashOperator): create_entry_gcs>, delete_entry already registered for DAG: example_complex
[2023-08-14T17:05:43.962+0000] {logging_mixin.py:149} INFO - [2023-08-14T17:05:43.962+0000] {taskmixin.py:211} WARNING - Dependency <Task(BashOperator): delete_entry>, create_entry_gcs already registered for DAG: example_complex
[2023-08-14T17:05:43.964+0000] {logging_mixin.py:149} INFO - [2023-08-14T17:05:43.963+0000] {taskmixin.py:211} WARNING - Dependency <Task(BashOperator): create_tag>, delete_tag already registered for DAG: example_complex
[2023-08-14T17:05:43.964+0000] {logging_mixin.py:149} INFO - [2023-08-14T17:05:43.964+0000] {taskmixin.py:211} WARNING - Dependency <Task(BashOperator): delete_tag>, create_tag already registered for DAG: example_complex
[2023-08-14T17:05:43.966+0000] {processor.py:836} INFO - DAG(s) dict_keys(['example_complex']) retrieved from /home/airflow/.local/lib/python3.7/site-packages/airflow/example_dags/example_complex.py
[2023-08-14T17:05:44.001+0000] {logging_mixin.py:149} INFO - [2023-08-14T17:05:44.001+0000] {dag.py:2726} INFO - Sync 1 DAGs
[2023-08-14T17:05:44.025+0000] {logging_mixin.py:149} INFO - [2023-08-14T17:05:44.024+0000] {dag.py:3490} INFO - Setting next_dagrun for example_complex to None, run_after=None
[2023-08-14T17:05:44.036+0000] {processor.py:179} INFO - Processing /home/airflow/.local/lib/python3.7/site-packages/airflow/example_dags/example_complex.py took 0.087 seconds
[2023-08-14T18:49:15.458+0000] {processor.py:157} INFO - Started process (PID=70460) to work on /home/airflow/.local/lib/python3.7/site-packages/airflow/example_dags/example_complex.py
[2023-08-14T18:49:15.459+0000] {processor.py:826} INFO - Processing file /home/airflow/.local/lib/python3.7/site-packages/airflow/example_dags/example_complex.py for tasks to queue
[2023-08-14T18:49:15.460+0000] {logging_mixin.py:149} INFO - [2023-08-14T18:49:15.460+0000] {dagbag.py:541} INFO - Filling up the DagBag from /home/airflow/.local/lib/python3.7/site-packages/airflow/example_dags/example_complex.py
[2023-08-14T18:49:15.469+0000] {logging_mixin.py:149} INFO - [2023-08-14T18:49:15.469+0000] {taskmixin.py:211} WARNING - Dependency <Task(BashOperator): create_entry_group>, delete_entry_group already registered for DAG: example_complex
[2023-08-14T18:49:15.471+0000] {logging_mixin.py:149} INFO - [2023-08-14T18:49:15.470+0000] {taskmixin.py:211} WARNING - Dependency <Task(BashOperator): delete_entry_group>, create_entry_group already registered for DAG: example_complex
[2023-08-14T18:49:15.471+0000] {logging_mixin.py:149} INFO - [2023-08-14T18:49:15.471+0000] {taskmixin.py:211} WARNING - Dependency <Task(BashOperator): create_entry_gcs>, delete_entry already registered for DAG: example_complex
[2023-08-14T18:49:15.473+0000] {logging_mixin.py:149} INFO - [2023-08-14T18:49:15.473+0000] {taskmixin.py:211} WARNING - Dependency <Task(BashOperator): delete_entry>, create_entry_gcs already registered for DAG: example_complex
[2023-08-14T18:49:15.474+0000] {logging_mixin.py:149} INFO - [2023-08-14T18:49:15.474+0000] {taskmixin.py:211} WARNING - Dependency <Task(BashOperator): create_tag>, delete_tag already registered for DAG: example_complex
[2023-08-14T18:49:15.474+0000] {logging_mixin.py:149} INFO - [2023-08-14T18:49:15.474+0000] {taskmixin.py:211} WARNING - Dependency <Task(BashOperator): delete_tag>, create_tag already registered for DAG: example_complex
[2023-08-14T18:49:15.476+0000] {processor.py:836} INFO - DAG(s) dict_keys(['example_complex']) retrieved from /home/airflow/.local/lib/python3.7/site-packages/airflow/example_dags/example_complex.py
[2023-08-14T18:49:15.510+0000] {logging_mixin.py:149} INFO - [2023-08-14T18:49:15.509+0000] {dag.py:2726} INFO - Sync 1 DAGs
[2023-08-14T18:49:15.531+0000] {logging_mixin.py:149} INFO - [2023-08-14T18:49:15.531+0000] {dag.py:3490} INFO - Setting next_dagrun for example_complex to None, run_after=None
[2023-08-14T18:49:15.545+0000] {processor.py:179} INFO - Processing /home/airflow/.local/lib/python3.7/site-packages/airflow/example_dags/example_complex.py took 0.090 seconds
[2023-08-14T22:24:45.033+0000] {processor.py:157} INFO - Started process (PID=70526) to work on /home/airflow/.local/lib/python3.7/site-packages/airflow/example_dags/example_complex.py
[2023-08-14T22:24:45.034+0000] {processor.py:826} INFO - Processing file /home/airflow/.local/lib/python3.7/site-packages/airflow/example_dags/example_complex.py for tasks to queue
[2023-08-14T22:24:45.035+0000] {logging_mixin.py:149} INFO - [2023-08-14T22:24:45.034+0000] {dagbag.py:541} INFO - Filling up the DagBag from /home/airflow/.local/lib/python3.7/site-packages/airflow/example_dags/example_complex.py
[2023-08-14T22:24:45.043+0000] {logging_mixin.py:149} INFO - [2023-08-14T22:24:45.043+0000] {taskmixin.py:211} WARNING - Dependency <Task(BashOperator): create_entry_group>, delete_entry_group already registered for DAG: example_complex
[2023-08-14T22:24:45.044+0000] {logging_mixin.py:149} INFO - [2023-08-14T22:24:45.044+0000] {taskmixin.py:211} WARNING - Dependency <Task(BashOperator): delete_entry_group>, create_entry_group already registered for DAG: example_complex
[2023-08-14T22:24:45.044+0000] {logging_mixin.py:149} INFO - [2023-08-14T22:24:45.044+0000] {taskmixin.py:211} WARNING - Dependency <Task(BashOperator): create_entry_gcs>, delete_entry already registered for DAG: example_complex
[2023-08-14T22:24:45.045+0000] {logging_mixin.py:149} INFO - [2023-08-14T22:24:45.044+0000] {taskmixin.py:211} WARNING - Dependency <Task(BashOperator): delete_entry>, create_entry_gcs already registered for DAG: example_complex
[2023-08-14T22:24:45.045+0000] {logging_mixin.py:149} INFO - [2023-08-14T22:24:45.045+0000] {taskmixin.py:211} WARNING - Dependency <Task(BashOperator): create_tag>, delete_tag already registered for DAG: example_complex
[2023-08-14T22:24:45.045+0000] {logging_mixin.py:149} INFO - [2023-08-14T22:24:45.045+0000] {taskmixin.py:211} WARNING - Dependency <Task(BashOperator): delete_tag>, create_tag already registered for DAG: example_complex
[2023-08-14T22:24:45.047+0000] {processor.py:836} INFO - DAG(s) dict_keys(['example_complex']) retrieved from /home/airflow/.local/lib/python3.7/site-packages/airflow/example_dags/example_complex.py
[2023-08-14T22:24:45.079+0000] {logging_mixin.py:149} INFO - [2023-08-14T22:24:45.079+0000] {dag.py:2726} INFO - Sync 1 DAGs
[2023-08-14T22:24:45.095+0000] {logging_mixin.py:149} INFO - [2023-08-14T22:24:45.095+0000] {dag.py:3490} INFO - Setting next_dagrun for example_complex to None, run_after=None
[2023-08-14T22:24:45.107+0000] {processor.py:179} INFO - Processing /home/airflow/.local/lib/python3.7/site-packages/airflow/example_dags/example_complex.py took 0.078 seconds
