[2023-08-14T02:49:58.145+0000] {processor.py:157} INFO - Started process (PID=69460) to work on /home/airflow/.local/lib/python3.7/site-packages/airflow/example_dags/example_sla_dag.py
[2023-08-14T02:49:58.146+0000] {processor.py:826} INFO - Processing file /home/airflow/.local/lib/python3.7/site-packages/airflow/example_dags/example_sla_dag.py for tasks to queue
[2023-08-14T02:49:58.146+0000] {logging_mixin.py:149} INFO - [2023-08-14T02:49:58.146+0000] {dagbag.py:541} INFO - Filling up the DagBag from /home/airflow/.local/lib/python3.7/site-packages/airflow/example_dags/example_sla_dag.py
[2023-08-14T02:49:58.155+0000] {processor.py:836} INFO - DAG(s) dict_keys(['example_sla_dag']) retrieved from /home/airflow/.local/lib/python3.7/site-packages/airflow/example_dags/example_sla_dag.py
[2023-08-14T02:49:58.180+0000] {logging_mixin.py:149} INFO - [2023-08-14T02:49:58.180+0000] {dag.py:2726} INFO - Sync 1 DAGs
[2023-08-14T02:49:58.201+0000] {logging_mixin.py:149} INFO - [2023-08-14T02:49:58.201+0000] {dag.py:3490} INFO - Setting next_dagrun for example_sla_dag to 2023-08-14T02:46:00+00:00, run_after=2023-08-14T02:48:00+00:00
[2023-08-14T02:49:58.219+0000] {processor.py:179} INFO - Processing /home/airflow/.local/lib/python3.7/site-packages/airflow/example_dags/example_sla_dag.py took 0.077 seconds
[2023-08-14T05:00:36.512+0000] {processor.py:157} INFO - Started process (PID=69526) to work on /home/airflow/.local/lib/python3.7/site-packages/airflow/example_dags/example_sla_dag.py
[2023-08-14T05:00:36.513+0000] {processor.py:826} INFO - Processing file /home/airflow/.local/lib/python3.7/site-packages/airflow/example_dags/example_sla_dag.py for tasks to queue
[2023-08-14T05:00:36.514+0000] {logging_mixin.py:149} INFO - [2023-08-14T05:00:36.514+0000] {dagbag.py:541} INFO - Filling up the DagBag from /home/airflow/.local/lib/python3.7/site-packages/airflow/example_dags/example_sla_dag.py
[2023-08-14T05:00:36.522+0000] {processor.py:836} INFO - DAG(s) dict_keys(['example_sla_dag']) retrieved from /home/airflow/.local/lib/python3.7/site-packages/airflow/example_dags/example_sla_dag.py
[2023-08-14T05:00:36.554+0000] {logging_mixin.py:149} INFO - [2023-08-14T05:00:36.554+0000] {dag.py:2726} INFO - Sync 1 DAGs
[2023-08-14T05:00:36.572+0000] {logging_mixin.py:149} INFO - [2023-08-14T05:00:36.571+0000] {dag.py:3490} INFO - Setting next_dagrun for example_sla_dag to 2023-08-14T04:58:00+00:00, run_after=2023-08-14T05:00:00+00:00
[2023-08-14T05:00:36.587+0000] {processor.py:179} INFO - Processing /home/airflow/.local/lib/python3.7/site-packages/airflow/example_dags/example_sla_dag.py took 0.077 seconds
[2023-08-14T07:02:34.914+0000] {processor.py:157} INFO - Started process (PID=69592) to work on /home/airflow/.local/lib/python3.7/site-packages/airflow/example_dags/example_sla_dag.py
[2023-08-14T07:02:34.915+0000] {processor.py:826} INFO - Processing file /home/airflow/.local/lib/python3.7/site-packages/airflow/example_dags/example_sla_dag.py for tasks to queue
[2023-08-14T07:02:34.916+0000] {logging_mixin.py:149} INFO - [2023-08-14T07:02:34.916+0000] {dagbag.py:541} INFO - Filling up the DagBag from /home/airflow/.local/lib/python3.7/site-packages/airflow/example_dags/example_sla_dag.py
[2023-08-14T07:02:34.924+0000] {processor.py:836} INFO - DAG(s) dict_keys(['example_sla_dag']) retrieved from /home/airflow/.local/lib/python3.7/site-packages/airflow/example_dags/example_sla_dag.py
[2023-08-14T07:02:34.954+0000] {logging_mixin.py:149} INFO - [2023-08-14T07:02:34.954+0000] {dag.py:2726} INFO - Sync 1 DAGs
[2023-08-14T07:02:34.973+0000] {logging_mixin.py:149} INFO - [2023-08-14T07:02:34.973+0000] {dag.py:3490} INFO - Setting next_dagrun for example_sla_dag to 2023-08-14T07:00:00+00:00, run_after=2023-08-14T07:02:00+00:00
[2023-08-14T07:02:34.985+0000] {processor.py:179} INFO - Processing /home/airflow/.local/lib/python3.7/site-packages/airflow/example_dags/example_sla_dag.py took 0.079 seconds
[2023-08-14T08:25:12.831+0000] {processor.py:157} INFO - Started process (PID=69658) to work on /home/airflow/.local/lib/python3.7/site-packages/airflow/example_dags/example_sla_dag.py
[2023-08-14T08:25:12.832+0000] {processor.py:826} INFO - Processing file /home/airflow/.local/lib/python3.7/site-packages/airflow/example_dags/example_sla_dag.py for tasks to queue
[2023-08-14T08:25:12.833+0000] {logging_mixin.py:149} INFO - [2023-08-14T08:25:12.833+0000] {dagbag.py:541} INFO - Filling up the DagBag from /home/airflow/.local/lib/python3.7/site-packages/airflow/example_dags/example_sla_dag.py
[2023-08-14T08:25:12.840+0000] {processor.py:836} INFO - DAG(s) dict_keys(['example_sla_dag']) retrieved from /home/airflow/.local/lib/python3.7/site-packages/airflow/example_dags/example_sla_dag.py
[2023-08-14T08:25:12.859+0000] {logging_mixin.py:149} INFO - [2023-08-14T08:25:12.859+0000] {dag.py:2726} INFO - Sync 1 DAGs
[2023-08-14T08:25:12.877+0000] {logging_mixin.py:149} INFO - [2023-08-14T08:25:12.877+0000] {dag.py:3490} INFO - Setting next_dagrun for example_sla_dag to 2023-08-14T08:22:00+00:00, run_after=2023-08-14T08:24:00+00:00
[2023-08-14T08:25:12.888+0000] {processor.py:179} INFO - Processing /home/airflow/.local/lib/python3.7/site-packages/airflow/example_dags/example_sla_dag.py took 0.060 seconds
[2023-08-14T08:25:46.217+0000] {processor.py:157} INFO - Started process (PID=69725) to work on /home/airflow/.local/lib/python3.7/site-packages/airflow/example_dags/example_sla_dag.py
[2023-08-14T08:25:46.218+0000] {processor.py:826} INFO - Processing file /home/airflow/.local/lib/python3.7/site-packages/airflow/example_dags/example_sla_dag.py for tasks to queue
[2023-08-14T08:25:46.219+0000] {logging_mixin.py:149} INFO - [2023-08-14T08:25:46.219+0000] {dagbag.py:541} INFO - Filling up the DagBag from /home/airflow/.local/lib/python3.7/site-packages/airflow/example_dags/example_sla_dag.py
[2023-08-14T08:25:46.226+0000] {processor.py:836} INFO - DAG(s) dict_keys(['example_sla_dag']) retrieved from /home/airflow/.local/lib/python3.7/site-packages/airflow/example_dags/example_sla_dag.py
[2023-08-14T08:25:46.253+0000] {logging_mixin.py:149} INFO - [2023-08-14T08:25:46.253+0000] {dag.py:2726} INFO - Sync 1 DAGs
[2023-08-14T08:25:46.271+0000] {logging_mixin.py:149} INFO - [2023-08-14T08:25:46.271+0000] {dag.py:3490} INFO - Setting next_dagrun for example_sla_dag to 2023-08-14T08:22:00+00:00, run_after=2023-08-14T08:24:00+00:00
[2023-08-14T08:25:46.284+0000] {processor.py:179} INFO - Processing /home/airflow/.local/lib/python3.7/site-packages/airflow/example_dags/example_sla_dag.py took 0.070 seconds
[2023-08-14T08:26:19.542+0000] {processor.py:157} INFO - Started process (PID=69791) to work on /home/airflow/.local/lib/python3.7/site-packages/airflow/example_dags/example_sla_dag.py
[2023-08-14T08:26:19.543+0000] {processor.py:826} INFO - Processing file /home/airflow/.local/lib/python3.7/site-packages/airflow/example_dags/example_sla_dag.py for tasks to queue
[2023-08-14T08:26:19.544+0000] {logging_mixin.py:149} INFO - [2023-08-14T08:26:19.544+0000] {dagbag.py:541} INFO - Filling up the DagBag from /home/airflow/.local/lib/python3.7/site-packages/airflow/example_dags/example_sla_dag.py
[2023-08-14T08:26:19.552+0000] {processor.py:836} INFO - DAG(s) dict_keys(['example_sla_dag']) retrieved from /home/airflow/.local/lib/python3.7/site-packages/airflow/example_dags/example_sla_dag.py
[2023-08-14T08:26:19.570+0000] {logging_mixin.py:149} INFO - [2023-08-14T08:26:19.570+0000] {dag.py:2726} INFO - Sync 1 DAGs
[2023-08-14T08:26:19.588+0000] {logging_mixin.py:149} INFO - [2023-08-14T08:26:19.588+0000] {dag.py:3490} INFO - Setting next_dagrun for example_sla_dag to 2023-08-14T08:24:00+00:00, run_after=2023-08-14T08:26:00+00:00
[2023-08-14T08:26:19.599+0000] {processor.py:179} INFO - Processing /home/airflow/.local/lib/python3.7/site-packages/airflow/example_dags/example_sla_dag.py took 0.059 seconds
[2023-08-14T08:26:50.374+0000] {processor.py:157} INFO - Started process (PID=69849) to work on /home/airflow/.local/lib/python3.7/site-packages/airflow/example_dags/example_sla_dag.py
[2023-08-14T08:26:50.375+0000] {processor.py:826} INFO - Processing file /home/airflow/.local/lib/python3.7/site-packages/airflow/example_dags/example_sla_dag.py for tasks to queue
[2023-08-14T08:26:50.376+0000] {logging_mixin.py:149} INFO - [2023-08-14T08:26:50.376+0000] {dagbag.py:541} INFO - Filling up the DagBag from /home/airflow/.local/lib/python3.7/site-packages/airflow/example_dags/example_sla_dag.py
[2023-08-14T08:26:50.382+0000] {processor.py:836} INFO - DAG(s) dict_keys(['example_sla_dag']) retrieved from /home/airflow/.local/lib/python3.7/site-packages/airflow/example_dags/example_sla_dag.py
[2023-08-14T08:26:50.402+0000] {logging_mixin.py:149} INFO - [2023-08-14T08:26:50.402+0000] {dag.py:2726} INFO - Sync 1 DAGs
[2023-08-14T08:26:50.419+0000] {logging_mixin.py:149} INFO - [2023-08-14T08:26:50.419+0000] {dag.py:3490} INFO - Setting next_dagrun for example_sla_dag to 2023-08-14T08:24:00+00:00, run_after=2023-08-14T08:26:00+00:00
[2023-08-14T08:26:50.430+0000] {processor.py:179} INFO - Processing /home/airflow/.local/lib/python3.7/site-packages/airflow/example_dags/example_sla_dag.py took 0.059 seconds
[2023-08-14T08:27:20.829+0000] {processor.py:157} INFO - Started process (PID=69912) to work on /home/airflow/.local/lib/python3.7/site-packages/airflow/example_dags/example_sla_dag.py
[2023-08-14T08:27:20.830+0000] {processor.py:826} INFO - Processing file /home/airflow/.local/lib/python3.7/site-packages/airflow/example_dags/example_sla_dag.py for tasks to queue
[2023-08-14T08:27:20.831+0000] {logging_mixin.py:149} INFO - [2023-08-14T08:27:20.831+0000] {dagbag.py:541} INFO - Filling up the DagBag from /home/airflow/.local/lib/python3.7/site-packages/airflow/example_dags/example_sla_dag.py
[2023-08-14T08:27:20.840+0000] {processor.py:836} INFO - DAG(s) dict_keys(['example_sla_dag']) retrieved from /home/airflow/.local/lib/python3.7/site-packages/airflow/example_dags/example_sla_dag.py
[2023-08-14T08:27:20.860+0000] {logging_mixin.py:149} INFO - [2023-08-14T08:27:20.860+0000] {dag.py:2726} INFO - Sync 1 DAGs
[2023-08-14T08:27:20.877+0000] {logging_mixin.py:149} INFO - [2023-08-14T08:27:20.877+0000] {dag.py:3490} INFO - Setting next_dagrun for example_sla_dag to 2023-08-14T08:24:00+00:00, run_after=2023-08-14T08:26:00+00:00
[2023-08-14T08:27:20.889+0000] {processor.py:179} INFO - Processing /home/airflow/.local/lib/python3.7/site-packages/airflow/example_dags/example_sla_dag.py took 0.062 seconds
[2023-08-14T08:27:51.539+0000] {processor.py:157} INFO - Started process (PID=69978) to work on /home/airflow/.local/lib/python3.7/site-packages/airflow/example_dags/example_sla_dag.py
[2023-08-14T08:27:51.540+0000] {processor.py:826} INFO - Processing file /home/airflow/.local/lib/python3.7/site-packages/airflow/example_dags/example_sla_dag.py for tasks to queue
[2023-08-14T08:27:51.541+0000] {logging_mixin.py:149} INFO - [2023-08-14T08:27:51.541+0000] {dagbag.py:541} INFO - Filling up the DagBag from /home/airflow/.local/lib/python3.7/site-packages/airflow/example_dags/example_sla_dag.py
[2023-08-14T08:27:51.552+0000] {processor.py:836} INFO - DAG(s) dict_keys(['example_sla_dag']) retrieved from /home/airflow/.local/lib/python3.7/site-packages/airflow/example_dags/example_sla_dag.py
[2023-08-14T08:27:51.576+0000] {logging_mixin.py:149} INFO - [2023-08-14T08:27:51.576+0000] {dag.py:2726} INFO - Sync 1 DAGs
[2023-08-14T08:27:51.599+0000] {logging_mixin.py:149} INFO - [2023-08-14T08:27:51.598+0000] {dag.py:3490} INFO - Setting next_dagrun for example_sla_dag to 2023-08-14T08:24:00+00:00, run_after=2023-08-14T08:26:00+00:00
[2023-08-14T08:27:51.620+0000] {processor.py:179} INFO - Processing /home/airflow/.local/lib/python3.7/site-packages/airflow/example_dags/example_sla_dag.py took 0.083 seconds
[2023-08-14T08:28:21.759+0000] {processor.py:157} INFO - Started process (PID=70044) to work on /home/airflow/.local/lib/python3.7/site-packages/airflow/example_dags/example_sla_dag.py
[2023-08-14T08:28:21.760+0000] {processor.py:826} INFO - Processing file /home/airflow/.local/lib/python3.7/site-packages/airflow/example_dags/example_sla_dag.py for tasks to queue
[2023-08-14T08:28:21.761+0000] {logging_mixin.py:149} INFO - [2023-08-14T08:28:21.761+0000] {dagbag.py:541} INFO - Filling up the DagBag from /home/airflow/.local/lib/python3.7/site-packages/airflow/example_dags/example_sla_dag.py
[2023-08-14T08:28:21.767+0000] {processor.py:836} INFO - DAG(s) dict_keys(['example_sla_dag']) retrieved from /home/airflow/.local/lib/python3.7/site-packages/airflow/example_dags/example_sla_dag.py
[2023-08-14T08:28:21.785+0000] {logging_mixin.py:149} INFO - [2023-08-14T08:28:21.785+0000] {dag.py:2726} INFO - Sync 1 DAGs
[2023-08-14T08:28:21.800+0000] {logging_mixin.py:149} INFO - [2023-08-14T08:28:21.800+0000] {dag.py:3490} INFO - Setting next_dagrun for example_sla_dag to 2023-08-14T08:26:00+00:00, run_after=2023-08-14T08:28:00+00:00
[2023-08-14T08:28:21.811+0000] {processor.py:179} INFO - Processing /home/airflow/.local/lib/python3.7/site-packages/airflow/example_dags/example_sla_dag.py took 0.055 seconds
[2023-08-14T10:03:27.206+0000] {processor.py:157} INFO - Started process (PID=70122) to work on /home/airflow/.local/lib/python3.7/site-packages/airflow/example_dags/example_sla_dag.py
[2023-08-14T10:03:27.207+0000] {processor.py:826} INFO - Processing file /home/airflow/.local/lib/python3.7/site-packages/airflow/example_dags/example_sla_dag.py for tasks to queue
[2023-08-14T10:03:27.208+0000] {logging_mixin.py:149} INFO - [2023-08-14T10:03:27.207+0000] {dagbag.py:541} INFO - Filling up the DagBag from /home/airflow/.local/lib/python3.7/site-packages/airflow/example_dags/example_sla_dag.py
[2023-08-14T10:03:27.215+0000] {processor.py:836} INFO - DAG(s) dict_keys(['example_sla_dag']) retrieved from /home/airflow/.local/lib/python3.7/site-packages/airflow/example_dags/example_sla_dag.py
[2023-08-14T10:03:27.235+0000] {logging_mixin.py:149} INFO - [2023-08-14T10:03:27.234+0000] {dag.py:2726} INFO - Sync 1 DAGs
[2023-08-14T10:03:27.258+0000] {logging_mixin.py:149} INFO - [2023-08-14T10:03:27.258+0000] {dag.py:3490} INFO - Setting next_dagrun for example_sla_dag to 2023-08-14T10:00:00+00:00, run_after=2023-08-14T10:02:00+00:00
[2023-08-14T10:03:27.270+0000] {processor.py:179} INFO - Processing /home/airflow/.local/lib/python3.7/site-packages/airflow/example_dags/example_sla_dag.py took 0.068 seconds
[2023-08-14T10:36:51.979+0000] {processor.py:157} INFO - Started process (PID=70188) to work on /home/airflow/.local/lib/python3.7/site-packages/airflow/example_dags/example_sla_dag.py
[2023-08-14T10:36:51.980+0000] {processor.py:826} INFO - Processing file /home/airflow/.local/lib/python3.7/site-packages/airflow/example_dags/example_sla_dag.py for tasks to queue
[2023-08-14T10:36:51.981+0000] {logging_mixin.py:149} INFO - [2023-08-14T10:36:51.981+0000] {dagbag.py:541} INFO - Filling up the DagBag from /home/airflow/.local/lib/python3.7/site-packages/airflow/example_dags/example_sla_dag.py
[2023-08-14T10:36:51.990+0000] {processor.py:836} INFO - DAG(s) dict_keys(['example_sla_dag']) retrieved from /home/airflow/.local/lib/python3.7/site-packages/airflow/example_dags/example_sla_dag.py
[2023-08-14T10:36:52.012+0000] {logging_mixin.py:149} INFO - [2023-08-14T10:36:52.012+0000] {dag.py:2726} INFO - Sync 1 DAGs
[2023-08-14T10:36:52.033+0000] {logging_mixin.py:149} INFO - [2023-08-14T10:36:52.033+0000] {dag.py:3490} INFO - Setting next_dagrun for example_sla_dag to 2023-08-14T10:34:00+00:00, run_after=2023-08-14T10:36:00+00:00
[2023-08-14T10:36:52.045+0000] {processor.py:179} INFO - Processing /home/airflow/.local/lib/python3.7/site-packages/airflow/example_dags/example_sla_dag.py took 0.070 seconds
[2023-08-14T13:13:51.381+0000] {processor.py:157} INFO - Started process (PID=70254) to work on /home/airflow/.local/lib/python3.7/site-packages/airflow/example_dags/example_sla_dag.py
[2023-08-14T13:13:51.382+0000] {processor.py:826} INFO - Processing file /home/airflow/.local/lib/python3.7/site-packages/airflow/example_dags/example_sla_dag.py for tasks to queue
[2023-08-14T13:13:51.383+0000] {logging_mixin.py:149} INFO - [2023-08-14T13:13:51.383+0000] {dagbag.py:541} INFO - Filling up the DagBag from /home/airflow/.local/lib/python3.7/site-packages/airflow/example_dags/example_sla_dag.py
[2023-08-14T13:13:51.397+0000] {processor.py:836} INFO - DAG(s) dict_keys(['example_sla_dag']) retrieved from /home/airflow/.local/lib/python3.7/site-packages/airflow/example_dags/example_sla_dag.py
[2023-08-14T13:13:51.419+0000] {logging_mixin.py:149} INFO - [2023-08-14T13:13:51.419+0000] {dag.py:2726} INFO - Sync 1 DAGs
[2023-08-14T13:13:51.439+0000] {logging_mixin.py:149} INFO - [2023-08-14T13:13:51.439+0000] {dag.py:3490} INFO - Setting next_dagrun for example_sla_dag to 2023-08-14T13:10:00+00:00, run_after=2023-08-14T13:12:00+00:00
[2023-08-14T13:13:51.452+0000] {processor.py:179} INFO - Processing /home/airflow/.local/lib/python3.7/site-packages/airflow/example_dags/example_sla_dag.py took 0.074 seconds
[2023-08-14T14:29:04.445+0000] {processor.py:157} INFO - Started process (PID=70319) to work on /home/airflow/.local/lib/python3.7/site-packages/airflow/example_dags/example_sla_dag.py
[2023-08-14T14:29:04.446+0000] {processor.py:826} INFO - Processing file /home/airflow/.local/lib/python3.7/site-packages/airflow/example_dags/example_sla_dag.py for tasks to queue
[2023-08-14T14:29:04.447+0000] {logging_mixin.py:149} INFO - [2023-08-14T14:29:04.446+0000] {dagbag.py:541} INFO - Filling up the DagBag from /home/airflow/.local/lib/python3.7/site-packages/airflow/example_dags/example_sla_dag.py
[2023-08-14T14:29:04.457+0000] {processor.py:836} INFO - DAG(s) dict_keys(['example_sla_dag']) retrieved from /home/airflow/.local/lib/python3.7/site-packages/airflow/example_dags/example_sla_dag.py
[2023-08-14T14:29:04.482+0000] {logging_mixin.py:149} INFO - [2023-08-14T14:29:04.480+0000] {dag.py:2726} INFO - Sync 1 DAGs
[2023-08-14T14:29:04.502+0000] {logging_mixin.py:149} INFO - [2023-08-14T14:29:04.502+0000] {dag.py:3490} INFO - Setting next_dagrun for example_sla_dag to 2023-08-14T14:26:00+00:00, run_after=2023-08-14T14:28:00+00:00
[2023-08-14T14:29:04.515+0000] {processor.py:179} INFO - Processing /home/airflow/.local/lib/python3.7/site-packages/airflow/example_dags/example_sla_dag.py took 0.073 seconds
[2023-08-14T17:05:43.496+0000] {processor.py:157} INFO - Started process (PID=70385) to work on /home/airflow/.local/lib/python3.7/site-packages/airflow/example_dags/example_sla_dag.py
[2023-08-14T17:05:43.497+0000] {processor.py:826} INFO - Processing file /home/airflow/.local/lib/python3.7/site-packages/airflow/example_dags/example_sla_dag.py for tasks to queue
[2023-08-14T17:05:43.498+0000] {logging_mixin.py:149} INFO - [2023-08-14T17:05:43.498+0000] {dagbag.py:541} INFO - Filling up the DagBag from /home/airflow/.local/lib/python3.7/site-packages/airflow/example_dags/example_sla_dag.py
[2023-08-14T17:05:43.507+0000] {processor.py:836} INFO - DAG(s) dict_keys(['example_sla_dag']) retrieved from /home/airflow/.local/lib/python3.7/site-packages/airflow/example_dags/example_sla_dag.py
[2023-08-14T17:05:43.528+0000] {logging_mixin.py:149} INFO - [2023-08-14T17:05:43.528+0000] {dag.py:2726} INFO - Sync 1 DAGs
[2023-08-14T17:05:43.550+0000] {logging_mixin.py:149} INFO - [2023-08-14T17:05:43.550+0000] {dag.py:3490} INFO - Setting next_dagrun for example_sla_dag to 2023-08-14T17:02:00+00:00, run_after=2023-08-14T17:04:00+00:00
[2023-08-14T17:05:43.563+0000] {processor.py:179} INFO - Processing /home/airflow/.local/lib/python3.7/site-packages/airflow/example_dags/example_sla_dag.py took 0.071 seconds
[2023-08-14T18:49:14.976+0000] {processor.py:157} INFO - Started process (PID=70451) to work on /home/airflow/.local/lib/python3.7/site-packages/airflow/example_dags/example_sla_dag.py
[2023-08-14T18:49:14.977+0000] {processor.py:826} INFO - Processing file /home/airflow/.local/lib/python3.7/site-packages/airflow/example_dags/example_sla_dag.py for tasks to queue
[2023-08-14T18:49:14.978+0000] {logging_mixin.py:149} INFO - [2023-08-14T18:49:14.978+0000] {dagbag.py:541} INFO - Filling up the DagBag from /home/airflow/.local/lib/python3.7/site-packages/airflow/example_dags/example_sla_dag.py
[2023-08-14T18:49:14.985+0000] {processor.py:836} INFO - DAG(s) dict_keys(['example_sla_dag']) retrieved from /home/airflow/.local/lib/python3.7/site-packages/airflow/example_dags/example_sla_dag.py
[2023-08-14T18:49:15.006+0000] {logging_mixin.py:149} INFO - [2023-08-14T18:49:15.005+0000] {dag.py:2726} INFO - Sync 1 DAGs
[2023-08-14T18:49:15.026+0000] {logging_mixin.py:149} INFO - [2023-08-14T18:49:15.026+0000] {dag.py:3490} INFO - Setting next_dagrun for example_sla_dag to 2023-08-14T18:46:00+00:00, run_after=2023-08-14T18:48:00+00:00
[2023-08-14T18:49:15.038+0000] {processor.py:179} INFO - Processing /home/airflow/.local/lib/python3.7/site-packages/airflow/example_dags/example_sla_dag.py took 0.064 seconds
[2023-08-14T22:24:44.536+0000] {processor.py:157} INFO - Started process (PID=70517) to work on /home/airflow/.local/lib/python3.7/site-packages/airflow/example_dags/example_sla_dag.py
[2023-08-14T22:24:44.537+0000] {processor.py:826} INFO - Processing file /home/airflow/.local/lib/python3.7/site-packages/airflow/example_dags/example_sla_dag.py for tasks to queue
[2023-08-14T22:24:44.538+0000] {logging_mixin.py:149} INFO - [2023-08-14T22:24:44.538+0000] {dagbag.py:541} INFO - Filling up the DagBag from /home/airflow/.local/lib/python3.7/site-packages/airflow/example_dags/example_sla_dag.py
[2023-08-14T22:24:44.547+0000] {processor.py:836} INFO - DAG(s) dict_keys(['example_sla_dag']) retrieved from /home/airflow/.local/lib/python3.7/site-packages/airflow/example_dags/example_sla_dag.py
[2023-08-14T22:24:44.568+0000] {logging_mixin.py:149} INFO - [2023-08-14T22:24:44.568+0000] {dag.py:2726} INFO - Sync 1 DAGs
[2023-08-14T22:24:44.585+0000] {logging_mixin.py:149} INFO - [2023-08-14T22:24:44.585+0000] {dag.py:3490} INFO - Setting next_dagrun for example_sla_dag to 2023-08-14T22:22:00+00:00, run_after=2023-08-14T22:24:00+00:00
[2023-08-14T22:24:44.597+0000] {processor.py:179} INFO - Processing /home/airflow/.local/lib/python3.7/site-packages/airflow/example_dags/example_sla_dag.py took 0.064 seconds
