[2023-08-14T02:50:00.237+0000] {processor.py:157} INFO - Started process (PID=69494) to work on /home/airflow/.local/lib/python3.7/site-packages/airflow/example_dags/example_latest_only_with_trigger.py
[2023-08-14T02:50:00.238+0000] {processor.py:826} INFO - Processing file /home/airflow/.local/lib/python3.7/site-packages/airflow/example_dags/example_latest_only_with_trigger.py for tasks to queue
[2023-08-14T02:50:00.238+0000] {logging_mixin.py:149} INFO - [2023-08-14T02:50:00.238+0000] {dagbag.py:541} INFO - Filling up the DagBag from /home/airflow/.local/lib/python3.7/site-packages/airflow/example_dags/example_latest_only_with_trigger.py
[2023-08-14T02:50:00.243+0000] {processor.py:836} INFO - DAG(s) dict_keys(['latest_only_with_trigger']) retrieved from /home/airflow/.local/lib/python3.7/site-packages/airflow/example_dags/example_latest_only_with_trigger.py
[2023-08-14T02:50:00.265+0000] {logging_mixin.py:149} INFO - [2023-08-14T02:50:00.265+0000] {dag.py:2726} INFO - Sync 1 DAGs
[2023-08-14T02:50:00.282+0000] {logging_mixin.py:149} INFO - [2023-08-14T02:50:00.282+0000] {dag.py:3490} INFO - Setting next_dagrun for latest_only_with_trigger to 2023-08-13T22:50:00.282272+00:00, run_after=2023-08-14T02:50:00.282272+00:00
[2023-08-14T02:50:00.293+0000] {processor.py:179} INFO - Processing /home/airflow/.local/lib/python3.7/site-packages/airflow/example_dags/example_latest_only_with_trigger.py took 0.060 seconds
[2023-08-14T05:00:38.422+0000] {processor.py:157} INFO - Started process (PID=69560) to work on /home/airflow/.local/lib/python3.7/site-packages/airflow/example_dags/example_latest_only_with_trigger.py
[2023-08-14T05:00:38.423+0000] {processor.py:826} INFO - Processing file /home/airflow/.local/lib/python3.7/site-packages/airflow/example_dags/example_latest_only_with_trigger.py for tasks to queue
[2023-08-14T05:00:38.424+0000] {logging_mixin.py:149} INFO - [2023-08-14T05:00:38.424+0000] {dagbag.py:541} INFO - Filling up the DagBag from /home/airflow/.local/lib/python3.7/site-packages/airflow/example_dags/example_latest_only_with_trigger.py
[2023-08-14T05:00:38.430+0000] {processor.py:836} INFO - DAG(s) dict_keys(['latest_only_with_trigger']) retrieved from /home/airflow/.local/lib/python3.7/site-packages/airflow/example_dags/example_latest_only_with_trigger.py
[2023-08-14T05:00:38.451+0000] {logging_mixin.py:149} INFO - [2023-08-14T05:00:38.451+0000] {dag.py:2726} INFO - Sync 1 DAGs
[2023-08-14T05:00:38.467+0000] {logging_mixin.py:149} INFO - [2023-08-14T05:00:38.467+0000] {dag.py:3490} INFO - Setting next_dagrun for latest_only_with_trigger to 2023-08-14T01:00:38.466857+00:00, run_after=2023-08-14T05:00:38.466857+00:00
[2023-08-14T05:00:38.478+0000] {processor.py:179} INFO - Processing /home/airflow/.local/lib/python3.7/site-packages/airflow/example_dags/example_latest_only_with_trigger.py took 0.059 seconds
[2023-08-14T07:02:36.807+0000] {processor.py:157} INFO - Started process (PID=69626) to work on /home/airflow/.local/lib/python3.7/site-packages/airflow/example_dags/example_latest_only_with_trigger.py
[2023-08-14T07:02:36.809+0000] {processor.py:826} INFO - Processing file /home/airflow/.local/lib/python3.7/site-packages/airflow/example_dags/example_latest_only_with_trigger.py for tasks to queue
[2023-08-14T07:02:36.809+0000] {logging_mixin.py:149} INFO - [2023-08-14T07:02:36.809+0000] {dagbag.py:541} INFO - Filling up the DagBag from /home/airflow/.local/lib/python3.7/site-packages/airflow/example_dags/example_latest_only_with_trigger.py
[2023-08-14T07:02:36.815+0000] {processor.py:836} INFO - DAG(s) dict_keys(['latest_only_with_trigger']) retrieved from /home/airflow/.local/lib/python3.7/site-packages/airflow/example_dags/example_latest_only_with_trigger.py
[2023-08-14T07:02:36.837+0000] {logging_mixin.py:149} INFO - [2023-08-14T07:02:36.837+0000] {dag.py:2726} INFO - Sync 1 DAGs
[2023-08-14T07:02:36.854+0000] {logging_mixin.py:149} INFO - [2023-08-14T07:02:36.854+0000] {dag.py:3490} INFO - Setting next_dagrun for latest_only_with_trigger to 2023-08-14T03:02:36.853933+00:00, run_after=2023-08-14T07:02:36.853933+00:00
[2023-08-14T07:02:36.866+0000] {processor.py:179} INFO - Processing /home/airflow/.local/lib/python3.7/site-packages/airflow/example_dags/example_latest_only_with_trigger.py took 0.061 seconds
[2023-08-14T08:25:14.767+0000] {processor.py:157} INFO - Started process (PID=69692) to work on /home/airflow/.local/lib/python3.7/site-packages/airflow/example_dags/example_latest_only_with_trigger.py
[2023-08-14T08:25:14.768+0000] {processor.py:826} INFO - Processing file /home/airflow/.local/lib/python3.7/site-packages/airflow/example_dags/example_latest_only_with_trigger.py for tasks to queue
[2023-08-14T08:25:14.769+0000] {logging_mixin.py:149} INFO - [2023-08-14T08:25:14.769+0000] {dagbag.py:541} INFO - Filling up the DagBag from /home/airflow/.local/lib/python3.7/site-packages/airflow/example_dags/example_latest_only_with_trigger.py
[2023-08-14T08:25:14.774+0000] {processor.py:836} INFO - DAG(s) dict_keys(['latest_only_with_trigger']) retrieved from /home/airflow/.local/lib/python3.7/site-packages/airflow/example_dags/example_latest_only_with_trigger.py
[2023-08-14T08:25:14.795+0000] {logging_mixin.py:149} INFO - [2023-08-14T08:25:14.795+0000] {dag.py:2726} INFO - Sync 1 DAGs
[2023-08-14T08:25:14.811+0000] {logging_mixin.py:149} INFO - [2023-08-14T08:25:14.811+0000] {dag.py:3490} INFO - Setting next_dagrun for latest_only_with_trigger to 2023-08-14T04:25:14.811136+00:00, run_after=2023-08-14T08:25:14.811136+00:00
[2023-08-14T08:25:14.822+0000] {processor.py:179} INFO - Processing /home/airflow/.local/lib/python3.7/site-packages/airflow/example_dags/example_latest_only_with_trigger.py took 0.058 seconds
[2023-08-14T08:25:48.179+0000] {processor.py:157} INFO - Started process (PID=69759) to work on /home/airflow/.local/lib/python3.7/site-packages/airflow/example_dags/example_latest_only_with_trigger.py
[2023-08-14T08:25:48.180+0000] {processor.py:826} INFO - Processing file /home/airflow/.local/lib/python3.7/site-packages/airflow/example_dags/example_latest_only_with_trigger.py for tasks to queue
[2023-08-14T08:25:48.181+0000] {logging_mixin.py:149} INFO - [2023-08-14T08:25:48.181+0000] {dagbag.py:541} INFO - Filling up the DagBag from /home/airflow/.local/lib/python3.7/site-packages/airflow/example_dags/example_latest_only_with_trigger.py
[2023-08-14T08:25:48.186+0000] {processor.py:836} INFO - DAG(s) dict_keys(['latest_only_with_trigger']) retrieved from /home/airflow/.local/lib/python3.7/site-packages/airflow/example_dags/example_latest_only_with_trigger.py
[2023-08-14T08:25:48.210+0000] {logging_mixin.py:149} INFO - [2023-08-14T08:25:48.210+0000] {dag.py:2726} INFO - Sync 1 DAGs
[2023-08-14T08:25:48.226+0000] {logging_mixin.py:149} INFO - [2023-08-14T08:25:48.226+0000] {dag.py:3490} INFO - Setting next_dagrun for latest_only_with_trigger to 2023-08-14T04:25:48.226468+00:00, run_after=2023-08-14T08:25:48.226468+00:00
[2023-08-14T08:25:48.241+0000] {processor.py:179} INFO - Processing /home/airflow/.local/lib/python3.7/site-packages/airflow/example_dags/example_latest_only_with_trigger.py took 0.065 seconds
[2023-08-14T08:26:22.053+0000] {processor.py:157} INFO - Started process (PID=69825) to work on /home/airflow/.local/lib/python3.7/site-packages/airflow/example_dags/example_latest_only_with_trigger.py
[2023-08-14T08:26:22.057+0000] {processor.py:826} INFO - Processing file /home/airflow/.local/lib/python3.7/site-packages/airflow/example_dags/example_latest_only_with_trigger.py for tasks to queue
[2023-08-14T08:26:22.058+0000] {logging_mixin.py:149} INFO - [2023-08-14T08:26:22.058+0000] {dagbag.py:541} INFO - Filling up the DagBag from /home/airflow/.local/lib/python3.7/site-packages/airflow/example_dags/example_latest_only_with_trigger.py
[2023-08-14T08:26:22.065+0000] {processor.py:836} INFO - DAG(s) dict_keys(['latest_only_with_trigger']) retrieved from /home/airflow/.local/lib/python3.7/site-packages/airflow/example_dags/example_latest_only_with_trigger.py
[2023-08-14T08:26:22.101+0000] {logging_mixin.py:149} INFO - [2023-08-14T08:26:22.101+0000] {dag.py:2726} INFO - Sync 1 DAGs
[2023-08-14T08:26:22.122+0000] {logging_mixin.py:149} INFO - [2023-08-14T08:26:22.122+0000] {dag.py:3490} INFO - Setting next_dagrun for latest_only_with_trigger to 2023-08-14T04:26:22.121937+00:00, run_after=2023-08-14T08:26:22.121937+00:00
[2023-08-14T08:26:22.133+0000] {processor.py:179} INFO - Processing /home/airflow/.local/lib/python3.7/site-packages/airflow/example_dags/example_latest_only_with_trigger.py took 0.086 seconds
[2023-08-14T08:26:55.970+0000] {processor.py:157} INFO - Started process (PID=69891) to work on /home/airflow/.local/lib/python3.7/site-packages/airflow/example_dags/example_latest_only_with_trigger.py
[2023-08-14T08:26:55.970+0000] {processor.py:826} INFO - Processing file /home/airflow/.local/lib/python3.7/site-packages/airflow/example_dags/example_latest_only_with_trigger.py for tasks to queue
[2023-08-14T08:26:55.971+0000] {logging_mixin.py:149} INFO - [2023-08-14T08:26:55.971+0000] {dagbag.py:541} INFO - Filling up the DagBag from /home/airflow/.local/lib/python3.7/site-packages/airflow/example_dags/example_latest_only_with_trigger.py
[2023-08-14T08:26:55.976+0000] {processor.py:836} INFO - DAG(s) dict_keys(['latest_only_with_trigger']) retrieved from /home/airflow/.local/lib/python3.7/site-packages/airflow/example_dags/example_latest_only_with_trigger.py
[2023-08-14T08:26:55.997+0000] {logging_mixin.py:149} INFO - [2023-08-14T08:26:55.997+0000] {dag.py:2726} INFO - Sync 1 DAGs
[2023-08-14T08:26:56.014+0000] {logging_mixin.py:149} INFO - [2023-08-14T08:26:56.014+0000] {dag.py:3490} INFO - Setting next_dagrun for latest_only_with_trigger to 2023-08-14T04:26:56.014597+00:00, run_after=2023-08-14T08:26:56.014597+00:00
[2023-08-14T08:26:56.027+0000] {processor.py:179} INFO - Processing /home/airflow/.local/lib/python3.7/site-packages/airflow/example_dags/example_latest_only_with_trigger.py took 0.061 seconds
[2023-08-14T08:27:29.713+0000] {processor.py:157} INFO - Started process (PID=69958) to work on /home/airflow/.local/lib/python3.7/site-packages/airflow/example_dags/example_latest_only_with_trigger.py
[2023-08-14T08:27:29.714+0000] {processor.py:826} INFO - Processing file /home/airflow/.local/lib/python3.7/site-packages/airflow/example_dags/example_latest_only_with_trigger.py for tasks to queue
[2023-08-14T08:27:29.715+0000] {logging_mixin.py:149} INFO - [2023-08-14T08:27:29.715+0000] {dagbag.py:541} INFO - Filling up the DagBag from /home/airflow/.local/lib/python3.7/site-packages/airflow/example_dags/example_latest_only_with_trigger.py
[2023-08-14T08:27:29.721+0000] {processor.py:836} INFO - DAG(s) dict_keys(['latest_only_with_trigger']) retrieved from /home/airflow/.local/lib/python3.7/site-packages/airflow/example_dags/example_latest_only_with_trigger.py
[2023-08-14T08:27:29.741+0000] {logging_mixin.py:149} INFO - [2023-08-14T08:27:29.741+0000] {dag.py:2726} INFO - Sync 1 DAGs
[2023-08-14T08:27:29.768+0000] {logging_mixin.py:149} INFO - [2023-08-14T08:27:29.767+0000] {dag.py:3490} INFO - Setting next_dagrun for latest_only_with_trigger to 2023-08-14T04:27:29.767727+00:00, run_after=2023-08-14T08:27:29.767727+00:00
[2023-08-14T08:27:29.780+0000] {processor.py:179} INFO - Processing /home/airflow/.local/lib/python3.7/site-packages/airflow/example_dags/example_latest_only_with_trigger.py took 0.070 seconds
[2023-08-14T08:28:02.884+0000] {processor.py:157} INFO - Started process (PID=70024) to work on /home/airflow/.local/lib/python3.7/site-packages/airflow/example_dags/example_latest_only_with_trigger.py
[2023-08-14T08:28:02.885+0000] {processor.py:826} INFO - Processing file /home/airflow/.local/lib/python3.7/site-packages/airflow/example_dags/example_latest_only_with_trigger.py for tasks to queue
[2023-08-14T08:28:02.885+0000] {logging_mixin.py:149} INFO - [2023-08-14T08:28:02.885+0000] {dagbag.py:541} INFO - Filling up the DagBag from /home/airflow/.local/lib/python3.7/site-packages/airflow/example_dags/example_latest_only_with_trigger.py
[2023-08-14T08:28:02.891+0000] {processor.py:836} INFO - DAG(s) dict_keys(['latest_only_with_trigger']) retrieved from /home/airflow/.local/lib/python3.7/site-packages/airflow/example_dags/example_latest_only_with_trigger.py
[2023-08-14T08:28:02.912+0000] {logging_mixin.py:149} INFO - [2023-08-14T08:28:02.912+0000] {dag.py:2726} INFO - Sync 1 DAGs
[2023-08-14T08:28:02.928+0000] {logging_mixin.py:149} INFO - [2023-08-14T08:28:02.928+0000] {dag.py:3490} INFO - Setting next_dagrun for latest_only_with_trigger to 2023-08-14T04:28:02.928585+00:00, run_after=2023-08-14T08:28:02.928585+00:00
[2023-08-14T08:28:02.939+0000] {processor.py:179} INFO - Processing /home/airflow/.local/lib/python3.7/site-packages/airflow/example_dags/example_latest_only_with_trigger.py took 0.059 seconds
[2023-08-14T08:28:36.842+0000] {processor.py:157} INFO - Started process (PID=70090) to work on /home/airflow/.local/lib/python3.7/site-packages/airflow/example_dags/example_latest_only_with_trigger.py
[2023-08-14T08:28:36.844+0000] {processor.py:826} INFO - Processing file /home/airflow/.local/lib/python3.7/site-packages/airflow/example_dags/example_latest_only_with_trigger.py for tasks to queue
[2023-08-14T08:28:36.845+0000] {logging_mixin.py:149} INFO - [2023-08-14T08:28:36.845+0000] {dagbag.py:541} INFO - Filling up the DagBag from /home/airflow/.local/lib/python3.7/site-packages/airflow/example_dags/example_latest_only_with_trigger.py
[2023-08-14T08:28:36.851+0000] {processor.py:836} INFO - DAG(s) dict_keys(['latest_only_with_trigger']) retrieved from /home/airflow/.local/lib/python3.7/site-packages/airflow/example_dags/example_latest_only_with_trigger.py
[2023-08-14T08:28:36.871+0000] {logging_mixin.py:149} INFO - [2023-08-14T08:28:36.871+0000] {dag.py:2726} INFO - Sync 1 DAGs
[2023-08-14T08:28:36.888+0000] {logging_mixin.py:149} INFO - [2023-08-14T08:28:36.888+0000] {dag.py:3490} INFO - Setting next_dagrun for latest_only_with_trigger to 2023-08-14T04:28:36.888260+00:00, run_after=2023-08-14T08:28:36.888260+00:00
[2023-08-14T08:28:36.899+0000] {processor.py:179} INFO - Processing /home/airflow/.local/lib/python3.7/site-packages/airflow/example_dags/example_latest_only_with_trigger.py took 0.060 seconds
[2023-08-14T10:03:29.040+0000] {processor.py:157} INFO - Started process (PID=70156) to work on /home/airflow/.local/lib/python3.7/site-packages/airflow/example_dags/example_latest_only_with_trigger.py
[2023-08-14T10:03:29.041+0000] {processor.py:826} INFO - Processing file /home/airflow/.local/lib/python3.7/site-packages/airflow/example_dags/example_latest_only_with_trigger.py for tasks to queue
[2023-08-14T10:03:29.042+0000] {logging_mixin.py:149} INFO - [2023-08-14T10:03:29.042+0000] {dagbag.py:541} INFO - Filling up the DagBag from /home/airflow/.local/lib/python3.7/site-packages/airflow/example_dags/example_latest_only_with_trigger.py
[2023-08-14T10:03:29.047+0000] {processor.py:836} INFO - DAG(s) dict_keys(['latest_only_with_trigger']) retrieved from /home/airflow/.local/lib/python3.7/site-packages/airflow/example_dags/example_latest_only_with_trigger.py
[2023-08-14T10:03:29.067+0000] {logging_mixin.py:149} INFO - [2023-08-14T10:03:29.067+0000] {dag.py:2726} INFO - Sync 1 DAGs
[2023-08-14T10:03:29.083+0000] {logging_mixin.py:149} INFO - [2023-08-14T10:03:29.083+0000] {dag.py:3490} INFO - Setting next_dagrun for latest_only_with_trigger to 2023-08-14T06:03:29.083674+00:00, run_after=2023-08-14T10:03:29.083674+00:00
[2023-08-14T10:03:29.096+0000] {processor.py:179} INFO - Processing /home/airflow/.local/lib/python3.7/site-packages/airflow/example_dags/example_latest_only_with_trigger.py took 0.059 seconds
[2023-08-14T10:36:53.953+0000] {processor.py:157} INFO - Started process (PID=70222) to work on /home/airflow/.local/lib/python3.7/site-packages/airflow/example_dags/example_latest_only_with_trigger.py
[2023-08-14T10:36:53.954+0000] {processor.py:826} INFO - Processing file /home/airflow/.local/lib/python3.7/site-packages/airflow/example_dags/example_latest_only_with_trigger.py for tasks to queue
[2023-08-14T10:36:53.955+0000] {logging_mixin.py:149} INFO - [2023-08-14T10:36:53.955+0000] {dagbag.py:541} INFO - Filling up the DagBag from /home/airflow/.local/lib/python3.7/site-packages/airflow/example_dags/example_latest_only_with_trigger.py
[2023-08-14T10:36:53.960+0000] {processor.py:836} INFO - DAG(s) dict_keys(['latest_only_with_trigger']) retrieved from /home/airflow/.local/lib/python3.7/site-packages/airflow/example_dags/example_latest_only_with_trigger.py
[2023-08-14T10:36:53.980+0000] {logging_mixin.py:149} INFO - [2023-08-14T10:36:53.980+0000] {dag.py:2726} INFO - Sync 1 DAGs
[2023-08-14T10:36:53.996+0000] {logging_mixin.py:149} INFO - [2023-08-14T10:36:53.996+0000] {dag.py:3490} INFO - Setting next_dagrun for latest_only_with_trigger to 2023-08-14T06:36:53.995944+00:00, run_after=2023-08-14T10:36:53.995944+00:00
[2023-08-14T10:36:54.010+0000] {processor.py:179} INFO - Processing /home/airflow/.local/lib/python3.7/site-packages/airflow/example_dags/example_latest_only_with_trigger.py took 0.060 seconds
[2023-08-14T13:13:53.826+0000] {processor.py:157} INFO - Started process (PID=70288) to work on /home/airflow/.local/lib/python3.7/site-packages/airflow/example_dags/example_latest_only_with_trigger.py
[2023-08-14T13:13:53.828+0000] {processor.py:826} INFO - Processing file /home/airflow/.local/lib/python3.7/site-packages/airflow/example_dags/example_latest_only_with_trigger.py for tasks to queue
[2023-08-14T13:13:53.830+0000] {logging_mixin.py:149} INFO - [2023-08-14T13:13:53.828+0000] {dagbag.py:541} INFO - Filling up the DagBag from /home/airflow/.local/lib/python3.7/site-packages/airflow/example_dags/example_latest_only_with_trigger.py
[2023-08-14T13:13:53.841+0000] {processor.py:836} INFO - DAG(s) dict_keys(['latest_only_with_trigger']) retrieved from /home/airflow/.local/lib/python3.7/site-packages/airflow/example_dags/example_latest_only_with_trigger.py
[2023-08-14T13:13:53.879+0000] {logging_mixin.py:149} INFO - [2023-08-14T13:13:53.879+0000] {dag.py:2726} INFO - Sync 1 DAGs
[2023-08-14T13:13:53.902+0000] {logging_mixin.py:149} INFO - [2023-08-14T13:13:53.902+0000] {dag.py:3490} INFO - Setting next_dagrun for latest_only_with_trigger to 2023-08-14T09:13:53.901928+00:00, run_after=2023-08-14T13:13:53.901928+00:00
[2023-08-14T13:13:53.913+0000] {processor.py:179} INFO - Processing /home/airflow/.local/lib/python3.7/site-packages/airflow/example_dags/example_latest_only_with_trigger.py took 0.095 seconds
[2023-08-14T14:29:06.425+0000] {processor.py:157} INFO - Started process (PID=70353) to work on /home/airflow/.local/lib/python3.7/site-packages/airflow/example_dags/example_latest_only_with_trigger.py
[2023-08-14T14:29:06.426+0000] {processor.py:826} INFO - Processing file /home/airflow/.local/lib/python3.7/site-packages/airflow/example_dags/example_latest_only_with_trigger.py for tasks to queue
[2023-08-14T14:29:06.427+0000] {logging_mixin.py:149} INFO - [2023-08-14T14:29:06.427+0000] {dagbag.py:541} INFO - Filling up the DagBag from /home/airflow/.local/lib/python3.7/site-packages/airflow/example_dags/example_latest_only_with_trigger.py
[2023-08-14T14:29:06.433+0000] {processor.py:836} INFO - DAG(s) dict_keys(['latest_only_with_trigger']) retrieved from /home/airflow/.local/lib/python3.7/site-packages/airflow/example_dags/example_latest_only_with_trigger.py
[2023-08-14T14:29:06.454+0000] {logging_mixin.py:149} INFO - [2023-08-14T14:29:06.454+0000] {dag.py:2726} INFO - Sync 1 DAGs
[2023-08-14T14:29:06.475+0000] {logging_mixin.py:149} INFO - [2023-08-14T14:29:06.475+0000] {dag.py:3490} INFO - Setting next_dagrun for latest_only_with_trigger to 2023-08-14T10:29:06.475274+00:00, run_after=2023-08-14T14:29:06.475274+00:00
[2023-08-14T14:29:06.489+0000] {processor.py:179} INFO - Processing /home/airflow/.local/lib/python3.7/site-packages/airflow/example_dags/example_latest_only_with_trigger.py took 0.067 seconds
[2023-08-14T17:05:45.413+0000] {processor.py:157} INFO - Started process (PID=70419) to work on /home/airflow/.local/lib/python3.7/site-packages/airflow/example_dags/example_latest_only_with_trigger.py
[2023-08-14T17:05:45.422+0000] {processor.py:826} INFO - Processing file /home/airflow/.local/lib/python3.7/site-packages/airflow/example_dags/example_latest_only_with_trigger.py for tasks to queue
[2023-08-14T17:05:45.423+0000] {logging_mixin.py:149} INFO - [2023-08-14T17:05:45.423+0000] {dagbag.py:541} INFO - Filling up the DagBag from /home/airflow/.local/lib/python3.7/site-packages/airflow/example_dags/example_latest_only_with_trigger.py
[2023-08-14T17:05:45.428+0000] {processor.py:836} INFO - DAG(s) dict_keys(['latest_only_with_trigger']) retrieved from /home/airflow/.local/lib/python3.7/site-packages/airflow/example_dags/example_latest_only_with_trigger.py
[2023-08-14T17:05:45.451+0000] {logging_mixin.py:149} INFO - [2023-08-14T17:05:45.451+0000] {dag.py:2726} INFO - Sync 1 DAGs
[2023-08-14T17:05:45.466+0000] {logging_mixin.py:149} INFO - [2023-08-14T17:05:45.466+0000] {dag.py:3490} INFO - Setting next_dagrun for latest_only_with_trigger to 2023-08-14T13:05:45.466574+00:00, run_after=2023-08-14T17:05:45.466574+00:00
[2023-08-14T17:05:45.477+0000] {processor.py:179} INFO - Processing /home/airflow/.local/lib/python3.7/site-packages/airflow/example_dags/example_latest_only_with_trigger.py took 0.067 seconds
[2023-08-14T18:49:17.079+0000] {processor.py:157} INFO - Started process (PID=70485) to work on /home/airflow/.local/lib/python3.7/site-packages/airflow/example_dags/example_latest_only_with_trigger.py
[2023-08-14T18:49:17.080+0000] {processor.py:826} INFO - Processing file /home/airflow/.local/lib/python3.7/site-packages/airflow/example_dags/example_latest_only_with_trigger.py for tasks to queue
[2023-08-14T18:49:17.081+0000] {logging_mixin.py:149} INFO - [2023-08-14T18:49:17.081+0000] {dagbag.py:541} INFO - Filling up the DagBag from /home/airflow/.local/lib/python3.7/site-packages/airflow/example_dags/example_latest_only_with_trigger.py
[2023-08-14T18:49:17.088+0000] {processor.py:836} INFO - DAG(s) dict_keys(['latest_only_with_trigger']) retrieved from /home/airflow/.local/lib/python3.7/site-packages/airflow/example_dags/example_latest_only_with_trigger.py
[2023-08-14T18:49:17.113+0000] {logging_mixin.py:149} INFO - [2023-08-14T18:49:17.113+0000] {dag.py:2726} INFO - Sync 1 DAGs
[2023-08-14T18:49:17.129+0000] {logging_mixin.py:149} INFO - [2023-08-14T18:49:17.129+0000] {dag.py:3490} INFO - Setting next_dagrun for latest_only_with_trigger to 2023-08-14T14:49:17.129005+00:00, run_after=2023-08-14T18:49:17.129005+00:00
[2023-08-14T18:49:17.141+0000] {processor.py:179} INFO - Processing /home/airflow/.local/lib/python3.7/site-packages/airflow/example_dags/example_latest_only_with_trigger.py took 0.065 seconds
[2023-08-14T22:24:46.459+0000] {processor.py:157} INFO - Started process (PID=70551) to work on /home/airflow/.local/lib/python3.7/site-packages/airflow/example_dags/example_latest_only_with_trigger.py
[2023-08-14T22:24:46.460+0000] {processor.py:826} INFO - Processing file /home/airflow/.local/lib/python3.7/site-packages/airflow/example_dags/example_latest_only_with_trigger.py for tasks to queue
[2023-08-14T22:24:46.461+0000] {logging_mixin.py:149} INFO - [2023-08-14T22:24:46.460+0000] {dagbag.py:541} INFO - Filling up the DagBag from /home/airflow/.local/lib/python3.7/site-packages/airflow/example_dags/example_latest_only_with_trigger.py
[2023-08-14T22:24:46.466+0000] {processor.py:836} INFO - DAG(s) dict_keys(['latest_only_with_trigger']) retrieved from /home/airflow/.local/lib/python3.7/site-packages/airflow/example_dags/example_latest_only_with_trigger.py
[2023-08-14T22:24:46.487+0000] {logging_mixin.py:149} INFO - [2023-08-14T22:24:46.487+0000] {dag.py:2726} INFO - Sync 1 DAGs
[2023-08-14T22:24:46.504+0000] {logging_mixin.py:149} INFO - [2023-08-14T22:24:46.504+0000] {dag.py:3490} INFO - Setting next_dagrun for latest_only_with_trigger to 2023-08-14T18:24:46.503735+00:00, run_after=2023-08-14T22:24:46.503735+00:00
[2023-08-14T22:24:46.515+0000] {processor.py:179} INFO - Processing /home/airflow/.local/lib/python3.7/site-packages/airflow/example_dags/example_latest_only_with_trigger.py took 0.059 seconds
