[2023-08-14T02:49:58.793+0000] {processor.py:157} INFO - Started process (PID=69471) to work on /home/airflow/.local/lib/python3.7/site-packages/airflow/example_dags/example_branch_datetime_operator.py
[2023-08-14T02:49:58.794+0000] {processor.py:826} INFO - Processing file /home/airflow/.local/lib/python3.7/site-packages/airflow/example_dags/example_branch_datetime_operator.py for tasks to queue
[2023-08-14T02:49:58.795+0000] {logging_mixin.py:149} INFO - [2023-08-14T02:49:58.795+0000] {dagbag.py:541} INFO - Filling up the DagBag from /home/airflow/.local/lib/python3.7/site-packages/airflow/example_dags/example_branch_datetime_operator.py
[2023-08-14T02:49:58.801+0000] {processor.py:836} INFO - DAG(s) dict_keys(['example_branch_datetime_operator_3', 'example_branch_datetime_operator', 'example_branch_datetime_operator_2']) retrieved from /home/airflow/.local/lib/python3.7/site-packages/airflow/example_dags/example_branch_datetime_operator.py
[2023-08-14T02:49:58.825+0000] {logging_mixin.py:149} INFO - [2023-08-14T02:49:58.825+0000] {dag.py:2726} INFO - Sync 3 DAGs
[2023-08-14T02:49:58.841+0000] {logging_mixin.py:149} INFO - [2023-08-14T02:49:58.841+0000] {dag.py:3490} INFO - Setting next_dagrun for example_branch_datetime_operator to 2023-08-13T00:00:00+00:00, run_after=2023-08-14T00:00:00+00:00
[2023-08-14T02:49:58.844+0000] {logging_mixin.py:149} INFO - [2023-08-14T02:49:58.844+0000] {dag.py:3490} INFO - Setting next_dagrun for example_branch_datetime_operator_2 to 2023-08-13T00:00:00+00:00, run_after=2023-08-14T00:00:00+00:00
[2023-08-14T02:49:58.845+0000] {logging_mixin.py:149} INFO - [2023-08-14T02:49:58.845+0000] {dag.py:3490} INFO - Setting next_dagrun for example_branch_datetime_operator_3 to 2023-08-13T00:00:00+00:00, run_after=2023-08-14T00:00:00+00:00
[2023-08-14T02:49:58.856+0000] {processor.py:179} INFO - Processing /home/airflow/.local/lib/python3.7/site-packages/airflow/example_dags/example_branch_datetime_operator.py took 0.065 seconds
[2023-08-14T05:00:37.110+0000] {processor.py:157} INFO - Started process (PID=69537) to work on /home/airflow/.local/lib/python3.7/site-packages/airflow/example_dags/example_branch_datetime_operator.py
[2023-08-14T05:00:37.111+0000] {processor.py:826} INFO - Processing file /home/airflow/.local/lib/python3.7/site-packages/airflow/example_dags/example_branch_datetime_operator.py for tasks to queue
[2023-08-14T05:00:37.112+0000] {logging_mixin.py:149} INFO - [2023-08-14T05:00:37.112+0000] {dagbag.py:541} INFO - Filling up the DagBag from /home/airflow/.local/lib/python3.7/site-packages/airflow/example_dags/example_branch_datetime_operator.py
[2023-08-14T05:00:37.125+0000] {processor.py:836} INFO - DAG(s) dict_keys(['example_branch_datetime_operator_2', 'example_branch_datetime_operator_3', 'example_branch_datetime_operator']) retrieved from /home/airflow/.local/lib/python3.7/site-packages/airflow/example_dags/example_branch_datetime_operator.py
[2023-08-14T05:00:37.151+0000] {logging_mixin.py:149} INFO - [2023-08-14T05:00:37.151+0000] {dag.py:2726} INFO - Sync 3 DAGs
[2023-08-14T05:00:37.177+0000] {logging_mixin.py:149} INFO - [2023-08-14T05:00:37.177+0000] {dag.py:3490} INFO - Setting next_dagrun for example_branch_datetime_operator to 2023-08-13T00:00:00+00:00, run_after=2023-08-14T00:00:00+00:00
[2023-08-14T05:00:37.180+0000] {logging_mixin.py:149} INFO - [2023-08-14T05:00:37.180+0000] {dag.py:3490} INFO - Setting next_dagrun for example_branch_datetime_operator_2 to 2023-08-13T00:00:00+00:00, run_after=2023-08-14T00:00:00+00:00
[2023-08-14T05:00:37.182+0000] {logging_mixin.py:149} INFO - [2023-08-14T05:00:37.182+0000] {dag.py:3490} INFO - Setting next_dagrun for example_branch_datetime_operator_3 to 2023-08-13T00:00:00+00:00, run_after=2023-08-14T00:00:00+00:00
[2023-08-14T05:00:37.193+0000] {processor.py:179} INFO - Processing /home/airflow/.local/lib/python3.7/site-packages/airflow/example_dags/example_branch_datetime_operator.py took 0.086 seconds
[2023-08-14T07:02:35.485+0000] {processor.py:157} INFO - Started process (PID=69603) to work on /home/airflow/.local/lib/python3.7/site-packages/airflow/example_dags/example_branch_datetime_operator.py
[2023-08-14T07:02:35.486+0000] {processor.py:826} INFO - Processing file /home/airflow/.local/lib/python3.7/site-packages/airflow/example_dags/example_branch_datetime_operator.py for tasks to queue
[2023-08-14T07:02:35.487+0000] {logging_mixin.py:149} INFO - [2023-08-14T07:02:35.487+0000] {dagbag.py:541} INFO - Filling up the DagBag from /home/airflow/.local/lib/python3.7/site-packages/airflow/example_dags/example_branch_datetime_operator.py
[2023-08-14T07:02:35.496+0000] {processor.py:836} INFO - DAG(s) dict_keys(['example_branch_datetime_operator', 'example_branch_datetime_operator_3', 'example_branch_datetime_operator_2']) retrieved from /home/airflow/.local/lib/python3.7/site-packages/airflow/example_dags/example_branch_datetime_operator.py
[2023-08-14T07:02:35.527+0000] {logging_mixin.py:149} INFO - [2023-08-14T07:02:35.527+0000] {dag.py:2726} INFO - Sync 3 DAGs
[2023-08-14T07:02:35.544+0000] {logging_mixin.py:149} INFO - [2023-08-14T07:02:35.544+0000] {dag.py:3490} INFO - Setting next_dagrun for example_branch_datetime_operator to 2023-08-13T00:00:00+00:00, run_after=2023-08-14T00:00:00+00:00
[2023-08-14T07:02:35.548+0000] {logging_mixin.py:149} INFO - [2023-08-14T07:02:35.547+0000] {dag.py:3490} INFO - Setting next_dagrun for example_branch_datetime_operator_2 to 2023-08-13T00:00:00+00:00, run_after=2023-08-14T00:00:00+00:00
[2023-08-14T07:02:35.549+0000] {logging_mixin.py:149} INFO - [2023-08-14T07:02:35.549+0000] {dag.py:3490} INFO - Setting next_dagrun for example_branch_datetime_operator_3 to 2023-08-13T00:00:00+00:00, run_after=2023-08-14T00:00:00+00:00
[2023-08-14T07:02:35.558+0000] {processor.py:179} INFO - Processing /home/airflow/.local/lib/python3.7/site-packages/airflow/example_dags/example_branch_datetime_operator.py took 0.077 seconds
[2023-08-14T08:25:13.424+0000] {processor.py:157} INFO - Started process (PID=69669) to work on /home/airflow/.local/lib/python3.7/site-packages/airflow/example_dags/example_branch_datetime_operator.py
[2023-08-14T08:25:13.426+0000] {processor.py:826} INFO - Processing file /home/airflow/.local/lib/python3.7/site-packages/airflow/example_dags/example_branch_datetime_operator.py for tasks to queue
[2023-08-14T08:25:13.426+0000] {logging_mixin.py:149} INFO - [2023-08-14T08:25:13.426+0000] {dagbag.py:541} INFO - Filling up the DagBag from /home/airflow/.local/lib/python3.7/site-packages/airflow/example_dags/example_branch_datetime_operator.py
[2023-08-14T08:25:13.433+0000] {processor.py:836} INFO - DAG(s) dict_keys(['example_branch_datetime_operator_3', 'example_branch_datetime_operator_2', 'example_branch_datetime_operator']) retrieved from /home/airflow/.local/lib/python3.7/site-packages/airflow/example_dags/example_branch_datetime_operator.py
[2023-08-14T08:25:13.456+0000] {logging_mixin.py:149} INFO - [2023-08-14T08:25:13.456+0000] {dag.py:2726} INFO - Sync 3 DAGs
[2023-08-14T08:25:13.473+0000] {logging_mixin.py:149} INFO - [2023-08-14T08:25:13.472+0000] {dag.py:3490} INFO - Setting next_dagrun for example_branch_datetime_operator to 2023-08-13T00:00:00+00:00, run_after=2023-08-14T00:00:00+00:00
[2023-08-14T08:25:13.476+0000] {logging_mixin.py:149} INFO - [2023-08-14T08:25:13.475+0000] {dag.py:3490} INFO - Setting next_dagrun for example_branch_datetime_operator_2 to 2023-08-13T00:00:00+00:00, run_after=2023-08-14T00:00:00+00:00
[2023-08-14T08:25:13.478+0000] {logging_mixin.py:149} INFO - [2023-08-14T08:25:13.477+0000] {dag.py:3490} INFO - Setting next_dagrun for example_branch_datetime_operator_3 to 2023-08-13T00:00:00+00:00, run_after=2023-08-14T00:00:00+00:00
[2023-08-14T08:25:13.491+0000] {processor.py:179} INFO - Processing /home/airflow/.local/lib/python3.7/site-packages/airflow/example_dags/example_branch_datetime_operator.py took 0.069 seconds
[2023-08-14T08:25:46.804+0000] {processor.py:157} INFO - Started process (PID=69736) to work on /home/airflow/.local/lib/python3.7/site-packages/airflow/example_dags/example_branch_datetime_operator.py
[2023-08-14T08:25:46.806+0000] {processor.py:826} INFO - Processing file /home/airflow/.local/lib/python3.7/site-packages/airflow/example_dags/example_branch_datetime_operator.py for tasks to queue
[2023-08-14T08:25:46.807+0000] {logging_mixin.py:149} INFO - [2023-08-14T08:25:46.807+0000] {dagbag.py:541} INFO - Filling up the DagBag from /home/airflow/.local/lib/python3.7/site-packages/airflow/example_dags/example_branch_datetime_operator.py
[2023-08-14T08:25:46.820+0000] {processor.py:836} INFO - DAG(s) dict_keys(['example_branch_datetime_operator_2', 'example_branch_datetime_operator', 'example_branch_datetime_operator_3']) retrieved from /home/airflow/.local/lib/python3.7/site-packages/airflow/example_dags/example_branch_datetime_operator.py
[2023-08-14T08:25:46.848+0000] {logging_mixin.py:149} INFO - [2023-08-14T08:25:46.847+0000] {dag.py:2726} INFO - Sync 3 DAGs
[2023-08-14T08:25:46.866+0000] {logging_mixin.py:149} INFO - [2023-08-14T08:25:46.866+0000] {dag.py:3490} INFO - Setting next_dagrun for example_branch_datetime_operator to 2023-08-13T00:00:00+00:00, run_after=2023-08-14T00:00:00+00:00
[2023-08-14T08:25:46.869+0000] {logging_mixin.py:149} INFO - [2023-08-14T08:25:46.869+0000] {dag.py:3490} INFO - Setting next_dagrun for example_branch_datetime_operator_2 to 2023-08-13T00:00:00+00:00, run_after=2023-08-14T00:00:00+00:00
[2023-08-14T08:25:46.871+0000] {logging_mixin.py:149} INFO - [2023-08-14T08:25:46.871+0000] {dag.py:3490} INFO - Setting next_dagrun for example_branch_datetime_operator_3 to 2023-08-13T00:00:00+00:00, run_after=2023-08-14T00:00:00+00:00
[2023-08-14T08:25:46.880+0000] {processor.py:179} INFO - Processing /home/airflow/.local/lib/python3.7/site-packages/airflow/example_dags/example_branch_datetime_operator.py took 0.079 seconds
[2023-08-14T08:26:20.466+0000] {processor.py:157} INFO - Started process (PID=69802) to work on /home/airflow/.local/lib/python3.7/site-packages/airflow/example_dags/example_branch_datetime_operator.py
[2023-08-14T08:26:20.467+0000] {processor.py:826} INFO - Processing file /home/airflow/.local/lib/python3.7/site-packages/airflow/example_dags/example_branch_datetime_operator.py for tasks to queue
[2023-08-14T08:26:20.468+0000] {logging_mixin.py:149} INFO - [2023-08-14T08:26:20.468+0000] {dagbag.py:541} INFO - Filling up the DagBag from /home/airflow/.local/lib/python3.7/site-packages/airflow/example_dags/example_branch_datetime_operator.py
[2023-08-14T08:26:20.475+0000] {processor.py:836} INFO - DAG(s) dict_keys(['example_branch_datetime_operator', 'example_branch_datetime_operator_3', 'example_branch_datetime_operator_2']) retrieved from /home/airflow/.local/lib/python3.7/site-packages/airflow/example_dags/example_branch_datetime_operator.py
[2023-08-14T08:26:20.498+0000] {logging_mixin.py:149} INFO - [2023-08-14T08:26:20.498+0000] {dag.py:2726} INFO - Sync 3 DAGs
[2023-08-14T08:26:20.514+0000] {logging_mixin.py:149} INFO - [2023-08-14T08:26:20.514+0000] {dag.py:3490} INFO - Setting next_dagrun for example_branch_datetime_operator to 2023-08-13T00:00:00+00:00, run_after=2023-08-14T00:00:00+00:00
[2023-08-14T08:26:20.517+0000] {logging_mixin.py:149} INFO - [2023-08-14T08:26:20.516+0000] {dag.py:3490} INFO - Setting next_dagrun for example_branch_datetime_operator_2 to 2023-08-13T00:00:00+00:00, run_after=2023-08-14T00:00:00+00:00
[2023-08-14T08:26:20.518+0000] {logging_mixin.py:149} INFO - [2023-08-14T08:26:20.518+0000] {dag.py:3490} INFO - Setting next_dagrun for example_branch_datetime_operator_3 to 2023-08-13T00:00:00+00:00, run_after=2023-08-14T00:00:00+00:00
[2023-08-14T08:26:20.528+0000] {processor.py:179} INFO - Processing /home/airflow/.local/lib/python3.7/site-packages/airflow/example_dags/example_branch_datetime_operator.py took 0.064 seconds
[2023-08-14T08:26:54.588+0000] {processor.py:157} INFO - Started process (PID=69868) to work on /home/airflow/.local/lib/python3.7/site-packages/airflow/example_dags/example_branch_datetime_operator.py
[2023-08-14T08:26:54.590+0000] {processor.py:826} INFO - Processing file /home/airflow/.local/lib/python3.7/site-packages/airflow/example_dags/example_branch_datetime_operator.py for tasks to queue
[2023-08-14T08:26:54.591+0000] {logging_mixin.py:149} INFO - [2023-08-14T08:26:54.591+0000] {dagbag.py:541} INFO - Filling up the DagBag from /home/airflow/.local/lib/python3.7/site-packages/airflow/example_dags/example_branch_datetime_operator.py
[2023-08-14T08:26:54.598+0000] {processor.py:836} INFO - DAG(s) dict_keys(['example_branch_datetime_operator_2', 'example_branch_datetime_operator', 'example_branch_datetime_operator_3']) retrieved from /home/airflow/.local/lib/python3.7/site-packages/airflow/example_dags/example_branch_datetime_operator.py
[2023-08-14T08:26:54.625+0000] {logging_mixin.py:149} INFO - [2023-08-14T08:26:54.625+0000] {dag.py:2726} INFO - Sync 3 DAGs
[2023-08-14T08:26:54.643+0000] {logging_mixin.py:149} INFO - [2023-08-14T08:26:54.643+0000] {dag.py:3490} INFO - Setting next_dagrun for example_branch_datetime_operator to 2023-08-13T00:00:00+00:00, run_after=2023-08-14T00:00:00+00:00
[2023-08-14T08:26:54.647+0000] {logging_mixin.py:149} INFO - [2023-08-14T08:26:54.647+0000] {dag.py:3490} INFO - Setting next_dagrun for example_branch_datetime_operator_2 to 2023-08-13T00:00:00+00:00, run_after=2023-08-14T00:00:00+00:00
[2023-08-14T08:26:54.649+0000] {logging_mixin.py:149} INFO - [2023-08-14T08:26:54.649+0000] {dag.py:3490} INFO - Setting next_dagrun for example_branch_datetime_operator_3 to 2023-08-13T00:00:00+00:00, run_after=2023-08-14T00:00:00+00:00
[2023-08-14T08:26:54.659+0000] {processor.py:179} INFO - Processing /home/airflow/.local/lib/python3.7/site-packages/airflow/example_dags/example_branch_datetime_operator.py took 0.075 seconds
[2023-08-14T08:27:28.140+0000] {processor.py:157} INFO - Started process (PID=69935) to work on /home/airflow/.local/lib/python3.7/site-packages/airflow/example_dags/example_branch_datetime_operator.py
[2023-08-14T08:27:28.141+0000] {processor.py:826} INFO - Processing file /home/airflow/.local/lib/python3.7/site-packages/airflow/example_dags/example_branch_datetime_operator.py for tasks to queue
[2023-08-14T08:27:28.141+0000] {logging_mixin.py:149} INFO - [2023-08-14T08:27:28.141+0000] {dagbag.py:541} INFO - Filling up the DagBag from /home/airflow/.local/lib/python3.7/site-packages/airflow/example_dags/example_branch_datetime_operator.py
[2023-08-14T08:27:28.149+0000] {processor.py:836} INFO - DAG(s) dict_keys(['example_branch_datetime_operator_2', 'example_branch_datetime_operator_3', 'example_branch_datetime_operator']) retrieved from /home/airflow/.local/lib/python3.7/site-packages/airflow/example_dags/example_branch_datetime_operator.py
[2023-08-14T08:27:28.173+0000] {logging_mixin.py:149} INFO - [2023-08-14T08:27:28.173+0000] {dag.py:2726} INFO - Sync 3 DAGs
[2023-08-14T08:27:28.189+0000] {logging_mixin.py:149} INFO - [2023-08-14T08:27:28.189+0000] {dag.py:3490} INFO - Setting next_dagrun for example_branch_datetime_operator to 2023-08-13T00:00:00+00:00, run_after=2023-08-14T00:00:00+00:00
[2023-08-14T08:27:28.193+0000] {logging_mixin.py:149} INFO - [2023-08-14T08:27:28.193+0000] {dag.py:3490} INFO - Setting next_dagrun for example_branch_datetime_operator_2 to 2023-08-13T00:00:00+00:00, run_after=2023-08-14T00:00:00+00:00
[2023-08-14T08:27:28.195+0000] {logging_mixin.py:149} INFO - [2023-08-14T08:27:28.195+0000] {dag.py:3490} INFO - Setting next_dagrun for example_branch_datetime_operator_3 to 2023-08-13T00:00:00+00:00, run_after=2023-08-14T00:00:00+00:00
[2023-08-14T08:27:28.206+0000] {processor.py:179} INFO - Processing /home/airflow/.local/lib/python3.7/site-packages/airflow/example_dags/example_branch_datetime_operator.py took 0.070 seconds
[2023-08-14T08:27:58.328+0000] {processor.py:157} INFO - Started process (PID=69990) to work on /home/airflow/.local/lib/python3.7/site-packages/airflow/example_dags/example_branch_datetime_operator.py
[2023-08-14T08:27:58.338+0000] {processor.py:826} INFO - Processing file /home/airflow/.local/lib/python3.7/site-packages/airflow/example_dags/example_branch_datetime_operator.py for tasks to queue
[2023-08-14T08:27:58.339+0000] {logging_mixin.py:149} INFO - [2023-08-14T08:27:58.339+0000] {dagbag.py:541} INFO - Filling up the DagBag from /home/airflow/.local/lib/python3.7/site-packages/airflow/example_dags/example_branch_datetime_operator.py
[2023-08-14T08:27:58.348+0000] {processor.py:836} INFO - DAG(s) dict_keys(['example_branch_datetime_operator_2', 'example_branch_datetime_operator', 'example_branch_datetime_operator_3']) retrieved from /home/airflow/.local/lib/python3.7/site-packages/airflow/example_dags/example_branch_datetime_operator.py
[2023-08-14T08:27:58.372+0000] {logging_mixin.py:149} INFO - [2023-08-14T08:27:58.372+0000] {dag.py:2726} INFO - Sync 3 DAGs
[2023-08-14T08:27:58.389+0000] {logging_mixin.py:149} INFO - [2023-08-14T08:27:58.389+0000] {dag.py:3490} INFO - Setting next_dagrun for example_branch_datetime_operator to 2023-08-13T00:00:00+00:00, run_after=2023-08-14T00:00:00+00:00
[2023-08-14T08:27:58.392+0000] {logging_mixin.py:149} INFO - [2023-08-14T08:27:58.392+0000] {dag.py:3490} INFO - Setting next_dagrun for example_branch_datetime_operator_2 to 2023-08-13T00:00:00+00:00, run_after=2023-08-14T00:00:00+00:00
[2023-08-14T08:27:58.394+0000] {logging_mixin.py:149} INFO - [2023-08-14T08:27:58.394+0000] {dag.py:3490} INFO - Setting next_dagrun for example_branch_datetime_operator_3 to 2023-08-13T00:00:00+00:00, run_after=2023-08-14T00:00:00+00:00
[2023-08-14T08:27:58.403+0000] {processor.py:179} INFO - Processing /home/airflow/.local/lib/python3.7/site-packages/airflow/example_dags/example_branch_datetime_operator.py took 0.079 seconds
[2023-08-14T08:28:28.500+0000] {processor.py:157} INFO - Started process (PID=70055) to work on /home/airflow/.local/lib/python3.7/site-packages/airflow/example_dags/example_branch_datetime_operator.py
[2023-08-14T08:28:28.501+0000] {processor.py:826} INFO - Processing file /home/airflow/.local/lib/python3.7/site-packages/airflow/example_dags/example_branch_datetime_operator.py for tasks to queue
[2023-08-14T08:28:28.502+0000] {logging_mixin.py:149} INFO - [2023-08-14T08:28:28.502+0000] {dagbag.py:541} INFO - Filling up the DagBag from /home/airflow/.local/lib/python3.7/site-packages/airflow/example_dags/example_branch_datetime_operator.py
[2023-08-14T08:28:28.512+0000] {processor.py:836} INFO - DAG(s) dict_keys(['example_branch_datetime_operator_2', 'example_branch_datetime_operator', 'example_branch_datetime_operator_3']) retrieved from /home/airflow/.local/lib/python3.7/site-packages/airflow/example_dags/example_branch_datetime_operator.py
[2023-08-14T08:28:28.538+0000] {logging_mixin.py:149} INFO - [2023-08-14T08:28:28.538+0000] {dag.py:2726} INFO - Sync 3 DAGs
[2023-08-14T08:28:28.554+0000] {logging_mixin.py:149} INFO - [2023-08-14T08:28:28.554+0000] {dag.py:3490} INFO - Setting next_dagrun for example_branch_datetime_operator to 2023-08-13T00:00:00+00:00, run_after=2023-08-14T00:00:00+00:00
[2023-08-14T08:28:28.557+0000] {logging_mixin.py:149} INFO - [2023-08-14T08:28:28.557+0000] {dag.py:3490} INFO - Setting next_dagrun for example_branch_datetime_operator_2 to 2023-08-13T00:00:00+00:00, run_after=2023-08-14T00:00:00+00:00
[2023-08-14T08:28:28.559+0000] {logging_mixin.py:149} INFO - [2023-08-14T08:28:28.559+0000] {dag.py:3490} INFO - Setting next_dagrun for example_branch_datetime_operator_3 to 2023-08-13T00:00:00+00:00, run_after=2023-08-14T00:00:00+00:00
[2023-08-14T08:28:28.569+0000] {processor.py:179} INFO - Processing /home/airflow/.local/lib/python3.7/site-packages/airflow/example_dags/example_branch_datetime_operator.py took 0.074 seconds
[2023-08-14T10:03:27.735+0000] {processor.py:157} INFO - Started process (PID=70133) to work on /home/airflow/.local/lib/python3.7/site-packages/airflow/example_dags/example_branch_datetime_operator.py
[2023-08-14T10:03:27.736+0000] {processor.py:826} INFO - Processing file /home/airflow/.local/lib/python3.7/site-packages/airflow/example_dags/example_branch_datetime_operator.py for tasks to queue
[2023-08-14T10:03:27.737+0000] {logging_mixin.py:149} INFO - [2023-08-14T10:03:27.737+0000] {dagbag.py:541} INFO - Filling up the DagBag from /home/airflow/.local/lib/python3.7/site-packages/airflow/example_dags/example_branch_datetime_operator.py
[2023-08-14T10:03:27.744+0000] {processor.py:836} INFO - DAG(s) dict_keys(['example_branch_datetime_operator_2', 'example_branch_datetime_operator_3', 'example_branch_datetime_operator']) retrieved from /home/airflow/.local/lib/python3.7/site-packages/airflow/example_dags/example_branch_datetime_operator.py
[2023-08-14T10:03:27.769+0000] {logging_mixin.py:149} INFO - [2023-08-14T10:03:27.769+0000] {dag.py:2726} INFO - Sync 3 DAGs
[2023-08-14T10:03:27.787+0000] {logging_mixin.py:149} INFO - [2023-08-14T10:03:27.787+0000] {dag.py:3490} INFO - Setting next_dagrun for example_branch_datetime_operator to 2023-08-13T00:00:00+00:00, run_after=2023-08-14T00:00:00+00:00
[2023-08-14T10:03:27.790+0000] {logging_mixin.py:149} INFO - [2023-08-14T10:03:27.790+0000] {dag.py:3490} INFO - Setting next_dagrun for example_branch_datetime_operator_2 to 2023-08-13T00:00:00+00:00, run_after=2023-08-14T00:00:00+00:00
[2023-08-14T10:03:27.792+0000] {logging_mixin.py:149} INFO - [2023-08-14T10:03:27.792+0000] {dag.py:3490} INFO - Setting next_dagrun for example_branch_datetime_operator_3 to 2023-08-13T00:00:00+00:00, run_after=2023-08-14T00:00:00+00:00
[2023-08-14T10:03:27.802+0000] {processor.py:179} INFO - Processing /home/airflow/.local/lib/python3.7/site-packages/airflow/example_dags/example_branch_datetime_operator.py took 0.070 seconds
[2023-08-14T10:36:52.587+0000] {processor.py:157} INFO - Started process (PID=70199) to work on /home/airflow/.local/lib/python3.7/site-packages/airflow/example_dags/example_branch_datetime_operator.py
[2023-08-14T10:36:52.588+0000] {processor.py:826} INFO - Processing file /home/airflow/.local/lib/python3.7/site-packages/airflow/example_dags/example_branch_datetime_operator.py for tasks to queue
[2023-08-14T10:36:52.589+0000] {logging_mixin.py:149} INFO - [2023-08-14T10:36:52.588+0000] {dagbag.py:541} INFO - Filling up the DagBag from /home/airflow/.local/lib/python3.7/site-packages/airflow/example_dags/example_branch_datetime_operator.py
[2023-08-14T10:36:52.595+0000] {processor.py:836} INFO - DAG(s) dict_keys(['example_branch_datetime_operator_3', 'example_branch_datetime_operator', 'example_branch_datetime_operator_2']) retrieved from /home/airflow/.local/lib/python3.7/site-packages/airflow/example_dags/example_branch_datetime_operator.py
[2023-08-14T10:36:52.617+0000] {logging_mixin.py:149} INFO - [2023-08-14T10:36:52.617+0000] {dag.py:2726} INFO - Sync 3 DAGs
[2023-08-14T10:36:52.635+0000] {logging_mixin.py:149} INFO - [2023-08-14T10:36:52.635+0000] {dag.py:3490} INFO - Setting next_dagrun for example_branch_datetime_operator to 2023-08-13T00:00:00+00:00, run_after=2023-08-14T00:00:00+00:00
[2023-08-14T10:36:52.639+0000] {logging_mixin.py:149} INFO - [2023-08-14T10:36:52.638+0000] {dag.py:3490} INFO - Setting next_dagrun for example_branch_datetime_operator_2 to 2023-08-13T00:00:00+00:00, run_after=2023-08-14T00:00:00+00:00
[2023-08-14T10:36:52.640+0000] {logging_mixin.py:149} INFO - [2023-08-14T10:36:52.640+0000] {dag.py:3490} INFO - Setting next_dagrun for example_branch_datetime_operator_3 to 2023-08-13T00:00:00+00:00, run_after=2023-08-14T00:00:00+00:00
[2023-08-14T10:36:52.651+0000] {processor.py:179} INFO - Processing /home/airflow/.local/lib/python3.7/site-packages/airflow/example_dags/example_branch_datetime_operator.py took 0.067 seconds
[2023-08-14T13:13:52.075+0000] {processor.py:157} INFO - Started process (PID=70265) to work on /home/airflow/.local/lib/python3.7/site-packages/airflow/example_dags/example_branch_datetime_operator.py
[2023-08-14T13:13:52.076+0000] {processor.py:826} INFO - Processing file /home/airflow/.local/lib/python3.7/site-packages/airflow/example_dags/example_branch_datetime_operator.py for tasks to queue
[2023-08-14T13:13:52.096+0000] {logging_mixin.py:149} INFO - [2023-08-14T13:13:52.096+0000] {dagbag.py:541} INFO - Filling up the DagBag from /home/airflow/.local/lib/python3.7/site-packages/airflow/example_dags/example_branch_datetime_operator.py
[2023-08-14T13:13:52.104+0000] {processor.py:836} INFO - DAG(s) dict_keys(['example_branch_datetime_operator_3', 'example_branch_datetime_operator_2', 'example_branch_datetime_operator']) retrieved from /home/airflow/.local/lib/python3.7/site-packages/airflow/example_dags/example_branch_datetime_operator.py
[2023-08-14T13:13:52.134+0000] {logging_mixin.py:149} INFO - [2023-08-14T13:13:52.134+0000] {dag.py:2726} INFO - Sync 3 DAGs
[2023-08-14T13:13:52.151+0000] {logging_mixin.py:149} INFO - [2023-08-14T13:13:52.151+0000] {dag.py:3490} INFO - Setting next_dagrun for example_branch_datetime_operator to 2023-08-13T00:00:00+00:00, run_after=2023-08-14T00:00:00+00:00
[2023-08-14T13:13:52.154+0000] {logging_mixin.py:149} INFO - [2023-08-14T13:13:52.154+0000] {dag.py:3490} INFO - Setting next_dagrun for example_branch_datetime_operator_2 to 2023-08-13T00:00:00+00:00, run_after=2023-08-14T00:00:00+00:00
[2023-08-14T13:13:52.156+0000] {logging_mixin.py:149} INFO - [2023-08-14T13:13:52.156+0000] {dag.py:3490} INFO - Setting next_dagrun for example_branch_datetime_operator_3 to 2023-08-13T00:00:00+00:00, run_after=2023-08-14T00:00:00+00:00
[2023-08-14T13:13:52.166+0000] {processor.py:179} INFO - Processing /home/airflow/.local/lib/python3.7/site-packages/airflow/example_dags/example_branch_datetime_operator.py took 0.094 seconds
[2023-08-14T14:29:05.008+0000] {processor.py:157} INFO - Started process (PID=70330) to work on /home/airflow/.local/lib/python3.7/site-packages/airflow/example_dags/example_branch_datetime_operator.py
[2023-08-14T14:29:05.009+0000] {processor.py:826} INFO - Processing file /home/airflow/.local/lib/python3.7/site-packages/airflow/example_dags/example_branch_datetime_operator.py for tasks to queue
[2023-08-14T14:29:05.010+0000] {logging_mixin.py:149} INFO - [2023-08-14T14:29:05.010+0000] {dagbag.py:541} INFO - Filling up the DagBag from /home/airflow/.local/lib/python3.7/site-packages/airflow/example_dags/example_branch_datetime_operator.py
[2023-08-14T14:29:05.016+0000] {processor.py:836} INFO - DAG(s) dict_keys(['example_branch_datetime_operator_2', 'example_branch_datetime_operator_3', 'example_branch_datetime_operator']) retrieved from /home/airflow/.local/lib/python3.7/site-packages/airflow/example_dags/example_branch_datetime_operator.py
[2023-08-14T14:29:05.040+0000] {logging_mixin.py:149} INFO - [2023-08-14T14:29:05.039+0000] {dag.py:2726} INFO - Sync 3 DAGs
[2023-08-14T14:29:05.055+0000] {logging_mixin.py:149} INFO - [2023-08-14T14:29:05.055+0000] {dag.py:3490} INFO - Setting next_dagrun for example_branch_datetime_operator to 2023-08-13T00:00:00+00:00, run_after=2023-08-14T00:00:00+00:00
[2023-08-14T14:29:05.058+0000] {logging_mixin.py:149} INFO - [2023-08-14T14:29:05.057+0000] {dag.py:3490} INFO - Setting next_dagrun for example_branch_datetime_operator_2 to 2023-08-13T00:00:00+00:00, run_after=2023-08-14T00:00:00+00:00
[2023-08-14T14:29:05.059+0000] {logging_mixin.py:149} INFO - [2023-08-14T14:29:05.059+0000] {dag.py:3490} INFO - Setting next_dagrun for example_branch_datetime_operator_3 to 2023-08-13T00:00:00+00:00, run_after=2023-08-14T00:00:00+00:00
[2023-08-14T14:29:05.068+0000] {processor.py:179} INFO - Processing /home/airflow/.local/lib/python3.7/site-packages/airflow/example_dags/example_branch_datetime_operator.py took 0.062 seconds
[2023-08-14T17:05:44.069+0000] {processor.py:157} INFO - Started process (PID=70396) to work on /home/airflow/.local/lib/python3.7/site-packages/airflow/example_dags/example_branch_datetime_operator.py
[2023-08-14T17:05:44.070+0000] {processor.py:826} INFO - Processing file /home/airflow/.local/lib/python3.7/site-packages/airflow/example_dags/example_branch_datetime_operator.py for tasks to queue
[2023-08-14T17:05:44.071+0000] {logging_mixin.py:149} INFO - [2023-08-14T17:05:44.071+0000] {dagbag.py:541} INFO - Filling up the DagBag from /home/airflow/.local/lib/python3.7/site-packages/airflow/example_dags/example_branch_datetime_operator.py
[2023-08-14T17:05:44.078+0000] {processor.py:836} INFO - DAG(s) dict_keys(['example_branch_datetime_operator_3', 'example_branch_datetime_operator_2', 'example_branch_datetime_operator']) retrieved from /home/airflow/.local/lib/python3.7/site-packages/airflow/example_dags/example_branch_datetime_operator.py
[2023-08-14T17:05:44.105+0000] {logging_mixin.py:149} INFO - [2023-08-14T17:05:44.105+0000] {dag.py:2726} INFO - Sync 3 DAGs
[2023-08-14T17:05:44.124+0000] {logging_mixin.py:149} INFO - [2023-08-14T17:05:44.124+0000] {dag.py:3490} INFO - Setting next_dagrun for example_branch_datetime_operator to 2023-08-13T00:00:00+00:00, run_after=2023-08-14T00:00:00+00:00
[2023-08-14T17:05:44.127+0000] {logging_mixin.py:149} INFO - [2023-08-14T17:05:44.127+0000] {dag.py:3490} INFO - Setting next_dagrun for example_branch_datetime_operator_2 to 2023-08-13T00:00:00+00:00, run_after=2023-08-14T00:00:00+00:00
[2023-08-14T17:05:44.129+0000] {logging_mixin.py:149} INFO - [2023-08-14T17:05:44.129+0000] {dag.py:3490} INFO - Setting next_dagrun for example_branch_datetime_operator_3 to 2023-08-13T00:00:00+00:00, run_after=2023-08-14T00:00:00+00:00
[2023-08-14T17:05:44.139+0000] {processor.py:179} INFO - Processing /home/airflow/.local/lib/python3.7/site-packages/airflow/example_dags/example_branch_datetime_operator.py took 0.074 seconds
[2023-08-14T18:49:15.573+0000] {processor.py:157} INFO - Started process (PID=70462) to work on /home/airflow/.local/lib/python3.7/site-packages/airflow/example_dags/example_branch_datetime_operator.py
[2023-08-14T18:49:15.574+0000] {processor.py:826} INFO - Processing file /home/airflow/.local/lib/python3.7/site-packages/airflow/example_dags/example_branch_datetime_operator.py for tasks to queue
[2023-08-14T18:49:15.575+0000] {logging_mixin.py:149} INFO - [2023-08-14T18:49:15.575+0000] {dagbag.py:541} INFO - Filling up the DagBag from /home/airflow/.local/lib/python3.7/site-packages/airflow/example_dags/example_branch_datetime_operator.py
[2023-08-14T18:49:15.583+0000] {processor.py:836} INFO - DAG(s) dict_keys(['example_branch_datetime_operator_2', 'example_branch_datetime_operator_3', 'example_branch_datetime_operator']) retrieved from /home/airflow/.local/lib/python3.7/site-packages/airflow/example_dags/example_branch_datetime_operator.py
[2023-08-14T18:49:15.611+0000] {logging_mixin.py:149} INFO - [2023-08-14T18:49:15.611+0000] {dag.py:2726} INFO - Sync 3 DAGs
[2023-08-14T18:49:15.634+0000] {logging_mixin.py:149} INFO - [2023-08-14T18:49:15.634+0000] {dag.py:3490} INFO - Setting next_dagrun for example_branch_datetime_operator to 2023-08-13T00:00:00+00:00, run_after=2023-08-14T00:00:00+00:00
[2023-08-14T18:49:15.638+0000] {logging_mixin.py:149} INFO - [2023-08-14T18:49:15.637+0000] {dag.py:3490} INFO - Setting next_dagrun for example_branch_datetime_operator_2 to 2023-08-13T00:00:00+00:00, run_after=2023-08-14T00:00:00+00:00
[2023-08-14T18:49:15.639+0000] {logging_mixin.py:149} INFO - [2023-08-14T18:49:15.639+0000] {dag.py:3490} INFO - Setting next_dagrun for example_branch_datetime_operator_3 to 2023-08-13T00:00:00+00:00, run_after=2023-08-14T00:00:00+00:00
[2023-08-14T18:49:15.650+0000] {processor.py:179} INFO - Processing /home/airflow/.local/lib/python3.7/site-packages/airflow/example_dags/example_branch_datetime_operator.py took 0.080 seconds
[2023-08-14T22:24:45.141+0000] {processor.py:157} INFO - Started process (PID=70528) to work on /home/airflow/.local/lib/python3.7/site-packages/airflow/example_dags/example_branch_datetime_operator.py
[2023-08-14T22:24:45.142+0000] {processor.py:826} INFO - Processing file /home/airflow/.local/lib/python3.7/site-packages/airflow/example_dags/example_branch_datetime_operator.py for tasks to queue
[2023-08-14T22:24:45.143+0000] {logging_mixin.py:149} INFO - [2023-08-14T22:24:45.143+0000] {dagbag.py:541} INFO - Filling up the DagBag from /home/airflow/.local/lib/python3.7/site-packages/airflow/example_dags/example_branch_datetime_operator.py
[2023-08-14T22:24:45.151+0000] {processor.py:836} INFO - DAG(s) dict_keys(['example_branch_datetime_operator_2', 'example_branch_datetime_operator_3', 'example_branch_datetime_operator']) retrieved from /home/airflow/.local/lib/python3.7/site-packages/airflow/example_dags/example_branch_datetime_operator.py
[2023-08-14T22:24:45.184+0000] {logging_mixin.py:149} INFO - [2023-08-14T22:24:45.184+0000] {dag.py:2726} INFO - Sync 3 DAGs
[2023-08-14T22:24:45.206+0000] {logging_mixin.py:149} INFO - [2023-08-14T22:24:45.206+0000] {dag.py:3490} INFO - Setting next_dagrun for example_branch_datetime_operator to 2023-08-13T00:00:00+00:00, run_after=2023-08-14T00:00:00+00:00
[2023-08-14T22:24:45.209+0000] {logging_mixin.py:149} INFO - [2023-08-14T22:24:45.209+0000] {dag.py:3490} INFO - Setting next_dagrun for example_branch_datetime_operator_2 to 2023-08-13T00:00:00+00:00, run_after=2023-08-14T00:00:00+00:00
[2023-08-14T22:24:45.211+0000] {logging_mixin.py:149} INFO - [2023-08-14T22:24:45.211+0000] {dag.py:3490} INFO - Setting next_dagrun for example_branch_datetime_operator_3 to 2023-08-13T00:00:00+00:00, run_after=2023-08-14T00:00:00+00:00
[2023-08-14T22:24:45.223+0000] {processor.py:179} INFO - Processing /home/airflow/.local/lib/python3.7/site-packages/airflow/example_dags/example_branch_datetime_operator.py took 0.086 seconds
