[2023-08-14T02:49:59.699+0000] {processor.py:157} INFO - Started process (PID=69484) to work on /home/airflow/.local/lib/python3.7/site-packages/airflow/example_dags/example_trigger_controller_dag.py
[2023-08-14T02:49:59.701+0000] {processor.py:826} INFO - Processing file /home/airflow/.local/lib/python3.7/site-packages/airflow/example_dags/example_trigger_controller_dag.py for tasks to queue
[2023-08-14T02:49:59.701+0000] {logging_mixin.py:149} INFO - [2023-08-14T02:49:59.701+0000] {dagbag.py:541} INFO - Filling up the DagBag from /home/airflow/.local/lib/python3.7/site-packages/airflow/example_dags/example_trigger_controller_dag.py
[2023-08-14T02:49:59.705+0000] {processor.py:836} INFO - DAG(s) dict_keys(['example_trigger_controller_dag']) retrieved from /home/airflow/.local/lib/python3.7/site-packages/airflow/example_dags/example_trigger_controller_dag.py
[2023-08-14T02:49:59.727+0000] {logging_mixin.py:149} INFO - [2023-08-14T02:49:59.727+0000] {dag.py:2726} INFO - Sync 1 DAGs
[2023-08-14T02:49:59.743+0000] {logging_mixin.py:149} INFO - [2023-08-14T02:49:59.742+0000] {dag.py:3490} INFO - Setting next_dagrun for example_trigger_controller_dag to 2021-01-01T00:00:00+00:00, run_after=2021-01-01T00:00:00+00:00
[2023-08-14T02:49:59.753+0000] {processor.py:179} INFO - Processing /home/airflow/.local/lib/python3.7/site-packages/airflow/example_dags/example_trigger_controller_dag.py took 0.057 seconds
[2023-08-14T05:00:37.982+0000] {processor.py:157} INFO - Started process (PID=69550) to work on /home/airflow/.local/lib/python3.7/site-packages/airflow/example_dags/example_trigger_controller_dag.py
[2023-08-14T05:00:37.983+0000] {processor.py:826} INFO - Processing file /home/airflow/.local/lib/python3.7/site-packages/airflow/example_dags/example_trigger_controller_dag.py for tasks to queue
[2023-08-14T05:00:37.984+0000] {logging_mixin.py:149} INFO - [2023-08-14T05:00:37.984+0000] {dagbag.py:541} INFO - Filling up the DagBag from /home/airflow/.local/lib/python3.7/site-packages/airflow/example_dags/example_trigger_controller_dag.py
[2023-08-14T05:00:37.987+0000] {processor.py:836} INFO - DAG(s) dict_keys(['example_trigger_controller_dag']) retrieved from /home/airflow/.local/lib/python3.7/site-packages/airflow/example_dags/example_trigger_controller_dag.py
[2023-08-14T05:00:38.008+0000] {logging_mixin.py:149} INFO - [2023-08-14T05:00:38.008+0000] {dag.py:2726} INFO - Sync 1 DAGs
[2023-08-14T05:00:38.025+0000] {logging_mixin.py:149} INFO - [2023-08-14T05:00:38.025+0000] {dag.py:3490} INFO - Setting next_dagrun for example_trigger_controller_dag to 2021-01-01T00:00:00+00:00, run_after=2021-01-01T00:00:00+00:00
[2023-08-14T05:00:38.037+0000] {processor.py:179} INFO - Processing /home/airflow/.local/lib/python3.7/site-packages/airflow/example_dags/example_trigger_controller_dag.py took 0.058 seconds
[2023-08-14T07:02:36.365+0000] {processor.py:157} INFO - Started process (PID=69616) to work on /home/airflow/.local/lib/python3.7/site-packages/airflow/example_dags/example_trigger_controller_dag.py
[2023-08-14T07:02:36.366+0000] {processor.py:826} INFO - Processing file /home/airflow/.local/lib/python3.7/site-packages/airflow/example_dags/example_trigger_controller_dag.py for tasks to queue
[2023-08-14T07:02:36.366+0000] {logging_mixin.py:149} INFO - [2023-08-14T07:02:36.366+0000] {dagbag.py:541} INFO - Filling up the DagBag from /home/airflow/.local/lib/python3.7/site-packages/airflow/example_dags/example_trigger_controller_dag.py
[2023-08-14T07:02:36.370+0000] {processor.py:836} INFO - DAG(s) dict_keys(['example_trigger_controller_dag']) retrieved from /home/airflow/.local/lib/python3.7/site-packages/airflow/example_dags/example_trigger_controller_dag.py
[2023-08-14T07:02:36.409+0000] {logging_mixin.py:149} INFO - [2023-08-14T07:02:36.409+0000] {dag.py:2726} INFO - Sync 1 DAGs
[2023-08-14T07:02:36.425+0000] {logging_mixin.py:149} INFO - [2023-08-14T07:02:36.425+0000] {dag.py:3490} INFO - Setting next_dagrun for example_trigger_controller_dag to 2021-01-01T00:00:00+00:00, run_after=2021-01-01T00:00:00+00:00
[2023-08-14T07:02:36.436+0000] {processor.py:179} INFO - Processing /home/airflow/.local/lib/python3.7/site-packages/airflow/example_dags/example_trigger_controller_dag.py took 0.074 seconds
[2023-08-14T08:25:14.351+0000] {processor.py:157} INFO - Started process (PID=69682) to work on /home/airflow/.local/lib/python3.7/site-packages/airflow/example_dags/example_trigger_controller_dag.py
[2023-08-14T08:25:14.352+0000] {processor.py:826} INFO - Processing file /home/airflow/.local/lib/python3.7/site-packages/airflow/example_dags/example_trigger_controller_dag.py for tasks to queue
[2023-08-14T08:25:14.356+0000] {logging_mixin.py:149} INFO - [2023-08-14T08:25:14.356+0000] {dagbag.py:541} INFO - Filling up the DagBag from /home/airflow/.local/lib/python3.7/site-packages/airflow/example_dags/example_trigger_controller_dag.py
[2023-08-14T08:25:14.360+0000] {processor.py:836} INFO - DAG(s) dict_keys(['example_trigger_controller_dag']) retrieved from /home/airflow/.local/lib/python3.7/site-packages/airflow/example_dags/example_trigger_controller_dag.py
[2023-08-14T08:25:14.379+0000] {logging_mixin.py:149} INFO - [2023-08-14T08:25:14.379+0000] {dag.py:2726} INFO - Sync 1 DAGs
[2023-08-14T08:25:14.396+0000] {logging_mixin.py:149} INFO - [2023-08-14T08:25:14.396+0000] {dag.py:3490} INFO - Setting next_dagrun for example_trigger_controller_dag to 2021-01-01T00:00:00+00:00, run_after=2021-01-01T00:00:00+00:00
[2023-08-14T08:25:14.407+0000] {processor.py:179} INFO - Processing /home/airflow/.local/lib/python3.7/site-packages/airflow/example_dags/example_trigger_controller_dag.py took 0.059 seconds
[2023-08-14T08:25:47.730+0000] {processor.py:157} INFO - Started process (PID=69749) to work on /home/airflow/.local/lib/python3.7/site-packages/airflow/example_dags/example_trigger_controller_dag.py
[2023-08-14T08:25:47.732+0000] {processor.py:826} INFO - Processing file /home/airflow/.local/lib/python3.7/site-packages/airflow/example_dags/example_trigger_controller_dag.py for tasks to queue
[2023-08-14T08:25:47.732+0000] {logging_mixin.py:149} INFO - [2023-08-14T08:25:47.732+0000] {dagbag.py:541} INFO - Filling up the DagBag from /home/airflow/.local/lib/python3.7/site-packages/airflow/example_dags/example_trigger_controller_dag.py
[2023-08-14T08:25:47.736+0000] {processor.py:836} INFO - DAG(s) dict_keys(['example_trigger_controller_dag']) retrieved from /home/airflow/.local/lib/python3.7/site-packages/airflow/example_dags/example_trigger_controller_dag.py
[2023-08-14T08:25:47.756+0000] {logging_mixin.py:149} INFO - [2023-08-14T08:25:47.756+0000] {dag.py:2726} INFO - Sync 1 DAGs
[2023-08-14T08:25:47.784+0000] {logging_mixin.py:149} INFO - [2023-08-14T08:25:47.784+0000] {dag.py:3490} INFO - Setting next_dagrun for example_trigger_controller_dag to 2021-01-01T00:00:00+00:00, run_after=2021-01-01T00:00:00+00:00
[2023-08-14T08:25:47.803+0000] {processor.py:179} INFO - Processing /home/airflow/.local/lib/python3.7/site-packages/airflow/example_dags/example_trigger_controller_dag.py took 0.076 seconds
[2023-08-14T08:26:21.422+0000] {processor.py:157} INFO - Started process (PID=69815) to work on /home/airflow/.local/lib/python3.7/site-packages/airflow/example_dags/example_trigger_controller_dag.py
[2023-08-14T08:26:21.424+0000] {processor.py:826} INFO - Processing file /home/airflow/.local/lib/python3.7/site-packages/airflow/example_dags/example_trigger_controller_dag.py for tasks to queue
[2023-08-14T08:26:21.424+0000] {logging_mixin.py:149} INFO - [2023-08-14T08:26:21.424+0000] {dagbag.py:541} INFO - Filling up the DagBag from /home/airflow/.local/lib/python3.7/site-packages/airflow/example_dags/example_trigger_controller_dag.py
[2023-08-14T08:26:21.432+0000] {processor.py:836} INFO - DAG(s) dict_keys(['example_trigger_controller_dag']) retrieved from /home/airflow/.local/lib/python3.7/site-packages/airflow/example_dags/example_trigger_controller_dag.py
[2023-08-14T08:26:21.459+0000] {logging_mixin.py:149} INFO - [2023-08-14T08:26:21.459+0000] {dag.py:2726} INFO - Sync 1 DAGs
[2023-08-14T08:26:21.475+0000] {logging_mixin.py:149} INFO - [2023-08-14T08:26:21.475+0000] {dag.py:3490} INFO - Setting next_dagrun for example_trigger_controller_dag to 2021-01-01T00:00:00+00:00, run_after=2021-01-01T00:00:00+00:00
[2023-08-14T08:26:21.497+0000] {processor.py:179} INFO - Processing /home/airflow/.local/lib/python3.7/site-packages/airflow/example_dags/example_trigger_controller_dag.py took 0.078 seconds
[2023-08-14T08:26:55.513+0000] {processor.py:157} INFO - Started process (PID=69881) to work on /home/airflow/.local/lib/python3.7/site-packages/airflow/example_dags/example_trigger_controller_dag.py
[2023-08-14T08:26:55.514+0000] {processor.py:826} INFO - Processing file /home/airflow/.local/lib/python3.7/site-packages/airflow/example_dags/example_trigger_controller_dag.py for tasks to queue
[2023-08-14T08:26:55.515+0000] {logging_mixin.py:149} INFO - [2023-08-14T08:26:55.515+0000] {dagbag.py:541} INFO - Filling up the DagBag from /home/airflow/.local/lib/python3.7/site-packages/airflow/example_dags/example_trigger_controller_dag.py
[2023-08-14T08:26:55.518+0000] {processor.py:836} INFO - DAG(s) dict_keys(['example_trigger_controller_dag']) retrieved from /home/airflow/.local/lib/python3.7/site-packages/airflow/example_dags/example_trigger_controller_dag.py
[2023-08-14T08:26:55.543+0000] {logging_mixin.py:149} INFO - [2023-08-14T08:26:55.542+0000] {dag.py:2726} INFO - Sync 1 DAGs
[2023-08-14T08:26:55.559+0000] {logging_mixin.py:149} INFO - [2023-08-14T08:26:55.559+0000] {dag.py:3490} INFO - Setting next_dagrun for example_trigger_controller_dag to 2021-01-01T00:00:00+00:00, run_after=2021-01-01T00:00:00+00:00
[2023-08-14T08:26:55.573+0000] {processor.py:179} INFO - Processing /home/airflow/.local/lib/python3.7/site-packages/airflow/example_dags/example_trigger_controller_dag.py took 0.063 seconds
[2023-08-14T08:27:29.283+0000] {processor.py:157} INFO - Started process (PID=69948) to work on /home/airflow/.local/lib/python3.7/site-packages/airflow/example_dags/example_trigger_controller_dag.py
[2023-08-14T08:27:29.284+0000] {processor.py:826} INFO - Processing file /home/airflow/.local/lib/python3.7/site-packages/airflow/example_dags/example_trigger_controller_dag.py for tasks to queue
[2023-08-14T08:27:29.285+0000] {logging_mixin.py:149} INFO - [2023-08-14T08:27:29.285+0000] {dagbag.py:541} INFO - Filling up the DagBag from /home/airflow/.local/lib/python3.7/site-packages/airflow/example_dags/example_trigger_controller_dag.py
[2023-08-14T08:27:29.288+0000] {processor.py:836} INFO - DAG(s) dict_keys(['example_trigger_controller_dag']) retrieved from /home/airflow/.local/lib/python3.7/site-packages/airflow/example_dags/example_trigger_controller_dag.py
[2023-08-14T08:27:29.308+0000] {logging_mixin.py:149} INFO - [2023-08-14T08:27:29.308+0000] {dag.py:2726} INFO - Sync 1 DAGs
[2023-08-14T08:27:29.323+0000] {logging_mixin.py:149} INFO - [2023-08-14T08:27:29.323+0000] {dag.py:3490} INFO - Setting next_dagrun for example_trigger_controller_dag to 2021-01-01T00:00:00+00:00, run_after=2021-01-01T00:00:00+00:00
[2023-08-14T08:27:29.334+0000] {processor.py:179} INFO - Processing /home/airflow/.local/lib/python3.7/site-packages/airflow/example_dags/example_trigger_controller_dag.py took 0.054 seconds
[2023-08-14T08:28:02.476+0000] {processor.py:157} INFO - Started process (PID=70014) to work on /home/airflow/.local/lib/python3.7/site-packages/airflow/example_dags/example_trigger_controller_dag.py
[2023-08-14T08:28:02.477+0000] {processor.py:826} INFO - Processing file /home/airflow/.local/lib/python3.7/site-packages/airflow/example_dags/example_trigger_controller_dag.py for tasks to queue
[2023-08-14T08:28:02.478+0000] {logging_mixin.py:149} INFO - [2023-08-14T08:28:02.478+0000] {dagbag.py:541} INFO - Filling up the DagBag from /home/airflow/.local/lib/python3.7/site-packages/airflow/example_dags/example_trigger_controller_dag.py
[2023-08-14T08:28:02.481+0000] {processor.py:836} INFO - DAG(s) dict_keys(['example_trigger_controller_dag']) retrieved from /home/airflow/.local/lib/python3.7/site-packages/airflow/example_dags/example_trigger_controller_dag.py
[2023-08-14T08:28:02.502+0000] {logging_mixin.py:149} INFO - [2023-08-14T08:28:02.502+0000] {dag.py:2726} INFO - Sync 1 DAGs
[2023-08-14T08:28:02.518+0000] {logging_mixin.py:149} INFO - [2023-08-14T08:28:02.518+0000] {dag.py:3490} INFO - Setting next_dagrun for example_trigger_controller_dag to 2021-01-01T00:00:00+00:00, run_after=2021-01-01T00:00:00+00:00
[2023-08-14T08:28:02.529+0000] {processor.py:179} INFO - Processing /home/airflow/.local/lib/python3.7/site-packages/airflow/example_dags/example_trigger_controller_dag.py took 0.064 seconds
[2023-08-14T08:28:36.290+0000] {processor.py:157} INFO - Started process (PID=70080) to work on /home/airflow/.local/lib/python3.7/site-packages/airflow/example_dags/example_trigger_controller_dag.py
[2023-08-14T08:28:36.292+0000] {processor.py:826} INFO - Processing file /home/airflow/.local/lib/python3.7/site-packages/airflow/example_dags/example_trigger_controller_dag.py for tasks to queue
[2023-08-14T08:28:36.293+0000] {logging_mixin.py:149} INFO - [2023-08-14T08:28:36.293+0000] {dagbag.py:541} INFO - Filling up the DagBag from /home/airflow/.local/lib/python3.7/site-packages/airflow/example_dags/example_trigger_controller_dag.py
[2023-08-14T08:28:36.298+0000] {processor.py:836} INFO - DAG(s) dict_keys(['example_trigger_controller_dag']) retrieved from /home/airflow/.local/lib/python3.7/site-packages/airflow/example_dags/example_trigger_controller_dag.py
[2023-08-14T08:28:36.322+0000] {logging_mixin.py:149} INFO - [2023-08-14T08:28:36.322+0000] {dag.py:2726} INFO - Sync 1 DAGs
[2023-08-14T08:28:36.339+0000] {logging_mixin.py:149} INFO - [2023-08-14T08:28:36.339+0000] {dag.py:3490} INFO - Setting next_dagrun for example_trigger_controller_dag to 2021-01-01T00:00:00+00:00, run_after=2021-01-01T00:00:00+00:00
[2023-08-14T08:28:36.352+0000] {processor.py:179} INFO - Processing /home/airflow/.local/lib/python3.7/site-packages/airflow/example_dags/example_trigger_controller_dag.py took 0.066 seconds
[2023-08-14T10:03:28.603+0000] {processor.py:157} INFO - Started process (PID=70146) to work on /home/airflow/.local/lib/python3.7/site-packages/airflow/example_dags/example_trigger_controller_dag.py
[2023-08-14T10:03:28.604+0000] {processor.py:826} INFO - Processing file /home/airflow/.local/lib/python3.7/site-packages/airflow/example_dags/example_trigger_controller_dag.py for tasks to queue
[2023-08-14T10:03:28.605+0000] {logging_mixin.py:149} INFO - [2023-08-14T10:03:28.604+0000] {dagbag.py:541} INFO - Filling up the DagBag from /home/airflow/.local/lib/python3.7/site-packages/airflow/example_dags/example_trigger_controller_dag.py
[2023-08-14T10:03:28.608+0000] {processor.py:836} INFO - DAG(s) dict_keys(['example_trigger_controller_dag']) retrieved from /home/airflow/.local/lib/python3.7/site-packages/airflow/example_dags/example_trigger_controller_dag.py
[2023-08-14T10:03:28.633+0000] {logging_mixin.py:149} INFO - [2023-08-14T10:03:28.633+0000] {dag.py:2726} INFO - Sync 1 DAGs
[2023-08-14T10:03:28.650+0000] {logging_mixin.py:149} INFO - [2023-08-14T10:03:28.650+0000] {dag.py:3490} INFO - Setting next_dagrun for example_trigger_controller_dag to 2021-01-01T00:00:00+00:00, run_after=2021-01-01T00:00:00+00:00
[2023-08-14T10:03:28.662+0000] {processor.py:179} INFO - Processing /home/airflow/.local/lib/python3.7/site-packages/airflow/example_dags/example_trigger_controller_dag.py took 0.063 seconds
[2023-08-14T10:36:53.508+0000] {processor.py:157} INFO - Started process (PID=70212) to work on /home/airflow/.local/lib/python3.7/site-packages/airflow/example_dags/example_trigger_controller_dag.py
[2023-08-14T10:36:53.509+0000] {processor.py:826} INFO - Processing file /home/airflow/.local/lib/python3.7/site-packages/airflow/example_dags/example_trigger_controller_dag.py for tasks to queue
[2023-08-14T10:36:53.510+0000] {logging_mixin.py:149} INFO - [2023-08-14T10:36:53.510+0000] {dagbag.py:541} INFO - Filling up the DagBag from /home/airflow/.local/lib/python3.7/site-packages/airflow/example_dags/example_trigger_controller_dag.py
[2023-08-14T10:36:53.513+0000] {processor.py:836} INFO - DAG(s) dict_keys(['example_trigger_controller_dag']) retrieved from /home/airflow/.local/lib/python3.7/site-packages/airflow/example_dags/example_trigger_controller_dag.py
[2023-08-14T10:36:53.536+0000] {logging_mixin.py:149} INFO - [2023-08-14T10:36:53.536+0000] {dag.py:2726} INFO - Sync 1 DAGs
[2023-08-14T10:36:53.554+0000] {logging_mixin.py:149} INFO - [2023-08-14T10:36:53.554+0000] {dag.py:3490} INFO - Setting next_dagrun for example_trigger_controller_dag to 2021-01-01T00:00:00+00:00, run_after=2021-01-01T00:00:00+00:00
[2023-08-14T10:36:53.565+0000] {processor.py:179} INFO - Processing /home/airflow/.local/lib/python3.7/site-packages/airflow/example_dags/example_trigger_controller_dag.py took 0.060 seconds
[2023-08-14T13:13:52.954+0000] {processor.py:157} INFO - Started process (PID=70278) to work on /home/airflow/.local/lib/python3.7/site-packages/airflow/example_dags/example_trigger_controller_dag.py
[2023-08-14T13:13:52.955+0000] {processor.py:826} INFO - Processing file /home/airflow/.local/lib/python3.7/site-packages/airflow/example_dags/example_trigger_controller_dag.py for tasks to queue
[2023-08-14T13:13:52.956+0000] {logging_mixin.py:149} INFO - [2023-08-14T13:13:52.956+0000] {dagbag.py:541} INFO - Filling up the DagBag from /home/airflow/.local/lib/python3.7/site-packages/airflow/example_dags/example_trigger_controller_dag.py
[2023-08-14T13:13:52.960+0000] {processor.py:836} INFO - DAG(s) dict_keys(['example_trigger_controller_dag']) retrieved from /home/airflow/.local/lib/python3.7/site-packages/airflow/example_dags/example_trigger_controller_dag.py
[2023-08-14T13:13:52.983+0000] {logging_mixin.py:149} INFO - [2023-08-14T13:13:52.983+0000] {dag.py:2726} INFO - Sync 1 DAGs
[2023-08-14T13:13:53.001+0000] {logging_mixin.py:149} INFO - [2023-08-14T13:13:53.001+0000] {dag.py:3490} INFO - Setting next_dagrun for example_trigger_controller_dag to 2021-01-01T00:00:00+00:00, run_after=2021-01-01T00:00:00+00:00
[2023-08-14T13:13:53.013+0000] {processor.py:179} INFO - Processing /home/airflow/.local/lib/python3.7/site-packages/airflow/example_dags/example_trigger_controller_dag.py took 0.061 seconds
[2023-08-14T14:29:05.888+0000] {processor.py:157} INFO - Started process (PID=70343) to work on /home/airflow/.local/lib/python3.7/site-packages/airflow/example_dags/example_trigger_controller_dag.py
[2023-08-14T14:29:05.889+0000] {processor.py:826} INFO - Processing file /home/airflow/.local/lib/python3.7/site-packages/airflow/example_dags/example_trigger_controller_dag.py for tasks to queue
[2023-08-14T14:29:05.890+0000] {logging_mixin.py:149} INFO - [2023-08-14T14:29:05.890+0000] {dagbag.py:541} INFO - Filling up the DagBag from /home/airflow/.local/lib/python3.7/site-packages/airflow/example_dags/example_trigger_controller_dag.py
[2023-08-14T14:29:05.894+0000] {processor.py:836} INFO - DAG(s) dict_keys(['example_trigger_controller_dag']) retrieved from /home/airflow/.local/lib/python3.7/site-packages/airflow/example_dags/example_trigger_controller_dag.py
[2023-08-14T14:29:05.950+0000] {logging_mixin.py:149} INFO - [2023-08-14T14:29:05.950+0000] {dag.py:2726} INFO - Sync 1 DAGs
[2023-08-14T14:29:06.001+0000] {logging_mixin.py:149} INFO - [2023-08-14T14:29:06.001+0000] {dag.py:3490} INFO - Setting next_dagrun for example_trigger_controller_dag to 2021-01-01T00:00:00+00:00, run_after=2021-01-01T00:00:00+00:00
[2023-08-14T14:29:06.015+0000] {processor.py:179} INFO - Processing /home/airflow/.local/lib/python3.7/site-packages/airflow/example_dags/example_trigger_controller_dag.py took 0.130 seconds
[2023-08-14T17:05:44.992+0000] {processor.py:157} INFO - Started process (PID=70409) to work on /home/airflow/.local/lib/python3.7/site-packages/airflow/example_dags/example_trigger_controller_dag.py
[2023-08-14T17:05:44.993+0000] {processor.py:826} INFO - Processing file /home/airflow/.local/lib/python3.7/site-packages/airflow/example_dags/example_trigger_controller_dag.py for tasks to queue
[2023-08-14T17:05:44.994+0000] {logging_mixin.py:149} INFO - [2023-08-14T17:05:44.994+0000] {dagbag.py:541} INFO - Filling up the DagBag from /home/airflow/.local/lib/python3.7/site-packages/airflow/example_dags/example_trigger_controller_dag.py
[2023-08-14T17:05:44.998+0000] {processor.py:836} INFO - DAG(s) dict_keys(['example_trigger_controller_dag']) retrieved from /home/airflow/.local/lib/python3.7/site-packages/airflow/example_dags/example_trigger_controller_dag.py
[2023-08-14T17:05:45.020+0000] {logging_mixin.py:149} INFO - [2023-08-14T17:05:45.020+0000] {dag.py:2726} INFO - Sync 1 DAGs
[2023-08-14T17:05:45.038+0000] {logging_mixin.py:149} INFO - [2023-08-14T17:05:45.038+0000] {dag.py:3490} INFO - Setting next_dagrun for example_trigger_controller_dag to 2021-01-01T00:00:00+00:00, run_after=2021-01-01T00:00:00+00:00
[2023-08-14T17:05:45.049+0000] {processor.py:179} INFO - Processing /home/airflow/.local/lib/python3.7/site-packages/airflow/example_dags/example_trigger_controller_dag.py took 0.060 seconds
[2023-08-14T18:49:16.559+0000] {processor.py:157} INFO - Started process (PID=70475) to work on /home/airflow/.local/lib/python3.7/site-packages/airflow/example_dags/example_trigger_controller_dag.py
[2023-08-14T18:49:16.560+0000] {processor.py:826} INFO - Processing file /home/airflow/.local/lib/python3.7/site-packages/airflow/example_dags/example_trigger_controller_dag.py for tasks to queue
[2023-08-14T18:49:16.561+0000] {logging_mixin.py:149} INFO - [2023-08-14T18:49:16.561+0000] {dagbag.py:541} INFO - Filling up the DagBag from /home/airflow/.local/lib/python3.7/site-packages/airflow/example_dags/example_trigger_controller_dag.py
[2023-08-14T18:49:16.565+0000] {processor.py:836} INFO - DAG(s) dict_keys(['example_trigger_controller_dag']) retrieved from /home/airflow/.local/lib/python3.7/site-packages/airflow/example_dags/example_trigger_controller_dag.py
[2023-08-14T18:49:16.586+0000] {logging_mixin.py:149} INFO - [2023-08-14T18:49:16.585+0000] {dag.py:2726} INFO - Sync 1 DAGs
[2023-08-14T18:49:16.601+0000] {logging_mixin.py:149} INFO - [2023-08-14T18:49:16.601+0000] {dag.py:3490} INFO - Setting next_dagrun for example_trigger_controller_dag to 2021-01-01T00:00:00+00:00, run_after=2021-01-01T00:00:00+00:00
[2023-08-14T18:49:16.612+0000] {processor.py:179} INFO - Processing /home/airflow/.local/lib/python3.7/site-packages/airflow/example_dags/example_trigger_controller_dag.py took 0.056 seconds
[2023-08-14T22:24:45.990+0000] {processor.py:157} INFO - Started process (PID=70541) to work on /home/airflow/.local/lib/python3.7/site-packages/airflow/example_dags/example_trigger_controller_dag.py
[2023-08-14T22:24:45.991+0000] {processor.py:826} INFO - Processing file /home/airflow/.local/lib/python3.7/site-packages/airflow/example_dags/example_trigger_controller_dag.py for tasks to queue
[2023-08-14T22:24:45.992+0000] {logging_mixin.py:149} INFO - [2023-08-14T22:24:45.992+0000] {dagbag.py:541} INFO - Filling up the DagBag from /home/airflow/.local/lib/python3.7/site-packages/airflow/example_dags/example_trigger_controller_dag.py
[2023-08-14T22:24:45.996+0000] {processor.py:836} INFO - DAG(s) dict_keys(['example_trigger_controller_dag']) retrieved from /home/airflow/.local/lib/python3.7/site-packages/airflow/example_dags/example_trigger_controller_dag.py
[2023-08-14T22:24:46.017+0000] {logging_mixin.py:149} INFO - [2023-08-14T22:24:46.017+0000] {dag.py:2726} INFO - Sync 1 DAGs
[2023-08-14T22:24:46.034+0000] {logging_mixin.py:149} INFO - [2023-08-14T22:24:46.034+0000] {dag.py:3490} INFO - Setting next_dagrun for example_trigger_controller_dag to 2021-01-01T00:00:00+00:00, run_after=2021-01-01T00:00:00+00:00
[2023-08-14T22:24:46.049+0000] {processor.py:179} INFO - Processing /home/airflow/.local/lib/python3.7/site-packages/airflow/example_dags/example_trigger_controller_dag.py took 0.061 seconds
