[2023-08-14T02:50:00.167+0000] {processor.py:157} INFO - Started process (PID=69493) to work on /home/airflow/.local/lib/python3.7/site-packages/airflow/example_dags/example_params_ui_tutorial.py
[2023-08-14T02:50:00.171+0000] {processor.py:826} INFO - Processing file /home/airflow/.local/lib/python3.7/site-packages/airflow/example_dags/example_params_ui_tutorial.py for tasks to queue
[2023-08-14T02:50:00.173+0000] {logging_mixin.py:149} INFO - [2023-08-14T02:50:00.173+0000] {dagbag.py:541} INFO - Filling up the DagBag from /home/airflow/.local/lib/python3.7/site-packages/airflow/example_dags/example_params_ui_tutorial.py
[2023-08-14T02:50:00.256+0000] {processor.py:836} INFO - DAG(s) dict_keys(['example_params_ui_tutorial']) retrieved from /home/airflow/.local/lib/python3.7/site-packages/airflow/example_dags/example_params_ui_tutorial.py
[2023-08-14T02:50:00.418+0000] {logging_mixin.py:149} INFO - [2023-08-14T02:50:00.418+0000] {dag.py:2726} INFO - Sync 1 DAGs
[2023-08-14T02:50:00.447+0000] {logging_mixin.py:149} INFO - [2023-08-14T02:50:00.447+0000] {dag.py:3490} INFO - Setting next_dagrun for example_params_ui_tutorial to None, run_after=None
[2023-08-14T02:50:00.469+0000] {processor.py:179} INFO - Processing /home/airflow/.local/lib/python3.7/site-packages/airflow/example_dags/example_params_ui_tutorial.py took 0.309 seconds
[2023-08-14T05:00:38.358+0000] {processor.py:157} INFO - Started process (PID=69559) to work on /home/airflow/.local/lib/python3.7/site-packages/airflow/example_dags/example_params_ui_tutorial.py
[2023-08-14T05:00:38.362+0000] {processor.py:826} INFO - Processing file /home/airflow/.local/lib/python3.7/site-packages/airflow/example_dags/example_params_ui_tutorial.py for tasks to queue
[2023-08-14T05:00:38.363+0000] {logging_mixin.py:149} INFO - [2023-08-14T05:00:38.363+0000] {dagbag.py:541} INFO - Filling up the DagBag from /home/airflow/.local/lib/python3.7/site-packages/airflow/example_dags/example_params_ui_tutorial.py
[2023-08-14T05:00:38.393+0000] {processor.py:836} INFO - DAG(s) dict_keys(['example_params_ui_tutorial']) retrieved from /home/airflow/.local/lib/python3.7/site-packages/airflow/example_dags/example_params_ui_tutorial.py
[2023-08-14T05:00:38.431+0000] {logging_mixin.py:149} INFO - [2023-08-14T05:00:38.430+0000] {dag.py:2726} INFO - Sync 1 DAGs
[2023-08-14T05:00:38.447+0000] {logging_mixin.py:149} INFO - [2023-08-14T05:00:38.447+0000] {dag.py:3490} INFO - Setting next_dagrun for example_params_ui_tutorial to None, run_after=None
[2023-08-14T05:00:38.458+0000] {processor.py:179} INFO - Processing /home/airflow/.local/lib/python3.7/site-packages/airflow/example_dags/example_params_ui_tutorial.py took 0.103 seconds
[2023-08-14T07:02:36.802+0000] {processor.py:157} INFO - Started process (PID=69625) to work on /home/airflow/.local/lib/python3.7/site-packages/airflow/example_dags/example_params_ui_tutorial.py
[2023-08-14T07:02:36.803+0000] {processor.py:826} INFO - Processing file /home/airflow/.local/lib/python3.7/site-packages/airflow/example_dags/example_params_ui_tutorial.py for tasks to queue
[2023-08-14T07:02:36.804+0000] {logging_mixin.py:149} INFO - [2023-08-14T07:02:36.804+0000] {dagbag.py:541} INFO - Filling up the DagBag from /home/airflow/.local/lib/python3.7/site-packages/airflow/example_dags/example_params_ui_tutorial.py
[2023-08-14T07:02:36.831+0000] {processor.py:836} INFO - DAG(s) dict_keys(['example_params_ui_tutorial']) retrieved from /home/airflow/.local/lib/python3.7/site-packages/airflow/example_dags/example_params_ui_tutorial.py
[2023-08-14T07:02:36.868+0000] {logging_mixin.py:149} INFO - [2023-08-14T07:02:36.868+0000] {dag.py:2726} INFO - Sync 1 DAGs
[2023-08-14T07:02:36.884+0000] {logging_mixin.py:149} INFO - [2023-08-14T07:02:36.884+0000] {dag.py:3490} INFO - Setting next_dagrun for example_params_ui_tutorial to None, run_after=None
[2023-08-14T07:02:36.897+0000] {processor.py:179} INFO - Processing /home/airflow/.local/lib/python3.7/site-packages/airflow/example_dags/example_params_ui_tutorial.py took 0.098 seconds
[2023-08-14T08:25:14.756+0000] {processor.py:157} INFO - Started process (PID=69691) to work on /home/airflow/.local/lib/python3.7/site-packages/airflow/example_dags/example_params_ui_tutorial.py
[2023-08-14T08:25:14.757+0000] {processor.py:826} INFO - Processing file /home/airflow/.local/lib/python3.7/site-packages/airflow/example_dags/example_params_ui_tutorial.py for tasks to queue
[2023-08-14T08:25:14.758+0000] {logging_mixin.py:149} INFO - [2023-08-14T08:25:14.758+0000] {dagbag.py:541} INFO - Filling up the DagBag from /home/airflow/.local/lib/python3.7/site-packages/airflow/example_dags/example_params_ui_tutorial.py
[2023-08-14T08:25:14.783+0000] {processor.py:836} INFO - DAG(s) dict_keys(['example_params_ui_tutorial']) retrieved from /home/airflow/.local/lib/python3.7/site-packages/airflow/example_dags/example_params_ui_tutorial.py
[2023-08-14T08:25:14.819+0000] {logging_mixin.py:149} INFO - [2023-08-14T08:25:14.819+0000] {dag.py:2726} INFO - Sync 1 DAGs
[2023-08-14T08:25:14.835+0000] {logging_mixin.py:149} INFO - [2023-08-14T08:25:14.835+0000] {dag.py:3490} INFO - Setting next_dagrun for example_params_ui_tutorial to None, run_after=None
[2023-08-14T08:25:14.853+0000] {processor.py:179} INFO - Processing /home/airflow/.local/lib/python3.7/site-packages/airflow/example_dags/example_params_ui_tutorial.py took 0.101 seconds
[2023-08-14T08:25:48.103+0000] {processor.py:157} INFO - Started process (PID=69758) to work on /home/airflow/.local/lib/python3.7/site-packages/airflow/example_dags/example_params_ui_tutorial.py
[2023-08-14T08:25:48.105+0000] {processor.py:826} INFO - Processing file /home/airflow/.local/lib/python3.7/site-packages/airflow/example_dags/example_params_ui_tutorial.py for tasks to queue
[2023-08-14T08:25:48.106+0000] {logging_mixin.py:149} INFO - [2023-08-14T08:25:48.106+0000] {dagbag.py:541} INFO - Filling up the DagBag from /home/airflow/.local/lib/python3.7/site-packages/airflow/example_dags/example_params_ui_tutorial.py
[2023-08-14T08:25:48.139+0000] {processor.py:836} INFO - DAG(s) dict_keys(['example_params_ui_tutorial']) retrieved from /home/airflow/.local/lib/python3.7/site-packages/airflow/example_dags/example_params_ui_tutorial.py
[2023-08-14T08:25:48.192+0000] {logging_mixin.py:149} INFO - [2023-08-14T08:25:48.192+0000] {dag.py:2726} INFO - Sync 1 DAGs
[2023-08-14T08:25:48.210+0000] {logging_mixin.py:149} INFO - [2023-08-14T08:25:48.209+0000] {dag.py:3490} INFO - Setting next_dagrun for example_params_ui_tutorial to None, run_after=None
[2023-08-14T08:25:48.227+0000] {processor.py:179} INFO - Processing /home/airflow/.local/lib/python3.7/site-packages/airflow/example_dags/example_params_ui_tutorial.py took 0.127 seconds
[2023-08-14T08:26:21.921+0000] {processor.py:157} INFO - Started process (PID=69824) to work on /home/airflow/.local/lib/python3.7/site-packages/airflow/example_dags/example_params_ui_tutorial.py
[2023-08-14T08:26:21.922+0000] {processor.py:826} INFO - Processing file /home/airflow/.local/lib/python3.7/site-packages/airflow/example_dags/example_params_ui_tutorial.py for tasks to queue
[2023-08-14T08:26:21.922+0000] {logging_mixin.py:149} INFO - [2023-08-14T08:26:21.922+0000] {dagbag.py:541} INFO - Filling up the DagBag from /home/airflow/.local/lib/python3.7/site-packages/airflow/example_dags/example_params_ui_tutorial.py
[2023-08-14T08:26:21.953+0000] {processor.py:836} INFO - DAG(s) dict_keys(['example_params_ui_tutorial']) retrieved from /home/airflow/.local/lib/python3.7/site-packages/airflow/example_dags/example_params_ui_tutorial.py
[2023-08-14T08:26:21.993+0000] {logging_mixin.py:149} INFO - [2023-08-14T08:26:21.992+0000] {dag.py:2726} INFO - Sync 1 DAGs
[2023-08-14T08:26:22.009+0000] {logging_mixin.py:149} INFO - [2023-08-14T08:26:22.009+0000] {dag.py:3490} INFO - Setting next_dagrun for example_params_ui_tutorial to None, run_after=None
[2023-08-14T08:26:22.019+0000] {processor.py:179} INFO - Processing /home/airflow/.local/lib/python3.7/site-packages/airflow/example_dags/example_params_ui_tutorial.py took 0.102 seconds
[2023-08-14T08:26:55.887+0000] {processor.py:157} INFO - Started process (PID=69890) to work on /home/airflow/.local/lib/python3.7/site-packages/airflow/example_dags/example_params_ui_tutorial.py
[2023-08-14T08:26:55.889+0000] {processor.py:826} INFO - Processing file /home/airflow/.local/lib/python3.7/site-packages/airflow/example_dags/example_params_ui_tutorial.py for tasks to queue
[2023-08-14T08:26:55.890+0000] {logging_mixin.py:149} INFO - [2023-08-14T08:26:55.890+0000] {dagbag.py:541} INFO - Filling up the DagBag from /home/airflow/.local/lib/python3.7/site-packages/airflow/example_dags/example_params_ui_tutorial.py
[2023-08-14T08:26:55.923+0000] {processor.py:836} INFO - DAG(s) dict_keys(['example_params_ui_tutorial']) retrieved from /home/airflow/.local/lib/python3.7/site-packages/airflow/example_dags/example_params_ui_tutorial.py
[2023-08-14T08:26:55.967+0000] {logging_mixin.py:149} INFO - [2023-08-14T08:26:55.967+0000] {dag.py:2726} INFO - Sync 1 DAGs
[2023-08-14T08:26:55.984+0000] {logging_mixin.py:149} INFO - [2023-08-14T08:26:55.984+0000] {dag.py:3490} INFO - Setting next_dagrun for example_params_ui_tutorial to None, run_after=None
[2023-08-14T08:26:55.995+0000] {processor.py:179} INFO - Processing /home/airflow/.local/lib/python3.7/site-packages/airflow/example_dags/example_params_ui_tutorial.py took 0.110 seconds
[2023-08-14T08:27:29.664+0000] {processor.py:157} INFO - Started process (PID=69957) to work on /home/airflow/.local/lib/python3.7/site-packages/airflow/example_dags/example_params_ui_tutorial.py
[2023-08-14T08:27:29.665+0000] {processor.py:826} INFO - Processing file /home/airflow/.local/lib/python3.7/site-packages/airflow/example_dags/example_params_ui_tutorial.py for tasks to queue
[2023-08-14T08:27:29.665+0000] {logging_mixin.py:149} INFO - [2023-08-14T08:27:29.665+0000] {dagbag.py:541} INFO - Filling up the DagBag from /home/airflow/.local/lib/python3.7/site-packages/airflow/example_dags/example_params_ui_tutorial.py
[2023-08-14T08:27:29.690+0000] {processor.py:836} INFO - DAG(s) dict_keys(['example_params_ui_tutorial']) retrieved from /home/airflow/.local/lib/python3.7/site-packages/airflow/example_dags/example_params_ui_tutorial.py
[2023-08-14T08:27:29.730+0000] {logging_mixin.py:149} INFO - [2023-08-14T08:27:29.730+0000] {dag.py:2726} INFO - Sync 1 DAGs
[2023-08-14T08:27:29.746+0000] {logging_mixin.py:149} INFO - [2023-08-14T08:27:29.746+0000] {dag.py:3490} INFO - Setting next_dagrun for example_params_ui_tutorial to None, run_after=None
[2023-08-14T08:27:29.759+0000] {processor.py:179} INFO - Processing /home/airflow/.local/lib/python3.7/site-packages/airflow/example_dags/example_params_ui_tutorial.py took 0.098 seconds
[2023-08-14T08:28:02.821+0000] {processor.py:157} INFO - Started process (PID=70023) to work on /home/airflow/.local/lib/python3.7/site-packages/airflow/example_dags/example_params_ui_tutorial.py
[2023-08-14T08:28:02.822+0000] {processor.py:826} INFO - Processing file /home/airflow/.local/lib/python3.7/site-packages/airflow/example_dags/example_params_ui_tutorial.py for tasks to queue
[2023-08-14T08:28:02.823+0000] {logging_mixin.py:149} INFO - [2023-08-14T08:28:02.823+0000] {dagbag.py:541} INFO - Filling up the DagBag from /home/airflow/.local/lib/python3.7/site-packages/airflow/example_dags/example_params_ui_tutorial.py
[2023-08-14T08:28:02.852+0000] {processor.py:836} INFO - DAG(s) dict_keys(['example_params_ui_tutorial']) retrieved from /home/airflow/.local/lib/python3.7/site-packages/airflow/example_dags/example_params_ui_tutorial.py
[2023-08-14T08:28:02.889+0000] {logging_mixin.py:149} INFO - [2023-08-14T08:28:02.889+0000] {dag.py:2726} INFO - Sync 1 DAGs
[2023-08-14T08:28:02.905+0000] {logging_mixin.py:149} INFO - [2023-08-14T08:28:02.904+0000] {dag.py:3490} INFO - Setting next_dagrun for example_params_ui_tutorial to None, run_after=None
[2023-08-14T08:28:02.916+0000] {processor.py:179} INFO - Processing /home/airflow/.local/lib/python3.7/site-packages/airflow/example_dags/example_params_ui_tutorial.py took 0.098 seconds
[2023-08-14T08:28:36.765+0000] {processor.py:157} INFO - Started process (PID=70089) to work on /home/airflow/.local/lib/python3.7/site-packages/airflow/example_dags/example_params_ui_tutorial.py
[2023-08-14T08:28:36.767+0000] {processor.py:826} INFO - Processing file /home/airflow/.local/lib/python3.7/site-packages/airflow/example_dags/example_params_ui_tutorial.py for tasks to queue
[2023-08-14T08:28:36.767+0000] {logging_mixin.py:149} INFO - [2023-08-14T08:28:36.767+0000] {dagbag.py:541} INFO - Filling up the DagBag from /home/airflow/.local/lib/python3.7/site-packages/airflow/example_dags/example_params_ui_tutorial.py
[2023-08-14T08:28:36.793+0000] {processor.py:836} INFO - DAG(s) dict_keys(['example_params_ui_tutorial']) retrieved from /home/airflow/.local/lib/python3.7/site-packages/airflow/example_dags/example_params_ui_tutorial.py
[2023-08-14T08:28:36.834+0000] {logging_mixin.py:149} INFO - [2023-08-14T08:28:36.834+0000] {dag.py:2726} INFO - Sync 1 DAGs
[2023-08-14T08:28:36.853+0000] {logging_mixin.py:149} INFO - [2023-08-14T08:28:36.853+0000] {dag.py:3490} INFO - Setting next_dagrun for example_params_ui_tutorial to None, run_after=None
[2023-08-14T08:28:36.864+0000] {processor.py:179} INFO - Processing /home/airflow/.local/lib/python3.7/site-packages/airflow/example_dags/example_params_ui_tutorial.py took 0.102 seconds
[2023-08-14T10:03:28.969+0000] {processor.py:157} INFO - Started process (PID=70155) to work on /home/airflow/.local/lib/python3.7/site-packages/airflow/example_dags/example_params_ui_tutorial.py
[2023-08-14T10:03:28.970+0000] {processor.py:826} INFO - Processing file /home/airflow/.local/lib/python3.7/site-packages/airflow/example_dags/example_params_ui_tutorial.py for tasks to queue
[2023-08-14T10:03:28.971+0000] {logging_mixin.py:149} INFO - [2023-08-14T10:03:28.971+0000] {dagbag.py:541} INFO - Filling up the DagBag from /home/airflow/.local/lib/python3.7/site-packages/airflow/example_dags/example_params_ui_tutorial.py
[2023-08-14T10:03:28.997+0000] {processor.py:836} INFO - DAG(s) dict_keys(['example_params_ui_tutorial']) retrieved from /home/airflow/.local/lib/python3.7/site-packages/airflow/example_dags/example_params_ui_tutorial.py
[2023-08-14T10:03:29.040+0000] {logging_mixin.py:149} INFO - [2023-08-14T10:03:29.040+0000] {dag.py:2726} INFO - Sync 1 DAGs
[2023-08-14T10:03:29.058+0000] {logging_mixin.py:149} INFO - [2023-08-14T10:03:29.058+0000] {dag.py:3490} INFO - Setting next_dagrun for example_params_ui_tutorial to None, run_after=None
[2023-08-14T10:03:29.069+0000] {processor.py:179} INFO - Processing /home/airflow/.local/lib/python3.7/site-packages/airflow/example_dags/example_params_ui_tutorial.py took 0.104 seconds
[2023-08-14T10:36:53.897+0000] {processor.py:157} INFO - Started process (PID=70221) to work on /home/airflow/.local/lib/python3.7/site-packages/airflow/example_dags/example_params_ui_tutorial.py
[2023-08-14T10:36:53.898+0000] {processor.py:826} INFO - Processing file /home/airflow/.local/lib/python3.7/site-packages/airflow/example_dags/example_params_ui_tutorial.py for tasks to queue
[2023-08-14T10:36:53.899+0000] {logging_mixin.py:149} INFO - [2023-08-14T10:36:53.898+0000] {dagbag.py:541} INFO - Filling up the DagBag from /home/airflow/.local/lib/python3.7/site-packages/airflow/example_dags/example_params_ui_tutorial.py
[2023-08-14T10:36:53.926+0000] {processor.py:836} INFO - DAG(s) dict_keys(['example_params_ui_tutorial']) retrieved from /home/airflow/.local/lib/python3.7/site-packages/airflow/example_dags/example_params_ui_tutorial.py
[2023-08-14T10:36:53.975+0000] {logging_mixin.py:149} INFO - [2023-08-14T10:36:53.975+0000] {dag.py:2726} INFO - Sync 1 DAGs
[2023-08-14T10:36:53.990+0000] {logging_mixin.py:149} INFO - [2023-08-14T10:36:53.990+0000] {dag.py:3490} INFO - Setting next_dagrun for example_params_ui_tutorial to None, run_after=None
[2023-08-14T10:36:54.001+0000] {processor.py:179} INFO - Processing /home/airflow/.local/lib/python3.7/site-packages/airflow/example_dags/example_params_ui_tutorial.py took 0.107 seconds
[2023-08-14T13:13:53.330+0000] {processor.py:157} INFO - Started process (PID=70287) to work on /home/airflow/.local/lib/python3.7/site-packages/airflow/example_dags/example_params_ui_tutorial.py
[2023-08-14T13:13:53.332+0000] {processor.py:826} INFO - Processing file /home/airflow/.local/lib/python3.7/site-packages/airflow/example_dags/example_params_ui_tutorial.py for tasks to queue
[2023-08-14T13:13:53.333+0000] {logging_mixin.py:149} INFO - [2023-08-14T13:13:53.333+0000] {dagbag.py:541} INFO - Filling up the DagBag from /home/airflow/.local/lib/python3.7/site-packages/airflow/example_dags/example_params_ui_tutorial.py
[2023-08-14T13:13:53.363+0000] {processor.py:836} INFO - DAG(s) dict_keys(['example_params_ui_tutorial']) retrieved from /home/airflow/.local/lib/python3.7/site-packages/airflow/example_dags/example_params_ui_tutorial.py
[2023-08-14T13:13:53.805+0000] {logging_mixin.py:149} INFO - [2023-08-14T13:13:53.805+0000] {dag.py:2726} INFO - Sync 1 DAGs
[2023-08-14T13:13:53.833+0000] {logging_mixin.py:149} INFO - [2023-08-14T13:13:53.833+0000] {dag.py:3490} INFO - Setting next_dagrun for example_params_ui_tutorial to None, run_after=None
[2023-08-14T13:13:53.871+0000] {processor.py:179} INFO - Processing /home/airflow/.local/lib/python3.7/site-packages/airflow/example_dags/example_params_ui_tutorial.py took 0.544 seconds
[2023-08-14T14:29:06.352+0000] {processor.py:157} INFO - Started process (PID=70352) to work on /home/airflow/.local/lib/python3.7/site-packages/airflow/example_dags/example_params_ui_tutorial.py
[2023-08-14T14:29:06.353+0000] {processor.py:826} INFO - Processing file /home/airflow/.local/lib/python3.7/site-packages/airflow/example_dags/example_params_ui_tutorial.py for tasks to queue
[2023-08-14T14:29:06.354+0000] {logging_mixin.py:149} INFO - [2023-08-14T14:29:06.354+0000] {dagbag.py:541} INFO - Filling up the DagBag from /home/airflow/.local/lib/python3.7/site-packages/airflow/example_dags/example_params_ui_tutorial.py
[2023-08-14T14:29:06.383+0000] {processor.py:836} INFO - DAG(s) dict_keys(['example_params_ui_tutorial']) retrieved from /home/airflow/.local/lib/python3.7/site-packages/airflow/example_dags/example_params_ui_tutorial.py
[2023-08-14T14:29:06.432+0000] {logging_mixin.py:149} INFO - [2023-08-14T14:29:06.432+0000] {dag.py:2726} INFO - Sync 1 DAGs
[2023-08-14T14:29:06.448+0000] {logging_mixin.py:149} INFO - [2023-08-14T14:29:06.448+0000] {dag.py:3490} INFO - Setting next_dagrun for example_params_ui_tutorial to None, run_after=None
[2023-08-14T14:29:06.460+0000] {processor.py:179} INFO - Processing /home/airflow/.local/lib/python3.7/site-packages/airflow/example_dags/example_params_ui_tutorial.py took 0.112 seconds
[2023-08-14T17:05:45.408+0000] {processor.py:157} INFO - Started process (PID=70418) to work on /home/airflow/.local/lib/python3.7/site-packages/airflow/example_dags/example_params_ui_tutorial.py
[2023-08-14T17:05:45.409+0000] {processor.py:826} INFO - Processing file /home/airflow/.local/lib/python3.7/site-packages/airflow/example_dags/example_params_ui_tutorial.py for tasks to queue
[2023-08-14T17:05:45.410+0000] {logging_mixin.py:149} INFO - [2023-08-14T17:05:45.410+0000] {dagbag.py:541} INFO - Filling up the DagBag from /home/airflow/.local/lib/python3.7/site-packages/airflow/example_dags/example_params_ui_tutorial.py
[2023-08-14T17:05:45.439+0000] {processor.py:836} INFO - DAG(s) dict_keys(['example_params_ui_tutorial']) retrieved from /home/airflow/.local/lib/python3.7/site-packages/airflow/example_dags/example_params_ui_tutorial.py
[2023-08-14T17:05:45.475+0000] {logging_mixin.py:149} INFO - [2023-08-14T17:05:45.475+0000] {dag.py:2726} INFO - Sync 1 DAGs
[2023-08-14T17:05:45.493+0000] {logging_mixin.py:149} INFO - [2023-08-14T17:05:45.492+0000] {dag.py:3490} INFO - Setting next_dagrun for example_params_ui_tutorial to None, run_after=None
[2023-08-14T17:05:45.506+0000] {processor.py:179} INFO - Processing /home/airflow/.local/lib/python3.7/site-packages/airflow/example_dags/example_params_ui_tutorial.py took 0.102 seconds
[2023-08-14T18:49:16.958+0000] {processor.py:157} INFO - Started process (PID=70484) to work on /home/airflow/.local/lib/python3.7/site-packages/airflow/example_dags/example_params_ui_tutorial.py
[2023-08-14T18:49:16.961+0000] {processor.py:826} INFO - Processing file /home/airflow/.local/lib/python3.7/site-packages/airflow/example_dags/example_params_ui_tutorial.py for tasks to queue
[2023-08-14T18:49:16.995+0000] {logging_mixin.py:149} INFO - [2023-08-14T18:49:16.995+0000] {dagbag.py:541} INFO - Filling up the DagBag from /home/airflow/.local/lib/python3.7/site-packages/airflow/example_dags/example_params_ui_tutorial.py
[2023-08-14T18:49:17.031+0000] {processor.py:836} INFO - DAG(s) dict_keys(['example_params_ui_tutorial']) retrieved from /home/airflow/.local/lib/python3.7/site-packages/airflow/example_dags/example_params_ui_tutorial.py
[2023-08-14T18:49:17.085+0000] {logging_mixin.py:149} INFO - [2023-08-14T18:49:17.085+0000] {dag.py:2726} INFO - Sync 1 DAGs
[2023-08-14T18:49:17.106+0000] {logging_mixin.py:149} INFO - [2023-08-14T18:49:17.106+0000] {dag.py:3490} INFO - Setting next_dagrun for example_params_ui_tutorial to None, run_after=None
[2023-08-14T18:49:17.118+0000] {processor.py:179} INFO - Processing /home/airflow/.local/lib/python3.7/site-packages/airflow/example_dags/example_params_ui_tutorial.py took 0.164 seconds
[2023-08-14T22:24:46.407+0000] {processor.py:157} INFO - Started process (PID=70550) to work on /home/airflow/.local/lib/python3.7/site-packages/airflow/example_dags/example_params_ui_tutorial.py
[2023-08-14T22:24:46.408+0000] {processor.py:826} INFO - Processing file /home/airflow/.local/lib/python3.7/site-packages/airflow/example_dags/example_params_ui_tutorial.py for tasks to queue
[2023-08-14T22:24:46.409+0000] {logging_mixin.py:149} INFO - [2023-08-14T22:24:46.408+0000] {dagbag.py:541} INFO - Filling up the DagBag from /home/airflow/.local/lib/python3.7/site-packages/airflow/example_dags/example_params_ui_tutorial.py
[2023-08-14T22:24:46.435+0000] {processor.py:836} INFO - DAG(s) dict_keys(['example_params_ui_tutorial']) retrieved from /home/airflow/.local/lib/python3.7/site-packages/airflow/example_dags/example_params_ui_tutorial.py
[2023-08-14T22:24:46.477+0000] {logging_mixin.py:149} INFO - [2023-08-14T22:24:46.477+0000] {dag.py:2726} INFO - Sync 1 DAGs
[2023-08-14T22:24:46.492+0000] {logging_mixin.py:149} INFO - [2023-08-14T22:24:46.492+0000] {dag.py:3490} INFO - Setting next_dagrun for example_params_ui_tutorial to None, run_after=None
[2023-08-14T22:24:46.503+0000] {processor.py:179} INFO - Processing /home/airflow/.local/lib/python3.7/site-packages/airflow/example_dags/example_params_ui_tutorial.py took 0.099 seconds
