[2023-08-14T02:50:00.141+0000] {processor.py:157} INFO - Started process (PID=69492) to work on /home/airflow/.local/lib/python3.7/site-packages/airflow/example_dags/example_branch_day_of_week_operator.py
[2023-08-14T02:50:00.142+0000] {processor.py:826} INFO - Processing file /home/airflow/.local/lib/python3.7/site-packages/airflow/example_dags/example_branch_day_of_week_operator.py for tasks to queue
[2023-08-14T02:50:00.144+0000] {logging_mixin.py:149} INFO - [2023-08-14T02:50:00.144+0000] {dagbag.py:541} INFO - Filling up the DagBag from /home/airflow/.local/lib/python3.7/site-packages/airflow/example_dags/example_branch_day_of_week_operator.py
[2023-08-14T02:50:00.154+0000] {processor.py:836} INFO - DAG(s) dict_keys(['example_weekday_branch_operator']) retrieved from /home/airflow/.local/lib/python3.7/site-packages/airflow/example_dags/example_branch_day_of_week_operator.py
[2023-08-14T02:50:00.176+0000] {logging_mixin.py:149} INFO - [2023-08-14T02:50:00.176+0000] {dag.py:2726} INFO - Sync 1 DAGs
[2023-08-14T02:50:00.193+0000] {logging_mixin.py:149} INFO - [2023-08-14T02:50:00.193+0000] {dag.py:3490} INFO - Setting next_dagrun for example_weekday_branch_operator to 2023-08-13T00:00:00+00:00, run_after=2023-08-14T00:00:00+00:00
[2023-08-14T02:50:00.205+0000] {processor.py:179} INFO - Processing /home/airflow/.local/lib/python3.7/site-packages/airflow/example_dags/example_branch_day_of_week_operator.py took 0.069 seconds
[2023-08-14T05:00:38.325+0000] {processor.py:157} INFO - Started process (PID=69558) to work on /home/airflow/.local/lib/python3.7/site-packages/airflow/example_dags/example_branch_day_of_week_operator.py
[2023-08-14T05:00:38.326+0000] {processor.py:826} INFO - Processing file /home/airflow/.local/lib/python3.7/site-packages/airflow/example_dags/example_branch_day_of_week_operator.py for tasks to queue
[2023-08-14T05:00:38.327+0000] {logging_mixin.py:149} INFO - [2023-08-14T05:00:38.327+0000] {dagbag.py:541} INFO - Filling up the DagBag from /home/airflow/.local/lib/python3.7/site-packages/airflow/example_dags/example_branch_day_of_week_operator.py
[2023-08-14T05:00:38.333+0000] {processor.py:836} INFO - DAG(s) dict_keys(['example_weekday_branch_operator']) retrieved from /home/airflow/.local/lib/python3.7/site-packages/airflow/example_dags/example_branch_day_of_week_operator.py
[2023-08-14T05:00:38.362+0000] {logging_mixin.py:149} INFO - [2023-08-14T05:00:38.362+0000] {dag.py:2726} INFO - Sync 1 DAGs
[2023-08-14T05:00:38.385+0000] {logging_mixin.py:149} INFO - [2023-08-14T05:00:38.385+0000] {dag.py:3490} INFO - Setting next_dagrun for example_weekday_branch_operator to 2023-08-13T00:00:00+00:00, run_after=2023-08-14T00:00:00+00:00
[2023-08-14T05:00:38.396+0000] {processor.py:179} INFO - Processing /home/airflow/.local/lib/python3.7/site-packages/airflow/example_dags/example_branch_day_of_week_operator.py took 0.074 seconds
[2023-08-14T07:02:36.722+0000] {processor.py:157} INFO - Started process (PID=69624) to work on /home/airflow/.local/lib/python3.7/site-packages/airflow/example_dags/example_branch_day_of_week_operator.py
[2023-08-14T07:02:36.723+0000] {processor.py:826} INFO - Processing file /home/airflow/.local/lib/python3.7/site-packages/airflow/example_dags/example_branch_day_of_week_operator.py for tasks to queue
[2023-08-14T07:02:36.724+0000] {logging_mixin.py:149} INFO - [2023-08-14T07:02:36.724+0000] {dagbag.py:541} INFO - Filling up the DagBag from /home/airflow/.local/lib/python3.7/site-packages/airflow/example_dags/example_branch_day_of_week_operator.py
[2023-08-14T07:02:36.729+0000] {processor.py:836} INFO - DAG(s) dict_keys(['example_weekday_branch_operator']) retrieved from /home/airflow/.local/lib/python3.7/site-packages/airflow/example_dags/example_branch_day_of_week_operator.py
[2023-08-14T07:02:36.750+0000] {logging_mixin.py:149} INFO - [2023-08-14T07:02:36.750+0000] {dag.py:2726} INFO - Sync 1 DAGs
[2023-08-14T07:02:36.767+0000] {logging_mixin.py:149} INFO - [2023-08-14T07:02:36.767+0000] {dag.py:3490} INFO - Setting next_dagrun for example_weekday_branch_operator to 2023-08-13T00:00:00+00:00, run_after=2023-08-14T00:00:00+00:00
[2023-08-14T07:02:36.779+0000] {processor.py:179} INFO - Processing /home/airflow/.local/lib/python3.7/site-packages/airflow/example_dags/example_branch_day_of_week_operator.py took 0.060 seconds
[2023-08-14T08:25:14.682+0000] {processor.py:157} INFO - Started process (PID=69690) to work on /home/airflow/.local/lib/python3.7/site-packages/airflow/example_dags/example_branch_day_of_week_operator.py
[2023-08-14T08:25:14.683+0000] {processor.py:826} INFO - Processing file /home/airflow/.local/lib/python3.7/site-packages/airflow/example_dags/example_branch_day_of_week_operator.py for tasks to queue
[2023-08-14T08:25:14.684+0000] {logging_mixin.py:149} INFO - [2023-08-14T08:25:14.684+0000] {dagbag.py:541} INFO - Filling up the DagBag from /home/airflow/.local/lib/python3.7/site-packages/airflow/example_dags/example_branch_day_of_week_operator.py
[2023-08-14T08:25:14.689+0000] {processor.py:836} INFO - DAG(s) dict_keys(['example_weekday_branch_operator']) retrieved from /home/airflow/.local/lib/python3.7/site-packages/airflow/example_dags/example_branch_day_of_week_operator.py
[2023-08-14T08:25:14.709+0000] {logging_mixin.py:149} INFO - [2023-08-14T08:25:14.709+0000] {dag.py:2726} INFO - Sync 1 DAGs
[2023-08-14T08:25:14.724+0000] {logging_mixin.py:149} INFO - [2023-08-14T08:25:14.724+0000] {dag.py:3490} INFO - Setting next_dagrun for example_weekday_branch_operator to 2023-08-13T00:00:00+00:00, run_after=2023-08-14T00:00:00+00:00
[2023-08-14T08:25:14.734+0000] {processor.py:179} INFO - Processing /home/airflow/.local/lib/python3.7/site-packages/airflow/example_dags/example_branch_day_of_week_operator.py took 0.055 seconds
[2023-08-14T08:25:48.083+0000] {processor.py:157} INFO - Started process (PID=69757) to work on /home/airflow/.local/lib/python3.7/site-packages/airflow/example_dags/example_branch_day_of_week_operator.py
[2023-08-14T08:25:48.085+0000] {processor.py:826} INFO - Processing file /home/airflow/.local/lib/python3.7/site-packages/airflow/example_dags/example_branch_day_of_week_operator.py for tasks to queue
[2023-08-14T08:25:48.086+0000] {logging_mixin.py:149} INFO - [2023-08-14T08:25:48.085+0000] {dagbag.py:541} INFO - Filling up the DagBag from /home/airflow/.local/lib/python3.7/site-packages/airflow/example_dags/example_branch_day_of_week_operator.py
[2023-08-14T08:25:48.091+0000] {processor.py:836} INFO - DAG(s) dict_keys(['example_weekday_branch_operator']) retrieved from /home/airflow/.local/lib/python3.7/site-packages/airflow/example_dags/example_branch_day_of_week_operator.py
[2023-08-14T08:25:48.123+0000] {logging_mixin.py:149} INFO - [2023-08-14T08:25:48.123+0000] {dag.py:2726} INFO - Sync 1 DAGs
[2023-08-14T08:25:48.146+0000] {logging_mixin.py:149} INFO - [2023-08-14T08:25:48.145+0000] {dag.py:3490} INFO - Setting next_dagrun for example_weekday_branch_operator to 2023-08-13T00:00:00+00:00, run_after=2023-08-14T00:00:00+00:00
[2023-08-14T08:25:48.156+0000] {processor.py:179} INFO - Processing /home/airflow/.local/lib/python3.7/site-packages/airflow/example_dags/example_branch_day_of_week_operator.py took 0.079 seconds
[2023-08-14T08:26:21.913+0000] {processor.py:157} INFO - Started process (PID=69823) to work on /home/airflow/.local/lib/python3.7/site-packages/airflow/example_dags/example_branch_day_of_week_operator.py
[2023-08-14T08:26:21.915+0000] {processor.py:826} INFO - Processing file /home/airflow/.local/lib/python3.7/site-packages/airflow/example_dags/example_branch_day_of_week_operator.py for tasks to queue
[2023-08-14T08:26:21.916+0000] {logging_mixin.py:149} INFO - [2023-08-14T08:26:21.916+0000] {dagbag.py:541} INFO - Filling up the DagBag from /home/airflow/.local/lib/python3.7/site-packages/airflow/example_dags/example_branch_day_of_week_operator.py
[2023-08-14T08:26:21.932+0000] {processor.py:836} INFO - DAG(s) dict_keys(['example_weekday_branch_operator']) retrieved from /home/airflow/.local/lib/python3.7/site-packages/airflow/example_dags/example_branch_day_of_week_operator.py
[2023-08-14T08:26:22.004+0000] {logging_mixin.py:149} INFO - [2023-08-14T08:26:22.004+0000] {dag.py:2726} INFO - Sync 1 DAGs
[2023-08-14T08:26:22.049+0000] {logging_mixin.py:149} INFO - [2023-08-14T08:26:22.049+0000] {dag.py:3490} INFO - Setting next_dagrun for example_weekday_branch_operator to 2023-08-13T00:00:00+00:00, run_after=2023-08-14T00:00:00+00:00
[2023-08-14T08:26:22.071+0000] {processor.py:179} INFO - Processing /home/airflow/.local/lib/python3.7/site-packages/airflow/example_dags/example_branch_day_of_week_operator.py took 0.172 seconds
[2023-08-14T08:26:55.854+0000] {processor.py:157} INFO - Started process (PID=69889) to work on /home/airflow/.local/lib/python3.7/site-packages/airflow/example_dags/example_branch_day_of_week_operator.py
[2023-08-14T08:26:55.856+0000] {processor.py:826} INFO - Processing file /home/airflow/.local/lib/python3.7/site-packages/airflow/example_dags/example_branch_day_of_week_operator.py for tasks to queue
[2023-08-14T08:26:55.857+0000] {logging_mixin.py:149} INFO - [2023-08-14T08:26:55.857+0000] {dagbag.py:541} INFO - Filling up the DagBag from /home/airflow/.local/lib/python3.7/site-packages/airflow/example_dags/example_branch_day_of_week_operator.py
[2023-08-14T08:26:55.867+0000] {processor.py:836} INFO - DAG(s) dict_keys(['example_weekday_branch_operator']) retrieved from /home/airflow/.local/lib/python3.7/site-packages/airflow/example_dags/example_branch_day_of_week_operator.py
[2023-08-14T08:26:55.905+0000] {logging_mixin.py:149} INFO - [2023-08-14T08:26:55.905+0000] {dag.py:2726} INFO - Sync 1 DAGs
[2023-08-14T08:26:55.921+0000] {logging_mixin.py:149} INFO - [2023-08-14T08:26:55.921+0000] {dag.py:3490} INFO - Setting next_dagrun for example_weekday_branch_operator to 2023-08-13T00:00:00+00:00, run_after=2023-08-14T00:00:00+00:00
[2023-08-14T08:26:55.944+0000] {processor.py:179} INFO - Processing /home/airflow/.local/lib/python3.7/site-packages/airflow/example_dags/example_branch_day_of_week_operator.py took 0.092 seconds
[2023-08-14T08:27:29.620+0000] {processor.py:157} INFO - Started process (PID=69956) to work on /home/airflow/.local/lib/python3.7/site-packages/airflow/example_dags/example_branch_day_of_week_operator.py
[2023-08-14T08:27:29.621+0000] {processor.py:826} INFO - Processing file /home/airflow/.local/lib/python3.7/site-packages/airflow/example_dags/example_branch_day_of_week_operator.py for tasks to queue
[2023-08-14T08:27:29.622+0000] {logging_mixin.py:149} INFO - [2023-08-14T08:27:29.622+0000] {dagbag.py:541} INFO - Filling up the DagBag from /home/airflow/.local/lib/python3.7/site-packages/airflow/example_dags/example_branch_day_of_week_operator.py
[2023-08-14T08:27:29.628+0000] {processor.py:836} INFO - DAG(s) dict_keys(['example_weekday_branch_operator']) retrieved from /home/airflow/.local/lib/python3.7/site-packages/airflow/example_dags/example_branch_day_of_week_operator.py
[2023-08-14T08:27:29.655+0000] {logging_mixin.py:149} INFO - [2023-08-14T08:27:29.655+0000] {dag.py:2726} INFO - Sync 1 DAGs
[2023-08-14T08:27:29.673+0000] {logging_mixin.py:149} INFO - [2023-08-14T08:27:29.672+0000] {dag.py:3490} INFO - Setting next_dagrun for example_weekday_branch_operator to 2023-08-13T00:00:00+00:00, run_after=2023-08-14T00:00:00+00:00
[2023-08-14T08:27:29.683+0000] {processor.py:179} INFO - Processing /home/airflow/.local/lib/python3.7/site-packages/airflow/example_dags/example_branch_day_of_week_operator.py took 0.067 seconds
[2023-08-14T08:28:02.787+0000] {processor.py:157} INFO - Started process (PID=70022) to work on /home/airflow/.local/lib/python3.7/site-packages/airflow/example_dags/example_branch_day_of_week_operator.py
[2023-08-14T08:28:02.788+0000] {processor.py:826} INFO - Processing file /home/airflow/.local/lib/python3.7/site-packages/airflow/example_dags/example_branch_day_of_week_operator.py for tasks to queue
[2023-08-14T08:28:02.789+0000] {logging_mixin.py:149} INFO - [2023-08-14T08:28:02.789+0000] {dagbag.py:541} INFO - Filling up the DagBag from /home/airflow/.local/lib/python3.7/site-packages/airflow/example_dags/example_branch_day_of_week_operator.py
[2023-08-14T08:28:02.798+0000] {processor.py:836} INFO - DAG(s) dict_keys(['example_weekday_branch_operator']) retrieved from /home/airflow/.local/lib/python3.7/site-packages/airflow/example_dags/example_branch_day_of_week_operator.py
[2023-08-14T08:28:02.830+0000] {logging_mixin.py:149} INFO - [2023-08-14T08:28:02.830+0000] {dag.py:2726} INFO - Sync 1 DAGs
[2023-08-14T08:28:02.846+0000] {logging_mixin.py:149} INFO - [2023-08-14T08:28:02.846+0000] {dag.py:3490} INFO - Setting next_dagrun for example_weekday_branch_operator to 2023-08-13T00:00:00+00:00, run_after=2023-08-14T00:00:00+00:00
[2023-08-14T08:28:02.857+0000] {processor.py:179} INFO - Processing /home/airflow/.local/lib/python3.7/site-packages/airflow/example_dags/example_branch_day_of_week_operator.py took 0.074 seconds
[2023-08-14T08:28:36.751+0000] {processor.py:157} INFO - Started process (PID=70088) to work on /home/airflow/.local/lib/python3.7/site-packages/airflow/example_dags/example_branch_day_of_week_operator.py
[2023-08-14T08:28:36.753+0000] {processor.py:826} INFO - Processing file /home/airflow/.local/lib/python3.7/site-packages/airflow/example_dags/example_branch_day_of_week_operator.py for tasks to queue
[2023-08-14T08:28:36.753+0000] {logging_mixin.py:149} INFO - [2023-08-14T08:28:36.753+0000] {dagbag.py:541} INFO - Filling up the DagBag from /home/airflow/.local/lib/python3.7/site-packages/airflow/example_dags/example_branch_day_of_week_operator.py
[2023-08-14T08:28:36.759+0000] {processor.py:836} INFO - DAG(s) dict_keys(['example_weekday_branch_operator']) retrieved from /home/airflow/.local/lib/python3.7/site-packages/airflow/example_dags/example_branch_day_of_week_operator.py
[2023-08-14T08:28:36.784+0000] {logging_mixin.py:149} INFO - [2023-08-14T08:28:36.784+0000] {dag.py:2726} INFO - Sync 1 DAGs
[2023-08-14T08:28:36.802+0000] {logging_mixin.py:149} INFO - [2023-08-14T08:28:36.802+0000] {dag.py:3490} INFO - Setting next_dagrun for example_weekday_branch_operator to 2023-08-13T00:00:00+00:00, run_after=2023-08-14T00:00:00+00:00
[2023-08-14T08:28:36.814+0000] {processor.py:179} INFO - Processing /home/airflow/.local/lib/python3.7/site-packages/airflow/example_dags/example_branch_day_of_week_operator.py took 0.066 seconds
[2023-08-14T10:03:28.954+0000] {processor.py:157} INFO - Started process (PID=70154) to work on /home/airflow/.local/lib/python3.7/site-packages/airflow/example_dags/example_branch_day_of_week_operator.py
[2023-08-14T10:03:28.959+0000] {processor.py:826} INFO - Processing file /home/airflow/.local/lib/python3.7/site-packages/airflow/example_dags/example_branch_day_of_week_operator.py for tasks to queue
[2023-08-14T10:03:28.960+0000] {logging_mixin.py:149} INFO - [2023-08-14T10:03:28.959+0000] {dagbag.py:541} INFO - Filling up the DagBag from /home/airflow/.local/lib/python3.7/site-packages/airflow/example_dags/example_branch_day_of_week_operator.py
[2023-08-14T10:03:28.966+0000] {processor.py:836} INFO - DAG(s) dict_keys(['example_weekday_branch_operator']) retrieved from /home/airflow/.local/lib/python3.7/site-packages/airflow/example_dags/example_branch_day_of_week_operator.py
[2023-08-14T10:03:28.986+0000] {logging_mixin.py:149} INFO - [2023-08-14T10:03:28.986+0000] {dag.py:2726} INFO - Sync 1 DAGs
[2023-08-14T10:03:29.003+0000] {logging_mixin.py:149} INFO - [2023-08-14T10:03:29.003+0000] {dag.py:3490} INFO - Setting next_dagrun for example_weekday_branch_operator to 2023-08-13T00:00:00+00:00, run_after=2023-08-14T00:00:00+00:00
[2023-08-14T10:03:29.013+0000] {processor.py:179} INFO - Processing /home/airflow/.local/lib/python3.7/site-packages/airflow/example_dags/example_branch_day_of_week_operator.py took 0.065 seconds
[2023-08-14T10:36:53.857+0000] {processor.py:157} INFO - Started process (PID=70220) to work on /home/airflow/.local/lib/python3.7/site-packages/airflow/example_dags/example_branch_day_of_week_operator.py
[2023-08-14T10:36:53.858+0000] {processor.py:826} INFO - Processing file /home/airflow/.local/lib/python3.7/site-packages/airflow/example_dags/example_branch_day_of_week_operator.py for tasks to queue
[2023-08-14T10:36:53.858+0000] {logging_mixin.py:149} INFO - [2023-08-14T10:36:53.858+0000] {dagbag.py:541} INFO - Filling up the DagBag from /home/airflow/.local/lib/python3.7/site-packages/airflow/example_dags/example_branch_day_of_week_operator.py
[2023-08-14T10:36:53.867+0000] {processor.py:836} INFO - DAG(s) dict_keys(['example_weekday_branch_operator']) retrieved from /home/airflow/.local/lib/python3.7/site-packages/airflow/example_dags/example_branch_day_of_week_operator.py
[2023-08-14T10:36:53.894+0000] {logging_mixin.py:149} INFO - [2023-08-14T10:36:53.894+0000] {dag.py:2726} INFO - Sync 1 DAGs
[2023-08-14T10:36:53.911+0000] {logging_mixin.py:149} INFO - [2023-08-14T10:36:53.911+0000] {dag.py:3490} INFO - Setting next_dagrun for example_weekday_branch_operator to 2023-08-13T00:00:00+00:00, run_after=2023-08-14T00:00:00+00:00
[2023-08-14T10:36:53.922+0000] {processor.py:179} INFO - Processing /home/airflow/.local/lib/python3.7/site-packages/airflow/example_dags/example_branch_day_of_week_operator.py took 0.068 seconds
[2023-08-14T13:13:53.300+0000] {processor.py:157} INFO - Started process (PID=70286) to work on /home/airflow/.local/lib/python3.7/site-packages/airflow/example_dags/example_branch_day_of_week_operator.py
[2023-08-14T13:13:53.301+0000] {processor.py:826} INFO - Processing file /home/airflow/.local/lib/python3.7/site-packages/airflow/example_dags/example_branch_day_of_week_operator.py for tasks to queue
[2023-08-14T13:13:53.302+0000] {logging_mixin.py:149} INFO - [2023-08-14T13:13:53.302+0000] {dagbag.py:541} INFO - Filling up the DagBag from /home/airflow/.local/lib/python3.7/site-packages/airflow/example_dags/example_branch_day_of_week_operator.py
[2023-08-14T13:13:53.317+0000] {processor.py:836} INFO - DAG(s) dict_keys(['example_weekday_branch_operator']) retrieved from /home/airflow/.local/lib/python3.7/site-packages/airflow/example_dags/example_branch_day_of_week_operator.py
[2023-08-14T13:13:53.346+0000] {logging_mixin.py:149} INFO - [2023-08-14T13:13:53.346+0000] {dag.py:2726} INFO - Sync 1 DAGs
[2023-08-14T13:13:53.369+0000] {logging_mixin.py:149} INFO - [2023-08-14T13:13:53.369+0000] {dag.py:3490} INFO - Setting next_dagrun for example_weekday_branch_operator to 2023-08-13T00:00:00+00:00, run_after=2023-08-14T00:00:00+00:00
[2023-08-14T13:13:53.759+0000] {processor.py:179} INFO - Processing /home/airflow/.local/lib/python3.7/site-packages/airflow/example_dags/example_branch_day_of_week_operator.py took 0.465 seconds
[2023-08-14T14:29:06.326+0000] {processor.py:157} INFO - Started process (PID=70351) to work on /home/airflow/.local/lib/python3.7/site-packages/airflow/example_dags/example_branch_day_of_week_operator.py
[2023-08-14T14:29:06.327+0000] {processor.py:826} INFO - Processing file /home/airflow/.local/lib/python3.7/site-packages/airflow/example_dags/example_branch_day_of_week_operator.py for tasks to queue
[2023-08-14T14:29:06.328+0000] {logging_mixin.py:149} INFO - [2023-08-14T14:29:06.328+0000] {dagbag.py:541} INFO - Filling up the DagBag from /home/airflow/.local/lib/python3.7/site-packages/airflow/example_dags/example_branch_day_of_week_operator.py
[2023-08-14T14:29:06.337+0000] {processor.py:836} INFO - DAG(s) dict_keys(['example_weekday_branch_operator']) retrieved from /home/airflow/.local/lib/python3.7/site-packages/airflow/example_dags/example_branch_day_of_week_operator.py
[2023-08-14T14:29:06.363+0000] {logging_mixin.py:149} INFO - [2023-08-14T14:29:06.362+0000] {dag.py:2726} INFO - Sync 1 DAGs
[2023-08-14T14:29:06.380+0000] {logging_mixin.py:149} INFO - [2023-08-14T14:29:06.380+0000] {dag.py:3490} INFO - Setting next_dagrun for example_weekday_branch_operator to 2023-08-13T00:00:00+00:00, run_after=2023-08-14T00:00:00+00:00
[2023-08-14T14:29:06.398+0000] {processor.py:179} INFO - Processing /home/airflow/.local/lib/python3.7/site-packages/airflow/example_dags/example_branch_day_of_week_operator.py took 0.076 seconds
[2023-08-14T17:05:45.332+0000] {processor.py:157} INFO - Started process (PID=70417) to work on /home/airflow/.local/lib/python3.7/site-packages/airflow/example_dags/example_branch_day_of_week_operator.py
[2023-08-14T17:05:45.333+0000] {processor.py:826} INFO - Processing file /home/airflow/.local/lib/python3.7/site-packages/airflow/example_dags/example_branch_day_of_week_operator.py for tasks to queue
[2023-08-14T17:05:45.334+0000] {logging_mixin.py:149} INFO - [2023-08-14T17:05:45.334+0000] {dagbag.py:541} INFO - Filling up the DagBag from /home/airflow/.local/lib/python3.7/site-packages/airflow/example_dags/example_branch_day_of_week_operator.py
[2023-08-14T17:05:45.340+0000] {processor.py:836} INFO - DAG(s) dict_keys(['example_weekday_branch_operator']) retrieved from /home/airflow/.local/lib/python3.7/site-packages/airflow/example_dags/example_branch_day_of_week_operator.py
[2023-08-14T17:05:45.360+0000] {logging_mixin.py:149} INFO - [2023-08-14T17:05:45.360+0000] {dag.py:2726} INFO - Sync 1 DAGs
[2023-08-14T17:05:45.375+0000] {logging_mixin.py:149} INFO - [2023-08-14T17:05:45.375+0000] {dag.py:3490} INFO - Setting next_dagrun for example_weekday_branch_operator to 2023-08-13T00:00:00+00:00, run_after=2023-08-14T00:00:00+00:00
[2023-08-14T17:05:45.385+0000] {processor.py:179} INFO - Processing /home/airflow/.local/lib/python3.7/site-packages/airflow/example_dags/example_branch_day_of_week_operator.py took 0.058 seconds
[2023-08-14T18:49:16.942+0000] {processor.py:157} INFO - Started process (PID=70483) to work on /home/airflow/.local/lib/python3.7/site-packages/airflow/example_dags/example_branch_day_of_week_operator.py
[2023-08-14T18:49:16.943+0000] {processor.py:826} INFO - Processing file /home/airflow/.local/lib/python3.7/site-packages/airflow/example_dags/example_branch_day_of_week_operator.py for tasks to queue
[2023-08-14T18:49:16.944+0000] {logging_mixin.py:149} INFO - [2023-08-14T18:49:16.944+0000] {dagbag.py:541} INFO - Filling up the DagBag from /home/airflow/.local/lib/python3.7/site-packages/airflow/example_dags/example_branch_day_of_week_operator.py
[2023-08-14T18:49:16.951+0000] {processor.py:836} INFO - DAG(s) dict_keys(['example_weekday_branch_operator']) retrieved from /home/airflow/.local/lib/python3.7/site-packages/airflow/example_dags/example_branch_day_of_week_operator.py
[2023-08-14T18:49:17.007+0000] {logging_mixin.py:149} INFO - [2023-08-14T18:49:17.007+0000] {dag.py:2726} INFO - Sync 1 DAGs
[2023-08-14T18:49:17.027+0000] {logging_mixin.py:149} INFO - [2023-08-14T18:49:17.027+0000] {dag.py:3490} INFO - Setting next_dagrun for example_weekday_branch_operator to 2023-08-13T00:00:00+00:00, run_after=2023-08-14T00:00:00+00:00
[2023-08-14T18:49:17.047+0000] {processor.py:179} INFO - Processing /home/airflow/.local/lib/python3.7/site-packages/airflow/example_dags/example_branch_day_of_week_operator.py took 0.108 seconds
[2023-08-14T22:24:46.360+0000] {processor.py:157} INFO - Started process (PID=70549) to work on /home/airflow/.local/lib/python3.7/site-packages/airflow/example_dags/example_branch_day_of_week_operator.py
[2023-08-14T22:24:46.361+0000] {processor.py:826} INFO - Processing file /home/airflow/.local/lib/python3.7/site-packages/airflow/example_dags/example_branch_day_of_week_operator.py for tasks to queue
[2023-08-14T22:24:46.361+0000] {logging_mixin.py:149} INFO - [2023-08-14T22:24:46.361+0000] {dagbag.py:541} INFO - Filling up the DagBag from /home/airflow/.local/lib/python3.7/site-packages/airflow/example_dags/example_branch_day_of_week_operator.py
[2023-08-14T22:24:46.369+0000] {processor.py:836} INFO - DAG(s) dict_keys(['example_weekday_branch_operator']) retrieved from /home/airflow/.local/lib/python3.7/site-packages/airflow/example_dags/example_branch_day_of_week_operator.py
[2023-08-14T22:24:46.391+0000] {logging_mixin.py:149} INFO - [2023-08-14T22:24:46.391+0000] {dag.py:2726} INFO - Sync 1 DAGs
[2023-08-14T22:24:46.409+0000] {logging_mixin.py:149} INFO - [2023-08-14T22:24:46.409+0000] {dag.py:3490} INFO - Setting next_dagrun for example_weekday_branch_operator to 2023-08-13T00:00:00+00:00, run_after=2023-08-14T00:00:00+00:00
[2023-08-14T22:24:46.422+0000] {processor.py:179} INFO - Processing /home/airflow/.local/lib/python3.7/site-packages/airflow/example_dags/example_branch_day_of_week_operator.py took 0.066 seconds
