[2023-08-14T02:49:58.522+0000] {processor.py:157} INFO - Started process (PID=69467) to work on /home/airflow/.local/lib/python3.7/site-packages/airflow/example_dags/tutorial_dag.py
[2023-08-14T02:49:58.523+0000] {processor.py:826} INFO - Processing file /home/airflow/.local/lib/python3.7/site-packages/airflow/example_dags/tutorial_dag.py for tasks to queue
[2023-08-14T02:49:58.524+0000] {logging_mixin.py:149} INFO - [2023-08-14T02:49:58.524+0000] {dagbag.py:541} INFO - Filling up the DagBag from /home/airflow/.local/lib/python3.7/site-packages/airflow/example_dags/tutorial_dag.py
[2023-08-14T02:49:58.529+0000] {processor.py:836} INFO - DAG(s) dict_keys(['tutorial_dag']) retrieved from /home/airflow/.local/lib/python3.7/site-packages/airflow/example_dags/tutorial_dag.py
[2023-08-14T02:49:58.552+0000] {logging_mixin.py:149} INFO - [2023-08-14T02:49:58.552+0000] {dag.py:2726} INFO - Sync 1 DAGs
[2023-08-14T02:49:58.571+0000] {logging_mixin.py:149} INFO - [2023-08-14T02:49:58.571+0000] {dag.py:3490} INFO - Setting next_dagrun for tutorial_dag to None, run_after=None
[2023-08-14T02:49:58.583+0000] {processor.py:179} INFO - Processing /home/airflow/.local/lib/python3.7/site-packages/airflow/example_dags/tutorial_dag.py took 0.065 seconds
[2023-08-14T05:00:36.920+0000] {processor.py:157} INFO - Started process (PID=69533) to work on /home/airflow/.local/lib/python3.7/site-packages/airflow/example_dags/tutorial_dag.py
[2023-08-14T05:00:36.923+0000] {processor.py:826} INFO - Processing file /home/airflow/.local/lib/python3.7/site-packages/airflow/example_dags/tutorial_dag.py for tasks to queue
[2023-08-14T05:00:36.923+0000] {logging_mixin.py:149} INFO - [2023-08-14T05:00:36.923+0000] {dagbag.py:541} INFO - Filling up the DagBag from /home/airflow/.local/lib/python3.7/site-packages/airflow/example_dags/tutorial_dag.py
[2023-08-14T05:00:36.928+0000] {processor.py:836} INFO - DAG(s) dict_keys(['tutorial_dag']) retrieved from /home/airflow/.local/lib/python3.7/site-packages/airflow/example_dags/tutorial_dag.py
[2023-08-14T05:00:36.953+0000] {logging_mixin.py:149} INFO - [2023-08-14T05:00:36.953+0000] {dag.py:2726} INFO - Sync 1 DAGs
[2023-08-14T05:00:36.970+0000] {logging_mixin.py:149} INFO - [2023-08-14T05:00:36.970+0000] {dag.py:3490} INFO - Setting next_dagrun for tutorial_dag to None, run_after=None
[2023-08-14T05:00:36.987+0000] {processor.py:179} INFO - Processing /home/airflow/.local/lib/python3.7/site-packages/airflow/example_dags/tutorial_dag.py took 0.070 seconds
[2023-08-14T07:02:35.263+0000] {processor.py:157} INFO - Started process (PID=69599) to work on /home/airflow/.local/lib/python3.7/site-packages/airflow/example_dags/tutorial_dag.py
[2023-08-14T07:02:35.266+0000] {processor.py:826} INFO - Processing file /home/airflow/.local/lib/python3.7/site-packages/airflow/example_dags/tutorial_dag.py for tasks to queue
[2023-08-14T07:02:35.266+0000] {logging_mixin.py:149} INFO - [2023-08-14T07:02:35.266+0000] {dagbag.py:541} INFO - Filling up the DagBag from /home/airflow/.local/lib/python3.7/site-packages/airflow/example_dags/tutorial_dag.py
[2023-08-14T07:02:35.272+0000] {processor.py:836} INFO - DAG(s) dict_keys(['tutorial_dag']) retrieved from /home/airflow/.local/lib/python3.7/site-packages/airflow/example_dags/tutorial_dag.py
[2023-08-14T07:02:35.292+0000] {logging_mixin.py:149} INFO - [2023-08-14T07:02:35.292+0000] {dag.py:2726} INFO - Sync 1 DAGs
[2023-08-14T07:02:35.315+0000] {logging_mixin.py:149} INFO - [2023-08-14T07:02:35.315+0000] {dag.py:3490} INFO - Setting next_dagrun for tutorial_dag to None, run_after=None
[2023-08-14T07:02:35.339+0000] {processor.py:179} INFO - Processing /home/airflow/.local/lib/python3.7/site-packages/airflow/example_dags/tutorial_dag.py took 0.079 seconds
[2023-08-14T08:25:13.228+0000] {processor.py:157} INFO - Started process (PID=69665) to work on /home/airflow/.local/lib/python3.7/site-packages/airflow/example_dags/tutorial_dag.py
[2023-08-14T08:25:13.229+0000] {processor.py:826} INFO - Processing file /home/airflow/.local/lib/python3.7/site-packages/airflow/example_dags/tutorial_dag.py for tasks to queue
[2023-08-14T08:25:13.230+0000] {logging_mixin.py:149} INFO - [2023-08-14T08:25:13.230+0000] {dagbag.py:541} INFO - Filling up the DagBag from /home/airflow/.local/lib/python3.7/site-packages/airflow/example_dags/tutorial_dag.py
[2023-08-14T08:25:13.235+0000] {processor.py:836} INFO - DAG(s) dict_keys(['tutorial_dag']) retrieved from /home/airflow/.local/lib/python3.7/site-packages/airflow/example_dags/tutorial_dag.py
[2023-08-14T08:25:13.266+0000] {logging_mixin.py:149} INFO - [2023-08-14T08:25:13.266+0000] {dag.py:2726} INFO - Sync 1 DAGs
[2023-08-14T08:25:13.286+0000] {logging_mixin.py:149} INFO - [2023-08-14T08:25:13.286+0000] {dag.py:3490} INFO - Setting next_dagrun for tutorial_dag to None, run_after=None
[2023-08-14T08:25:13.298+0000] {processor.py:179} INFO - Processing /home/airflow/.local/lib/python3.7/site-packages/airflow/example_dags/tutorial_dag.py took 0.073 seconds
[2023-08-14T08:25:46.544+0000] {processor.py:157} INFO - Started process (PID=69732) to work on /home/airflow/.local/lib/python3.7/site-packages/airflow/example_dags/tutorial_dag.py
[2023-08-14T08:25:46.545+0000] {processor.py:826} INFO - Processing file /home/airflow/.local/lib/python3.7/site-packages/airflow/example_dags/tutorial_dag.py for tasks to queue
[2023-08-14T08:25:46.546+0000] {logging_mixin.py:149} INFO - [2023-08-14T08:25:46.546+0000] {dagbag.py:541} INFO - Filling up the DagBag from /home/airflow/.local/lib/python3.7/site-packages/airflow/example_dags/tutorial_dag.py
[2023-08-14T08:25:46.551+0000] {processor.py:836} INFO - DAG(s) dict_keys(['tutorial_dag']) retrieved from /home/airflow/.local/lib/python3.7/site-packages/airflow/example_dags/tutorial_dag.py
[2023-08-14T08:25:46.574+0000] {logging_mixin.py:149} INFO - [2023-08-14T08:25:46.574+0000] {dag.py:2726} INFO - Sync 1 DAGs
[2023-08-14T08:25:46.591+0000] {logging_mixin.py:149} INFO - [2023-08-14T08:25:46.591+0000] {dag.py:3490} INFO - Setting next_dagrun for tutorial_dag to None, run_after=None
[2023-08-14T08:25:46.602+0000] {processor.py:179} INFO - Processing /home/airflow/.local/lib/python3.7/site-packages/airflow/example_dags/tutorial_dag.py took 0.061 seconds
[2023-08-14T08:26:20.198+0000] {processor.py:157} INFO - Started process (PID=69798) to work on /home/airflow/.local/lib/python3.7/site-packages/airflow/example_dags/tutorial_dag.py
[2023-08-14T08:26:20.199+0000] {processor.py:826} INFO - Processing file /home/airflow/.local/lib/python3.7/site-packages/airflow/example_dags/tutorial_dag.py for tasks to queue
[2023-08-14T08:26:20.200+0000] {logging_mixin.py:149} INFO - [2023-08-14T08:26:20.200+0000] {dagbag.py:541} INFO - Filling up the DagBag from /home/airflow/.local/lib/python3.7/site-packages/airflow/example_dags/tutorial_dag.py
[2023-08-14T08:26:20.205+0000] {processor.py:836} INFO - DAG(s) dict_keys(['tutorial_dag']) retrieved from /home/airflow/.local/lib/python3.7/site-packages/airflow/example_dags/tutorial_dag.py
[2023-08-14T08:26:20.226+0000] {logging_mixin.py:149} INFO - [2023-08-14T08:26:20.226+0000] {dag.py:2726} INFO - Sync 1 DAGs
[2023-08-14T08:26:20.244+0000] {logging_mixin.py:149} INFO - [2023-08-14T08:26:20.244+0000] {dag.py:3490} INFO - Setting next_dagrun for tutorial_dag to None, run_after=None
[2023-08-14T08:26:20.256+0000] {processor.py:179} INFO - Processing /home/airflow/.local/lib/python3.7/site-packages/airflow/example_dags/tutorial_dag.py took 0.061 seconds
[2023-08-14T08:26:54.096+0000] {processor.py:157} INFO - Started process (PID=69864) to work on /home/airflow/.local/lib/python3.7/site-packages/airflow/example_dags/tutorial_dag.py
[2023-08-14T08:26:54.097+0000] {processor.py:826} INFO - Processing file /home/airflow/.local/lib/python3.7/site-packages/airflow/example_dags/tutorial_dag.py for tasks to queue
[2023-08-14T08:26:54.097+0000] {logging_mixin.py:149} INFO - [2023-08-14T08:26:54.097+0000] {dagbag.py:541} INFO - Filling up the DagBag from /home/airflow/.local/lib/python3.7/site-packages/airflow/example_dags/tutorial_dag.py
[2023-08-14T08:26:54.106+0000] {processor.py:836} INFO - DAG(s) dict_keys(['tutorial_dag']) retrieved from /home/airflow/.local/lib/python3.7/site-packages/airflow/example_dags/tutorial_dag.py
[2023-08-14T08:26:54.137+0000] {logging_mixin.py:149} INFO - [2023-08-14T08:26:54.137+0000] {dag.py:2726} INFO - Sync 1 DAGs
[2023-08-14T08:26:54.165+0000] {logging_mixin.py:149} INFO - [2023-08-14T08:26:54.165+0000] {dag.py:3490} INFO - Setting next_dagrun for tutorial_dag to None, run_after=None
[2023-08-14T08:26:54.183+0000] {processor.py:179} INFO - Processing /home/airflow/.local/lib/python3.7/site-packages/airflow/example_dags/tutorial_dag.py took 0.091 seconds
[2023-08-14T08:27:24.382+0000] {processor.py:157} INFO - Started process (PID=69921) to work on /home/airflow/.local/lib/python3.7/site-packages/airflow/example_dags/tutorial_dag.py
[2023-08-14T08:27:24.383+0000] {processor.py:826} INFO - Processing file /home/airflow/.local/lib/python3.7/site-packages/airflow/example_dags/tutorial_dag.py for tasks to queue
[2023-08-14T08:27:24.383+0000] {logging_mixin.py:149} INFO - [2023-08-14T08:27:24.383+0000] {dagbag.py:541} INFO - Filling up the DagBag from /home/airflow/.local/lib/python3.7/site-packages/airflow/example_dags/tutorial_dag.py
[2023-08-14T08:27:24.387+0000] {processor.py:836} INFO - DAG(s) dict_keys(['tutorial_dag']) retrieved from /home/airflow/.local/lib/python3.7/site-packages/airflow/example_dags/tutorial_dag.py
[2023-08-14T08:27:24.406+0000] {logging_mixin.py:149} INFO - [2023-08-14T08:27:24.406+0000] {dag.py:2726} INFO - Sync 1 DAGs
[2023-08-14T08:27:24.422+0000] {logging_mixin.py:149} INFO - [2023-08-14T08:27:24.421+0000] {dag.py:3490} INFO - Setting next_dagrun for tutorial_dag to None, run_after=None
[2023-08-14T08:27:24.433+0000] {processor.py:179} INFO - Processing /home/airflow/.local/lib/python3.7/site-packages/airflow/example_dags/tutorial_dag.py took 0.054 seconds
[2023-08-14T08:27:55.059+0000] {processor.py:157} INFO - Started process (PID=69985) to work on /home/airflow/.local/lib/python3.7/site-packages/airflow/example_dags/tutorial_dag.py
[2023-08-14T08:27:55.060+0000] {processor.py:826} INFO - Processing file /home/airflow/.local/lib/python3.7/site-packages/airflow/example_dags/tutorial_dag.py for tasks to queue
[2023-08-14T08:27:55.061+0000] {logging_mixin.py:149} INFO - [2023-08-14T08:27:55.061+0000] {dagbag.py:541} INFO - Filling up the DagBag from /home/airflow/.local/lib/python3.7/site-packages/airflow/example_dags/tutorial_dag.py
[2023-08-14T08:27:55.065+0000] {processor.py:836} INFO - DAG(s) dict_keys(['tutorial_dag']) retrieved from /home/airflow/.local/lib/python3.7/site-packages/airflow/example_dags/tutorial_dag.py
[2023-08-14T08:27:55.086+0000] {logging_mixin.py:149} INFO - [2023-08-14T08:27:55.086+0000] {dag.py:2726} INFO - Sync 1 DAGs
[2023-08-14T08:27:55.102+0000] {logging_mixin.py:149} INFO - [2023-08-14T08:27:55.102+0000] {dag.py:3490} INFO - Setting next_dagrun for tutorial_dag to None, run_after=None
[2023-08-14T08:27:55.113+0000] {processor.py:179} INFO - Processing /home/airflow/.local/lib/python3.7/site-packages/airflow/example_dags/tutorial_dag.py took 0.056 seconds
[2023-08-14T08:28:25.218+0000] {processor.py:157} INFO - Started process (PID=70051) to work on /home/airflow/.local/lib/python3.7/site-packages/airflow/example_dags/tutorial_dag.py
[2023-08-14T08:28:25.219+0000] {processor.py:826} INFO - Processing file /home/airflow/.local/lib/python3.7/site-packages/airflow/example_dags/tutorial_dag.py for tasks to queue
[2023-08-14T08:28:25.220+0000] {logging_mixin.py:149} INFO - [2023-08-14T08:28:25.220+0000] {dagbag.py:541} INFO - Filling up the DagBag from /home/airflow/.local/lib/python3.7/site-packages/airflow/example_dags/tutorial_dag.py
[2023-08-14T08:28:25.225+0000] {processor.py:836} INFO - DAG(s) dict_keys(['tutorial_dag']) retrieved from /home/airflow/.local/lib/python3.7/site-packages/airflow/example_dags/tutorial_dag.py
[2023-08-14T08:28:25.247+0000] {logging_mixin.py:149} INFO - [2023-08-14T08:28:25.247+0000] {dag.py:2726} INFO - Sync 1 DAGs
[2023-08-14T08:28:25.264+0000] {logging_mixin.py:149} INFO - [2023-08-14T08:28:25.263+0000] {dag.py:3490} INFO - Setting next_dagrun for tutorial_dag to None, run_after=None
[2023-08-14T08:28:25.279+0000] {processor.py:179} INFO - Processing /home/airflow/.local/lib/python3.7/site-packages/airflow/example_dags/tutorial_dag.py took 0.063 seconds
[2023-08-14T10:03:27.529+0000] {processor.py:157} INFO - Started process (PID=70129) to work on /home/airflow/.local/lib/python3.7/site-packages/airflow/example_dags/tutorial_dag.py
[2023-08-14T10:03:27.530+0000] {processor.py:826} INFO - Processing file /home/airflow/.local/lib/python3.7/site-packages/airflow/example_dags/tutorial_dag.py for tasks to queue
[2023-08-14T10:03:27.531+0000] {logging_mixin.py:149} INFO - [2023-08-14T10:03:27.531+0000] {dagbag.py:541} INFO - Filling up the DagBag from /home/airflow/.local/lib/python3.7/site-packages/airflow/example_dags/tutorial_dag.py
[2023-08-14T10:03:27.540+0000] {processor.py:836} INFO - DAG(s) dict_keys(['tutorial_dag']) retrieved from /home/airflow/.local/lib/python3.7/site-packages/airflow/example_dags/tutorial_dag.py
[2023-08-14T10:03:27.566+0000] {logging_mixin.py:149} INFO - [2023-08-14T10:03:27.566+0000] {dag.py:2726} INFO - Sync 1 DAGs
[2023-08-14T10:03:27.583+0000] {logging_mixin.py:149} INFO - [2023-08-14T10:03:27.583+0000] {dag.py:3490} INFO - Setting next_dagrun for tutorial_dag to None, run_after=None
[2023-08-14T10:03:27.594+0000] {processor.py:179} INFO - Processing /home/airflow/.local/lib/python3.7/site-packages/airflow/example_dags/tutorial_dag.py took 0.068 seconds
[2023-08-14T10:36:52.336+0000] {processor.py:157} INFO - Started process (PID=70195) to work on /home/airflow/.local/lib/python3.7/site-packages/airflow/example_dags/tutorial_dag.py
[2023-08-14T10:36:52.337+0000] {processor.py:826} INFO - Processing file /home/airflow/.local/lib/python3.7/site-packages/airflow/example_dags/tutorial_dag.py for tasks to queue
[2023-08-14T10:36:52.338+0000] {logging_mixin.py:149} INFO - [2023-08-14T10:36:52.338+0000] {dagbag.py:541} INFO - Filling up the DagBag from /home/airflow/.local/lib/python3.7/site-packages/airflow/example_dags/tutorial_dag.py
[2023-08-14T10:36:52.343+0000] {processor.py:836} INFO - DAG(s) dict_keys(['tutorial_dag']) retrieved from /home/airflow/.local/lib/python3.7/site-packages/airflow/example_dags/tutorial_dag.py
[2023-08-14T10:36:52.362+0000] {logging_mixin.py:149} INFO - [2023-08-14T10:36:52.362+0000] {dag.py:2726} INFO - Sync 1 DAGs
[2023-08-14T10:36:52.378+0000] {logging_mixin.py:149} INFO - [2023-08-14T10:36:52.378+0000] {dag.py:3490} INFO - Setting next_dagrun for tutorial_dag to None, run_after=None
[2023-08-14T10:36:52.389+0000] {processor.py:179} INFO - Processing /home/airflow/.local/lib/python3.7/site-packages/airflow/example_dags/tutorial_dag.py took 0.057 seconds
[2023-08-14T13:13:51.865+0000] {processor.py:157} INFO - Started process (PID=70261) to work on /home/airflow/.local/lib/python3.7/site-packages/airflow/example_dags/tutorial_dag.py
[2023-08-14T13:13:51.866+0000] {processor.py:826} INFO - Processing file /home/airflow/.local/lib/python3.7/site-packages/airflow/example_dags/tutorial_dag.py for tasks to queue
[2023-08-14T13:13:51.868+0000] {logging_mixin.py:149} INFO - [2023-08-14T13:13:51.867+0000] {dagbag.py:541} INFO - Filling up the DagBag from /home/airflow/.local/lib/python3.7/site-packages/airflow/example_dags/tutorial_dag.py
[2023-08-14T13:13:51.873+0000] {processor.py:836} INFO - DAG(s) dict_keys(['tutorial_dag']) retrieved from /home/airflow/.local/lib/python3.7/site-packages/airflow/example_dags/tutorial_dag.py
[2023-08-14T13:13:51.896+0000] {logging_mixin.py:149} INFO - [2023-08-14T13:13:51.896+0000] {dag.py:2726} INFO - Sync 1 DAGs
[2023-08-14T13:13:51.914+0000] {logging_mixin.py:149} INFO - [2023-08-14T13:13:51.914+0000] {dag.py:3490} INFO - Setting next_dagrun for tutorial_dag to None, run_after=None
[2023-08-14T13:13:51.926+0000] {processor.py:179} INFO - Processing /home/airflow/.local/lib/python3.7/site-packages/airflow/example_dags/tutorial_dag.py took 0.064 seconds
[2023-08-14T14:29:04.764+0000] {processor.py:157} INFO - Started process (PID=70326) to work on /home/airflow/.local/lib/python3.7/site-packages/airflow/example_dags/tutorial_dag.py
[2023-08-14T14:29:04.765+0000] {processor.py:826} INFO - Processing file /home/airflow/.local/lib/python3.7/site-packages/airflow/example_dags/tutorial_dag.py for tasks to queue
[2023-08-14T14:29:04.766+0000] {logging_mixin.py:149} INFO - [2023-08-14T14:29:04.766+0000] {dagbag.py:541} INFO - Filling up the DagBag from /home/airflow/.local/lib/python3.7/site-packages/airflow/example_dags/tutorial_dag.py
[2023-08-14T14:29:04.771+0000] {processor.py:836} INFO - DAG(s) dict_keys(['tutorial_dag']) retrieved from /home/airflow/.local/lib/python3.7/site-packages/airflow/example_dags/tutorial_dag.py
[2023-08-14T14:29:04.790+0000] {logging_mixin.py:149} INFO - [2023-08-14T14:29:04.790+0000] {dag.py:2726} INFO - Sync 1 DAGs
[2023-08-14T14:29:04.805+0000] {logging_mixin.py:149} INFO - [2023-08-14T14:29:04.805+0000] {dag.py:3490} INFO - Setting next_dagrun for tutorial_dag to None, run_after=None
[2023-08-14T14:29:04.819+0000] {processor.py:179} INFO - Processing /home/airflow/.local/lib/python3.7/site-packages/airflow/example_dags/tutorial_dag.py took 0.057 seconds
[2023-08-14T17:05:43.841+0000] {processor.py:157} INFO - Started process (PID=70392) to work on /home/airflow/.local/lib/python3.7/site-packages/airflow/example_dags/tutorial_dag.py
[2023-08-14T17:05:43.842+0000] {processor.py:826} INFO - Processing file /home/airflow/.local/lib/python3.7/site-packages/airflow/example_dags/tutorial_dag.py for tasks to queue
[2023-08-14T17:05:43.845+0000] {logging_mixin.py:149} INFO - [2023-08-14T17:05:43.843+0000] {dagbag.py:541} INFO - Filling up the DagBag from /home/airflow/.local/lib/python3.7/site-packages/airflow/example_dags/tutorial_dag.py
[2023-08-14T17:05:43.850+0000] {processor.py:836} INFO - DAG(s) dict_keys(['tutorial_dag']) retrieved from /home/airflow/.local/lib/python3.7/site-packages/airflow/example_dags/tutorial_dag.py
[2023-08-14T17:05:43.883+0000] {logging_mixin.py:149} INFO - [2023-08-14T17:05:43.883+0000] {dag.py:2726} INFO - Sync 1 DAGs
[2023-08-14T17:05:43.903+0000] {logging_mixin.py:149} INFO - [2023-08-14T17:05:43.903+0000] {dag.py:3490} INFO - Setting next_dagrun for tutorial_dag to None, run_after=None
[2023-08-14T17:05:43.914+0000] {processor.py:179} INFO - Processing /home/airflow/.local/lib/python3.7/site-packages/airflow/example_dags/tutorial_dag.py took 0.076 seconds
[2023-08-14T18:49:15.360+0000] {processor.py:157} INFO - Started process (PID=70458) to work on /home/airflow/.local/lib/python3.7/site-packages/airflow/example_dags/tutorial_dag.py
[2023-08-14T18:49:15.361+0000] {processor.py:826} INFO - Processing file /home/airflow/.local/lib/python3.7/site-packages/airflow/example_dags/tutorial_dag.py for tasks to queue
[2023-08-14T18:49:15.362+0000] {logging_mixin.py:149} INFO - [2023-08-14T18:49:15.362+0000] {dagbag.py:541} INFO - Filling up the DagBag from /home/airflow/.local/lib/python3.7/site-packages/airflow/example_dags/tutorial_dag.py
[2023-08-14T18:49:15.367+0000] {processor.py:836} INFO - DAG(s) dict_keys(['tutorial_dag']) retrieved from /home/airflow/.local/lib/python3.7/site-packages/airflow/example_dags/tutorial_dag.py
[2023-08-14T18:49:15.390+0000] {logging_mixin.py:149} INFO - [2023-08-14T18:49:15.389+0000] {dag.py:2726} INFO - Sync 1 DAGs
[2023-08-14T18:49:15.411+0000] {logging_mixin.py:149} INFO - [2023-08-14T18:49:15.411+0000] {dag.py:3490} INFO - Setting next_dagrun for tutorial_dag to None, run_after=None
[2023-08-14T18:49:15.425+0000] {processor.py:179} INFO - Processing /home/airflow/.local/lib/python3.7/site-packages/airflow/example_dags/tutorial_dag.py took 0.068 seconds
[2023-08-14T22:24:44.940+0000] {processor.py:157} INFO - Started process (PID=70524) to work on /home/airflow/.local/lib/python3.7/site-packages/airflow/example_dags/tutorial_dag.py
[2023-08-14T22:24:44.942+0000] {processor.py:826} INFO - Processing file /home/airflow/.local/lib/python3.7/site-packages/airflow/example_dags/tutorial_dag.py for tasks to queue
[2023-08-14T22:24:44.943+0000] {logging_mixin.py:149} INFO - [2023-08-14T22:24:44.943+0000] {dagbag.py:541} INFO - Filling up the DagBag from /home/airflow/.local/lib/python3.7/site-packages/airflow/example_dags/tutorial_dag.py
[2023-08-14T22:24:44.949+0000] {processor.py:836} INFO - DAG(s) dict_keys(['tutorial_dag']) retrieved from /home/airflow/.local/lib/python3.7/site-packages/airflow/example_dags/tutorial_dag.py
[2023-08-14T22:24:44.968+0000] {logging_mixin.py:149} INFO - [2023-08-14T22:24:44.968+0000] {dag.py:2726} INFO - Sync 1 DAGs
[2023-08-14T22:24:44.987+0000] {logging_mixin.py:149} INFO - [2023-08-14T22:24:44.987+0000] {dag.py:3490} INFO - Setting next_dagrun for tutorial_dag to None, run_after=None
[2023-08-14T22:24:44.998+0000] {processor.py:179} INFO - Processing /home/airflow/.local/lib/python3.7/site-packages/airflow/example_dags/tutorial_dag.py took 0.063 seconds
