[2023-08-14T02:49:58.612+0000] {processor.py:157} INFO - Started process (PID=69468) to work on /home/airflow/.local/lib/python3.7/site-packages/airflow/example_dags/tutorial_taskflow_api_virtualenv.py
[2023-08-14T02:49:58.613+0000] {processor.py:826} INFO - Processing file /home/airflow/.local/lib/python3.7/site-packages/airflow/example_dags/tutorial_taskflow_api_virtualenv.py for tasks to queue
[2023-08-14T02:49:58.614+0000] {logging_mixin.py:149} INFO - [2023-08-14T02:49:58.614+0000] {dagbag.py:541} INFO - Filling up the DagBag from /home/airflow/.local/lib/python3.7/site-packages/airflow/example_dags/tutorial_taskflow_api_virtualenv.py
[2023-08-14T02:49:58.619+0000] {processor.py:836} INFO - DAG(s) dict_keys(['tutorial_taskflow_api_virtualenv']) retrieved from /home/airflow/.local/lib/python3.7/site-packages/airflow/example_dags/tutorial_taskflow_api_virtualenv.py
[2023-08-14T02:49:58.639+0000] {logging_mixin.py:149} INFO - [2023-08-14T02:49:58.639+0000] {dag.py:2726} INFO - Sync 1 DAGs
[2023-08-14T02:49:58.654+0000] {logging_mixin.py:149} INFO - [2023-08-14T02:49:58.654+0000] {dag.py:3490} INFO - Setting next_dagrun for tutorial_taskflow_api_virtualenv to None, run_after=None
[2023-08-14T02:49:58.666+0000] {processor.py:179} INFO - Processing /home/airflow/.local/lib/python3.7/site-packages/airflow/example_dags/tutorial_taskflow_api_virtualenv.py took 0.057 seconds
[2023-08-14T05:00:36.937+0000] {processor.py:157} INFO - Started process (PID=69534) to work on /home/airflow/.local/lib/python3.7/site-packages/airflow/example_dags/tutorial_taskflow_api_virtualenv.py
[2023-08-14T05:00:36.938+0000] {processor.py:826} INFO - Processing file /home/airflow/.local/lib/python3.7/site-packages/airflow/example_dags/tutorial_taskflow_api_virtualenv.py for tasks to queue
[2023-08-14T05:00:36.939+0000] {logging_mixin.py:149} INFO - [2023-08-14T05:00:36.939+0000] {dagbag.py:541} INFO - Filling up the DagBag from /home/airflow/.local/lib/python3.7/site-packages/airflow/example_dags/tutorial_taskflow_api_virtualenv.py
[2023-08-14T05:00:36.946+0000] {processor.py:836} INFO - DAG(s) dict_keys(['tutorial_taskflow_api_virtualenv']) retrieved from /home/airflow/.local/lib/python3.7/site-packages/airflow/example_dags/tutorial_taskflow_api_virtualenv.py
[2023-08-14T05:00:36.969+0000] {logging_mixin.py:149} INFO - [2023-08-14T05:00:36.969+0000] {dag.py:2726} INFO - Sync 1 DAGs
[2023-08-14T05:00:36.987+0000] {logging_mixin.py:149} INFO - [2023-08-14T05:00:36.987+0000] {dag.py:3490} INFO - Setting next_dagrun for tutorial_taskflow_api_virtualenv to None, run_after=None
[2023-08-14T05:00:37.011+0000] {processor.py:179} INFO - Processing /home/airflow/.local/lib/python3.7/site-packages/airflow/example_dags/tutorial_taskflow_api_virtualenv.py took 0.076 seconds
[2023-08-14T07:02:35.346+0000] {processor.py:157} INFO - Started process (PID=69600) to work on /home/airflow/.local/lib/python3.7/site-packages/airflow/example_dags/tutorial_taskflow_api_virtualenv.py
[2023-08-14T07:02:35.348+0000] {processor.py:826} INFO - Processing file /home/airflow/.local/lib/python3.7/site-packages/airflow/example_dags/tutorial_taskflow_api_virtualenv.py for tasks to queue
[2023-08-14T07:02:35.349+0000] {logging_mixin.py:149} INFO - [2023-08-14T07:02:35.349+0000] {dagbag.py:541} INFO - Filling up the DagBag from /home/airflow/.local/lib/python3.7/site-packages/airflow/example_dags/tutorial_taskflow_api_virtualenv.py
[2023-08-14T07:02:35.358+0000] {processor.py:836} INFO - DAG(s) dict_keys(['tutorial_taskflow_api_virtualenv']) retrieved from /home/airflow/.local/lib/python3.7/site-packages/airflow/example_dags/tutorial_taskflow_api_virtualenv.py
[2023-08-14T07:02:35.381+0000] {logging_mixin.py:149} INFO - [2023-08-14T07:02:35.381+0000] {dag.py:2726} INFO - Sync 1 DAGs
[2023-08-14T07:02:35.397+0000] {logging_mixin.py:149} INFO - [2023-08-14T07:02:35.397+0000] {dag.py:3490} INFO - Setting next_dagrun for tutorial_taskflow_api_virtualenv to None, run_after=None
[2023-08-14T07:02:35.408+0000] {processor.py:179} INFO - Processing /home/airflow/.local/lib/python3.7/site-packages/airflow/example_dags/tutorial_taskflow_api_virtualenv.py took 0.065 seconds
[2023-08-14T08:25:13.237+0000] {processor.py:157} INFO - Started process (PID=69666) to work on /home/airflow/.local/lib/python3.7/site-packages/airflow/example_dags/tutorial_taskflow_api_virtualenv.py
[2023-08-14T08:25:13.238+0000] {processor.py:826} INFO - Processing file /home/airflow/.local/lib/python3.7/site-packages/airflow/example_dags/tutorial_taskflow_api_virtualenv.py for tasks to queue
[2023-08-14T08:25:13.239+0000] {logging_mixin.py:149} INFO - [2023-08-14T08:25:13.239+0000] {dagbag.py:541} INFO - Filling up the DagBag from /home/airflow/.local/lib/python3.7/site-packages/airflow/example_dags/tutorial_taskflow_api_virtualenv.py
[2023-08-14T08:25:13.246+0000] {processor.py:836} INFO - DAG(s) dict_keys(['tutorial_taskflow_api_virtualenv']) retrieved from /home/airflow/.local/lib/python3.7/site-packages/airflow/example_dags/tutorial_taskflow_api_virtualenv.py
[2023-08-14T08:25:13.272+0000] {logging_mixin.py:149} INFO - [2023-08-14T08:25:13.272+0000] {dag.py:2726} INFO - Sync 1 DAGs
[2023-08-14T08:25:13.291+0000] {logging_mixin.py:149} INFO - [2023-08-14T08:25:13.291+0000] {dag.py:3490} INFO - Setting next_dagrun for tutorial_taskflow_api_virtualenv to None, run_after=None
[2023-08-14T08:25:13.301+0000] {processor.py:179} INFO - Processing /home/airflow/.local/lib/python3.7/site-packages/airflow/example_dags/tutorial_taskflow_api_virtualenv.py took 0.068 seconds
[2023-08-14T08:25:46.626+0000] {processor.py:157} INFO - Started process (PID=69733) to work on /home/airflow/.local/lib/python3.7/site-packages/airflow/example_dags/tutorial_taskflow_api_virtualenv.py
[2023-08-14T08:25:46.627+0000] {processor.py:826} INFO - Processing file /home/airflow/.local/lib/python3.7/site-packages/airflow/example_dags/tutorial_taskflow_api_virtualenv.py for tasks to queue
[2023-08-14T08:25:46.627+0000] {logging_mixin.py:149} INFO - [2023-08-14T08:25:46.627+0000] {dagbag.py:541} INFO - Filling up the DagBag from /home/airflow/.local/lib/python3.7/site-packages/airflow/example_dags/tutorial_taskflow_api_virtualenv.py
[2023-08-14T08:25:46.632+0000] {processor.py:836} INFO - DAG(s) dict_keys(['tutorial_taskflow_api_virtualenv']) retrieved from /home/airflow/.local/lib/python3.7/site-packages/airflow/example_dags/tutorial_taskflow_api_virtualenv.py
[2023-08-14T08:25:46.651+0000] {logging_mixin.py:149} INFO - [2023-08-14T08:25:46.651+0000] {dag.py:2726} INFO - Sync 1 DAGs
[2023-08-14T08:25:46.665+0000] {logging_mixin.py:149} INFO - [2023-08-14T08:25:46.665+0000] {dag.py:3490} INFO - Setting next_dagrun for tutorial_taskflow_api_virtualenv to None, run_after=None
[2023-08-14T08:25:46.676+0000] {processor.py:179} INFO - Processing /home/airflow/.local/lib/python3.7/site-packages/airflow/example_dags/tutorial_taskflow_api_virtualenv.py took 0.053 seconds
[2023-08-14T08:26:20.285+0000] {processor.py:157} INFO - Started process (PID=69799) to work on /home/airflow/.local/lib/python3.7/site-packages/airflow/example_dags/tutorial_taskflow_api_virtualenv.py
[2023-08-14T08:26:20.286+0000] {processor.py:826} INFO - Processing file /home/airflow/.local/lib/python3.7/site-packages/airflow/example_dags/tutorial_taskflow_api_virtualenv.py for tasks to queue
[2023-08-14T08:26:20.287+0000] {logging_mixin.py:149} INFO - [2023-08-14T08:26:20.287+0000] {dagbag.py:541} INFO - Filling up the DagBag from /home/airflow/.local/lib/python3.7/site-packages/airflow/example_dags/tutorial_taskflow_api_virtualenv.py
[2023-08-14T08:26:20.294+0000] {processor.py:836} INFO - DAG(s) dict_keys(['tutorial_taskflow_api_virtualenv']) retrieved from /home/airflow/.local/lib/python3.7/site-packages/airflow/example_dags/tutorial_taskflow_api_virtualenv.py
[2023-08-14T08:26:20.315+0000] {logging_mixin.py:149} INFO - [2023-08-14T08:26:20.315+0000] {dag.py:2726} INFO - Sync 1 DAGs
[2023-08-14T08:26:20.331+0000] {logging_mixin.py:149} INFO - [2023-08-14T08:26:20.331+0000] {dag.py:3490} INFO - Setting next_dagrun for tutorial_taskflow_api_virtualenv to None, run_after=None
[2023-08-14T08:26:20.353+0000] {processor.py:179} INFO - Processing /home/airflow/.local/lib/python3.7/site-packages/airflow/example_dags/tutorial_taskflow_api_virtualenv.py took 0.072 seconds
[2023-08-14T08:26:54.223+0000] {processor.py:157} INFO - Started process (PID=69865) to work on /home/airflow/.local/lib/python3.7/site-packages/airflow/example_dags/tutorial_taskflow_api_virtualenv.py
[2023-08-14T08:26:54.224+0000] {processor.py:826} INFO - Processing file /home/airflow/.local/lib/python3.7/site-packages/airflow/example_dags/tutorial_taskflow_api_virtualenv.py for tasks to queue
[2023-08-14T08:26:54.225+0000] {logging_mixin.py:149} INFO - [2023-08-14T08:26:54.225+0000] {dagbag.py:541} INFO - Filling up the DagBag from /home/airflow/.local/lib/python3.7/site-packages/airflow/example_dags/tutorial_taskflow_api_virtualenv.py
[2023-08-14T08:26:54.230+0000] {processor.py:836} INFO - DAG(s) dict_keys(['tutorial_taskflow_api_virtualenv']) retrieved from /home/airflow/.local/lib/python3.7/site-packages/airflow/example_dags/tutorial_taskflow_api_virtualenv.py
[2023-08-14T08:26:54.281+0000] {logging_mixin.py:149} INFO - [2023-08-14T08:26:54.281+0000] {dag.py:2726} INFO - Sync 1 DAGs
[2023-08-14T08:26:54.311+0000] {logging_mixin.py:149} INFO - [2023-08-14T08:26:54.311+0000] {dag.py:3490} INFO - Setting next_dagrun for tutorial_taskflow_api_virtualenv to None, run_after=None
[2023-08-14T08:26:54.338+0000] {processor.py:179} INFO - Processing /home/airflow/.local/lib/python3.7/site-packages/airflow/example_dags/tutorial_taskflow_api_virtualenv.py took 0.120 seconds
[2023-08-14T08:27:24.478+0000] {processor.py:157} INFO - Started process (PID=69924) to work on /home/airflow/.local/lib/python3.7/site-packages/airflow/example_dags/tutorial_taskflow_api_virtualenv.py
[2023-08-14T08:27:24.481+0000] {processor.py:826} INFO - Processing file /home/airflow/.local/lib/python3.7/site-packages/airflow/example_dags/tutorial_taskflow_api_virtualenv.py for tasks to queue
[2023-08-14T08:27:24.481+0000] {logging_mixin.py:149} INFO - [2023-08-14T08:27:24.481+0000] {dagbag.py:541} INFO - Filling up the DagBag from /home/airflow/.local/lib/python3.7/site-packages/airflow/example_dags/tutorial_taskflow_api_virtualenv.py
[2023-08-14T08:27:24.487+0000] {processor.py:836} INFO - DAG(s) dict_keys(['tutorial_taskflow_api_virtualenv']) retrieved from /home/airflow/.local/lib/python3.7/site-packages/airflow/example_dags/tutorial_taskflow_api_virtualenv.py
[2023-08-14T08:27:24.530+0000] {logging_mixin.py:149} INFO - [2023-08-14T08:27:24.530+0000] {dag.py:2726} INFO - Sync 1 DAGs
[2023-08-14T08:27:24.575+0000] {logging_mixin.py:149} INFO - [2023-08-14T08:27:24.575+0000] {dag.py:3490} INFO - Setting next_dagrun for tutorial_taskflow_api_virtualenv to None, run_after=None
[2023-08-14T08:27:24.603+0000] {processor.py:179} INFO - Processing /home/airflow/.local/lib/python3.7/site-packages/airflow/example_dags/tutorial_taskflow_api_virtualenv.py took 0.129 seconds
[2023-08-14T08:27:55.067+0000] {processor.py:157} INFO - Started process (PID=69986) to work on /home/airflow/.local/lib/python3.7/site-packages/airflow/example_dags/tutorial_taskflow_api_virtualenv.py
[2023-08-14T08:27:55.068+0000] {processor.py:826} INFO - Processing file /home/airflow/.local/lib/python3.7/site-packages/airflow/example_dags/tutorial_taskflow_api_virtualenv.py for tasks to queue
[2023-08-14T08:27:55.069+0000] {logging_mixin.py:149} INFO - [2023-08-14T08:27:55.069+0000] {dagbag.py:541} INFO - Filling up the DagBag from /home/airflow/.local/lib/python3.7/site-packages/airflow/example_dags/tutorial_taskflow_api_virtualenv.py
[2023-08-14T08:27:55.079+0000] {processor.py:836} INFO - DAG(s) dict_keys(['tutorial_taskflow_api_virtualenv']) retrieved from /home/airflow/.local/lib/python3.7/site-packages/airflow/example_dags/tutorial_taskflow_api_virtualenv.py
[2023-08-14T08:27:55.101+0000] {logging_mixin.py:149} INFO - [2023-08-14T08:27:55.101+0000] {dag.py:2726} INFO - Sync 1 DAGs
[2023-08-14T08:27:55.116+0000] {logging_mixin.py:149} INFO - [2023-08-14T08:27:55.116+0000] {dag.py:3490} INFO - Setting next_dagrun for tutorial_taskflow_api_virtualenv to None, run_after=None
[2023-08-14T08:27:55.132+0000] {processor.py:179} INFO - Processing /home/airflow/.local/lib/python3.7/site-packages/airflow/example_dags/tutorial_taskflow_api_virtualenv.py took 0.067 seconds
[2023-08-14T08:28:25.222+0000] {processor.py:157} INFO - Started process (PID=70052) to work on /home/airflow/.local/lib/python3.7/site-packages/airflow/example_dags/tutorial_taskflow_api_virtualenv.py
[2023-08-14T08:28:25.223+0000] {processor.py:826} INFO - Processing file /home/airflow/.local/lib/python3.7/site-packages/airflow/example_dags/tutorial_taskflow_api_virtualenv.py for tasks to queue
[2023-08-14T08:28:25.224+0000] {logging_mixin.py:149} INFO - [2023-08-14T08:28:25.224+0000] {dagbag.py:541} INFO - Filling up the DagBag from /home/airflow/.local/lib/python3.7/site-packages/airflow/example_dags/tutorial_taskflow_api_virtualenv.py
[2023-08-14T08:28:25.234+0000] {processor.py:836} INFO - DAG(s) dict_keys(['tutorial_taskflow_api_virtualenv']) retrieved from /home/airflow/.local/lib/python3.7/site-packages/airflow/example_dags/tutorial_taskflow_api_virtualenv.py
[2023-08-14T08:28:25.255+0000] {logging_mixin.py:149} INFO - [2023-08-14T08:28:25.255+0000] {dag.py:2726} INFO - Sync 1 DAGs
[2023-08-14T08:28:25.273+0000] {logging_mixin.py:149} INFO - [2023-08-14T08:28:25.272+0000] {dag.py:3490} INFO - Setting next_dagrun for tutorial_taskflow_api_virtualenv to None, run_after=None
[2023-08-14T08:28:25.286+0000] {processor.py:179} INFO - Processing /home/airflow/.local/lib/python3.7/site-packages/airflow/example_dags/tutorial_taskflow_api_virtualenv.py took 0.067 seconds
[2023-08-14T10:03:27.613+0000] {processor.py:157} INFO - Started process (PID=70130) to work on /home/airflow/.local/lib/python3.7/site-packages/airflow/example_dags/tutorial_taskflow_api_virtualenv.py
[2023-08-14T10:03:27.614+0000] {processor.py:826} INFO - Processing file /home/airflow/.local/lib/python3.7/site-packages/airflow/example_dags/tutorial_taskflow_api_virtualenv.py for tasks to queue
[2023-08-14T10:03:27.615+0000] {logging_mixin.py:149} INFO - [2023-08-14T10:03:27.615+0000] {dagbag.py:541} INFO - Filling up the DagBag from /home/airflow/.local/lib/python3.7/site-packages/airflow/example_dags/tutorial_taskflow_api_virtualenv.py
[2023-08-14T10:03:27.620+0000] {processor.py:836} INFO - DAG(s) dict_keys(['tutorial_taskflow_api_virtualenv']) retrieved from /home/airflow/.local/lib/python3.7/site-packages/airflow/example_dags/tutorial_taskflow_api_virtualenv.py
[2023-08-14T10:03:27.646+0000] {logging_mixin.py:149} INFO - [2023-08-14T10:03:27.646+0000] {dag.py:2726} INFO - Sync 1 DAGs
[2023-08-14T10:03:27.663+0000] {logging_mixin.py:149} INFO - [2023-08-14T10:03:27.663+0000] {dag.py:3490} INFO - Setting next_dagrun for tutorial_taskflow_api_virtualenv to None, run_after=None
[2023-08-14T10:03:27.673+0000] {processor.py:179} INFO - Processing /home/airflow/.local/lib/python3.7/site-packages/airflow/example_dags/tutorial_taskflow_api_virtualenv.py took 0.063 seconds
[2023-08-14T10:36:52.415+0000] {processor.py:157} INFO - Started process (PID=70196) to work on /home/airflow/.local/lib/python3.7/site-packages/airflow/example_dags/tutorial_taskflow_api_virtualenv.py
[2023-08-14T10:36:52.416+0000] {processor.py:826} INFO - Processing file /home/airflow/.local/lib/python3.7/site-packages/airflow/example_dags/tutorial_taskflow_api_virtualenv.py for tasks to queue
[2023-08-14T10:36:52.417+0000] {logging_mixin.py:149} INFO - [2023-08-14T10:36:52.417+0000] {dagbag.py:541} INFO - Filling up the DagBag from /home/airflow/.local/lib/python3.7/site-packages/airflow/example_dags/tutorial_taskflow_api_virtualenv.py
[2023-08-14T10:36:52.422+0000] {processor.py:836} INFO - DAG(s) dict_keys(['tutorial_taskflow_api_virtualenv']) retrieved from /home/airflow/.local/lib/python3.7/site-packages/airflow/example_dags/tutorial_taskflow_api_virtualenv.py
[2023-08-14T10:36:52.441+0000] {logging_mixin.py:149} INFO - [2023-08-14T10:36:52.440+0000] {dag.py:2726} INFO - Sync 1 DAGs
[2023-08-14T10:36:52.456+0000] {logging_mixin.py:149} INFO - [2023-08-14T10:36:52.456+0000] {dag.py:3490} INFO - Setting next_dagrun for tutorial_taskflow_api_virtualenv to None, run_after=None
[2023-08-14T10:36:52.467+0000] {processor.py:179} INFO - Processing /home/airflow/.local/lib/python3.7/site-packages/airflow/example_dags/tutorial_taskflow_api_virtualenv.py took 0.055 seconds
[2023-08-14T13:13:51.874+0000] {processor.py:157} INFO - Started process (PID=70262) to work on /home/airflow/.local/lib/python3.7/site-packages/airflow/example_dags/tutorial_taskflow_api_virtualenv.py
[2023-08-14T13:13:51.875+0000] {processor.py:826} INFO - Processing file /home/airflow/.local/lib/python3.7/site-packages/airflow/example_dags/tutorial_taskflow_api_virtualenv.py for tasks to queue
[2023-08-14T13:13:51.876+0000] {logging_mixin.py:149} INFO - [2023-08-14T13:13:51.876+0000] {dagbag.py:541} INFO - Filling up the DagBag from /home/airflow/.local/lib/python3.7/site-packages/airflow/example_dags/tutorial_taskflow_api_virtualenv.py
[2023-08-14T13:13:51.882+0000] {processor.py:836} INFO - DAG(s) dict_keys(['tutorial_taskflow_api_virtualenv']) retrieved from /home/airflow/.local/lib/python3.7/site-packages/airflow/example_dags/tutorial_taskflow_api_virtualenv.py
[2023-08-14T13:13:51.904+0000] {logging_mixin.py:149} INFO - [2023-08-14T13:13:51.904+0000] {dag.py:2726} INFO - Sync 1 DAGs
[2023-08-14T13:13:51.920+0000] {logging_mixin.py:149} INFO - [2023-08-14T13:13:51.920+0000] {dag.py:3490} INFO - Setting next_dagrun for tutorial_taskflow_api_virtualenv to None, run_after=None
[2023-08-14T13:13:51.937+0000] {processor.py:179} INFO - Processing /home/airflow/.local/lib/python3.7/site-packages/airflow/example_dags/tutorial_taskflow_api_virtualenv.py took 0.067 seconds
[2023-08-14T14:29:04.839+0000] {processor.py:157} INFO - Started process (PID=70327) to work on /home/airflow/.local/lib/python3.7/site-packages/airflow/example_dags/tutorial_taskflow_api_virtualenv.py
[2023-08-14T14:29:04.840+0000] {processor.py:826} INFO - Processing file /home/airflow/.local/lib/python3.7/site-packages/airflow/example_dags/tutorial_taskflow_api_virtualenv.py for tasks to queue
[2023-08-14T14:29:04.841+0000] {logging_mixin.py:149} INFO - [2023-08-14T14:29:04.841+0000] {dagbag.py:541} INFO - Filling up the DagBag from /home/airflow/.local/lib/python3.7/site-packages/airflow/example_dags/tutorial_taskflow_api_virtualenv.py
[2023-08-14T14:29:04.846+0000] {processor.py:836} INFO - DAG(s) dict_keys(['tutorial_taskflow_api_virtualenv']) retrieved from /home/airflow/.local/lib/python3.7/site-packages/airflow/example_dags/tutorial_taskflow_api_virtualenv.py
[2023-08-14T14:29:04.868+0000] {logging_mixin.py:149} INFO - [2023-08-14T14:29:04.867+0000] {dag.py:2726} INFO - Sync 1 DAGs
[2023-08-14T14:29:04.882+0000] {logging_mixin.py:149} INFO - [2023-08-14T14:29:04.882+0000] {dag.py:3490} INFO - Setting next_dagrun for tutorial_taskflow_api_virtualenv to None, run_after=None
[2023-08-14T14:29:04.892+0000] {processor.py:179} INFO - Processing /home/airflow/.local/lib/python3.7/site-packages/airflow/example_dags/tutorial_taskflow_api_virtualenv.py took 0.055 seconds
[2023-08-14T17:05:43.925+0000] {processor.py:157} INFO - Started process (PID=70393) to work on /home/airflow/.local/lib/python3.7/site-packages/airflow/example_dags/tutorial_taskflow_api_virtualenv.py
[2023-08-14T17:05:43.926+0000] {processor.py:826} INFO - Processing file /home/airflow/.local/lib/python3.7/site-packages/airflow/example_dags/tutorial_taskflow_api_virtualenv.py for tasks to queue
[2023-08-14T17:05:43.929+0000] {logging_mixin.py:149} INFO - [2023-08-14T17:05:43.929+0000] {dagbag.py:541} INFO - Filling up the DagBag from /home/airflow/.local/lib/python3.7/site-packages/airflow/example_dags/tutorial_taskflow_api_virtualenv.py
[2023-08-14T17:05:43.935+0000] {processor.py:836} INFO - DAG(s) dict_keys(['tutorial_taskflow_api_virtualenv']) retrieved from /home/airflow/.local/lib/python3.7/site-packages/airflow/example_dags/tutorial_taskflow_api_virtualenv.py
[2023-08-14T17:05:43.955+0000] {logging_mixin.py:149} INFO - [2023-08-14T17:05:43.955+0000] {dag.py:2726} INFO - Sync 1 DAGs
[2023-08-14T17:05:43.974+0000] {logging_mixin.py:149} INFO - [2023-08-14T17:05:43.974+0000] {dag.py:3490} INFO - Setting next_dagrun for tutorial_taskflow_api_virtualenv to None, run_after=None
[2023-08-14T17:05:43.989+0000] {processor.py:179} INFO - Processing /home/airflow/.local/lib/python3.7/site-packages/airflow/example_dags/tutorial_taskflow_api_virtualenv.py took 0.067 seconds
[2023-08-14T18:49:15.422+0000] {processor.py:157} INFO - Started process (PID=70459) to work on /home/airflow/.local/lib/python3.7/site-packages/airflow/example_dags/tutorial_taskflow_api_virtualenv.py
[2023-08-14T18:49:15.423+0000] {processor.py:826} INFO - Processing file /home/airflow/.local/lib/python3.7/site-packages/airflow/example_dags/tutorial_taskflow_api_virtualenv.py for tasks to queue
[2023-08-14T18:49:15.424+0000] {logging_mixin.py:149} INFO - [2023-08-14T18:49:15.424+0000] {dagbag.py:541} INFO - Filling up the DagBag from /home/airflow/.local/lib/python3.7/site-packages/airflow/example_dags/tutorial_taskflow_api_virtualenv.py
[2023-08-14T18:49:15.433+0000] {processor.py:836} INFO - DAG(s) dict_keys(['tutorial_taskflow_api_virtualenv']) retrieved from /home/airflow/.local/lib/python3.7/site-packages/airflow/example_dags/tutorial_taskflow_api_virtualenv.py
[2023-08-14T18:49:15.455+0000] {logging_mixin.py:149} INFO - [2023-08-14T18:49:15.455+0000] {dag.py:2726} INFO - Sync 1 DAGs
[2023-08-14T18:49:15.475+0000] {logging_mixin.py:149} INFO - [2023-08-14T18:49:15.475+0000] {dag.py:3490} INFO - Setting next_dagrun for tutorial_taskflow_api_virtualenv to None, run_after=None
[2023-08-14T18:49:15.497+0000] {processor.py:179} INFO - Processing /home/airflow/.local/lib/python3.7/site-packages/airflow/example_dags/tutorial_taskflow_api_virtualenv.py took 0.078 seconds
[2023-08-14T22:24:44.960+0000] {processor.py:157} INFO - Started process (PID=70525) to work on /home/airflow/.local/lib/python3.7/site-packages/airflow/example_dags/tutorial_taskflow_api_virtualenv.py
[2023-08-14T22:24:44.962+0000] {processor.py:826} INFO - Processing file /home/airflow/.local/lib/python3.7/site-packages/airflow/example_dags/tutorial_taskflow_api_virtualenv.py for tasks to queue
[2023-08-14T22:24:44.962+0000] {logging_mixin.py:149} INFO - [2023-08-14T22:24:44.962+0000] {dagbag.py:541} INFO - Filling up the DagBag from /home/airflow/.local/lib/python3.7/site-packages/airflow/example_dags/tutorial_taskflow_api_virtualenv.py
[2023-08-14T22:24:44.969+0000] {processor.py:836} INFO - DAG(s) dict_keys(['tutorial_taskflow_api_virtualenv']) retrieved from /home/airflow/.local/lib/python3.7/site-packages/airflow/example_dags/tutorial_taskflow_api_virtualenv.py
[2023-08-14T22:24:44.993+0000] {logging_mixin.py:149} INFO - [2023-08-14T22:24:44.993+0000] {dag.py:2726} INFO - Sync 1 DAGs
[2023-08-14T22:24:45.009+0000] {logging_mixin.py:149} INFO - [2023-08-14T22:24:45.009+0000] {dag.py:3490} INFO - Setting next_dagrun for tutorial_taskflow_api_virtualenv to None, run_after=None
[2023-08-14T22:24:45.024+0000] {processor.py:179} INFO - Processing /home/airflow/.local/lib/python3.7/site-packages/airflow/example_dags/tutorial_taskflow_api_virtualenv.py took 0.067 seconds
