[2023-08-06T06:10:41.002+0000] {processor.py:157} INFO - Started process (PID=28680) to work on /home/airflow/.local/lib/python3.7/site-packages/airflow/example_dags/example_latest_only_with_trigger.py
[2023-08-06T06:10:41.003+0000] {processor.py:826} INFO - Processing file /home/airflow/.local/lib/python3.7/site-packages/airflow/example_dags/example_latest_only_with_trigger.py for tasks to queue
[2023-08-06T06:10:41.004+0000] {logging_mixin.py:149} INFO - [2023-08-06T06:10:41.004+0000] {dagbag.py:541} INFO - Filling up the DagBag from /home/airflow/.local/lib/python3.7/site-packages/airflow/example_dags/example_latest_only_with_trigger.py
[2023-08-06T06:10:41.011+0000] {processor.py:836} INFO - DAG(s) dict_keys(['latest_only_with_trigger']) retrieved from /home/airflow/.local/lib/python3.7/site-packages/airflow/example_dags/example_latest_only_with_trigger.py
[2023-08-06T06:10:41.032+0000] {logging_mixin.py:149} INFO - [2023-08-06T06:10:41.032+0000] {dag.py:2726} INFO - Sync 1 DAGs
[2023-08-06T06:10:41.051+0000] {logging_mixin.py:149} INFO - [2023-08-06T06:10:41.051+0000] {dag.py:3490} INFO - Setting next_dagrun for latest_only_with_trigger to 2023-08-06T02:10:41.051321+00:00, run_after=2023-08-06T06:10:41.051321+00:00
[2023-08-06T06:10:41.070+0000] {processor.py:179} INFO - Processing /home/airflow/.local/lib/python3.7/site-packages/airflow/example_dags/example_latest_only_with_trigger.py took 0.071 seconds
[2023-08-06T07:40:47.811+0000] {processor.py:157} INFO - Started process (PID=28745) to work on /home/airflow/.local/lib/python3.7/site-packages/airflow/example_dags/example_latest_only_with_trigger.py
[2023-08-06T07:40:47.812+0000] {processor.py:826} INFO - Processing file /home/airflow/.local/lib/python3.7/site-packages/airflow/example_dags/example_latest_only_with_trigger.py for tasks to queue
[2023-08-06T07:40:47.813+0000] {logging_mixin.py:149} INFO - [2023-08-06T07:40:47.813+0000] {dagbag.py:541} INFO - Filling up the DagBag from /home/airflow/.local/lib/python3.7/site-packages/airflow/example_dags/example_latest_only_with_trigger.py
[2023-08-06T07:40:47.818+0000] {processor.py:836} INFO - DAG(s) dict_keys(['latest_only_with_trigger']) retrieved from /home/airflow/.local/lib/python3.7/site-packages/airflow/example_dags/example_latest_only_with_trigger.py
[2023-08-06T07:40:47.840+0000] {logging_mixin.py:149} INFO - [2023-08-06T07:40:47.840+0000] {dag.py:2726} INFO - Sync 1 DAGs
[2023-08-06T07:40:47.861+0000] {logging_mixin.py:149} INFO - [2023-08-06T07:40:47.860+0000] {dag.py:3490} INFO - Setting next_dagrun for latest_only_with_trigger to 2023-08-06T03:40:47.860736+00:00, run_after=2023-08-06T07:40:47.860736+00:00
[2023-08-06T07:40:47.875+0000] {processor.py:179} INFO - Processing /home/airflow/.local/lib/python3.7/site-packages/airflow/example_dags/example_latest_only_with_trigger.py took 0.067 seconds
[2023-08-06T08:45:50.646+0000] {processor.py:157} INFO - Started process (PID=28811) to work on /home/airflow/.local/lib/python3.7/site-packages/airflow/example_dags/example_latest_only_with_trigger.py
[2023-08-06T08:45:50.647+0000] {processor.py:826} INFO - Processing file /home/airflow/.local/lib/python3.7/site-packages/airflow/example_dags/example_latest_only_with_trigger.py for tasks to queue
[2023-08-06T08:45:50.648+0000] {logging_mixin.py:149} INFO - [2023-08-06T08:45:50.648+0000] {dagbag.py:541} INFO - Filling up the DagBag from /home/airflow/.local/lib/python3.7/site-packages/airflow/example_dags/example_latest_only_with_trigger.py
[2023-08-06T08:45:50.654+0000] {processor.py:836} INFO - DAG(s) dict_keys(['latest_only_with_trigger']) retrieved from /home/airflow/.local/lib/python3.7/site-packages/airflow/example_dags/example_latest_only_with_trigger.py
[2023-08-06T08:45:50.674+0000] {logging_mixin.py:149} INFO - [2023-08-06T08:45:50.674+0000] {dag.py:2726} INFO - Sync 1 DAGs
[2023-08-06T08:45:50.692+0000] {logging_mixin.py:149} INFO - [2023-08-06T08:45:50.692+0000] {dag.py:3490} INFO - Setting next_dagrun for latest_only_with_trigger to 2023-08-06T04:45:50.691887+00:00, run_after=2023-08-06T08:45:50.691887+00:00
[2023-08-06T08:45:50.703+0000] {processor.py:179} INFO - Processing /home/airflow/.local/lib/python3.7/site-packages/airflow/example_dags/example_latest_only_with_trigger.py took 0.059 seconds
[2023-08-06T11:38:44.326+0000] {processor.py:157} INFO - Started process (PID=28877) to work on /home/airflow/.local/lib/python3.7/site-packages/airflow/example_dags/example_latest_only_with_trigger.py
[2023-08-06T11:38:44.328+0000] {processor.py:826} INFO - Processing file /home/airflow/.local/lib/python3.7/site-packages/airflow/example_dags/example_latest_only_with_trigger.py for tasks to queue
[2023-08-06T11:38:44.329+0000] {logging_mixin.py:149} INFO - [2023-08-06T11:38:44.329+0000] {dagbag.py:541} INFO - Filling up the DagBag from /home/airflow/.local/lib/python3.7/site-packages/airflow/example_dags/example_latest_only_with_trigger.py
[2023-08-06T11:38:44.337+0000] {processor.py:836} INFO - DAG(s) dict_keys(['latest_only_with_trigger']) retrieved from /home/airflow/.local/lib/python3.7/site-packages/airflow/example_dags/example_latest_only_with_trigger.py
[2023-08-06T11:38:44.360+0000] {logging_mixin.py:149} INFO - [2023-08-06T11:38:44.360+0000] {dag.py:2726} INFO - Sync 1 DAGs
[2023-08-06T11:38:44.378+0000] {logging_mixin.py:149} INFO - [2023-08-06T11:38:44.378+0000] {dag.py:3490} INFO - Setting next_dagrun for latest_only_with_trigger to 2023-08-06T07:38:44.378592+00:00, run_after=2023-08-06T11:38:44.378592+00:00
[2023-08-06T11:38:44.393+0000] {processor.py:179} INFO - Processing /home/airflow/.local/lib/python3.7/site-packages/airflow/example_dags/example_latest_only_with_trigger.py took 0.071 seconds
[2023-08-06T13:13:53.325+0000] {processor.py:157} INFO - Started process (PID=28943) to work on /home/airflow/.local/lib/python3.7/site-packages/airflow/example_dags/example_latest_only_with_trigger.py
[2023-08-06T13:13:53.326+0000] {processor.py:826} INFO - Processing file /home/airflow/.local/lib/python3.7/site-packages/airflow/example_dags/example_latest_only_with_trigger.py for tasks to queue
[2023-08-06T13:13:53.327+0000] {logging_mixin.py:149} INFO - [2023-08-06T13:13:53.327+0000] {dagbag.py:541} INFO - Filling up the DagBag from /home/airflow/.local/lib/python3.7/site-packages/airflow/example_dags/example_latest_only_with_trigger.py
[2023-08-06T13:13:53.333+0000] {processor.py:836} INFO - DAG(s) dict_keys(['latest_only_with_trigger']) retrieved from /home/airflow/.local/lib/python3.7/site-packages/airflow/example_dags/example_latest_only_with_trigger.py
[2023-08-06T13:13:53.355+0000] {logging_mixin.py:149} INFO - [2023-08-06T13:13:53.355+0000] {dag.py:2726} INFO - Sync 1 DAGs
[2023-08-06T13:13:53.372+0000] {logging_mixin.py:149} INFO - [2023-08-06T13:13:53.372+0000] {dag.py:3490} INFO - Setting next_dagrun for latest_only_with_trigger to 2023-08-06T09:13:53.371909+00:00, run_after=2023-08-06T13:13:53.371909+00:00
[2023-08-06T13:13:53.385+0000] {processor.py:179} INFO - Processing /home/airflow/.local/lib/python3.7/site-packages/airflow/example_dags/example_latest_only_with_trigger.py took 0.063 seconds
[2023-08-06T14:15:16.212+0000] {processor.py:157} INFO - Started process (PID=29009) to work on /home/airflow/.local/lib/python3.7/site-packages/airflow/example_dags/example_latest_only_with_trigger.py
[2023-08-06T14:15:16.213+0000] {processor.py:826} INFO - Processing file /home/airflow/.local/lib/python3.7/site-packages/airflow/example_dags/example_latest_only_with_trigger.py for tasks to queue
[2023-08-06T14:15:16.214+0000] {logging_mixin.py:149} INFO - [2023-08-06T14:15:16.214+0000] {dagbag.py:541} INFO - Filling up the DagBag from /home/airflow/.local/lib/python3.7/site-packages/airflow/example_dags/example_latest_only_with_trigger.py
[2023-08-06T14:15:16.219+0000] {processor.py:836} INFO - DAG(s) dict_keys(['latest_only_with_trigger']) retrieved from /home/airflow/.local/lib/python3.7/site-packages/airflow/example_dags/example_latest_only_with_trigger.py
[2023-08-06T14:15:16.239+0000] {logging_mixin.py:149} INFO - [2023-08-06T14:15:16.239+0000] {dag.py:2726} INFO - Sync 1 DAGs
[2023-08-06T14:15:16.255+0000] {logging_mixin.py:149} INFO - [2023-08-06T14:15:16.255+0000] {dag.py:3490} INFO - Setting next_dagrun for latest_only_with_trigger to 2023-08-06T10:15:16.255187+00:00, run_after=2023-08-06T14:15:16.255187+00:00
[2023-08-06T14:15:16.273+0000] {processor.py:179} INFO - Processing /home/airflow/.local/lib/python3.7/site-packages/airflow/example_dags/example_latest_only_with_trigger.py took 0.064 seconds
[2023-08-06T19:25:11.985+0000] {processor.py:157} INFO - Started process (PID=29074) to work on /home/airflow/.local/lib/python3.7/site-packages/airflow/example_dags/example_latest_only_with_trigger.py
[2023-08-06T19:25:11.986+0000] {processor.py:826} INFO - Processing file /home/airflow/.local/lib/python3.7/site-packages/airflow/example_dags/example_latest_only_with_trigger.py for tasks to queue
[2023-08-06T19:25:11.986+0000] {logging_mixin.py:149} INFO - [2023-08-06T19:25:11.986+0000] {dagbag.py:541} INFO - Filling up the DagBag from /home/airflow/.local/lib/python3.7/site-packages/airflow/example_dags/example_latest_only_with_trigger.py
[2023-08-06T19:25:11.992+0000] {processor.py:836} INFO - DAG(s) dict_keys(['latest_only_with_trigger']) retrieved from /home/airflow/.local/lib/python3.7/site-packages/airflow/example_dags/example_latest_only_with_trigger.py
[2023-08-06T19:25:12.013+0000] {logging_mixin.py:149} INFO - [2023-08-06T19:25:12.013+0000] {dag.py:2726} INFO - Sync 1 DAGs
[2023-08-06T19:25:12.029+0000] {logging_mixin.py:149} INFO - [2023-08-06T19:25:12.029+0000] {dag.py:3490} INFO - Setting next_dagrun for latest_only_with_trigger to 2023-08-06T15:25:12.029528+00:00, run_after=2023-08-06T19:25:12.029528+00:00
[2023-08-06T19:25:12.044+0000] {processor.py:179} INFO - Processing /home/airflow/.local/lib/python3.7/site-packages/airflow/example_dags/example_latest_only_with_trigger.py took 0.062 seconds
[2023-08-06T22:53:31.614+0000] {processor.py:157} INFO - Started process (PID=29140) to work on /home/airflow/.local/lib/python3.7/site-packages/airflow/example_dags/example_latest_only_with_trigger.py
[2023-08-06T22:53:31.617+0000] {processor.py:826} INFO - Processing file /home/airflow/.local/lib/python3.7/site-packages/airflow/example_dags/example_latest_only_with_trigger.py for tasks to queue
[2023-08-06T22:53:31.619+0000] {logging_mixin.py:149} INFO - [2023-08-06T22:53:31.619+0000] {dagbag.py:541} INFO - Filling up the DagBag from /home/airflow/.local/lib/python3.7/site-packages/airflow/example_dags/example_latest_only_with_trigger.py
[2023-08-06T22:53:31.635+0000] {processor.py:836} INFO - DAG(s) dict_keys(['latest_only_with_trigger']) retrieved from /home/airflow/.local/lib/python3.7/site-packages/airflow/example_dags/example_latest_only_with_trigger.py
[2023-08-06T22:53:31.675+0000] {logging_mixin.py:149} INFO - [2023-08-06T22:53:31.675+0000] {dag.py:2726} INFO - Sync 1 DAGs
[2023-08-06T22:53:31.708+0000] {logging_mixin.py:149} INFO - [2023-08-06T22:53:31.708+0000] {dag.py:3490} INFO - Setting next_dagrun for latest_only_with_trigger to 2023-08-06T18:53:31.707789+00:00, run_after=2023-08-06T22:53:31.707789+00:00
[2023-08-06T22:53:31.728+0000] {processor.py:179} INFO - Processing /home/airflow/.local/lib/python3.7/site-packages/airflow/example_dags/example_latest_only_with_trigger.py took 0.119 seconds
