[2023-08-06T06:10:39.108+0000] {processor.py:157} INFO - Started process (PID=28643) to work on /home/airflow/.local/lib/python3.7/site-packages/airflow/example_dags/example_sensors.py
[2023-08-06T06:10:39.109+0000] {processor.py:826} INFO - Processing file /home/airflow/.local/lib/python3.7/site-packages/airflow/example_dags/example_sensors.py for tasks to queue
[2023-08-06T06:10:39.110+0000] {logging_mixin.py:149} INFO - [2023-08-06T06:10:39.110+0000] {dagbag.py:541} INFO - Filling up the DagBag from /home/airflow/.local/lib/python3.7/site-packages/airflow/example_dags/example_sensors.py
[2023-08-06T06:10:39.118+0000] {processor.py:836} INFO - DAG(s) dict_keys(['example_sensors']) retrieved from /home/airflow/.local/lib/python3.7/site-packages/airflow/example_dags/example_sensors.py
[2023-08-06T06:10:39.145+0000] {logging_mixin.py:149} INFO - [2023-08-06T06:10:39.145+0000] {dag.py:2726} INFO - Sync 1 DAGs
[2023-08-06T06:10:39.161+0000] {logging_mixin.py:149} INFO - [2023-08-06T06:10:39.161+0000] {dag.py:3490} INFO - Setting next_dagrun for example_sensors to None, run_after=None
[2023-08-06T06:10:39.172+0000] {processor.py:179} INFO - Processing /home/airflow/.local/lib/python3.7/site-packages/airflow/example_dags/example_sensors.py took 0.068 seconds
[2023-08-06T07:40:45.848+0000] {processor.py:157} INFO - Started process (PID=28708) to work on /home/airflow/.local/lib/python3.7/site-packages/airflow/example_dags/example_sensors.py
[2023-08-06T07:40:45.849+0000] {processor.py:826} INFO - Processing file /home/airflow/.local/lib/python3.7/site-packages/airflow/example_dags/example_sensors.py for tasks to queue
[2023-08-06T07:40:45.854+0000] {logging_mixin.py:149} INFO - [2023-08-06T07:40:45.854+0000] {dagbag.py:541} INFO - Filling up the DagBag from /home/airflow/.local/lib/python3.7/site-packages/airflow/example_dags/example_sensors.py
[2023-08-06T07:40:45.862+0000] {processor.py:836} INFO - DAG(s) dict_keys(['example_sensors']) retrieved from /home/airflow/.local/lib/python3.7/site-packages/airflow/example_dags/example_sensors.py
[2023-08-06T07:40:45.887+0000] {logging_mixin.py:149} INFO - [2023-08-06T07:40:45.886+0000] {dag.py:2726} INFO - Sync 1 DAGs
[2023-08-06T07:40:45.902+0000] {logging_mixin.py:149} INFO - [2023-08-06T07:40:45.902+0000] {dag.py:3490} INFO - Setting next_dagrun for example_sensors to None, run_after=None
[2023-08-06T07:40:45.915+0000] {processor.py:179} INFO - Processing /home/airflow/.local/lib/python3.7/site-packages/airflow/example_dags/example_sensors.py took 0.072 seconds
[2023-08-06T08:45:48.592+0000] {processor.py:157} INFO - Started process (PID=28774) to work on /home/airflow/.local/lib/python3.7/site-packages/airflow/example_dags/example_sensors.py
[2023-08-06T08:45:48.595+0000] {processor.py:826} INFO - Processing file /home/airflow/.local/lib/python3.7/site-packages/airflow/example_dags/example_sensors.py for tasks to queue
[2023-08-06T08:45:48.596+0000] {logging_mixin.py:149} INFO - [2023-08-06T08:45:48.596+0000] {dagbag.py:541} INFO - Filling up the DagBag from /home/airflow/.local/lib/python3.7/site-packages/airflow/example_dags/example_sensors.py
[2023-08-06T08:45:48.605+0000] {processor.py:836} INFO - DAG(s) dict_keys(['example_sensors']) retrieved from /home/airflow/.local/lib/python3.7/site-packages/airflow/example_dags/example_sensors.py
[2023-08-06T08:45:48.628+0000] {logging_mixin.py:149} INFO - [2023-08-06T08:45:48.628+0000] {dag.py:2726} INFO - Sync 1 DAGs
[2023-08-06T08:45:48.647+0000] {logging_mixin.py:149} INFO - [2023-08-06T08:45:48.647+0000] {dag.py:3490} INFO - Setting next_dagrun for example_sensors to None, run_after=None
[2023-08-06T08:45:48.659+0000] {processor.py:179} INFO - Processing /home/airflow/.local/lib/python3.7/site-packages/airflow/example_dags/example_sensors.py took 0.070 seconds
[2023-08-06T11:38:42.388+0000] {processor.py:157} INFO - Started process (PID=28840) to work on /home/airflow/.local/lib/python3.7/site-packages/airflow/example_dags/example_sensors.py
[2023-08-06T11:38:42.390+0000] {processor.py:826} INFO - Processing file /home/airflow/.local/lib/python3.7/site-packages/airflow/example_dags/example_sensors.py for tasks to queue
[2023-08-06T11:38:42.391+0000] {logging_mixin.py:149} INFO - [2023-08-06T11:38:42.391+0000] {dagbag.py:541} INFO - Filling up the DagBag from /home/airflow/.local/lib/python3.7/site-packages/airflow/example_dags/example_sensors.py
[2023-08-06T11:38:42.401+0000] {processor.py:836} INFO - DAG(s) dict_keys(['example_sensors']) retrieved from /home/airflow/.local/lib/python3.7/site-packages/airflow/example_dags/example_sensors.py
[2023-08-06T11:38:42.424+0000] {logging_mixin.py:149} INFO - [2023-08-06T11:38:42.424+0000] {dag.py:2726} INFO - Sync 1 DAGs
[2023-08-06T11:38:42.441+0000] {logging_mixin.py:149} INFO - [2023-08-06T11:38:42.441+0000] {dag.py:3490} INFO - Setting next_dagrun for example_sensors to None, run_after=None
[2023-08-06T11:38:42.454+0000] {processor.py:179} INFO - Processing /home/airflow/.local/lib/python3.7/site-packages/airflow/example_dags/example_sensors.py took 0.069 seconds
[2023-08-06T13:13:51.182+0000] {processor.py:157} INFO - Started process (PID=28906) to work on /home/airflow/.local/lib/python3.7/site-packages/airflow/example_dags/example_sensors.py
[2023-08-06T13:13:51.183+0000] {processor.py:826} INFO - Processing file /home/airflow/.local/lib/python3.7/site-packages/airflow/example_dags/example_sensors.py for tasks to queue
[2023-08-06T13:13:51.184+0000] {logging_mixin.py:149} INFO - [2023-08-06T13:13:51.184+0000] {dagbag.py:541} INFO - Filling up the DagBag from /home/airflow/.local/lib/python3.7/site-packages/airflow/example_dags/example_sensors.py
[2023-08-06T13:13:51.193+0000] {processor.py:836} INFO - DAG(s) dict_keys(['example_sensors']) retrieved from /home/airflow/.local/lib/python3.7/site-packages/airflow/example_dags/example_sensors.py
[2023-08-06T13:13:51.217+0000] {logging_mixin.py:149} INFO - [2023-08-06T13:13:51.217+0000] {dag.py:2726} INFO - Sync 1 DAGs
[2023-08-06T13:13:51.235+0000] {logging_mixin.py:149} INFO - [2023-08-06T13:13:51.235+0000] {dag.py:3490} INFO - Setting next_dagrun for example_sensors to None, run_after=None
[2023-08-06T13:13:51.247+0000] {processor.py:179} INFO - Processing /home/airflow/.local/lib/python3.7/site-packages/airflow/example_dags/example_sensors.py took 0.069 seconds
[2023-08-06T14:15:14.240+0000] {processor.py:157} INFO - Started process (PID=28972) to work on /home/airflow/.local/lib/python3.7/site-packages/airflow/example_dags/example_sensors.py
[2023-08-06T14:15:14.241+0000] {processor.py:826} INFO - Processing file /home/airflow/.local/lib/python3.7/site-packages/airflow/example_dags/example_sensors.py for tasks to queue
[2023-08-06T14:15:14.242+0000] {logging_mixin.py:149} INFO - [2023-08-06T14:15:14.242+0000] {dagbag.py:541} INFO - Filling up the DagBag from /home/airflow/.local/lib/python3.7/site-packages/airflow/example_dags/example_sensors.py
[2023-08-06T14:15:14.250+0000] {processor.py:836} INFO - DAG(s) dict_keys(['example_sensors']) retrieved from /home/airflow/.local/lib/python3.7/site-packages/airflow/example_dags/example_sensors.py
[2023-08-06T14:15:14.272+0000] {logging_mixin.py:149} INFO - [2023-08-06T14:15:14.272+0000] {dag.py:2726} INFO - Sync 1 DAGs
[2023-08-06T14:15:14.292+0000] {logging_mixin.py:149} INFO - [2023-08-06T14:15:14.292+0000] {dag.py:3490} INFO - Setting next_dagrun for example_sensors to None, run_after=None
[2023-08-06T14:15:14.308+0000] {processor.py:179} INFO - Processing /home/airflow/.local/lib/python3.7/site-packages/airflow/example_dags/example_sensors.py took 0.071 seconds
[2023-08-06T19:25:09.505+0000] {processor.py:157} INFO - Started process (PID=29037) to work on /home/airflow/.local/lib/python3.7/site-packages/airflow/example_dags/example_sensors.py
[2023-08-06T19:25:09.513+0000] {processor.py:826} INFO - Processing file /home/airflow/.local/lib/python3.7/site-packages/airflow/example_dags/example_sensors.py for tasks to queue
[2023-08-06T19:25:09.514+0000] {logging_mixin.py:149} INFO - [2023-08-06T19:25:09.514+0000] {dagbag.py:541} INFO - Filling up the DagBag from /home/airflow/.local/lib/python3.7/site-packages/airflow/example_dags/example_sensors.py
[2023-08-06T19:25:09.528+0000] {processor.py:836} INFO - DAG(s) dict_keys(['example_sensors']) retrieved from /home/airflow/.local/lib/python3.7/site-packages/airflow/example_dags/example_sensors.py
[2023-08-06T19:25:09.552+0000] {logging_mixin.py:149} INFO - [2023-08-06T19:25:09.552+0000] {dag.py:2726} INFO - Sync 1 DAGs
[2023-08-06T19:25:09.569+0000] {logging_mixin.py:149} INFO - [2023-08-06T19:25:09.569+0000] {dag.py:3490} INFO - Setting next_dagrun for example_sensors to None, run_after=None
[2023-08-06T19:25:09.596+0000] {processor.py:179} INFO - Processing /home/airflow/.local/lib/python3.7/site-packages/airflow/example_dags/example_sensors.py took 0.094 seconds
[2023-08-06T22:53:29.026+0000] {processor.py:157} INFO - Started process (PID=29103) to work on /home/airflow/.local/lib/python3.7/site-packages/airflow/example_dags/example_sensors.py
[2023-08-06T22:53:29.027+0000] {processor.py:826} INFO - Processing file /home/airflow/.local/lib/python3.7/site-packages/airflow/example_dags/example_sensors.py for tasks to queue
[2023-08-06T22:53:29.028+0000] {logging_mixin.py:149} INFO - [2023-08-06T22:53:29.028+0000] {dagbag.py:541} INFO - Filling up the DagBag from /home/airflow/.local/lib/python3.7/site-packages/airflow/example_dags/example_sensors.py
[2023-08-06T22:53:29.038+0000] {processor.py:836} INFO - DAG(s) dict_keys(['example_sensors']) retrieved from /home/airflow/.local/lib/python3.7/site-packages/airflow/example_dags/example_sensors.py
[2023-08-06T22:53:29.070+0000] {logging_mixin.py:149} INFO - [2023-08-06T22:53:29.070+0000] {dag.py:2726} INFO - Sync 1 DAGs
[2023-08-06T22:53:29.088+0000] {logging_mixin.py:149} INFO - [2023-08-06T22:53:29.088+0000] {dag.py:3490} INFO - Setting next_dagrun for example_sensors to None, run_after=None
[2023-08-06T22:53:29.098+0000] {processor.py:179} INFO - Processing /home/airflow/.local/lib/python3.7/site-packages/airflow/example_dags/example_sensors.py took 0.075 seconds
