[2023-08-06T06:10:41.194+0000] {processor.py:157} INFO - Started process (PID=28682) to work on /home/airflow/.local/lib/python3.7/site-packages/airflow/example_dags/example_skip_dag.py
[2023-08-06T06:10:41.195+0000] {processor.py:826} INFO - Processing file /home/airflow/.local/lib/python3.7/site-packages/airflow/example_dags/example_skip_dag.py for tasks to queue
[2023-08-06T06:10:41.196+0000] {logging_mixin.py:149} INFO - [2023-08-06T06:10:41.196+0000] {dagbag.py:541} INFO - Filling up the DagBag from /home/airflow/.local/lib/python3.7/site-packages/airflow/example_dags/example_skip_dag.py
[2023-08-06T06:10:41.228+0000] {processor.py:836} INFO - DAG(s) dict_keys(['example_skip_dag']) retrieved from /home/airflow/.local/lib/python3.7/site-packages/airflow/example_dags/example_skip_dag.py
[2023-08-06T06:10:41.252+0000] {logging_mixin.py:149} INFO - [2023-08-06T06:10:41.252+0000] {dag.py:2726} INFO - Sync 1 DAGs
[2023-08-06T06:10:41.270+0000] {logging_mixin.py:149} INFO - [2023-08-06T06:10:41.270+0000] {dag.py:3490} INFO - Setting next_dagrun for example_skip_dag to 2023-08-05T06:10:41.270532+00:00, run_after=2023-08-06T06:10:41.270532+00:00
[2023-08-06T06:10:41.283+0000] {processor.py:179} INFO - Processing /home/airflow/.local/lib/python3.7/site-packages/airflow/example_dags/example_skip_dag.py took 0.091 seconds
[2023-08-06T07:40:47.904+0000] {processor.py:157} INFO - Started process (PID=28747) to work on /home/airflow/.local/lib/python3.7/site-packages/airflow/example_dags/example_skip_dag.py
[2023-08-06T07:40:47.906+0000] {processor.py:826} INFO - Processing file /home/airflow/.local/lib/python3.7/site-packages/airflow/example_dags/example_skip_dag.py for tasks to queue
[2023-08-06T07:40:47.906+0000] {logging_mixin.py:149} INFO - [2023-08-06T07:40:47.906+0000] {dagbag.py:541} INFO - Filling up the DagBag from /home/airflow/.local/lib/python3.7/site-packages/airflow/example_dags/example_skip_dag.py
[2023-08-06T07:40:47.913+0000] {processor.py:836} INFO - DAG(s) dict_keys(['example_skip_dag']) retrieved from /home/airflow/.local/lib/python3.7/site-packages/airflow/example_dags/example_skip_dag.py
[2023-08-06T07:40:47.934+0000] {logging_mixin.py:149} INFO - [2023-08-06T07:40:47.933+0000] {dag.py:2726} INFO - Sync 1 DAGs
[2023-08-06T07:40:47.949+0000] {logging_mixin.py:149} INFO - [2023-08-06T07:40:47.949+0000] {dag.py:3490} INFO - Setting next_dagrun for example_skip_dag to 2023-08-05T07:40:47.949090+00:00, run_after=2023-08-06T07:40:47.949090+00:00
[2023-08-06T07:40:47.961+0000] {processor.py:179} INFO - Processing /home/airflow/.local/lib/python3.7/site-packages/airflow/example_dags/example_skip_dag.py took 0.059 seconds
[2023-08-06T08:45:50.730+0000] {processor.py:157} INFO - Started process (PID=28813) to work on /home/airflow/.local/lib/python3.7/site-packages/airflow/example_dags/example_skip_dag.py
[2023-08-06T08:45:50.731+0000] {processor.py:826} INFO - Processing file /home/airflow/.local/lib/python3.7/site-packages/airflow/example_dags/example_skip_dag.py for tasks to queue
[2023-08-06T08:45:50.732+0000] {logging_mixin.py:149} INFO - [2023-08-06T08:45:50.732+0000] {dagbag.py:541} INFO - Filling up the DagBag from /home/airflow/.local/lib/python3.7/site-packages/airflow/example_dags/example_skip_dag.py
[2023-08-06T08:45:50.738+0000] {processor.py:836} INFO - DAG(s) dict_keys(['example_skip_dag']) retrieved from /home/airflow/.local/lib/python3.7/site-packages/airflow/example_dags/example_skip_dag.py
[2023-08-06T08:45:50.772+0000] {logging_mixin.py:149} INFO - [2023-08-06T08:45:50.772+0000] {dag.py:2726} INFO - Sync 1 DAGs
[2023-08-06T08:45:50.798+0000] {logging_mixin.py:149} INFO - [2023-08-06T08:45:50.798+0000] {dag.py:3490} INFO - Setting next_dagrun for example_skip_dag to 2023-08-05T08:45:50.798259+00:00, run_after=2023-08-06T08:45:50.798259+00:00
[2023-08-06T08:45:50.819+0000] {processor.py:179} INFO - Processing /home/airflow/.local/lib/python3.7/site-packages/airflow/example_dags/example_skip_dag.py took 0.092 seconds
[2023-08-06T11:38:44.421+0000] {processor.py:157} INFO - Started process (PID=28879) to work on /home/airflow/.local/lib/python3.7/site-packages/airflow/example_dags/example_skip_dag.py
[2023-08-06T11:38:44.423+0000] {processor.py:826} INFO - Processing file /home/airflow/.local/lib/python3.7/site-packages/airflow/example_dags/example_skip_dag.py for tasks to queue
[2023-08-06T11:38:44.424+0000] {logging_mixin.py:149} INFO - [2023-08-06T11:38:44.424+0000] {dagbag.py:541} INFO - Filling up the DagBag from /home/airflow/.local/lib/python3.7/site-packages/airflow/example_dags/example_skip_dag.py
[2023-08-06T11:38:44.430+0000] {processor.py:836} INFO - DAG(s) dict_keys(['example_skip_dag']) retrieved from /home/airflow/.local/lib/python3.7/site-packages/airflow/example_dags/example_skip_dag.py
[2023-08-06T11:38:44.452+0000] {logging_mixin.py:149} INFO - [2023-08-06T11:38:44.452+0000] {dag.py:2726} INFO - Sync 1 DAGs
[2023-08-06T11:38:44.475+0000] {logging_mixin.py:149} INFO - [2023-08-06T11:38:44.475+0000] {dag.py:3490} INFO - Setting next_dagrun for example_skip_dag to 2023-08-05T11:38:44.474892+00:00, run_after=2023-08-06T11:38:44.474892+00:00
[2023-08-06T11:38:44.489+0000] {processor.py:179} INFO - Processing /home/airflow/.local/lib/python3.7/site-packages/airflow/example_dags/example_skip_dag.py took 0.071 seconds
[2023-08-06T13:13:53.416+0000] {processor.py:157} INFO - Started process (PID=28945) to work on /home/airflow/.local/lib/python3.7/site-packages/airflow/example_dags/example_skip_dag.py
[2023-08-06T13:13:53.417+0000] {processor.py:826} INFO - Processing file /home/airflow/.local/lib/python3.7/site-packages/airflow/example_dags/example_skip_dag.py for tasks to queue
[2023-08-06T13:13:53.418+0000] {logging_mixin.py:149} INFO - [2023-08-06T13:13:53.418+0000] {dagbag.py:541} INFO - Filling up the DagBag from /home/airflow/.local/lib/python3.7/site-packages/airflow/example_dags/example_skip_dag.py
[2023-08-06T13:13:53.424+0000] {processor.py:836} INFO - DAG(s) dict_keys(['example_skip_dag']) retrieved from /home/airflow/.local/lib/python3.7/site-packages/airflow/example_dags/example_skip_dag.py
[2023-08-06T13:13:53.447+0000] {logging_mixin.py:149} INFO - [2023-08-06T13:13:53.447+0000] {dag.py:2726} INFO - Sync 1 DAGs
[2023-08-06T13:13:53.464+0000] {logging_mixin.py:149} INFO - [2023-08-06T13:13:53.464+0000] {dag.py:3490} INFO - Setting next_dagrun for example_skip_dag to 2023-08-05T13:13:53.464079+00:00, run_after=2023-08-06T13:13:53.464079+00:00
[2023-08-06T13:13:53.474+0000] {processor.py:179} INFO - Processing /home/airflow/.local/lib/python3.7/site-packages/airflow/example_dags/example_skip_dag.py took 0.062 seconds
[2023-08-06T14:15:16.304+0000] {processor.py:157} INFO - Started process (PID=29011) to work on /home/airflow/.local/lib/python3.7/site-packages/airflow/example_dags/example_skip_dag.py
[2023-08-06T14:15:16.305+0000] {processor.py:826} INFO - Processing file /home/airflow/.local/lib/python3.7/site-packages/airflow/example_dags/example_skip_dag.py for tasks to queue
[2023-08-06T14:15:16.306+0000] {logging_mixin.py:149} INFO - [2023-08-06T14:15:16.306+0000] {dagbag.py:541} INFO - Filling up the DagBag from /home/airflow/.local/lib/python3.7/site-packages/airflow/example_dags/example_skip_dag.py
[2023-08-06T14:15:16.312+0000] {processor.py:836} INFO - DAG(s) dict_keys(['example_skip_dag']) retrieved from /home/airflow/.local/lib/python3.7/site-packages/airflow/example_dags/example_skip_dag.py
[2023-08-06T14:15:16.333+0000] {logging_mixin.py:149} INFO - [2023-08-06T14:15:16.332+0000] {dag.py:2726} INFO - Sync 1 DAGs
[2023-08-06T14:15:16.348+0000] {logging_mixin.py:149} INFO - [2023-08-06T14:15:16.348+0000] {dag.py:3490} INFO - Setting next_dagrun for example_skip_dag to 2023-08-05T14:15:16.348565+00:00, run_after=2023-08-06T14:15:16.348565+00:00
[2023-08-06T14:15:16.361+0000] {processor.py:179} INFO - Processing /home/airflow/.local/lib/python3.7/site-packages/airflow/example_dags/example_skip_dag.py took 0.060 seconds
[2023-08-06T19:25:12.078+0000] {processor.py:157} INFO - Started process (PID=29076) to work on /home/airflow/.local/lib/python3.7/site-packages/airflow/example_dags/example_skip_dag.py
[2023-08-06T19:25:12.079+0000] {processor.py:826} INFO - Processing file /home/airflow/.local/lib/python3.7/site-packages/airflow/example_dags/example_skip_dag.py for tasks to queue
[2023-08-06T19:25:12.080+0000] {logging_mixin.py:149} INFO - [2023-08-06T19:25:12.080+0000] {dagbag.py:541} INFO - Filling up the DagBag from /home/airflow/.local/lib/python3.7/site-packages/airflow/example_dags/example_skip_dag.py
[2023-08-06T19:25:12.087+0000] {processor.py:836} INFO - DAG(s) dict_keys(['example_skip_dag']) retrieved from /home/airflow/.local/lib/python3.7/site-packages/airflow/example_dags/example_skip_dag.py
[2023-08-06T19:25:12.111+0000] {logging_mixin.py:149} INFO - [2023-08-06T19:25:12.111+0000] {dag.py:2726} INFO - Sync 1 DAGs
[2023-08-06T19:25:12.134+0000] {logging_mixin.py:149} INFO - [2023-08-06T19:25:12.133+0000] {dag.py:3490} INFO - Setting next_dagrun for example_skip_dag to 2023-08-05T19:25:12.133125+00:00, run_after=2023-08-06T19:25:12.133125+00:00
[2023-08-06T19:25:12.156+0000] {processor.py:179} INFO - Processing /home/airflow/.local/lib/python3.7/site-packages/airflow/example_dags/example_skip_dag.py took 0.082 seconds
[2023-08-06T22:53:31.801+0000] {processor.py:157} INFO - Started process (PID=29142) to work on /home/airflow/.local/lib/python3.7/site-packages/airflow/example_dags/example_skip_dag.py
[2023-08-06T22:53:31.806+0000] {processor.py:826} INFO - Processing file /home/airflow/.local/lib/python3.7/site-packages/airflow/example_dags/example_skip_dag.py for tasks to queue
[2023-08-06T22:53:31.807+0000] {logging_mixin.py:149} INFO - [2023-08-06T22:53:31.807+0000] {dagbag.py:541} INFO - Filling up the DagBag from /home/airflow/.local/lib/python3.7/site-packages/airflow/example_dags/example_skip_dag.py
[2023-08-06T22:53:31.819+0000] {processor.py:836} INFO - DAG(s) dict_keys(['example_skip_dag']) retrieved from /home/airflow/.local/lib/python3.7/site-packages/airflow/example_dags/example_skip_dag.py
[2023-08-06T22:53:31.846+0000] {logging_mixin.py:149} INFO - [2023-08-06T22:53:31.846+0000] {dag.py:2726} INFO - Sync 1 DAGs
[2023-08-06T22:53:31.861+0000] {logging_mixin.py:149} INFO - [2023-08-06T22:53:31.861+0000] {dag.py:3490} INFO - Setting next_dagrun for example_skip_dag to 2023-08-05T22:53:31.861055+00:00, run_after=2023-08-06T22:53:31.861055+00:00
[2023-08-06T22:53:31.871+0000] {processor.py:179} INFO - Processing /home/airflow/.local/lib/python3.7/site-packages/airflow/example_dags/example_skip_dag.py took 0.073 seconds
