[2023-08-06T06:10:39.563+0000] {processor.py:157} INFO - Started process (PID=28652) to work on /home/airflow/.local/lib/python3.7/site-packages/airflow/example_dags/example_task_group_decorator.py
[2023-08-06T06:10:39.564+0000] {processor.py:826} INFO - Processing file /home/airflow/.local/lib/python3.7/site-packages/airflow/example_dags/example_task_group_decorator.py for tasks to queue
[2023-08-06T06:10:39.565+0000] {logging_mixin.py:149} INFO - [2023-08-06T06:10:39.564+0000] {dagbag.py:541} INFO - Filling up the DagBag from /home/airflow/.local/lib/python3.7/site-packages/airflow/example_dags/example_task_group_decorator.py
[2023-08-06T06:10:39.575+0000] {processor.py:836} INFO - DAG(s) dict_keys(['example_task_group_decorator']) retrieved from /home/airflow/.local/lib/python3.7/site-packages/airflow/example_dags/example_task_group_decorator.py
[2023-08-06T06:10:39.597+0000] {logging_mixin.py:149} INFO - [2023-08-06T06:10:39.597+0000] {dag.py:2726} INFO - Sync 1 DAGs
[2023-08-06T06:10:39.617+0000] {logging_mixin.py:149} INFO - [2023-08-06T06:10:39.617+0000] {dag.py:3490} INFO - Setting next_dagrun for example_task_group_decorator to 2023-08-05T06:10:39.617379+00:00, run_after=2023-08-06T06:10:39.617379+00:00
[2023-08-06T06:10:39.630+0000] {processor.py:179} INFO - Processing /home/airflow/.local/lib/python3.7/site-packages/airflow/example_dags/example_task_group_decorator.py took 0.071 seconds
[2023-08-06T07:40:46.318+0000] {processor.py:157} INFO - Started process (PID=28717) to work on /home/airflow/.local/lib/python3.7/site-packages/airflow/example_dags/example_task_group_decorator.py
[2023-08-06T07:40:46.319+0000] {processor.py:826} INFO - Processing file /home/airflow/.local/lib/python3.7/site-packages/airflow/example_dags/example_task_group_decorator.py for tasks to queue
[2023-08-06T07:40:46.320+0000] {logging_mixin.py:149} INFO - [2023-08-06T07:40:46.320+0000] {dagbag.py:541} INFO - Filling up the DagBag from /home/airflow/.local/lib/python3.7/site-packages/airflow/example_dags/example_task_group_decorator.py
[2023-08-06T07:40:46.331+0000] {processor.py:836} INFO - DAG(s) dict_keys(['example_task_group_decorator']) retrieved from /home/airflow/.local/lib/python3.7/site-packages/airflow/example_dags/example_task_group_decorator.py
[2023-08-06T07:40:46.351+0000] {logging_mixin.py:149} INFO - [2023-08-06T07:40:46.351+0000] {dag.py:2726} INFO - Sync 1 DAGs
[2023-08-06T07:40:46.366+0000] {logging_mixin.py:149} INFO - [2023-08-06T07:40:46.366+0000] {dag.py:3490} INFO - Setting next_dagrun for example_task_group_decorator to 2023-08-05T07:40:46.366080+00:00, run_after=2023-08-06T07:40:46.366080+00:00
[2023-08-06T07:40:46.380+0000] {processor.py:179} INFO - Processing /home/airflow/.local/lib/python3.7/site-packages/airflow/example_dags/example_task_group_decorator.py took 0.064 seconds
[2023-08-06T08:45:49.147+0000] {processor.py:157} INFO - Started process (PID=28783) to work on /home/airflow/.local/lib/python3.7/site-packages/airflow/example_dags/example_task_group_decorator.py
[2023-08-06T08:45:49.149+0000] {processor.py:826} INFO - Processing file /home/airflow/.local/lib/python3.7/site-packages/airflow/example_dags/example_task_group_decorator.py for tasks to queue
[2023-08-06T08:45:49.149+0000] {logging_mixin.py:149} INFO - [2023-08-06T08:45:49.149+0000] {dagbag.py:541} INFO - Filling up the DagBag from /home/airflow/.local/lib/python3.7/site-packages/airflow/example_dags/example_task_group_decorator.py
[2023-08-06T08:45:49.159+0000] {processor.py:836} INFO - DAG(s) dict_keys(['example_task_group_decorator']) retrieved from /home/airflow/.local/lib/python3.7/site-packages/airflow/example_dags/example_task_group_decorator.py
[2023-08-06T08:45:49.187+0000] {logging_mixin.py:149} INFO - [2023-08-06T08:45:49.187+0000] {dag.py:2726} INFO - Sync 1 DAGs
[2023-08-06T08:45:49.206+0000] {logging_mixin.py:149} INFO - [2023-08-06T08:45:49.206+0000] {dag.py:3490} INFO - Setting next_dagrun for example_task_group_decorator to 2023-08-05T08:45:49.205798+00:00, run_after=2023-08-06T08:45:49.205798+00:00
[2023-08-06T08:45:49.218+0000] {processor.py:179} INFO - Processing /home/airflow/.local/lib/python3.7/site-packages/airflow/example_dags/example_task_group_decorator.py took 0.074 seconds
[2023-08-06T11:38:42.875+0000] {processor.py:157} INFO - Started process (PID=28849) to work on /home/airflow/.local/lib/python3.7/site-packages/airflow/example_dags/example_task_group_decorator.py
[2023-08-06T11:38:42.877+0000] {processor.py:826} INFO - Processing file /home/airflow/.local/lib/python3.7/site-packages/airflow/example_dags/example_task_group_decorator.py for tasks to queue
[2023-08-06T11:38:42.878+0000] {logging_mixin.py:149} INFO - [2023-08-06T11:38:42.878+0000] {dagbag.py:541} INFO - Filling up the DagBag from /home/airflow/.local/lib/python3.7/site-packages/airflow/example_dags/example_task_group_decorator.py
[2023-08-06T11:38:42.889+0000] {processor.py:836} INFO - DAG(s) dict_keys(['example_task_group_decorator']) retrieved from /home/airflow/.local/lib/python3.7/site-packages/airflow/example_dags/example_task_group_decorator.py
[2023-08-06T11:38:42.913+0000] {logging_mixin.py:149} INFO - [2023-08-06T11:38:42.912+0000] {dag.py:2726} INFO - Sync 1 DAGs
[2023-08-06T11:38:42.945+0000] {logging_mixin.py:149} INFO - [2023-08-06T11:38:42.945+0000] {dag.py:3490} INFO - Setting next_dagrun for example_task_group_decorator to 2023-08-05T11:38:42.945103+00:00, run_after=2023-08-06T11:38:42.945103+00:00
[2023-08-06T11:38:42.962+0000] {processor.py:179} INFO - Processing /home/airflow/.local/lib/python3.7/site-packages/airflow/example_dags/example_task_group_decorator.py took 0.090 seconds
[2023-08-06T13:13:51.788+0000] {processor.py:157} INFO - Started process (PID=28915) to work on /home/airflow/.local/lib/python3.7/site-packages/airflow/example_dags/example_task_group_decorator.py
[2023-08-06T13:13:51.789+0000] {processor.py:826} INFO - Processing file /home/airflow/.local/lib/python3.7/site-packages/airflow/example_dags/example_task_group_decorator.py for tasks to queue
[2023-08-06T13:13:51.790+0000] {logging_mixin.py:149} INFO - [2023-08-06T13:13:51.790+0000] {dagbag.py:541} INFO - Filling up the DagBag from /home/airflow/.local/lib/python3.7/site-packages/airflow/example_dags/example_task_group_decorator.py
[2023-08-06T13:13:51.808+0000] {processor.py:836} INFO - DAG(s) dict_keys(['example_task_group_decorator']) retrieved from /home/airflow/.local/lib/python3.7/site-packages/airflow/example_dags/example_task_group_decorator.py
[2023-08-06T13:13:51.829+0000] {logging_mixin.py:149} INFO - [2023-08-06T13:13:51.829+0000] {dag.py:2726} INFO - Sync 1 DAGs
[2023-08-06T13:13:51.845+0000] {logging_mixin.py:149} INFO - [2023-08-06T13:13:51.845+0000] {dag.py:3490} INFO - Setting next_dagrun for example_task_group_decorator to 2023-08-05T13:13:51.844917+00:00, run_after=2023-08-06T13:13:51.844917+00:00
[2023-08-06T13:13:51.856+0000] {processor.py:179} INFO - Processing /home/airflow/.local/lib/python3.7/site-packages/airflow/example_dags/example_task_group_decorator.py took 0.072 seconds
[2023-08-06T14:15:14.736+0000] {processor.py:157} INFO - Started process (PID=28981) to work on /home/airflow/.local/lib/python3.7/site-packages/airflow/example_dags/example_task_group_decorator.py
[2023-08-06T14:15:14.737+0000] {processor.py:826} INFO - Processing file /home/airflow/.local/lib/python3.7/site-packages/airflow/example_dags/example_task_group_decorator.py for tasks to queue
[2023-08-06T14:15:14.738+0000] {logging_mixin.py:149} INFO - [2023-08-06T14:15:14.738+0000] {dagbag.py:541} INFO - Filling up the DagBag from /home/airflow/.local/lib/python3.7/site-packages/airflow/example_dags/example_task_group_decorator.py
[2023-08-06T14:15:14.749+0000] {processor.py:836} INFO - DAG(s) dict_keys(['example_task_group_decorator']) retrieved from /home/airflow/.local/lib/python3.7/site-packages/airflow/example_dags/example_task_group_decorator.py
[2023-08-06T14:15:14.771+0000] {logging_mixin.py:149} INFO - [2023-08-06T14:15:14.771+0000] {dag.py:2726} INFO - Sync 1 DAGs
[2023-08-06T14:15:14.787+0000] {logging_mixin.py:149} INFO - [2023-08-06T14:15:14.787+0000] {dag.py:3490} INFO - Setting next_dagrun for example_task_group_decorator to 2023-08-05T14:15:14.787463+00:00, run_after=2023-08-06T14:15:14.787463+00:00
[2023-08-06T14:15:14.800+0000] {processor.py:179} INFO - Processing /home/airflow/.local/lib/python3.7/site-packages/airflow/example_dags/example_task_group_decorator.py took 0.067 seconds
[2023-08-06T19:25:10.429+0000] {processor.py:157} INFO - Started process (PID=29046) to work on /home/airflow/.local/lib/python3.7/site-packages/airflow/example_dags/example_task_group_decorator.py
[2023-08-06T19:25:10.430+0000] {processor.py:826} INFO - Processing file /home/airflow/.local/lib/python3.7/site-packages/airflow/example_dags/example_task_group_decorator.py for tasks to queue
[2023-08-06T19:25:10.431+0000] {logging_mixin.py:149} INFO - [2023-08-06T19:25:10.431+0000] {dagbag.py:541} INFO - Filling up the DagBag from /home/airflow/.local/lib/python3.7/site-packages/airflow/example_dags/example_task_group_decorator.py
[2023-08-06T19:25:10.441+0000] {processor.py:836} INFO - DAG(s) dict_keys(['example_task_group_decorator']) retrieved from /home/airflow/.local/lib/python3.7/site-packages/airflow/example_dags/example_task_group_decorator.py
[2023-08-06T19:25:10.465+0000] {logging_mixin.py:149} INFO - [2023-08-06T19:25:10.465+0000] {dag.py:2726} INFO - Sync 1 DAGs
[2023-08-06T19:25:10.485+0000] {logging_mixin.py:149} INFO - [2023-08-06T19:25:10.485+0000] {dag.py:3490} INFO - Setting next_dagrun for example_task_group_decorator to 2023-08-05T19:25:10.484828+00:00, run_after=2023-08-06T19:25:10.484828+00:00
[2023-08-06T19:25:10.499+0000] {processor.py:179} INFO - Processing /home/airflow/.local/lib/python3.7/site-packages/airflow/example_dags/example_task_group_decorator.py took 0.073 seconds
[2023-08-06T22:53:29.558+0000] {processor.py:157} INFO - Started process (PID=29112) to work on /home/airflow/.local/lib/python3.7/site-packages/airflow/example_dags/example_task_group_decorator.py
[2023-08-06T22:53:29.559+0000] {processor.py:826} INFO - Processing file /home/airflow/.local/lib/python3.7/site-packages/airflow/example_dags/example_task_group_decorator.py for tasks to queue
[2023-08-06T22:53:29.561+0000] {logging_mixin.py:149} INFO - [2023-08-06T22:53:29.560+0000] {dagbag.py:541} INFO - Filling up the DagBag from /home/airflow/.local/lib/python3.7/site-packages/airflow/example_dags/example_task_group_decorator.py
[2023-08-06T22:53:29.571+0000] {processor.py:836} INFO - DAG(s) dict_keys(['example_task_group_decorator']) retrieved from /home/airflow/.local/lib/python3.7/site-packages/airflow/example_dags/example_task_group_decorator.py
[2023-08-06T22:53:29.597+0000] {logging_mixin.py:149} INFO - [2023-08-06T22:53:29.597+0000] {dag.py:2726} INFO - Sync 1 DAGs
[2023-08-06T22:53:29.620+0000] {logging_mixin.py:149} INFO - [2023-08-06T22:53:29.619+0000] {dag.py:3490} INFO - Setting next_dagrun for example_task_group_decorator to 2023-08-05T22:53:29.619663+00:00, run_after=2023-08-06T22:53:29.619663+00:00
[2023-08-06T22:53:29.637+0000] {processor.py:179} INFO - Processing /home/airflow/.local/lib/python3.7/site-packages/airflow/example_dags/example_task_group_decorator.py took 0.082 seconds
