[2023-08-06T06:10:40.453+0000] {processor.py:157} INFO - Started process (PID=28669) to work on /home/airflow/.local/lib/python3.7/site-packages/airflow/example_dags/example_bash_operator.py
[2023-08-06T06:10:40.454+0000] {processor.py:826} INFO - Processing file /home/airflow/.local/lib/python3.7/site-packages/airflow/example_dags/example_bash_operator.py for tasks to queue
[2023-08-06T06:10:40.455+0000] {logging_mixin.py:149} INFO - [2023-08-06T06:10:40.455+0000] {dagbag.py:541} INFO - Filling up the DagBag from /home/airflow/.local/lib/python3.7/site-packages/airflow/example_dags/example_bash_operator.py
[2023-08-06T06:10:40.466+0000] {processor.py:836} INFO - DAG(s) dict_keys(['example_bash_operator']) retrieved from /home/airflow/.local/lib/python3.7/site-packages/airflow/example_dags/example_bash_operator.py
[2023-08-06T06:10:40.491+0000] {logging_mixin.py:149} INFO - [2023-08-06T06:10:40.491+0000] {dag.py:2726} INFO - Sync 1 DAGs
[2023-08-06T06:10:40.508+0000] {logging_mixin.py:149} INFO - [2023-08-06T06:10:40.508+0000] {dag.py:3490} INFO - Setting next_dagrun for example_bash_operator to 2023-08-05T00:00:00+00:00, run_after=2023-08-06T00:00:00+00:00
[2023-08-06T06:10:40.520+0000] {processor.py:179} INFO - Processing /home/airflow/.local/lib/python3.7/site-packages/airflow/example_dags/example_bash_operator.py took 0.070 seconds
[2023-08-06T07:40:47.235+0000] {processor.py:157} INFO - Started process (PID=28734) to work on /home/airflow/.local/lib/python3.7/site-packages/airflow/example_dags/example_bash_operator.py
[2023-08-06T07:40:47.236+0000] {processor.py:826} INFO - Processing file /home/airflow/.local/lib/python3.7/site-packages/airflow/example_dags/example_bash_operator.py for tasks to queue
[2023-08-06T07:40:47.237+0000] {logging_mixin.py:149} INFO - [2023-08-06T07:40:47.237+0000] {dagbag.py:541} INFO - Filling up the DagBag from /home/airflow/.local/lib/python3.7/site-packages/airflow/example_dags/example_bash_operator.py
[2023-08-06T07:40:47.249+0000] {processor.py:836} INFO - DAG(s) dict_keys(['example_bash_operator']) retrieved from /home/airflow/.local/lib/python3.7/site-packages/airflow/example_dags/example_bash_operator.py
[2023-08-06T07:40:47.273+0000] {logging_mixin.py:149} INFO - [2023-08-06T07:40:47.273+0000] {dag.py:2726} INFO - Sync 1 DAGs
[2023-08-06T07:40:47.290+0000] {logging_mixin.py:149} INFO - [2023-08-06T07:40:47.290+0000] {dag.py:3490} INFO - Setting next_dagrun for example_bash_operator to 2023-08-05T00:00:00+00:00, run_after=2023-08-06T00:00:00+00:00
[2023-08-06T07:40:47.306+0000] {processor.py:179} INFO - Processing /home/airflow/.local/lib/python3.7/site-packages/airflow/example_dags/example_bash_operator.py took 0.075 seconds
[2023-08-06T08:45:50.055+0000] {processor.py:157} INFO - Started process (PID=28800) to work on /home/airflow/.local/lib/python3.7/site-packages/airflow/example_dags/example_bash_operator.py
[2023-08-06T08:45:50.055+0000] {processor.py:826} INFO - Processing file /home/airflow/.local/lib/python3.7/site-packages/airflow/example_dags/example_bash_operator.py for tasks to queue
[2023-08-06T08:45:50.056+0000] {logging_mixin.py:149} INFO - [2023-08-06T08:45:50.056+0000] {dagbag.py:541} INFO - Filling up the DagBag from /home/airflow/.local/lib/python3.7/site-packages/airflow/example_dags/example_bash_operator.py
[2023-08-06T08:45:50.067+0000] {processor.py:836} INFO - DAG(s) dict_keys(['example_bash_operator']) retrieved from /home/airflow/.local/lib/python3.7/site-packages/airflow/example_dags/example_bash_operator.py
[2023-08-06T08:45:50.092+0000] {logging_mixin.py:149} INFO - [2023-08-06T08:45:50.092+0000] {dag.py:2726} INFO - Sync 1 DAGs
[2023-08-06T08:45:50.109+0000] {logging_mixin.py:149} INFO - [2023-08-06T08:45:50.109+0000] {dag.py:3490} INFO - Setting next_dagrun for example_bash_operator to 2023-08-05T00:00:00+00:00, run_after=2023-08-06T00:00:00+00:00
[2023-08-06T08:45:50.119+0000] {processor.py:179} INFO - Processing /home/airflow/.local/lib/python3.7/site-packages/airflow/example_dags/example_bash_operator.py took 0.068 seconds
[2023-08-06T11:38:43.796+0000] {processor.py:157} INFO - Started process (PID=28866) to work on /home/airflow/.local/lib/python3.7/site-packages/airflow/example_dags/example_bash_operator.py
[2023-08-06T11:38:43.797+0000] {processor.py:826} INFO - Processing file /home/airflow/.local/lib/python3.7/site-packages/airflow/example_dags/example_bash_operator.py for tasks to queue
[2023-08-06T11:38:43.798+0000] {logging_mixin.py:149} INFO - [2023-08-06T11:38:43.798+0000] {dagbag.py:541} INFO - Filling up the DagBag from /home/airflow/.local/lib/python3.7/site-packages/airflow/example_dags/example_bash_operator.py
[2023-08-06T11:38:43.809+0000] {processor.py:836} INFO - DAG(s) dict_keys(['example_bash_operator']) retrieved from /home/airflow/.local/lib/python3.7/site-packages/airflow/example_dags/example_bash_operator.py
[2023-08-06T11:38:43.834+0000] {logging_mixin.py:149} INFO - [2023-08-06T11:38:43.834+0000] {dag.py:2726} INFO - Sync 1 DAGs
[2023-08-06T11:38:43.852+0000] {logging_mixin.py:149} INFO - [2023-08-06T11:38:43.852+0000] {dag.py:3490} INFO - Setting next_dagrun for example_bash_operator to 2023-08-05T00:00:00+00:00, run_after=2023-08-06T00:00:00+00:00
[2023-08-06T11:38:43.870+0000] {processor.py:179} INFO - Processing /home/airflow/.local/lib/python3.7/site-packages/airflow/example_dags/example_bash_operator.py took 0.077 seconds
[2023-08-06T13:13:52.757+0000] {processor.py:157} INFO - Started process (PID=28932) to work on /home/airflow/.local/lib/python3.7/site-packages/airflow/example_dags/example_bash_operator.py
[2023-08-06T13:13:52.758+0000] {processor.py:826} INFO - Processing file /home/airflow/.local/lib/python3.7/site-packages/airflow/example_dags/example_bash_operator.py for tasks to queue
[2023-08-06T13:13:52.759+0000] {logging_mixin.py:149} INFO - [2023-08-06T13:13:52.758+0000] {dagbag.py:541} INFO - Filling up the DagBag from /home/airflow/.local/lib/python3.7/site-packages/airflow/example_dags/example_bash_operator.py
[2023-08-06T13:13:52.770+0000] {processor.py:836} INFO - DAG(s) dict_keys(['example_bash_operator']) retrieved from /home/airflow/.local/lib/python3.7/site-packages/airflow/example_dags/example_bash_operator.py
[2023-08-06T13:13:52.797+0000] {logging_mixin.py:149} INFO - [2023-08-06T13:13:52.796+0000] {dag.py:2726} INFO - Sync 1 DAGs
[2023-08-06T13:13:52.816+0000] {logging_mixin.py:149} INFO - [2023-08-06T13:13:52.816+0000] {dag.py:3490} INFO - Setting next_dagrun for example_bash_operator to 2023-08-05T00:00:00+00:00, run_after=2023-08-06T00:00:00+00:00
[2023-08-06T13:13:52.834+0000] {processor.py:179} INFO - Processing /home/airflow/.local/lib/python3.7/site-packages/airflow/example_dags/example_bash_operator.py took 0.080 seconds
[2023-08-06T14:15:15.676+0000] {processor.py:157} INFO - Started process (PID=28998) to work on /home/airflow/.local/lib/python3.7/site-packages/airflow/example_dags/example_bash_operator.py
[2023-08-06T14:15:15.677+0000] {processor.py:826} INFO - Processing file /home/airflow/.local/lib/python3.7/site-packages/airflow/example_dags/example_bash_operator.py for tasks to queue
[2023-08-06T14:15:15.678+0000] {logging_mixin.py:149} INFO - [2023-08-06T14:15:15.678+0000] {dagbag.py:541} INFO - Filling up the DagBag from /home/airflow/.local/lib/python3.7/site-packages/airflow/example_dags/example_bash_operator.py
[2023-08-06T14:15:15.690+0000] {processor.py:836} INFO - DAG(s) dict_keys(['example_bash_operator']) retrieved from /home/airflow/.local/lib/python3.7/site-packages/airflow/example_dags/example_bash_operator.py
[2023-08-06T14:15:15.714+0000] {logging_mixin.py:149} INFO - [2023-08-06T14:15:15.714+0000] {dag.py:2726} INFO - Sync 1 DAGs
[2023-08-06T14:15:15.731+0000] {logging_mixin.py:149} INFO - [2023-08-06T14:15:15.731+0000] {dag.py:3490} INFO - Setting next_dagrun for example_bash_operator to 2023-08-05T00:00:00+00:00, run_after=2023-08-06T00:00:00+00:00
[2023-08-06T14:15:15.749+0000] {processor.py:179} INFO - Processing /home/airflow/.local/lib/python3.7/site-packages/airflow/example_dags/example_bash_operator.py took 0.076 seconds
[2023-08-06T19:25:11.396+0000] {processor.py:157} INFO - Started process (PID=29063) to work on /home/airflow/.local/lib/python3.7/site-packages/airflow/example_dags/example_bash_operator.py
[2023-08-06T19:25:11.398+0000] {processor.py:826} INFO - Processing file /home/airflow/.local/lib/python3.7/site-packages/airflow/example_dags/example_bash_operator.py for tasks to queue
[2023-08-06T19:25:11.399+0000] {logging_mixin.py:149} INFO - [2023-08-06T19:25:11.399+0000] {dagbag.py:541} INFO - Filling up the DagBag from /home/airflow/.local/lib/python3.7/site-packages/airflow/example_dags/example_bash_operator.py
[2023-08-06T19:25:11.411+0000] {processor.py:836} INFO - DAG(s) dict_keys(['example_bash_operator']) retrieved from /home/airflow/.local/lib/python3.7/site-packages/airflow/example_dags/example_bash_operator.py
[2023-08-06T19:25:11.440+0000] {logging_mixin.py:149} INFO - [2023-08-06T19:25:11.440+0000] {dag.py:2726} INFO - Sync 1 DAGs
[2023-08-06T19:25:11.459+0000] {logging_mixin.py:149} INFO - [2023-08-06T19:25:11.459+0000] {dag.py:3490} INFO - Setting next_dagrun for example_bash_operator to 2023-08-05T00:00:00+00:00, run_after=2023-08-06T00:00:00+00:00
[2023-08-06T19:25:11.473+0000] {processor.py:179} INFO - Processing /home/airflow/.local/lib/python3.7/site-packages/airflow/example_dags/example_bash_operator.py took 0.081 seconds
[2023-08-06T22:53:30.733+0000] {processor.py:157} INFO - Started process (PID=29129) to work on /home/airflow/.local/lib/python3.7/site-packages/airflow/example_dags/example_bash_operator.py
[2023-08-06T22:53:30.734+0000] {processor.py:826} INFO - Processing file /home/airflow/.local/lib/python3.7/site-packages/airflow/example_dags/example_bash_operator.py for tasks to queue
[2023-08-06T22:53:30.735+0000] {logging_mixin.py:149} INFO - [2023-08-06T22:53:30.735+0000] {dagbag.py:541} INFO - Filling up the DagBag from /home/airflow/.local/lib/python3.7/site-packages/airflow/example_dags/example_bash_operator.py
[2023-08-06T22:53:30.756+0000] {processor.py:836} INFO - DAG(s) dict_keys(['example_bash_operator']) retrieved from /home/airflow/.local/lib/python3.7/site-packages/airflow/example_dags/example_bash_operator.py
[2023-08-06T22:53:30.798+0000] {logging_mixin.py:149} INFO - [2023-08-06T22:53:30.798+0000] {dag.py:2726} INFO - Sync 1 DAGs
[2023-08-06T22:53:30.828+0000] {logging_mixin.py:149} INFO - [2023-08-06T22:53:30.827+0000] {dag.py:3490} INFO - Setting next_dagrun for example_bash_operator to 2023-08-05T00:00:00+00:00, run_after=2023-08-06T00:00:00+00:00
[2023-08-06T22:53:30.848+0000] {processor.py:179} INFO - Processing /home/airflow/.local/lib/python3.7/site-packages/airflow/example_dags/example_bash_operator.py took 0.122 seconds
