[2023-08-06T06:10:40.111+0000] {processor.py:157} INFO - Started process (PID=28663) to work on /home/airflow/.local/lib/python3.7/site-packages/airflow/example_dags/example_short_circuit_operator.py
[2023-08-06T06:10:40.112+0000] {processor.py:826} INFO - Processing file /home/airflow/.local/lib/python3.7/site-packages/airflow/example_dags/example_short_circuit_operator.py for tasks to queue
[2023-08-06T06:10:40.113+0000] {logging_mixin.py:149} INFO - [2023-08-06T06:10:40.113+0000] {dagbag.py:541} INFO - Filling up the DagBag from /home/airflow/.local/lib/python3.7/site-packages/airflow/example_dags/example_short_circuit_operator.py
[2023-08-06T06:10:40.120+0000] {processor.py:836} INFO - DAG(s) dict_keys(['example_short_circuit_operator']) retrieved from /home/airflow/.local/lib/python3.7/site-packages/airflow/example_dags/example_short_circuit_operator.py
[2023-08-06T06:10:40.142+0000] {logging_mixin.py:149} INFO - [2023-08-06T06:10:40.142+0000] {dag.py:2726} INFO - Sync 1 DAGs
[2023-08-06T06:10:40.159+0000] {logging_mixin.py:149} INFO - [2023-08-06T06:10:40.159+0000] {dag.py:3490} INFO - Setting next_dagrun for example_short_circuit_operator to 2023-08-05T06:10:40.159471+00:00, run_after=2023-08-06T06:10:40.159471+00:00
[2023-08-06T06:10:40.170+0000] {processor.py:179} INFO - Processing /home/airflow/.local/lib/python3.7/site-packages/airflow/example_dags/example_short_circuit_operator.py took 0.062 seconds
[2023-08-06T07:40:46.898+0000] {processor.py:157} INFO - Started process (PID=28728) to work on /home/airflow/.local/lib/python3.7/site-packages/airflow/example_dags/example_short_circuit_operator.py
[2023-08-06T07:40:46.899+0000] {processor.py:826} INFO - Processing file /home/airflow/.local/lib/python3.7/site-packages/airflow/example_dags/example_short_circuit_operator.py for tasks to queue
[2023-08-06T07:40:46.900+0000] {logging_mixin.py:149} INFO - [2023-08-06T07:40:46.899+0000] {dagbag.py:541} INFO - Filling up the DagBag from /home/airflow/.local/lib/python3.7/site-packages/airflow/example_dags/example_short_circuit_operator.py
[2023-08-06T07:40:46.908+0000] {processor.py:836} INFO - DAG(s) dict_keys(['example_short_circuit_operator']) retrieved from /home/airflow/.local/lib/python3.7/site-packages/airflow/example_dags/example_short_circuit_operator.py
[2023-08-06T07:40:46.930+0000] {logging_mixin.py:149} INFO - [2023-08-06T07:40:46.930+0000] {dag.py:2726} INFO - Sync 1 DAGs
[2023-08-06T07:40:46.946+0000] {logging_mixin.py:149} INFO - [2023-08-06T07:40:46.946+0000] {dag.py:3490} INFO - Setting next_dagrun for example_short_circuit_operator to 2023-08-05T07:40:46.946690+00:00, run_after=2023-08-06T07:40:46.946690+00:00
[2023-08-06T07:40:46.957+0000] {processor.py:179} INFO - Processing /home/airflow/.local/lib/python3.7/site-packages/airflow/example_dags/example_short_circuit_operator.py took 0.061 seconds
[2023-08-06T08:45:49.719+0000] {processor.py:157} INFO - Started process (PID=28794) to work on /home/airflow/.local/lib/python3.7/site-packages/airflow/example_dags/example_short_circuit_operator.py
[2023-08-06T08:45:49.722+0000] {processor.py:826} INFO - Processing file /home/airflow/.local/lib/python3.7/site-packages/airflow/example_dags/example_short_circuit_operator.py for tasks to queue
[2023-08-06T08:45:49.723+0000] {logging_mixin.py:149} INFO - [2023-08-06T08:45:49.723+0000] {dagbag.py:541} INFO - Filling up the DagBag from /home/airflow/.local/lib/python3.7/site-packages/airflow/example_dags/example_short_circuit_operator.py
[2023-08-06T08:45:49.730+0000] {processor.py:836} INFO - DAG(s) dict_keys(['example_short_circuit_operator']) retrieved from /home/airflow/.local/lib/python3.7/site-packages/airflow/example_dags/example_short_circuit_operator.py
[2023-08-06T08:45:49.753+0000] {logging_mixin.py:149} INFO - [2023-08-06T08:45:49.753+0000] {dag.py:2726} INFO - Sync 1 DAGs
[2023-08-06T08:45:49.769+0000] {logging_mixin.py:149} INFO - [2023-08-06T08:45:49.769+0000] {dag.py:3490} INFO - Setting next_dagrun for example_short_circuit_operator to 2023-08-05T08:45:49.769297+00:00, run_after=2023-08-06T08:45:49.769297+00:00
[2023-08-06T08:45:49.780+0000] {processor.py:179} INFO - Processing /home/airflow/.local/lib/python3.7/site-packages/airflow/example_dags/example_short_circuit_operator.py took 0.062 seconds
[2023-08-06T11:38:43.453+0000] {processor.py:157} INFO - Started process (PID=28860) to work on /home/airflow/.local/lib/python3.7/site-packages/airflow/example_dags/example_short_circuit_operator.py
[2023-08-06T11:38:43.454+0000] {processor.py:826} INFO - Processing file /home/airflow/.local/lib/python3.7/site-packages/airflow/example_dags/example_short_circuit_operator.py for tasks to queue
[2023-08-06T11:38:43.455+0000] {logging_mixin.py:149} INFO - [2023-08-06T11:38:43.455+0000] {dagbag.py:541} INFO - Filling up the DagBag from /home/airflow/.local/lib/python3.7/site-packages/airflow/example_dags/example_short_circuit_operator.py
[2023-08-06T11:38:43.471+0000] {processor.py:836} INFO - DAG(s) dict_keys(['example_short_circuit_operator']) retrieved from /home/airflow/.local/lib/python3.7/site-packages/airflow/example_dags/example_short_circuit_operator.py
[2023-08-06T11:38:43.491+0000] {logging_mixin.py:149} INFO - [2023-08-06T11:38:43.491+0000] {dag.py:2726} INFO - Sync 1 DAGs
[2023-08-06T11:38:43.506+0000] {logging_mixin.py:149} INFO - [2023-08-06T11:38:43.506+0000] {dag.py:3490} INFO - Setting next_dagrun for example_short_circuit_operator to 2023-08-05T11:38:43.506356+00:00, run_after=2023-08-06T11:38:43.506356+00:00
[2023-08-06T11:38:43.519+0000] {processor.py:179} INFO - Processing /home/airflow/.local/lib/python3.7/site-packages/airflow/example_dags/example_short_circuit_operator.py took 0.069 seconds
[2023-08-06T13:13:52.380+0000] {processor.py:157} INFO - Started process (PID=28926) to work on /home/airflow/.local/lib/python3.7/site-packages/airflow/example_dags/example_short_circuit_operator.py
[2023-08-06T13:13:52.382+0000] {processor.py:826} INFO - Processing file /home/airflow/.local/lib/python3.7/site-packages/airflow/example_dags/example_short_circuit_operator.py for tasks to queue
[2023-08-06T13:13:52.383+0000] {logging_mixin.py:149} INFO - [2023-08-06T13:13:52.383+0000] {dagbag.py:541} INFO - Filling up the DagBag from /home/airflow/.local/lib/python3.7/site-packages/airflow/example_dags/example_short_circuit_operator.py
[2023-08-06T13:13:52.390+0000] {processor.py:836} INFO - DAG(s) dict_keys(['example_short_circuit_operator']) retrieved from /home/airflow/.local/lib/python3.7/site-packages/airflow/example_dags/example_short_circuit_operator.py
[2023-08-06T13:13:52.417+0000] {logging_mixin.py:149} INFO - [2023-08-06T13:13:52.417+0000] {dag.py:2726} INFO - Sync 1 DAGs
[2023-08-06T13:13:52.436+0000] {logging_mixin.py:149} INFO - [2023-08-06T13:13:52.436+0000] {dag.py:3490} INFO - Setting next_dagrun for example_short_circuit_operator to 2023-08-05T13:13:52.436255+00:00, run_after=2023-08-06T13:13:52.436255+00:00
[2023-08-06T13:13:52.449+0000] {processor.py:179} INFO - Processing /home/airflow/.local/lib/python3.7/site-packages/airflow/example_dags/example_short_circuit_operator.py took 0.072 seconds
[2023-08-06T14:15:15.323+0000] {processor.py:157} INFO - Started process (PID=28992) to work on /home/airflow/.local/lib/python3.7/site-packages/airflow/example_dags/example_short_circuit_operator.py
[2023-08-06T14:15:15.324+0000] {processor.py:826} INFO - Processing file /home/airflow/.local/lib/python3.7/site-packages/airflow/example_dags/example_short_circuit_operator.py for tasks to queue
[2023-08-06T14:15:15.328+0000] {logging_mixin.py:149} INFO - [2023-08-06T14:15:15.328+0000] {dagbag.py:541} INFO - Filling up the DagBag from /home/airflow/.local/lib/python3.7/site-packages/airflow/example_dags/example_short_circuit_operator.py
[2023-08-06T14:15:15.341+0000] {processor.py:836} INFO - DAG(s) dict_keys(['example_short_circuit_operator']) retrieved from /home/airflow/.local/lib/python3.7/site-packages/airflow/example_dags/example_short_circuit_operator.py
[2023-08-06T14:15:15.363+0000] {logging_mixin.py:149} INFO - [2023-08-06T14:15:15.363+0000] {dag.py:2726} INFO - Sync 1 DAGs
[2023-08-06T14:15:15.380+0000] {logging_mixin.py:149} INFO - [2023-08-06T14:15:15.380+0000] {dag.py:3490} INFO - Setting next_dagrun for example_short_circuit_operator to 2023-08-05T14:15:15.380048+00:00, run_after=2023-08-06T14:15:15.380048+00:00
[2023-08-06T14:15:15.392+0000] {processor.py:179} INFO - Processing /home/airflow/.local/lib/python3.7/site-packages/airflow/example_dags/example_short_circuit_operator.py took 0.072 seconds
[2023-08-06T19:25:11.016+0000] {processor.py:157} INFO - Started process (PID=29057) to work on /home/airflow/.local/lib/python3.7/site-packages/airflow/example_dags/example_short_circuit_operator.py
[2023-08-06T19:25:11.017+0000] {processor.py:826} INFO - Processing file /home/airflow/.local/lib/python3.7/site-packages/airflow/example_dags/example_short_circuit_operator.py for tasks to queue
[2023-08-06T19:25:11.018+0000] {logging_mixin.py:149} INFO - [2023-08-06T19:25:11.018+0000] {dagbag.py:541} INFO - Filling up the DagBag from /home/airflow/.local/lib/python3.7/site-packages/airflow/example_dags/example_short_circuit_operator.py
[2023-08-06T19:25:11.024+0000] {processor.py:836} INFO - DAG(s) dict_keys(['example_short_circuit_operator']) retrieved from /home/airflow/.local/lib/python3.7/site-packages/airflow/example_dags/example_short_circuit_operator.py
[2023-08-06T19:25:11.052+0000] {logging_mixin.py:149} INFO - [2023-08-06T19:25:11.051+0000] {dag.py:2726} INFO - Sync 1 DAGs
[2023-08-06T19:25:11.069+0000] {logging_mixin.py:149} INFO - [2023-08-06T19:25:11.069+0000] {dag.py:3490} INFO - Setting next_dagrun for example_short_circuit_operator to 2023-08-05T19:25:11.069326+00:00, run_after=2023-08-06T19:25:11.069326+00:00
[2023-08-06T19:25:11.080+0000] {processor.py:179} INFO - Processing /home/airflow/.local/lib/python3.7/site-packages/airflow/example_dags/example_short_circuit_operator.py took 0.069 seconds
[2023-08-06T22:53:30.217+0000] {processor.py:157} INFO - Started process (PID=29123) to work on /home/airflow/.local/lib/python3.7/site-packages/airflow/example_dags/example_short_circuit_operator.py
[2023-08-06T22:53:30.220+0000] {processor.py:826} INFO - Processing file /home/airflow/.local/lib/python3.7/site-packages/airflow/example_dags/example_short_circuit_operator.py for tasks to queue
[2023-08-06T22:53:30.221+0000] {logging_mixin.py:149} INFO - [2023-08-06T22:53:30.221+0000] {dagbag.py:541} INFO - Filling up the DagBag from /home/airflow/.local/lib/python3.7/site-packages/airflow/example_dags/example_short_circuit_operator.py
[2023-08-06T22:53:30.228+0000] {processor.py:836} INFO - DAG(s) dict_keys(['example_short_circuit_operator']) retrieved from /home/airflow/.local/lib/python3.7/site-packages/airflow/example_dags/example_short_circuit_operator.py
[2023-08-06T22:53:30.268+0000] {logging_mixin.py:149} INFO - [2023-08-06T22:53:30.268+0000] {dag.py:2726} INFO - Sync 1 DAGs
[2023-08-06T22:53:30.301+0000] {logging_mixin.py:149} INFO - [2023-08-06T22:53:30.301+0000] {dag.py:3490} INFO - Setting next_dagrun for example_short_circuit_operator to 2023-08-05T22:53:30.301111+00:00, run_after=2023-08-06T22:53:30.301111+00:00
[2023-08-06T22:53:30.330+0000] {processor.py:179} INFO - Processing /home/airflow/.local/lib/python3.7/site-packages/airflow/example_dags/example_short_circuit_operator.py took 0.116 seconds
