[2023-08-06T06:10:40.653+0000] {processor.py:157} INFO - Started process (PID=28672) to work on /home/airflow/.local/lib/python3.7/site-packages/airflow/example_dags/example_python_operator.py
[2023-08-06T06:10:40.654+0000] {processor.py:826} INFO - Processing file /home/airflow/.local/lib/python3.7/site-packages/airflow/example_dags/example_python_operator.py for tasks to queue
[2023-08-06T06:10:40.655+0000] {logging_mixin.py:149} INFO - [2023-08-06T06:10:40.655+0000] {dagbag.py:541} INFO - Filling up the DagBag from /home/airflow/.local/lib/python3.7/site-packages/airflow/example_dags/example_python_operator.py
[2023-08-06T06:10:40.661+0000] {logging_mixin.py:149} INFO - [2023-08-06T06:10:40.661+0000] {taskmixin.py:211} WARNING - Dependency <Task(_PythonDecoratedOperator): print_the_context>, log_sql_query already registered for DAG: example_python_operator
[2023-08-06T06:10:40.661+0000] {logging_mixin.py:149} INFO - [2023-08-06T06:10:40.661+0000] {taskmixin.py:211} WARNING - Dependency <Task(_PythonDecoratedOperator): log_sql_query>, print_the_context already registered for DAG: example_python_operator
[2023-08-06T06:10:40.662+0000] {logging_mixin.py:149} INFO - [2023-08-06T06:10:40.662+0000] {taskmixin.py:211} WARNING - Dependency <Task(_PythonDecoratedOperator): print_the_context>, log_sql_query already registered for DAG: example_python_operator
[2023-08-06T06:10:40.662+0000] {logging_mixin.py:149} INFO - [2023-08-06T06:10:40.662+0000] {taskmixin.py:211} WARNING - Dependency <Task(_PythonDecoratedOperator): log_sql_query>, print_the_context already registered for DAG: example_python_operator
[2023-08-06T06:10:40.663+0000] {logging_mixin.py:149} INFO - [2023-08-06T06:10:40.663+0000] {taskmixin.py:211} WARNING - Dependency <Task(_PythonDecoratedOperator): print_the_context>, log_sql_query already registered for DAG: example_python_operator
[2023-08-06T06:10:40.663+0000] {logging_mixin.py:149} INFO - [2023-08-06T06:10:40.663+0000] {taskmixin.py:211} WARNING - Dependency <Task(_PythonDecoratedOperator): log_sql_query>, print_the_context already registered for DAG: example_python_operator
[2023-08-06T06:10:40.664+0000] {logging_mixin.py:149} INFO - [2023-08-06T06:10:40.664+0000] {taskmixin.py:211} WARNING - Dependency <Task(_PythonDecoratedOperator): print_the_context>, log_sql_query already registered for DAG: example_python_operator
[2023-08-06T06:10:40.681+0000] {logging_mixin.py:149} INFO - [2023-08-06T06:10:40.681+0000] {taskmixin.py:211} WARNING - Dependency <Task(_PythonDecoratedOperator): log_sql_query>, print_the_context already registered for DAG: example_python_operator
[2023-08-06T06:10:40.683+0000] {processor.py:836} INFO - DAG(s) dict_keys(['example_python_operator']) retrieved from /home/airflow/.local/lib/python3.7/site-packages/airflow/example_dags/example_python_operator.py
[2023-08-06T06:10:40.704+0000] {logging_mixin.py:149} INFO - [2023-08-06T06:10:40.704+0000] {dag.py:2726} INFO - Sync 1 DAGs
[2023-08-06T06:10:40.723+0000] {logging_mixin.py:149} INFO - [2023-08-06T06:10:40.723+0000] {dag.py:3490} INFO - Setting next_dagrun for example_python_operator to None, run_after=None
[2023-08-06T06:10:40.734+0000] {processor.py:179} INFO - Processing /home/airflow/.local/lib/python3.7/site-packages/airflow/example_dags/example_python_operator.py took 0.084 seconds
[2023-08-06T07:40:47.431+0000] {processor.py:157} INFO - Started process (PID=28737) to work on /home/airflow/.local/lib/python3.7/site-packages/airflow/example_dags/example_python_operator.py
[2023-08-06T07:40:47.433+0000] {processor.py:826} INFO - Processing file /home/airflow/.local/lib/python3.7/site-packages/airflow/example_dags/example_python_operator.py for tasks to queue
[2023-08-06T07:40:47.437+0000] {logging_mixin.py:149} INFO - [2023-08-06T07:40:47.437+0000] {dagbag.py:541} INFO - Filling up the DagBag from /home/airflow/.local/lib/python3.7/site-packages/airflow/example_dags/example_python_operator.py
[2023-08-06T07:40:47.442+0000] {logging_mixin.py:149} INFO - [2023-08-06T07:40:47.442+0000] {taskmixin.py:211} WARNING - Dependency <Task(_PythonDecoratedOperator): print_the_context>, log_sql_query already registered for DAG: example_python_operator
[2023-08-06T07:40:47.445+0000] {logging_mixin.py:149} INFO - [2023-08-06T07:40:47.444+0000] {taskmixin.py:211} WARNING - Dependency <Task(_PythonDecoratedOperator): log_sql_query>, print_the_context already registered for DAG: example_python_operator
[2023-08-06T07:40:47.447+0000] {logging_mixin.py:149} INFO - [2023-08-06T07:40:47.447+0000] {taskmixin.py:211} WARNING - Dependency <Task(_PythonDecoratedOperator): print_the_context>, log_sql_query already registered for DAG: example_python_operator
[2023-08-06T07:40:47.447+0000] {logging_mixin.py:149} INFO - [2023-08-06T07:40:47.447+0000] {taskmixin.py:211} WARNING - Dependency <Task(_PythonDecoratedOperator): log_sql_query>, print_the_context already registered for DAG: example_python_operator
[2023-08-06T07:40:47.448+0000] {logging_mixin.py:149} INFO - [2023-08-06T07:40:47.448+0000] {taskmixin.py:211} WARNING - Dependency <Task(_PythonDecoratedOperator): print_the_context>, log_sql_query already registered for DAG: example_python_operator
[2023-08-06T07:40:47.448+0000] {logging_mixin.py:149} INFO - [2023-08-06T07:40:47.448+0000] {taskmixin.py:211} WARNING - Dependency <Task(_PythonDecoratedOperator): log_sql_query>, print_the_context already registered for DAG: example_python_operator
[2023-08-06T07:40:47.449+0000] {logging_mixin.py:149} INFO - [2023-08-06T07:40:47.449+0000] {taskmixin.py:211} WARNING - Dependency <Task(_PythonDecoratedOperator): print_the_context>, log_sql_query already registered for DAG: example_python_operator
[2023-08-06T07:40:47.449+0000] {logging_mixin.py:149} INFO - [2023-08-06T07:40:47.449+0000] {taskmixin.py:211} WARNING - Dependency <Task(_PythonDecoratedOperator): log_sql_query>, print_the_context already registered for DAG: example_python_operator
[2023-08-06T07:40:47.451+0000] {processor.py:836} INFO - DAG(s) dict_keys(['example_python_operator']) retrieved from /home/airflow/.local/lib/python3.7/site-packages/airflow/example_dags/example_python_operator.py
[2023-08-06T07:40:47.478+0000] {logging_mixin.py:149} INFO - [2023-08-06T07:40:47.478+0000] {dag.py:2726} INFO - Sync 1 DAGs
[2023-08-06T07:40:47.495+0000] {logging_mixin.py:149} INFO - [2023-08-06T07:40:47.495+0000] {dag.py:3490} INFO - Setting next_dagrun for example_python_operator to None, run_after=None
[2023-08-06T07:40:47.510+0000] {processor.py:179} INFO - Processing /home/airflow/.local/lib/python3.7/site-packages/airflow/example_dags/example_python_operator.py took 0.083 seconds
[2023-08-06T08:45:50.308+0000] {processor.py:157} INFO - Started process (PID=28803) to work on /home/airflow/.local/lib/python3.7/site-packages/airflow/example_dags/example_python_operator.py
[2023-08-06T08:45:50.309+0000] {processor.py:826} INFO - Processing file /home/airflow/.local/lib/python3.7/site-packages/airflow/example_dags/example_python_operator.py for tasks to queue
[2023-08-06T08:45:50.310+0000] {logging_mixin.py:149} INFO - [2023-08-06T08:45:50.310+0000] {dagbag.py:541} INFO - Filling up the DagBag from /home/airflow/.local/lib/python3.7/site-packages/airflow/example_dags/example_python_operator.py
[2023-08-06T08:45:50.316+0000] {logging_mixin.py:149} INFO - [2023-08-06T08:45:50.316+0000] {taskmixin.py:211} WARNING - Dependency <Task(_PythonDecoratedOperator): print_the_context>, log_sql_query already registered for DAG: example_python_operator
[2023-08-06T08:45:50.316+0000] {logging_mixin.py:149} INFO - [2023-08-06T08:45:50.316+0000] {taskmixin.py:211} WARNING - Dependency <Task(_PythonDecoratedOperator): log_sql_query>, print_the_context already registered for DAG: example_python_operator
[2023-08-06T08:45:50.317+0000] {logging_mixin.py:149} INFO - [2023-08-06T08:45:50.317+0000] {taskmixin.py:211} WARNING - Dependency <Task(_PythonDecoratedOperator): print_the_context>, log_sql_query already registered for DAG: example_python_operator
[2023-08-06T08:45:50.317+0000] {logging_mixin.py:149} INFO - [2023-08-06T08:45:50.317+0000] {taskmixin.py:211} WARNING - Dependency <Task(_PythonDecoratedOperator): log_sql_query>, print_the_context already registered for DAG: example_python_operator
[2023-08-06T08:45:50.318+0000] {logging_mixin.py:149} INFO - [2023-08-06T08:45:50.318+0000] {taskmixin.py:211} WARNING - Dependency <Task(_PythonDecoratedOperator): print_the_context>, log_sql_query already registered for DAG: example_python_operator
[2023-08-06T08:45:50.318+0000] {logging_mixin.py:149} INFO - [2023-08-06T08:45:50.318+0000] {taskmixin.py:211} WARNING - Dependency <Task(_PythonDecoratedOperator): log_sql_query>, print_the_context already registered for DAG: example_python_operator
[2023-08-06T08:45:50.319+0000] {logging_mixin.py:149} INFO - [2023-08-06T08:45:50.319+0000] {taskmixin.py:211} WARNING - Dependency <Task(_PythonDecoratedOperator): print_the_context>, log_sql_query already registered for DAG: example_python_operator
[2023-08-06T08:45:50.319+0000] {logging_mixin.py:149} INFO - [2023-08-06T08:45:50.319+0000] {taskmixin.py:211} WARNING - Dependency <Task(_PythonDecoratedOperator): log_sql_query>, print_the_context already registered for DAG: example_python_operator
[2023-08-06T08:45:50.321+0000] {processor.py:836} INFO - DAG(s) dict_keys(['example_python_operator']) retrieved from /home/airflow/.local/lib/python3.7/site-packages/airflow/example_dags/example_python_operator.py
[2023-08-06T08:45:50.347+0000] {logging_mixin.py:149} INFO - [2023-08-06T08:45:50.347+0000] {dag.py:2726} INFO - Sync 1 DAGs
[2023-08-06T08:45:50.362+0000] {logging_mixin.py:149} INFO - [2023-08-06T08:45:50.362+0000] {dag.py:3490} INFO - Setting next_dagrun for example_python_operator to None, run_after=None
[2023-08-06T08:45:50.375+0000] {processor.py:179} INFO - Processing /home/airflow/.local/lib/python3.7/site-packages/airflow/example_dags/example_python_operator.py took 0.070 seconds
[2023-08-06T11:38:43.993+0000] {processor.py:157} INFO - Started process (PID=28869) to work on /home/airflow/.local/lib/python3.7/site-packages/airflow/example_dags/example_python_operator.py
[2023-08-06T11:38:43.994+0000] {processor.py:826} INFO - Processing file /home/airflow/.local/lib/python3.7/site-packages/airflow/example_dags/example_python_operator.py for tasks to queue
[2023-08-06T11:38:43.995+0000] {logging_mixin.py:149} INFO - [2023-08-06T11:38:43.995+0000] {dagbag.py:541} INFO - Filling up the DagBag from /home/airflow/.local/lib/python3.7/site-packages/airflow/example_dags/example_python_operator.py
[2023-08-06T11:38:44.000+0000] {logging_mixin.py:149} INFO - [2023-08-06T11:38:44.000+0000] {taskmixin.py:211} WARNING - Dependency <Task(_PythonDecoratedOperator): print_the_context>, log_sql_query already registered for DAG: example_python_operator
[2023-08-06T11:38:44.001+0000] {logging_mixin.py:149} INFO - [2023-08-06T11:38:44.000+0000] {taskmixin.py:211} WARNING - Dependency <Task(_PythonDecoratedOperator): log_sql_query>, print_the_context already registered for DAG: example_python_operator
[2023-08-06T11:38:44.001+0000] {logging_mixin.py:149} INFO - [2023-08-06T11:38:44.001+0000] {taskmixin.py:211} WARNING - Dependency <Task(_PythonDecoratedOperator): print_the_context>, log_sql_query already registered for DAG: example_python_operator
[2023-08-06T11:38:44.002+0000] {logging_mixin.py:149} INFO - [2023-08-06T11:38:44.002+0000] {taskmixin.py:211} WARNING - Dependency <Task(_PythonDecoratedOperator): log_sql_query>, print_the_context already registered for DAG: example_python_operator
[2023-08-06T11:38:44.002+0000] {logging_mixin.py:149} INFO - [2023-08-06T11:38:44.002+0000] {taskmixin.py:211} WARNING - Dependency <Task(_PythonDecoratedOperator): print_the_context>, log_sql_query already registered for DAG: example_python_operator
[2023-08-06T11:38:44.003+0000] {logging_mixin.py:149} INFO - [2023-08-06T11:38:44.002+0000] {taskmixin.py:211} WARNING - Dependency <Task(_PythonDecoratedOperator): log_sql_query>, print_the_context already registered for DAG: example_python_operator
[2023-08-06T11:38:44.003+0000] {logging_mixin.py:149} INFO - [2023-08-06T11:38:44.003+0000] {taskmixin.py:211} WARNING - Dependency <Task(_PythonDecoratedOperator): print_the_context>, log_sql_query already registered for DAG: example_python_operator
[2023-08-06T11:38:44.004+0000] {logging_mixin.py:149} INFO - [2023-08-06T11:38:44.004+0000] {taskmixin.py:211} WARNING - Dependency <Task(_PythonDecoratedOperator): log_sql_query>, print_the_context already registered for DAG: example_python_operator
[2023-08-06T11:38:44.005+0000] {processor.py:836} INFO - DAG(s) dict_keys(['example_python_operator']) retrieved from /home/airflow/.local/lib/python3.7/site-packages/airflow/example_dags/example_python_operator.py
[2023-08-06T11:38:44.028+0000] {logging_mixin.py:149} INFO - [2023-08-06T11:38:44.028+0000] {dag.py:2726} INFO - Sync 1 DAGs
[2023-08-06T11:38:44.047+0000] {logging_mixin.py:149} INFO - [2023-08-06T11:38:44.047+0000] {dag.py:3490} INFO - Setting next_dagrun for example_python_operator to None, run_after=None
[2023-08-06T11:38:44.058+0000] {processor.py:179} INFO - Processing /home/airflow/.local/lib/python3.7/site-packages/airflow/example_dags/example_python_operator.py took 0.068 seconds
[2023-08-06T13:13:52.959+0000] {processor.py:157} INFO - Started process (PID=28935) to work on /home/airflow/.local/lib/python3.7/site-packages/airflow/example_dags/example_python_operator.py
[2023-08-06T13:13:52.961+0000] {processor.py:826} INFO - Processing file /home/airflow/.local/lib/python3.7/site-packages/airflow/example_dags/example_python_operator.py for tasks to queue
[2023-08-06T13:13:52.962+0000] {logging_mixin.py:149} INFO - [2023-08-06T13:13:52.962+0000] {dagbag.py:541} INFO - Filling up the DagBag from /home/airflow/.local/lib/python3.7/site-packages/airflow/example_dags/example_python_operator.py
[2023-08-06T13:13:52.969+0000] {logging_mixin.py:149} INFO - [2023-08-06T13:13:52.969+0000] {taskmixin.py:211} WARNING - Dependency <Task(_PythonDecoratedOperator): print_the_context>, log_sql_query already registered for DAG: example_python_operator
[2023-08-06T13:13:52.969+0000] {logging_mixin.py:149} INFO - [2023-08-06T13:13:52.969+0000] {taskmixin.py:211} WARNING - Dependency <Task(_PythonDecoratedOperator): log_sql_query>, print_the_context already registered for DAG: example_python_operator
[2023-08-06T13:13:52.970+0000] {logging_mixin.py:149} INFO - [2023-08-06T13:13:52.970+0000] {taskmixin.py:211} WARNING - Dependency <Task(_PythonDecoratedOperator): print_the_context>, log_sql_query already registered for DAG: example_python_operator
[2023-08-06T13:13:52.971+0000] {logging_mixin.py:149} INFO - [2023-08-06T13:13:52.971+0000] {taskmixin.py:211} WARNING - Dependency <Task(_PythonDecoratedOperator): log_sql_query>, print_the_context already registered for DAG: example_python_operator
[2023-08-06T13:13:52.972+0000] {logging_mixin.py:149} INFO - [2023-08-06T13:13:52.972+0000] {taskmixin.py:211} WARNING - Dependency <Task(_PythonDecoratedOperator): print_the_context>, log_sql_query already registered for DAG: example_python_operator
[2023-08-06T13:13:52.972+0000] {logging_mixin.py:149} INFO - [2023-08-06T13:13:52.972+0000] {taskmixin.py:211} WARNING - Dependency <Task(_PythonDecoratedOperator): log_sql_query>, print_the_context already registered for DAG: example_python_operator
[2023-08-06T13:13:52.973+0000] {logging_mixin.py:149} INFO - [2023-08-06T13:13:52.973+0000] {taskmixin.py:211} WARNING - Dependency <Task(_PythonDecoratedOperator): print_the_context>, log_sql_query already registered for DAG: example_python_operator
[2023-08-06T13:13:52.974+0000] {logging_mixin.py:149} INFO - [2023-08-06T13:13:52.974+0000] {taskmixin.py:211} WARNING - Dependency <Task(_PythonDecoratedOperator): log_sql_query>, print_the_context already registered for DAG: example_python_operator
[2023-08-06T13:13:52.976+0000] {processor.py:836} INFO - DAG(s) dict_keys(['example_python_operator']) retrieved from /home/airflow/.local/lib/python3.7/site-packages/airflow/example_dags/example_python_operator.py
[2023-08-06T13:13:53.007+0000] {logging_mixin.py:149} INFO - [2023-08-06T13:13:53.006+0000] {dag.py:2726} INFO - Sync 1 DAGs
[2023-08-06T13:13:53.027+0000] {logging_mixin.py:149} INFO - [2023-08-06T13:13:53.027+0000] {dag.py:3490} INFO - Setting next_dagrun for example_python_operator to None, run_after=None
[2023-08-06T13:13:53.042+0000] {processor.py:179} INFO - Processing /home/airflow/.local/lib/python3.7/site-packages/airflow/example_dags/example_python_operator.py took 0.087 seconds
[2023-08-06T14:15:15.870+0000] {processor.py:157} INFO - Started process (PID=29001) to work on /home/airflow/.local/lib/python3.7/site-packages/airflow/example_dags/example_python_operator.py
[2023-08-06T14:15:15.871+0000] {processor.py:826} INFO - Processing file /home/airflow/.local/lib/python3.7/site-packages/airflow/example_dags/example_python_operator.py for tasks to queue
[2023-08-06T14:15:15.872+0000] {logging_mixin.py:149} INFO - [2023-08-06T14:15:15.872+0000] {dagbag.py:541} INFO - Filling up the DagBag from /home/airflow/.local/lib/python3.7/site-packages/airflow/example_dags/example_python_operator.py
[2023-08-06T14:15:15.877+0000] {logging_mixin.py:149} INFO - [2023-08-06T14:15:15.877+0000] {taskmixin.py:211} WARNING - Dependency <Task(_PythonDecoratedOperator): print_the_context>, log_sql_query already registered for DAG: example_python_operator
[2023-08-06T14:15:15.878+0000] {logging_mixin.py:149} INFO - [2023-08-06T14:15:15.878+0000] {taskmixin.py:211} WARNING - Dependency <Task(_PythonDecoratedOperator): log_sql_query>, print_the_context already registered for DAG: example_python_operator
[2023-08-06T14:15:15.878+0000] {logging_mixin.py:149} INFO - [2023-08-06T14:15:15.878+0000] {taskmixin.py:211} WARNING - Dependency <Task(_PythonDecoratedOperator): print_the_context>, log_sql_query already registered for DAG: example_python_operator
[2023-08-06T14:15:15.879+0000] {logging_mixin.py:149} INFO - [2023-08-06T14:15:15.879+0000] {taskmixin.py:211} WARNING - Dependency <Task(_PythonDecoratedOperator): log_sql_query>, print_the_context already registered for DAG: example_python_operator
[2023-08-06T14:15:15.880+0000] {logging_mixin.py:149} INFO - [2023-08-06T14:15:15.880+0000] {taskmixin.py:211} WARNING - Dependency <Task(_PythonDecoratedOperator): print_the_context>, log_sql_query already registered for DAG: example_python_operator
[2023-08-06T14:15:15.880+0000] {logging_mixin.py:149} INFO - [2023-08-06T14:15:15.880+0000] {taskmixin.py:211} WARNING - Dependency <Task(_PythonDecoratedOperator): log_sql_query>, print_the_context already registered for DAG: example_python_operator
[2023-08-06T14:15:15.881+0000] {logging_mixin.py:149} INFO - [2023-08-06T14:15:15.881+0000] {taskmixin.py:211} WARNING - Dependency <Task(_PythonDecoratedOperator): print_the_context>, log_sql_query already registered for DAG: example_python_operator
[2023-08-06T14:15:15.881+0000] {logging_mixin.py:149} INFO - [2023-08-06T14:15:15.881+0000] {taskmixin.py:211} WARNING - Dependency <Task(_PythonDecoratedOperator): log_sql_query>, print_the_context already registered for DAG: example_python_operator
[2023-08-06T14:15:15.883+0000] {processor.py:836} INFO - DAG(s) dict_keys(['example_python_operator']) retrieved from /home/airflow/.local/lib/python3.7/site-packages/airflow/example_dags/example_python_operator.py
[2023-08-06T14:15:15.907+0000] {logging_mixin.py:149} INFO - [2023-08-06T14:15:15.907+0000] {dag.py:2726} INFO - Sync 1 DAGs
[2023-08-06T14:15:15.923+0000] {logging_mixin.py:149} INFO - [2023-08-06T14:15:15.923+0000] {dag.py:3490} INFO - Setting next_dagrun for example_python_operator to None, run_after=None
[2023-08-06T14:15:15.935+0000] {processor.py:179} INFO - Processing /home/airflow/.local/lib/python3.7/site-packages/airflow/example_dags/example_python_operator.py took 0.068 seconds
[2023-08-06T19:25:11.607+0000] {processor.py:157} INFO - Started process (PID=29066) to work on /home/airflow/.local/lib/python3.7/site-packages/airflow/example_dags/example_python_operator.py
[2023-08-06T19:25:11.609+0000] {processor.py:826} INFO - Processing file /home/airflow/.local/lib/python3.7/site-packages/airflow/example_dags/example_python_operator.py for tasks to queue
[2023-08-06T19:25:11.609+0000] {logging_mixin.py:149} INFO - [2023-08-06T19:25:11.609+0000] {dagbag.py:541} INFO - Filling up the DagBag from /home/airflow/.local/lib/python3.7/site-packages/airflow/example_dags/example_python_operator.py
[2023-08-06T19:25:11.617+0000] {logging_mixin.py:149} INFO - [2023-08-06T19:25:11.617+0000] {taskmixin.py:211} WARNING - Dependency <Task(_PythonDecoratedOperator): print_the_context>, log_sql_query already registered for DAG: example_python_operator
[2023-08-06T19:25:11.617+0000] {logging_mixin.py:149} INFO - [2023-08-06T19:25:11.617+0000] {taskmixin.py:211} WARNING - Dependency <Task(_PythonDecoratedOperator): log_sql_query>, print_the_context already registered for DAG: example_python_operator
[2023-08-06T19:25:11.618+0000] {logging_mixin.py:149} INFO - [2023-08-06T19:25:11.618+0000] {taskmixin.py:211} WARNING - Dependency <Task(_PythonDecoratedOperator): print_the_context>, log_sql_query already registered for DAG: example_python_operator
[2023-08-06T19:25:11.619+0000] {logging_mixin.py:149} INFO - [2023-08-06T19:25:11.619+0000] {taskmixin.py:211} WARNING - Dependency <Task(_PythonDecoratedOperator): log_sql_query>, print_the_context already registered for DAG: example_python_operator
[2023-08-06T19:25:11.619+0000] {logging_mixin.py:149} INFO - [2023-08-06T19:25:11.619+0000] {taskmixin.py:211} WARNING - Dependency <Task(_PythonDecoratedOperator): print_the_context>, log_sql_query already registered for DAG: example_python_operator
[2023-08-06T19:25:11.620+0000] {logging_mixin.py:149} INFO - [2023-08-06T19:25:11.620+0000] {taskmixin.py:211} WARNING - Dependency <Task(_PythonDecoratedOperator): log_sql_query>, print_the_context already registered for DAG: example_python_operator
[2023-08-06T19:25:11.622+0000] {logging_mixin.py:149} INFO - [2023-08-06T19:25:11.622+0000] {taskmixin.py:211} WARNING - Dependency <Task(_PythonDecoratedOperator): print_the_context>, log_sql_query already registered for DAG: example_python_operator
[2023-08-06T19:25:11.623+0000] {logging_mixin.py:149} INFO - [2023-08-06T19:25:11.623+0000] {taskmixin.py:211} WARNING - Dependency <Task(_PythonDecoratedOperator): log_sql_query>, print_the_context already registered for DAG: example_python_operator
[2023-08-06T19:25:11.625+0000] {processor.py:836} INFO - DAG(s) dict_keys(['example_python_operator']) retrieved from /home/airflow/.local/lib/python3.7/site-packages/airflow/example_dags/example_python_operator.py
[2023-08-06T19:25:11.656+0000] {logging_mixin.py:149} INFO - [2023-08-06T19:25:11.656+0000] {dag.py:2726} INFO - Sync 1 DAGs
[2023-08-06T19:25:11.684+0000] {logging_mixin.py:149} INFO - [2023-08-06T19:25:11.684+0000] {dag.py:3490} INFO - Setting next_dagrun for example_python_operator to None, run_after=None
[2023-08-06T19:25:11.697+0000] {processor.py:179} INFO - Processing /home/airflow/.local/lib/python3.7/site-packages/airflow/example_dags/example_python_operator.py took 0.093 seconds
[2023-08-06T22:53:31.116+0000] {processor.py:157} INFO - Started process (PID=29132) to work on /home/airflow/.local/lib/python3.7/site-packages/airflow/example_dags/example_python_operator.py
[2023-08-06T22:53:31.118+0000] {processor.py:826} INFO - Processing file /home/airflow/.local/lib/python3.7/site-packages/airflow/example_dags/example_python_operator.py for tasks to queue
[2023-08-06T22:53:31.120+0000] {logging_mixin.py:149} INFO - [2023-08-06T22:53:31.120+0000] {dagbag.py:541} INFO - Filling up the DagBag from /home/airflow/.local/lib/python3.7/site-packages/airflow/example_dags/example_python_operator.py
[2023-08-06T22:53:31.131+0000] {logging_mixin.py:149} INFO - [2023-08-06T22:53:31.130+0000] {taskmixin.py:211} WARNING - Dependency <Task(_PythonDecoratedOperator): print_the_context>, log_sql_query already registered for DAG: example_python_operator
[2023-08-06T22:53:31.131+0000] {logging_mixin.py:149} INFO - [2023-08-06T22:53:31.131+0000] {taskmixin.py:211} WARNING - Dependency <Task(_PythonDecoratedOperator): log_sql_query>, print_the_context already registered for DAG: example_python_operator
[2023-08-06T22:53:31.132+0000] {logging_mixin.py:149} INFO - [2023-08-06T22:53:31.132+0000] {taskmixin.py:211} WARNING - Dependency <Task(_PythonDecoratedOperator): print_the_context>, log_sql_query already registered for DAG: example_python_operator
[2023-08-06T22:53:31.132+0000] {logging_mixin.py:149} INFO - [2023-08-06T22:53:31.132+0000] {taskmixin.py:211} WARNING - Dependency <Task(_PythonDecoratedOperator): log_sql_query>, print_the_context already registered for DAG: example_python_operator
[2023-08-06T22:53:31.133+0000] {logging_mixin.py:149} INFO - [2023-08-06T22:53:31.133+0000] {taskmixin.py:211} WARNING - Dependency <Task(_PythonDecoratedOperator): print_the_context>, log_sql_query already registered for DAG: example_python_operator
[2023-08-06T22:53:31.133+0000] {logging_mixin.py:149} INFO - [2023-08-06T22:53:31.133+0000] {taskmixin.py:211} WARNING - Dependency <Task(_PythonDecoratedOperator): log_sql_query>, print_the_context already registered for DAG: example_python_operator
[2023-08-06T22:53:31.133+0000] {logging_mixin.py:149} INFO - [2023-08-06T22:53:31.133+0000] {taskmixin.py:211} WARNING - Dependency <Task(_PythonDecoratedOperator): print_the_context>, log_sql_query already registered for DAG: example_python_operator
[2023-08-06T22:53:31.134+0000] {logging_mixin.py:149} INFO - [2023-08-06T22:53:31.134+0000] {taskmixin.py:211} WARNING - Dependency <Task(_PythonDecoratedOperator): log_sql_query>, print_the_context already registered for DAG: example_python_operator
[2023-08-06T22:53:31.135+0000] {processor.py:836} INFO - DAG(s) dict_keys(['example_python_operator']) retrieved from /home/airflow/.local/lib/python3.7/site-packages/airflow/example_dags/example_python_operator.py
[2023-08-06T22:53:31.174+0000] {logging_mixin.py:149} INFO - [2023-08-06T22:53:31.174+0000] {dag.py:2726} INFO - Sync 1 DAGs
[2023-08-06T22:53:31.204+0000] {logging_mixin.py:149} INFO - [2023-08-06T22:53:31.204+0000] {dag.py:3490} INFO - Setting next_dagrun for example_python_operator to None, run_after=None
[2023-08-06T22:53:31.242+0000] {processor.py:179} INFO - Processing /home/airflow/.local/lib/python3.7/site-packages/airflow/example_dags/example_python_operator.py took 0.131 seconds
