[2023-08-06T06:10:39.990+0000] {processor.py:157} INFO - Started process (PID=28661) to work on /home/airflow/.local/lib/python3.7/site-packages/airflow/example_dags/example_params_trigger_ui.py
[2023-08-06T06:10:39.991+0000] {processor.py:826} INFO - Processing file /home/airflow/.local/lib/python3.7/site-packages/airflow/example_dags/example_params_trigger_ui.py for tasks to queue
[2023-08-06T06:10:39.992+0000] {logging_mixin.py:149} INFO - [2023-08-06T06:10:39.992+0000] {dagbag.py:541} INFO - Filling up the DagBag from /home/airflow/.local/lib/python3.7/site-packages/airflow/example_dags/example_params_trigger_ui.py
[2023-08-06T06:10:40.008+0000] {processor.py:836} INFO - DAG(s) dict_keys(['example_params_trigger_ui']) retrieved from /home/airflow/.local/lib/python3.7/site-packages/airflow/example_dags/example_params_trigger_ui.py
[2023-08-06T06:10:40.055+0000] {logging_mixin.py:149} INFO - [2023-08-06T06:10:40.055+0000] {dag.py:2726} INFO - Sync 1 DAGs
[2023-08-06T06:10:40.072+0000] {logging_mixin.py:149} INFO - [2023-08-06T06:10:40.072+0000] {dag.py:3490} INFO - Setting next_dagrun for example_params_trigger_ui to None, run_after=None
[2023-08-06T06:10:40.084+0000] {processor.py:179} INFO - Processing /home/airflow/.local/lib/python3.7/site-packages/airflow/example_dags/example_params_trigger_ui.py took 0.097 seconds
[2023-08-06T07:40:46.741+0000] {processor.py:157} INFO - Started process (PID=28726) to work on /home/airflow/.local/lib/python3.7/site-packages/airflow/example_dags/example_params_trigger_ui.py
[2023-08-06T07:40:46.742+0000] {processor.py:826} INFO - Processing file /home/airflow/.local/lib/python3.7/site-packages/airflow/example_dags/example_params_trigger_ui.py for tasks to queue
[2023-08-06T07:40:46.742+0000] {logging_mixin.py:149} INFO - [2023-08-06T07:40:46.742+0000] {dagbag.py:541} INFO - Filling up the DagBag from /home/airflow/.local/lib/python3.7/site-packages/airflow/example_dags/example_params_trigger_ui.py
[2023-08-06T07:40:46.760+0000] {processor.py:836} INFO - DAG(s) dict_keys(['example_params_trigger_ui']) retrieved from /home/airflow/.local/lib/python3.7/site-packages/airflow/example_dags/example_params_trigger_ui.py
[2023-08-06T07:40:46.816+0000] {logging_mixin.py:149} INFO - [2023-08-06T07:40:46.816+0000] {dag.py:2726} INFO - Sync 1 DAGs
[2023-08-06T07:40:46.833+0000] {logging_mixin.py:149} INFO - [2023-08-06T07:40:46.833+0000] {dag.py:3490} INFO - Setting next_dagrun for example_params_trigger_ui to None, run_after=None
[2023-08-06T07:40:46.844+0000] {processor.py:179} INFO - Processing /home/airflow/.local/lib/python3.7/site-packages/airflow/example_dags/example_params_trigger_ui.py took 0.107 seconds
[2023-08-06T08:45:49.584+0000] {processor.py:157} INFO - Started process (PID=28792) to work on /home/airflow/.local/lib/python3.7/site-packages/airflow/example_dags/example_params_trigger_ui.py
[2023-08-06T08:45:49.585+0000] {processor.py:826} INFO - Processing file /home/airflow/.local/lib/python3.7/site-packages/airflow/example_dags/example_params_trigger_ui.py for tasks to queue
[2023-08-06T08:45:49.589+0000] {logging_mixin.py:149} INFO - [2023-08-06T08:45:49.589+0000] {dagbag.py:541} INFO - Filling up the DagBag from /home/airflow/.local/lib/python3.7/site-packages/airflow/example_dags/example_params_trigger_ui.py
[2023-08-06T08:45:49.607+0000] {processor.py:836} INFO - DAG(s) dict_keys(['example_params_trigger_ui']) retrieved from /home/airflow/.local/lib/python3.7/site-packages/airflow/example_dags/example_params_trigger_ui.py
[2023-08-06T08:45:49.657+0000] {logging_mixin.py:149} INFO - [2023-08-06T08:45:49.657+0000] {dag.py:2726} INFO - Sync 1 DAGs
[2023-08-06T08:45:49.673+0000] {logging_mixin.py:149} INFO - [2023-08-06T08:45:49.673+0000] {dag.py:3490} INFO - Setting next_dagrun for example_params_trigger_ui to None, run_after=None
[2023-08-06T08:45:49.684+0000] {processor.py:179} INFO - Processing /home/airflow/.local/lib/python3.7/site-packages/airflow/example_dags/example_params_trigger_ui.py took 0.103 seconds
[2023-08-06T11:38:43.344+0000] {processor.py:157} INFO - Started process (PID=28858) to work on /home/airflow/.local/lib/python3.7/site-packages/airflow/example_dags/example_params_trigger_ui.py
[2023-08-06T11:38:43.350+0000] {processor.py:826} INFO - Processing file /home/airflow/.local/lib/python3.7/site-packages/airflow/example_dags/example_params_trigger_ui.py for tasks to queue
[2023-08-06T11:38:43.351+0000] {logging_mixin.py:149} INFO - [2023-08-06T11:38:43.350+0000] {dagbag.py:541} INFO - Filling up the DagBag from /home/airflow/.local/lib/python3.7/site-packages/airflow/example_dags/example_params_trigger_ui.py
[2023-08-06T11:38:43.365+0000] {processor.py:836} INFO - DAG(s) dict_keys(['example_params_trigger_ui']) retrieved from /home/airflow/.local/lib/python3.7/site-packages/airflow/example_dags/example_params_trigger_ui.py
[2023-08-06T11:38:43.413+0000] {logging_mixin.py:149} INFO - [2023-08-06T11:38:43.413+0000] {dag.py:2726} INFO - Sync 1 DAGs
[2023-08-06T11:38:43.428+0000] {logging_mixin.py:149} INFO - [2023-08-06T11:38:43.428+0000] {dag.py:3490} INFO - Setting next_dagrun for example_params_trigger_ui to None, run_after=None
[2023-08-06T11:38:43.444+0000] {processor.py:179} INFO - Processing /home/airflow/.local/lib/python3.7/site-packages/airflow/example_dags/example_params_trigger_ui.py took 0.102 seconds
[2023-08-06T13:13:52.244+0000] {processor.py:157} INFO - Started process (PID=28924) to work on /home/airflow/.local/lib/python3.7/site-packages/airflow/example_dags/example_params_trigger_ui.py
[2023-08-06T13:13:52.245+0000] {processor.py:826} INFO - Processing file /home/airflow/.local/lib/python3.7/site-packages/airflow/example_dags/example_params_trigger_ui.py for tasks to queue
[2023-08-06T13:13:52.246+0000] {logging_mixin.py:149} INFO - [2023-08-06T13:13:52.246+0000] {dagbag.py:541} INFO - Filling up the DagBag from /home/airflow/.local/lib/python3.7/site-packages/airflow/example_dags/example_params_trigger_ui.py
[2023-08-06T13:13:52.263+0000] {processor.py:836} INFO - DAG(s) dict_keys(['example_params_trigger_ui']) retrieved from /home/airflow/.local/lib/python3.7/site-packages/airflow/example_dags/example_params_trigger_ui.py
[2023-08-06T13:13:52.320+0000] {logging_mixin.py:149} INFO - [2023-08-06T13:13:52.320+0000] {dag.py:2726} INFO - Sync 1 DAGs
[2023-08-06T13:13:52.341+0000] {logging_mixin.py:149} INFO - [2023-08-06T13:13:52.341+0000] {dag.py:3490} INFO - Setting next_dagrun for example_params_trigger_ui to None, run_after=None
[2023-08-06T13:13:52.353+0000] {processor.py:179} INFO - Processing /home/airflow/.local/lib/python3.7/site-packages/airflow/example_dags/example_params_trigger_ui.py took 0.113 seconds
[2023-08-06T14:15:15.168+0000] {processor.py:157} INFO - Started process (PID=28990) to work on /home/airflow/.local/lib/python3.7/site-packages/airflow/example_dags/example_params_trigger_ui.py
[2023-08-06T14:15:15.169+0000] {processor.py:826} INFO - Processing file /home/airflow/.local/lib/python3.7/site-packages/airflow/example_dags/example_params_trigger_ui.py for tasks to queue
[2023-08-06T14:15:15.170+0000] {logging_mixin.py:149} INFO - [2023-08-06T14:15:15.169+0000] {dagbag.py:541} INFO - Filling up the DagBag from /home/airflow/.local/lib/python3.7/site-packages/airflow/example_dags/example_params_trigger_ui.py
[2023-08-06T14:15:15.188+0000] {processor.py:836} INFO - DAG(s) dict_keys(['example_params_trigger_ui']) retrieved from /home/airflow/.local/lib/python3.7/site-packages/airflow/example_dags/example_params_trigger_ui.py
[2023-08-06T14:15:15.249+0000] {logging_mixin.py:149} INFO - [2023-08-06T14:15:15.249+0000] {dag.py:2726} INFO - Sync 1 DAGs
[2023-08-06T14:15:15.271+0000] {logging_mixin.py:149} INFO - [2023-08-06T14:15:15.271+0000] {dag.py:3490} INFO - Setting next_dagrun for example_params_trigger_ui to None, run_after=None
[2023-08-06T14:15:15.289+0000] {processor.py:179} INFO - Processing /home/airflow/.local/lib/python3.7/site-packages/airflow/example_dags/example_params_trigger_ui.py took 0.125 seconds
[2023-08-06T19:25:10.891+0000] {processor.py:157} INFO - Started process (PID=29055) to work on /home/airflow/.local/lib/python3.7/site-packages/airflow/example_dags/example_params_trigger_ui.py
[2023-08-06T19:25:10.893+0000] {processor.py:826} INFO - Processing file /home/airflow/.local/lib/python3.7/site-packages/airflow/example_dags/example_params_trigger_ui.py for tasks to queue
[2023-08-06T19:25:10.897+0000] {logging_mixin.py:149} INFO - [2023-08-06T19:25:10.897+0000] {dagbag.py:541} INFO - Filling up the DagBag from /home/airflow/.local/lib/python3.7/site-packages/airflow/example_dags/example_params_trigger_ui.py
[2023-08-06T19:25:10.919+0000] {processor.py:836} INFO - DAG(s) dict_keys(['example_params_trigger_ui']) retrieved from /home/airflow/.local/lib/python3.7/site-packages/airflow/example_dags/example_params_trigger_ui.py
[2023-08-06T19:25:10.970+0000] {logging_mixin.py:149} INFO - [2023-08-06T19:25:10.970+0000] {dag.py:2726} INFO - Sync 1 DAGs
[2023-08-06T19:25:10.987+0000] {logging_mixin.py:149} INFO - [2023-08-06T19:25:10.986+0000] {dag.py:3490} INFO - Setting next_dagrun for example_params_trigger_ui to None, run_after=None
[2023-08-06T19:25:11.001+0000] {processor.py:179} INFO - Processing /home/airflow/.local/lib/python3.7/site-packages/airflow/example_dags/example_params_trigger_ui.py took 0.113 seconds
[2023-08-06T22:53:30.125+0000] {processor.py:157} INFO - Started process (PID=29121) to work on /home/airflow/.local/lib/python3.7/site-packages/airflow/example_dags/example_params_trigger_ui.py
[2023-08-06T22:53:30.126+0000] {processor.py:826} INFO - Processing file /home/airflow/.local/lib/python3.7/site-packages/airflow/example_dags/example_params_trigger_ui.py for tasks to queue
[2023-08-06T22:53:30.127+0000] {logging_mixin.py:149} INFO - [2023-08-06T22:53:30.127+0000] {dagbag.py:541} INFO - Filling up the DagBag from /home/airflow/.local/lib/python3.7/site-packages/airflow/example_dags/example_params_trigger_ui.py
[2023-08-06T22:53:30.143+0000] {processor.py:836} INFO - DAG(s) dict_keys(['example_params_trigger_ui']) retrieved from /home/airflow/.local/lib/python3.7/site-packages/airflow/example_dags/example_params_trigger_ui.py
[2023-08-06T22:53:30.190+0000] {logging_mixin.py:149} INFO - [2023-08-06T22:53:30.190+0000] {dag.py:2726} INFO - Sync 1 DAGs
[2023-08-06T22:53:30.218+0000] {logging_mixin.py:149} INFO - [2023-08-06T22:53:30.217+0000] {dag.py:3490} INFO - Setting next_dagrun for example_params_trigger_ui to None, run_after=None
[2023-08-06T22:53:30.228+0000] {processor.py:179} INFO - Processing /home/airflow/.local/lib/python3.7/site-packages/airflow/example_dags/example_params_trigger_ui.py took 0.107 seconds
