[2023-08-06T06:10:39.695+0000] {processor.py:157} INFO - Started process (PID=28655) to work on /home/airflow/.local/lib/python3.7/site-packages/airflow/example_dags/example_complex.py
[2023-08-06T06:10:39.696+0000] {processor.py:826} INFO - Processing file /home/airflow/.local/lib/python3.7/site-packages/airflow/example_dags/example_complex.py for tasks to queue
[2023-08-06T06:10:39.696+0000] {logging_mixin.py:149} INFO - [2023-08-06T06:10:39.696+0000] {dagbag.py:541} INFO - Filling up the DagBag from /home/airflow/.local/lib/python3.7/site-packages/airflow/example_dags/example_complex.py
[2023-08-06T06:10:39.703+0000] {logging_mixin.py:149} INFO - [2023-08-06T06:10:39.703+0000] {taskmixin.py:211} WARNING - Dependency <Task(BashOperator): create_entry_group>, delete_entry_group already registered for DAG: example_complex
[2023-08-06T06:10:39.704+0000] {logging_mixin.py:149} INFO - [2023-08-06T06:10:39.704+0000] {taskmixin.py:211} WARNING - Dependency <Task(BashOperator): delete_entry_group>, create_entry_group already registered for DAG: example_complex
[2023-08-06T06:10:39.704+0000] {logging_mixin.py:149} INFO - [2023-08-06T06:10:39.704+0000] {taskmixin.py:211} WARNING - Dependency <Task(BashOperator): create_entry_gcs>, delete_entry already registered for DAG: example_complex
[2023-08-06T06:10:39.705+0000] {logging_mixin.py:149} INFO - [2023-08-06T06:10:39.705+0000] {taskmixin.py:211} WARNING - Dependency <Task(BashOperator): delete_entry>, create_entry_gcs already registered for DAG: example_complex
[2023-08-06T06:10:39.705+0000] {logging_mixin.py:149} INFO - [2023-08-06T06:10:39.705+0000] {taskmixin.py:211} WARNING - Dependency <Task(BashOperator): create_tag>, delete_tag already registered for DAG: example_complex
[2023-08-06T06:10:39.705+0000] {logging_mixin.py:149} INFO - [2023-08-06T06:10:39.705+0000] {taskmixin.py:211} WARNING - Dependency <Task(BashOperator): delete_tag>, create_tag already registered for DAG: example_complex
[2023-08-06T06:10:39.706+0000] {processor.py:836} INFO - DAG(s) dict_keys(['example_complex']) retrieved from /home/airflow/.local/lib/python3.7/site-packages/airflow/example_dags/example_complex.py
[2023-08-06T06:10:39.736+0000] {logging_mixin.py:149} INFO - [2023-08-06T06:10:39.736+0000] {dag.py:2726} INFO - Sync 1 DAGs
[2023-08-06T06:10:39.752+0000] {logging_mixin.py:149} INFO - [2023-08-06T06:10:39.752+0000] {dag.py:3490} INFO - Setting next_dagrun for example_complex to None, run_after=None
[2023-08-06T06:10:39.763+0000] {processor.py:179} INFO - Processing /home/airflow/.local/lib/python3.7/site-packages/airflow/example_dags/example_complex.py took 0.070 seconds
[2023-08-06T07:40:46.473+0000] {processor.py:157} INFO - Started process (PID=28720) to work on /home/airflow/.local/lib/python3.7/site-packages/airflow/example_dags/example_complex.py
[2023-08-06T07:40:46.474+0000] {processor.py:826} INFO - Processing file /home/airflow/.local/lib/python3.7/site-packages/airflow/example_dags/example_complex.py for tasks to queue
[2023-08-06T07:40:46.475+0000] {logging_mixin.py:149} INFO - [2023-08-06T07:40:46.475+0000] {dagbag.py:541} INFO - Filling up the DagBag from /home/airflow/.local/lib/python3.7/site-packages/airflow/example_dags/example_complex.py
[2023-08-06T07:40:46.482+0000] {logging_mixin.py:149} INFO - [2023-08-06T07:40:46.482+0000] {taskmixin.py:211} WARNING - Dependency <Task(BashOperator): create_entry_group>, delete_entry_group already registered for DAG: example_complex
[2023-08-06T07:40:46.483+0000] {logging_mixin.py:149} INFO - [2023-08-06T07:40:46.483+0000] {taskmixin.py:211} WARNING - Dependency <Task(BashOperator): delete_entry_group>, create_entry_group already registered for DAG: example_complex
[2023-08-06T07:40:46.483+0000] {logging_mixin.py:149} INFO - [2023-08-06T07:40:46.483+0000] {taskmixin.py:211} WARNING - Dependency <Task(BashOperator): create_entry_gcs>, delete_entry already registered for DAG: example_complex
[2023-08-06T07:40:46.483+0000] {logging_mixin.py:149} INFO - [2023-08-06T07:40:46.483+0000] {taskmixin.py:211} WARNING - Dependency <Task(BashOperator): delete_entry>, create_entry_gcs already registered for DAG: example_complex
[2023-08-06T07:40:46.484+0000] {logging_mixin.py:149} INFO - [2023-08-06T07:40:46.484+0000] {taskmixin.py:211} WARNING - Dependency <Task(BashOperator): create_tag>, delete_tag already registered for DAG: example_complex
[2023-08-06T07:40:46.484+0000] {logging_mixin.py:149} INFO - [2023-08-06T07:40:46.484+0000] {taskmixin.py:211} WARNING - Dependency <Task(BashOperator): delete_tag>, create_tag already registered for DAG: example_complex
[2023-08-06T07:40:46.485+0000] {processor.py:836} INFO - DAG(s) dict_keys(['example_complex']) retrieved from /home/airflow/.local/lib/python3.7/site-packages/airflow/example_dags/example_complex.py
[2023-08-06T07:40:46.509+0000] {logging_mixin.py:149} INFO - [2023-08-06T07:40:46.509+0000] {dag.py:2726} INFO - Sync 1 DAGs
[2023-08-06T07:40:46.523+0000] {logging_mixin.py:149} INFO - [2023-08-06T07:40:46.523+0000] {dag.py:3490} INFO - Setting next_dagrun for example_complex to None, run_after=None
[2023-08-06T07:40:46.534+0000] {processor.py:179} INFO - Processing /home/airflow/.local/lib/python3.7/site-packages/airflow/example_dags/example_complex.py took 0.064 seconds
[2023-08-06T08:45:49.274+0000] {processor.py:157} INFO - Started process (PID=28786) to work on /home/airflow/.local/lib/python3.7/site-packages/airflow/example_dags/example_complex.py
[2023-08-06T08:45:49.277+0000] {processor.py:826} INFO - Processing file /home/airflow/.local/lib/python3.7/site-packages/airflow/example_dags/example_complex.py for tasks to queue
[2023-08-06T08:45:49.284+0000] {logging_mixin.py:149} INFO - [2023-08-06T08:45:49.284+0000] {dagbag.py:541} INFO - Filling up the DagBag from /home/airflow/.local/lib/python3.7/site-packages/airflow/example_dags/example_complex.py
[2023-08-06T08:45:49.291+0000] {logging_mixin.py:149} INFO - [2023-08-06T08:45:49.291+0000] {taskmixin.py:211} WARNING - Dependency <Task(BashOperator): create_entry_group>, delete_entry_group already registered for DAG: example_complex
[2023-08-06T08:45:49.296+0000] {logging_mixin.py:149} INFO - [2023-08-06T08:45:49.296+0000] {taskmixin.py:211} WARNING - Dependency <Task(BashOperator): delete_entry_group>, create_entry_group already registered for DAG: example_complex
[2023-08-06T08:45:49.297+0000] {logging_mixin.py:149} INFO - [2023-08-06T08:45:49.297+0000] {taskmixin.py:211} WARNING - Dependency <Task(BashOperator): create_entry_gcs>, delete_entry already registered for DAG: example_complex
[2023-08-06T08:45:49.297+0000] {logging_mixin.py:149} INFO - [2023-08-06T08:45:49.297+0000] {taskmixin.py:211} WARNING - Dependency <Task(BashOperator): delete_entry>, create_entry_gcs already registered for DAG: example_complex
[2023-08-06T08:45:49.298+0000] {logging_mixin.py:149} INFO - [2023-08-06T08:45:49.298+0000] {taskmixin.py:211} WARNING - Dependency <Task(BashOperator): create_tag>, delete_tag already registered for DAG: example_complex
[2023-08-06T08:45:49.298+0000] {logging_mixin.py:149} INFO - [2023-08-06T08:45:49.298+0000] {taskmixin.py:211} WARNING - Dependency <Task(BashOperator): delete_tag>, create_tag already registered for DAG: example_complex
[2023-08-06T08:45:49.299+0000] {processor.py:836} INFO - DAG(s) dict_keys(['example_complex']) retrieved from /home/airflow/.local/lib/python3.7/site-packages/airflow/example_dags/example_complex.py
[2023-08-06T08:45:49.327+0000] {logging_mixin.py:149} INFO - [2023-08-06T08:45:49.327+0000] {dag.py:2726} INFO - Sync 1 DAGs
[2023-08-06T08:45:49.346+0000] {logging_mixin.py:149} INFO - [2023-08-06T08:45:49.345+0000] {dag.py:3490} INFO - Setting next_dagrun for example_complex to None, run_after=None
[2023-08-06T08:45:49.359+0000] {processor.py:179} INFO - Processing /home/airflow/.local/lib/python3.7/site-packages/airflow/example_dags/example_complex.py took 0.087 seconds
[2023-08-06T11:38:43.032+0000] {processor.py:157} INFO - Started process (PID=28852) to work on /home/airflow/.local/lib/python3.7/site-packages/airflow/example_dags/example_complex.py
[2023-08-06T11:38:43.033+0000] {processor.py:826} INFO - Processing file /home/airflow/.local/lib/python3.7/site-packages/airflow/example_dags/example_complex.py for tasks to queue
[2023-08-06T11:38:43.034+0000] {logging_mixin.py:149} INFO - [2023-08-06T11:38:43.034+0000] {dagbag.py:541} INFO - Filling up the DagBag from /home/airflow/.local/lib/python3.7/site-packages/airflow/example_dags/example_complex.py
[2023-08-06T11:38:43.041+0000] {logging_mixin.py:149} INFO - [2023-08-06T11:38:43.041+0000] {taskmixin.py:211} WARNING - Dependency <Task(BashOperator): create_entry_group>, delete_entry_group already registered for DAG: example_complex
[2023-08-06T11:38:43.041+0000] {logging_mixin.py:149} INFO - [2023-08-06T11:38:43.041+0000] {taskmixin.py:211} WARNING - Dependency <Task(BashOperator): delete_entry_group>, create_entry_group already registered for DAG: example_complex
[2023-08-06T11:38:43.041+0000] {logging_mixin.py:149} INFO - [2023-08-06T11:38:43.041+0000] {taskmixin.py:211} WARNING - Dependency <Task(BashOperator): create_entry_gcs>, delete_entry already registered for DAG: example_complex
[2023-08-06T11:38:43.042+0000] {logging_mixin.py:149} INFO - [2023-08-06T11:38:43.042+0000] {taskmixin.py:211} WARNING - Dependency <Task(BashOperator): delete_entry>, create_entry_gcs already registered for DAG: example_complex
[2023-08-06T11:38:43.042+0000] {logging_mixin.py:149} INFO - [2023-08-06T11:38:43.042+0000] {taskmixin.py:211} WARNING - Dependency <Task(BashOperator): create_tag>, delete_tag already registered for DAG: example_complex
[2023-08-06T11:38:43.042+0000] {logging_mixin.py:149} INFO - [2023-08-06T11:38:43.042+0000] {taskmixin.py:211} WARNING - Dependency <Task(BashOperator): delete_tag>, create_tag already registered for DAG: example_complex
[2023-08-06T11:38:43.043+0000] {processor.py:836} INFO - DAG(s) dict_keys(['example_complex']) retrieved from /home/airflow/.local/lib/python3.7/site-packages/airflow/example_dags/example_complex.py
[2023-08-06T11:38:43.082+0000] {logging_mixin.py:149} INFO - [2023-08-06T11:38:43.082+0000] {dag.py:2726} INFO - Sync 1 DAGs
[2023-08-06T11:38:43.102+0000] {logging_mixin.py:149} INFO - [2023-08-06T11:38:43.102+0000] {dag.py:3490} INFO - Setting next_dagrun for example_complex to None, run_after=None
[2023-08-06T11:38:43.116+0000] {processor.py:179} INFO - Processing /home/airflow/.local/lib/python3.7/site-packages/airflow/example_dags/example_complex.py took 0.087 seconds
[2023-08-06T13:13:51.961+0000] {processor.py:157} INFO - Started process (PID=28918) to work on /home/airflow/.local/lib/python3.7/site-packages/airflow/example_dags/example_complex.py
[2023-08-06T13:13:51.962+0000] {processor.py:826} INFO - Processing file /home/airflow/.local/lib/python3.7/site-packages/airflow/example_dags/example_complex.py for tasks to queue
[2023-08-06T13:13:51.963+0000] {logging_mixin.py:149} INFO - [2023-08-06T13:13:51.963+0000] {dagbag.py:541} INFO - Filling up the DagBag from /home/airflow/.local/lib/python3.7/site-packages/airflow/example_dags/example_complex.py
[2023-08-06T13:13:51.971+0000] {logging_mixin.py:149} INFO - [2023-08-06T13:13:51.971+0000] {taskmixin.py:211} WARNING - Dependency <Task(BashOperator): create_entry_group>, delete_entry_group already registered for DAG: example_complex
[2023-08-06T13:13:51.972+0000] {logging_mixin.py:149} INFO - [2023-08-06T13:13:51.972+0000] {taskmixin.py:211} WARNING - Dependency <Task(BashOperator): delete_entry_group>, create_entry_group already registered for DAG: example_complex
[2023-08-06T13:13:51.972+0000] {logging_mixin.py:149} INFO - [2023-08-06T13:13:51.972+0000] {taskmixin.py:211} WARNING - Dependency <Task(BashOperator): create_entry_gcs>, delete_entry already registered for DAG: example_complex
[2023-08-06T13:13:51.973+0000] {logging_mixin.py:149} INFO - [2023-08-06T13:13:51.973+0000] {taskmixin.py:211} WARNING - Dependency <Task(BashOperator): delete_entry>, create_entry_gcs already registered for DAG: example_complex
[2023-08-06T13:13:51.973+0000] {logging_mixin.py:149} INFO - [2023-08-06T13:13:51.973+0000] {taskmixin.py:211} WARNING - Dependency <Task(BashOperator): create_tag>, delete_tag already registered for DAG: example_complex
[2023-08-06T13:13:51.974+0000] {logging_mixin.py:149} INFO - [2023-08-06T13:13:51.974+0000] {taskmixin.py:211} WARNING - Dependency <Task(BashOperator): delete_tag>, create_tag already registered for DAG: example_complex
[2023-08-06T13:13:51.975+0000] {processor.py:836} INFO - DAG(s) dict_keys(['example_complex']) retrieved from /home/airflow/.local/lib/python3.7/site-packages/airflow/example_dags/example_complex.py
[2023-08-06T13:13:52.000+0000] {logging_mixin.py:149} INFO - [2023-08-06T13:13:52.000+0000] {dag.py:2726} INFO - Sync 1 DAGs
[2023-08-06T13:13:52.014+0000] {logging_mixin.py:149} INFO - [2023-08-06T13:13:52.014+0000] {dag.py:3490} INFO - Setting next_dagrun for example_complex to None, run_after=None
[2023-08-06T13:13:52.025+0000] {processor.py:179} INFO - Processing /home/airflow/.local/lib/python3.7/site-packages/airflow/example_dags/example_complex.py took 0.066 seconds
[2023-08-06T14:15:14.850+0000] {processor.py:157} INFO - Started process (PID=28984) to work on /home/airflow/.local/lib/python3.7/site-packages/airflow/example_dags/example_complex.py
[2023-08-06T14:15:14.851+0000] {processor.py:826} INFO - Processing file /home/airflow/.local/lib/python3.7/site-packages/airflow/example_dags/example_complex.py for tasks to queue
[2023-08-06T14:15:14.852+0000] {logging_mixin.py:149} INFO - [2023-08-06T14:15:14.851+0000] {dagbag.py:541} INFO - Filling up the DagBag from /home/airflow/.local/lib/python3.7/site-packages/airflow/example_dags/example_complex.py
[2023-08-06T14:15:14.859+0000] {logging_mixin.py:149} INFO - [2023-08-06T14:15:14.859+0000] {taskmixin.py:211} WARNING - Dependency <Task(BashOperator): create_entry_group>, delete_entry_group already registered for DAG: example_complex
[2023-08-06T14:15:14.860+0000] {logging_mixin.py:149} INFO - [2023-08-06T14:15:14.860+0000] {taskmixin.py:211} WARNING - Dependency <Task(BashOperator): delete_entry_group>, create_entry_group already registered for DAG: example_complex
[2023-08-06T14:15:14.861+0000] {logging_mixin.py:149} INFO - [2023-08-06T14:15:14.861+0000] {taskmixin.py:211} WARNING - Dependency <Task(BashOperator): create_entry_gcs>, delete_entry already registered for DAG: example_complex
[2023-08-06T14:15:14.861+0000] {logging_mixin.py:149} INFO - [2023-08-06T14:15:14.861+0000] {taskmixin.py:211} WARNING - Dependency <Task(BashOperator): delete_entry>, create_entry_gcs already registered for DAG: example_complex
[2023-08-06T14:15:14.862+0000] {logging_mixin.py:149} INFO - [2023-08-06T14:15:14.861+0000] {taskmixin.py:211} WARNING - Dependency <Task(BashOperator): create_tag>, delete_tag already registered for DAG: example_complex
[2023-08-06T14:15:14.862+0000] {logging_mixin.py:149} INFO - [2023-08-06T14:15:14.862+0000] {taskmixin.py:211} WARNING - Dependency <Task(BashOperator): delete_tag>, create_tag already registered for DAG: example_complex
[2023-08-06T14:15:14.863+0000] {processor.py:836} INFO - DAG(s) dict_keys(['example_complex']) retrieved from /home/airflow/.local/lib/python3.7/site-packages/airflow/example_dags/example_complex.py
[2023-08-06T14:15:14.891+0000] {logging_mixin.py:149} INFO - [2023-08-06T14:15:14.891+0000] {dag.py:2726} INFO - Sync 1 DAGs
[2023-08-06T14:15:14.906+0000] {logging_mixin.py:149} INFO - [2023-08-06T14:15:14.906+0000] {dag.py:3490} INFO - Setting next_dagrun for example_complex to None, run_after=None
[2023-08-06T14:15:14.919+0000] {processor.py:179} INFO - Processing /home/airflow/.local/lib/python3.7/site-packages/airflow/example_dags/example_complex.py took 0.073 seconds
[2023-08-06T19:25:10.550+0000] {processor.py:157} INFO - Started process (PID=29049) to work on /home/airflow/.local/lib/python3.7/site-packages/airflow/example_dags/example_complex.py
[2023-08-06T19:25:10.552+0000] {processor.py:826} INFO - Processing file /home/airflow/.local/lib/python3.7/site-packages/airflow/example_dags/example_complex.py for tasks to queue
[2023-08-06T19:25:10.553+0000] {logging_mixin.py:149} INFO - [2023-08-06T19:25:10.552+0000] {dagbag.py:541} INFO - Filling up the DagBag from /home/airflow/.local/lib/python3.7/site-packages/airflow/example_dags/example_complex.py
[2023-08-06T19:25:10.561+0000] {logging_mixin.py:149} INFO - [2023-08-06T19:25:10.561+0000] {taskmixin.py:211} WARNING - Dependency <Task(BashOperator): create_entry_group>, delete_entry_group already registered for DAG: example_complex
[2023-08-06T19:25:10.561+0000] {logging_mixin.py:149} INFO - [2023-08-06T19:25:10.561+0000] {taskmixin.py:211} WARNING - Dependency <Task(BashOperator): delete_entry_group>, create_entry_group already registered for DAG: example_complex
[2023-08-06T19:25:10.562+0000] {logging_mixin.py:149} INFO - [2023-08-06T19:25:10.562+0000] {taskmixin.py:211} WARNING - Dependency <Task(BashOperator): create_entry_gcs>, delete_entry already registered for DAG: example_complex
[2023-08-06T19:25:10.562+0000] {logging_mixin.py:149} INFO - [2023-08-06T19:25:10.562+0000] {taskmixin.py:211} WARNING - Dependency <Task(BashOperator): delete_entry>, create_entry_gcs already registered for DAG: example_complex
[2023-08-06T19:25:10.563+0000] {logging_mixin.py:149} INFO - [2023-08-06T19:25:10.563+0000] {taskmixin.py:211} WARNING - Dependency <Task(BashOperator): create_tag>, delete_tag already registered for DAG: example_complex
[2023-08-06T19:25:10.563+0000] {logging_mixin.py:149} INFO - [2023-08-06T19:25:10.563+0000] {taskmixin.py:211} WARNING - Dependency <Task(BashOperator): delete_tag>, create_tag already registered for DAG: example_complex
[2023-08-06T19:25:10.565+0000] {processor.py:836} INFO - DAG(s) dict_keys(['example_complex']) retrieved from /home/airflow/.local/lib/python3.7/site-packages/airflow/example_dags/example_complex.py
[2023-08-06T19:25:10.603+0000] {logging_mixin.py:149} INFO - [2023-08-06T19:25:10.602+0000] {dag.py:2726} INFO - Sync 1 DAGs
[2023-08-06T19:25:10.626+0000] {logging_mixin.py:149} INFO - [2023-08-06T19:25:10.626+0000] {dag.py:3490} INFO - Setting next_dagrun for example_complex to None, run_after=None
[2023-08-06T19:25:10.641+0000] {processor.py:179} INFO - Processing /home/airflow/.local/lib/python3.7/site-packages/airflow/example_dags/example_complex.py took 0.096 seconds
[2023-08-06T22:53:29.749+0000] {processor.py:157} INFO - Started process (PID=29115) to work on /home/airflow/.local/lib/python3.7/site-packages/airflow/example_dags/example_complex.py
[2023-08-06T22:53:29.751+0000] {processor.py:826} INFO - Processing file /home/airflow/.local/lib/python3.7/site-packages/airflow/example_dags/example_complex.py for tasks to queue
[2023-08-06T22:53:29.752+0000] {logging_mixin.py:149} INFO - [2023-08-06T22:53:29.752+0000] {dagbag.py:541} INFO - Filling up the DagBag from /home/airflow/.local/lib/python3.7/site-packages/airflow/example_dags/example_complex.py
[2023-08-06T22:53:29.760+0000] {logging_mixin.py:149} INFO - [2023-08-06T22:53:29.760+0000] {taskmixin.py:211} WARNING - Dependency <Task(BashOperator): create_entry_group>, delete_entry_group already registered for DAG: example_complex
[2023-08-06T22:53:29.761+0000] {logging_mixin.py:149} INFO - [2023-08-06T22:53:29.761+0000] {taskmixin.py:211} WARNING - Dependency <Task(BashOperator): delete_entry_group>, create_entry_group already registered for DAG: example_complex
[2023-08-06T22:53:29.761+0000] {logging_mixin.py:149} INFO - [2023-08-06T22:53:29.761+0000] {taskmixin.py:211} WARNING - Dependency <Task(BashOperator): create_entry_gcs>, delete_entry already registered for DAG: example_complex
[2023-08-06T22:53:29.762+0000] {logging_mixin.py:149} INFO - [2023-08-06T22:53:29.762+0000] {taskmixin.py:211} WARNING - Dependency <Task(BashOperator): delete_entry>, create_entry_gcs already registered for DAG: example_complex
[2023-08-06T22:53:29.763+0000] {logging_mixin.py:149} INFO - [2023-08-06T22:53:29.762+0000] {taskmixin.py:211} WARNING - Dependency <Task(BashOperator): create_tag>, delete_tag already registered for DAG: example_complex
[2023-08-06T22:53:29.763+0000] {logging_mixin.py:149} INFO - [2023-08-06T22:53:29.763+0000] {taskmixin.py:211} WARNING - Dependency <Task(BashOperator): delete_tag>, create_tag already registered for DAG: example_complex
[2023-08-06T22:53:29.765+0000] {processor.py:836} INFO - DAG(s) dict_keys(['example_complex']) retrieved from /home/airflow/.local/lib/python3.7/site-packages/airflow/example_dags/example_complex.py
[2023-08-06T22:53:29.796+0000] {logging_mixin.py:149} INFO - [2023-08-06T22:53:29.795+0000] {dag.py:2726} INFO - Sync 1 DAGs
[2023-08-06T22:53:29.814+0000] {logging_mixin.py:149} INFO - [2023-08-06T22:53:29.814+0000] {dag.py:3490} INFO - Setting next_dagrun for example_complex to None, run_after=None
[2023-08-06T22:53:29.826+0000] {processor.py:179} INFO - Processing /home/airflow/.local/lib/python3.7/site-packages/airflow/example_dags/example_complex.py took 0.081 seconds
