[2023-08-06T06:10:39.122+0000] {processor.py:157} INFO - Started process (PID=28644) to work on /home/airflow/.local/lib/python3.7/site-packages/airflow/example_dags/example_time_delta_sensor_async.py
[2023-08-06T06:10:39.125+0000] {processor.py:826} INFO - Processing file /home/airflow/.local/lib/python3.7/site-packages/airflow/example_dags/example_time_delta_sensor_async.py for tasks to queue
[2023-08-06T06:10:39.126+0000] {logging_mixin.py:149} INFO - [2023-08-06T06:10:39.126+0000] {dagbag.py:541} INFO - Filling up the DagBag from /home/airflow/.local/lib/python3.7/site-packages/airflow/example_dags/example_time_delta_sensor_async.py
[2023-08-06T06:10:39.130+0000] {processor.py:836} INFO - DAG(s) dict_keys(['example_time_delta_sensor_async']) retrieved from /home/airflow/.local/lib/python3.7/site-packages/airflow/example_dags/example_time_delta_sensor_async.py
[2023-08-06T06:10:39.150+0000] {logging_mixin.py:149} INFO - [2023-08-06T06:10:39.150+0000] {dag.py:2726} INFO - Sync 1 DAGs
[2023-08-06T06:10:39.165+0000] {logging_mixin.py:149} INFO - [2023-08-06T06:10:39.165+0000] {dag.py:3490} INFO - Setting next_dagrun for example_time_delta_sensor_async to None, run_after=None
[2023-08-06T06:10:39.175+0000] {processor.py:179} INFO - Processing /home/airflow/.local/lib/python3.7/site-packages/airflow/example_dags/example_time_delta_sensor_async.py took 0.056 seconds
[2023-08-06T07:40:45.921+0000] {processor.py:157} INFO - Started process (PID=28709) to work on /home/airflow/.local/lib/python3.7/site-packages/airflow/example_dags/example_time_delta_sensor_async.py
[2023-08-06T07:40:45.922+0000] {processor.py:826} INFO - Processing file /home/airflow/.local/lib/python3.7/site-packages/airflow/example_dags/example_time_delta_sensor_async.py for tasks to queue
[2023-08-06T07:40:45.923+0000] {logging_mixin.py:149} INFO - [2023-08-06T07:40:45.923+0000] {dagbag.py:541} INFO - Filling up the DagBag from /home/airflow/.local/lib/python3.7/site-packages/airflow/example_dags/example_time_delta_sensor_async.py
[2023-08-06T07:40:45.931+0000] {processor.py:836} INFO - DAG(s) dict_keys(['example_time_delta_sensor_async']) retrieved from /home/airflow/.local/lib/python3.7/site-packages/airflow/example_dags/example_time_delta_sensor_async.py
[2023-08-06T07:40:45.953+0000] {logging_mixin.py:149} INFO - [2023-08-06T07:40:45.953+0000] {dag.py:2726} INFO - Sync 1 DAGs
[2023-08-06T07:40:45.968+0000] {logging_mixin.py:149} INFO - [2023-08-06T07:40:45.968+0000] {dag.py:3490} INFO - Setting next_dagrun for example_time_delta_sensor_async to None, run_after=None
[2023-08-06T07:40:45.978+0000] {processor.py:179} INFO - Processing /home/airflow/.local/lib/python3.7/site-packages/airflow/example_dags/example_time_delta_sensor_async.py took 0.060 seconds
[2023-08-06T08:45:48.687+0000] {processor.py:157} INFO - Started process (PID=28775) to work on /home/airflow/.local/lib/python3.7/site-packages/airflow/example_dags/example_time_delta_sensor_async.py
[2023-08-06T08:45:48.688+0000] {processor.py:826} INFO - Processing file /home/airflow/.local/lib/python3.7/site-packages/airflow/example_dags/example_time_delta_sensor_async.py for tasks to queue
[2023-08-06T08:45:48.688+0000] {logging_mixin.py:149} INFO - [2023-08-06T08:45:48.688+0000] {dagbag.py:541} INFO - Filling up the DagBag from /home/airflow/.local/lib/python3.7/site-packages/airflow/example_dags/example_time_delta_sensor_async.py
[2023-08-06T08:45:48.692+0000] {processor.py:836} INFO - DAG(s) dict_keys(['example_time_delta_sensor_async']) retrieved from /home/airflow/.local/lib/python3.7/site-packages/airflow/example_dags/example_time_delta_sensor_async.py
[2023-08-06T08:45:48.717+0000] {logging_mixin.py:149} INFO - [2023-08-06T08:45:48.717+0000] {dag.py:2726} INFO - Sync 1 DAGs
[2023-08-06T08:45:48.736+0000] {logging_mixin.py:149} INFO - [2023-08-06T08:45:48.736+0000] {dag.py:3490} INFO - Setting next_dagrun for example_time_delta_sensor_async to None, run_after=None
[2023-08-06T08:45:48.754+0000] {processor.py:179} INFO - Processing /home/airflow/.local/lib/python3.7/site-packages/airflow/example_dags/example_time_delta_sensor_async.py took 0.070 seconds
[2023-08-06T11:38:42.484+0000] {processor.py:157} INFO - Started process (PID=28841) to work on /home/airflow/.local/lib/python3.7/site-packages/airflow/example_dags/example_time_delta_sensor_async.py
[2023-08-06T11:38:42.485+0000] {processor.py:826} INFO - Processing file /home/airflow/.local/lib/python3.7/site-packages/airflow/example_dags/example_time_delta_sensor_async.py for tasks to queue
[2023-08-06T11:38:42.485+0000] {logging_mixin.py:149} INFO - [2023-08-06T11:38:42.485+0000] {dagbag.py:541} INFO - Filling up the DagBag from /home/airflow/.local/lib/python3.7/site-packages/airflow/example_dags/example_time_delta_sensor_async.py
[2023-08-06T11:38:42.489+0000] {processor.py:836} INFO - DAG(s) dict_keys(['example_time_delta_sensor_async']) retrieved from /home/airflow/.local/lib/python3.7/site-packages/airflow/example_dags/example_time_delta_sensor_async.py
[2023-08-06T11:38:42.509+0000] {logging_mixin.py:149} INFO - [2023-08-06T11:38:42.509+0000] {dag.py:2726} INFO - Sync 1 DAGs
[2023-08-06T11:38:42.524+0000] {logging_mixin.py:149} INFO - [2023-08-06T11:38:42.524+0000] {dag.py:3490} INFO - Setting next_dagrun for example_time_delta_sensor_async to None, run_after=None
[2023-08-06T11:38:42.534+0000] {processor.py:179} INFO - Processing /home/airflow/.local/lib/python3.7/site-packages/airflow/example_dags/example_time_delta_sensor_async.py took 0.053 seconds
[2023-08-06T13:13:51.282+0000] {processor.py:157} INFO - Started process (PID=28907) to work on /home/airflow/.local/lib/python3.7/site-packages/airflow/example_dags/example_time_delta_sensor_async.py
[2023-08-06T13:13:51.283+0000] {processor.py:826} INFO - Processing file /home/airflow/.local/lib/python3.7/site-packages/airflow/example_dags/example_time_delta_sensor_async.py for tasks to queue
[2023-08-06T13:13:51.283+0000] {logging_mixin.py:149} INFO - [2023-08-06T13:13:51.283+0000] {dagbag.py:541} INFO - Filling up the DagBag from /home/airflow/.local/lib/python3.7/site-packages/airflow/example_dags/example_time_delta_sensor_async.py
[2023-08-06T13:13:51.289+0000] {processor.py:836} INFO - DAG(s) dict_keys(['example_time_delta_sensor_async']) retrieved from /home/airflow/.local/lib/python3.7/site-packages/airflow/example_dags/example_time_delta_sensor_async.py
[2023-08-06T13:13:51.311+0000] {logging_mixin.py:149} INFO - [2023-08-06T13:13:51.311+0000] {dag.py:2726} INFO - Sync 1 DAGs
[2023-08-06T13:13:51.329+0000] {logging_mixin.py:149} INFO - [2023-08-06T13:13:51.329+0000] {dag.py:3490} INFO - Setting next_dagrun for example_time_delta_sensor_async to None, run_after=None
[2023-08-06T13:13:51.350+0000] {processor.py:179} INFO - Processing /home/airflow/.local/lib/python3.7/site-packages/airflow/example_dags/example_time_delta_sensor_async.py took 0.072 seconds
[2023-08-06T14:15:14.318+0000] {processor.py:157} INFO - Started process (PID=28973) to work on /home/airflow/.local/lib/python3.7/site-packages/airflow/example_dags/example_time_delta_sensor_async.py
[2023-08-06T14:15:14.319+0000] {processor.py:826} INFO - Processing file /home/airflow/.local/lib/python3.7/site-packages/airflow/example_dags/example_time_delta_sensor_async.py for tasks to queue
[2023-08-06T14:15:14.320+0000] {logging_mixin.py:149} INFO - [2023-08-06T14:15:14.320+0000] {dagbag.py:541} INFO - Filling up the DagBag from /home/airflow/.local/lib/python3.7/site-packages/airflow/example_dags/example_time_delta_sensor_async.py
[2023-08-06T14:15:14.325+0000] {processor.py:836} INFO - DAG(s) dict_keys(['example_time_delta_sensor_async']) retrieved from /home/airflow/.local/lib/python3.7/site-packages/airflow/example_dags/example_time_delta_sensor_async.py
[2023-08-06T14:15:14.347+0000] {logging_mixin.py:149} INFO - [2023-08-06T14:15:14.347+0000] {dag.py:2726} INFO - Sync 1 DAGs
[2023-08-06T14:15:14.368+0000] {logging_mixin.py:149} INFO - [2023-08-06T14:15:14.368+0000] {dag.py:3490} INFO - Setting next_dagrun for example_time_delta_sensor_async to None, run_after=None
[2023-08-06T14:15:14.379+0000] {processor.py:179} INFO - Processing /home/airflow/.local/lib/python3.7/site-packages/airflow/example_dags/example_time_delta_sensor_async.py took 0.064 seconds
[2023-08-06T19:25:09.649+0000] {processor.py:157} INFO - Started process (PID=29038) to work on /home/airflow/.local/lib/python3.7/site-packages/airflow/example_dags/example_time_delta_sensor_async.py
[2023-08-06T19:25:09.653+0000] {processor.py:826} INFO - Processing file /home/airflow/.local/lib/python3.7/site-packages/airflow/example_dags/example_time_delta_sensor_async.py for tasks to queue
[2023-08-06T19:25:09.654+0000] {logging_mixin.py:149} INFO - [2023-08-06T19:25:09.653+0000] {dagbag.py:541} INFO - Filling up the DagBag from /home/airflow/.local/lib/python3.7/site-packages/airflow/example_dags/example_time_delta_sensor_async.py
[2023-08-06T19:25:09.662+0000] {processor.py:836} INFO - DAG(s) dict_keys(['example_time_delta_sensor_async']) retrieved from /home/airflow/.local/lib/python3.7/site-packages/airflow/example_dags/example_time_delta_sensor_async.py
[2023-08-06T19:25:09.696+0000] {logging_mixin.py:149} INFO - [2023-08-06T19:25:09.696+0000] {dag.py:2726} INFO - Sync 1 DAGs
[2023-08-06T19:25:09.724+0000] {logging_mixin.py:149} INFO - [2023-08-06T19:25:09.724+0000] {dag.py:3490} INFO - Setting next_dagrun for example_time_delta_sensor_async to None, run_after=None
[2023-08-06T19:25:09.747+0000] {processor.py:179} INFO - Processing /home/airflow/.local/lib/python3.7/site-packages/airflow/example_dags/example_time_delta_sensor_async.py took 0.107 seconds
[2023-08-06T22:53:29.052+0000] {processor.py:157} INFO - Started process (PID=29104) to work on /home/airflow/.local/lib/python3.7/site-packages/airflow/example_dags/example_time_delta_sensor_async.py
[2023-08-06T22:53:29.054+0000] {processor.py:826} INFO - Processing file /home/airflow/.local/lib/python3.7/site-packages/airflow/example_dags/example_time_delta_sensor_async.py for tasks to queue
[2023-08-06T22:53:29.055+0000] {logging_mixin.py:149} INFO - [2023-08-06T22:53:29.055+0000] {dagbag.py:541} INFO - Filling up the DagBag from /home/airflow/.local/lib/python3.7/site-packages/airflow/example_dags/example_time_delta_sensor_async.py
[2023-08-06T22:53:29.059+0000] {processor.py:836} INFO - DAG(s) dict_keys(['example_time_delta_sensor_async']) retrieved from /home/airflow/.local/lib/python3.7/site-packages/airflow/example_dags/example_time_delta_sensor_async.py
[2023-08-06T22:53:29.082+0000] {logging_mixin.py:149} INFO - [2023-08-06T22:53:29.082+0000] {dag.py:2726} INFO - Sync 1 DAGs
[2023-08-06T22:53:29.099+0000] {logging_mixin.py:149} INFO - [2023-08-06T22:53:29.098+0000] {dag.py:3490} INFO - Setting next_dagrun for example_time_delta_sensor_async to None, run_after=None
[2023-08-06T22:53:29.125+0000] {processor.py:179} INFO - Processing /home/airflow/.local/lib/python3.7/site-packages/airflow/example_dags/example_time_delta_sensor_async.py took 0.076 seconds
