[2023-08-06T06:10:39.894+0000] {processor.py:157} INFO - Started process (PID=28659) to work on /home/airflow/.local/lib/python3.7/site-packages/airflow/example_dags/example_xcom.py
[2023-08-06T06:10:39.895+0000] {processor.py:826} INFO - Processing file /home/airflow/.local/lib/python3.7/site-packages/airflow/example_dags/example_xcom.py for tasks to queue
[2023-08-06T06:10:39.896+0000] {logging_mixin.py:149} INFO - [2023-08-06T06:10:39.896+0000] {dagbag.py:541} INFO - Filling up the DagBag from /home/airflow/.local/lib/python3.7/site-packages/airflow/example_dags/example_xcom.py
[2023-08-06T06:10:39.902+0000] {processor.py:836} INFO - DAG(s) dict_keys(['example_xcom']) retrieved from /home/airflow/.local/lib/python3.7/site-packages/airflow/example_dags/example_xcom.py
[2023-08-06T06:10:39.933+0000] {logging_mixin.py:149} INFO - [2023-08-06T06:10:39.933+0000] {dag.py:2726} INFO - Sync 1 DAGs
[2023-08-06T06:10:39.949+0000] {logging_mixin.py:149} INFO - [2023-08-06T06:10:39.948+0000] {dag.py:3490} INFO - Setting next_dagrun for example_xcom to 2021-01-01T00:00:00+00:00, run_after=2021-01-01T00:00:00+00:00
[2023-08-06T06:10:39.960+0000] {processor.py:179} INFO - Processing /home/airflow/.local/lib/python3.7/site-packages/airflow/example_dags/example_xcom.py took 0.069 seconds
[2023-08-06T07:40:46.646+0000] {processor.py:157} INFO - Started process (PID=28724) to work on /home/airflow/.local/lib/python3.7/site-packages/airflow/example_dags/example_xcom.py
[2023-08-06T07:40:46.647+0000] {processor.py:826} INFO - Processing file /home/airflow/.local/lib/python3.7/site-packages/airflow/example_dags/example_xcom.py for tasks to queue
[2023-08-06T07:40:46.648+0000] {logging_mixin.py:149} INFO - [2023-08-06T07:40:46.648+0000] {dagbag.py:541} INFO - Filling up the DagBag from /home/airflow/.local/lib/python3.7/site-packages/airflow/example_dags/example_xcom.py
[2023-08-06T07:40:46.654+0000] {processor.py:836} INFO - DAG(s) dict_keys(['example_xcom']) retrieved from /home/airflow/.local/lib/python3.7/site-packages/airflow/example_dags/example_xcom.py
[2023-08-06T07:40:46.674+0000] {logging_mixin.py:149} INFO - [2023-08-06T07:40:46.674+0000] {dag.py:2726} INFO - Sync 1 DAGs
[2023-08-06T07:40:46.688+0000] {logging_mixin.py:149} INFO - [2023-08-06T07:40:46.688+0000] {dag.py:3490} INFO - Setting next_dagrun for example_xcom to 2021-01-01T00:00:00+00:00, run_after=2021-01-01T00:00:00+00:00
[2023-08-06T07:40:46.704+0000] {processor.py:179} INFO - Processing /home/airflow/.local/lib/python3.7/site-packages/airflow/example_dags/example_xcom.py took 0.061 seconds
[2023-08-06T08:45:49.492+0000] {processor.py:157} INFO - Started process (PID=28790) to work on /home/airflow/.local/lib/python3.7/site-packages/airflow/example_dags/example_xcom.py
[2023-08-06T08:45:49.493+0000] {processor.py:826} INFO - Processing file /home/airflow/.local/lib/python3.7/site-packages/airflow/example_dags/example_xcom.py for tasks to queue
[2023-08-06T08:45:49.494+0000] {logging_mixin.py:149} INFO - [2023-08-06T08:45:49.494+0000] {dagbag.py:541} INFO - Filling up the DagBag from /home/airflow/.local/lib/python3.7/site-packages/airflow/example_dags/example_xcom.py
[2023-08-06T08:45:49.500+0000] {processor.py:836} INFO - DAG(s) dict_keys(['example_xcom']) retrieved from /home/airflow/.local/lib/python3.7/site-packages/airflow/example_dags/example_xcom.py
[2023-08-06T08:45:49.522+0000] {logging_mixin.py:149} INFO - [2023-08-06T08:45:49.522+0000] {dag.py:2726} INFO - Sync 1 DAGs
[2023-08-06T08:45:49.541+0000] {logging_mixin.py:149} INFO - [2023-08-06T08:45:49.541+0000] {dag.py:3490} INFO - Setting next_dagrun for example_xcom to 2021-01-01T00:00:00+00:00, run_after=2021-01-01T00:00:00+00:00
[2023-08-06T08:45:49.555+0000] {processor.py:179} INFO - Processing /home/airflow/.local/lib/python3.7/site-packages/airflow/example_dags/example_xcom.py took 0.066 seconds
[2023-08-06T11:38:43.259+0000] {processor.py:157} INFO - Started process (PID=28856) to work on /home/airflow/.local/lib/python3.7/site-packages/airflow/example_dags/example_xcom.py
[2023-08-06T11:38:43.260+0000] {processor.py:826} INFO - Processing file /home/airflow/.local/lib/python3.7/site-packages/airflow/example_dags/example_xcom.py for tasks to queue
[2023-08-06T11:38:43.261+0000] {logging_mixin.py:149} INFO - [2023-08-06T11:38:43.261+0000] {dagbag.py:541} INFO - Filling up the DagBag from /home/airflow/.local/lib/python3.7/site-packages/airflow/example_dags/example_xcom.py
[2023-08-06T11:38:43.267+0000] {processor.py:836} INFO - DAG(s) dict_keys(['example_xcom']) retrieved from /home/airflow/.local/lib/python3.7/site-packages/airflow/example_dags/example_xcom.py
[2023-08-06T11:38:43.288+0000] {logging_mixin.py:149} INFO - [2023-08-06T11:38:43.288+0000] {dag.py:2726} INFO - Sync 1 DAGs
[2023-08-06T11:38:43.304+0000] {logging_mixin.py:149} INFO - [2023-08-06T11:38:43.303+0000] {dag.py:3490} INFO - Setting next_dagrun for example_xcom to 2021-01-01T00:00:00+00:00, run_after=2021-01-01T00:00:00+00:00
[2023-08-06T11:38:43.315+0000] {processor.py:179} INFO - Processing /home/airflow/.local/lib/python3.7/site-packages/airflow/example_dags/example_xcom.py took 0.058 seconds
[2023-08-06T13:13:52.143+0000] {processor.py:157} INFO - Started process (PID=28922) to work on /home/airflow/.local/lib/python3.7/site-packages/airflow/example_dags/example_xcom.py
[2023-08-06T13:13:52.144+0000] {processor.py:826} INFO - Processing file /home/airflow/.local/lib/python3.7/site-packages/airflow/example_dags/example_xcom.py for tasks to queue
[2023-08-06T13:13:52.145+0000] {logging_mixin.py:149} INFO - [2023-08-06T13:13:52.145+0000] {dagbag.py:541} INFO - Filling up the DagBag from /home/airflow/.local/lib/python3.7/site-packages/airflow/example_dags/example_xcom.py
[2023-08-06T13:13:52.151+0000] {processor.py:836} INFO - DAG(s) dict_keys(['example_xcom']) retrieved from /home/airflow/.local/lib/python3.7/site-packages/airflow/example_dags/example_xcom.py
[2023-08-06T13:13:52.176+0000] {logging_mixin.py:149} INFO - [2023-08-06T13:13:52.176+0000] {dag.py:2726} INFO - Sync 1 DAGs
[2023-08-06T13:13:52.194+0000] {logging_mixin.py:149} INFO - [2023-08-06T13:13:52.194+0000] {dag.py:3490} INFO - Setting next_dagrun for example_xcom to 2021-01-01T00:00:00+00:00, run_after=2021-01-01T00:00:00+00:00
[2023-08-06T13:13:52.209+0000] {processor.py:179} INFO - Processing /home/airflow/.local/lib/python3.7/site-packages/airflow/example_dags/example_xcom.py took 0.069 seconds
[2023-08-06T14:15:15.068+0000] {processor.py:157} INFO - Started process (PID=28988) to work on /home/airflow/.local/lib/python3.7/site-packages/airflow/example_dags/example_xcom.py
[2023-08-06T14:15:15.069+0000] {processor.py:826} INFO - Processing file /home/airflow/.local/lib/python3.7/site-packages/airflow/example_dags/example_xcom.py for tasks to queue
[2023-08-06T14:15:15.074+0000] {logging_mixin.py:149} INFO - [2023-08-06T14:15:15.074+0000] {dagbag.py:541} INFO - Filling up the DagBag from /home/airflow/.local/lib/python3.7/site-packages/airflow/example_dags/example_xcom.py
[2023-08-06T14:15:15.082+0000] {processor.py:836} INFO - DAG(s) dict_keys(['example_xcom']) retrieved from /home/airflow/.local/lib/python3.7/site-packages/airflow/example_dags/example_xcom.py
[2023-08-06T14:15:15.104+0000] {logging_mixin.py:149} INFO - [2023-08-06T14:15:15.104+0000] {dag.py:2726} INFO - Sync 1 DAGs
[2023-08-06T14:15:15.122+0000] {logging_mixin.py:149} INFO - [2023-08-06T14:15:15.122+0000] {dag.py:3490} INFO - Setting next_dagrun for example_xcom to 2021-01-01T00:00:00+00:00, run_after=2021-01-01T00:00:00+00:00
[2023-08-06T14:15:15.135+0000] {processor.py:179} INFO - Processing /home/airflow/.local/lib/python3.7/site-packages/airflow/example_dags/example_xcom.py took 0.070 seconds
[2023-08-06T19:25:10.788+0000] {processor.py:157} INFO - Started process (PID=29053) to work on /home/airflow/.local/lib/python3.7/site-packages/airflow/example_dags/example_xcom.py
[2023-08-06T19:25:10.790+0000] {processor.py:826} INFO - Processing file /home/airflow/.local/lib/python3.7/site-packages/airflow/example_dags/example_xcom.py for tasks to queue
[2023-08-06T19:25:10.791+0000] {logging_mixin.py:149} INFO - [2023-08-06T19:25:10.790+0000] {dagbag.py:541} INFO - Filling up the DagBag from /home/airflow/.local/lib/python3.7/site-packages/airflow/example_dags/example_xcom.py
[2023-08-06T19:25:10.797+0000] {processor.py:836} INFO - DAG(s) dict_keys(['example_xcom']) retrieved from /home/airflow/.local/lib/python3.7/site-packages/airflow/example_dags/example_xcom.py
[2023-08-06T19:25:10.819+0000] {logging_mixin.py:149} INFO - [2023-08-06T19:25:10.819+0000] {dag.py:2726} INFO - Sync 1 DAGs
[2023-08-06T19:25:10.842+0000] {logging_mixin.py:149} INFO - [2023-08-06T19:25:10.842+0000] {dag.py:3490} INFO - Setting next_dagrun for example_xcom to 2021-01-01T00:00:00+00:00, run_after=2021-01-01T00:00:00+00:00
[2023-08-06T19:25:10.853+0000] {processor.py:179} INFO - Processing /home/airflow/.local/lib/python3.7/site-packages/airflow/example_dags/example_xcom.py took 0.068 seconds
[2023-08-06T22:53:29.956+0000] {processor.py:157} INFO - Started process (PID=29119) to work on /home/airflow/.local/lib/python3.7/site-packages/airflow/example_dags/example_xcom.py
[2023-08-06T22:53:29.957+0000] {processor.py:826} INFO - Processing file /home/airflow/.local/lib/python3.7/site-packages/airflow/example_dags/example_xcom.py for tasks to queue
[2023-08-06T22:53:29.958+0000] {logging_mixin.py:149} INFO - [2023-08-06T22:53:29.958+0000] {dagbag.py:541} INFO - Filling up the DagBag from /home/airflow/.local/lib/python3.7/site-packages/airflow/example_dags/example_xcom.py
[2023-08-06T22:53:29.965+0000] {processor.py:836} INFO - DAG(s) dict_keys(['example_xcom']) retrieved from /home/airflow/.local/lib/python3.7/site-packages/airflow/example_dags/example_xcom.py
[2023-08-06T22:53:29.986+0000] {logging_mixin.py:149} INFO - [2023-08-06T22:53:29.986+0000] {dag.py:2726} INFO - Sync 1 DAGs
[2023-08-06T22:53:30.002+0000] {logging_mixin.py:149} INFO - [2023-08-06T22:53:30.001+0000] {dag.py:3490} INFO - Setting next_dagrun for example_xcom to 2021-01-01T00:00:00+00:00, run_after=2021-01-01T00:00:00+00:00
[2023-08-06T22:53:30.016+0000] {processor.py:179} INFO - Processing /home/airflow/.local/lib/python3.7/site-packages/airflow/example_dags/example_xcom.py took 0.063 seconds
