[2023-08-06T06:10:39.495+0000] {processor.py:157} INFO - Started process (PID=28651) to work on /home/airflow/.local/lib/python3.7/site-packages/airflow/example_dags/example_nested_branch_dag.py
[2023-08-06T06:10:39.496+0000] {processor.py:826} INFO - Processing file /home/airflow/.local/lib/python3.7/site-packages/airflow/example_dags/example_nested_branch_dag.py for tasks to queue
[2023-08-06T06:10:39.497+0000] {logging_mixin.py:149} INFO - [2023-08-06T06:10:39.497+0000] {dagbag.py:541} INFO - Filling up the DagBag from /home/airflow/.local/lib/python3.7/site-packages/airflow/example_dags/example_nested_branch_dag.py
[2023-08-06T06:10:39.505+0000] {processor.py:836} INFO - DAG(s) dict_keys(['example_nested_branch_dag']) retrieved from /home/airflow/.local/lib/python3.7/site-packages/airflow/example_dags/example_nested_branch_dag.py
[2023-08-06T06:10:39.527+0000] {logging_mixin.py:149} INFO - [2023-08-06T06:10:39.527+0000] {dag.py:2726} INFO - Sync 1 DAGs
[2023-08-06T06:10:39.544+0000] {logging_mixin.py:149} INFO - [2023-08-06T06:10:39.543+0000] {dag.py:3490} INFO - Setting next_dagrun for example_nested_branch_dag to 2023-08-05T00:00:00+00:00, run_after=2023-08-06T00:00:00+00:00
[2023-08-06T06:10:39.558+0000] {processor.py:179} INFO - Processing /home/airflow/.local/lib/python3.7/site-packages/airflow/example_dags/example_nested_branch_dag.py took 0.066 seconds
[2023-08-06T07:40:46.231+0000] {processor.py:157} INFO - Started process (PID=28716) to work on /home/airflow/.local/lib/python3.7/site-packages/airflow/example_dags/example_nested_branch_dag.py
[2023-08-06T07:40:46.232+0000] {processor.py:826} INFO - Processing file /home/airflow/.local/lib/python3.7/site-packages/airflow/example_dags/example_nested_branch_dag.py for tasks to queue
[2023-08-06T07:40:46.233+0000] {logging_mixin.py:149} INFO - [2023-08-06T07:40:46.233+0000] {dagbag.py:541} INFO - Filling up the DagBag from /home/airflow/.local/lib/python3.7/site-packages/airflow/example_dags/example_nested_branch_dag.py
[2023-08-06T07:40:46.241+0000] {processor.py:836} INFO - DAG(s) dict_keys(['example_nested_branch_dag']) retrieved from /home/airflow/.local/lib/python3.7/site-packages/airflow/example_dags/example_nested_branch_dag.py
[2023-08-06T07:40:46.263+0000] {logging_mixin.py:149} INFO - [2023-08-06T07:40:46.263+0000] {dag.py:2726} INFO - Sync 1 DAGs
[2023-08-06T07:40:46.280+0000] {logging_mixin.py:149} INFO - [2023-08-06T07:40:46.279+0000] {dag.py:3490} INFO - Setting next_dagrun for example_nested_branch_dag to 2023-08-05T00:00:00+00:00, run_after=2023-08-06T00:00:00+00:00
[2023-08-06T07:40:46.294+0000] {processor.py:179} INFO - Processing /home/airflow/.local/lib/python3.7/site-packages/airflow/example_dags/example_nested_branch_dag.py took 0.067 seconds
[2023-08-06T08:45:49.044+0000] {processor.py:157} INFO - Started process (PID=28782) to work on /home/airflow/.local/lib/python3.7/site-packages/airflow/example_dags/example_nested_branch_dag.py
[2023-08-06T08:45:49.046+0000] {processor.py:826} INFO - Processing file /home/airflow/.local/lib/python3.7/site-packages/airflow/example_dags/example_nested_branch_dag.py for tasks to queue
[2023-08-06T08:45:49.047+0000] {logging_mixin.py:149} INFO - [2023-08-06T08:45:49.047+0000] {dagbag.py:541} INFO - Filling up the DagBag from /home/airflow/.local/lib/python3.7/site-packages/airflow/example_dags/example_nested_branch_dag.py
[2023-08-06T08:45:49.060+0000] {processor.py:836} INFO - DAG(s) dict_keys(['example_nested_branch_dag']) retrieved from /home/airflow/.local/lib/python3.7/site-packages/airflow/example_dags/example_nested_branch_dag.py
[2023-08-06T08:45:49.084+0000] {logging_mixin.py:149} INFO - [2023-08-06T08:45:49.084+0000] {dag.py:2726} INFO - Sync 1 DAGs
[2023-08-06T08:45:49.107+0000] {logging_mixin.py:149} INFO - [2023-08-06T08:45:49.107+0000] {dag.py:3490} INFO - Setting next_dagrun for example_nested_branch_dag to 2023-08-05T00:00:00+00:00, run_after=2023-08-06T00:00:00+00:00
[2023-08-06T08:45:49.123+0000] {processor.py:179} INFO - Processing /home/airflow/.local/lib/python3.7/site-packages/airflow/example_dags/example_nested_branch_dag.py took 0.081 seconds
[2023-08-06T11:38:42.830+0000] {processor.py:157} INFO - Started process (PID=28848) to work on /home/airflow/.local/lib/python3.7/site-packages/airflow/example_dags/example_nested_branch_dag.py
[2023-08-06T11:38:42.832+0000] {processor.py:826} INFO - Processing file /home/airflow/.local/lib/python3.7/site-packages/airflow/example_dags/example_nested_branch_dag.py for tasks to queue
[2023-08-06T11:38:42.833+0000] {logging_mixin.py:149} INFO - [2023-08-06T11:38:42.833+0000] {dagbag.py:541} INFO - Filling up the DagBag from /home/airflow/.local/lib/python3.7/site-packages/airflow/example_dags/example_nested_branch_dag.py
[2023-08-06T11:38:42.842+0000] {processor.py:836} INFO - DAG(s) dict_keys(['example_nested_branch_dag']) retrieved from /home/airflow/.local/lib/python3.7/site-packages/airflow/example_dags/example_nested_branch_dag.py
[2023-08-06T11:38:42.868+0000] {logging_mixin.py:149} INFO - [2023-08-06T11:38:42.868+0000] {dag.py:2726} INFO - Sync 1 DAGs
[2023-08-06T11:38:42.886+0000] {logging_mixin.py:149} INFO - [2023-08-06T11:38:42.886+0000] {dag.py:3490} INFO - Setting next_dagrun for example_nested_branch_dag to 2023-08-05T00:00:00+00:00, run_after=2023-08-06T00:00:00+00:00
[2023-08-06T11:38:42.904+0000] {processor.py:179} INFO - Processing /home/airflow/.local/lib/python3.7/site-packages/airflow/example_dags/example_nested_branch_dag.py took 0.077 seconds
[2023-08-06T13:13:51.710+0000] {processor.py:157} INFO - Started process (PID=28914) to work on /home/airflow/.local/lib/python3.7/site-packages/airflow/example_dags/example_nested_branch_dag.py
[2023-08-06T13:13:51.711+0000] {processor.py:826} INFO - Processing file /home/airflow/.local/lib/python3.7/site-packages/airflow/example_dags/example_nested_branch_dag.py for tasks to queue
[2023-08-06T13:13:51.711+0000] {logging_mixin.py:149} INFO - [2023-08-06T13:13:51.711+0000] {dagbag.py:541} INFO - Filling up the DagBag from /home/airflow/.local/lib/python3.7/site-packages/airflow/example_dags/example_nested_branch_dag.py
[2023-08-06T13:13:51.720+0000] {processor.py:836} INFO - DAG(s) dict_keys(['example_nested_branch_dag']) retrieved from /home/airflow/.local/lib/python3.7/site-packages/airflow/example_dags/example_nested_branch_dag.py
[2023-08-06T13:13:51.746+0000] {logging_mixin.py:149} INFO - [2023-08-06T13:13:51.746+0000] {dag.py:2726} INFO - Sync 1 DAGs
[2023-08-06T13:13:51.768+0000] {logging_mixin.py:149} INFO - [2023-08-06T13:13:51.768+0000] {dag.py:3490} INFO - Setting next_dagrun for example_nested_branch_dag to 2023-08-05T00:00:00+00:00, run_after=2023-08-06T00:00:00+00:00
[2023-08-06T13:13:51.779+0000] {processor.py:179} INFO - Processing /home/airflow/.local/lib/python3.7/site-packages/airflow/example_dags/example_nested_branch_dag.py took 0.073 seconds
[2023-08-06T14:15:14.641+0000] {processor.py:157} INFO - Started process (PID=28980) to work on /home/airflow/.local/lib/python3.7/site-packages/airflow/example_dags/example_nested_branch_dag.py
[2023-08-06T14:15:14.642+0000] {processor.py:826} INFO - Processing file /home/airflow/.local/lib/python3.7/site-packages/airflow/example_dags/example_nested_branch_dag.py for tasks to queue
[2023-08-06T14:15:14.646+0000] {logging_mixin.py:149} INFO - [2023-08-06T14:15:14.645+0000] {dagbag.py:541} INFO - Filling up the DagBag from /home/airflow/.local/lib/python3.7/site-packages/airflow/example_dags/example_nested_branch_dag.py
[2023-08-06T14:15:14.656+0000] {processor.py:836} INFO - DAG(s) dict_keys(['example_nested_branch_dag']) retrieved from /home/airflow/.local/lib/python3.7/site-packages/airflow/example_dags/example_nested_branch_dag.py
[2023-08-06T14:15:14.678+0000] {logging_mixin.py:149} INFO - [2023-08-06T14:15:14.678+0000] {dag.py:2726} INFO - Sync 1 DAGs
[2023-08-06T14:15:14.695+0000] {logging_mixin.py:149} INFO - [2023-08-06T14:15:14.695+0000] {dag.py:3490} INFO - Setting next_dagrun for example_nested_branch_dag to 2023-08-05T00:00:00+00:00, run_after=2023-08-06T00:00:00+00:00
[2023-08-06T14:15:14.709+0000] {processor.py:179} INFO - Processing /home/airflow/.local/lib/python3.7/site-packages/airflow/example_dags/example_nested_branch_dag.py took 0.071 seconds
[2023-08-06T19:25:10.341+0000] {processor.py:157} INFO - Started process (PID=29045) to work on /home/airflow/.local/lib/python3.7/site-packages/airflow/example_dags/example_nested_branch_dag.py
[2023-08-06T19:25:10.342+0000] {processor.py:826} INFO - Processing file /home/airflow/.local/lib/python3.7/site-packages/airflow/example_dags/example_nested_branch_dag.py for tasks to queue
[2023-08-06T19:25:10.343+0000] {logging_mixin.py:149} INFO - [2023-08-06T19:25:10.343+0000] {dagbag.py:541} INFO - Filling up the DagBag from /home/airflow/.local/lib/python3.7/site-packages/airflow/example_dags/example_nested_branch_dag.py
[2023-08-06T19:25:10.353+0000] {processor.py:836} INFO - DAG(s) dict_keys(['example_nested_branch_dag']) retrieved from /home/airflow/.local/lib/python3.7/site-packages/airflow/example_dags/example_nested_branch_dag.py
[2023-08-06T19:25:10.380+0000] {logging_mixin.py:149} INFO - [2023-08-06T19:25:10.380+0000] {dag.py:2726} INFO - Sync 1 DAGs
[2023-08-06T19:25:10.397+0000] {logging_mixin.py:149} INFO - [2023-08-06T19:25:10.397+0000] {dag.py:3490} INFO - Setting next_dagrun for example_nested_branch_dag to 2023-08-05T00:00:00+00:00, run_after=2023-08-06T00:00:00+00:00
[2023-08-06T19:25:10.408+0000] {processor.py:179} INFO - Processing /home/airflow/.local/lib/python3.7/site-packages/airflow/example_dags/example_nested_branch_dag.py took 0.072 seconds
[2023-08-06T22:53:29.446+0000] {processor.py:157} INFO - Started process (PID=29111) to work on /home/airflow/.local/lib/python3.7/site-packages/airflow/example_dags/example_nested_branch_dag.py
[2023-08-06T22:53:29.447+0000] {processor.py:826} INFO - Processing file /home/airflow/.local/lib/python3.7/site-packages/airflow/example_dags/example_nested_branch_dag.py for tasks to queue
[2023-08-06T22:53:29.448+0000] {logging_mixin.py:149} INFO - [2023-08-06T22:53:29.448+0000] {dagbag.py:541} INFO - Filling up the DagBag from /home/airflow/.local/lib/python3.7/site-packages/airflow/example_dags/example_nested_branch_dag.py
[2023-08-06T22:53:29.457+0000] {processor.py:836} INFO - DAG(s) dict_keys(['example_nested_branch_dag']) retrieved from /home/airflow/.local/lib/python3.7/site-packages/airflow/example_dags/example_nested_branch_dag.py
[2023-08-06T22:53:29.484+0000] {logging_mixin.py:149} INFO - [2023-08-06T22:53:29.484+0000] {dag.py:2726} INFO - Sync 1 DAGs
[2023-08-06T22:53:29.505+0000] {logging_mixin.py:149} INFO - [2023-08-06T22:53:29.504+0000] {dag.py:3490} INFO - Setting next_dagrun for example_nested_branch_dag to 2023-08-05T00:00:00+00:00, run_after=2023-08-06T00:00:00+00:00
[2023-08-06T22:53:29.520+0000] {processor.py:179} INFO - Processing /home/airflow/.local/lib/python3.7/site-packages/airflow/example_dags/example_nested_branch_dag.py took 0.082 seconds
