[2023-08-06T06:10:40.906+0000] {processor.py:157} INFO - Started process (PID=28678) to work on /home/airflow/.local/lib/python3.7/site-packages/airflow/example_dags/example_branch_day_of_week_operator.py
[2023-08-06T06:10:40.907+0000] {processor.py:826} INFO - Processing file /home/airflow/.local/lib/python3.7/site-packages/airflow/example_dags/example_branch_day_of_week_operator.py for tasks to queue
[2023-08-06T06:10:40.908+0000] {logging_mixin.py:149} INFO - [2023-08-06T06:10:40.908+0000] {dagbag.py:541} INFO - Filling up the DagBag from /home/airflow/.local/lib/python3.7/site-packages/airflow/example_dags/example_branch_day_of_week_operator.py
[2023-08-06T06:10:40.914+0000] {processor.py:836} INFO - DAG(s) dict_keys(['example_weekday_branch_operator']) retrieved from /home/airflow/.local/lib/python3.7/site-packages/airflow/example_dags/example_branch_day_of_week_operator.py
[2023-08-06T06:10:40.937+0000] {logging_mixin.py:149} INFO - [2023-08-06T06:10:40.937+0000] {dag.py:2726} INFO - Sync 1 DAGs
[2023-08-06T06:10:40.953+0000] {logging_mixin.py:149} INFO - [2023-08-06T06:10:40.953+0000] {dag.py:3490} INFO - Setting next_dagrun for example_weekday_branch_operator to 2023-08-05T00:00:00+00:00, run_after=2023-08-06T00:00:00+00:00
[2023-08-06T06:10:40.969+0000] {processor.py:179} INFO - Processing /home/airflow/.local/lib/python3.7/site-packages/airflow/example_dags/example_branch_day_of_week_operator.py took 0.066 seconds
[2023-08-06T07:40:47.718+0000] {processor.py:157} INFO - Started process (PID=28743) to work on /home/airflow/.local/lib/python3.7/site-packages/airflow/example_dags/example_branch_day_of_week_operator.py
[2023-08-06T07:40:47.720+0000] {processor.py:826} INFO - Processing file /home/airflow/.local/lib/python3.7/site-packages/airflow/example_dags/example_branch_day_of_week_operator.py for tasks to queue
[2023-08-06T07:40:47.720+0000] {logging_mixin.py:149} INFO - [2023-08-06T07:40:47.720+0000] {dagbag.py:541} INFO - Filling up the DagBag from /home/airflow/.local/lib/python3.7/site-packages/airflow/example_dags/example_branch_day_of_week_operator.py
[2023-08-06T07:40:47.727+0000] {processor.py:836} INFO - DAG(s) dict_keys(['example_weekday_branch_operator']) retrieved from /home/airflow/.local/lib/python3.7/site-packages/airflow/example_dags/example_branch_day_of_week_operator.py
[2023-08-06T07:40:47.751+0000] {logging_mixin.py:149} INFO - [2023-08-06T07:40:47.751+0000] {dag.py:2726} INFO - Sync 1 DAGs
[2023-08-06T07:40:47.769+0000] {logging_mixin.py:149} INFO - [2023-08-06T07:40:47.769+0000] {dag.py:3490} INFO - Setting next_dagrun for example_weekday_branch_operator to 2023-08-05T00:00:00+00:00, run_after=2023-08-06T00:00:00+00:00
[2023-08-06T07:40:47.779+0000] {processor.py:179} INFO - Processing /home/airflow/.local/lib/python3.7/site-packages/airflow/example_dags/example_branch_day_of_week_operator.py took 0.064 seconds
[2023-08-06T08:45:50.552+0000] {processor.py:157} INFO - Started process (PID=28809) to work on /home/airflow/.local/lib/python3.7/site-packages/airflow/example_dags/example_branch_day_of_week_operator.py
[2023-08-06T08:45:50.554+0000] {processor.py:826} INFO - Processing file /home/airflow/.local/lib/python3.7/site-packages/airflow/example_dags/example_branch_day_of_week_operator.py for tasks to queue
[2023-08-06T08:45:50.555+0000] {logging_mixin.py:149} INFO - [2023-08-06T08:45:50.555+0000] {dagbag.py:541} INFO - Filling up the DagBag from /home/airflow/.local/lib/python3.7/site-packages/airflow/example_dags/example_branch_day_of_week_operator.py
[2023-08-06T08:45:50.562+0000] {processor.py:836} INFO - DAG(s) dict_keys(['example_weekday_branch_operator']) retrieved from /home/airflow/.local/lib/python3.7/site-packages/airflow/example_dags/example_branch_day_of_week_operator.py
[2023-08-06T08:45:50.583+0000] {logging_mixin.py:149} INFO - [2023-08-06T08:45:50.583+0000] {dag.py:2726} INFO - Sync 1 DAGs
[2023-08-06T08:45:50.602+0000] {logging_mixin.py:149} INFO - [2023-08-06T08:45:50.602+0000] {dag.py:3490} INFO - Setting next_dagrun for example_weekday_branch_operator to 2023-08-05T00:00:00+00:00, run_after=2023-08-06T00:00:00+00:00
[2023-08-06T08:45:50.617+0000] {processor.py:179} INFO - Processing /home/airflow/.local/lib/python3.7/site-packages/airflow/example_dags/example_branch_day_of_week_operator.py took 0.068 seconds
[2023-08-06T11:38:44.237+0000] {processor.py:157} INFO - Started process (PID=28875) to work on /home/airflow/.local/lib/python3.7/site-packages/airflow/example_dags/example_branch_day_of_week_operator.py
[2023-08-06T11:38:44.238+0000] {processor.py:826} INFO - Processing file /home/airflow/.local/lib/python3.7/site-packages/airflow/example_dags/example_branch_day_of_week_operator.py for tasks to queue
[2023-08-06T11:38:44.239+0000] {logging_mixin.py:149} INFO - [2023-08-06T11:38:44.239+0000] {dagbag.py:541} INFO - Filling up the DagBag from /home/airflow/.local/lib/python3.7/site-packages/airflow/example_dags/example_branch_day_of_week_operator.py
[2023-08-06T11:38:44.248+0000] {processor.py:836} INFO - DAG(s) dict_keys(['example_weekday_branch_operator']) retrieved from /home/airflow/.local/lib/python3.7/site-packages/airflow/example_dags/example_branch_day_of_week_operator.py
[2023-08-06T11:38:44.270+0000] {logging_mixin.py:149} INFO - [2023-08-06T11:38:44.270+0000] {dag.py:2726} INFO - Sync 1 DAGs
[2023-08-06T11:38:44.286+0000] {logging_mixin.py:149} INFO - [2023-08-06T11:38:44.286+0000] {dag.py:3490} INFO - Setting next_dagrun for example_weekday_branch_operator to 2023-08-05T00:00:00+00:00, run_after=2023-08-06T00:00:00+00:00
[2023-08-06T11:38:44.297+0000] {processor.py:179} INFO - Processing /home/airflow/.local/lib/python3.7/site-packages/airflow/example_dags/example_branch_day_of_week_operator.py took 0.063 seconds
[2023-08-06T13:13:53.236+0000] {processor.py:157} INFO - Started process (PID=28941) to work on /home/airflow/.local/lib/python3.7/site-packages/airflow/example_dags/example_branch_day_of_week_operator.py
[2023-08-06T13:13:53.237+0000] {processor.py:826} INFO - Processing file /home/airflow/.local/lib/python3.7/site-packages/airflow/example_dags/example_branch_day_of_week_operator.py for tasks to queue
[2023-08-06T13:13:53.238+0000] {logging_mixin.py:149} INFO - [2023-08-06T13:13:53.238+0000] {dagbag.py:541} INFO - Filling up the DagBag from /home/airflow/.local/lib/python3.7/site-packages/airflow/example_dags/example_branch_day_of_week_operator.py
[2023-08-06T13:13:53.244+0000] {processor.py:836} INFO - DAG(s) dict_keys(['example_weekday_branch_operator']) retrieved from /home/airflow/.local/lib/python3.7/site-packages/airflow/example_dags/example_branch_day_of_week_operator.py
[2023-08-06T13:13:53.264+0000] {logging_mixin.py:149} INFO - [2023-08-06T13:13:53.263+0000] {dag.py:2726} INFO - Sync 1 DAGs
[2023-08-06T13:13:53.280+0000] {logging_mixin.py:149} INFO - [2023-08-06T13:13:53.280+0000] {dag.py:3490} INFO - Setting next_dagrun for example_weekday_branch_operator to 2023-08-05T00:00:00+00:00, run_after=2023-08-06T00:00:00+00:00
[2023-08-06T13:13:53.297+0000] {processor.py:179} INFO - Processing /home/airflow/.local/lib/python3.7/site-packages/airflow/example_dags/example_branch_day_of_week_operator.py took 0.066 seconds
[2023-08-06T14:15:16.112+0000] {processor.py:157} INFO - Started process (PID=29007) to work on /home/airflow/.local/lib/python3.7/site-packages/airflow/example_dags/example_branch_day_of_week_operator.py
[2023-08-06T14:15:16.113+0000] {processor.py:826} INFO - Processing file /home/airflow/.local/lib/python3.7/site-packages/airflow/example_dags/example_branch_day_of_week_operator.py for tasks to queue
[2023-08-06T14:15:16.114+0000] {logging_mixin.py:149} INFO - [2023-08-06T14:15:16.114+0000] {dagbag.py:541} INFO - Filling up the DagBag from /home/airflow/.local/lib/python3.7/site-packages/airflow/example_dags/example_branch_day_of_week_operator.py
[2023-08-06T14:15:16.121+0000] {processor.py:836} INFO - DAG(s) dict_keys(['example_weekday_branch_operator']) retrieved from /home/airflow/.local/lib/python3.7/site-packages/airflow/example_dags/example_branch_day_of_week_operator.py
[2023-08-06T14:15:16.144+0000] {logging_mixin.py:149} INFO - [2023-08-06T14:15:16.144+0000] {dag.py:2726} INFO - Sync 1 DAGs
[2023-08-06T14:15:16.161+0000] {logging_mixin.py:149} INFO - [2023-08-06T14:15:16.161+0000] {dag.py:3490} INFO - Setting next_dagrun for example_weekday_branch_operator to 2023-08-05T00:00:00+00:00, run_after=2023-08-06T00:00:00+00:00
[2023-08-06T14:15:16.178+0000] {processor.py:179} INFO - Processing /home/airflow/.local/lib/python3.7/site-packages/airflow/example_dags/example_branch_day_of_week_operator.py took 0.071 seconds
[2023-08-06T19:25:11.896+0000] {processor.py:157} INFO - Started process (PID=29072) to work on /home/airflow/.local/lib/python3.7/site-packages/airflow/example_dags/example_branch_day_of_week_operator.py
[2023-08-06T19:25:11.897+0000] {processor.py:826} INFO - Processing file /home/airflow/.local/lib/python3.7/site-packages/airflow/example_dags/example_branch_day_of_week_operator.py for tasks to queue
[2023-08-06T19:25:11.898+0000] {logging_mixin.py:149} INFO - [2023-08-06T19:25:11.898+0000] {dagbag.py:541} INFO - Filling up the DagBag from /home/airflow/.local/lib/python3.7/site-packages/airflow/example_dags/example_branch_day_of_week_operator.py
[2023-08-06T19:25:11.905+0000] {processor.py:836} INFO - DAG(s) dict_keys(['example_weekday_branch_operator']) retrieved from /home/airflow/.local/lib/python3.7/site-packages/airflow/example_dags/example_branch_day_of_week_operator.py
[2023-08-06T19:25:11.928+0000] {logging_mixin.py:149} INFO - [2023-08-06T19:25:11.928+0000] {dag.py:2726} INFO - Sync 1 DAGs
[2023-08-06T19:25:11.944+0000] {logging_mixin.py:149} INFO - [2023-08-06T19:25:11.944+0000] {dag.py:3490} INFO - Setting next_dagrun for example_weekday_branch_operator to 2023-08-05T00:00:00+00:00, run_after=2023-08-06T00:00:00+00:00
[2023-08-06T19:25:11.957+0000] {processor.py:179} INFO - Processing /home/airflow/.local/lib/python3.7/site-packages/airflow/example_dags/example_branch_day_of_week_operator.py took 0.065 seconds
[2023-08-06T22:53:31.470+0000] {processor.py:157} INFO - Started process (PID=29138) to work on /home/airflow/.local/lib/python3.7/site-packages/airflow/example_dags/example_branch_day_of_week_operator.py
[2023-08-06T22:53:31.471+0000] {processor.py:826} INFO - Processing file /home/airflow/.local/lib/python3.7/site-packages/airflow/example_dags/example_branch_day_of_week_operator.py for tasks to queue
[2023-08-06T22:53:31.472+0000] {logging_mixin.py:149} INFO - [2023-08-06T22:53:31.472+0000] {dagbag.py:541} INFO - Filling up the DagBag from /home/airflow/.local/lib/python3.7/site-packages/airflow/example_dags/example_branch_day_of_week_operator.py
[2023-08-06T22:53:31.483+0000] {processor.py:836} INFO - DAG(s) dict_keys(['example_weekday_branch_operator']) retrieved from /home/airflow/.local/lib/python3.7/site-packages/airflow/example_dags/example_branch_day_of_week_operator.py
[2023-08-06T22:53:31.520+0000] {logging_mixin.py:149} INFO - [2023-08-06T22:53:31.519+0000] {dag.py:2726} INFO - Sync 1 DAGs
[2023-08-06T22:53:31.551+0000] {logging_mixin.py:149} INFO - [2023-08-06T22:53:31.551+0000] {dag.py:3490} INFO - Setting next_dagrun for example_weekday_branch_operator to 2023-08-05T00:00:00+00:00, run_after=2023-08-06T00:00:00+00:00
[2023-08-06T22:53:31.575+0000] {processor.py:179} INFO - Processing /home/airflow/.local/lib/python3.7/site-packages/airflow/example_dags/example_branch_day_of_week_operator.py took 0.108 seconds
