[2023-08-06T06:10:40.298+0000] {processor.py:157} INFO - Started process (PID=28667) to work on /home/airflow/.local/lib/python3.7/site-packages/airflow/example_dags/example_latest_only.py
[2023-08-06T06:10:40.299+0000] {processor.py:826} INFO - Processing file /home/airflow/.local/lib/python3.7/site-packages/airflow/example_dags/example_latest_only.py for tasks to queue
[2023-08-06T06:10:40.299+0000] {logging_mixin.py:149} INFO - [2023-08-06T06:10:40.299+0000] {dagbag.py:541} INFO - Filling up the DagBag from /home/airflow/.local/lib/python3.7/site-packages/airflow/example_dags/example_latest_only.py
[2023-08-06T06:10:40.305+0000] {processor.py:836} INFO - DAG(s) dict_keys(['latest_only']) retrieved from /home/airflow/.local/lib/python3.7/site-packages/airflow/example_dags/example_latest_only.py
[2023-08-06T06:10:40.324+0000] {logging_mixin.py:149} INFO - [2023-08-06T06:10:40.324+0000] {dag.py:2726} INFO - Sync 1 DAGs
[2023-08-06T06:10:40.340+0000] {logging_mixin.py:149} INFO - [2023-08-06T06:10:40.340+0000] {dag.py:3490} INFO - Setting next_dagrun for latest_only to 2023-08-06T02:10:40.340000+00:00, run_after=2023-08-06T06:10:40.340000+00:00
[2023-08-06T06:10:40.351+0000] {processor.py:179} INFO - Processing /home/airflow/.local/lib/python3.7/site-packages/airflow/example_dags/example_latest_only.py took 0.057 seconds
[2023-08-06T07:40:47.074+0000] {processor.py:157} INFO - Started process (PID=28732) to work on /home/airflow/.local/lib/python3.7/site-packages/airflow/example_dags/example_latest_only.py
[2023-08-06T07:40:47.075+0000] {processor.py:826} INFO - Processing file /home/airflow/.local/lib/python3.7/site-packages/airflow/example_dags/example_latest_only.py for tasks to queue
[2023-08-06T07:40:47.076+0000] {logging_mixin.py:149} INFO - [2023-08-06T07:40:47.076+0000] {dagbag.py:541} INFO - Filling up the DagBag from /home/airflow/.local/lib/python3.7/site-packages/airflow/example_dags/example_latest_only.py
[2023-08-06T07:40:47.082+0000] {processor.py:836} INFO - DAG(s) dict_keys(['latest_only']) retrieved from /home/airflow/.local/lib/python3.7/site-packages/airflow/example_dags/example_latest_only.py
[2023-08-06T07:40:47.102+0000] {logging_mixin.py:149} INFO - [2023-08-06T07:40:47.102+0000] {dag.py:2726} INFO - Sync 1 DAGs
[2023-08-06T07:40:47.118+0000] {logging_mixin.py:149} INFO - [2023-08-06T07:40:47.118+0000] {dag.py:3490} INFO - Setting next_dagrun for latest_only to 2023-08-06T03:40:47.118326+00:00, run_after=2023-08-06T07:40:47.118326+00:00
[2023-08-06T07:40:47.129+0000] {processor.py:179} INFO - Processing /home/airflow/.local/lib/python3.7/site-packages/airflow/example_dags/example_latest_only.py took 0.059 seconds
[2023-08-06T08:45:49.920+0000] {processor.py:157} INFO - Started process (PID=28798) to work on /home/airflow/.local/lib/python3.7/site-packages/airflow/example_dags/example_latest_only.py
[2023-08-06T08:45:49.921+0000] {processor.py:826} INFO - Processing file /home/airflow/.local/lib/python3.7/site-packages/airflow/example_dags/example_latest_only.py for tasks to queue
[2023-08-06T08:45:49.921+0000] {logging_mixin.py:149} INFO - [2023-08-06T08:45:49.921+0000] {dagbag.py:541} INFO - Filling up the DagBag from /home/airflow/.local/lib/python3.7/site-packages/airflow/example_dags/example_latest_only.py
[2023-08-06T08:45:49.926+0000] {processor.py:836} INFO - DAG(s) dict_keys(['latest_only']) retrieved from /home/airflow/.local/lib/python3.7/site-packages/airflow/example_dags/example_latest_only.py
[2023-08-06T08:45:49.946+0000] {logging_mixin.py:149} INFO - [2023-08-06T08:45:49.946+0000] {dag.py:2726} INFO - Sync 1 DAGs
[2023-08-06T08:45:49.963+0000] {logging_mixin.py:149} INFO - [2023-08-06T08:45:49.963+0000] {dag.py:3490} INFO - Setting next_dagrun for latest_only to 2023-08-06T04:45:49.962807+00:00, run_after=2023-08-06T08:45:49.962807+00:00
[2023-08-06T08:45:49.985+0000] {processor.py:179} INFO - Processing /home/airflow/.local/lib/python3.7/site-packages/airflow/example_dags/example_latest_only.py took 0.068 seconds
[2023-08-06T11:38:43.640+0000] {processor.py:157} INFO - Started process (PID=28864) to work on /home/airflow/.local/lib/python3.7/site-packages/airflow/example_dags/example_latest_only.py
[2023-08-06T11:38:43.641+0000] {processor.py:826} INFO - Processing file /home/airflow/.local/lib/python3.7/site-packages/airflow/example_dags/example_latest_only.py for tasks to queue
[2023-08-06T11:38:43.642+0000] {logging_mixin.py:149} INFO - [2023-08-06T11:38:43.642+0000] {dagbag.py:541} INFO - Filling up the DagBag from /home/airflow/.local/lib/python3.7/site-packages/airflow/example_dags/example_latest_only.py
[2023-08-06T11:38:43.646+0000] {processor.py:836} INFO - DAG(s) dict_keys(['latest_only']) retrieved from /home/airflow/.local/lib/python3.7/site-packages/airflow/example_dags/example_latest_only.py
[2023-08-06T11:38:43.666+0000] {logging_mixin.py:149} INFO - [2023-08-06T11:38:43.665+0000] {dag.py:2726} INFO - Sync 1 DAGs
[2023-08-06T11:38:43.682+0000] {logging_mixin.py:149} INFO - [2023-08-06T11:38:43.682+0000] {dag.py:3490} INFO - Setting next_dagrun for latest_only to 2023-08-06T07:38:43.682025+00:00, run_after=2023-08-06T11:38:43.682025+00:00
[2023-08-06T11:38:43.697+0000] {processor.py:179} INFO - Processing /home/airflow/.local/lib/python3.7/site-packages/airflow/example_dags/example_latest_only.py took 0.060 seconds
[2023-08-06T13:13:52.578+0000] {processor.py:157} INFO - Started process (PID=28930) to work on /home/airflow/.local/lib/python3.7/site-packages/airflow/example_dags/example_latest_only.py
[2023-08-06T13:13:52.580+0000] {processor.py:826} INFO - Processing file /home/airflow/.local/lib/python3.7/site-packages/airflow/example_dags/example_latest_only.py for tasks to queue
[2023-08-06T13:13:52.581+0000] {logging_mixin.py:149} INFO - [2023-08-06T13:13:52.581+0000] {dagbag.py:541} INFO - Filling up the DagBag from /home/airflow/.local/lib/python3.7/site-packages/airflow/example_dags/example_latest_only.py
[2023-08-06T13:13:52.586+0000] {processor.py:836} INFO - DAG(s) dict_keys(['latest_only']) retrieved from /home/airflow/.local/lib/python3.7/site-packages/airflow/example_dags/example_latest_only.py
[2023-08-06T13:13:52.610+0000] {logging_mixin.py:149} INFO - [2023-08-06T13:13:52.610+0000] {dag.py:2726} INFO - Sync 1 DAGs
[2023-08-06T13:13:52.634+0000] {logging_mixin.py:149} INFO - [2023-08-06T13:13:52.634+0000] {dag.py:3490} INFO - Setting next_dagrun for latest_only to 2023-08-06T09:13:52.634220+00:00, run_after=2023-08-06T13:13:52.634220+00:00
[2023-08-06T13:13:52.647+0000] {processor.py:179} INFO - Processing /home/airflow/.local/lib/python3.7/site-packages/airflow/example_dags/example_latest_only.py took 0.072 seconds
[2023-08-06T14:15:15.509+0000] {processor.py:157} INFO - Started process (PID=28996) to work on /home/airflow/.local/lib/python3.7/site-packages/airflow/example_dags/example_latest_only.py
[2023-08-06T14:15:15.511+0000] {processor.py:826} INFO - Processing file /home/airflow/.local/lib/python3.7/site-packages/airflow/example_dags/example_latest_only.py for tasks to queue
[2023-08-06T14:15:15.511+0000] {logging_mixin.py:149} INFO - [2023-08-06T14:15:15.511+0000] {dagbag.py:541} INFO - Filling up the DagBag from /home/airflow/.local/lib/python3.7/site-packages/airflow/example_dags/example_latest_only.py
[2023-08-06T14:15:15.516+0000] {processor.py:836} INFO - DAG(s) dict_keys(['latest_only']) retrieved from /home/airflow/.local/lib/python3.7/site-packages/airflow/example_dags/example_latest_only.py
[2023-08-06T14:15:15.536+0000] {logging_mixin.py:149} INFO - [2023-08-06T14:15:15.536+0000] {dag.py:2726} INFO - Sync 1 DAGs
[2023-08-06T14:15:15.552+0000] {logging_mixin.py:149} INFO - [2023-08-06T14:15:15.552+0000] {dag.py:3490} INFO - Setting next_dagrun for latest_only to 2023-08-06T10:15:15.552558+00:00, run_after=2023-08-06T14:15:15.552558+00:00
[2023-08-06T14:15:15.564+0000] {processor.py:179} INFO - Processing /home/airflow/.local/lib/python3.7/site-packages/airflow/example_dags/example_latest_only.py took 0.058 seconds
[2023-08-06T19:25:11.217+0000] {processor.py:157} INFO - Started process (PID=29061) to work on /home/airflow/.local/lib/python3.7/site-packages/airflow/example_dags/example_latest_only.py
[2023-08-06T19:25:11.219+0000] {processor.py:826} INFO - Processing file /home/airflow/.local/lib/python3.7/site-packages/airflow/example_dags/example_latest_only.py for tasks to queue
[2023-08-06T19:25:11.219+0000] {logging_mixin.py:149} INFO - [2023-08-06T19:25:11.219+0000] {dagbag.py:541} INFO - Filling up the DagBag from /home/airflow/.local/lib/python3.7/site-packages/airflow/example_dags/example_latest_only.py
[2023-08-06T19:25:11.225+0000] {processor.py:836} INFO - DAG(s) dict_keys(['latest_only']) retrieved from /home/airflow/.local/lib/python3.7/site-packages/airflow/example_dags/example_latest_only.py
[2023-08-06T19:25:11.248+0000] {logging_mixin.py:149} INFO - [2023-08-06T19:25:11.248+0000] {dag.py:2726} INFO - Sync 1 DAGs
[2023-08-06T19:25:11.266+0000] {logging_mixin.py:149} INFO - [2023-08-06T19:25:11.265+0000] {dag.py:3490} INFO - Setting next_dagrun for latest_only to 2023-08-06T15:25:11.265732+00:00, run_after=2023-08-06T19:25:11.265732+00:00
[2023-08-06T19:25:11.278+0000] {processor.py:179} INFO - Processing /home/airflow/.local/lib/python3.7/site-packages/airflow/example_dags/example_latest_only.py took 0.064 seconds
[2023-08-06T22:53:30.573+0000] {processor.py:157} INFO - Started process (PID=29127) to work on /home/airflow/.local/lib/python3.7/site-packages/airflow/example_dags/example_latest_only.py
[2023-08-06T22:53:30.574+0000] {processor.py:826} INFO - Processing file /home/airflow/.local/lib/python3.7/site-packages/airflow/example_dags/example_latest_only.py for tasks to queue
[2023-08-06T22:53:30.575+0000] {logging_mixin.py:149} INFO - [2023-08-06T22:53:30.575+0000] {dagbag.py:541} INFO - Filling up the DagBag from /home/airflow/.local/lib/python3.7/site-packages/airflow/example_dags/example_latest_only.py
[2023-08-06T22:53:30.586+0000] {processor.py:836} INFO - DAG(s) dict_keys(['latest_only']) retrieved from /home/airflow/.local/lib/python3.7/site-packages/airflow/example_dags/example_latest_only.py
[2023-08-06T22:53:30.633+0000] {logging_mixin.py:149} INFO - [2023-08-06T22:53:30.633+0000] {dag.py:2726} INFO - Sync 1 DAGs
[2023-08-06T22:53:30.656+0000] {logging_mixin.py:149} INFO - [2023-08-06T22:53:30.656+0000] {dag.py:3490} INFO - Setting next_dagrun for latest_only to 2023-08-06T18:53:30.656178+00:00, run_after=2023-08-06T22:53:30.656178+00:00
[2023-08-06T22:53:30.679+0000] {processor.py:179} INFO - Processing /home/airflow/.local/lib/python3.7/site-packages/airflow/example_dags/example_latest_only.py took 0.112 seconds
