[2023-08-06T06:10:39.793+0000] {processor.py:157} INFO - Started process (PID=28657) to work on /home/airflow/.local/lib/python3.7/site-packages/airflow/example_dags/example_branch_datetime_operator.py
[2023-08-06T06:10:39.794+0000] {processor.py:826} INFO - Processing file /home/airflow/.local/lib/python3.7/site-packages/airflow/example_dags/example_branch_datetime_operator.py for tasks to queue
[2023-08-06T06:10:39.795+0000] {logging_mixin.py:149} INFO - [2023-08-06T06:10:39.795+0000] {dagbag.py:541} INFO - Filling up the DagBag from /home/airflow/.local/lib/python3.7/site-packages/airflow/example_dags/example_branch_datetime_operator.py
[2023-08-06T06:10:39.803+0000] {processor.py:836} INFO - DAG(s) dict_keys(['example_branch_datetime_operator', 'example_branch_datetime_operator_3', 'example_branch_datetime_operator_2']) retrieved from /home/airflow/.local/lib/python3.7/site-packages/airflow/example_dags/example_branch_datetime_operator.py
[2023-08-06T06:10:39.829+0000] {logging_mixin.py:149} INFO - [2023-08-06T06:10:39.828+0000] {dag.py:2726} INFO - Sync 3 DAGs
[2023-08-06T06:10:39.847+0000] {logging_mixin.py:149} INFO - [2023-08-06T06:10:39.846+0000] {dag.py:3490} INFO - Setting next_dagrun for example_branch_datetime_operator to 2023-08-05T00:00:00+00:00, run_after=2023-08-06T00:00:00+00:00
[2023-08-06T06:10:39.849+0000] {logging_mixin.py:149} INFO - [2023-08-06T06:10:39.849+0000] {dag.py:3490} INFO - Setting next_dagrun for example_branch_datetime_operator_2 to 2023-08-05T00:00:00+00:00, run_after=2023-08-06T00:00:00+00:00
[2023-08-06T06:10:39.851+0000] {logging_mixin.py:149} INFO - [2023-08-06T06:10:39.851+0000] {dag.py:3490} INFO - Setting next_dagrun for example_branch_datetime_operator_3 to 2023-08-05T00:00:00+00:00, run_after=2023-08-06T00:00:00+00:00
[2023-08-06T06:10:39.862+0000] {processor.py:179} INFO - Processing /home/airflow/.local/lib/python3.7/site-packages/airflow/example_dags/example_branch_datetime_operator.py took 0.073 seconds
[2023-08-06T07:40:46.558+0000] {processor.py:157} INFO - Started process (PID=28722) to work on /home/airflow/.local/lib/python3.7/site-packages/airflow/example_dags/example_branch_datetime_operator.py
[2023-08-06T07:40:46.559+0000] {processor.py:826} INFO - Processing file /home/airflow/.local/lib/python3.7/site-packages/airflow/example_dags/example_branch_datetime_operator.py for tasks to queue
[2023-08-06T07:40:46.560+0000] {logging_mixin.py:149} INFO - [2023-08-06T07:40:46.560+0000] {dagbag.py:541} INFO - Filling up the DagBag from /home/airflow/.local/lib/python3.7/site-packages/airflow/example_dags/example_branch_datetime_operator.py
[2023-08-06T07:40:46.566+0000] {processor.py:836} INFO - DAG(s) dict_keys(['example_branch_datetime_operator_2', 'example_branch_datetime_operator', 'example_branch_datetime_operator_3']) retrieved from /home/airflow/.local/lib/python3.7/site-packages/airflow/example_dags/example_branch_datetime_operator.py
[2023-08-06T07:40:46.589+0000] {logging_mixin.py:149} INFO - [2023-08-06T07:40:46.589+0000] {dag.py:2726} INFO - Sync 3 DAGs
[2023-08-06T07:40:46.604+0000] {logging_mixin.py:149} INFO - [2023-08-06T07:40:46.604+0000] {dag.py:3490} INFO - Setting next_dagrun for example_branch_datetime_operator to 2023-08-05T00:00:00+00:00, run_after=2023-08-06T00:00:00+00:00
[2023-08-06T07:40:46.607+0000] {logging_mixin.py:149} INFO - [2023-08-06T07:40:46.607+0000] {dag.py:3490} INFO - Setting next_dagrun for example_branch_datetime_operator_2 to 2023-08-05T00:00:00+00:00, run_after=2023-08-06T00:00:00+00:00
[2023-08-06T07:40:46.609+0000] {logging_mixin.py:149} INFO - [2023-08-06T07:40:46.609+0000] {dag.py:3490} INFO - Setting next_dagrun for example_branch_datetime_operator_3 to 2023-08-05T00:00:00+00:00, run_after=2023-08-06T00:00:00+00:00
[2023-08-06T07:40:46.618+0000] {processor.py:179} INFO - Processing /home/airflow/.local/lib/python3.7/site-packages/airflow/example_dags/example_branch_datetime_operator.py took 0.062 seconds
[2023-08-06T08:45:49.389+0000] {processor.py:157} INFO - Started process (PID=28788) to work on /home/airflow/.local/lib/python3.7/site-packages/airflow/example_dags/example_branch_datetime_operator.py
[2023-08-06T08:45:49.391+0000] {processor.py:826} INFO - Processing file /home/airflow/.local/lib/python3.7/site-packages/airflow/example_dags/example_branch_datetime_operator.py for tasks to queue
[2023-08-06T08:45:49.391+0000] {logging_mixin.py:149} INFO - [2023-08-06T08:45:49.391+0000] {dagbag.py:541} INFO - Filling up the DagBag from /home/airflow/.local/lib/python3.7/site-packages/airflow/example_dags/example_branch_datetime_operator.py
[2023-08-06T08:45:49.398+0000] {processor.py:836} INFO - DAG(s) dict_keys(['example_branch_datetime_operator_3', 'example_branch_datetime_operator', 'example_branch_datetime_operator_2']) retrieved from /home/airflow/.local/lib/python3.7/site-packages/airflow/example_dags/example_branch_datetime_operator.py
[2023-08-06T08:45:49.430+0000] {logging_mixin.py:149} INFO - [2023-08-06T08:45:49.430+0000] {dag.py:2726} INFO - Sync 3 DAGs
[2023-08-06T08:45:49.449+0000] {logging_mixin.py:149} INFO - [2023-08-06T08:45:49.448+0000] {dag.py:3490} INFO - Setting next_dagrun for example_branch_datetime_operator to 2023-08-05T00:00:00+00:00, run_after=2023-08-06T00:00:00+00:00
[2023-08-06T08:45:49.451+0000] {logging_mixin.py:149} INFO - [2023-08-06T08:45:49.451+0000] {dag.py:3490} INFO - Setting next_dagrun for example_branch_datetime_operator_2 to 2023-08-05T00:00:00+00:00, run_after=2023-08-06T00:00:00+00:00
[2023-08-06T08:45:49.453+0000] {logging_mixin.py:149} INFO - [2023-08-06T08:45:49.453+0000] {dag.py:3490} INFO - Setting next_dagrun for example_branch_datetime_operator_3 to 2023-08-05T00:00:00+00:00, run_after=2023-08-06T00:00:00+00:00
[2023-08-06T08:45:49.463+0000] {processor.py:179} INFO - Processing /home/airflow/.local/lib/python3.7/site-packages/airflow/example_dags/example_branch_datetime_operator.py took 0.077 seconds
[2023-08-06T11:38:43.146+0000] {processor.py:157} INFO - Started process (PID=28854) to work on /home/airflow/.local/lib/python3.7/site-packages/airflow/example_dags/example_branch_datetime_operator.py
[2023-08-06T11:38:43.148+0000] {processor.py:826} INFO - Processing file /home/airflow/.local/lib/python3.7/site-packages/airflow/example_dags/example_branch_datetime_operator.py for tasks to queue
[2023-08-06T11:38:43.148+0000] {logging_mixin.py:149} INFO - [2023-08-06T11:38:43.148+0000] {dagbag.py:541} INFO - Filling up the DagBag from /home/airflow/.local/lib/python3.7/site-packages/airflow/example_dags/example_branch_datetime_operator.py
[2023-08-06T11:38:43.158+0000] {processor.py:836} INFO - DAG(s) dict_keys(['example_branch_datetime_operator_3', 'example_branch_datetime_operator', 'example_branch_datetime_operator_2']) retrieved from /home/airflow/.local/lib/python3.7/site-packages/airflow/example_dags/example_branch_datetime_operator.py
[2023-08-06T11:38:43.197+0000] {logging_mixin.py:149} INFO - [2023-08-06T11:38:43.197+0000] {dag.py:2726} INFO - Sync 3 DAGs
[2023-08-06T11:38:43.214+0000] {logging_mixin.py:149} INFO - [2023-08-06T11:38:43.214+0000] {dag.py:3490} INFO - Setting next_dagrun for example_branch_datetime_operator to 2023-08-05T00:00:00+00:00, run_after=2023-08-06T00:00:00+00:00
[2023-08-06T11:38:43.217+0000] {logging_mixin.py:149} INFO - [2023-08-06T11:38:43.217+0000] {dag.py:3490} INFO - Setting next_dagrun for example_branch_datetime_operator_2 to 2023-08-05T00:00:00+00:00, run_after=2023-08-06T00:00:00+00:00
[2023-08-06T11:38:43.219+0000] {logging_mixin.py:149} INFO - [2023-08-06T11:38:43.219+0000] {dag.py:3490} INFO - Setting next_dagrun for example_branch_datetime_operator_3 to 2023-08-05T00:00:00+00:00, run_after=2023-08-06T00:00:00+00:00
[2023-08-06T11:38:43.230+0000] {processor.py:179} INFO - Processing /home/airflow/.local/lib/python3.7/site-packages/airflow/example_dags/example_branch_datetime_operator.py took 0.087 seconds
[2023-08-06T13:13:52.050+0000] {processor.py:157} INFO - Started process (PID=28920) to work on /home/airflow/.local/lib/python3.7/site-packages/airflow/example_dags/example_branch_datetime_operator.py
[2023-08-06T13:13:52.051+0000] {processor.py:826} INFO - Processing file /home/airflow/.local/lib/python3.7/site-packages/airflow/example_dags/example_branch_datetime_operator.py for tasks to queue
[2023-08-06T13:13:52.052+0000] {logging_mixin.py:149} INFO - [2023-08-06T13:13:52.052+0000] {dagbag.py:541} INFO - Filling up the DagBag from /home/airflow/.local/lib/python3.7/site-packages/airflow/example_dags/example_branch_datetime_operator.py
[2023-08-06T13:13:52.058+0000] {processor.py:836} INFO - DAG(s) dict_keys(['example_branch_datetime_operator', 'example_branch_datetime_operator_2', 'example_branch_datetime_operator_3']) retrieved from /home/airflow/.local/lib/python3.7/site-packages/airflow/example_dags/example_branch_datetime_operator.py
[2023-08-06T13:13:52.081+0000] {logging_mixin.py:149} INFO - [2023-08-06T13:13:52.081+0000] {dag.py:2726} INFO - Sync 3 DAGs
[2023-08-06T13:13:52.096+0000] {logging_mixin.py:149} INFO - [2023-08-06T13:13:52.096+0000] {dag.py:3490} INFO - Setting next_dagrun for example_branch_datetime_operator to 2023-08-05T00:00:00+00:00, run_after=2023-08-06T00:00:00+00:00
[2023-08-06T13:13:52.098+0000] {logging_mixin.py:149} INFO - [2023-08-06T13:13:52.098+0000] {dag.py:3490} INFO - Setting next_dagrun for example_branch_datetime_operator_2 to 2023-08-05T00:00:00+00:00, run_after=2023-08-06T00:00:00+00:00
[2023-08-06T13:13:52.100+0000] {logging_mixin.py:149} INFO - [2023-08-06T13:13:52.100+0000] {dag.py:3490} INFO - Setting next_dagrun for example_branch_datetime_operator_3 to 2023-08-05T00:00:00+00:00, run_after=2023-08-06T00:00:00+00:00
[2023-08-06T13:13:52.109+0000] {processor.py:179} INFO - Processing /home/airflow/.local/lib/python3.7/site-packages/airflow/example_dags/example_branch_datetime_operator.py took 0.061 seconds
[2023-08-06T14:15:14.950+0000] {processor.py:157} INFO - Started process (PID=28986) to work on /home/airflow/.local/lib/python3.7/site-packages/airflow/example_dags/example_branch_datetime_operator.py
[2023-08-06T14:15:14.951+0000] {processor.py:826} INFO - Processing file /home/airflow/.local/lib/python3.7/site-packages/airflow/example_dags/example_branch_datetime_operator.py for tasks to queue
[2023-08-06T14:15:14.952+0000] {logging_mixin.py:149} INFO - [2023-08-06T14:15:14.952+0000] {dagbag.py:541} INFO - Filling up the DagBag from /home/airflow/.local/lib/python3.7/site-packages/airflow/example_dags/example_branch_datetime_operator.py
[2023-08-06T14:15:14.959+0000] {processor.py:836} INFO - DAG(s) dict_keys(['example_branch_datetime_operator_2', 'example_branch_datetime_operator_3', 'example_branch_datetime_operator']) retrieved from /home/airflow/.local/lib/python3.7/site-packages/airflow/example_dags/example_branch_datetime_operator.py
[2023-08-06T14:15:14.991+0000] {logging_mixin.py:149} INFO - [2023-08-06T14:15:14.991+0000] {dag.py:2726} INFO - Sync 3 DAGs
[2023-08-06T14:15:15.008+0000] {logging_mixin.py:149} INFO - [2023-08-06T14:15:15.008+0000] {dag.py:3490} INFO - Setting next_dagrun for example_branch_datetime_operator to 2023-08-05T00:00:00+00:00, run_after=2023-08-06T00:00:00+00:00
[2023-08-06T14:15:15.012+0000] {logging_mixin.py:149} INFO - [2023-08-06T14:15:15.011+0000] {dag.py:3490} INFO - Setting next_dagrun for example_branch_datetime_operator_2 to 2023-08-05T00:00:00+00:00, run_after=2023-08-06T00:00:00+00:00
[2023-08-06T14:15:15.017+0000] {logging_mixin.py:149} INFO - [2023-08-06T14:15:15.016+0000] {dag.py:3490} INFO - Setting next_dagrun for example_branch_datetime_operator_3 to 2023-08-05T00:00:00+00:00, run_after=2023-08-06T00:00:00+00:00
[2023-08-06T14:15:15.029+0000] {processor.py:179} INFO - Processing /home/airflow/.local/lib/python3.7/site-packages/airflow/example_dags/example_branch_datetime_operator.py took 0.082 seconds
[2023-08-06T19:25:10.676+0000] {processor.py:157} INFO - Started process (PID=29051) to work on /home/airflow/.local/lib/python3.7/site-packages/airflow/example_dags/example_branch_datetime_operator.py
[2023-08-06T19:25:10.678+0000] {processor.py:826} INFO - Processing file /home/airflow/.local/lib/python3.7/site-packages/airflow/example_dags/example_branch_datetime_operator.py for tasks to queue
[2023-08-06T19:25:10.679+0000] {logging_mixin.py:149} INFO - [2023-08-06T19:25:10.679+0000] {dagbag.py:541} INFO - Filling up the DagBag from /home/airflow/.local/lib/python3.7/site-packages/airflow/example_dags/example_branch_datetime_operator.py
[2023-08-06T19:25:10.687+0000] {processor.py:836} INFO - DAG(s) dict_keys(['example_branch_datetime_operator', 'example_branch_datetime_operator_3', 'example_branch_datetime_operator_2']) retrieved from /home/airflow/.local/lib/python3.7/site-packages/airflow/example_dags/example_branch_datetime_operator.py
[2023-08-06T19:25:10.713+0000] {logging_mixin.py:149} INFO - [2023-08-06T19:25:10.713+0000] {dag.py:2726} INFO - Sync 3 DAGs
[2023-08-06T19:25:10.737+0000] {logging_mixin.py:149} INFO - [2023-08-06T19:25:10.736+0000] {dag.py:3490} INFO - Setting next_dagrun for example_branch_datetime_operator to 2023-08-05T00:00:00+00:00, run_after=2023-08-06T00:00:00+00:00
[2023-08-06T19:25:10.740+0000] {logging_mixin.py:149} INFO - [2023-08-06T19:25:10.739+0000] {dag.py:3490} INFO - Setting next_dagrun for example_branch_datetime_operator_2 to 2023-08-05T00:00:00+00:00, run_after=2023-08-06T00:00:00+00:00
[2023-08-06T19:25:10.741+0000] {logging_mixin.py:149} INFO - [2023-08-06T19:25:10.741+0000] {dag.py:3490} INFO - Setting next_dagrun for example_branch_datetime_operator_3 to 2023-08-05T00:00:00+00:00, run_after=2023-08-06T00:00:00+00:00
[2023-08-06T19:25:10.753+0000] {processor.py:179} INFO - Processing /home/airflow/.local/lib/python3.7/site-packages/airflow/example_dags/example_branch_datetime_operator.py took 0.080 seconds
[2023-08-06T22:53:29.850+0000] {processor.py:157} INFO - Started process (PID=29117) to work on /home/airflow/.local/lib/python3.7/site-packages/airflow/example_dags/example_branch_datetime_operator.py
[2023-08-06T22:53:29.851+0000] {processor.py:826} INFO - Processing file /home/airflow/.local/lib/python3.7/site-packages/airflow/example_dags/example_branch_datetime_operator.py for tasks to queue
[2023-08-06T22:53:29.852+0000] {logging_mixin.py:149} INFO - [2023-08-06T22:53:29.852+0000] {dagbag.py:541} INFO - Filling up the DagBag from /home/airflow/.local/lib/python3.7/site-packages/airflow/example_dags/example_branch_datetime_operator.py
[2023-08-06T22:53:29.860+0000] {processor.py:836} INFO - DAG(s) dict_keys(['example_branch_datetime_operator', 'example_branch_datetime_operator_3', 'example_branch_datetime_operator_2']) retrieved from /home/airflow/.local/lib/python3.7/site-packages/airflow/example_dags/example_branch_datetime_operator.py
[2023-08-06T22:53:29.886+0000] {logging_mixin.py:149} INFO - [2023-08-06T22:53:29.886+0000] {dag.py:2726} INFO - Sync 3 DAGs
[2023-08-06T22:53:29.905+0000] {logging_mixin.py:149} INFO - [2023-08-06T22:53:29.905+0000] {dag.py:3490} INFO - Setting next_dagrun for example_branch_datetime_operator to 2023-08-05T00:00:00+00:00, run_after=2023-08-06T00:00:00+00:00
[2023-08-06T22:53:29.909+0000] {logging_mixin.py:149} INFO - [2023-08-06T22:53:29.909+0000] {dag.py:3490} INFO - Setting next_dagrun for example_branch_datetime_operator_2 to 2023-08-05T00:00:00+00:00, run_after=2023-08-06T00:00:00+00:00
[2023-08-06T22:53:29.911+0000] {logging_mixin.py:149} INFO - [2023-08-06T22:53:29.911+0000] {dag.py:3490} INFO - Setting next_dagrun for example_branch_datetime_operator_3 to 2023-08-05T00:00:00+00:00, run_after=2023-08-06T00:00:00+00:00
[2023-08-06T22:53:29.922+0000] {processor.py:179} INFO - Processing /home/airflow/.local/lib/python3.7/site-packages/airflow/example_dags/example_branch_datetime_operator.py took 0.075 seconds
