[2023-06-16T09:39:44.361+0000] {processor.py:157} INFO - Started process (PID=1062) to work on /home/airflow/.local/lib/python3.7/site-packages/airflow/example_dags/example_external_task_marker_dag.py
[2023-06-16T09:39:44.365+0000] {processor.py:826} INFO - Processing file /home/airflow/.local/lib/python3.7/site-packages/airflow/example_dags/example_external_task_marker_dag.py for tasks to queue
[2023-06-16T09:39:44.370+0000] {logging_mixin.py:149} INFO - [2023-06-16T09:39:44.369+0000] {dagbag.py:541} INFO - Filling up the DagBag from /home/airflow/.local/lib/python3.7/site-packages/airflow/example_dags/example_external_task_marker_dag.py
[2023-06-16T09:39:44.378+0000] {processor.py:836} INFO - DAG(s) dict_keys(['example_external_task_marker_child', 'example_external_task_marker_parent']) retrieved from /home/airflow/.local/lib/python3.7/site-packages/airflow/example_dags/example_external_task_marker_dag.py
[2023-06-16T09:39:44.449+0000] {logging_mixin.py:149} INFO - [2023-06-16T09:39:44.449+0000] {dag.py:2726} INFO - Sync 2 DAGs
[2023-06-16T09:39:44.531+0000] {logging_mixin.py:149} INFO - [2023-06-16T09:39:44.530+0000] {dag.py:3490} INFO - Setting next_dagrun for example_external_task_marker_child to None, run_after=None
[2023-06-16T09:39:44.541+0000] {logging_mixin.py:149} INFO - [2023-06-16T09:39:44.540+0000] {dag.py:3490} INFO - Setting next_dagrun for example_external_task_marker_parent to None, run_after=None
[2023-06-16T09:39:44.582+0000] {processor.py:179} INFO - Processing /home/airflow/.local/lib/python3.7/site-packages/airflow/example_dags/example_external_task_marker_dag.py took 0.226 seconds
[2023-06-16T09:40:43.223+0000] {processor.py:157} INFO - Started process (PID=1135) to work on /home/airflow/.local/lib/python3.7/site-packages/airflow/example_dags/example_external_task_marker_dag.py
[2023-06-16T09:40:43.244+0000] {processor.py:826} INFO - Processing file /home/airflow/.local/lib/python3.7/site-packages/airflow/example_dags/example_external_task_marker_dag.py for tasks to queue
[2023-06-16T09:40:43.253+0000] {logging_mixin.py:149} INFO - [2023-06-16T09:40:43.252+0000] {dagbag.py:541} INFO - Filling up the DagBag from /home/airflow/.local/lib/python3.7/site-packages/airflow/example_dags/example_external_task_marker_dag.py
[2023-06-16T09:40:43.323+0000] {processor.py:836} INFO - DAG(s) dict_keys(['example_external_task_marker_child', 'example_external_task_marker_parent']) retrieved from /home/airflow/.local/lib/python3.7/site-packages/airflow/example_dags/example_external_task_marker_dag.py
[2023-06-16T09:40:43.490+0000] {logging_mixin.py:149} INFO - [2023-06-16T09:40:43.490+0000] {dag.py:2726} INFO - Sync 2 DAGs
[2023-06-16T09:40:43.689+0000] {logging_mixin.py:149} INFO - [2023-06-16T09:40:43.689+0000] {dag.py:3490} INFO - Setting next_dagrun for example_external_task_marker_child to None, run_after=None
[2023-06-16T09:40:43.700+0000] {logging_mixin.py:149} INFO - [2023-06-16T09:40:43.700+0000] {dag.py:3490} INFO - Setting next_dagrun for example_external_task_marker_parent to None, run_after=None
[2023-06-16T09:40:43.839+0000] {processor.py:179} INFO - Processing /home/airflow/.local/lib/python3.7/site-packages/airflow/example_dags/example_external_task_marker_dag.py took 0.644 seconds
[2023-06-16T09:41:14.498+0000] {processor.py:157} INFO - Started process (PID=1201) to work on /home/airflow/.local/lib/python3.7/site-packages/airflow/example_dags/example_external_task_marker_dag.py
[2023-06-16T09:41:14.500+0000] {processor.py:826} INFO - Processing file /home/airflow/.local/lib/python3.7/site-packages/airflow/example_dags/example_external_task_marker_dag.py for tasks to queue
[2023-06-16T09:41:14.501+0000] {logging_mixin.py:149} INFO - [2023-06-16T09:41:14.501+0000] {dagbag.py:541} INFO - Filling up the DagBag from /home/airflow/.local/lib/python3.7/site-packages/airflow/example_dags/example_external_task_marker_dag.py
[2023-06-16T09:41:14.505+0000] {processor.py:836} INFO - DAG(s) dict_keys(['example_external_task_marker_child', 'example_external_task_marker_parent']) retrieved from /home/airflow/.local/lib/python3.7/site-packages/airflow/example_dags/example_external_task_marker_dag.py
[2023-06-16T09:41:14.531+0000] {logging_mixin.py:149} INFO - [2023-06-16T09:41:14.531+0000] {dag.py:2726} INFO - Sync 2 DAGs
[2023-06-16T09:41:14.548+0000] {logging_mixin.py:149} INFO - [2023-06-16T09:41:14.548+0000] {dag.py:3490} INFO - Setting next_dagrun for example_external_task_marker_child to None, run_after=None
[2023-06-16T09:41:14.552+0000] {logging_mixin.py:149} INFO - [2023-06-16T09:41:14.552+0000] {dag.py:3490} INFO - Setting next_dagrun for example_external_task_marker_parent to None, run_after=None
[2023-06-16T09:41:14.562+0000] {processor.py:179} INFO - Processing /home/airflow/.local/lib/python3.7/site-packages/airflow/example_dags/example_external_task_marker_dag.py took 0.067 seconds
[2023-06-16T09:41:44.885+0000] {processor.py:157} INFO - Started process (PID=1261) to work on /home/airflow/.local/lib/python3.7/site-packages/airflow/example_dags/example_external_task_marker_dag.py
[2023-06-16T09:41:44.886+0000] {processor.py:826} INFO - Processing file /home/airflow/.local/lib/python3.7/site-packages/airflow/example_dags/example_external_task_marker_dag.py for tasks to queue
[2023-06-16T09:41:44.887+0000] {logging_mixin.py:149} INFO - [2023-06-16T09:41:44.887+0000] {dagbag.py:541} INFO - Filling up the DagBag from /home/airflow/.local/lib/python3.7/site-packages/airflow/example_dags/example_external_task_marker_dag.py
[2023-06-16T09:41:44.891+0000] {processor.py:836} INFO - DAG(s) dict_keys(['example_external_task_marker_parent', 'example_external_task_marker_child']) retrieved from /home/airflow/.local/lib/python3.7/site-packages/airflow/example_dags/example_external_task_marker_dag.py
[2023-06-16T09:41:44.913+0000] {logging_mixin.py:149} INFO - [2023-06-16T09:41:44.913+0000] {dag.py:2726} INFO - Sync 2 DAGs
[2023-06-16T09:41:44.929+0000] {logging_mixin.py:149} INFO - [2023-06-16T09:41:44.928+0000] {dag.py:3490} INFO - Setting next_dagrun for example_external_task_marker_child to None, run_after=None
[2023-06-16T09:41:44.931+0000] {logging_mixin.py:149} INFO - [2023-06-16T09:41:44.931+0000] {dag.py:3490} INFO - Setting next_dagrun for example_external_task_marker_parent to None, run_after=None
[2023-06-16T09:41:44.941+0000] {processor.py:179} INFO - Processing /home/airflow/.local/lib/python3.7/site-packages/airflow/example_dags/example_external_task_marker_dag.py took 0.059 seconds
