[2023-06-16T09:39:43.806+0000] {processor.py:157} INFO - Started process (PID=1058) to work on /home/airflow/.local/lib/python3.7/site-packages/airflow/example_dags/example_task_group_decorator.py
[2023-06-16T09:39:43.813+0000] {processor.py:826} INFO - Processing file /home/airflow/.local/lib/python3.7/site-packages/airflow/example_dags/example_task_group_decorator.py for tasks to queue
[2023-06-16T09:39:43.815+0000] {logging_mixin.py:149} INFO - [2023-06-16T09:39:43.815+0000] {dagbag.py:541} INFO - Filling up the DagBag from /home/airflow/.local/lib/python3.7/site-packages/airflow/example_dags/example_task_group_decorator.py
[2023-06-16T09:39:43.862+0000] {processor.py:836} INFO - DAG(s) dict_keys(['example_task_group_decorator']) retrieved from /home/airflow/.local/lib/python3.7/site-packages/airflow/example_dags/example_task_group_decorator.py
[2023-06-16T09:39:43.927+0000] {logging_mixin.py:149} INFO - [2023-06-16T09:39:43.927+0000] {dag.py:2726} INFO - Sync 1 DAGs
[2023-06-16T09:39:43.992+0000] {logging_mixin.py:149} INFO - [2023-06-16T09:39:43.992+0000] {dag.py:3490} INFO - Setting next_dagrun for example_task_group_decorator to 2023-06-15T09:39:43.991358+00:00, run_after=2023-06-16T09:39:43.991358+00:00
[2023-06-16T09:39:44.036+0000] {processor.py:179} INFO - Processing /home/airflow/.local/lib/python3.7/site-packages/airflow/example_dags/example_task_group_decorator.py took 0.235 seconds
[2023-06-16T09:40:42.034+0000] {processor.py:157} INFO - Started process (PID=1131) to work on /home/airflow/.local/lib/python3.7/site-packages/airflow/example_dags/example_task_group_decorator.py
[2023-06-16T09:40:42.038+0000] {processor.py:826} INFO - Processing file /home/airflow/.local/lib/python3.7/site-packages/airflow/example_dags/example_task_group_decorator.py for tasks to queue
[2023-06-16T09:40:42.041+0000] {logging_mixin.py:149} INFO - [2023-06-16T09:40:42.041+0000] {dagbag.py:541} INFO - Filling up the DagBag from /home/airflow/.local/lib/python3.7/site-packages/airflow/example_dags/example_task_group_decorator.py
[2023-06-16T09:40:42.082+0000] {processor.py:836} INFO - DAG(s) dict_keys(['example_task_group_decorator']) retrieved from /home/airflow/.local/lib/python3.7/site-packages/airflow/example_dags/example_task_group_decorator.py
[2023-06-16T09:40:42.204+0000] {logging_mixin.py:149} INFO - [2023-06-16T09:40:42.203+0000] {dag.py:2726} INFO - Sync 1 DAGs
[2023-06-16T09:40:42.269+0000] {logging_mixin.py:149} INFO - [2023-06-16T09:40:42.268+0000] {dag.py:3490} INFO - Setting next_dagrun for example_task_group_decorator to 2023-06-15T09:40:42.268195+00:00, run_after=2023-06-16T09:40:42.268195+00:00
[2023-06-16T09:40:42.319+0000] {processor.py:179} INFO - Processing /home/airflow/.local/lib/python3.7/site-packages/airflow/example_dags/example_task_group_decorator.py took 0.298 seconds
[2023-06-16T09:41:13.206+0000] {processor.py:157} INFO - Started process (PID=1197) to work on /home/airflow/.local/lib/python3.7/site-packages/airflow/example_dags/example_task_group_decorator.py
[2023-06-16T09:41:13.208+0000] {processor.py:826} INFO - Processing file /home/airflow/.local/lib/python3.7/site-packages/airflow/example_dags/example_task_group_decorator.py for tasks to queue
[2023-06-16T09:41:13.210+0000] {logging_mixin.py:149} INFO - [2023-06-16T09:41:13.210+0000] {dagbag.py:541} INFO - Filling up the DagBag from /home/airflow/.local/lib/python3.7/site-packages/airflow/example_dags/example_task_group_decorator.py
[2023-06-16T09:41:13.229+0000] {processor.py:836} INFO - DAG(s) dict_keys(['example_task_group_decorator']) retrieved from /home/airflow/.local/lib/python3.7/site-packages/airflow/example_dags/example_task_group_decorator.py
[2023-06-16T09:41:13.253+0000] {logging_mixin.py:149} INFO - [2023-06-16T09:41:13.253+0000] {dag.py:2726} INFO - Sync 1 DAGs
[2023-06-16T09:41:13.269+0000] {logging_mixin.py:149} INFO - [2023-06-16T09:41:13.269+0000] {dag.py:3490} INFO - Setting next_dagrun for example_task_group_decorator to 2023-06-15T09:41:13.269027+00:00, run_after=2023-06-16T09:41:13.269027+00:00
[2023-06-16T09:41:13.280+0000] {processor.py:179} INFO - Processing /home/airflow/.local/lib/python3.7/site-packages/airflow/example_dags/example_task_group_decorator.py took 0.081 seconds
[2023-06-16T09:41:43.599+0000] {processor.py:157} INFO - Started process (PID=1257) to work on /home/airflow/.local/lib/python3.7/site-packages/airflow/example_dags/example_task_group_decorator.py
[2023-06-16T09:41:43.600+0000] {processor.py:826} INFO - Processing file /home/airflow/.local/lib/python3.7/site-packages/airflow/example_dags/example_task_group_decorator.py for tasks to queue
[2023-06-16T09:41:43.601+0000] {logging_mixin.py:149} INFO - [2023-06-16T09:41:43.601+0000] {dagbag.py:541} INFO - Filling up the DagBag from /home/airflow/.local/lib/python3.7/site-packages/airflow/example_dags/example_task_group_decorator.py
[2023-06-16T09:41:43.612+0000] {processor.py:836} INFO - DAG(s) dict_keys(['example_task_group_decorator']) retrieved from /home/airflow/.local/lib/python3.7/site-packages/airflow/example_dags/example_task_group_decorator.py
[2023-06-16T09:41:43.636+0000] {logging_mixin.py:149} INFO - [2023-06-16T09:41:43.636+0000] {dag.py:2726} INFO - Sync 1 DAGs
[2023-06-16T09:41:43.654+0000] {logging_mixin.py:149} INFO - [2023-06-16T09:41:43.654+0000] {dag.py:3490} INFO - Setting next_dagrun for example_task_group_decorator to 2023-06-15T09:41:43.653783+00:00, run_after=2023-06-16T09:41:43.653783+00:00
[2023-06-16T09:41:43.669+0000] {processor.py:179} INFO - Processing /home/airflow/.local/lib/python3.7/site-packages/airflow/example_dags/example_task_group_decorator.py took 0.073 seconds
