[2023-06-16T09:39:42.872+0000] {processor.py:157} INFO - Started process (PID=1053) to work on /home/airflow/.local/lib/python3.7/site-packages/airflow/example_dags/example_task_group.py
[2023-06-16T09:39:42.876+0000] {processor.py:826} INFO - Processing file /home/airflow/.local/lib/python3.7/site-packages/airflow/example_dags/example_task_group.py for tasks to queue
[2023-06-16T09:39:42.878+0000] {logging_mixin.py:149} INFO - [2023-06-16T09:39:42.878+0000] {dagbag.py:541} INFO - Filling up the DagBag from /home/airflow/.local/lib/python3.7/site-packages/airflow/example_dags/example_task_group.py
[2023-06-16T09:39:42.894+0000] {processor.py:836} INFO - DAG(s) dict_keys(['example_task_group']) retrieved from /home/airflow/.local/lib/python3.7/site-packages/airflow/example_dags/example_task_group.py
[2023-06-16T09:39:42.969+0000] {logging_mixin.py:149} INFO - [2023-06-16T09:39:42.969+0000] {dag.py:2726} INFO - Sync 1 DAGs
[2023-06-16T09:39:43.015+0000] {logging_mixin.py:149} INFO - [2023-06-16T09:39:43.015+0000] {dag.py:3490} INFO - Setting next_dagrun for example_task_group to 2023-06-15T09:39:43.014822+00:00, run_after=2023-06-16T09:39:43.014822+00:00
[2023-06-16T09:39:43.049+0000] {processor.py:179} INFO - Processing /home/airflow/.local/lib/python3.7/site-packages/airflow/example_dags/example_task_group.py took 0.185 seconds
[2023-06-16T09:40:38.490+0000] {processor.py:157} INFO - Started process (PID=1119) to work on /home/airflow/.local/lib/python3.7/site-packages/airflow/example_dags/example_task_group.py
[2023-06-16T09:40:38.495+0000] {processor.py:826} INFO - Processing file /home/airflow/.local/lib/python3.7/site-packages/airflow/example_dags/example_task_group.py for tasks to queue
[2023-06-16T09:40:38.500+0000] {logging_mixin.py:149} INFO - [2023-06-16T09:40:38.499+0000] {dagbag.py:541} INFO - Filling up the DagBag from /home/airflow/.local/lib/python3.7/site-packages/airflow/example_dags/example_task_group.py
[2023-06-16T09:40:38.538+0000] {processor.py:836} INFO - DAG(s) dict_keys(['example_task_group']) retrieved from /home/airflow/.local/lib/python3.7/site-packages/airflow/example_dags/example_task_group.py
[2023-06-16T09:40:38.670+0000] {logging_mixin.py:149} INFO - [2023-06-16T09:40:38.670+0000] {dag.py:2726} INFO - Sync 1 DAGs
[2023-06-16T09:40:38.808+0000] {logging_mixin.py:149} INFO - [2023-06-16T09:40:38.808+0000] {dag.py:3490} INFO - Setting next_dagrun for example_task_group to 2023-06-15T09:40:38.807745+00:00, run_after=2023-06-16T09:40:38.807745+00:00
[2023-06-16T09:40:38.920+0000] {processor.py:179} INFO - Processing /home/airflow/.local/lib/python3.7/site-packages/airflow/example_dags/example_task_group.py took 0.447 seconds
[2023-06-16T09:41:09.888+0000] {processor.py:157} INFO - Started process (PID=1179) to work on /home/airflow/.local/lib/python3.7/site-packages/airflow/example_dags/example_task_group.py
[2023-06-16T09:41:09.889+0000] {processor.py:826} INFO - Processing file /home/airflow/.local/lib/python3.7/site-packages/airflow/example_dags/example_task_group.py for tasks to queue
[2023-06-16T09:41:09.891+0000] {logging_mixin.py:149} INFO - [2023-06-16T09:41:09.891+0000] {dagbag.py:541} INFO - Filling up the DagBag from /home/airflow/.local/lib/python3.7/site-packages/airflow/example_dags/example_task_group.py
[2023-06-16T09:41:09.899+0000] {processor.py:836} INFO - DAG(s) dict_keys(['example_task_group']) retrieved from /home/airflow/.local/lib/python3.7/site-packages/airflow/example_dags/example_task_group.py
[2023-06-16T09:41:09.931+0000] {logging_mixin.py:149} INFO - [2023-06-16T09:41:09.931+0000] {dag.py:2726} INFO - Sync 1 DAGs
[2023-06-16T09:41:09.958+0000] {logging_mixin.py:149} INFO - [2023-06-16T09:41:09.958+0000] {dag.py:3490} INFO - Setting next_dagrun for example_task_group to 2023-06-15T09:41:09.957706+00:00, run_after=2023-06-16T09:41:09.957706+00:00
[2023-06-16T09:41:09.973+0000] {processor.py:179} INFO - Processing /home/airflow/.local/lib/python3.7/site-packages/airflow/example_dags/example_task_group.py took 0.088 seconds
[2023-06-16T09:41:40.298+0000] {processor.py:157} INFO - Started process (PID=1239) to work on /home/airflow/.local/lib/python3.7/site-packages/airflow/example_dags/example_task_group.py
[2023-06-16T09:41:40.299+0000] {processor.py:826} INFO - Processing file /home/airflow/.local/lib/python3.7/site-packages/airflow/example_dags/example_task_group.py for tasks to queue
[2023-06-16T09:41:40.300+0000] {logging_mixin.py:149} INFO - [2023-06-16T09:41:40.300+0000] {dagbag.py:541} INFO - Filling up the DagBag from /home/airflow/.local/lib/python3.7/site-packages/airflow/example_dags/example_task_group.py
[2023-06-16T09:41:40.309+0000] {processor.py:836} INFO - DAG(s) dict_keys(['example_task_group']) retrieved from /home/airflow/.local/lib/python3.7/site-packages/airflow/example_dags/example_task_group.py
[2023-06-16T09:41:40.333+0000] {logging_mixin.py:149} INFO - [2023-06-16T09:41:40.332+0000] {dag.py:2726} INFO - Sync 1 DAGs
[2023-06-16T09:41:40.349+0000] {logging_mixin.py:149} INFO - [2023-06-16T09:41:40.349+0000] {dag.py:3490} INFO - Setting next_dagrun for example_task_group to 2023-06-15T09:41:40.349276+00:00, run_after=2023-06-16T09:41:40.349276+00:00
[2023-06-16T09:41:40.361+0000] {processor.py:179} INFO - Processing /home/airflow/.local/lib/python3.7/site-packages/airflow/example_dags/example_task_group.py took 0.068 seconds
