[2023-06-16T09:39:43.586+0000] {processor.py:157} INFO - Started process (PID=1057) to work on /home/airflow/.local/lib/python3.7/site-packages/airflow/example_dags/example_nested_branch_dag.py
[2023-06-16T09:39:43.594+0000] {processor.py:826} INFO - Processing file /home/airflow/.local/lib/python3.7/site-packages/airflow/example_dags/example_nested_branch_dag.py for tasks to queue
[2023-06-16T09:39:43.596+0000] {logging_mixin.py:149} INFO - [2023-06-16T09:39:43.595+0000] {dagbag.py:541} INFO - Filling up the DagBag from /home/airflow/.local/lib/python3.7/site-packages/airflow/example_dags/example_nested_branch_dag.py
[2023-06-16T09:39:43.626+0000] {processor.py:836} INFO - DAG(s) dict_keys(['example_nested_branch_dag']) retrieved from /home/airflow/.local/lib/python3.7/site-packages/airflow/example_dags/example_nested_branch_dag.py
[2023-06-16T09:39:43.700+0000] {logging_mixin.py:149} INFO - [2023-06-16T09:39:43.700+0000] {dag.py:2726} INFO - Sync 1 DAGs
[2023-06-16T09:39:43.766+0000] {logging_mixin.py:149} INFO - [2023-06-16T09:39:43.766+0000] {dag.py:3490} INFO - Setting next_dagrun for example_nested_branch_dag to 2023-06-15T00:00:00+00:00, run_after=2023-06-16T00:00:00+00:00
[2023-06-16T09:39:43.815+0000] {processor.py:179} INFO - Processing /home/airflow/.local/lib/python3.7/site-packages/airflow/example_dags/example_nested_branch_dag.py took 0.239 seconds
[2023-06-16T09:40:41.344+0000] {processor.py:157} INFO - Started process (PID=1123) to work on /home/airflow/.local/lib/python3.7/site-packages/airflow/example_dags/example_nested_branch_dag.py
[2023-06-16T09:40:41.351+0000] {processor.py:826} INFO - Processing file /home/airflow/.local/lib/python3.7/site-packages/airflow/example_dags/example_nested_branch_dag.py for tasks to queue
[2023-06-16T09:40:41.353+0000] {logging_mixin.py:149} INFO - [2023-06-16T09:40:41.353+0000] {dagbag.py:541} INFO - Filling up the DagBag from /home/airflow/.local/lib/python3.7/site-packages/airflow/example_dags/example_nested_branch_dag.py
[2023-06-16T09:40:41.400+0000] {processor.py:836} INFO - DAG(s) dict_keys(['example_nested_branch_dag']) retrieved from /home/airflow/.local/lib/python3.7/site-packages/airflow/example_dags/example_nested_branch_dag.py
[2023-06-16T09:40:41.528+0000] {logging_mixin.py:149} INFO - [2023-06-16T09:40:41.525+0000] {dag.py:2726} INFO - Sync 1 DAGs
[2023-06-16T09:40:41.756+0000] {logging_mixin.py:149} INFO - [2023-06-16T09:40:41.756+0000] {dag.py:3490} INFO - Setting next_dagrun for example_nested_branch_dag to 2023-06-15T00:00:00+00:00, run_after=2023-06-16T00:00:00+00:00
[2023-06-16T09:40:41.894+0000] {processor.py:179} INFO - Processing /home/airflow/.local/lib/python3.7/site-packages/airflow/example_dags/example_nested_branch_dag.py took 0.569 seconds
[2023-06-16T09:41:12.147+0000] {processor.py:157} INFO - Started process (PID=1190) to work on /home/airflow/.local/lib/python3.7/site-packages/airflow/example_dags/example_nested_branch_dag.py
[2023-06-16T09:41:12.148+0000] {processor.py:826} INFO - Processing file /home/airflow/.local/lib/python3.7/site-packages/airflow/example_dags/example_nested_branch_dag.py for tasks to queue
[2023-06-16T09:41:12.150+0000] {logging_mixin.py:149} INFO - [2023-06-16T09:41:12.150+0000] {dagbag.py:541} INFO - Filling up the DagBag from /home/airflow/.local/lib/python3.7/site-packages/airflow/example_dags/example_nested_branch_dag.py
[2023-06-16T09:41:12.162+0000] {processor.py:836} INFO - DAG(s) dict_keys(['example_nested_branch_dag']) retrieved from /home/airflow/.local/lib/python3.7/site-packages/airflow/example_dags/example_nested_branch_dag.py
[2023-06-16T09:41:12.185+0000] {logging_mixin.py:149} INFO - [2023-06-16T09:41:12.185+0000] {dag.py:2726} INFO - Sync 1 DAGs
[2023-06-16T09:41:12.204+0000] {logging_mixin.py:149} INFO - [2023-06-16T09:41:12.204+0000] {dag.py:3490} INFO - Setting next_dagrun for example_nested_branch_dag to 2023-06-15T00:00:00+00:00, run_after=2023-06-16T00:00:00+00:00
[2023-06-16T09:41:12.221+0000] {processor.py:179} INFO - Processing /home/airflow/.local/lib/python3.7/site-packages/airflow/example_dags/example_nested_branch_dag.py took 0.077 seconds
[2023-06-16T09:41:42.588+0000] {processor.py:157} INFO - Started process (PID=1252) to work on /home/airflow/.local/lib/python3.7/site-packages/airflow/example_dags/example_nested_branch_dag.py
[2023-06-16T09:41:42.589+0000] {processor.py:826} INFO - Processing file /home/airflow/.local/lib/python3.7/site-packages/airflow/example_dags/example_nested_branch_dag.py for tasks to queue
[2023-06-16T09:41:42.589+0000] {logging_mixin.py:149} INFO - [2023-06-16T09:41:42.589+0000] {dagbag.py:541} INFO - Filling up the DagBag from /home/airflow/.local/lib/python3.7/site-packages/airflow/example_dags/example_nested_branch_dag.py
[2023-06-16T09:41:42.597+0000] {processor.py:836} INFO - DAG(s) dict_keys(['example_nested_branch_dag']) retrieved from /home/airflow/.local/lib/python3.7/site-packages/airflow/example_dags/example_nested_branch_dag.py
[2023-06-16T09:41:42.619+0000] {logging_mixin.py:149} INFO - [2023-06-16T09:41:42.619+0000] {dag.py:2726} INFO - Sync 1 DAGs
[2023-06-16T09:41:42.637+0000] {logging_mixin.py:149} INFO - [2023-06-16T09:41:42.637+0000] {dag.py:3490} INFO - Setting next_dagrun for example_nested_branch_dag to 2023-06-15T00:00:00+00:00, run_after=2023-06-16T00:00:00+00:00
[2023-06-16T09:41:42.649+0000] {processor.py:179} INFO - Processing /home/airflow/.local/lib/python3.7/site-packages/airflow/example_dags/example_nested_branch_dag.py took 0.065 seconds
