[2023-06-16T09:39:45.239+0000] {processor.py:157} INFO - Started process (PID=1067) to work on /home/airflow/.local/lib/python3.7/site-packages/airflow/example_dags/example_params_trigger_ui.py
[2023-06-16T09:39:45.245+0000] {processor.py:826} INFO - Processing file /home/airflow/.local/lib/python3.7/site-packages/airflow/example_dags/example_params_trigger_ui.py for tasks to queue
[2023-06-16T09:39:45.247+0000] {logging_mixin.py:149} INFO - [2023-06-16T09:39:45.247+0000] {dagbag.py:541} INFO - Filling up the DagBag from /home/airflow/.local/lib/python3.7/site-packages/airflow/example_dags/example_params_trigger_ui.py
[2023-06-16T09:39:45.349+0000] {processor.py:836} INFO - DAG(s) dict_keys(['example_params_trigger_ui']) retrieved from /home/airflow/.local/lib/python3.7/site-packages/airflow/example_dags/example_params_trigger_ui.py
[2023-06-16T09:39:45.671+0000] {logging_mixin.py:149} INFO - [2023-06-16T09:39:45.671+0000] {dag.py:2726} INFO - Sync 1 DAGs
[2023-06-16T09:39:45.762+0000] {logging_mixin.py:149} INFO - [2023-06-16T09:39:45.762+0000] {dag.py:3490} INFO - Setting next_dagrun for example_params_trigger_ui to None, run_after=None
[2023-06-16T09:39:45.823+0000] {processor.py:179} INFO - Processing /home/airflow/.local/lib/python3.7/site-packages/airflow/example_dags/example_params_trigger_ui.py took 0.607 seconds
[2023-06-16T09:40:45.748+0000] {processor.py:157} INFO - Started process (PID=1140) to work on /home/airflow/.local/lib/python3.7/site-packages/airflow/example_dags/example_params_trigger_ui.py
[2023-06-16T09:40:45.751+0000] {processor.py:826} INFO - Processing file /home/airflow/.local/lib/python3.7/site-packages/airflow/example_dags/example_params_trigger_ui.py for tasks to queue
[2023-06-16T09:40:45.754+0000] {logging_mixin.py:149} INFO - [2023-06-16T09:40:45.754+0000] {dagbag.py:541} INFO - Filling up the DagBag from /home/airflow/.local/lib/python3.7/site-packages/airflow/example_dags/example_params_trigger_ui.py
[2023-06-16T09:40:45.848+0000] {processor.py:836} INFO - DAG(s) dict_keys(['example_params_trigger_ui']) retrieved from /home/airflow/.local/lib/python3.7/site-packages/airflow/example_dags/example_params_trigger_ui.py
[2023-06-16T09:40:46.117+0000] {logging_mixin.py:149} INFO - [2023-06-16T09:40:46.117+0000] {dag.py:2726} INFO - Sync 1 DAGs
[2023-06-16T09:40:46.193+0000] {logging_mixin.py:149} INFO - [2023-06-16T09:40:46.193+0000] {dag.py:3490} INFO - Setting next_dagrun for example_params_trigger_ui to None, run_after=None
[2023-06-16T09:40:46.271+0000] {processor.py:179} INFO - Processing /home/airflow/.local/lib/python3.7/site-packages/airflow/example_dags/example_params_trigger_ui.py took 0.535 seconds
[2023-06-16T09:41:16.549+0000] {processor.py:157} INFO - Started process (PID=1206) to work on /home/airflow/.local/lib/python3.7/site-packages/airflow/example_dags/example_params_trigger_ui.py
[2023-06-16T09:41:16.551+0000] {processor.py:826} INFO - Processing file /home/airflow/.local/lib/python3.7/site-packages/airflow/example_dags/example_params_trigger_ui.py for tasks to queue
[2023-06-16T09:41:16.551+0000] {logging_mixin.py:149} INFO - [2023-06-16T09:41:16.551+0000] {dagbag.py:541} INFO - Filling up the DagBag from /home/airflow/.local/lib/python3.7/site-packages/airflow/example_dags/example_params_trigger_ui.py
[2023-06-16T09:41:16.567+0000] {processor.py:836} INFO - DAG(s) dict_keys(['example_params_trigger_ui']) retrieved from /home/airflow/.local/lib/python3.7/site-packages/airflow/example_dags/example_params_trigger_ui.py
[2023-06-16T09:41:16.615+0000] {logging_mixin.py:149} INFO - [2023-06-16T09:41:16.615+0000] {dag.py:2726} INFO - Sync 1 DAGs
[2023-06-16T09:41:16.634+0000] {logging_mixin.py:149} INFO - [2023-06-16T09:41:16.634+0000] {dag.py:3490} INFO - Setting next_dagrun for example_params_trigger_ui to None, run_after=None
[2023-06-16T09:41:16.646+0000] {processor.py:179} INFO - Processing /home/airflow/.local/lib/python3.7/site-packages/airflow/example_dags/example_params_trigger_ui.py took 0.100 seconds
[2023-06-16T09:41:46.907+0000] {processor.py:157} INFO - Started process (PID=1272) to work on /home/airflow/.local/lib/python3.7/site-packages/airflow/example_dags/example_params_trigger_ui.py
[2023-06-16T09:41:46.908+0000] {processor.py:826} INFO - Processing file /home/airflow/.local/lib/python3.7/site-packages/airflow/example_dags/example_params_trigger_ui.py for tasks to queue
[2023-06-16T09:41:46.908+0000] {logging_mixin.py:149} INFO - [2023-06-16T09:41:46.908+0000] {dagbag.py:541} INFO - Filling up the DagBag from /home/airflow/.local/lib/python3.7/site-packages/airflow/example_dags/example_params_trigger_ui.py
[2023-06-16T09:41:46.923+0000] {processor.py:836} INFO - DAG(s) dict_keys(['example_params_trigger_ui']) retrieved from /home/airflow/.local/lib/python3.7/site-packages/airflow/example_dags/example_params_trigger_ui.py
[2023-06-16T09:41:46.967+0000] {logging_mixin.py:149} INFO - [2023-06-16T09:41:46.967+0000] {dag.py:2726} INFO - Sync 1 DAGs
[2023-06-16T09:41:46.983+0000] {logging_mixin.py:149} INFO - [2023-06-16T09:41:46.983+0000] {dag.py:3490} INFO - Setting next_dagrun for example_params_trigger_ui to None, run_after=None
[2023-06-16T09:41:46.993+0000] {processor.py:179} INFO - Processing /home/airflow/.local/lib/python3.7/site-packages/airflow/example_dags/example_params_trigger_ui.py took 0.089 seconds
