[2023-06-16T09:39:15.818+0000] {processor.py:157} INFO - Started process (PID=1020) to work on /home/airflow/.local/lib/python3.7/site-packages/airflow/example_dags/example_latest_only_with_trigger.py
[2023-06-16T09:39:15.831+0000] {processor.py:826} INFO - Processing file /home/airflow/.local/lib/python3.7/site-packages/airflow/example_dags/example_latest_only_with_trigger.py for tasks to queue
[2023-06-16T09:39:15.833+0000] {logging_mixin.py:149} INFO - [2023-06-16T09:39:15.833+0000] {dagbag.py:541} INFO - Filling up the DagBag from /home/airflow/.local/lib/python3.7/site-packages/airflow/example_dags/example_latest_only_with_trigger.py
[2023-06-16T09:39:15.890+0000] {processor.py:836} INFO - DAG(s) dict_keys(['latest_only_with_trigger']) retrieved from /home/airflow/.local/lib/python3.7/site-packages/airflow/example_dags/example_latest_only_with_trigger.py
[2023-06-16T09:39:16.088+0000] {logging_mixin.py:149} INFO - [2023-06-16T09:39:16.088+0000] {dag.py:2726} INFO - Sync 1 DAGs
[2023-06-16T09:39:16.271+0000] {logging_mixin.py:149} INFO - [2023-06-16T09:39:16.271+0000] {dag.py:3490} INFO - Setting next_dagrun for latest_only_with_trigger to 2023-06-16T05:39:16.271061+00:00, run_after=2023-06-16T09:39:16.271061+00:00
[2023-06-16T09:39:16.376+0000] {processor.py:179} INFO - Processing /home/airflow/.local/lib/python3.7/site-packages/airflow/example_dags/example_latest_only_with_trigger.py took 0.577 seconds
[2023-06-16T09:39:50.122+0000] {processor.py:157} INFO - Started process (PID=1086) to work on /home/airflow/.local/lib/python3.7/site-packages/airflow/example_dags/example_latest_only_with_trigger.py
[2023-06-16T09:39:50.127+0000] {processor.py:826} INFO - Processing file /home/airflow/.local/lib/python3.7/site-packages/airflow/example_dags/example_latest_only_with_trigger.py for tasks to queue
[2023-06-16T09:39:50.133+0000] {logging_mixin.py:149} INFO - [2023-06-16T09:39:50.132+0000] {dagbag.py:541} INFO - Filling up the DagBag from /home/airflow/.local/lib/python3.7/site-packages/airflow/example_dags/example_latest_only_with_trigger.py
[2023-06-16T09:39:50.155+0000] {processor.py:836} INFO - DAG(s) dict_keys(['latest_only_with_trigger']) retrieved from /home/airflow/.local/lib/python3.7/site-packages/airflow/example_dags/example_latest_only_with_trigger.py
[2023-06-16T09:39:50.224+0000] {logging_mixin.py:149} INFO - [2023-06-16T09:39:50.224+0000] {dag.py:2726} INFO - Sync 1 DAGs
[2023-06-16T09:39:50.280+0000] {logging_mixin.py:149} INFO - [2023-06-16T09:39:50.279+0000] {dag.py:3490} INFO - Setting next_dagrun for latest_only_with_trigger to 2023-06-16T05:39:50.279674+00:00, run_after=2023-06-16T09:39:50.279674+00:00
[2023-06-16T09:39:50.347+0000] {processor.py:179} INFO - Processing /home/airflow/.local/lib/python3.7/site-packages/airflow/example_dags/example_latest_only_with_trigger.py took 0.248 seconds
[2023-06-16T09:40:50.437+0000] {processor.py:157} INFO - Started process (PID=1159) to work on /home/airflow/.local/lib/python3.7/site-packages/airflow/example_dags/example_latest_only_with_trigger.py
[2023-06-16T09:40:50.442+0000] {processor.py:826} INFO - Processing file /home/airflow/.local/lib/python3.7/site-packages/airflow/example_dags/example_latest_only_with_trigger.py for tasks to queue
[2023-06-16T09:40:50.448+0000] {logging_mixin.py:149} INFO - [2023-06-16T09:40:50.446+0000] {dagbag.py:541} INFO - Filling up the DagBag from /home/airflow/.local/lib/python3.7/site-packages/airflow/example_dags/example_latest_only_with_trigger.py
[2023-06-16T09:40:50.479+0000] {processor.py:836} INFO - DAG(s) dict_keys(['latest_only_with_trigger']) retrieved from /home/airflow/.local/lib/python3.7/site-packages/airflow/example_dags/example_latest_only_with_trigger.py
[2023-06-16T09:40:50.638+0000] {logging_mixin.py:149} INFO - [2023-06-16T09:40:50.638+0000] {dag.py:2726} INFO - Sync 1 DAGs
[2023-06-16T09:40:50.879+0000] {logging_mixin.py:149} INFO - [2023-06-16T09:40:50.879+0000] {dag.py:3490} INFO - Setting next_dagrun for latest_only_with_trigger to 2023-06-16T05:40:50.878390+00:00, run_after=2023-06-16T09:40:50.878390+00:00
[2023-06-16T09:40:51.035+0000] {processor.py:179} INFO - Processing /home/airflow/.local/lib/python3.7/site-packages/airflow/example_dags/example_latest_only_with_trigger.py took 0.623 seconds
[2023-06-16T09:41:21.673+0000] {processor.py:157} INFO - Started process (PID=1225) to work on /home/airflow/.local/lib/python3.7/site-packages/airflow/example_dags/example_latest_only_with_trigger.py
[2023-06-16T09:41:21.674+0000] {processor.py:826} INFO - Processing file /home/airflow/.local/lib/python3.7/site-packages/airflow/example_dags/example_latest_only_with_trigger.py for tasks to queue
[2023-06-16T09:41:21.676+0000] {logging_mixin.py:149} INFO - [2023-06-16T09:41:21.676+0000] {dagbag.py:541} INFO - Filling up the DagBag from /home/airflow/.local/lib/python3.7/site-packages/airflow/example_dags/example_latest_only_with_trigger.py
[2023-06-16T09:41:21.684+0000] {processor.py:836} INFO - DAG(s) dict_keys(['latest_only_with_trigger']) retrieved from /home/airflow/.local/lib/python3.7/site-packages/airflow/example_dags/example_latest_only_with_trigger.py
[2023-06-16T09:41:21.709+0000] {logging_mixin.py:149} INFO - [2023-06-16T09:41:21.708+0000] {dag.py:2726} INFO - Sync 1 DAGs
[2023-06-16T09:41:21.727+0000] {logging_mixin.py:149} INFO - [2023-06-16T09:41:21.727+0000] {dag.py:3490} INFO - Setting next_dagrun for latest_only_with_trigger to 2023-06-16T05:41:21.727507+00:00, run_after=2023-06-16T09:41:21.727507+00:00
[2023-06-16T09:41:21.739+0000] {processor.py:179} INFO - Processing /home/airflow/.local/lib/python3.7/site-packages/airflow/example_dags/example_latest_only_with_trigger.py took 0.071 seconds
[2023-06-16T09:41:52.277+0000] {processor.py:157} INFO - Started process (PID=1291) to work on /home/airflow/.local/lib/python3.7/site-packages/airflow/example_dags/example_latest_only_with_trigger.py
[2023-06-16T09:41:52.280+0000] {processor.py:826} INFO - Processing file /home/airflow/.local/lib/python3.7/site-packages/airflow/example_dags/example_latest_only_with_trigger.py for tasks to queue
[2023-06-16T09:41:52.281+0000] {logging_mixin.py:149} INFO - [2023-06-16T09:41:52.281+0000] {dagbag.py:541} INFO - Filling up the DagBag from /home/airflow/.local/lib/python3.7/site-packages/airflow/example_dags/example_latest_only_with_trigger.py
[2023-06-16T09:41:52.291+0000] {processor.py:836} INFO - DAG(s) dict_keys(['latest_only_with_trigger']) retrieved from /home/airflow/.local/lib/python3.7/site-packages/airflow/example_dags/example_latest_only_with_trigger.py
[2023-06-16T09:41:52.316+0000] {logging_mixin.py:149} INFO - [2023-06-16T09:41:52.316+0000] {dag.py:2726} INFO - Sync 1 DAGs
[2023-06-16T09:41:52.333+0000] {logging_mixin.py:149} INFO - [2023-06-16T09:41:52.333+0000] {dag.py:3490} INFO - Setting next_dagrun for latest_only_with_trigger to 2023-06-16T05:41:52.332816+00:00, run_after=2023-06-16T09:41:52.332816+00:00
[2023-06-16T09:41:52.347+0000] {processor.py:179} INFO - Processing /home/airflow/.local/lib/python3.7/site-packages/airflow/example_dags/example_latest_only_with_trigger.py took 0.078 seconds
