[2023-06-16T09:39:46.571+0000] {processor.py:157} INFO - Started process (PID=1073) to work on /home/airflow/.local/lib/python3.7/site-packages/airflow/example_dags/example_latest_only.py
[2023-06-16T09:39:46.578+0000] {processor.py:826} INFO - Processing file /home/airflow/.local/lib/python3.7/site-packages/airflow/example_dags/example_latest_only.py for tasks to queue
[2023-06-16T09:39:46.580+0000] {logging_mixin.py:149} INFO - [2023-06-16T09:39:46.579+0000] {dagbag.py:541} INFO - Filling up the DagBag from /home/airflow/.local/lib/python3.7/site-packages/airflow/example_dags/example_latest_only.py
[2023-06-16T09:39:46.595+0000] {processor.py:836} INFO - DAG(s) dict_keys(['latest_only']) retrieved from /home/airflow/.local/lib/python3.7/site-packages/airflow/example_dags/example_latest_only.py
[2023-06-16T09:39:46.731+0000] {logging_mixin.py:149} INFO - [2023-06-16T09:39:46.731+0000] {dag.py:2726} INFO - Sync 1 DAGs
[2023-06-16T09:39:46.803+0000] {logging_mixin.py:149} INFO - [2023-06-16T09:39:46.802+0000] {dag.py:3490} INFO - Setting next_dagrun for latest_only to 2023-06-16T05:39:46.802415+00:00, run_after=2023-06-16T09:39:46.802415+00:00
[2023-06-16T09:39:46.842+0000] {processor.py:179} INFO - Processing /home/airflow/.local/lib/python3.7/site-packages/airflow/example_dags/example_latest_only.py took 0.278 seconds
[2023-06-16T09:40:47.013+0000] {processor.py:157} INFO - Started process (PID=1146) to work on /home/airflow/.local/lib/python3.7/site-packages/airflow/example_dags/example_latest_only.py
[2023-06-16T09:40:47.017+0000] {processor.py:826} INFO - Processing file /home/airflow/.local/lib/python3.7/site-packages/airflow/example_dags/example_latest_only.py for tasks to queue
[2023-06-16T09:40:47.020+0000] {logging_mixin.py:149} INFO - [2023-06-16T09:40:47.019+0000] {dagbag.py:541} INFO - Filling up the DagBag from /home/airflow/.local/lib/python3.7/site-packages/airflow/example_dags/example_latest_only.py
[2023-06-16T09:40:47.038+0000] {processor.py:836} INFO - DAG(s) dict_keys(['latest_only']) retrieved from /home/airflow/.local/lib/python3.7/site-packages/airflow/example_dags/example_latest_only.py
[2023-06-16T09:40:47.112+0000] {logging_mixin.py:149} INFO - [2023-06-16T09:40:47.112+0000] {dag.py:2726} INFO - Sync 1 DAGs
[2023-06-16T09:40:47.167+0000] {logging_mixin.py:149} INFO - [2023-06-16T09:40:47.166+0000] {dag.py:3490} INFO - Setting next_dagrun for latest_only to 2023-06-16T05:40:47.166426+00:00, run_after=2023-06-16T09:40:47.166426+00:00
[2023-06-16T09:40:47.206+0000] {processor.py:179} INFO - Processing /home/airflow/.local/lib/python3.7/site-packages/airflow/example_dags/example_latest_only.py took 0.220 seconds
[2023-06-16T09:41:17.807+0000] {processor.py:157} INFO - Started process (PID=1211) to work on /home/airflow/.local/lib/python3.7/site-packages/airflow/example_dags/example_latest_only.py
[2023-06-16T09:41:17.809+0000] {processor.py:826} INFO - Processing file /home/airflow/.local/lib/python3.7/site-packages/airflow/example_dags/example_latest_only.py for tasks to queue
[2023-06-16T09:41:17.810+0000] {logging_mixin.py:149} INFO - [2023-06-16T09:41:17.810+0000] {dagbag.py:541} INFO - Filling up the DagBag from /home/airflow/.local/lib/python3.7/site-packages/airflow/example_dags/example_latest_only.py
[2023-06-16T09:41:17.819+0000] {processor.py:836} INFO - DAG(s) dict_keys(['latest_only']) retrieved from /home/airflow/.local/lib/python3.7/site-packages/airflow/example_dags/example_latest_only.py
[2023-06-16T09:41:17.838+0000] {logging_mixin.py:149} INFO - [2023-06-16T09:41:17.838+0000] {dag.py:2726} INFO - Sync 1 DAGs
[2023-06-16T09:41:17.853+0000] {logging_mixin.py:149} INFO - [2023-06-16T09:41:17.853+0000] {dag.py:3490} INFO - Setting next_dagrun for latest_only to 2023-06-16T05:41:17.853131+00:00, run_after=2023-06-16T09:41:17.853131+00:00
[2023-06-16T09:41:17.863+0000] {processor.py:179} INFO - Processing /home/airflow/.local/lib/python3.7/site-packages/airflow/example_dags/example_latest_only.py took 0.060 seconds
[2023-06-16T09:41:48.293+0000] {processor.py:157} INFO - Started process (PID=1277) to work on /home/airflow/.local/lib/python3.7/site-packages/airflow/example_dags/example_latest_only.py
[2023-06-16T09:41:48.294+0000] {processor.py:826} INFO - Processing file /home/airflow/.local/lib/python3.7/site-packages/airflow/example_dags/example_latest_only.py for tasks to queue
[2023-06-16T09:41:48.295+0000] {logging_mixin.py:149} INFO - [2023-06-16T09:41:48.295+0000] {dagbag.py:541} INFO - Filling up the DagBag from /home/airflow/.local/lib/python3.7/site-packages/airflow/example_dags/example_latest_only.py
[2023-06-16T09:41:48.301+0000] {processor.py:836} INFO - DAG(s) dict_keys(['latest_only']) retrieved from /home/airflow/.local/lib/python3.7/site-packages/airflow/example_dags/example_latest_only.py
[2023-06-16T09:41:48.321+0000] {logging_mixin.py:149} INFO - [2023-06-16T09:41:48.321+0000] {dag.py:2726} INFO - Sync 1 DAGs
[2023-06-16T09:41:48.337+0000] {logging_mixin.py:149} INFO - [2023-06-16T09:41:48.337+0000] {dag.py:3490} INFO - Setting next_dagrun for latest_only to 2023-06-16T05:41:48.337434+00:00, run_after=2023-06-16T09:41:48.337434+00:00
[2023-06-16T09:41:48.350+0000] {processor.py:179} INFO - Processing /home/airflow/.local/lib/python3.7/site-packages/airflow/example_dags/example_latest_only.py took 0.060 seconds
