[2023-06-16T09:39:43.118+0000] {processor.py:157} INFO - Started process (PID=1055) to work on /home/airflow/.local/lib/python3.7/site-packages/airflow/example_dags/example_branch_python_dop_operator_3.py
[2023-06-16T09:39:43.131+0000] {processor.py:826} INFO - Processing file /home/airflow/.local/lib/python3.7/site-packages/airflow/example_dags/example_branch_python_dop_operator_3.py for tasks to queue
[2023-06-16T09:39:43.138+0000] {logging_mixin.py:149} INFO - [2023-06-16T09:39:43.136+0000] {dagbag.py:541} INFO - Filling up the DagBag from /home/airflow/.local/lib/python3.7/site-packages/airflow/example_dags/example_branch_python_dop_operator_3.py
[2023-06-16T09:39:43.164+0000] {processor.py:836} INFO - DAG(s) dict_keys(['example_branch_dop_operator_v3']) retrieved from /home/airflow/.local/lib/python3.7/site-packages/airflow/example_dags/example_branch_python_dop_operator_3.py
[2023-06-16T09:39:43.279+0000] {logging_mixin.py:149} INFO - [2023-06-16T09:39:43.277+0000] {dag.py:2726} INFO - Sync 1 DAGs
[2023-06-16T09:39:43.405+0000] {logging_mixin.py:149} INFO - [2023-06-16T09:39:43.405+0000] {dag.py:3490} INFO - Setting next_dagrun for example_branch_dop_operator_v3 to 2023-06-16T09:38:00+00:00, run_after=2023-06-16T09:39:00+00:00
[2023-06-16T09:39:43.487+0000] {processor.py:179} INFO - Processing /home/airflow/.local/lib/python3.7/site-packages/airflow/example_dags/example_branch_python_dop_operator_3.py took 0.380 seconds
[2023-06-16T09:40:40.253+0000] {processor.py:157} INFO - Started process (PID=1121) to work on /home/airflow/.local/lib/python3.7/site-packages/airflow/example_dags/example_branch_python_dop_operator_3.py
[2023-06-16T09:40:40.265+0000] {processor.py:826} INFO - Processing file /home/airflow/.local/lib/python3.7/site-packages/airflow/example_dags/example_branch_python_dop_operator_3.py for tasks to queue
[2023-06-16T09:40:40.272+0000] {logging_mixin.py:149} INFO - [2023-06-16T09:40:40.271+0000] {dagbag.py:541} INFO - Filling up the DagBag from /home/airflow/.local/lib/python3.7/site-packages/airflow/example_dags/example_branch_python_dop_operator_3.py
[2023-06-16T09:40:40.327+0000] {processor.py:836} INFO - DAG(s) dict_keys(['example_branch_dop_operator_v3']) retrieved from /home/airflow/.local/lib/python3.7/site-packages/airflow/example_dags/example_branch_python_dop_operator_3.py
[2023-06-16T09:40:40.449+0000] {logging_mixin.py:149} INFO - [2023-06-16T09:40:40.448+0000] {dag.py:2726} INFO - Sync 1 DAGs
[2023-06-16T09:40:40.569+0000] {logging_mixin.py:149} INFO - [2023-06-16T09:40:40.569+0000] {dag.py:3490} INFO - Setting next_dagrun for example_branch_dop_operator_v3 to 2023-06-16T09:39:00+00:00, run_after=2023-06-16T09:40:00+00:00
[2023-06-16T09:40:40.643+0000] {processor.py:179} INFO - Processing /home/airflow/.local/lib/python3.7/site-packages/airflow/example_dags/example_branch_python_dop_operator_3.py took 0.428 seconds
[2023-06-16T09:41:11.010+0000] {processor.py:157} INFO - Started process (PID=1181) to work on /home/airflow/.local/lib/python3.7/site-packages/airflow/example_dags/example_branch_python_dop_operator_3.py
[2023-06-16T09:41:11.011+0000] {processor.py:826} INFO - Processing file /home/airflow/.local/lib/python3.7/site-packages/airflow/example_dags/example_branch_python_dop_operator_3.py for tasks to queue
[2023-06-16T09:41:11.014+0000] {logging_mixin.py:149} INFO - [2023-06-16T09:41:11.014+0000] {dagbag.py:541} INFO - Filling up the DagBag from /home/airflow/.local/lib/python3.7/site-packages/airflow/example_dags/example_branch_python_dop_operator_3.py
[2023-06-16T09:41:11.027+0000] {processor.py:836} INFO - DAG(s) dict_keys(['example_branch_dop_operator_v3']) retrieved from /home/airflow/.local/lib/python3.7/site-packages/airflow/example_dags/example_branch_python_dop_operator_3.py
[2023-06-16T09:41:11.048+0000] {logging_mixin.py:149} INFO - [2023-06-16T09:41:11.048+0000] {dag.py:2726} INFO - Sync 1 DAGs
[2023-06-16T09:41:11.066+0000] {logging_mixin.py:149} INFO - [2023-06-16T09:41:11.066+0000] {dag.py:3490} INFO - Setting next_dagrun for example_branch_dop_operator_v3 to 2023-06-16T09:40:00+00:00, run_after=2023-06-16T09:41:00+00:00
[2023-06-16T09:41:11.080+0000] {processor.py:179} INFO - Processing /home/airflow/.local/lib/python3.7/site-packages/airflow/example_dags/example_branch_python_dop_operator_3.py took 0.073 seconds
[2023-06-16T09:41:41.431+0000] {processor.py:157} INFO - Started process (PID=1241) to work on /home/airflow/.local/lib/python3.7/site-packages/airflow/example_dags/example_branch_python_dop_operator_3.py
[2023-06-16T09:41:41.433+0000] {processor.py:826} INFO - Processing file /home/airflow/.local/lib/python3.7/site-packages/airflow/example_dags/example_branch_python_dop_operator_3.py for tasks to queue
[2023-06-16T09:41:41.435+0000] {logging_mixin.py:149} INFO - [2023-06-16T09:41:41.434+0000] {dagbag.py:541} INFO - Filling up the DagBag from /home/airflow/.local/lib/python3.7/site-packages/airflow/example_dags/example_branch_python_dop_operator_3.py
[2023-06-16T09:41:41.447+0000] {processor.py:836} INFO - DAG(s) dict_keys(['example_branch_dop_operator_v3']) retrieved from /home/airflow/.local/lib/python3.7/site-packages/airflow/example_dags/example_branch_python_dop_operator_3.py
[2023-06-16T09:41:41.471+0000] {logging_mixin.py:149} INFO - [2023-06-16T09:41:41.471+0000] {dag.py:2726} INFO - Sync 1 DAGs
[2023-06-16T09:41:41.489+0000] {logging_mixin.py:149} INFO - [2023-06-16T09:41:41.488+0000] {dag.py:3490} INFO - Setting next_dagrun for example_branch_dop_operator_v3 to 2023-06-16T09:40:00+00:00, run_after=2023-06-16T09:41:00+00:00
[2023-06-16T09:41:41.500+0000] {processor.py:179} INFO - Processing /home/airflow/.local/lib/python3.7/site-packages/airflow/example_dags/example_branch_python_dop_operator_3.py took 0.076 seconds
