[2023-08-05T01:49:13.497+0000] {processor.py:157} INFO - Started process (PID=28019) to work on /home/airflow/.local/lib/python3.7/site-packages/airflow/example_dags/example_datasets.py
[2023-08-05T01:49:13.498+0000] {processor.py:826} INFO - Processing file /home/airflow/.local/lib/python3.7/site-packages/airflow/example_dags/example_datasets.py for tasks to queue
[2023-08-05T01:49:13.499+0000] {logging_mixin.py:149} INFO - [2023-08-05T01:49:13.499+0000] {dagbag.py:541} INFO - Filling up the DagBag from /home/airflow/.local/lib/python3.7/site-packages/airflow/example_dags/example_datasets.py
[2023-08-05T01:49:13.514+0000] {processor.py:836} INFO - DAG(s) dict_keys(['dataset_consumes_unknown_never_scheduled', 'dataset_produces_1', 'dataset_produces_2', 'dataset_consumes_1_and_2', 'dataset_consumes_1_never_scheduled', 'dataset_consumes_1']) retrieved from /home/airflow/.local/lib/python3.7/site-packages/airflow/example_dags/example_datasets.py
[2023-08-05T01:49:13.544+0000] {logging_mixin.py:149} INFO - [2023-08-05T01:49:13.544+0000] {dag.py:2726} INFO - Sync 6 DAGs
[2023-08-05T01:49:13.561+0000] {logging_mixin.py:149} INFO - [2023-08-05T01:49:13.561+0000] {dag.py:3490} INFO - Setting next_dagrun for dataset_consumes_1 to None, run_after=None
[2023-08-05T01:49:13.564+0000] {logging_mixin.py:149} INFO - [2023-08-05T01:49:13.564+0000] {dag.py:3490} INFO - Setting next_dagrun for dataset_consumes_1_and_2 to None, run_after=None
[2023-08-05T01:49:13.565+0000] {logging_mixin.py:149} INFO - [2023-08-05T01:49:13.565+0000] {dag.py:3490} INFO - Setting next_dagrun for dataset_consumes_1_never_scheduled to None, run_after=None
[2023-08-05T01:49:13.567+0000] {logging_mixin.py:149} INFO - [2023-08-05T01:49:13.567+0000] {dag.py:3490} INFO - Setting next_dagrun for dataset_consumes_unknown_never_scheduled to None, run_after=None
[2023-08-05T01:49:13.569+0000] {logging_mixin.py:149} INFO - [2023-08-05T01:49:13.569+0000] {dag.py:3490} INFO - Setting next_dagrun for dataset_produces_1 to 2023-08-04T00:00:00+00:00, run_after=2023-08-05T00:00:00+00:00
[2023-08-05T01:49:13.571+0000] {logging_mixin.py:149} INFO - [2023-08-05T01:49:13.571+0000] {dag.py:3490} INFO - Setting next_dagrun for dataset_produces_2 to None, run_after=None
[2023-08-05T01:49:13.593+0000] {processor.py:179} INFO - Processing /home/airflow/.local/lib/python3.7/site-packages/airflow/example_dags/example_datasets.py took 0.098 seconds
[2023-08-05T05:20:47.455+0000] {processor.py:157} INFO - Started process (PID=28085) to work on /home/airflow/.local/lib/python3.7/site-packages/airflow/example_dags/example_datasets.py
[2023-08-05T05:20:47.456+0000] {processor.py:826} INFO - Processing file /home/airflow/.local/lib/python3.7/site-packages/airflow/example_dags/example_datasets.py for tasks to queue
[2023-08-05T05:20:47.456+0000] {logging_mixin.py:149} INFO - [2023-08-05T05:20:47.456+0000] {dagbag.py:541} INFO - Filling up the DagBag from /home/airflow/.local/lib/python3.7/site-packages/airflow/example_dags/example_datasets.py
[2023-08-05T05:20:47.464+0000] {processor.py:836} INFO - DAG(s) dict_keys(['dataset_produces_1', 'dataset_consumes_1', 'dataset_consumes_1_and_2', 'dataset_consumes_unknown_never_scheduled', 'dataset_consumes_1_never_scheduled', 'dataset_produces_2']) retrieved from /home/airflow/.local/lib/python3.7/site-packages/airflow/example_dags/example_datasets.py
[2023-08-05T05:20:47.498+0000] {logging_mixin.py:149} INFO - [2023-08-05T05:20:47.497+0000] {dag.py:2726} INFO - Sync 6 DAGs
[2023-08-05T05:20:47.515+0000] {logging_mixin.py:149} INFO - [2023-08-05T05:20:47.515+0000] {dag.py:3490} INFO - Setting next_dagrun for dataset_consumes_1 to None, run_after=None
[2023-08-05T05:20:47.518+0000] {logging_mixin.py:149} INFO - [2023-08-05T05:20:47.518+0000] {dag.py:3490} INFO - Setting next_dagrun for dataset_consumes_1_and_2 to None, run_after=None
[2023-08-05T05:20:47.519+0000] {logging_mixin.py:149} INFO - [2023-08-05T05:20:47.519+0000] {dag.py:3490} INFO - Setting next_dagrun for dataset_consumes_1_never_scheduled to None, run_after=None
[2023-08-05T05:20:47.520+0000] {logging_mixin.py:149} INFO - [2023-08-05T05:20:47.520+0000] {dag.py:3490} INFO - Setting next_dagrun for dataset_consumes_unknown_never_scheduled to None, run_after=None
[2023-08-05T05:20:47.522+0000] {logging_mixin.py:149} INFO - [2023-08-05T05:20:47.522+0000] {dag.py:3490} INFO - Setting next_dagrun for dataset_produces_1 to 2023-08-04T00:00:00+00:00, run_after=2023-08-05T00:00:00+00:00
[2023-08-05T05:20:47.523+0000] {logging_mixin.py:149} INFO - [2023-08-05T05:20:47.523+0000] {dag.py:3490} INFO - Setting next_dagrun for dataset_produces_2 to None, run_after=None
[2023-08-05T05:20:47.540+0000] {processor.py:179} INFO - Processing /home/airflow/.local/lib/python3.7/site-packages/airflow/example_dags/example_datasets.py took 0.088 seconds
[2023-08-05T08:34:30.406+0000] {processor.py:157} INFO - Started process (PID=28151) to work on /home/airflow/.local/lib/python3.7/site-packages/airflow/example_dags/example_datasets.py
[2023-08-05T08:34:30.411+0000] {processor.py:826} INFO - Processing file /home/airflow/.local/lib/python3.7/site-packages/airflow/example_dags/example_datasets.py for tasks to queue
[2023-08-05T08:34:30.413+0000] {logging_mixin.py:149} INFO - [2023-08-05T08:34:30.412+0000] {dagbag.py:541} INFO - Filling up the DagBag from /home/airflow/.local/lib/python3.7/site-packages/airflow/example_dags/example_datasets.py
[2023-08-05T08:34:30.420+0000] {processor.py:836} INFO - DAG(s) dict_keys(['dataset_consumes_1_never_scheduled', 'dataset_consumes_1', 'dataset_produces_1', 'dataset_consumes_1_and_2', 'dataset_produces_2', 'dataset_consumes_unknown_never_scheduled']) retrieved from /home/airflow/.local/lib/python3.7/site-packages/airflow/example_dags/example_datasets.py
[2023-08-05T08:34:30.465+0000] {logging_mixin.py:149} INFO - [2023-08-05T08:34:30.465+0000] {dag.py:2726} INFO - Sync 6 DAGs
[2023-08-05T08:34:30.482+0000] {logging_mixin.py:149} INFO - [2023-08-05T08:34:30.482+0000] {dag.py:3490} INFO - Setting next_dagrun for dataset_consumes_1 to None, run_after=None
[2023-08-05T08:34:30.485+0000] {logging_mixin.py:149} INFO - [2023-08-05T08:34:30.485+0000] {dag.py:3490} INFO - Setting next_dagrun for dataset_consumes_1_and_2 to None, run_after=None
[2023-08-05T08:34:30.486+0000] {logging_mixin.py:149} INFO - [2023-08-05T08:34:30.486+0000] {dag.py:3490} INFO - Setting next_dagrun for dataset_consumes_1_never_scheduled to None, run_after=None
[2023-08-05T08:34:30.487+0000] {logging_mixin.py:149} INFO - [2023-08-05T08:34:30.487+0000] {dag.py:3490} INFO - Setting next_dagrun for dataset_consumes_unknown_never_scheduled to None, run_after=None
[2023-08-05T08:34:30.489+0000] {logging_mixin.py:149} INFO - [2023-08-05T08:34:30.489+0000] {dag.py:3490} INFO - Setting next_dagrun for dataset_produces_1 to 2023-08-04T00:00:00+00:00, run_after=2023-08-05T00:00:00+00:00
[2023-08-05T08:34:30.492+0000] {logging_mixin.py:149} INFO - [2023-08-05T08:34:30.492+0000] {dag.py:3490} INFO - Setting next_dagrun for dataset_produces_2 to None, run_after=None
[2023-08-05T08:34:30.520+0000] {processor.py:179} INFO - Processing /home/airflow/.local/lib/python3.7/site-packages/airflow/example_dags/example_datasets.py took 0.118 seconds
[2023-08-05T09:11:46.370+0000] {processor.py:157} INFO - Started process (PID=28218) to work on /home/airflow/.local/lib/python3.7/site-packages/airflow/example_dags/example_datasets.py
[2023-08-05T09:11:46.370+0000] {processor.py:826} INFO - Processing file /home/airflow/.local/lib/python3.7/site-packages/airflow/example_dags/example_datasets.py for tasks to queue
[2023-08-05T09:11:46.371+0000] {logging_mixin.py:149} INFO - [2023-08-05T09:11:46.371+0000] {dagbag.py:541} INFO - Filling up the DagBag from /home/airflow/.local/lib/python3.7/site-packages/airflow/example_dags/example_datasets.py
[2023-08-05T09:11:46.379+0000] {processor.py:836} INFO - DAG(s) dict_keys(['dataset_produces_1', 'dataset_consumes_1_and_2', 'dataset_consumes_1', 'dataset_produces_2', 'dataset_consumes_1_never_scheduled', 'dataset_consumes_unknown_never_scheduled']) retrieved from /home/airflow/.local/lib/python3.7/site-packages/airflow/example_dags/example_datasets.py
[2023-08-05T09:11:46.409+0000] {logging_mixin.py:149} INFO - [2023-08-05T09:11:46.409+0000] {dag.py:2726} INFO - Sync 6 DAGs
[2023-08-05T09:11:46.426+0000] {logging_mixin.py:149} INFO - [2023-08-05T09:11:46.426+0000] {dag.py:3490} INFO - Setting next_dagrun for dataset_consumes_1 to None, run_after=None
[2023-08-05T09:11:46.428+0000] {logging_mixin.py:149} INFO - [2023-08-05T09:11:46.428+0000] {dag.py:3490} INFO - Setting next_dagrun for dataset_consumes_1_and_2 to None, run_after=None
[2023-08-05T09:11:46.429+0000] {logging_mixin.py:149} INFO - [2023-08-05T09:11:46.429+0000] {dag.py:3490} INFO - Setting next_dagrun for dataset_consumes_1_never_scheduled to None, run_after=None
[2023-08-05T09:11:46.430+0000] {logging_mixin.py:149} INFO - [2023-08-05T09:11:46.430+0000] {dag.py:3490} INFO - Setting next_dagrun for dataset_consumes_unknown_never_scheduled to None, run_after=None
[2023-08-05T09:11:46.432+0000] {logging_mixin.py:149} INFO - [2023-08-05T09:11:46.432+0000] {dag.py:3490} INFO - Setting next_dagrun for dataset_produces_1 to 2023-08-04T00:00:00+00:00, run_after=2023-08-05T00:00:00+00:00
[2023-08-05T09:11:46.433+0000] {logging_mixin.py:149} INFO - [2023-08-05T09:11:46.433+0000] {dag.py:3490} INFO - Setting next_dagrun for dataset_produces_2 to None, run_after=None
[2023-08-05T09:11:46.458+0000] {processor.py:179} INFO - Processing /home/airflow/.local/lib/python3.7/site-packages/airflow/example_dags/example_datasets.py took 0.092 seconds
[2023-08-05T12:22:29.309+0000] {processor.py:157} INFO - Started process (PID=28284) to work on /home/airflow/.local/lib/python3.7/site-packages/airflow/example_dags/example_datasets.py
[2023-08-05T12:22:29.311+0000] {processor.py:826} INFO - Processing file /home/airflow/.local/lib/python3.7/site-packages/airflow/example_dags/example_datasets.py for tasks to queue
[2023-08-05T12:22:29.312+0000] {logging_mixin.py:149} INFO - [2023-08-05T12:22:29.312+0000] {dagbag.py:541} INFO - Filling up the DagBag from /home/airflow/.local/lib/python3.7/site-packages/airflow/example_dags/example_datasets.py
[2023-08-05T12:22:29.320+0000] {processor.py:836} INFO - DAG(s) dict_keys(['dataset_consumes_1_never_scheduled', 'dataset_consumes_unknown_never_scheduled', 'dataset_consumes_1_and_2', 'dataset_produces_2', 'dataset_produces_1', 'dataset_consumes_1']) retrieved from /home/airflow/.local/lib/python3.7/site-packages/airflow/example_dags/example_datasets.py
[2023-08-05T12:22:29.356+0000] {logging_mixin.py:149} INFO - [2023-08-05T12:22:29.356+0000] {dag.py:2726} INFO - Sync 6 DAGs
[2023-08-05T12:22:29.376+0000] {logging_mixin.py:149} INFO - [2023-08-05T12:22:29.376+0000] {dag.py:3490} INFO - Setting next_dagrun for dataset_consumes_1 to None, run_after=None
[2023-08-05T12:22:29.381+0000] {logging_mixin.py:149} INFO - [2023-08-05T12:22:29.381+0000] {dag.py:3490} INFO - Setting next_dagrun for dataset_consumes_1_and_2 to None, run_after=None
[2023-08-05T12:22:29.382+0000] {logging_mixin.py:149} INFO - [2023-08-05T12:22:29.382+0000] {dag.py:3490} INFO - Setting next_dagrun for dataset_consumes_1_never_scheduled to None, run_after=None
[2023-08-05T12:22:29.383+0000] {logging_mixin.py:149} INFO - [2023-08-05T12:22:29.383+0000] {dag.py:3490} INFO - Setting next_dagrun for dataset_consumes_unknown_never_scheduled to None, run_after=None
[2023-08-05T12:22:29.385+0000] {logging_mixin.py:149} INFO - [2023-08-05T12:22:29.385+0000] {dag.py:3490} INFO - Setting next_dagrun for dataset_produces_1 to 2023-08-04T00:00:00+00:00, run_after=2023-08-05T00:00:00+00:00
[2023-08-05T12:22:29.386+0000] {logging_mixin.py:149} INFO - [2023-08-05T12:22:29.386+0000] {dag.py:3490} INFO - Setting next_dagrun for dataset_produces_2 to None, run_after=None
[2023-08-05T12:22:29.410+0000] {processor.py:179} INFO - Processing /home/airflow/.local/lib/python3.7/site-packages/airflow/example_dags/example_datasets.py took 0.104 seconds
[2023-08-05T15:35:43.854+0000] {processor.py:157} INFO - Started process (PID=28350) to work on /home/airflow/.local/lib/python3.7/site-packages/airflow/example_dags/example_datasets.py
[2023-08-05T15:35:43.855+0000] {processor.py:826} INFO - Processing file /home/airflow/.local/lib/python3.7/site-packages/airflow/example_dags/example_datasets.py for tasks to queue
[2023-08-05T15:35:43.856+0000] {logging_mixin.py:149} INFO - [2023-08-05T15:35:43.856+0000] {dagbag.py:541} INFO - Filling up the DagBag from /home/airflow/.local/lib/python3.7/site-packages/airflow/example_dags/example_datasets.py
[2023-08-05T15:35:43.863+0000] {processor.py:836} INFO - DAG(s) dict_keys(['dataset_produces_1', 'dataset_consumes_1_and_2', 'dataset_consumes_unknown_never_scheduled', 'dataset_consumes_1', 'dataset_consumes_1_never_scheduled', 'dataset_produces_2']) retrieved from /home/airflow/.local/lib/python3.7/site-packages/airflow/example_dags/example_datasets.py
[2023-08-05T15:35:43.904+0000] {logging_mixin.py:149} INFO - [2023-08-05T15:35:43.904+0000] {dag.py:2726} INFO - Sync 6 DAGs
[2023-08-05T15:35:43.931+0000] {logging_mixin.py:149} INFO - [2023-08-05T15:35:43.931+0000] {dag.py:3490} INFO - Setting next_dagrun for dataset_consumes_1 to None, run_after=None
[2023-08-05T15:35:43.940+0000] {logging_mixin.py:149} INFO - [2023-08-05T15:35:43.940+0000] {dag.py:3490} INFO - Setting next_dagrun for dataset_consumes_1_and_2 to None, run_after=None
[2023-08-05T15:35:43.942+0000] {logging_mixin.py:149} INFO - [2023-08-05T15:35:43.942+0000] {dag.py:3490} INFO - Setting next_dagrun for dataset_consumes_1_never_scheduled to None, run_after=None
[2023-08-05T15:35:43.943+0000] {logging_mixin.py:149} INFO - [2023-08-05T15:35:43.943+0000] {dag.py:3490} INFO - Setting next_dagrun for dataset_consumes_unknown_never_scheduled to None, run_after=None
[2023-08-05T15:35:43.945+0000] {logging_mixin.py:149} INFO - [2023-08-05T15:35:43.945+0000] {dag.py:3490} INFO - Setting next_dagrun for dataset_produces_1 to 2023-08-04T00:00:00+00:00, run_after=2023-08-05T00:00:00+00:00
[2023-08-05T15:35:43.946+0000] {logging_mixin.py:149} INFO - [2023-08-05T15:35:43.946+0000] {dag.py:3490} INFO - Setting next_dagrun for dataset_produces_2 to None, run_after=None
[2023-08-05T15:35:43.972+0000] {processor.py:179} INFO - Processing /home/airflow/.local/lib/python3.7/site-packages/airflow/example_dags/example_datasets.py took 0.121 seconds
[2023-08-05T16:27:06.519+0000] {processor.py:157} INFO - Started process (PID=28416) to work on /home/airflow/.local/lib/python3.7/site-packages/airflow/example_dags/example_datasets.py
[2023-08-05T16:27:06.520+0000] {processor.py:826} INFO - Processing file /home/airflow/.local/lib/python3.7/site-packages/airflow/example_dags/example_datasets.py for tasks to queue
[2023-08-05T16:27:06.521+0000] {logging_mixin.py:149} INFO - [2023-08-05T16:27:06.521+0000] {dagbag.py:541} INFO - Filling up the DagBag from /home/airflow/.local/lib/python3.7/site-packages/airflow/example_dags/example_datasets.py
[2023-08-05T16:27:06.532+0000] {processor.py:836} INFO - DAG(s) dict_keys(['dataset_consumes_1', 'dataset_consumes_1_never_scheduled', 'dataset_consumes_unknown_never_scheduled', 'dataset_produces_2', 'dataset_consumes_1_and_2', 'dataset_produces_1']) retrieved from /home/airflow/.local/lib/python3.7/site-packages/airflow/example_dags/example_datasets.py
[2023-08-05T16:27:06.563+0000] {logging_mixin.py:149} INFO - [2023-08-05T16:27:06.563+0000] {dag.py:2726} INFO - Sync 6 DAGs
[2023-08-05T16:27:06.582+0000] {logging_mixin.py:149} INFO - [2023-08-05T16:27:06.581+0000] {dag.py:3490} INFO - Setting next_dagrun for dataset_consumes_1 to None, run_after=None
[2023-08-05T16:27:06.584+0000] {logging_mixin.py:149} INFO - [2023-08-05T16:27:06.584+0000] {dag.py:3490} INFO - Setting next_dagrun for dataset_consumes_1_and_2 to None, run_after=None
[2023-08-05T16:27:06.585+0000] {logging_mixin.py:149} INFO - [2023-08-05T16:27:06.585+0000] {dag.py:3490} INFO - Setting next_dagrun for dataset_consumes_1_never_scheduled to None, run_after=None
[2023-08-05T16:27:06.586+0000] {logging_mixin.py:149} INFO - [2023-08-05T16:27:06.586+0000] {dag.py:3490} INFO - Setting next_dagrun for dataset_consumes_unknown_never_scheduled to None, run_after=None
[2023-08-05T16:27:06.589+0000] {logging_mixin.py:149} INFO - [2023-08-05T16:27:06.589+0000] {dag.py:3490} INFO - Setting next_dagrun for dataset_produces_1 to 2023-08-04T00:00:00+00:00, run_after=2023-08-05T00:00:00+00:00
[2023-08-05T16:27:06.590+0000] {logging_mixin.py:149} INFO - [2023-08-05T16:27:06.590+0000] {dag.py:3490} INFO - Setting next_dagrun for dataset_produces_2 to None, run_after=None
[2023-08-05T16:27:06.610+0000] {processor.py:179} INFO - Processing /home/airflow/.local/lib/python3.7/site-packages/airflow/example_dags/example_datasets.py took 0.094 seconds
[2023-08-05T20:04:31.719+0000] {processor.py:157} INFO - Started process (PID=28482) to work on /home/airflow/.local/lib/python3.7/site-packages/airflow/example_dags/example_datasets.py
[2023-08-05T20:04:31.720+0000] {processor.py:826} INFO - Processing file /home/airflow/.local/lib/python3.7/site-packages/airflow/example_dags/example_datasets.py for tasks to queue
[2023-08-05T20:04:31.721+0000] {logging_mixin.py:149} INFO - [2023-08-05T20:04:31.721+0000] {dagbag.py:541} INFO - Filling up the DagBag from /home/airflow/.local/lib/python3.7/site-packages/airflow/example_dags/example_datasets.py
[2023-08-05T20:04:31.729+0000] {processor.py:836} INFO - DAG(s) dict_keys(['dataset_consumes_unknown_never_scheduled', 'dataset_produces_1', 'dataset_produces_2', 'dataset_consumes_1_never_scheduled', 'dataset_consumes_1_and_2', 'dataset_consumes_1']) retrieved from /home/airflow/.local/lib/python3.7/site-packages/airflow/example_dags/example_datasets.py
[2023-08-05T20:04:31.759+0000] {logging_mixin.py:149} INFO - [2023-08-05T20:04:31.759+0000] {dag.py:2726} INFO - Sync 6 DAGs
[2023-08-05T20:04:31.776+0000] {logging_mixin.py:149} INFO - [2023-08-05T20:04:31.776+0000] {dag.py:3490} INFO - Setting next_dagrun for dataset_consumes_1 to None, run_after=None
[2023-08-05T20:04:31.779+0000] {logging_mixin.py:149} INFO - [2023-08-05T20:04:31.779+0000] {dag.py:3490} INFO - Setting next_dagrun for dataset_consumes_1_and_2 to None, run_after=None
[2023-08-05T20:04:31.781+0000] {logging_mixin.py:149} INFO - [2023-08-05T20:04:31.780+0000] {dag.py:3490} INFO - Setting next_dagrun for dataset_consumes_1_never_scheduled to None, run_after=None
[2023-08-05T20:04:31.782+0000] {logging_mixin.py:149} INFO - [2023-08-05T20:04:31.782+0000] {dag.py:3490} INFO - Setting next_dagrun for dataset_consumes_unknown_never_scheduled to None, run_after=None
[2023-08-05T20:04:31.784+0000] {logging_mixin.py:149} INFO - [2023-08-05T20:04:31.784+0000] {dag.py:3490} INFO - Setting next_dagrun for dataset_produces_1 to 2023-08-04T00:00:00+00:00, run_after=2023-08-05T00:00:00+00:00
[2023-08-05T20:04:31.785+0000] {logging_mixin.py:149} INFO - [2023-08-05T20:04:31.785+0000] {dag.py:3490} INFO - Setting next_dagrun for dataset_produces_2 to None, run_after=None
[2023-08-05T20:04:31.807+0000] {processor.py:179} INFO - Processing /home/airflow/.local/lib/python3.7/site-packages/airflow/example_dags/example_datasets.py took 0.094 seconds
[2023-08-05T21:06:28.264+0000] {processor.py:157} INFO - Started process (PID=28548) to work on /home/airflow/.local/lib/python3.7/site-packages/airflow/example_dags/example_datasets.py
[2023-08-05T21:06:28.265+0000] {processor.py:826} INFO - Processing file /home/airflow/.local/lib/python3.7/site-packages/airflow/example_dags/example_datasets.py for tasks to queue
[2023-08-05T21:06:28.266+0000] {logging_mixin.py:149} INFO - [2023-08-05T21:06:28.266+0000] {dagbag.py:541} INFO - Filling up the DagBag from /home/airflow/.local/lib/python3.7/site-packages/airflow/example_dags/example_datasets.py
[2023-08-05T21:06:28.277+0000] {processor.py:836} INFO - DAG(s) dict_keys(['dataset_consumes_unknown_never_scheduled', 'dataset_consumes_1', 'dataset_produces_1', 'dataset_consumes_1_never_scheduled', 'dataset_consumes_1_and_2', 'dataset_produces_2']) retrieved from /home/airflow/.local/lib/python3.7/site-packages/airflow/example_dags/example_datasets.py
[2023-08-05T21:06:28.305+0000] {logging_mixin.py:149} INFO - [2023-08-05T21:06:28.305+0000] {dag.py:2726} INFO - Sync 6 DAGs
[2023-08-05T21:06:28.322+0000] {logging_mixin.py:149} INFO - [2023-08-05T21:06:28.322+0000] {dag.py:3490} INFO - Setting next_dagrun for dataset_consumes_1 to None, run_after=None
[2023-08-05T21:06:28.324+0000] {logging_mixin.py:149} INFO - [2023-08-05T21:06:28.324+0000] {dag.py:3490} INFO - Setting next_dagrun for dataset_consumes_1_and_2 to None, run_after=None
[2023-08-05T21:06:28.325+0000] {logging_mixin.py:149} INFO - [2023-08-05T21:06:28.325+0000] {dag.py:3490} INFO - Setting next_dagrun for dataset_consumes_1_never_scheduled to None, run_after=None
[2023-08-05T21:06:28.326+0000] {logging_mixin.py:149} INFO - [2023-08-05T21:06:28.326+0000] {dag.py:3490} INFO - Setting next_dagrun for dataset_consumes_unknown_never_scheduled to None, run_after=None
[2023-08-05T21:06:28.328+0000] {logging_mixin.py:149} INFO - [2023-08-05T21:06:28.328+0000] {dag.py:3490} INFO - Setting next_dagrun for dataset_produces_1 to 2023-08-04T00:00:00+00:00, run_after=2023-08-05T00:00:00+00:00
[2023-08-05T21:06:28.329+0000] {logging_mixin.py:149} INFO - [2023-08-05T21:06:28.329+0000] {dag.py:3490} INFO - Setting next_dagrun for dataset_produces_2 to None, run_after=None
[2023-08-05T21:06:28.347+0000] {processor.py:179} INFO - Processing /home/airflow/.local/lib/python3.7/site-packages/airflow/example_dags/example_datasets.py took 0.085 seconds
[2023-08-05T23:48:52.143+0000] {processor.py:157} INFO - Started process (PID=28615) to work on /home/airflow/.local/lib/python3.7/site-packages/airflow/example_dags/example_datasets.py
[2023-08-05T23:48:52.144+0000] {processor.py:826} INFO - Processing file /home/airflow/.local/lib/python3.7/site-packages/airflow/example_dags/example_datasets.py for tasks to queue
[2023-08-05T23:48:52.145+0000] {logging_mixin.py:149} INFO - [2023-08-05T23:48:52.145+0000] {dagbag.py:541} INFO - Filling up the DagBag from /home/airflow/.local/lib/python3.7/site-packages/airflow/example_dags/example_datasets.py
[2023-08-05T23:48:52.154+0000] {processor.py:836} INFO - DAG(s) dict_keys(['dataset_produces_1', 'dataset_consumes_1_never_scheduled', 'dataset_consumes_unknown_never_scheduled', 'dataset_produces_2', 'dataset_consumes_1', 'dataset_consumes_1_and_2']) retrieved from /home/airflow/.local/lib/python3.7/site-packages/airflow/example_dags/example_datasets.py
[2023-08-05T23:48:52.192+0000] {logging_mixin.py:149} INFO - [2023-08-05T23:48:52.192+0000] {dag.py:2726} INFO - Sync 6 DAGs
[2023-08-05T23:48:52.213+0000] {logging_mixin.py:149} INFO - [2023-08-05T23:48:52.213+0000] {dag.py:3490} INFO - Setting next_dagrun for dataset_consumes_1 to None, run_after=None
[2023-08-05T23:48:52.221+0000] {logging_mixin.py:149} INFO - [2023-08-05T23:48:52.221+0000] {dag.py:3490} INFO - Setting next_dagrun for dataset_consumes_1_and_2 to None, run_after=None
[2023-08-05T23:48:52.221+0000] {logging_mixin.py:149} INFO - [2023-08-05T23:48:52.221+0000] {dag.py:3490} INFO - Setting next_dagrun for dataset_consumes_1_never_scheduled to None, run_after=None
[2023-08-05T23:48:52.223+0000] {logging_mixin.py:149} INFO - [2023-08-05T23:48:52.222+0000] {dag.py:3490} INFO - Setting next_dagrun for dataset_consumes_unknown_never_scheduled to None, run_after=None
[2023-08-05T23:48:52.224+0000] {logging_mixin.py:149} INFO - [2023-08-05T23:48:52.224+0000] {dag.py:3490} INFO - Setting next_dagrun for dataset_produces_1 to 2023-08-04T00:00:00+00:00, run_after=2023-08-05T00:00:00+00:00
[2023-08-05T23:48:52.225+0000] {logging_mixin.py:149} INFO - [2023-08-05T23:48:52.225+0000] {dag.py:3490} INFO - Setting next_dagrun for dataset_produces_2 to None, run_after=None
[2023-08-05T23:48:52.248+0000] {processor.py:179} INFO - Processing /home/airflow/.local/lib/python3.7/site-packages/airflow/example_dags/example_datasets.py took 0.110 seconds
