[2023-08-05T01:49:12.336+0000] {processor.py:157} INFO - Started process (PID=28000) to work on /home/airflow/.local/lib/python3.7/site-packages/airflow/example_dags/example_branch_operator.py
[2023-08-05T01:49:12.337+0000] {processor.py:826} INFO - Processing file /home/airflow/.local/lib/python3.7/site-packages/airflow/example_dags/example_branch_operator.py for tasks to queue
[2023-08-05T01:49:12.338+0000] {logging_mixin.py:149} INFO - [2023-08-05T01:49:12.338+0000] {dagbag.py:541} INFO - Filling up the DagBag from /home/airflow/.local/lib/python3.7/site-packages/airflow/example_dags/example_branch_operator.py
[2023-08-05T01:49:12.346+0000] {processor.py:836} INFO - DAG(s) dict_keys(['example_branch_operator']) retrieved from /home/airflow/.local/lib/python3.7/site-packages/airflow/example_dags/example_branch_operator.py
[2023-08-05T01:49:12.368+0000] {logging_mixin.py:149} INFO - [2023-08-05T01:49:12.368+0000] {dag.py:2726} INFO - Sync 1 DAGs
[2023-08-05T01:49:12.386+0000] {logging_mixin.py:149} INFO - [2023-08-05T01:49:12.386+0000] {dag.py:3490} INFO - Setting next_dagrun for example_branch_operator to 2023-08-04T00:00:00+00:00, run_after=2023-08-05T00:00:00+00:00
[2023-08-05T01:49:12.398+0000] {processor.py:179} INFO - Processing /home/airflow/.local/lib/python3.7/site-packages/airflow/example_dags/example_branch_operator.py took 0.065 seconds
[2023-08-05T05:20:46.369+0000] {processor.py:157} INFO - Started process (PID=28066) to work on /home/airflow/.local/lib/python3.7/site-packages/airflow/example_dags/example_branch_operator.py
[2023-08-05T05:20:46.373+0000] {processor.py:826} INFO - Processing file /home/airflow/.local/lib/python3.7/site-packages/airflow/example_dags/example_branch_operator.py for tasks to queue
[2023-08-05T05:20:46.375+0000] {logging_mixin.py:149} INFO - [2023-08-05T05:20:46.374+0000] {dagbag.py:541} INFO - Filling up the DagBag from /home/airflow/.local/lib/python3.7/site-packages/airflow/example_dags/example_branch_operator.py
[2023-08-05T05:20:46.385+0000] {processor.py:836} INFO - DAG(s) dict_keys(['example_branch_operator']) retrieved from /home/airflow/.local/lib/python3.7/site-packages/airflow/example_dags/example_branch_operator.py
[2023-08-05T05:20:46.406+0000] {logging_mixin.py:149} INFO - [2023-08-05T05:20:46.406+0000] {dag.py:2726} INFO - Sync 1 DAGs
[2023-08-05T05:20:46.423+0000] {logging_mixin.py:149} INFO - [2023-08-05T05:20:46.423+0000] {dag.py:3490} INFO - Setting next_dagrun for example_branch_operator to 2023-08-04T00:00:00+00:00, run_after=2023-08-05T00:00:00+00:00
[2023-08-05T05:20:46.436+0000] {processor.py:179} INFO - Processing /home/airflow/.local/lib/python3.7/site-packages/airflow/example_dags/example_branch_operator.py took 0.070 seconds
[2023-08-05T08:34:28.908+0000] {processor.py:157} INFO - Started process (PID=28132) to work on /home/airflow/.local/lib/python3.7/site-packages/airflow/example_dags/example_branch_operator.py
[2023-08-05T08:34:28.909+0000] {processor.py:826} INFO - Processing file /home/airflow/.local/lib/python3.7/site-packages/airflow/example_dags/example_branch_operator.py for tasks to queue
[2023-08-05T08:34:28.909+0000] {logging_mixin.py:149} INFO - [2023-08-05T08:34:28.909+0000] {dagbag.py:541} INFO - Filling up the DagBag from /home/airflow/.local/lib/python3.7/site-packages/airflow/example_dags/example_branch_operator.py
[2023-08-05T08:34:28.922+0000] {processor.py:836} INFO - DAG(s) dict_keys(['example_branch_operator']) retrieved from /home/airflow/.local/lib/python3.7/site-packages/airflow/example_dags/example_branch_operator.py
[2023-08-05T08:34:28.956+0000] {logging_mixin.py:149} INFO - [2023-08-05T08:34:28.956+0000] {dag.py:2726} INFO - Sync 1 DAGs
[2023-08-05T08:34:28.977+0000] {logging_mixin.py:149} INFO - [2023-08-05T08:34:28.977+0000] {dag.py:3490} INFO - Setting next_dagrun for example_branch_operator to 2023-08-04T00:00:00+00:00, run_after=2023-08-05T00:00:00+00:00
[2023-08-05T08:34:28.990+0000] {processor.py:179} INFO - Processing /home/airflow/.local/lib/python3.7/site-packages/airflow/example_dags/example_branch_operator.py took 0.085 seconds
[2023-08-05T09:11:45.323+0000] {processor.py:157} INFO - Started process (PID=28199) to work on /home/airflow/.local/lib/python3.7/site-packages/airflow/example_dags/example_branch_operator.py
[2023-08-05T09:11:45.325+0000] {processor.py:826} INFO - Processing file /home/airflow/.local/lib/python3.7/site-packages/airflow/example_dags/example_branch_operator.py for tasks to queue
[2023-08-05T09:11:45.325+0000] {logging_mixin.py:149} INFO - [2023-08-05T09:11:45.325+0000] {dagbag.py:541} INFO - Filling up the DagBag from /home/airflow/.local/lib/python3.7/site-packages/airflow/example_dags/example_branch_operator.py
[2023-08-05T09:11:45.333+0000] {processor.py:836} INFO - DAG(s) dict_keys(['example_branch_operator']) retrieved from /home/airflow/.local/lib/python3.7/site-packages/airflow/example_dags/example_branch_operator.py
[2023-08-05T09:11:45.355+0000] {logging_mixin.py:149} INFO - [2023-08-05T09:11:45.355+0000] {dag.py:2726} INFO - Sync 1 DAGs
[2023-08-05T09:11:45.373+0000] {logging_mixin.py:149} INFO - [2023-08-05T09:11:45.373+0000] {dag.py:3490} INFO - Setting next_dagrun for example_branch_operator to 2023-08-04T00:00:00+00:00, run_after=2023-08-05T00:00:00+00:00
[2023-08-05T09:11:45.392+0000] {processor.py:179} INFO - Processing /home/airflow/.local/lib/python3.7/site-packages/airflow/example_dags/example_branch_operator.py took 0.072 seconds
[2023-08-05T12:22:28.295+0000] {processor.py:157} INFO - Started process (PID=28265) to work on /home/airflow/.local/lib/python3.7/site-packages/airflow/example_dags/example_branch_operator.py
[2023-08-05T12:22:28.296+0000] {processor.py:826} INFO - Processing file /home/airflow/.local/lib/python3.7/site-packages/airflow/example_dags/example_branch_operator.py for tasks to queue
[2023-08-05T12:22:28.296+0000] {logging_mixin.py:149} INFO - [2023-08-05T12:22:28.296+0000] {dagbag.py:541} INFO - Filling up the DagBag from /home/airflow/.local/lib/python3.7/site-packages/airflow/example_dags/example_branch_operator.py
[2023-08-05T12:22:28.303+0000] {processor.py:836} INFO - DAG(s) dict_keys(['example_branch_operator']) retrieved from /home/airflow/.local/lib/python3.7/site-packages/airflow/example_dags/example_branch_operator.py
[2023-08-05T12:22:28.325+0000] {logging_mixin.py:149} INFO - [2023-08-05T12:22:28.325+0000] {dag.py:2726} INFO - Sync 1 DAGs
[2023-08-05T12:22:28.342+0000] {logging_mixin.py:149} INFO - [2023-08-05T12:22:28.341+0000] {dag.py:3490} INFO - Setting next_dagrun for example_branch_operator to 2023-08-04T00:00:00+00:00, run_after=2023-08-05T00:00:00+00:00
[2023-08-05T12:22:28.352+0000] {processor.py:179} INFO - Processing /home/airflow/.local/lib/python3.7/site-packages/airflow/example_dags/example_branch_operator.py took 0.060 seconds
[2023-08-05T15:35:42.363+0000] {processor.py:157} INFO - Started process (PID=28331) to work on /home/airflow/.local/lib/python3.7/site-packages/airflow/example_dags/example_branch_operator.py
[2023-08-05T15:35:42.364+0000] {processor.py:826} INFO - Processing file /home/airflow/.local/lib/python3.7/site-packages/airflow/example_dags/example_branch_operator.py for tasks to queue
[2023-08-05T15:35:42.365+0000] {logging_mixin.py:149} INFO - [2023-08-05T15:35:42.365+0000] {dagbag.py:541} INFO - Filling up the DagBag from /home/airflow/.local/lib/python3.7/site-packages/airflow/example_dags/example_branch_operator.py
[2023-08-05T15:35:42.372+0000] {processor.py:836} INFO - DAG(s) dict_keys(['example_branch_operator']) retrieved from /home/airflow/.local/lib/python3.7/site-packages/airflow/example_dags/example_branch_operator.py
[2023-08-05T15:35:42.397+0000] {logging_mixin.py:149} INFO - [2023-08-05T15:35:42.397+0000] {dag.py:2726} INFO - Sync 1 DAGs
[2023-08-05T15:35:42.418+0000] {logging_mixin.py:149} INFO - [2023-08-05T15:35:42.418+0000] {dag.py:3490} INFO - Setting next_dagrun for example_branch_operator to 2023-08-04T00:00:00+00:00, run_after=2023-08-05T00:00:00+00:00
[2023-08-05T15:35:42.429+0000] {processor.py:179} INFO - Processing /home/airflow/.local/lib/python3.7/site-packages/airflow/example_dags/example_branch_operator.py took 0.069 seconds
[2023-08-05T16:27:05.050+0000] {processor.py:157} INFO - Started process (PID=28397) to work on /home/airflow/.local/lib/python3.7/site-packages/airflow/example_dags/example_branch_operator.py
[2023-08-05T16:27:05.052+0000] {processor.py:826} INFO - Processing file /home/airflow/.local/lib/python3.7/site-packages/airflow/example_dags/example_branch_operator.py for tasks to queue
[2023-08-05T16:27:05.053+0000] {logging_mixin.py:149} INFO - [2023-08-05T16:27:05.053+0000] {dagbag.py:541} INFO - Filling up the DagBag from /home/airflow/.local/lib/python3.7/site-packages/airflow/example_dags/example_branch_operator.py
[2023-08-05T16:27:05.062+0000] {processor.py:836} INFO - DAG(s) dict_keys(['example_branch_operator']) retrieved from /home/airflow/.local/lib/python3.7/site-packages/airflow/example_dags/example_branch_operator.py
[2023-08-05T16:27:05.083+0000] {logging_mixin.py:149} INFO - [2023-08-05T16:27:05.083+0000] {dag.py:2726} INFO - Sync 1 DAGs
[2023-08-05T16:27:05.106+0000] {logging_mixin.py:149} INFO - [2023-08-05T16:27:05.106+0000] {dag.py:3490} INFO - Setting next_dagrun for example_branch_operator to 2023-08-04T00:00:00+00:00, run_after=2023-08-05T00:00:00+00:00
[2023-08-05T16:27:05.117+0000] {processor.py:179} INFO - Processing /home/airflow/.local/lib/python3.7/site-packages/airflow/example_dags/example_branch_operator.py took 0.070 seconds
[2023-08-05T20:04:30.647+0000] {processor.py:157} INFO - Started process (PID=28463) to work on /home/airflow/.local/lib/python3.7/site-packages/airflow/example_dags/example_branch_operator.py
[2023-08-05T20:04:30.648+0000] {processor.py:826} INFO - Processing file /home/airflow/.local/lib/python3.7/site-packages/airflow/example_dags/example_branch_operator.py for tasks to queue
[2023-08-05T20:04:30.649+0000] {logging_mixin.py:149} INFO - [2023-08-05T20:04:30.648+0000] {dagbag.py:541} INFO - Filling up the DagBag from /home/airflow/.local/lib/python3.7/site-packages/airflow/example_dags/example_branch_operator.py
[2023-08-05T20:04:30.656+0000] {processor.py:836} INFO - DAG(s) dict_keys(['example_branch_operator']) retrieved from /home/airflow/.local/lib/python3.7/site-packages/airflow/example_dags/example_branch_operator.py
[2023-08-05T20:04:30.681+0000] {logging_mixin.py:149} INFO - [2023-08-05T20:04:30.680+0000] {dag.py:2726} INFO - Sync 1 DAGs
[2023-08-05T20:04:30.705+0000] {logging_mixin.py:149} INFO - [2023-08-05T20:04:30.705+0000] {dag.py:3490} INFO - Setting next_dagrun for example_branch_operator to 2023-08-04T00:00:00+00:00, run_after=2023-08-05T00:00:00+00:00
[2023-08-05T20:04:30.718+0000] {processor.py:179} INFO - Processing /home/airflow/.local/lib/python3.7/site-packages/airflow/example_dags/example_branch_operator.py took 0.074 seconds
[2023-08-05T21:06:27.208+0000] {processor.py:157} INFO - Started process (PID=28529) to work on /home/airflow/.local/lib/python3.7/site-packages/airflow/example_dags/example_branch_operator.py
[2023-08-05T21:06:27.209+0000] {processor.py:826} INFO - Processing file /home/airflow/.local/lib/python3.7/site-packages/airflow/example_dags/example_branch_operator.py for tasks to queue
[2023-08-05T21:06:27.210+0000] {logging_mixin.py:149} INFO - [2023-08-05T21:06:27.210+0000] {dagbag.py:541} INFO - Filling up the DagBag from /home/airflow/.local/lib/python3.7/site-packages/airflow/example_dags/example_branch_operator.py
[2023-08-05T21:06:27.217+0000] {processor.py:836} INFO - DAG(s) dict_keys(['example_branch_operator']) retrieved from /home/airflow/.local/lib/python3.7/site-packages/airflow/example_dags/example_branch_operator.py
[2023-08-05T21:06:27.239+0000] {logging_mixin.py:149} INFO - [2023-08-05T21:06:27.239+0000] {dag.py:2726} INFO - Sync 1 DAGs
[2023-08-05T21:06:27.256+0000] {logging_mixin.py:149} INFO - [2023-08-05T21:06:27.256+0000] {dag.py:3490} INFO - Setting next_dagrun for example_branch_operator to 2023-08-04T00:00:00+00:00, run_after=2023-08-05T00:00:00+00:00
[2023-08-05T21:06:27.267+0000] {processor.py:179} INFO - Processing /home/airflow/.local/lib/python3.7/site-packages/airflow/example_dags/example_branch_operator.py took 0.062 seconds
[2023-08-05T23:48:51.130+0000] {processor.py:157} INFO - Started process (PID=28596) to work on /home/airflow/.local/lib/python3.7/site-packages/airflow/example_dags/example_branch_operator.py
[2023-08-05T23:48:51.131+0000] {processor.py:826} INFO - Processing file /home/airflow/.local/lib/python3.7/site-packages/airflow/example_dags/example_branch_operator.py for tasks to queue
[2023-08-05T23:48:51.132+0000] {logging_mixin.py:149} INFO - [2023-08-05T23:48:51.132+0000] {dagbag.py:541} INFO - Filling up the DagBag from /home/airflow/.local/lib/python3.7/site-packages/airflow/example_dags/example_branch_operator.py
[2023-08-05T23:48:51.139+0000] {processor.py:836} INFO - DAG(s) dict_keys(['example_branch_operator']) retrieved from /home/airflow/.local/lib/python3.7/site-packages/airflow/example_dags/example_branch_operator.py
[2023-08-05T23:48:51.162+0000] {logging_mixin.py:149} INFO - [2023-08-05T23:48:51.162+0000] {dag.py:2726} INFO - Sync 1 DAGs
[2023-08-05T23:48:51.183+0000] {logging_mixin.py:149} INFO - [2023-08-05T23:48:51.183+0000] {dag.py:3490} INFO - Setting next_dagrun for example_branch_operator to 2023-08-04T00:00:00+00:00, run_after=2023-08-05T00:00:00+00:00
[2023-08-05T23:48:51.203+0000] {processor.py:179} INFO - Processing /home/airflow/.local/lib/python3.7/site-packages/airflow/example_dags/example_branch_operator.py took 0.076 seconds
