[2023-08-05T01:49:11.790+0000] {processor.py:157} INFO - Started process (PID=27989) to work on /home/airflow/.local/lib/python3.7/site-packages/airflow/example_dags/example_nested_branch_dag.py
[2023-08-05T01:49:11.791+0000] {processor.py:826} INFO - Processing file /home/airflow/.local/lib/python3.7/site-packages/airflow/example_dags/example_nested_branch_dag.py for tasks to queue
[2023-08-05T01:49:11.792+0000] {logging_mixin.py:149} INFO - [2023-08-05T01:49:11.792+0000] {dagbag.py:541} INFO - Filling up the DagBag from /home/airflow/.local/lib/python3.7/site-packages/airflow/example_dags/example_nested_branch_dag.py
[2023-08-05T01:49:11.801+0000] {processor.py:836} INFO - DAG(s) dict_keys(['example_nested_branch_dag']) retrieved from /home/airflow/.local/lib/python3.7/site-packages/airflow/example_dags/example_nested_branch_dag.py
[2023-08-05T01:49:11.821+0000] {logging_mixin.py:149} INFO - [2023-08-05T01:49:11.821+0000] {dag.py:2726} INFO - Sync 1 DAGs
[2023-08-05T01:49:11.840+0000] {logging_mixin.py:149} INFO - [2023-08-05T01:49:11.839+0000] {dag.py:3490} INFO - Setting next_dagrun for example_nested_branch_dag to 2023-08-04T00:00:00+00:00, run_after=2023-08-05T00:00:00+00:00
[2023-08-05T01:49:11.858+0000] {processor.py:179} INFO - Processing /home/airflow/.local/lib/python3.7/site-packages/airflow/example_dags/example_nested_branch_dag.py took 0.071 seconds
[2023-08-05T05:20:45.779+0000] {processor.py:157} INFO - Started process (PID=28055) to work on /home/airflow/.local/lib/python3.7/site-packages/airflow/example_dags/example_nested_branch_dag.py
[2023-08-05T05:20:45.780+0000] {processor.py:826} INFO - Processing file /home/airflow/.local/lib/python3.7/site-packages/airflow/example_dags/example_nested_branch_dag.py for tasks to queue
[2023-08-05T05:20:45.783+0000] {logging_mixin.py:149} INFO - [2023-08-05T05:20:45.783+0000] {dagbag.py:541} INFO - Filling up the DagBag from /home/airflow/.local/lib/python3.7/site-packages/airflow/example_dags/example_nested_branch_dag.py
[2023-08-05T05:20:45.793+0000] {processor.py:836} INFO - DAG(s) dict_keys(['example_nested_branch_dag']) retrieved from /home/airflow/.local/lib/python3.7/site-packages/airflow/example_dags/example_nested_branch_dag.py
[2023-08-05T05:20:45.817+0000] {logging_mixin.py:149} INFO - [2023-08-05T05:20:45.817+0000] {dag.py:2726} INFO - Sync 1 DAGs
[2023-08-05T05:20:45.833+0000] {logging_mixin.py:149} INFO - [2023-08-05T05:20:45.833+0000] {dag.py:3490} INFO - Setting next_dagrun for example_nested_branch_dag to 2023-08-04T00:00:00+00:00, run_after=2023-08-05T00:00:00+00:00
[2023-08-05T05:20:45.845+0000] {processor.py:179} INFO - Processing /home/airflow/.local/lib/python3.7/site-packages/airflow/example_dags/example_nested_branch_dag.py took 0.070 seconds
[2023-08-05T08:34:28.347+0000] {processor.py:157} INFO - Started process (PID=28121) to work on /home/airflow/.local/lib/python3.7/site-packages/airflow/example_dags/example_nested_branch_dag.py
[2023-08-05T08:34:28.348+0000] {processor.py:826} INFO - Processing file /home/airflow/.local/lib/python3.7/site-packages/airflow/example_dags/example_nested_branch_dag.py for tasks to queue
[2023-08-05T08:34:28.349+0000] {logging_mixin.py:149} INFO - [2023-08-05T08:34:28.349+0000] {dagbag.py:541} INFO - Filling up the DagBag from /home/airflow/.local/lib/python3.7/site-packages/airflow/example_dags/example_nested_branch_dag.py
[2023-08-05T08:34:28.358+0000] {processor.py:836} INFO - DAG(s) dict_keys(['example_nested_branch_dag']) retrieved from /home/airflow/.local/lib/python3.7/site-packages/airflow/example_dags/example_nested_branch_dag.py
[2023-08-05T08:34:28.383+0000] {logging_mixin.py:149} INFO - [2023-08-05T08:34:28.382+0000] {dag.py:2726} INFO - Sync 1 DAGs
[2023-08-05T08:34:28.409+0000] {logging_mixin.py:149} INFO - [2023-08-05T08:34:28.409+0000] {dag.py:3490} INFO - Setting next_dagrun for example_nested_branch_dag to 2023-08-04T00:00:00+00:00, run_after=2023-08-05T00:00:00+00:00
[2023-08-05T08:34:28.422+0000] {processor.py:179} INFO - Processing /home/airflow/.local/lib/python3.7/site-packages/airflow/example_dags/example_nested_branch_dag.py took 0.078 seconds
[2023-08-05T09:11:44.744+0000] {processor.py:157} INFO - Started process (PID=28188) to work on /home/airflow/.local/lib/python3.7/site-packages/airflow/example_dags/example_nested_branch_dag.py
[2023-08-05T09:11:44.745+0000] {processor.py:826} INFO - Processing file /home/airflow/.local/lib/python3.7/site-packages/airflow/example_dags/example_nested_branch_dag.py for tasks to queue
[2023-08-05T09:11:44.749+0000] {logging_mixin.py:149} INFO - [2023-08-05T09:11:44.749+0000] {dagbag.py:541} INFO - Filling up the DagBag from /home/airflow/.local/lib/python3.7/site-packages/airflow/example_dags/example_nested_branch_dag.py
[2023-08-05T09:11:44.758+0000] {processor.py:836} INFO - DAG(s) dict_keys(['example_nested_branch_dag']) retrieved from /home/airflow/.local/lib/python3.7/site-packages/airflow/example_dags/example_nested_branch_dag.py
[2023-08-05T09:11:44.783+0000] {logging_mixin.py:149} INFO - [2023-08-05T09:11:44.783+0000] {dag.py:2726} INFO - Sync 1 DAGs
[2023-08-05T09:11:44.802+0000] {logging_mixin.py:149} INFO - [2023-08-05T09:11:44.802+0000] {dag.py:3490} INFO - Setting next_dagrun for example_nested_branch_dag to 2023-08-04T00:00:00+00:00, run_after=2023-08-05T00:00:00+00:00
[2023-08-05T09:11:44.824+0000] {processor.py:179} INFO - Processing /home/airflow/.local/lib/python3.7/site-packages/airflow/example_dags/example_nested_branch_dag.py took 0.083 seconds
[2023-08-05T12:22:27.657+0000] {processor.py:157} INFO - Started process (PID=28254) to work on /home/airflow/.local/lib/python3.7/site-packages/airflow/example_dags/example_nested_branch_dag.py
[2023-08-05T12:22:27.658+0000] {processor.py:826} INFO - Processing file /home/airflow/.local/lib/python3.7/site-packages/airflow/example_dags/example_nested_branch_dag.py for tasks to queue
[2023-08-05T12:22:27.658+0000] {logging_mixin.py:149} INFO - [2023-08-05T12:22:27.658+0000] {dagbag.py:541} INFO - Filling up the DagBag from /home/airflow/.local/lib/python3.7/site-packages/airflow/example_dags/example_nested_branch_dag.py
[2023-08-05T12:22:27.666+0000] {processor.py:836} INFO - DAG(s) dict_keys(['example_nested_branch_dag']) retrieved from /home/airflow/.local/lib/python3.7/site-packages/airflow/example_dags/example_nested_branch_dag.py
[2023-08-05T12:22:27.686+0000] {logging_mixin.py:149} INFO - [2023-08-05T12:22:27.686+0000] {dag.py:2726} INFO - Sync 1 DAGs
[2023-08-05T12:22:27.702+0000] {logging_mixin.py:149} INFO - [2023-08-05T12:22:27.702+0000] {dag.py:3490} INFO - Setting next_dagrun for example_nested_branch_dag to 2023-08-04T00:00:00+00:00, run_after=2023-08-05T00:00:00+00:00
[2023-08-05T12:22:27.713+0000] {processor.py:179} INFO - Processing /home/airflow/.local/lib/python3.7/site-packages/airflow/example_dags/example_nested_branch_dag.py took 0.060 seconds
[2023-08-05T15:35:41.762+0000] {processor.py:157} INFO - Started process (PID=28320) to work on /home/airflow/.local/lib/python3.7/site-packages/airflow/example_dags/example_nested_branch_dag.py
[2023-08-05T15:35:41.763+0000] {processor.py:826} INFO - Processing file /home/airflow/.local/lib/python3.7/site-packages/airflow/example_dags/example_nested_branch_dag.py for tasks to queue
[2023-08-05T15:35:41.764+0000] {logging_mixin.py:149} INFO - [2023-08-05T15:35:41.764+0000] {dagbag.py:541} INFO - Filling up the DagBag from /home/airflow/.local/lib/python3.7/site-packages/airflow/example_dags/example_nested_branch_dag.py
[2023-08-05T15:35:41.773+0000] {processor.py:836} INFO - DAG(s) dict_keys(['example_nested_branch_dag']) retrieved from /home/airflow/.local/lib/python3.7/site-packages/airflow/example_dags/example_nested_branch_dag.py
[2023-08-05T15:35:41.794+0000] {logging_mixin.py:149} INFO - [2023-08-05T15:35:41.794+0000] {dag.py:2726} INFO - Sync 1 DAGs
[2023-08-05T15:35:41.810+0000] {logging_mixin.py:149} INFO - [2023-08-05T15:35:41.810+0000] {dag.py:3490} INFO - Setting next_dagrun for example_nested_branch_dag to 2023-08-04T00:00:00+00:00, run_after=2023-08-05T00:00:00+00:00
[2023-08-05T15:35:41.827+0000] {processor.py:179} INFO - Processing /home/airflow/.local/lib/python3.7/site-packages/airflow/example_dags/example_nested_branch_dag.py took 0.068 seconds
[2023-08-05T16:27:04.495+0000] {processor.py:157} INFO - Started process (PID=28386) to work on /home/airflow/.local/lib/python3.7/site-packages/airflow/example_dags/example_nested_branch_dag.py
[2023-08-05T16:27:04.496+0000] {processor.py:826} INFO - Processing file /home/airflow/.local/lib/python3.7/site-packages/airflow/example_dags/example_nested_branch_dag.py for tasks to queue
[2023-08-05T16:27:04.497+0000] {logging_mixin.py:149} INFO - [2023-08-05T16:27:04.497+0000] {dagbag.py:541} INFO - Filling up the DagBag from /home/airflow/.local/lib/python3.7/site-packages/airflow/example_dags/example_nested_branch_dag.py
[2023-08-05T16:27:04.504+0000] {processor.py:836} INFO - DAG(s) dict_keys(['example_nested_branch_dag']) retrieved from /home/airflow/.local/lib/python3.7/site-packages/airflow/example_dags/example_nested_branch_dag.py
[2023-08-05T16:27:04.526+0000] {logging_mixin.py:149} INFO - [2023-08-05T16:27:04.525+0000] {dag.py:2726} INFO - Sync 1 DAGs
[2023-08-05T16:27:04.545+0000] {logging_mixin.py:149} INFO - [2023-08-05T16:27:04.545+0000] {dag.py:3490} INFO - Setting next_dagrun for example_nested_branch_dag to 2023-08-04T00:00:00+00:00, run_after=2023-08-05T00:00:00+00:00
[2023-08-05T16:27:04.562+0000] {processor.py:179} INFO - Processing /home/airflow/.local/lib/python3.7/site-packages/airflow/example_dags/example_nested_branch_dag.py took 0.070 seconds
[2023-08-05T20:04:30.000+0000] {processor.py:157} INFO - Started process (PID=28452) to work on /home/airflow/.local/lib/python3.7/site-packages/airflow/example_dags/example_nested_branch_dag.py
[2023-08-05T20:04:30.001+0000] {processor.py:826} INFO - Processing file /home/airflow/.local/lib/python3.7/site-packages/airflow/example_dags/example_nested_branch_dag.py for tasks to queue
[2023-08-05T20:04:30.002+0000] {logging_mixin.py:149} INFO - [2023-08-05T20:04:30.002+0000] {dagbag.py:541} INFO - Filling up the DagBag from /home/airflow/.local/lib/python3.7/site-packages/airflow/example_dags/example_nested_branch_dag.py
[2023-08-05T20:04:30.013+0000] {processor.py:836} INFO - DAG(s) dict_keys(['example_nested_branch_dag']) retrieved from /home/airflow/.local/lib/python3.7/site-packages/airflow/example_dags/example_nested_branch_dag.py
[2023-08-05T20:04:30.038+0000] {logging_mixin.py:149} INFO - [2023-08-05T20:04:30.038+0000] {dag.py:2726} INFO - Sync 1 DAGs
[2023-08-05T20:04:30.057+0000] {logging_mixin.py:149} INFO - [2023-08-05T20:04:30.057+0000] {dag.py:3490} INFO - Setting next_dagrun for example_nested_branch_dag to 2023-08-04T00:00:00+00:00, run_after=2023-08-05T00:00:00+00:00
[2023-08-05T20:04:30.070+0000] {processor.py:179} INFO - Processing /home/airflow/.local/lib/python3.7/site-packages/airflow/example_dags/example_nested_branch_dag.py took 0.073 seconds
[2023-08-05T21:06:26.661+0000] {processor.py:157} INFO - Started process (PID=28518) to work on /home/airflow/.local/lib/python3.7/site-packages/airflow/example_dags/example_nested_branch_dag.py
[2023-08-05T21:06:26.662+0000] {processor.py:826} INFO - Processing file /home/airflow/.local/lib/python3.7/site-packages/airflow/example_dags/example_nested_branch_dag.py for tasks to queue
[2023-08-05T21:06:26.663+0000] {logging_mixin.py:149} INFO - [2023-08-05T21:06:26.663+0000] {dagbag.py:541} INFO - Filling up the DagBag from /home/airflow/.local/lib/python3.7/site-packages/airflow/example_dags/example_nested_branch_dag.py
[2023-08-05T21:06:26.671+0000] {processor.py:836} INFO - DAG(s) dict_keys(['example_nested_branch_dag']) retrieved from /home/airflow/.local/lib/python3.7/site-packages/airflow/example_dags/example_nested_branch_dag.py
[2023-08-05T21:06:26.692+0000] {logging_mixin.py:149} INFO - [2023-08-05T21:06:26.692+0000] {dag.py:2726} INFO - Sync 1 DAGs
[2023-08-05T21:06:26.708+0000] {logging_mixin.py:149} INFO - [2023-08-05T21:06:26.707+0000] {dag.py:3490} INFO - Setting next_dagrun for example_nested_branch_dag to 2023-08-04T00:00:00+00:00, run_after=2023-08-05T00:00:00+00:00
[2023-08-05T21:06:26.717+0000] {processor.py:179} INFO - Processing /home/airflow/.local/lib/python3.7/site-packages/airflow/example_dags/example_nested_branch_dag.py took 0.059 seconds
[2023-08-05T23:48:50.439+0000] {processor.py:157} INFO - Started process (PID=28585) to work on /home/airflow/.local/lib/python3.7/site-packages/airflow/example_dags/example_nested_branch_dag.py
[2023-08-05T23:48:50.440+0000] {processor.py:826} INFO - Processing file /home/airflow/.local/lib/python3.7/site-packages/airflow/example_dags/example_nested_branch_dag.py for tasks to queue
[2023-08-05T23:48:50.441+0000] {logging_mixin.py:149} INFO - [2023-08-05T23:48:50.440+0000] {dagbag.py:541} INFO - Filling up the DagBag from /home/airflow/.local/lib/python3.7/site-packages/airflow/example_dags/example_nested_branch_dag.py
[2023-08-05T23:48:50.448+0000] {processor.py:836} INFO - DAG(s) dict_keys(['example_nested_branch_dag']) retrieved from /home/airflow/.local/lib/python3.7/site-packages/airflow/example_dags/example_nested_branch_dag.py
[2023-08-05T23:48:50.468+0000] {logging_mixin.py:149} INFO - [2023-08-05T23:48:50.468+0000] {dag.py:2726} INFO - Sync 1 DAGs
[2023-08-05T23:48:50.486+0000] {logging_mixin.py:149} INFO - [2023-08-05T23:48:50.486+0000] {dag.py:3490} INFO - Setting next_dagrun for example_nested_branch_dag to 2023-08-04T00:00:00+00:00, run_after=2023-08-05T00:00:00+00:00
[2023-08-05T23:48:50.497+0000] {processor.py:179} INFO - Processing /home/airflow/.local/lib/python3.7/site-packages/airflow/example_dags/example_nested_branch_dag.py took 0.061 seconds
