[2023-08-05T01:49:12.112+0000] {processor.py:157} INFO - Started process (PID=27995) to work on /home/airflow/.local/lib/python3.7/site-packages/airflow/example_dags/example_branch_datetime_operator.py
[2023-08-05T01:49:12.114+0000] {processor.py:826} INFO - Processing file /home/airflow/.local/lib/python3.7/site-packages/airflow/example_dags/example_branch_datetime_operator.py for tasks to queue
[2023-08-05T01:49:12.115+0000] {logging_mixin.py:149} INFO - [2023-08-05T01:49:12.115+0000] {dagbag.py:541} INFO - Filling up the DagBag from /home/airflow/.local/lib/python3.7/site-packages/airflow/example_dags/example_branch_datetime_operator.py
[2023-08-05T01:49:12.122+0000] {processor.py:836} INFO - DAG(s) dict_keys(['example_branch_datetime_operator', 'example_branch_datetime_operator_3', 'example_branch_datetime_operator_2']) retrieved from /home/airflow/.local/lib/python3.7/site-packages/airflow/example_dags/example_branch_datetime_operator.py
[2023-08-05T01:49:12.147+0000] {logging_mixin.py:149} INFO - [2023-08-05T01:49:12.147+0000] {dag.py:2726} INFO - Sync 3 DAGs
[2023-08-05T01:49:12.164+0000] {logging_mixin.py:149} INFO - [2023-08-05T01:49:12.164+0000] {dag.py:3490} INFO - Setting next_dagrun for example_branch_datetime_operator to 2023-08-04T00:00:00+00:00, run_after=2023-08-05T00:00:00+00:00
[2023-08-05T01:49:12.168+0000] {logging_mixin.py:149} INFO - [2023-08-05T01:49:12.168+0000] {dag.py:3490} INFO - Setting next_dagrun for example_branch_datetime_operator_2 to 2023-08-04T00:00:00+00:00, run_after=2023-08-05T00:00:00+00:00
[2023-08-05T01:49:12.170+0000] {logging_mixin.py:149} INFO - [2023-08-05T01:49:12.170+0000] {dag.py:3490} INFO - Setting next_dagrun for example_branch_datetime_operator_3 to 2023-08-04T00:00:00+00:00, run_after=2023-08-05T00:00:00+00:00
[2023-08-05T01:49:12.183+0000] {processor.py:179} INFO - Processing /home/airflow/.local/lib/python3.7/site-packages/airflow/example_dags/example_branch_datetime_operator.py took 0.074 seconds
[2023-08-05T05:20:46.154+0000] {processor.py:157} INFO - Started process (PID=28061) to work on /home/airflow/.local/lib/python3.7/site-packages/airflow/example_dags/example_branch_datetime_operator.py
[2023-08-05T05:20:46.155+0000] {processor.py:826} INFO - Processing file /home/airflow/.local/lib/python3.7/site-packages/airflow/example_dags/example_branch_datetime_operator.py for tasks to queue
[2023-08-05T05:20:46.155+0000] {logging_mixin.py:149} INFO - [2023-08-05T05:20:46.155+0000] {dagbag.py:541} INFO - Filling up the DagBag from /home/airflow/.local/lib/python3.7/site-packages/airflow/example_dags/example_branch_datetime_operator.py
[2023-08-05T05:20:46.163+0000] {processor.py:836} INFO - DAG(s) dict_keys(['example_branch_datetime_operator_2', 'example_branch_datetime_operator', 'example_branch_datetime_operator_3']) retrieved from /home/airflow/.local/lib/python3.7/site-packages/airflow/example_dags/example_branch_datetime_operator.py
[2023-08-05T05:20:46.190+0000] {logging_mixin.py:149} INFO - [2023-08-05T05:20:46.190+0000] {dag.py:2726} INFO - Sync 3 DAGs
[2023-08-05T05:20:46.208+0000] {logging_mixin.py:149} INFO - [2023-08-05T05:20:46.207+0000] {dag.py:3490} INFO - Setting next_dagrun for example_branch_datetime_operator to 2023-08-04T00:00:00+00:00, run_after=2023-08-05T00:00:00+00:00
[2023-08-05T05:20:46.211+0000] {logging_mixin.py:149} INFO - [2023-08-05T05:20:46.210+0000] {dag.py:3490} INFO - Setting next_dagrun for example_branch_datetime_operator_2 to 2023-08-04T00:00:00+00:00, run_after=2023-08-05T00:00:00+00:00
[2023-08-05T05:20:46.212+0000] {logging_mixin.py:149} INFO - [2023-08-05T05:20:46.212+0000] {dag.py:3490} INFO - Setting next_dagrun for example_branch_datetime_operator_3 to 2023-08-04T00:00:00+00:00, run_after=2023-08-05T00:00:00+00:00
[2023-08-05T05:20:46.226+0000] {processor.py:179} INFO - Processing /home/airflow/.local/lib/python3.7/site-packages/airflow/example_dags/example_branch_datetime_operator.py took 0.074 seconds
[2023-08-05T08:34:28.649+0000] {processor.py:157} INFO - Started process (PID=28127) to work on /home/airflow/.local/lib/python3.7/site-packages/airflow/example_dags/example_branch_datetime_operator.py
[2023-08-05T08:34:28.651+0000] {processor.py:826} INFO - Processing file /home/airflow/.local/lib/python3.7/site-packages/airflow/example_dags/example_branch_datetime_operator.py for tasks to queue
[2023-08-05T08:34:28.651+0000] {logging_mixin.py:149} INFO - [2023-08-05T08:34:28.651+0000] {dagbag.py:541} INFO - Filling up the DagBag from /home/airflow/.local/lib/python3.7/site-packages/airflow/example_dags/example_branch_datetime_operator.py
[2023-08-05T08:34:28.658+0000] {processor.py:836} INFO - DAG(s) dict_keys(['example_branch_datetime_operator_3', 'example_branch_datetime_operator_2', 'example_branch_datetime_operator']) retrieved from /home/airflow/.local/lib/python3.7/site-packages/airflow/example_dags/example_branch_datetime_operator.py
[2023-08-05T08:34:28.682+0000] {logging_mixin.py:149} INFO - [2023-08-05T08:34:28.681+0000] {dag.py:2726} INFO - Sync 3 DAGs
[2023-08-05T08:34:28.702+0000] {logging_mixin.py:149} INFO - [2023-08-05T08:34:28.702+0000] {dag.py:3490} INFO - Setting next_dagrun for example_branch_datetime_operator to 2023-08-04T00:00:00+00:00, run_after=2023-08-05T00:00:00+00:00
[2023-08-05T08:34:28.705+0000] {logging_mixin.py:149} INFO - [2023-08-05T08:34:28.705+0000] {dag.py:3490} INFO - Setting next_dagrun for example_branch_datetime_operator_2 to 2023-08-04T00:00:00+00:00, run_after=2023-08-05T00:00:00+00:00
[2023-08-05T08:34:28.707+0000] {logging_mixin.py:149} INFO - [2023-08-05T08:34:28.707+0000] {dag.py:3490} INFO - Setting next_dagrun for example_branch_datetime_operator_3 to 2023-08-04T00:00:00+00:00, run_after=2023-08-05T00:00:00+00:00
[2023-08-05T08:34:28.718+0000] {processor.py:179} INFO - Processing /home/airflow/.local/lib/python3.7/site-packages/airflow/example_dags/example_branch_datetime_operator.py took 0.071 seconds
[2023-08-05T09:11:45.051+0000] {processor.py:157} INFO - Started process (PID=28194) to work on /home/airflow/.local/lib/python3.7/site-packages/airflow/example_dags/example_branch_datetime_operator.py
[2023-08-05T09:11:45.052+0000] {processor.py:826} INFO - Processing file /home/airflow/.local/lib/python3.7/site-packages/airflow/example_dags/example_branch_datetime_operator.py for tasks to queue
[2023-08-05T09:11:45.053+0000] {logging_mixin.py:149} INFO - [2023-08-05T09:11:45.053+0000] {dagbag.py:541} INFO - Filling up the DagBag from /home/airflow/.local/lib/python3.7/site-packages/airflow/example_dags/example_branch_datetime_operator.py
[2023-08-05T09:11:45.060+0000] {processor.py:836} INFO - DAG(s) dict_keys(['example_branch_datetime_operator', 'example_branch_datetime_operator_3', 'example_branch_datetime_operator_2']) retrieved from /home/airflow/.local/lib/python3.7/site-packages/airflow/example_dags/example_branch_datetime_operator.py
[2023-08-05T09:11:45.085+0000] {logging_mixin.py:149} INFO - [2023-08-05T09:11:45.085+0000] {dag.py:2726} INFO - Sync 3 DAGs
[2023-08-05T09:11:45.108+0000] {logging_mixin.py:149} INFO - [2023-08-05T09:11:45.108+0000] {dag.py:3490} INFO - Setting next_dagrun for example_branch_datetime_operator to 2023-08-04T00:00:00+00:00, run_after=2023-08-05T00:00:00+00:00
[2023-08-05T09:11:45.111+0000] {logging_mixin.py:149} INFO - [2023-08-05T09:11:45.111+0000] {dag.py:3490} INFO - Setting next_dagrun for example_branch_datetime_operator_2 to 2023-08-04T00:00:00+00:00, run_after=2023-08-05T00:00:00+00:00
[2023-08-05T09:11:45.113+0000] {logging_mixin.py:149} INFO - [2023-08-05T09:11:45.113+0000] {dag.py:3490} INFO - Setting next_dagrun for example_branch_datetime_operator_3 to 2023-08-04T00:00:00+00:00, run_after=2023-08-05T00:00:00+00:00
[2023-08-05T09:11:45.123+0000] {processor.py:179} INFO - Processing /home/airflow/.local/lib/python3.7/site-packages/airflow/example_dags/example_branch_datetime_operator.py took 0.074 seconds
[2023-08-05T12:22:28.012+0000] {processor.py:157} INFO - Started process (PID=28260) to work on /home/airflow/.local/lib/python3.7/site-packages/airflow/example_dags/example_branch_datetime_operator.py
[2023-08-05T12:22:28.013+0000] {processor.py:826} INFO - Processing file /home/airflow/.local/lib/python3.7/site-packages/airflow/example_dags/example_branch_datetime_operator.py for tasks to queue
[2023-08-05T12:22:28.014+0000] {logging_mixin.py:149} INFO - [2023-08-05T12:22:28.014+0000] {dagbag.py:541} INFO - Filling up the DagBag from /home/airflow/.local/lib/python3.7/site-packages/airflow/example_dags/example_branch_datetime_operator.py
[2023-08-05T12:22:28.020+0000] {processor.py:836} INFO - DAG(s) dict_keys(['example_branch_datetime_operator', 'example_branch_datetime_operator_3', 'example_branch_datetime_operator_2']) retrieved from /home/airflow/.local/lib/python3.7/site-packages/airflow/example_dags/example_branch_datetime_operator.py
[2023-08-05T12:22:28.046+0000] {logging_mixin.py:149} INFO - [2023-08-05T12:22:28.046+0000] {dag.py:2726} INFO - Sync 3 DAGs
[2023-08-05T12:22:28.067+0000] {logging_mixin.py:149} INFO - [2023-08-05T12:22:28.067+0000] {dag.py:3490} INFO - Setting next_dagrun for example_branch_datetime_operator to 2023-08-04T00:00:00+00:00, run_after=2023-08-05T00:00:00+00:00
[2023-08-05T12:22:28.076+0000] {logging_mixin.py:149} INFO - [2023-08-05T12:22:28.076+0000] {dag.py:3490} INFO - Setting next_dagrun for example_branch_datetime_operator_2 to 2023-08-04T00:00:00+00:00, run_after=2023-08-05T00:00:00+00:00
[2023-08-05T12:22:28.078+0000] {logging_mixin.py:149} INFO - [2023-08-05T12:22:28.078+0000] {dag.py:3490} INFO - Setting next_dagrun for example_branch_datetime_operator_3 to 2023-08-04T00:00:00+00:00, run_after=2023-08-05T00:00:00+00:00
[2023-08-05T12:22:28.096+0000] {processor.py:179} INFO - Processing /home/airflow/.local/lib/python3.7/site-packages/airflow/example_dags/example_branch_datetime_operator.py took 0.089 seconds
[2023-08-05T15:35:42.088+0000] {processor.py:157} INFO - Started process (PID=28326) to work on /home/airflow/.local/lib/python3.7/site-packages/airflow/example_dags/example_branch_datetime_operator.py
[2023-08-05T15:35:42.089+0000] {processor.py:826} INFO - Processing file /home/airflow/.local/lib/python3.7/site-packages/airflow/example_dags/example_branch_datetime_operator.py for tasks to queue
[2023-08-05T15:35:42.090+0000] {logging_mixin.py:149} INFO - [2023-08-05T15:35:42.089+0000] {dagbag.py:541} INFO - Filling up the DagBag from /home/airflow/.local/lib/python3.7/site-packages/airflow/example_dags/example_branch_datetime_operator.py
[2023-08-05T15:35:42.097+0000] {processor.py:836} INFO - DAG(s) dict_keys(['example_branch_datetime_operator_2', 'example_branch_datetime_operator_3', 'example_branch_datetime_operator']) retrieved from /home/airflow/.local/lib/python3.7/site-packages/airflow/example_dags/example_branch_datetime_operator.py
[2023-08-05T15:35:42.125+0000] {logging_mixin.py:149} INFO - [2023-08-05T15:35:42.125+0000] {dag.py:2726} INFO - Sync 3 DAGs
[2023-08-05T15:35:42.144+0000] {logging_mixin.py:149} INFO - [2023-08-05T15:35:42.144+0000] {dag.py:3490} INFO - Setting next_dagrun for example_branch_datetime_operator to 2023-08-04T00:00:00+00:00, run_after=2023-08-05T00:00:00+00:00
[2023-08-05T15:35:42.147+0000] {logging_mixin.py:149} INFO - [2023-08-05T15:35:42.147+0000] {dag.py:3490} INFO - Setting next_dagrun for example_branch_datetime_operator_2 to 2023-08-04T00:00:00+00:00, run_after=2023-08-05T00:00:00+00:00
[2023-08-05T15:35:42.149+0000] {logging_mixin.py:149} INFO - [2023-08-05T15:35:42.149+0000] {dag.py:3490} INFO - Setting next_dagrun for example_branch_datetime_operator_3 to 2023-08-04T00:00:00+00:00, run_after=2023-08-05T00:00:00+00:00
[2023-08-05T15:35:42.160+0000] {processor.py:179} INFO - Processing /home/airflow/.local/lib/python3.7/site-packages/airflow/example_dags/example_branch_datetime_operator.py took 0.076 seconds
[2023-08-05T16:27:04.783+0000] {processor.py:157} INFO - Started process (PID=28392) to work on /home/airflow/.local/lib/python3.7/site-packages/airflow/example_dags/example_branch_datetime_operator.py
[2023-08-05T16:27:04.784+0000] {processor.py:826} INFO - Processing file /home/airflow/.local/lib/python3.7/site-packages/airflow/example_dags/example_branch_datetime_operator.py for tasks to queue
[2023-08-05T16:27:04.785+0000] {logging_mixin.py:149} INFO - [2023-08-05T16:27:04.785+0000] {dagbag.py:541} INFO - Filling up the DagBag from /home/airflow/.local/lib/python3.7/site-packages/airflow/example_dags/example_branch_datetime_operator.py
[2023-08-05T16:27:04.792+0000] {processor.py:836} INFO - DAG(s) dict_keys(['example_branch_datetime_operator', 'example_branch_datetime_operator_2', 'example_branch_datetime_operator_3']) retrieved from /home/airflow/.local/lib/python3.7/site-packages/airflow/example_dags/example_branch_datetime_operator.py
[2023-08-05T16:27:04.818+0000] {logging_mixin.py:149} INFO - [2023-08-05T16:27:04.818+0000] {dag.py:2726} INFO - Sync 3 DAGs
[2023-08-05T16:27:04.835+0000] {logging_mixin.py:149} INFO - [2023-08-05T16:27:04.835+0000] {dag.py:3490} INFO - Setting next_dagrun for example_branch_datetime_operator to 2023-08-04T00:00:00+00:00, run_after=2023-08-05T00:00:00+00:00
[2023-08-05T16:27:04.838+0000] {logging_mixin.py:149} INFO - [2023-08-05T16:27:04.838+0000] {dag.py:3490} INFO - Setting next_dagrun for example_branch_datetime_operator_2 to 2023-08-04T00:00:00+00:00, run_after=2023-08-05T00:00:00+00:00
[2023-08-05T16:27:04.841+0000] {logging_mixin.py:149} INFO - [2023-08-05T16:27:04.840+0000] {dag.py:3490} INFO - Setting next_dagrun for example_branch_datetime_operator_3 to 2023-08-04T00:00:00+00:00, run_after=2023-08-05T00:00:00+00:00
[2023-08-05T16:27:04.854+0000] {processor.py:179} INFO - Processing /home/airflow/.local/lib/python3.7/site-packages/airflow/example_dags/example_branch_datetime_operator.py took 0.074 seconds
[2023-08-05T20:04:30.377+0000] {processor.py:157} INFO - Started process (PID=28458) to work on /home/airflow/.local/lib/python3.7/site-packages/airflow/example_dags/example_branch_datetime_operator.py
[2023-08-05T20:04:30.378+0000] {processor.py:826} INFO - Processing file /home/airflow/.local/lib/python3.7/site-packages/airflow/example_dags/example_branch_datetime_operator.py for tasks to queue
[2023-08-05T20:04:30.378+0000] {logging_mixin.py:149} INFO - [2023-08-05T20:04:30.378+0000] {dagbag.py:541} INFO - Filling up the DagBag from /home/airflow/.local/lib/python3.7/site-packages/airflow/example_dags/example_branch_datetime_operator.py
[2023-08-05T20:04:30.386+0000] {processor.py:836} INFO - DAG(s) dict_keys(['example_branch_datetime_operator', 'example_branch_datetime_operator_2', 'example_branch_datetime_operator_3']) retrieved from /home/airflow/.local/lib/python3.7/site-packages/airflow/example_dags/example_branch_datetime_operator.py
[2023-08-05T20:04:30.415+0000] {logging_mixin.py:149} INFO - [2023-08-05T20:04:30.415+0000] {dag.py:2726} INFO - Sync 3 DAGs
[2023-08-05T20:04:30.433+0000] {logging_mixin.py:149} INFO - [2023-08-05T20:04:30.433+0000] {dag.py:3490} INFO - Setting next_dagrun for example_branch_datetime_operator to 2023-08-04T00:00:00+00:00, run_after=2023-08-05T00:00:00+00:00
[2023-08-05T20:04:30.438+0000] {logging_mixin.py:149} INFO - [2023-08-05T20:04:30.438+0000] {dag.py:3490} INFO - Setting next_dagrun for example_branch_datetime_operator_2 to 2023-08-04T00:00:00+00:00, run_after=2023-08-05T00:00:00+00:00
[2023-08-05T20:04:30.441+0000] {logging_mixin.py:149} INFO - [2023-08-05T20:04:30.441+0000] {dag.py:3490} INFO - Setting next_dagrun for example_branch_datetime_operator_3 to 2023-08-04T00:00:00+00:00, run_after=2023-08-05T00:00:00+00:00
[2023-08-05T20:04:30.456+0000] {processor.py:179} INFO - Processing /home/airflow/.local/lib/python3.7/site-packages/airflow/example_dags/example_branch_datetime_operator.py took 0.082 seconds
[2023-08-05T21:06:26.962+0000] {processor.py:157} INFO - Started process (PID=28524) to work on /home/airflow/.local/lib/python3.7/site-packages/airflow/example_dags/example_branch_datetime_operator.py
[2023-08-05T21:06:26.963+0000] {processor.py:826} INFO - Processing file /home/airflow/.local/lib/python3.7/site-packages/airflow/example_dags/example_branch_datetime_operator.py for tasks to queue
[2023-08-05T21:06:26.964+0000] {logging_mixin.py:149} INFO - [2023-08-05T21:06:26.964+0000] {dagbag.py:541} INFO - Filling up the DagBag from /home/airflow/.local/lib/python3.7/site-packages/airflow/example_dags/example_branch_datetime_operator.py
[2023-08-05T21:06:26.971+0000] {processor.py:836} INFO - DAG(s) dict_keys(['example_branch_datetime_operator_3', 'example_branch_datetime_operator', 'example_branch_datetime_operator_2']) retrieved from /home/airflow/.local/lib/python3.7/site-packages/airflow/example_dags/example_branch_datetime_operator.py
[2023-08-05T21:06:27.002+0000] {logging_mixin.py:149} INFO - [2023-08-05T21:06:27.002+0000] {dag.py:2726} INFO - Sync 3 DAGs
[2023-08-05T21:06:27.021+0000] {logging_mixin.py:149} INFO - [2023-08-05T21:06:27.021+0000] {dag.py:3490} INFO - Setting next_dagrun for example_branch_datetime_operator to 2023-08-04T00:00:00+00:00, run_after=2023-08-05T00:00:00+00:00
[2023-08-05T21:06:27.025+0000] {logging_mixin.py:149} INFO - [2023-08-05T21:06:27.025+0000] {dag.py:3490} INFO - Setting next_dagrun for example_branch_datetime_operator_2 to 2023-08-04T00:00:00+00:00, run_after=2023-08-05T00:00:00+00:00
[2023-08-05T21:06:27.027+0000] {logging_mixin.py:149} INFO - [2023-08-05T21:06:27.026+0000] {dag.py:3490} INFO - Setting next_dagrun for example_branch_datetime_operator_3 to 2023-08-04T00:00:00+00:00, run_after=2023-08-05T00:00:00+00:00
[2023-08-05T21:06:27.038+0000] {processor.py:179} INFO - Processing /home/airflow/.local/lib/python3.7/site-packages/airflow/example_dags/example_branch_datetime_operator.py took 0.079 seconds
[2023-08-05T23:48:50.812+0000] {processor.py:157} INFO - Started process (PID=28591) to work on /home/airflow/.local/lib/python3.7/site-packages/airflow/example_dags/example_branch_datetime_operator.py
[2023-08-05T23:48:50.813+0000] {processor.py:826} INFO - Processing file /home/airflow/.local/lib/python3.7/site-packages/airflow/example_dags/example_branch_datetime_operator.py for tasks to queue
[2023-08-05T23:48:50.814+0000] {logging_mixin.py:149} INFO - [2023-08-05T23:48:50.814+0000] {dagbag.py:541} INFO - Filling up the DagBag from /home/airflow/.local/lib/python3.7/site-packages/airflow/example_dags/example_branch_datetime_operator.py
[2023-08-05T23:48:50.823+0000] {processor.py:836} INFO - DAG(s) dict_keys(['example_branch_datetime_operator', 'example_branch_datetime_operator_2', 'example_branch_datetime_operator_3']) retrieved from /home/airflow/.local/lib/python3.7/site-packages/airflow/example_dags/example_branch_datetime_operator.py
[2023-08-05T23:48:50.848+0000] {logging_mixin.py:149} INFO - [2023-08-05T23:48:50.848+0000] {dag.py:2726} INFO - Sync 3 DAGs
[2023-08-05T23:48:50.864+0000] {logging_mixin.py:149} INFO - [2023-08-05T23:48:50.864+0000] {dag.py:3490} INFO - Setting next_dagrun for example_branch_datetime_operator to 2023-08-04T00:00:00+00:00, run_after=2023-08-05T00:00:00+00:00
[2023-08-05T23:48:50.867+0000] {logging_mixin.py:149} INFO - [2023-08-05T23:48:50.867+0000] {dag.py:3490} INFO - Setting next_dagrun for example_branch_datetime_operator_2 to 2023-08-04T00:00:00+00:00, run_after=2023-08-05T00:00:00+00:00
[2023-08-05T23:48:50.869+0000] {logging_mixin.py:149} INFO - [2023-08-05T23:48:50.869+0000] {dag.py:3490} INFO - Setting next_dagrun for example_branch_datetime_operator_3 to 2023-08-04T00:00:00+00:00, run_after=2023-08-05T00:00:00+00:00
[2023-08-05T23:48:50.879+0000] {processor.py:179} INFO - Processing /home/airflow/.local/lib/python3.7/site-packages/airflow/example_dags/example_branch_datetime_operator.py took 0.070 seconds
