[2023-08-05T01:49:11.538+0000] {processor.py:157} INFO - Started process (PID=27986) to work on /home/airflow/.local/lib/python3.7/site-packages/airflow/example_dags/example_dag_decorator.py
[2023-08-05T01:49:11.539+0000] {processor.py:826} INFO - Processing file /home/airflow/.local/lib/python3.7/site-packages/airflow/example_dags/example_dag_decorator.py for tasks to queue
[2023-08-05T01:49:11.540+0000] {logging_mixin.py:149} INFO - [2023-08-05T01:49:11.539+0000] {dagbag.py:541} INFO - Filling up the DagBag from /home/airflow/.local/lib/python3.7/site-packages/airflow/example_dags/example_dag_decorator.py
[2023-08-05T01:49:11.545+0000] {logging_mixin.py:149} INFO - [2023-08-05T01:49:11.545+0000] {taskmixin.py:211} WARNING - Dependency <Task(_PythonDecoratedOperator): prepare_email>, send_email already registered for DAG: example_dag_decorator
[2023-08-05T01:49:11.545+0000] {logging_mixin.py:149} INFO - [2023-08-05T01:49:11.545+0000] {taskmixin.py:211} WARNING - Dependency <Task(EmailOperator): send_email>, prepare_email already registered for DAG: example_dag_decorator
[2023-08-05T01:49:11.551+0000] {processor.py:836} INFO - DAG(s) dict_keys(['example_dag_decorator']) retrieved from /home/airflow/.local/lib/python3.7/site-packages/airflow/example_dags/example_dag_decorator.py
[2023-08-05T01:49:11.640+0000] {logging_mixin.py:149} INFO - [2023-08-05T01:49:11.639+0000] {dag.py:2726} INFO - Sync 1 DAGs
[2023-08-05T01:49:11.654+0000] {logging_mixin.py:149} INFO - [2023-08-05T01:49:11.654+0000] {dag.py:3490} INFO - Setting next_dagrun for example_dag_decorator to None, run_after=None
[2023-08-05T01:49:11.665+0000] {processor.py:179} INFO - Processing /home/airflow/.local/lib/python3.7/site-packages/airflow/example_dags/example_dag_decorator.py took 0.130 seconds
[2023-08-05T05:20:45.634+0000] {processor.py:157} INFO - Started process (PID=28052) to work on /home/airflow/.local/lib/python3.7/site-packages/airflow/example_dags/example_dag_decorator.py
[2023-08-05T05:20:45.635+0000] {processor.py:826} INFO - Processing file /home/airflow/.local/lib/python3.7/site-packages/airflow/example_dags/example_dag_decorator.py for tasks to queue
[2023-08-05T05:20:45.636+0000] {logging_mixin.py:149} INFO - [2023-08-05T05:20:45.636+0000] {dagbag.py:541} INFO - Filling up the DagBag from /home/airflow/.local/lib/python3.7/site-packages/airflow/example_dags/example_dag_decorator.py
[2023-08-05T05:20:45.643+0000] {logging_mixin.py:149} INFO - [2023-08-05T05:20:45.642+0000] {taskmixin.py:211} WARNING - Dependency <Task(_PythonDecoratedOperator): prepare_email>, send_email already registered for DAG: example_dag_decorator
[2023-08-05T05:20:45.643+0000] {logging_mixin.py:149} INFO - [2023-08-05T05:20:45.643+0000] {taskmixin.py:211} WARNING - Dependency <Task(EmailOperator): send_email>, prepare_email already registered for DAG: example_dag_decorator
[2023-08-05T05:20:45.651+0000] {processor.py:836} INFO - DAG(s) dict_keys(['example_dag_decorator']) retrieved from /home/airflow/.local/lib/python3.7/site-packages/airflow/example_dags/example_dag_decorator.py
[2023-08-05T05:20:45.703+0000] {logging_mixin.py:149} INFO - [2023-08-05T05:20:45.702+0000] {dag.py:2726} INFO - Sync 1 DAGs
[2023-08-05T05:20:45.718+0000] {logging_mixin.py:149} INFO - [2023-08-05T05:20:45.718+0000] {dag.py:3490} INFO - Setting next_dagrun for example_dag_decorator to None, run_after=None
[2023-08-05T05:20:45.730+0000] {processor.py:179} INFO - Processing /home/airflow/.local/lib/python3.7/site-packages/airflow/example_dags/example_dag_decorator.py took 0.100 seconds
[2023-08-05T08:34:28.170+0000] {processor.py:157} INFO - Started process (PID=28118) to work on /home/airflow/.local/lib/python3.7/site-packages/airflow/example_dags/example_dag_decorator.py
[2023-08-05T08:34:28.171+0000] {processor.py:826} INFO - Processing file /home/airflow/.local/lib/python3.7/site-packages/airflow/example_dags/example_dag_decorator.py for tasks to queue
[2023-08-05T08:34:28.172+0000] {logging_mixin.py:149} INFO - [2023-08-05T08:34:28.172+0000] {dagbag.py:541} INFO - Filling up the DagBag from /home/airflow/.local/lib/python3.7/site-packages/airflow/example_dags/example_dag_decorator.py
[2023-08-05T08:34:28.182+0000] {logging_mixin.py:149} INFO - [2023-08-05T08:34:28.181+0000] {taskmixin.py:211} WARNING - Dependency <Task(_PythonDecoratedOperator): prepare_email>, send_email already registered for DAG: example_dag_decorator
[2023-08-05T08:34:28.183+0000] {logging_mixin.py:149} INFO - [2023-08-05T08:34:28.182+0000] {taskmixin.py:211} WARNING - Dependency <Task(EmailOperator): send_email>, prepare_email already registered for DAG: example_dag_decorator
[2023-08-05T08:34:28.190+0000] {processor.py:836} INFO - DAG(s) dict_keys(['example_dag_decorator']) retrieved from /home/airflow/.local/lib/python3.7/site-packages/airflow/example_dags/example_dag_decorator.py
[2023-08-05T08:34:28.245+0000] {logging_mixin.py:149} INFO - [2023-08-05T08:34:28.245+0000] {dag.py:2726} INFO - Sync 1 DAGs
[2023-08-05T08:34:28.264+0000] {logging_mixin.py:149} INFO - [2023-08-05T08:34:28.264+0000] {dag.py:3490} INFO - Setting next_dagrun for example_dag_decorator to None, run_after=None
[2023-08-05T08:34:28.277+0000] {processor.py:179} INFO - Processing /home/airflow/.local/lib/python3.7/site-packages/airflow/example_dags/example_dag_decorator.py took 0.111 seconds
[2023-08-05T09:11:44.594+0000] {processor.py:157} INFO - Started process (PID=28185) to work on /home/airflow/.local/lib/python3.7/site-packages/airflow/example_dags/example_dag_decorator.py
[2023-08-05T09:11:44.595+0000] {processor.py:826} INFO - Processing file /home/airflow/.local/lib/python3.7/site-packages/airflow/example_dags/example_dag_decorator.py for tasks to queue
[2023-08-05T09:11:44.596+0000] {logging_mixin.py:149} INFO - [2023-08-05T09:11:44.596+0000] {dagbag.py:541} INFO - Filling up the DagBag from /home/airflow/.local/lib/python3.7/site-packages/airflow/example_dags/example_dag_decorator.py
[2023-08-05T09:11:44.601+0000] {logging_mixin.py:149} INFO - [2023-08-05T09:11:44.601+0000] {taskmixin.py:211} WARNING - Dependency <Task(_PythonDecoratedOperator): prepare_email>, send_email already registered for DAG: example_dag_decorator
[2023-08-05T09:11:44.602+0000] {logging_mixin.py:149} INFO - [2023-08-05T09:11:44.602+0000] {taskmixin.py:211} WARNING - Dependency <Task(EmailOperator): send_email>, prepare_email already registered for DAG: example_dag_decorator
[2023-08-05T09:11:44.609+0000] {processor.py:836} INFO - DAG(s) dict_keys(['example_dag_decorator']) retrieved from /home/airflow/.local/lib/python3.7/site-packages/airflow/example_dags/example_dag_decorator.py
[2023-08-05T09:11:44.670+0000] {logging_mixin.py:149} INFO - [2023-08-05T09:11:44.670+0000] {dag.py:2726} INFO - Sync 1 DAGs
[2023-08-05T09:11:44.682+0000] {logging_mixin.py:149} INFO - [2023-08-05T09:11:44.682+0000] {dag.py:3490} INFO - Setting next_dagrun for example_dag_decorator to None, run_after=None
[2023-08-05T09:11:44.704+0000] {processor.py:179} INFO - Processing /home/airflow/.local/lib/python3.7/site-packages/airflow/example_dags/example_dag_decorator.py took 0.112 seconds
[2023-08-05T12:22:27.530+0000] {processor.py:157} INFO - Started process (PID=28251) to work on /home/airflow/.local/lib/python3.7/site-packages/airflow/example_dags/example_dag_decorator.py
[2023-08-05T12:22:27.532+0000] {processor.py:826} INFO - Processing file /home/airflow/.local/lib/python3.7/site-packages/airflow/example_dags/example_dag_decorator.py for tasks to queue
[2023-08-05T12:22:27.533+0000] {logging_mixin.py:149} INFO - [2023-08-05T12:22:27.533+0000] {dagbag.py:541} INFO - Filling up the DagBag from /home/airflow/.local/lib/python3.7/site-packages/airflow/example_dags/example_dag_decorator.py
[2023-08-05T12:22:27.547+0000] {logging_mixin.py:149} INFO - [2023-08-05T12:22:27.547+0000] {taskmixin.py:211} WARNING - Dependency <Task(_PythonDecoratedOperator): prepare_email>, send_email already registered for DAG: example_dag_decorator
[2023-08-05T12:22:27.552+0000] {logging_mixin.py:149} INFO - [2023-08-05T12:22:27.552+0000] {taskmixin.py:211} WARNING - Dependency <Task(EmailOperator): send_email>, prepare_email already registered for DAG: example_dag_decorator
[2023-08-05T12:22:27.559+0000] {processor.py:836} INFO - DAG(s) dict_keys(['example_dag_decorator']) retrieved from /home/airflow/.local/lib/python3.7/site-packages/airflow/example_dags/example_dag_decorator.py
[2023-08-05T12:22:27.601+0000] {logging_mixin.py:149} INFO - [2023-08-05T12:22:27.601+0000] {dag.py:2726} INFO - Sync 1 DAGs
[2023-08-05T12:22:27.615+0000] {logging_mixin.py:149} INFO - [2023-08-05T12:22:27.615+0000] {dag.py:3490} INFO - Setting next_dagrun for example_dag_decorator to None, run_after=None
[2023-08-05T12:22:27.627+0000] {processor.py:179} INFO - Processing /home/airflow/.local/lib/python3.7/site-packages/airflow/example_dags/example_dag_decorator.py took 0.100 seconds
[2023-08-05T15:35:41.637+0000] {processor.py:157} INFO - Started process (PID=28317) to work on /home/airflow/.local/lib/python3.7/site-packages/airflow/example_dags/example_dag_decorator.py
[2023-08-05T15:35:41.638+0000] {processor.py:826} INFO - Processing file /home/airflow/.local/lib/python3.7/site-packages/airflow/example_dags/example_dag_decorator.py for tasks to queue
[2023-08-05T15:35:41.639+0000] {logging_mixin.py:149} INFO - [2023-08-05T15:35:41.639+0000] {dagbag.py:541} INFO - Filling up the DagBag from /home/airflow/.local/lib/python3.7/site-packages/airflow/example_dags/example_dag_decorator.py
[2023-08-05T15:35:41.644+0000] {logging_mixin.py:149} INFO - [2023-08-05T15:35:41.644+0000] {taskmixin.py:211} WARNING - Dependency <Task(_PythonDecoratedOperator): prepare_email>, send_email already registered for DAG: example_dag_decorator
[2023-08-05T15:35:41.645+0000] {logging_mixin.py:149} INFO - [2023-08-05T15:35:41.644+0000] {taskmixin.py:211} WARNING - Dependency <Task(EmailOperator): send_email>, prepare_email already registered for DAG: example_dag_decorator
[2023-08-05T15:35:41.651+0000] {processor.py:836} INFO - DAG(s) dict_keys(['example_dag_decorator']) retrieved from /home/airflow/.local/lib/python3.7/site-packages/airflow/example_dags/example_dag_decorator.py
[2023-08-05T15:35:41.697+0000] {logging_mixin.py:149} INFO - [2023-08-05T15:35:41.697+0000] {dag.py:2726} INFO - Sync 1 DAGs
[2023-08-05T15:35:41.711+0000] {logging_mixin.py:149} INFO - [2023-08-05T15:35:41.711+0000] {dag.py:3490} INFO - Setting next_dagrun for example_dag_decorator to None, run_after=None
[2023-08-05T15:35:41.733+0000] {processor.py:179} INFO - Processing /home/airflow/.local/lib/python3.7/site-packages/airflow/example_dags/example_dag_decorator.py took 0.098 seconds
[2023-08-05T16:27:04.345+0000] {processor.py:157} INFO - Started process (PID=28383) to work on /home/airflow/.local/lib/python3.7/site-packages/airflow/example_dags/example_dag_decorator.py
[2023-08-05T16:27:04.345+0000] {processor.py:826} INFO - Processing file /home/airflow/.local/lib/python3.7/site-packages/airflow/example_dags/example_dag_decorator.py for tasks to queue
[2023-08-05T16:27:04.346+0000] {logging_mixin.py:149} INFO - [2023-08-05T16:27:04.346+0000] {dagbag.py:541} INFO - Filling up the DagBag from /home/airflow/.local/lib/python3.7/site-packages/airflow/example_dags/example_dag_decorator.py
[2023-08-05T16:27:04.351+0000] {logging_mixin.py:149} INFO - [2023-08-05T16:27:04.351+0000] {taskmixin.py:211} WARNING - Dependency <Task(_PythonDecoratedOperator): prepare_email>, send_email already registered for DAG: example_dag_decorator
[2023-08-05T16:27:04.352+0000] {logging_mixin.py:149} INFO - [2023-08-05T16:27:04.352+0000] {taskmixin.py:211} WARNING - Dependency <Task(EmailOperator): send_email>, prepare_email already registered for DAG: example_dag_decorator
[2023-08-05T16:27:04.358+0000] {processor.py:836} INFO - DAG(s) dict_keys(['example_dag_decorator']) retrieved from /home/airflow/.local/lib/python3.7/site-packages/airflow/example_dags/example_dag_decorator.py
[2023-08-05T16:27:04.401+0000] {logging_mixin.py:149} INFO - [2023-08-05T16:27:04.401+0000] {dag.py:2726} INFO - Sync 1 DAGs
[2023-08-05T16:27:04.416+0000] {logging_mixin.py:149} INFO - [2023-08-05T16:27:04.416+0000] {dag.py:3490} INFO - Setting next_dagrun for example_dag_decorator to None, run_after=None
[2023-08-05T16:27:04.427+0000] {processor.py:179} INFO - Processing /home/airflow/.local/lib/python3.7/site-packages/airflow/example_dags/example_dag_decorator.py took 0.085 seconds
[2023-08-05T20:04:29.763+0000] {processor.py:157} INFO - Started process (PID=28449) to work on /home/airflow/.local/lib/python3.7/site-packages/airflow/example_dags/example_dag_decorator.py
[2023-08-05T20:04:29.764+0000] {processor.py:826} INFO - Processing file /home/airflow/.local/lib/python3.7/site-packages/airflow/example_dags/example_dag_decorator.py for tasks to queue
[2023-08-05T20:04:29.765+0000] {logging_mixin.py:149} INFO - [2023-08-05T20:04:29.765+0000] {dagbag.py:541} INFO - Filling up the DagBag from /home/airflow/.local/lib/python3.7/site-packages/airflow/example_dags/example_dag_decorator.py
[2023-08-05T20:04:29.777+0000] {logging_mixin.py:149} INFO - [2023-08-05T20:04:29.777+0000] {taskmixin.py:211} WARNING - Dependency <Task(_PythonDecoratedOperator): prepare_email>, send_email already registered for DAG: example_dag_decorator
[2023-08-05T20:04:29.777+0000] {logging_mixin.py:149} INFO - [2023-08-05T20:04:29.777+0000] {taskmixin.py:211} WARNING - Dependency <Task(EmailOperator): send_email>, prepare_email already registered for DAG: example_dag_decorator
[2023-08-05T20:04:29.784+0000] {processor.py:836} INFO - DAG(s) dict_keys(['example_dag_decorator']) retrieved from /home/airflow/.local/lib/python3.7/site-packages/airflow/example_dags/example_dag_decorator.py
[2023-08-05T20:04:29.828+0000] {logging_mixin.py:149} INFO - [2023-08-05T20:04:29.828+0000] {dag.py:2726} INFO - Sync 1 DAGs
[2023-08-05T20:04:29.842+0000] {logging_mixin.py:149} INFO - [2023-08-05T20:04:29.842+0000] {dag.py:3490} INFO - Setting next_dagrun for example_dag_decorator to None, run_after=None
[2023-08-05T20:04:29.857+0000] {processor.py:179} INFO - Processing /home/airflow/.local/lib/python3.7/site-packages/airflow/example_dags/example_dag_decorator.py took 0.097 seconds
[2023-08-05T21:06:26.540+0000] {processor.py:157} INFO - Started process (PID=28515) to work on /home/airflow/.local/lib/python3.7/site-packages/airflow/example_dags/example_dag_decorator.py
[2023-08-05T21:06:26.541+0000] {processor.py:826} INFO - Processing file /home/airflow/.local/lib/python3.7/site-packages/airflow/example_dags/example_dag_decorator.py for tasks to queue
[2023-08-05T21:06:26.541+0000] {logging_mixin.py:149} INFO - [2023-08-05T21:06:26.541+0000] {dagbag.py:541} INFO - Filling up the DagBag from /home/airflow/.local/lib/python3.7/site-packages/airflow/example_dags/example_dag_decorator.py
[2023-08-05T21:06:26.548+0000] {logging_mixin.py:149} INFO - [2023-08-05T21:06:26.548+0000] {taskmixin.py:211} WARNING - Dependency <Task(_PythonDecoratedOperator): prepare_email>, send_email already registered for DAG: example_dag_decorator
[2023-08-05T21:06:26.548+0000] {logging_mixin.py:149} INFO - [2023-08-05T21:06:26.548+0000] {taskmixin.py:211} WARNING - Dependency <Task(EmailOperator): send_email>, prepare_email already registered for DAG: example_dag_decorator
[2023-08-05T21:06:26.555+0000] {processor.py:836} INFO - DAG(s) dict_keys(['example_dag_decorator']) retrieved from /home/airflow/.local/lib/python3.7/site-packages/airflow/example_dags/example_dag_decorator.py
[2023-08-05T21:06:26.602+0000] {logging_mixin.py:149} INFO - [2023-08-05T21:06:26.601+0000] {dag.py:2726} INFO - Sync 1 DAGs
[2023-08-05T21:06:26.616+0000] {logging_mixin.py:149} INFO - [2023-08-05T21:06:26.616+0000] {dag.py:3490} INFO - Setting next_dagrun for example_dag_decorator to None, run_after=None
[2023-08-05T21:06:26.629+0000] {processor.py:179} INFO - Processing /home/airflow/.local/lib/python3.7/site-packages/airflow/example_dags/example_dag_decorator.py took 0.093 seconds
[2023-08-05T23:48:50.281+0000] {processor.py:157} INFO - Started process (PID=28582) to work on /home/airflow/.local/lib/python3.7/site-packages/airflow/example_dags/example_dag_decorator.py
[2023-08-05T23:48:50.282+0000] {processor.py:826} INFO - Processing file /home/airflow/.local/lib/python3.7/site-packages/airflow/example_dags/example_dag_decorator.py for tasks to queue
[2023-08-05T23:48:50.283+0000] {logging_mixin.py:149} INFO - [2023-08-05T23:48:50.283+0000] {dagbag.py:541} INFO - Filling up the DagBag from /home/airflow/.local/lib/python3.7/site-packages/airflow/example_dags/example_dag_decorator.py
[2023-08-05T23:48:50.289+0000] {logging_mixin.py:149} INFO - [2023-08-05T23:48:50.289+0000] {taskmixin.py:211} WARNING - Dependency <Task(_PythonDecoratedOperator): prepare_email>, send_email already registered for DAG: example_dag_decorator
[2023-08-05T23:48:50.289+0000] {logging_mixin.py:149} INFO - [2023-08-05T23:48:50.289+0000] {taskmixin.py:211} WARNING - Dependency <Task(EmailOperator): send_email>, prepare_email already registered for DAG: example_dag_decorator
[2023-08-05T23:48:50.296+0000] {processor.py:836} INFO - DAG(s) dict_keys(['example_dag_decorator']) retrieved from /home/airflow/.local/lib/python3.7/site-packages/airflow/example_dags/example_dag_decorator.py
[2023-08-05T23:48:50.343+0000] {logging_mixin.py:149} INFO - [2023-08-05T23:48:50.343+0000] {dag.py:2726} INFO - Sync 1 DAGs
[2023-08-05T23:48:50.359+0000] {logging_mixin.py:149} INFO - [2023-08-05T23:48:50.359+0000] {dag.py:3490} INFO - Setting next_dagrun for example_dag_decorator to None, run_after=None
[2023-08-05T23:48:50.372+0000] {processor.py:179} INFO - Processing /home/airflow/.local/lib/python3.7/site-packages/airflow/example_dags/example_dag_decorator.py took 0.094 seconds
