[2023-08-05T01:49:12.246+0000] {processor.py:157} INFO - Started process (PID=27998) to work on /home/airflow/.local/lib/python3.7/site-packages/airflow/example_dags/example_branch_labels.py
[2023-08-05T01:49:12.247+0000] {processor.py:826} INFO - Processing file /home/airflow/.local/lib/python3.7/site-packages/airflow/example_dags/example_branch_labels.py for tasks to queue
[2023-08-05T01:49:12.248+0000] {logging_mixin.py:149} INFO - [2023-08-05T01:49:12.248+0000] {dagbag.py:541} INFO - Filling up the DagBag from /home/airflow/.local/lib/python3.7/site-packages/airflow/example_dags/example_branch_labels.py
[2023-08-05T01:49:12.254+0000] {processor.py:836} INFO - DAG(s) dict_keys(['example_branch_labels']) retrieved from /home/airflow/.local/lib/python3.7/site-packages/airflow/example_dags/example_branch_labels.py
[2023-08-05T01:49:12.276+0000] {logging_mixin.py:149} INFO - [2023-08-05T01:49:12.276+0000] {dag.py:2726} INFO - Sync 1 DAGs
[2023-08-05T01:49:12.294+0000] {logging_mixin.py:149} INFO - [2023-08-05T01:49:12.294+0000] {dag.py:3490} INFO - Setting next_dagrun for example_branch_labels to 2023-08-04T00:00:00+00:00, run_after=2023-08-05T00:00:00+00:00
[2023-08-05T01:49:12.305+0000] {processor.py:179} INFO - Processing /home/airflow/.local/lib/python3.7/site-packages/airflow/example_dags/example_branch_labels.py took 0.063 seconds
[2023-08-05T05:20:46.260+0000] {processor.py:157} INFO - Started process (PID=28064) to work on /home/airflow/.local/lib/python3.7/site-packages/airflow/example_dags/example_branch_labels.py
[2023-08-05T05:20:46.261+0000] {processor.py:826} INFO - Processing file /home/airflow/.local/lib/python3.7/site-packages/airflow/example_dags/example_branch_labels.py for tasks to queue
[2023-08-05T05:20:46.265+0000] {logging_mixin.py:149} INFO - [2023-08-05T05:20:46.265+0000] {dagbag.py:541} INFO - Filling up the DagBag from /home/airflow/.local/lib/python3.7/site-packages/airflow/example_dags/example_branch_labels.py
[2023-08-05T05:20:46.273+0000] {processor.py:836} INFO - DAG(s) dict_keys(['example_branch_labels']) retrieved from /home/airflow/.local/lib/python3.7/site-packages/airflow/example_dags/example_branch_labels.py
[2023-08-05T05:20:46.301+0000] {logging_mixin.py:149} INFO - [2023-08-05T05:20:46.301+0000] {dag.py:2726} INFO - Sync 1 DAGs
[2023-08-05T05:20:46.319+0000] {logging_mixin.py:149} INFO - [2023-08-05T05:20:46.319+0000] {dag.py:3490} INFO - Setting next_dagrun for example_branch_labels to 2023-08-04T00:00:00+00:00, run_after=2023-08-05T00:00:00+00:00
[2023-08-05T05:20:46.339+0000] {processor.py:179} INFO - Processing /home/airflow/.local/lib/python3.7/site-packages/airflow/example_dags/example_branch_labels.py took 0.082 seconds
[2023-08-05T08:34:28.821+0000] {processor.py:157} INFO - Started process (PID=28130) to work on /home/airflow/.local/lib/python3.7/site-packages/airflow/example_dags/example_branch_labels.py
[2023-08-05T08:34:28.822+0000] {processor.py:826} INFO - Processing file /home/airflow/.local/lib/python3.7/site-packages/airflow/example_dags/example_branch_labels.py for tasks to queue
[2023-08-05T08:34:28.823+0000] {logging_mixin.py:149} INFO - [2023-08-05T08:34:28.823+0000] {dagbag.py:541} INFO - Filling up the DagBag from /home/airflow/.local/lib/python3.7/site-packages/airflow/example_dags/example_branch_labels.py
[2023-08-05T08:34:28.828+0000] {processor.py:836} INFO - DAG(s) dict_keys(['example_branch_labels']) retrieved from /home/airflow/.local/lib/python3.7/site-packages/airflow/example_dags/example_branch_labels.py
[2023-08-05T08:34:28.850+0000] {logging_mixin.py:149} INFO - [2023-08-05T08:34:28.850+0000] {dag.py:2726} INFO - Sync 1 DAGs
[2023-08-05T08:34:28.871+0000] {logging_mixin.py:149} INFO - [2023-08-05T08:34:28.871+0000] {dag.py:3490} INFO - Setting next_dagrun for example_branch_labels to 2023-08-04T00:00:00+00:00, run_after=2023-08-05T00:00:00+00:00
[2023-08-05T08:34:28.882+0000] {processor.py:179} INFO - Processing /home/airflow/.local/lib/python3.7/site-packages/airflow/example_dags/example_branch_labels.py took 0.065 seconds
[2023-08-05T09:11:45.220+0000] {processor.py:157} INFO - Started process (PID=28197) to work on /home/airflow/.local/lib/python3.7/site-packages/airflow/example_dags/example_branch_labels.py
[2023-08-05T09:11:45.222+0000] {processor.py:826} INFO - Processing file /home/airflow/.local/lib/python3.7/site-packages/airflow/example_dags/example_branch_labels.py for tasks to queue
[2023-08-05T09:11:45.222+0000] {logging_mixin.py:149} INFO - [2023-08-05T09:11:45.222+0000] {dagbag.py:541} INFO - Filling up the DagBag from /home/airflow/.local/lib/python3.7/site-packages/airflow/example_dags/example_branch_labels.py
[2023-08-05T09:11:45.227+0000] {processor.py:836} INFO - DAG(s) dict_keys(['example_branch_labels']) retrieved from /home/airflow/.local/lib/python3.7/site-packages/airflow/example_dags/example_branch_labels.py
[2023-08-05T09:11:45.260+0000] {logging_mixin.py:149} INFO - [2023-08-05T09:11:45.260+0000] {dag.py:2726} INFO - Sync 1 DAGs
[2023-08-05T09:11:45.280+0000] {logging_mixin.py:149} INFO - [2023-08-05T09:11:45.280+0000] {dag.py:3490} INFO - Setting next_dagrun for example_branch_labels to 2023-08-04T00:00:00+00:00, run_after=2023-08-05T00:00:00+00:00
[2023-08-05T09:11:45.291+0000] {processor.py:179} INFO - Processing /home/airflow/.local/lib/python3.7/site-packages/airflow/example_dags/example_branch_labels.py took 0.074 seconds
[2023-08-05T12:22:28.149+0000] {processor.py:157} INFO - Started process (PID=28263) to work on /home/airflow/.local/lib/python3.7/site-packages/airflow/example_dags/example_branch_labels.py
[2023-08-05T12:22:28.150+0000] {processor.py:826} INFO - Processing file /home/airflow/.local/lib/python3.7/site-packages/airflow/example_dags/example_branch_labels.py for tasks to queue
[2023-08-05T12:22:28.151+0000] {logging_mixin.py:149} INFO - [2023-08-05T12:22:28.151+0000] {dagbag.py:541} INFO - Filling up the DagBag from /home/airflow/.local/lib/python3.7/site-packages/airflow/example_dags/example_branch_labels.py
[2023-08-05T12:22:28.156+0000] {processor.py:836} INFO - DAG(s) dict_keys(['example_branch_labels']) retrieved from /home/airflow/.local/lib/python3.7/site-packages/airflow/example_dags/example_branch_labels.py
[2023-08-05T12:22:28.186+0000] {logging_mixin.py:149} INFO - [2023-08-05T12:22:28.186+0000] {dag.py:2726} INFO - Sync 1 DAGs
[2023-08-05T12:22:28.217+0000] {logging_mixin.py:149} INFO - [2023-08-05T12:22:28.217+0000] {dag.py:3490} INFO - Setting next_dagrun for example_branch_labels to 2023-08-04T00:00:00+00:00, run_after=2023-08-05T00:00:00+00:00
[2023-08-05T12:22:28.263+0000] {processor.py:179} INFO - Processing /home/airflow/.local/lib/python3.7/site-packages/airflow/example_dags/example_branch_labels.py took 0.117 seconds
[2023-08-05T15:35:42.251+0000] {processor.py:157} INFO - Started process (PID=28329) to work on /home/airflow/.local/lib/python3.7/site-packages/airflow/example_dags/example_branch_labels.py
[2023-08-05T15:35:42.252+0000] {processor.py:826} INFO - Processing file /home/airflow/.local/lib/python3.7/site-packages/airflow/example_dags/example_branch_labels.py for tasks to queue
[2023-08-05T15:35:42.253+0000] {logging_mixin.py:149} INFO - [2023-08-05T15:35:42.253+0000] {dagbag.py:541} INFO - Filling up the DagBag from /home/airflow/.local/lib/python3.7/site-packages/airflow/example_dags/example_branch_labels.py
[2023-08-05T15:35:42.261+0000] {processor.py:836} INFO - DAG(s) dict_keys(['example_branch_labels']) retrieved from /home/airflow/.local/lib/python3.7/site-packages/airflow/example_dags/example_branch_labels.py
[2023-08-05T15:35:42.293+0000] {logging_mixin.py:149} INFO - [2023-08-05T15:35:42.293+0000] {dag.py:2726} INFO - Sync 1 DAGs
[2023-08-05T15:35:42.311+0000] {logging_mixin.py:149} INFO - [2023-08-05T15:35:42.311+0000] {dag.py:3490} INFO - Setting next_dagrun for example_branch_labels to 2023-08-04T00:00:00+00:00, run_after=2023-08-05T00:00:00+00:00
[2023-08-05T15:35:42.333+0000] {processor.py:179} INFO - Processing /home/airflow/.local/lib/python3.7/site-packages/airflow/example_dags/example_branch_labels.py took 0.085 seconds
[2023-08-05T16:27:04.964+0000] {processor.py:157} INFO - Started process (PID=28395) to work on /home/airflow/.local/lib/python3.7/site-packages/airflow/example_dags/example_branch_labels.py
[2023-08-05T16:27:04.969+0000] {processor.py:826} INFO - Processing file /home/airflow/.local/lib/python3.7/site-packages/airflow/example_dags/example_branch_labels.py for tasks to queue
[2023-08-05T16:27:04.970+0000] {logging_mixin.py:149} INFO - [2023-08-05T16:27:04.970+0000] {dagbag.py:541} INFO - Filling up the DagBag from /home/airflow/.local/lib/python3.7/site-packages/airflow/example_dags/example_branch_labels.py
[2023-08-05T16:27:04.976+0000] {processor.py:836} INFO - DAG(s) dict_keys(['example_branch_labels']) retrieved from /home/airflow/.local/lib/python3.7/site-packages/airflow/example_dags/example_branch_labels.py
[2023-08-05T16:27:05.000+0000] {logging_mixin.py:149} INFO - [2023-08-05T16:27:04.999+0000] {dag.py:2726} INFO - Sync 1 DAGs
[2023-08-05T16:27:05.015+0000] {logging_mixin.py:149} INFO - [2023-08-05T16:27:05.015+0000] {dag.py:3490} INFO - Setting next_dagrun for example_branch_labels to 2023-08-04T00:00:00+00:00, run_after=2023-08-05T00:00:00+00:00
[2023-08-05T16:27:05.024+0000] {processor.py:179} INFO - Processing /home/airflow/.local/lib/python3.7/site-packages/airflow/example_dags/example_branch_labels.py took 0.062 seconds
[2023-08-05T20:04:30.555+0000] {processor.py:157} INFO - Started process (PID=28461) to work on /home/airflow/.local/lib/python3.7/site-packages/airflow/example_dags/example_branch_labels.py
[2023-08-05T20:04:30.556+0000] {processor.py:826} INFO - Processing file /home/airflow/.local/lib/python3.7/site-packages/airflow/example_dags/example_branch_labels.py for tasks to queue
[2023-08-05T20:04:30.557+0000] {logging_mixin.py:149} INFO - [2023-08-05T20:04:30.556+0000] {dagbag.py:541} INFO - Filling up the DagBag from /home/airflow/.local/lib/python3.7/site-packages/airflow/example_dags/example_branch_labels.py
[2023-08-05T20:04:30.562+0000] {processor.py:836} INFO - DAG(s) dict_keys(['example_branch_labels']) retrieved from /home/airflow/.local/lib/python3.7/site-packages/airflow/example_dags/example_branch_labels.py
[2023-08-05T20:04:30.582+0000] {logging_mixin.py:149} INFO - [2023-08-05T20:04:30.582+0000] {dag.py:2726} INFO - Sync 1 DAGs
[2023-08-05T20:04:30.604+0000] {logging_mixin.py:149} INFO - [2023-08-05T20:04:30.604+0000] {dag.py:3490} INFO - Setting next_dagrun for example_branch_labels to 2023-08-04T00:00:00+00:00, run_after=2023-08-05T00:00:00+00:00
[2023-08-05T20:04:30.618+0000] {processor.py:179} INFO - Processing /home/airflow/.local/lib/python3.7/site-packages/airflow/example_dags/example_branch_labels.py took 0.066 seconds
[2023-08-05T21:06:27.125+0000] {processor.py:157} INFO - Started process (PID=28527) to work on /home/airflow/.local/lib/python3.7/site-packages/airflow/example_dags/example_branch_labels.py
[2023-08-05T21:06:27.126+0000] {processor.py:826} INFO - Processing file /home/airflow/.local/lib/python3.7/site-packages/airflow/example_dags/example_branch_labels.py for tasks to queue
[2023-08-05T21:06:27.126+0000] {logging_mixin.py:149} INFO - [2023-08-05T21:06:27.126+0000] {dagbag.py:541} INFO - Filling up the DagBag from /home/airflow/.local/lib/python3.7/site-packages/airflow/example_dags/example_branch_labels.py
[2023-08-05T21:06:27.132+0000] {processor.py:836} INFO - DAG(s) dict_keys(['example_branch_labels']) retrieved from /home/airflow/.local/lib/python3.7/site-packages/airflow/example_dags/example_branch_labels.py
[2023-08-05T21:06:27.154+0000] {logging_mixin.py:149} INFO - [2023-08-05T21:06:27.154+0000] {dag.py:2726} INFO - Sync 1 DAGs
[2023-08-05T21:06:27.171+0000] {logging_mixin.py:149} INFO - [2023-08-05T21:06:27.171+0000] {dag.py:3490} INFO - Setting next_dagrun for example_branch_labels to 2023-08-04T00:00:00+00:00, run_after=2023-08-05T00:00:00+00:00
[2023-08-05T21:06:27.181+0000] {processor.py:179} INFO - Processing /home/airflow/.local/lib/python3.7/site-packages/airflow/example_dags/example_branch_labels.py took 0.059 seconds
[2023-08-05T23:48:50.923+0000] {processor.py:157} INFO - Started process (PID=28594) to work on /home/airflow/.local/lib/python3.7/site-packages/airflow/example_dags/example_branch_labels.py
[2023-08-05T23:48:50.924+0000] {processor.py:826} INFO - Processing file /home/airflow/.local/lib/python3.7/site-packages/airflow/example_dags/example_branch_labels.py for tasks to queue
[2023-08-05T23:48:50.925+0000] {logging_mixin.py:149} INFO - [2023-08-05T23:48:50.925+0000] {dagbag.py:541} INFO - Filling up the DagBag from /home/airflow/.local/lib/python3.7/site-packages/airflow/example_dags/example_branch_labels.py
[2023-08-05T23:48:50.931+0000] {processor.py:836} INFO - DAG(s) dict_keys(['example_branch_labels']) retrieved from /home/airflow/.local/lib/python3.7/site-packages/airflow/example_dags/example_branch_labels.py
[2023-08-05T23:48:50.954+0000] {logging_mixin.py:149} INFO - [2023-08-05T23:48:50.953+0000] {dag.py:2726} INFO - Sync 1 DAGs
[2023-08-05T23:48:50.971+0000] {logging_mixin.py:149} INFO - [2023-08-05T23:48:50.971+0000] {dag.py:3490} INFO - Setting next_dagrun for example_branch_labels to 2023-08-04T00:00:00+00:00, run_after=2023-08-05T00:00:00+00:00
[2023-08-05T23:48:50.986+0000] {processor.py:179} INFO - Processing /home/airflow/.local/lib/python3.7/site-packages/airflow/example_dags/example_branch_labels.py took 0.066 seconds
