[2023-08-05T01:49:13.317+0000] {processor.py:157} INFO - Started process (PID=28016) to work on /home/airflow/.local/lib/python3.7/site-packages/airflow/example_dags/example_branch_day_of_week_operator.py
[2023-08-05T01:49:13.318+0000] {processor.py:826} INFO - Processing file /home/airflow/.local/lib/python3.7/site-packages/airflow/example_dags/example_branch_day_of_week_operator.py for tasks to queue
[2023-08-05T01:49:13.319+0000] {logging_mixin.py:149} INFO - [2023-08-05T01:49:13.319+0000] {dagbag.py:541} INFO - Filling up the DagBag from /home/airflow/.local/lib/python3.7/site-packages/airflow/example_dags/example_branch_day_of_week_operator.py
[2023-08-05T01:49:13.324+0000] {processor.py:836} INFO - DAG(s) dict_keys(['example_weekday_branch_operator']) retrieved from /home/airflow/.local/lib/python3.7/site-packages/airflow/example_dags/example_branch_day_of_week_operator.py
[2023-08-05T01:49:13.352+0000] {logging_mixin.py:149} INFO - [2023-08-05T01:49:13.352+0000] {dag.py:2726} INFO - Sync 1 DAGs
[2023-08-05T01:49:13.370+0000] {logging_mixin.py:149} INFO - [2023-08-05T01:49:13.370+0000] {dag.py:3490} INFO - Setting next_dagrun for example_weekday_branch_operator to 2023-08-04T00:00:00+00:00, run_after=2023-08-05T00:00:00+00:00
[2023-08-05T01:49:13.383+0000] {processor.py:179} INFO - Processing /home/airflow/.local/lib/python3.7/site-packages/airflow/example_dags/example_branch_day_of_week_operator.py took 0.069 seconds
[2023-08-05T05:20:47.290+0000] {processor.py:157} INFO - Started process (PID=28082) to work on /home/airflow/.local/lib/python3.7/site-packages/airflow/example_dags/example_branch_day_of_week_operator.py
[2023-08-05T05:20:47.292+0000] {processor.py:826} INFO - Processing file /home/airflow/.local/lib/python3.7/site-packages/airflow/example_dags/example_branch_day_of_week_operator.py for tasks to queue
[2023-08-05T05:20:47.293+0000] {logging_mixin.py:149} INFO - [2023-08-05T05:20:47.292+0000] {dagbag.py:541} INFO - Filling up the DagBag from /home/airflow/.local/lib/python3.7/site-packages/airflow/example_dags/example_branch_day_of_week_operator.py
[2023-08-05T05:20:47.299+0000] {processor.py:836} INFO - DAG(s) dict_keys(['example_weekday_branch_operator']) retrieved from /home/airflow/.local/lib/python3.7/site-packages/airflow/example_dags/example_branch_day_of_week_operator.py
[2023-08-05T05:20:47.320+0000] {logging_mixin.py:149} INFO - [2023-08-05T05:20:47.319+0000] {dag.py:2726} INFO - Sync 1 DAGs
[2023-08-05T05:20:47.335+0000] {logging_mixin.py:149} INFO - [2023-08-05T05:20:47.335+0000] {dag.py:3490} INFO - Setting next_dagrun for example_weekday_branch_operator to 2023-08-04T00:00:00+00:00, run_after=2023-08-05T00:00:00+00:00
[2023-08-05T05:20:47.351+0000] {processor.py:179} INFO - Processing /home/airflow/.local/lib/python3.7/site-packages/airflow/example_dags/example_branch_day_of_week_operator.py took 0.064 seconds
[2023-08-05T08:34:29.792+0000] {processor.py:157} INFO - Started process (PID=28148) to work on /home/airflow/.local/lib/python3.7/site-packages/airflow/example_dags/example_branch_day_of_week_operator.py
[2023-08-05T08:34:29.793+0000] {processor.py:826} INFO - Processing file /home/airflow/.local/lib/python3.7/site-packages/airflow/example_dags/example_branch_day_of_week_operator.py for tasks to queue
[2023-08-05T08:34:29.794+0000] {logging_mixin.py:149} INFO - [2023-08-05T08:34:29.794+0000] {dagbag.py:541} INFO - Filling up the DagBag from /home/airflow/.local/lib/python3.7/site-packages/airflow/example_dags/example_branch_day_of_week_operator.py
[2023-08-05T08:34:29.801+0000] {processor.py:836} INFO - DAG(s) dict_keys(['example_weekday_branch_operator']) retrieved from /home/airflow/.local/lib/python3.7/site-packages/airflow/example_dags/example_branch_day_of_week_operator.py
[2023-08-05T08:34:29.832+0000] {logging_mixin.py:149} INFO - [2023-08-05T08:34:29.832+0000] {dag.py:2726} INFO - Sync 1 DAGs
[2023-08-05T08:34:30.203+0000] {logging_mixin.py:149} INFO - [2023-08-05T08:34:30.202+0000] {dag.py:3490} INFO - Setting next_dagrun for example_weekday_branch_operator to 2023-08-04T00:00:00+00:00, run_after=2023-08-05T00:00:00+00:00
[2023-08-05T08:34:30.330+0000] {processor.py:179} INFO - Processing /home/airflow/.local/lib/python3.7/site-packages/airflow/example_dags/example_branch_day_of_week_operator.py took 0.541 seconds
[2023-08-05T09:11:46.202+0000] {processor.py:157} INFO - Started process (PID=28215) to work on /home/airflow/.local/lib/python3.7/site-packages/airflow/example_dags/example_branch_day_of_week_operator.py
[2023-08-05T09:11:46.203+0000] {processor.py:826} INFO - Processing file /home/airflow/.local/lib/python3.7/site-packages/airflow/example_dags/example_branch_day_of_week_operator.py for tasks to queue
[2023-08-05T09:11:46.208+0000] {logging_mixin.py:149} INFO - [2023-08-05T09:11:46.208+0000] {dagbag.py:541} INFO - Filling up the DagBag from /home/airflow/.local/lib/python3.7/site-packages/airflow/example_dags/example_branch_day_of_week_operator.py
[2023-08-05T09:11:46.216+0000] {processor.py:836} INFO - DAG(s) dict_keys(['example_weekday_branch_operator']) retrieved from /home/airflow/.local/lib/python3.7/site-packages/airflow/example_dags/example_branch_day_of_week_operator.py
[2023-08-05T09:11:46.240+0000] {logging_mixin.py:149} INFO - [2023-08-05T09:11:46.240+0000] {dag.py:2726} INFO - Sync 1 DAGs
[2023-08-05T09:11:46.258+0000] {logging_mixin.py:149} INFO - [2023-08-05T09:11:46.257+0000] {dag.py:3490} INFO - Setting next_dagrun for example_weekday_branch_operator to 2023-08-04T00:00:00+00:00, run_after=2023-08-05T00:00:00+00:00
[2023-08-05T09:11:46.268+0000] {processor.py:179} INFO - Processing /home/airflow/.local/lib/python3.7/site-packages/airflow/example_dags/example_branch_day_of_week_operator.py took 0.070 seconds
[2023-08-05T12:22:29.137+0000] {processor.py:157} INFO - Started process (PID=28281) to work on /home/airflow/.local/lib/python3.7/site-packages/airflow/example_dags/example_branch_day_of_week_operator.py
[2023-08-05T12:22:29.138+0000] {processor.py:826} INFO - Processing file /home/airflow/.local/lib/python3.7/site-packages/airflow/example_dags/example_branch_day_of_week_operator.py for tasks to queue
[2023-08-05T12:22:29.138+0000] {logging_mixin.py:149} INFO - [2023-08-05T12:22:29.138+0000] {dagbag.py:541} INFO - Filling up the DagBag from /home/airflow/.local/lib/python3.7/site-packages/airflow/example_dags/example_branch_day_of_week_operator.py
[2023-08-05T12:22:29.144+0000] {processor.py:836} INFO - DAG(s) dict_keys(['example_weekday_branch_operator']) retrieved from /home/airflow/.local/lib/python3.7/site-packages/airflow/example_dags/example_branch_day_of_week_operator.py
[2023-08-05T12:22:29.166+0000] {logging_mixin.py:149} INFO - [2023-08-05T12:22:29.166+0000] {dag.py:2726} INFO - Sync 1 DAGs
[2023-08-05T12:22:29.185+0000] {logging_mixin.py:149} INFO - [2023-08-05T12:22:29.185+0000] {dag.py:3490} INFO - Setting next_dagrun for example_weekday_branch_operator to 2023-08-04T00:00:00+00:00, run_after=2023-08-05T00:00:00+00:00
[2023-08-05T12:22:29.197+0000] {processor.py:179} INFO - Processing /home/airflow/.local/lib/python3.7/site-packages/airflow/example_dags/example_branch_day_of_week_operator.py took 0.063 seconds
[2023-08-05T15:35:43.698+0000] {processor.py:157} INFO - Started process (PID=28347) to work on /home/airflow/.local/lib/python3.7/site-packages/airflow/example_dags/example_branch_day_of_week_operator.py
[2023-08-05T15:35:43.699+0000] {processor.py:826} INFO - Processing file /home/airflow/.local/lib/python3.7/site-packages/airflow/example_dags/example_branch_day_of_week_operator.py for tasks to queue
[2023-08-05T15:35:43.700+0000] {logging_mixin.py:149} INFO - [2023-08-05T15:35:43.700+0000] {dagbag.py:541} INFO - Filling up the DagBag from /home/airflow/.local/lib/python3.7/site-packages/airflow/example_dags/example_branch_day_of_week_operator.py
[2023-08-05T15:35:43.708+0000] {processor.py:836} INFO - DAG(s) dict_keys(['example_weekday_branch_operator']) retrieved from /home/airflow/.local/lib/python3.7/site-packages/airflow/example_dags/example_branch_day_of_week_operator.py
[2023-08-05T15:35:43.729+0000] {logging_mixin.py:149} INFO - [2023-08-05T15:35:43.729+0000] {dag.py:2726} INFO - Sync 1 DAGs
[2023-08-05T15:35:43.749+0000] {logging_mixin.py:149} INFO - [2023-08-05T15:35:43.749+0000] {dag.py:3490} INFO - Setting next_dagrun for example_weekday_branch_operator to 2023-08-04T00:00:00+00:00, run_after=2023-08-05T00:00:00+00:00
[2023-08-05T15:35:43.761+0000] {processor.py:179} INFO - Processing /home/airflow/.local/lib/python3.7/site-packages/airflow/example_dags/example_branch_day_of_week_operator.py took 0.066 seconds
[2023-08-05T16:27:06.369+0000] {processor.py:157} INFO - Started process (PID=28413) to work on /home/airflow/.local/lib/python3.7/site-packages/airflow/example_dags/example_branch_day_of_week_operator.py
[2023-08-05T16:27:06.370+0000] {processor.py:826} INFO - Processing file /home/airflow/.local/lib/python3.7/site-packages/airflow/example_dags/example_branch_day_of_week_operator.py for tasks to queue
[2023-08-05T16:27:06.371+0000] {logging_mixin.py:149} INFO - [2023-08-05T16:27:06.371+0000] {dagbag.py:541} INFO - Filling up the DagBag from /home/airflow/.local/lib/python3.7/site-packages/airflow/example_dags/example_branch_day_of_week_operator.py
[2023-08-05T16:27:06.377+0000] {processor.py:836} INFO - DAG(s) dict_keys(['example_weekday_branch_operator']) retrieved from /home/airflow/.local/lib/python3.7/site-packages/airflow/example_dags/example_branch_day_of_week_operator.py
[2023-08-05T16:27:06.400+0000] {logging_mixin.py:149} INFO - [2023-08-05T16:27:06.399+0000] {dag.py:2726} INFO - Sync 1 DAGs
[2023-08-05T16:27:06.417+0000] {logging_mixin.py:149} INFO - [2023-08-05T16:27:06.417+0000] {dag.py:3490} INFO - Setting next_dagrun for example_weekday_branch_operator to 2023-08-04T00:00:00+00:00, run_after=2023-08-05T00:00:00+00:00
[2023-08-05T16:27:06.430+0000] {processor.py:179} INFO - Processing /home/airflow/.local/lib/python3.7/site-packages/airflow/example_dags/example_branch_day_of_week_operator.py took 0.065 seconds
[2023-08-05T20:04:31.559+0000] {processor.py:157} INFO - Started process (PID=28479) to work on /home/airflow/.local/lib/python3.7/site-packages/airflow/example_dags/example_branch_day_of_week_operator.py
[2023-08-05T20:04:31.560+0000] {processor.py:826} INFO - Processing file /home/airflow/.local/lib/python3.7/site-packages/airflow/example_dags/example_branch_day_of_week_operator.py for tasks to queue
[2023-08-05T20:04:31.561+0000] {logging_mixin.py:149} INFO - [2023-08-05T20:04:31.560+0000] {dagbag.py:541} INFO - Filling up the DagBag from /home/airflow/.local/lib/python3.7/site-packages/airflow/example_dags/example_branch_day_of_week_operator.py
[2023-08-05T20:04:31.567+0000] {processor.py:836} INFO - DAG(s) dict_keys(['example_weekday_branch_operator']) retrieved from /home/airflow/.local/lib/python3.7/site-packages/airflow/example_dags/example_branch_day_of_week_operator.py
[2023-08-05T20:04:31.589+0000] {logging_mixin.py:149} INFO - [2023-08-05T20:04:31.589+0000] {dag.py:2726} INFO - Sync 1 DAGs
[2023-08-05T20:04:31.607+0000] {logging_mixin.py:149} INFO - [2023-08-05T20:04:31.607+0000] {dag.py:3490} INFO - Setting next_dagrun for example_weekday_branch_operator to 2023-08-04T00:00:00+00:00, run_after=2023-08-05T00:00:00+00:00
[2023-08-05T20:04:31.622+0000] {processor.py:179} INFO - Processing /home/airflow/.local/lib/python3.7/site-packages/airflow/example_dags/example_branch_day_of_week_operator.py took 0.066 seconds
[2023-08-05T21:06:28.085+0000] {processor.py:157} INFO - Started process (PID=28545) to work on /home/airflow/.local/lib/python3.7/site-packages/airflow/example_dags/example_branch_day_of_week_operator.py
[2023-08-05T21:06:28.086+0000] {processor.py:826} INFO - Processing file /home/airflow/.local/lib/python3.7/site-packages/airflow/example_dags/example_branch_day_of_week_operator.py for tasks to queue
[2023-08-05T21:06:28.087+0000] {logging_mixin.py:149} INFO - [2023-08-05T21:06:28.087+0000] {dagbag.py:541} INFO - Filling up the DagBag from /home/airflow/.local/lib/python3.7/site-packages/airflow/example_dags/example_branch_day_of_week_operator.py
[2023-08-05T21:06:28.092+0000] {processor.py:836} INFO - DAG(s) dict_keys(['example_weekday_branch_operator']) retrieved from /home/airflow/.local/lib/python3.7/site-packages/airflow/example_dags/example_branch_day_of_week_operator.py
[2023-08-05T21:06:28.115+0000] {logging_mixin.py:149} INFO - [2023-08-05T21:06:28.115+0000] {dag.py:2726} INFO - Sync 1 DAGs
[2023-08-05T21:06:28.132+0000] {logging_mixin.py:149} INFO - [2023-08-05T21:06:28.132+0000] {dag.py:3490} INFO - Setting next_dagrun for example_weekday_branch_operator to 2023-08-04T00:00:00+00:00, run_after=2023-08-05T00:00:00+00:00
[2023-08-05T21:06:28.143+0000] {processor.py:179} INFO - Processing /home/airflow/.local/lib/python3.7/site-packages/airflow/example_dags/example_branch_day_of_week_operator.py took 0.061 seconds
[2023-08-05T23:48:51.992+0000] {processor.py:157} INFO - Started process (PID=28612) to work on /home/airflow/.local/lib/python3.7/site-packages/airflow/example_dags/example_branch_day_of_week_operator.py
[2023-08-05T23:48:51.994+0000] {processor.py:826} INFO - Processing file /home/airflow/.local/lib/python3.7/site-packages/airflow/example_dags/example_branch_day_of_week_operator.py for tasks to queue
[2023-08-05T23:48:51.994+0000] {logging_mixin.py:149} INFO - [2023-08-05T23:48:51.994+0000] {dagbag.py:541} INFO - Filling up the DagBag from /home/airflow/.local/lib/python3.7/site-packages/airflow/example_dags/example_branch_day_of_week_operator.py
[2023-08-05T23:48:52.002+0000] {processor.py:836} INFO - DAG(s) dict_keys(['example_weekday_branch_operator']) retrieved from /home/airflow/.local/lib/python3.7/site-packages/airflow/example_dags/example_branch_day_of_week_operator.py
[2023-08-05T23:48:52.021+0000] {logging_mixin.py:149} INFO - [2023-08-05T23:48:52.021+0000] {dag.py:2726} INFO - Sync 1 DAGs
[2023-08-05T23:48:52.041+0000] {logging_mixin.py:149} INFO - [2023-08-05T23:48:52.041+0000] {dag.py:3490} INFO - Setting next_dagrun for example_weekday_branch_operator to 2023-08-04T00:00:00+00:00, run_after=2023-08-05T00:00:00+00:00
[2023-08-05T23:48:52.054+0000] {processor.py:179} INFO - Processing /home/airflow/.local/lib/python3.7/site-packages/airflow/example_dags/example_branch_day_of_week_operator.py took 0.065 seconds
