[2023-08-05T01:49:13.015+0000] {processor.py:157} INFO - Started process (PID=28010) to work on /home/airflow/.local/lib/python3.7/site-packages/airflow/example_dags/example_python_operator.py
[2023-08-05T01:49:13.016+0000] {processor.py:826} INFO - Processing file /home/airflow/.local/lib/python3.7/site-packages/airflow/example_dags/example_python_operator.py for tasks to queue
[2023-08-05T01:49:13.017+0000] {logging_mixin.py:149} INFO - [2023-08-05T01:49:13.017+0000] {dagbag.py:541} INFO - Filling up the DagBag from /home/airflow/.local/lib/python3.7/site-packages/airflow/example_dags/example_python_operator.py
[2023-08-05T01:49:13.024+0000] {logging_mixin.py:149} INFO - [2023-08-05T01:49:13.023+0000] {taskmixin.py:211} WARNING - Dependency <Task(_PythonDecoratedOperator): print_the_context>, log_sql_query already registered for DAG: example_python_operator
[2023-08-05T01:49:13.024+0000] {logging_mixin.py:149} INFO - [2023-08-05T01:49:13.024+0000] {taskmixin.py:211} WARNING - Dependency <Task(_PythonDecoratedOperator): log_sql_query>, print_the_context already registered for DAG: example_python_operator
[2023-08-05T01:49:13.025+0000] {logging_mixin.py:149} INFO - [2023-08-05T01:49:13.025+0000] {taskmixin.py:211} WARNING - Dependency <Task(_PythonDecoratedOperator): print_the_context>, log_sql_query already registered for DAG: example_python_operator
[2023-08-05T01:49:13.026+0000] {logging_mixin.py:149} INFO - [2023-08-05T01:49:13.026+0000] {taskmixin.py:211} WARNING - Dependency <Task(_PythonDecoratedOperator): log_sql_query>, print_the_context already registered for DAG: example_python_operator
[2023-08-05T01:49:13.027+0000] {logging_mixin.py:149} INFO - [2023-08-05T01:49:13.027+0000] {taskmixin.py:211} WARNING - Dependency <Task(_PythonDecoratedOperator): print_the_context>, log_sql_query already registered for DAG: example_python_operator
[2023-08-05T01:49:13.027+0000] {logging_mixin.py:149} INFO - [2023-08-05T01:49:13.027+0000] {taskmixin.py:211} WARNING - Dependency <Task(_PythonDecoratedOperator): log_sql_query>, print_the_context already registered for DAG: example_python_operator
[2023-08-05T01:49:13.029+0000] {logging_mixin.py:149} INFO - [2023-08-05T01:49:13.029+0000] {taskmixin.py:211} WARNING - Dependency <Task(_PythonDecoratedOperator): print_the_context>, log_sql_query already registered for DAG: example_python_operator
[2023-08-05T01:49:13.029+0000] {logging_mixin.py:149} INFO - [2023-08-05T01:49:13.029+0000] {taskmixin.py:211} WARNING - Dependency <Task(_PythonDecoratedOperator): log_sql_query>, print_the_context already registered for DAG: example_python_operator
[2023-08-05T01:49:13.031+0000] {processor.py:836} INFO - DAG(s) dict_keys(['example_python_operator']) retrieved from /home/airflow/.local/lib/python3.7/site-packages/airflow/example_dags/example_python_operator.py
[2023-08-05T01:49:13.060+0000] {logging_mixin.py:149} INFO - [2023-08-05T01:49:13.059+0000] {dag.py:2726} INFO - Sync 1 DAGs
[2023-08-05T01:49:13.084+0000] {logging_mixin.py:149} INFO - [2023-08-05T01:49:13.084+0000] {dag.py:3490} INFO - Setting next_dagrun for example_python_operator to None, run_after=None
[2023-08-05T01:49:13.105+0000] {processor.py:179} INFO - Processing /home/airflow/.local/lib/python3.7/site-packages/airflow/example_dags/example_python_operator.py took 0.093 seconds
[2023-08-05T05:20:47.062+0000] {processor.py:157} INFO - Started process (PID=28076) to work on /home/airflow/.local/lib/python3.7/site-packages/airflow/example_dags/example_python_operator.py
[2023-08-05T05:20:47.064+0000] {processor.py:826} INFO - Processing file /home/airflow/.local/lib/python3.7/site-packages/airflow/example_dags/example_python_operator.py for tasks to queue
[2023-08-05T05:20:47.064+0000] {logging_mixin.py:149} INFO - [2023-08-05T05:20:47.064+0000] {dagbag.py:541} INFO - Filling up the DagBag from /home/airflow/.local/lib/python3.7/site-packages/airflow/example_dags/example_python_operator.py
[2023-08-05T05:20:47.070+0000] {logging_mixin.py:149} INFO - [2023-08-05T05:20:47.070+0000] {taskmixin.py:211} WARNING - Dependency <Task(_PythonDecoratedOperator): print_the_context>, log_sql_query already registered for DAG: example_python_operator
[2023-08-05T05:20:47.075+0000] {logging_mixin.py:149} INFO - [2023-08-05T05:20:47.075+0000] {taskmixin.py:211} WARNING - Dependency <Task(_PythonDecoratedOperator): log_sql_query>, print_the_context already registered for DAG: example_python_operator
[2023-08-05T05:20:47.076+0000] {logging_mixin.py:149} INFO - [2023-08-05T05:20:47.076+0000] {taskmixin.py:211} WARNING - Dependency <Task(_PythonDecoratedOperator): print_the_context>, log_sql_query already registered for DAG: example_python_operator
[2023-08-05T05:20:47.076+0000] {logging_mixin.py:149} INFO - [2023-08-05T05:20:47.076+0000] {taskmixin.py:211} WARNING - Dependency <Task(_PythonDecoratedOperator): log_sql_query>, print_the_context already registered for DAG: example_python_operator
[2023-08-05T05:20:47.077+0000] {logging_mixin.py:149} INFO - [2023-08-05T05:20:47.077+0000] {taskmixin.py:211} WARNING - Dependency <Task(_PythonDecoratedOperator): print_the_context>, log_sql_query already registered for DAG: example_python_operator
[2023-08-05T05:20:47.083+0000] {logging_mixin.py:149} INFO - [2023-08-05T05:20:47.083+0000] {taskmixin.py:211} WARNING - Dependency <Task(_PythonDecoratedOperator): log_sql_query>, print_the_context already registered for DAG: example_python_operator
[2023-08-05T05:20:47.099+0000] {logging_mixin.py:149} INFO - [2023-08-05T05:20:47.099+0000] {taskmixin.py:211} WARNING - Dependency <Task(_PythonDecoratedOperator): print_the_context>, log_sql_query already registered for DAG: example_python_operator
[2023-08-05T05:20:47.099+0000] {logging_mixin.py:149} INFO - [2023-08-05T05:20:47.099+0000] {taskmixin.py:211} WARNING - Dependency <Task(_PythonDecoratedOperator): log_sql_query>, print_the_context already registered for DAG: example_python_operator
[2023-08-05T05:20:47.101+0000] {processor.py:836} INFO - DAG(s) dict_keys(['example_python_operator']) retrieved from /home/airflow/.local/lib/python3.7/site-packages/airflow/example_dags/example_python_operator.py
[2023-08-05T05:20:47.122+0000] {logging_mixin.py:149} INFO - [2023-08-05T05:20:47.122+0000] {dag.py:2726} INFO - Sync 1 DAGs
[2023-08-05T05:20:47.138+0000] {logging_mixin.py:149} INFO - [2023-08-05T05:20:47.138+0000] {dag.py:3490} INFO - Setting next_dagrun for example_python_operator to None, run_after=None
[2023-08-05T05:20:47.150+0000] {processor.py:179} INFO - Processing /home/airflow/.local/lib/python3.7/site-packages/airflow/example_dags/example_python_operator.py took 0.090 seconds
[2023-08-05T08:34:29.535+0000] {processor.py:157} INFO - Started process (PID=28142) to work on /home/airflow/.local/lib/python3.7/site-packages/airflow/example_dags/example_python_operator.py
[2023-08-05T08:34:29.540+0000] {processor.py:826} INFO - Processing file /home/airflow/.local/lib/python3.7/site-packages/airflow/example_dags/example_python_operator.py for tasks to queue
[2023-08-05T08:34:29.550+0000] {logging_mixin.py:149} INFO - [2023-08-05T08:34:29.550+0000] {dagbag.py:541} INFO - Filling up the DagBag from /home/airflow/.local/lib/python3.7/site-packages/airflow/example_dags/example_python_operator.py
[2023-08-05T08:34:29.564+0000] {logging_mixin.py:149} INFO - [2023-08-05T08:34:29.564+0000] {taskmixin.py:211} WARNING - Dependency <Task(_PythonDecoratedOperator): print_the_context>, log_sql_query already registered for DAG: example_python_operator
[2023-08-05T08:34:29.564+0000] {logging_mixin.py:149} INFO - [2023-08-05T08:34:29.564+0000] {taskmixin.py:211} WARNING - Dependency <Task(_PythonDecoratedOperator): log_sql_query>, print_the_context already registered for DAG: example_python_operator
[2023-08-05T08:34:29.565+0000] {logging_mixin.py:149} INFO - [2023-08-05T08:34:29.565+0000] {taskmixin.py:211} WARNING - Dependency <Task(_PythonDecoratedOperator): print_the_context>, log_sql_query already registered for DAG: example_python_operator
[2023-08-05T08:34:29.565+0000] {logging_mixin.py:149} INFO - [2023-08-05T08:34:29.565+0000] {taskmixin.py:211} WARNING - Dependency <Task(_PythonDecoratedOperator): log_sql_query>, print_the_context already registered for DAG: example_python_operator
[2023-08-05T08:34:29.566+0000] {logging_mixin.py:149} INFO - [2023-08-05T08:34:29.566+0000] {taskmixin.py:211} WARNING - Dependency <Task(_PythonDecoratedOperator): print_the_context>, log_sql_query already registered for DAG: example_python_operator
[2023-08-05T08:34:29.566+0000] {logging_mixin.py:149} INFO - [2023-08-05T08:34:29.566+0000] {taskmixin.py:211} WARNING - Dependency <Task(_PythonDecoratedOperator): log_sql_query>, print_the_context already registered for DAG: example_python_operator
[2023-08-05T08:34:29.567+0000] {logging_mixin.py:149} INFO - [2023-08-05T08:34:29.567+0000] {taskmixin.py:211} WARNING - Dependency <Task(_PythonDecoratedOperator): print_the_context>, log_sql_query already registered for DAG: example_python_operator
[2023-08-05T08:34:29.567+0000] {logging_mixin.py:149} INFO - [2023-08-05T08:34:29.567+0000] {taskmixin.py:211} WARNING - Dependency <Task(_PythonDecoratedOperator): log_sql_query>, print_the_context already registered for DAG: example_python_operator
[2023-08-05T08:34:29.569+0000] {processor.py:836} INFO - DAG(s) dict_keys(['example_python_operator']) retrieved from /home/airflow/.local/lib/python3.7/site-packages/airflow/example_dags/example_python_operator.py
[2023-08-05T08:34:29.589+0000] {logging_mixin.py:149} INFO - [2023-08-05T08:34:29.589+0000] {dag.py:2726} INFO - Sync 1 DAGs
[2023-08-05T08:34:29.608+0000] {logging_mixin.py:149} INFO - [2023-08-05T08:34:29.608+0000] {dag.py:3490} INFO - Setting next_dagrun for example_python_operator to None, run_after=None
[2023-08-05T08:34:29.620+0000] {processor.py:179} INFO - Processing /home/airflow/.local/lib/python3.7/site-packages/airflow/example_dags/example_python_operator.py took 0.089 seconds
[2023-08-05T09:11:45.948+0000] {processor.py:157} INFO - Started process (PID=28209) to work on /home/airflow/.local/lib/python3.7/site-packages/airflow/example_dags/example_python_operator.py
[2023-08-05T09:11:45.950+0000] {processor.py:826} INFO - Processing file /home/airflow/.local/lib/python3.7/site-packages/airflow/example_dags/example_python_operator.py for tasks to queue
[2023-08-05T09:11:45.951+0000] {logging_mixin.py:149} INFO - [2023-08-05T09:11:45.951+0000] {dagbag.py:541} INFO - Filling up the DagBag from /home/airflow/.local/lib/python3.7/site-packages/airflow/example_dags/example_python_operator.py
[2023-08-05T09:11:45.957+0000] {logging_mixin.py:149} INFO - [2023-08-05T09:11:45.957+0000] {taskmixin.py:211} WARNING - Dependency <Task(_PythonDecoratedOperator): print_the_context>, log_sql_query already registered for DAG: example_python_operator
[2023-08-05T09:11:45.958+0000] {logging_mixin.py:149} INFO - [2023-08-05T09:11:45.958+0000] {taskmixin.py:211} WARNING - Dependency <Task(_PythonDecoratedOperator): log_sql_query>, print_the_context already registered for DAG: example_python_operator
[2023-08-05T09:11:45.959+0000] {logging_mixin.py:149} INFO - [2023-08-05T09:11:45.959+0000] {taskmixin.py:211} WARNING - Dependency <Task(_PythonDecoratedOperator): print_the_context>, log_sql_query already registered for DAG: example_python_operator
[2023-08-05T09:11:45.959+0000] {logging_mixin.py:149} INFO - [2023-08-05T09:11:45.959+0000] {taskmixin.py:211} WARNING - Dependency <Task(_PythonDecoratedOperator): log_sql_query>, print_the_context already registered for DAG: example_python_operator
[2023-08-05T09:11:45.960+0000] {logging_mixin.py:149} INFO - [2023-08-05T09:11:45.960+0000] {taskmixin.py:211} WARNING - Dependency <Task(_PythonDecoratedOperator): print_the_context>, log_sql_query already registered for DAG: example_python_operator
[2023-08-05T09:11:45.960+0000] {logging_mixin.py:149} INFO - [2023-08-05T09:11:45.960+0000] {taskmixin.py:211} WARNING - Dependency <Task(_PythonDecoratedOperator): log_sql_query>, print_the_context already registered for DAG: example_python_operator
[2023-08-05T09:11:45.961+0000] {logging_mixin.py:149} INFO - [2023-08-05T09:11:45.961+0000] {taskmixin.py:211} WARNING - Dependency <Task(_PythonDecoratedOperator): print_the_context>, log_sql_query already registered for DAG: example_python_operator
[2023-08-05T09:11:45.962+0000] {logging_mixin.py:149} INFO - [2023-08-05T09:11:45.962+0000] {taskmixin.py:211} WARNING - Dependency <Task(_PythonDecoratedOperator): log_sql_query>, print_the_context already registered for DAG: example_python_operator
[2023-08-05T09:11:45.964+0000] {processor.py:836} INFO - DAG(s) dict_keys(['example_python_operator']) retrieved from /home/airflow/.local/lib/python3.7/site-packages/airflow/example_dags/example_python_operator.py
[2023-08-05T09:11:45.987+0000] {logging_mixin.py:149} INFO - [2023-08-05T09:11:45.986+0000] {dag.py:2726} INFO - Sync 1 DAGs
[2023-08-05T09:11:46.005+0000] {logging_mixin.py:149} INFO - [2023-08-05T09:11:46.005+0000] {dag.py:3490} INFO - Setting next_dagrun for example_python_operator to None, run_after=None
[2023-08-05T09:11:46.016+0000] {processor.py:179} INFO - Processing /home/airflow/.local/lib/python3.7/site-packages/airflow/example_dags/example_python_operator.py took 0.071 seconds
[2023-08-05T12:22:28.903+0000] {processor.py:157} INFO - Started process (PID=28275) to work on /home/airflow/.local/lib/python3.7/site-packages/airflow/example_dags/example_python_operator.py
[2023-08-05T12:22:28.904+0000] {processor.py:826} INFO - Processing file /home/airflow/.local/lib/python3.7/site-packages/airflow/example_dags/example_python_operator.py for tasks to queue
[2023-08-05T12:22:28.905+0000] {logging_mixin.py:149} INFO - [2023-08-05T12:22:28.905+0000] {dagbag.py:541} INFO - Filling up the DagBag from /home/airflow/.local/lib/python3.7/site-packages/airflow/example_dags/example_python_operator.py
[2023-08-05T12:22:28.911+0000] {logging_mixin.py:149} INFO - [2023-08-05T12:22:28.911+0000] {taskmixin.py:211} WARNING - Dependency <Task(_PythonDecoratedOperator): print_the_context>, log_sql_query already registered for DAG: example_python_operator
[2023-08-05T12:22:28.911+0000] {logging_mixin.py:149} INFO - [2023-08-05T12:22:28.911+0000] {taskmixin.py:211} WARNING - Dependency <Task(_PythonDecoratedOperator): log_sql_query>, print_the_context already registered for DAG: example_python_operator
[2023-08-05T12:22:28.912+0000] {logging_mixin.py:149} INFO - [2023-08-05T12:22:28.912+0000] {taskmixin.py:211} WARNING - Dependency <Task(_PythonDecoratedOperator): print_the_context>, log_sql_query already registered for DAG: example_python_operator
[2023-08-05T12:22:28.912+0000] {logging_mixin.py:149} INFO - [2023-08-05T12:22:28.912+0000] {taskmixin.py:211} WARNING - Dependency <Task(_PythonDecoratedOperator): log_sql_query>, print_the_context already registered for DAG: example_python_operator
[2023-08-05T12:22:28.913+0000] {logging_mixin.py:149} INFO - [2023-08-05T12:22:28.913+0000] {taskmixin.py:211} WARNING - Dependency <Task(_PythonDecoratedOperator): print_the_context>, log_sql_query already registered for DAG: example_python_operator
[2023-08-05T12:22:28.913+0000] {logging_mixin.py:149} INFO - [2023-08-05T12:22:28.913+0000] {taskmixin.py:211} WARNING - Dependency <Task(_PythonDecoratedOperator): log_sql_query>, print_the_context already registered for DAG: example_python_operator
[2023-08-05T12:22:28.914+0000] {logging_mixin.py:149} INFO - [2023-08-05T12:22:28.913+0000] {taskmixin.py:211} WARNING - Dependency <Task(_PythonDecoratedOperator): print_the_context>, log_sql_query already registered for DAG: example_python_operator
[2023-08-05T12:22:28.914+0000] {logging_mixin.py:149} INFO - [2023-08-05T12:22:28.914+0000] {taskmixin.py:211} WARNING - Dependency <Task(_PythonDecoratedOperator): log_sql_query>, print_the_context already registered for DAG: example_python_operator
[2023-08-05T12:22:28.916+0000] {processor.py:836} INFO - DAG(s) dict_keys(['example_python_operator']) retrieved from /home/airflow/.local/lib/python3.7/site-packages/airflow/example_dags/example_python_operator.py
[2023-08-05T12:22:28.939+0000] {logging_mixin.py:149} INFO - [2023-08-05T12:22:28.939+0000] {dag.py:2726} INFO - Sync 1 DAGs
[2023-08-05T12:22:28.957+0000] {logging_mixin.py:149} INFO - [2023-08-05T12:22:28.956+0000] {dag.py:3490} INFO - Setting next_dagrun for example_python_operator to None, run_after=None
[2023-08-05T12:22:28.969+0000] {processor.py:179} INFO - Processing /home/airflow/.local/lib/python3.7/site-packages/airflow/example_dags/example_python_operator.py took 0.069 seconds
[2023-08-05T15:35:43.366+0000] {processor.py:157} INFO - Started process (PID=28341) to work on /home/airflow/.local/lib/python3.7/site-packages/airflow/example_dags/example_python_operator.py
[2023-08-05T15:35:43.368+0000] {processor.py:826} INFO - Processing file /home/airflow/.local/lib/python3.7/site-packages/airflow/example_dags/example_python_operator.py for tasks to queue
[2023-08-05T15:35:43.369+0000] {logging_mixin.py:149} INFO - [2023-08-05T15:35:43.369+0000] {dagbag.py:541} INFO - Filling up the DagBag from /home/airflow/.local/lib/python3.7/site-packages/airflow/example_dags/example_python_operator.py
[2023-08-05T15:35:43.375+0000] {logging_mixin.py:149} INFO - [2023-08-05T15:35:43.375+0000] {taskmixin.py:211} WARNING - Dependency <Task(_PythonDecoratedOperator): print_the_context>, log_sql_query already registered for DAG: example_python_operator
[2023-08-05T15:35:43.375+0000] {logging_mixin.py:149} INFO - [2023-08-05T15:35:43.375+0000] {taskmixin.py:211} WARNING - Dependency <Task(_PythonDecoratedOperator): log_sql_query>, print_the_context already registered for DAG: example_python_operator
[2023-08-05T15:35:43.376+0000] {logging_mixin.py:149} INFO - [2023-08-05T15:35:43.376+0000] {taskmixin.py:211} WARNING - Dependency <Task(_PythonDecoratedOperator): print_the_context>, log_sql_query already registered for DAG: example_python_operator
[2023-08-05T15:35:43.377+0000] {logging_mixin.py:149} INFO - [2023-08-05T15:35:43.377+0000] {taskmixin.py:211} WARNING - Dependency <Task(_PythonDecoratedOperator): log_sql_query>, print_the_context already registered for DAG: example_python_operator
[2023-08-05T15:35:43.377+0000] {logging_mixin.py:149} INFO - [2023-08-05T15:35:43.377+0000] {taskmixin.py:211} WARNING - Dependency <Task(_PythonDecoratedOperator): print_the_context>, log_sql_query already registered for DAG: example_python_operator
[2023-08-05T15:35:43.378+0000] {logging_mixin.py:149} INFO - [2023-08-05T15:35:43.378+0000] {taskmixin.py:211} WARNING - Dependency <Task(_PythonDecoratedOperator): log_sql_query>, print_the_context already registered for DAG: example_python_operator
[2023-08-05T15:35:43.378+0000] {logging_mixin.py:149} INFO - [2023-08-05T15:35:43.378+0000] {taskmixin.py:211} WARNING - Dependency <Task(_PythonDecoratedOperator): print_the_context>, log_sql_query already registered for DAG: example_python_operator
[2023-08-05T15:35:43.378+0000] {logging_mixin.py:149} INFO - [2023-08-05T15:35:43.378+0000] {taskmixin.py:211} WARNING - Dependency <Task(_PythonDecoratedOperator): log_sql_query>, print_the_context already registered for DAG: example_python_operator
[2023-08-05T15:35:43.380+0000] {processor.py:836} INFO - DAG(s) dict_keys(['example_python_operator']) retrieved from /home/airflow/.local/lib/python3.7/site-packages/airflow/example_dags/example_python_operator.py
[2023-08-05T15:35:43.402+0000] {logging_mixin.py:149} INFO - [2023-08-05T15:35:43.402+0000] {dag.py:2726} INFO - Sync 1 DAGs
[2023-08-05T15:35:43.429+0000] {logging_mixin.py:149} INFO - [2023-08-05T15:35:43.429+0000] {dag.py:3490} INFO - Setting next_dagrun for example_python_operator to None, run_after=None
[2023-08-05T15:35:43.441+0000] {processor.py:179} INFO - Processing /home/airflow/.local/lib/python3.7/site-packages/airflow/example_dags/example_python_operator.py took 0.083 seconds
[2023-08-05T16:27:06.040+0000] {processor.py:157} INFO - Started process (PID=28407) to work on /home/airflow/.local/lib/python3.7/site-packages/airflow/example_dags/example_python_operator.py
[2023-08-05T16:27:06.042+0000] {processor.py:826} INFO - Processing file /home/airflow/.local/lib/python3.7/site-packages/airflow/example_dags/example_python_operator.py for tasks to queue
[2023-08-05T16:27:06.043+0000] {logging_mixin.py:149} INFO - [2023-08-05T16:27:06.043+0000] {dagbag.py:541} INFO - Filling up the DagBag from /home/airflow/.local/lib/python3.7/site-packages/airflow/example_dags/example_python_operator.py
[2023-08-05T16:27:06.098+0000] {logging_mixin.py:149} INFO - [2023-08-05T16:27:06.098+0000] {taskmixin.py:211} WARNING - Dependency <Task(_PythonDecoratedOperator): print_the_context>, log_sql_query already registered for DAG: example_python_operator
[2023-08-05T16:27:06.102+0000] {logging_mixin.py:149} INFO - [2023-08-05T16:27:06.102+0000] {taskmixin.py:211} WARNING - Dependency <Task(_PythonDecoratedOperator): log_sql_query>, print_the_context already registered for DAG: example_python_operator
[2023-08-05T16:27:06.104+0000] {logging_mixin.py:149} INFO - [2023-08-05T16:27:06.104+0000] {taskmixin.py:211} WARNING - Dependency <Task(_PythonDecoratedOperator): print_the_context>, log_sql_query already registered for DAG: example_python_operator
[2023-08-05T16:27:06.105+0000] {logging_mixin.py:149} INFO - [2023-08-05T16:27:06.105+0000] {taskmixin.py:211} WARNING - Dependency <Task(_PythonDecoratedOperator): log_sql_query>, print_the_context already registered for DAG: example_python_operator
[2023-08-05T16:27:06.106+0000] {logging_mixin.py:149} INFO - [2023-08-05T16:27:06.106+0000] {taskmixin.py:211} WARNING - Dependency <Task(_PythonDecoratedOperator): print_the_context>, log_sql_query already registered for DAG: example_python_operator
[2023-08-05T16:27:06.106+0000] {logging_mixin.py:149} INFO - [2023-08-05T16:27:06.106+0000] {taskmixin.py:211} WARNING - Dependency <Task(_PythonDecoratedOperator): log_sql_query>, print_the_context already registered for DAG: example_python_operator
[2023-08-05T16:27:06.107+0000] {logging_mixin.py:149} INFO - [2023-08-05T16:27:06.107+0000] {taskmixin.py:211} WARNING - Dependency <Task(_PythonDecoratedOperator): print_the_context>, log_sql_query already registered for DAG: example_python_operator
[2023-08-05T16:27:06.107+0000] {logging_mixin.py:149} INFO - [2023-08-05T16:27:06.107+0000] {taskmixin.py:211} WARNING - Dependency <Task(_PythonDecoratedOperator): log_sql_query>, print_the_context already registered for DAG: example_python_operator
[2023-08-05T16:27:06.110+0000] {processor.py:836} INFO - DAG(s) dict_keys(['example_python_operator']) retrieved from /home/airflow/.local/lib/python3.7/site-packages/airflow/example_dags/example_python_operator.py
[2023-08-05T16:27:06.139+0000] {logging_mixin.py:149} INFO - [2023-08-05T16:27:06.139+0000] {dag.py:2726} INFO - Sync 1 DAGs
[2023-08-05T16:27:06.161+0000] {logging_mixin.py:149} INFO - [2023-08-05T16:27:06.161+0000] {dag.py:3490} INFO - Setting next_dagrun for example_python_operator to None, run_after=None
[2023-08-05T16:27:06.175+0000] {processor.py:179} INFO - Processing /home/airflow/.local/lib/python3.7/site-packages/airflow/example_dags/example_python_operator.py took 0.141 seconds
[2023-08-05T20:04:31.309+0000] {processor.py:157} INFO - Started process (PID=28473) to work on /home/airflow/.local/lib/python3.7/site-packages/airflow/example_dags/example_python_operator.py
[2023-08-05T20:04:31.310+0000] {processor.py:826} INFO - Processing file /home/airflow/.local/lib/python3.7/site-packages/airflow/example_dags/example_python_operator.py for tasks to queue
[2023-08-05T20:04:31.310+0000] {logging_mixin.py:149} INFO - [2023-08-05T20:04:31.310+0000] {dagbag.py:541} INFO - Filling up the DagBag from /home/airflow/.local/lib/python3.7/site-packages/airflow/example_dags/example_python_operator.py
[2023-08-05T20:04:31.321+0000] {logging_mixin.py:149} INFO - [2023-08-05T20:04:31.321+0000] {taskmixin.py:211} WARNING - Dependency <Task(_PythonDecoratedOperator): print_the_context>, log_sql_query already registered for DAG: example_python_operator
[2023-08-05T20:04:31.322+0000] {logging_mixin.py:149} INFO - [2023-08-05T20:04:31.322+0000] {taskmixin.py:211} WARNING - Dependency <Task(_PythonDecoratedOperator): log_sql_query>, print_the_context already registered for DAG: example_python_operator
[2023-08-05T20:04:31.323+0000] {logging_mixin.py:149} INFO - [2023-08-05T20:04:31.323+0000] {taskmixin.py:211} WARNING - Dependency <Task(_PythonDecoratedOperator): print_the_context>, log_sql_query already registered for DAG: example_python_operator
[2023-08-05T20:04:31.324+0000] {logging_mixin.py:149} INFO - [2023-08-05T20:04:31.323+0000] {taskmixin.py:211} WARNING - Dependency <Task(_PythonDecoratedOperator): log_sql_query>, print_the_context already registered for DAG: example_python_operator
[2023-08-05T20:04:31.324+0000] {logging_mixin.py:149} INFO - [2023-08-05T20:04:31.324+0000] {taskmixin.py:211} WARNING - Dependency <Task(_PythonDecoratedOperator): print_the_context>, log_sql_query already registered for DAG: example_python_operator
[2023-08-05T20:04:31.325+0000] {logging_mixin.py:149} INFO - [2023-08-05T20:04:31.325+0000] {taskmixin.py:211} WARNING - Dependency <Task(_PythonDecoratedOperator): log_sql_query>, print_the_context already registered for DAG: example_python_operator
[2023-08-05T20:04:31.325+0000] {logging_mixin.py:149} INFO - [2023-08-05T20:04:31.325+0000] {taskmixin.py:211} WARNING - Dependency <Task(_PythonDecoratedOperator): print_the_context>, log_sql_query already registered for DAG: example_python_operator
[2023-08-05T20:04:31.325+0000] {logging_mixin.py:149} INFO - [2023-08-05T20:04:31.325+0000] {taskmixin.py:211} WARNING - Dependency <Task(_PythonDecoratedOperator): log_sql_query>, print_the_context already registered for DAG: example_python_operator
[2023-08-05T20:04:31.328+0000] {processor.py:836} INFO - DAG(s) dict_keys(['example_python_operator']) retrieved from /home/airflow/.local/lib/python3.7/site-packages/airflow/example_dags/example_python_operator.py
[2023-08-05T20:04:31.353+0000] {logging_mixin.py:149} INFO - [2023-08-05T20:04:31.353+0000] {dag.py:2726} INFO - Sync 1 DAGs
[2023-08-05T20:04:31.372+0000] {logging_mixin.py:149} INFO - [2023-08-05T20:04:31.371+0000] {dag.py:3490} INFO - Setting next_dagrun for example_python_operator to None, run_after=None
[2023-08-05T20:04:31.388+0000] {processor.py:179} INFO - Processing /home/airflow/.local/lib/python3.7/site-packages/airflow/example_dags/example_python_operator.py took 0.086 seconds
[2023-08-05T21:06:27.843+0000] {processor.py:157} INFO - Started process (PID=28539) to work on /home/airflow/.local/lib/python3.7/site-packages/airflow/example_dags/example_python_operator.py
[2023-08-05T21:06:27.844+0000] {processor.py:826} INFO - Processing file /home/airflow/.local/lib/python3.7/site-packages/airflow/example_dags/example_python_operator.py for tasks to queue
[2023-08-05T21:06:27.845+0000] {logging_mixin.py:149} INFO - [2023-08-05T21:06:27.845+0000] {dagbag.py:541} INFO - Filling up the DagBag from /home/airflow/.local/lib/python3.7/site-packages/airflow/example_dags/example_python_operator.py
[2023-08-05T21:06:27.853+0000] {logging_mixin.py:149} INFO - [2023-08-05T21:06:27.853+0000] {taskmixin.py:211} WARNING - Dependency <Task(_PythonDecoratedOperator): print_the_context>, log_sql_query already registered for DAG: example_python_operator
[2023-08-05T21:06:27.854+0000] {logging_mixin.py:149} INFO - [2023-08-05T21:06:27.854+0000] {taskmixin.py:211} WARNING - Dependency <Task(_PythonDecoratedOperator): log_sql_query>, print_the_context already registered for DAG: example_python_operator
[2023-08-05T21:06:27.854+0000] {logging_mixin.py:149} INFO - [2023-08-05T21:06:27.854+0000] {taskmixin.py:211} WARNING - Dependency <Task(_PythonDecoratedOperator): print_the_context>, log_sql_query already registered for DAG: example_python_operator
[2023-08-05T21:06:27.855+0000] {logging_mixin.py:149} INFO - [2023-08-05T21:06:27.855+0000] {taskmixin.py:211} WARNING - Dependency <Task(_PythonDecoratedOperator): log_sql_query>, print_the_context already registered for DAG: example_python_operator
[2023-08-05T21:06:27.855+0000] {logging_mixin.py:149} INFO - [2023-08-05T21:06:27.855+0000] {taskmixin.py:211} WARNING - Dependency <Task(_PythonDecoratedOperator): print_the_context>, log_sql_query already registered for DAG: example_python_operator
[2023-08-05T21:06:27.856+0000] {logging_mixin.py:149} INFO - [2023-08-05T21:06:27.856+0000] {taskmixin.py:211} WARNING - Dependency <Task(_PythonDecoratedOperator): log_sql_query>, print_the_context already registered for DAG: example_python_operator
[2023-08-05T21:06:27.857+0000] {logging_mixin.py:149} INFO - [2023-08-05T21:06:27.857+0000] {taskmixin.py:211} WARNING - Dependency <Task(_PythonDecoratedOperator): print_the_context>, log_sql_query already registered for DAG: example_python_operator
[2023-08-05T21:06:27.857+0000] {logging_mixin.py:149} INFO - [2023-08-05T21:06:27.857+0000] {taskmixin.py:211} WARNING - Dependency <Task(_PythonDecoratedOperator): log_sql_query>, print_the_context already registered for DAG: example_python_operator
[2023-08-05T21:06:27.859+0000] {processor.py:836} INFO - DAG(s) dict_keys(['example_python_operator']) retrieved from /home/airflow/.local/lib/python3.7/site-packages/airflow/example_dags/example_python_operator.py
[2023-08-05T21:06:27.881+0000] {logging_mixin.py:149} INFO - [2023-08-05T21:06:27.881+0000] {dag.py:2726} INFO - Sync 1 DAGs
[2023-08-05T21:06:27.896+0000] {logging_mixin.py:149} INFO - [2023-08-05T21:06:27.896+0000] {dag.py:3490} INFO - Setting next_dagrun for example_python_operator to None, run_after=None
[2023-08-05T21:06:27.907+0000] {processor.py:179} INFO - Processing /home/airflow/.local/lib/python3.7/site-packages/airflow/example_dags/example_python_operator.py took 0.069 seconds
[2023-08-05T23:48:51.728+0000] {processor.py:157} INFO - Started process (PID=28606) to work on /home/airflow/.local/lib/python3.7/site-packages/airflow/example_dags/example_python_operator.py
[2023-08-05T23:48:51.729+0000] {processor.py:826} INFO - Processing file /home/airflow/.local/lib/python3.7/site-packages/airflow/example_dags/example_python_operator.py for tasks to queue
[2023-08-05T23:48:51.730+0000] {logging_mixin.py:149} INFO - [2023-08-05T23:48:51.730+0000] {dagbag.py:541} INFO - Filling up the DagBag from /home/airflow/.local/lib/python3.7/site-packages/airflow/example_dags/example_python_operator.py
[2023-08-05T23:48:51.736+0000] {logging_mixin.py:149} INFO - [2023-08-05T23:48:51.736+0000] {taskmixin.py:211} WARNING - Dependency <Task(_PythonDecoratedOperator): print_the_context>, log_sql_query already registered for DAG: example_python_operator
[2023-08-05T23:48:51.737+0000] {logging_mixin.py:149} INFO - [2023-08-05T23:48:51.737+0000] {taskmixin.py:211} WARNING - Dependency <Task(_PythonDecoratedOperator): log_sql_query>, print_the_context already registered for DAG: example_python_operator
[2023-08-05T23:48:51.738+0000] {logging_mixin.py:149} INFO - [2023-08-05T23:48:51.738+0000] {taskmixin.py:211} WARNING - Dependency <Task(_PythonDecoratedOperator): print_the_context>, log_sql_query already registered for DAG: example_python_operator
[2023-08-05T23:48:51.738+0000] {logging_mixin.py:149} INFO - [2023-08-05T23:48:51.738+0000] {taskmixin.py:211} WARNING - Dependency <Task(_PythonDecoratedOperator): log_sql_query>, print_the_context already registered for DAG: example_python_operator
[2023-08-05T23:48:51.739+0000] {logging_mixin.py:149} INFO - [2023-08-05T23:48:51.739+0000] {taskmixin.py:211} WARNING - Dependency <Task(_PythonDecoratedOperator): print_the_context>, log_sql_query already registered for DAG: example_python_operator
[2023-08-05T23:48:51.740+0000] {logging_mixin.py:149} INFO - [2023-08-05T23:48:51.739+0000] {taskmixin.py:211} WARNING - Dependency <Task(_PythonDecoratedOperator): log_sql_query>, print_the_context already registered for DAG: example_python_operator
[2023-08-05T23:48:51.740+0000] {logging_mixin.py:149} INFO - [2023-08-05T23:48:51.740+0000] {taskmixin.py:211} WARNING - Dependency <Task(_PythonDecoratedOperator): print_the_context>, log_sql_query already registered for DAG: example_python_operator
[2023-08-05T23:48:51.741+0000] {logging_mixin.py:149} INFO - [2023-08-05T23:48:51.741+0000] {taskmixin.py:211} WARNING - Dependency <Task(_PythonDecoratedOperator): log_sql_query>, print_the_context already registered for DAG: example_python_operator
[2023-08-05T23:48:51.743+0000] {processor.py:836} INFO - DAG(s) dict_keys(['example_python_operator']) retrieved from /home/airflow/.local/lib/python3.7/site-packages/airflow/example_dags/example_python_operator.py
[2023-08-05T23:48:51.770+0000] {logging_mixin.py:149} INFO - [2023-08-05T23:48:51.770+0000] {dag.py:2726} INFO - Sync 1 DAGs
[2023-08-05T23:48:51.787+0000] {logging_mixin.py:149} INFO - [2023-08-05T23:48:51.787+0000] {dag.py:3490} INFO - Setting next_dagrun for example_python_operator to None, run_after=None
[2023-08-05T23:48:51.799+0000] {processor.py:179} INFO - Processing /home/airflow/.local/lib/python3.7/site-packages/airflow/example_dags/example_python_operator.py took 0.074 seconds
