[2023-08-05T01:49:11.908+0000] {processor.py:157} INFO - Started process (PID=27991) to work on /home/airflow/.local/lib/python3.7/site-packages/airflow/example_dags/tutorial_dag.py
[2023-08-05T01:49:11.909+0000] {processor.py:826} INFO - Processing file /home/airflow/.local/lib/python3.7/site-packages/airflow/example_dags/tutorial_dag.py for tasks to queue
[2023-08-05T01:49:11.910+0000] {logging_mixin.py:149} INFO - [2023-08-05T01:49:11.910+0000] {dagbag.py:541} INFO - Filling up the DagBag from /home/airflow/.local/lib/python3.7/site-packages/airflow/example_dags/tutorial_dag.py
[2023-08-05T01:49:11.915+0000] {processor.py:836} INFO - DAG(s) dict_keys(['tutorial_dag']) retrieved from /home/airflow/.local/lib/python3.7/site-packages/airflow/example_dags/tutorial_dag.py
[2023-08-05T01:49:11.937+0000] {logging_mixin.py:149} INFO - [2023-08-05T01:49:11.937+0000] {dag.py:2726} INFO - Sync 1 DAGs
[2023-08-05T01:49:11.958+0000] {logging_mixin.py:149} INFO - [2023-08-05T01:49:11.958+0000] {dag.py:3490} INFO - Setting next_dagrun for tutorial_dag to None, run_after=None
[2023-08-05T01:49:11.970+0000] {processor.py:179} INFO - Processing /home/airflow/.local/lib/python3.7/site-packages/airflow/example_dags/tutorial_dag.py took 0.066 seconds
[2023-08-05T05:20:45.953+0000] {processor.py:157} INFO - Started process (PID=28057) to work on /home/airflow/.local/lib/python3.7/site-packages/airflow/example_dags/tutorial_dag.py
[2023-08-05T05:20:45.955+0000] {processor.py:826} INFO - Processing file /home/airflow/.local/lib/python3.7/site-packages/airflow/example_dags/tutorial_dag.py for tasks to queue
[2023-08-05T05:20:45.959+0000] {logging_mixin.py:149} INFO - [2023-08-05T05:20:45.959+0000] {dagbag.py:541} INFO - Filling up the DagBag from /home/airflow/.local/lib/python3.7/site-packages/airflow/example_dags/tutorial_dag.py
[2023-08-05T05:20:45.964+0000] {processor.py:836} INFO - DAG(s) dict_keys(['tutorial_dag']) retrieved from /home/airflow/.local/lib/python3.7/site-packages/airflow/example_dags/tutorial_dag.py
[2023-08-05T05:20:45.988+0000] {logging_mixin.py:149} INFO - [2023-08-05T05:20:45.988+0000] {dag.py:2726} INFO - Sync 1 DAGs
[2023-08-05T05:20:46.004+0000] {logging_mixin.py:149} INFO - [2023-08-05T05:20:46.004+0000] {dag.py:3490} INFO - Setting next_dagrun for tutorial_dag to None, run_after=None
[2023-08-05T05:20:46.017+0000] {processor.py:179} INFO - Processing /home/airflow/.local/lib/python3.7/site-packages/airflow/example_dags/tutorial_dag.py took 0.067 seconds
[2023-08-05T08:34:28.465+0000] {processor.py:157} INFO - Started process (PID=28123) to work on /home/airflow/.local/lib/python3.7/site-packages/airflow/example_dags/tutorial_dag.py
[2023-08-05T08:34:28.466+0000] {processor.py:826} INFO - Processing file /home/airflow/.local/lib/python3.7/site-packages/airflow/example_dags/tutorial_dag.py for tasks to queue
[2023-08-05T08:34:28.467+0000] {logging_mixin.py:149} INFO - [2023-08-05T08:34:28.467+0000] {dagbag.py:541} INFO - Filling up the DagBag from /home/airflow/.local/lib/python3.7/site-packages/airflow/example_dags/tutorial_dag.py
[2023-08-05T08:34:28.472+0000] {processor.py:836} INFO - DAG(s) dict_keys(['tutorial_dag']) retrieved from /home/airflow/.local/lib/python3.7/site-packages/airflow/example_dags/tutorial_dag.py
[2023-08-05T08:34:28.495+0000] {logging_mixin.py:149} INFO - [2023-08-05T08:34:28.495+0000] {dag.py:2726} INFO - Sync 1 DAGs
[2023-08-05T08:34:28.512+0000] {logging_mixin.py:149} INFO - [2023-08-05T08:34:28.512+0000] {dag.py:3490} INFO - Setting next_dagrun for tutorial_dag to None, run_after=None
[2023-08-05T08:34:28.524+0000] {processor.py:179} INFO - Processing /home/airflow/.local/lib/python3.7/site-packages/airflow/example_dags/tutorial_dag.py took 0.066 seconds
[2023-08-05T09:11:44.851+0000] {processor.py:157} INFO - Started process (PID=28190) to work on /home/airflow/.local/lib/python3.7/site-packages/airflow/example_dags/tutorial_dag.py
[2023-08-05T09:11:44.852+0000] {processor.py:826} INFO - Processing file /home/airflow/.local/lib/python3.7/site-packages/airflow/example_dags/tutorial_dag.py for tasks to queue
[2023-08-05T09:11:44.853+0000] {logging_mixin.py:149} INFO - [2023-08-05T09:11:44.853+0000] {dagbag.py:541} INFO - Filling up the DagBag from /home/airflow/.local/lib/python3.7/site-packages/airflow/example_dags/tutorial_dag.py
[2023-08-05T09:11:44.858+0000] {processor.py:836} INFO - DAG(s) dict_keys(['tutorial_dag']) retrieved from /home/airflow/.local/lib/python3.7/site-packages/airflow/example_dags/tutorial_dag.py
[2023-08-05T09:11:44.878+0000] {logging_mixin.py:149} INFO - [2023-08-05T09:11:44.878+0000] {dag.py:2726} INFO - Sync 1 DAGs
[2023-08-05T09:11:44.895+0000] {logging_mixin.py:149} INFO - [2023-08-05T09:11:44.895+0000] {dag.py:3490} INFO - Setting next_dagrun for tutorial_dag to None, run_after=None
[2023-08-05T09:11:44.906+0000] {processor.py:179} INFO - Processing /home/airflow/.local/lib/python3.7/site-packages/airflow/example_dags/tutorial_dag.py took 0.058 seconds
[2023-08-05T12:22:27.752+0000] {processor.py:157} INFO - Started process (PID=28256) to work on /home/airflow/.local/lib/python3.7/site-packages/airflow/example_dags/tutorial_dag.py
[2023-08-05T12:22:27.753+0000] {processor.py:826} INFO - Processing file /home/airflow/.local/lib/python3.7/site-packages/airflow/example_dags/tutorial_dag.py for tasks to queue
[2023-08-05T12:22:27.754+0000] {logging_mixin.py:149} INFO - [2023-08-05T12:22:27.753+0000] {dagbag.py:541} INFO - Filling up the DagBag from /home/airflow/.local/lib/python3.7/site-packages/airflow/example_dags/tutorial_dag.py
[2023-08-05T12:22:27.758+0000] {processor.py:836} INFO - DAG(s) dict_keys(['tutorial_dag']) retrieved from /home/airflow/.local/lib/python3.7/site-packages/airflow/example_dags/tutorial_dag.py
[2023-08-05T12:22:27.780+0000] {logging_mixin.py:149} INFO - [2023-08-05T12:22:27.779+0000] {dag.py:2726} INFO - Sync 1 DAGs
[2023-08-05T12:22:27.795+0000] {logging_mixin.py:149} INFO - [2023-08-05T12:22:27.795+0000] {dag.py:3490} INFO - Setting next_dagrun for tutorial_dag to None, run_after=None
[2023-08-05T12:22:27.806+0000] {processor.py:179} INFO - Processing /home/airflow/.local/lib/python3.7/site-packages/airflow/example_dags/tutorial_dag.py took 0.057 seconds
[2023-08-05T15:35:41.871+0000] {processor.py:157} INFO - Started process (PID=28322) to work on /home/airflow/.local/lib/python3.7/site-packages/airflow/example_dags/tutorial_dag.py
[2023-08-05T15:35:41.872+0000] {processor.py:826} INFO - Processing file /home/airflow/.local/lib/python3.7/site-packages/airflow/example_dags/tutorial_dag.py for tasks to queue
[2023-08-05T15:35:41.872+0000] {logging_mixin.py:149} INFO - [2023-08-05T15:35:41.872+0000] {dagbag.py:541} INFO - Filling up the DagBag from /home/airflow/.local/lib/python3.7/site-packages/airflow/example_dags/tutorial_dag.py
[2023-08-05T15:35:41.877+0000] {processor.py:836} INFO - DAG(s) dict_keys(['tutorial_dag']) retrieved from /home/airflow/.local/lib/python3.7/site-packages/airflow/example_dags/tutorial_dag.py
[2023-08-05T15:35:41.908+0000] {logging_mixin.py:149} INFO - [2023-08-05T15:35:41.907+0000] {dag.py:2726} INFO - Sync 1 DAGs
[2023-08-05T15:35:41.923+0000] {logging_mixin.py:149} INFO - [2023-08-05T15:35:41.923+0000] {dag.py:3490} INFO - Setting next_dagrun for tutorial_dag to None, run_after=None
[2023-08-05T15:35:41.935+0000] {processor.py:179} INFO - Processing /home/airflow/.local/lib/python3.7/site-packages/airflow/example_dags/tutorial_dag.py took 0.075 seconds
[2023-08-05T16:27:04.592+0000] {processor.py:157} INFO - Started process (PID=28388) to work on /home/airflow/.local/lib/python3.7/site-packages/airflow/example_dags/tutorial_dag.py
[2023-08-05T16:27:04.593+0000] {processor.py:826} INFO - Processing file /home/airflow/.local/lib/python3.7/site-packages/airflow/example_dags/tutorial_dag.py for tasks to queue
[2023-08-05T16:27:04.594+0000] {logging_mixin.py:149} INFO - [2023-08-05T16:27:04.594+0000] {dagbag.py:541} INFO - Filling up the DagBag from /home/airflow/.local/lib/python3.7/site-packages/airflow/example_dags/tutorial_dag.py
[2023-08-05T16:27:04.599+0000] {processor.py:836} INFO - DAG(s) dict_keys(['tutorial_dag']) retrieved from /home/airflow/.local/lib/python3.7/site-packages/airflow/example_dags/tutorial_dag.py
[2023-08-05T16:27:04.623+0000] {logging_mixin.py:149} INFO - [2023-08-05T16:27:04.623+0000] {dag.py:2726} INFO - Sync 1 DAGs
[2023-08-05T16:27:04.638+0000] {logging_mixin.py:149} INFO - [2023-08-05T16:27:04.638+0000] {dag.py:3490} INFO - Setting next_dagrun for tutorial_dag to None, run_after=None
[2023-08-05T16:27:04.650+0000] {processor.py:179} INFO - Processing /home/airflow/.local/lib/python3.7/site-packages/airflow/example_dags/tutorial_dag.py took 0.061 seconds
[2023-08-05T20:04:30.100+0000] {processor.py:157} INFO - Started process (PID=28454) to work on /home/airflow/.local/lib/python3.7/site-packages/airflow/example_dags/tutorial_dag.py
[2023-08-05T20:04:30.101+0000] {processor.py:826} INFO - Processing file /home/airflow/.local/lib/python3.7/site-packages/airflow/example_dags/tutorial_dag.py for tasks to queue
[2023-08-05T20:04:30.102+0000] {logging_mixin.py:149} INFO - [2023-08-05T20:04:30.102+0000] {dagbag.py:541} INFO - Filling up the DagBag from /home/airflow/.local/lib/python3.7/site-packages/airflow/example_dags/tutorial_dag.py
[2023-08-05T20:04:30.107+0000] {processor.py:836} INFO - DAG(s) dict_keys(['tutorial_dag']) retrieved from /home/airflow/.local/lib/python3.7/site-packages/airflow/example_dags/tutorial_dag.py
[2023-08-05T20:04:30.133+0000] {logging_mixin.py:149} INFO - [2023-08-05T20:04:30.133+0000] {dag.py:2726} INFO - Sync 1 DAGs
[2023-08-05T20:04:30.152+0000] {logging_mixin.py:149} INFO - [2023-08-05T20:04:30.152+0000] {dag.py:3490} INFO - Setting next_dagrun for tutorial_dag to None, run_after=None
[2023-08-05T20:04:30.219+0000] {processor.py:179} INFO - Processing /home/airflow/.local/lib/python3.7/site-packages/airflow/example_dags/tutorial_dag.py took 0.122 seconds
[2023-08-05T21:06:26.754+0000] {processor.py:157} INFO - Started process (PID=28520) to work on /home/airflow/.local/lib/python3.7/site-packages/airflow/example_dags/tutorial_dag.py
[2023-08-05T21:06:26.756+0000] {processor.py:826} INFO - Processing file /home/airflow/.local/lib/python3.7/site-packages/airflow/example_dags/tutorial_dag.py for tasks to queue
[2023-08-05T21:06:26.756+0000] {logging_mixin.py:149} INFO - [2023-08-05T21:06:26.756+0000] {dagbag.py:541} INFO - Filling up the DagBag from /home/airflow/.local/lib/python3.7/site-packages/airflow/example_dags/tutorial_dag.py
[2023-08-05T21:06:26.769+0000] {processor.py:836} INFO - DAG(s) dict_keys(['tutorial_dag']) retrieved from /home/airflow/.local/lib/python3.7/site-packages/airflow/example_dags/tutorial_dag.py
[2023-08-05T21:06:26.803+0000] {logging_mixin.py:149} INFO - [2023-08-05T21:06:26.803+0000] {dag.py:2726} INFO - Sync 1 DAGs
[2023-08-05T21:06:26.818+0000] {logging_mixin.py:149} INFO - [2023-08-05T21:06:26.818+0000] {dag.py:3490} INFO - Setting next_dagrun for tutorial_dag to None, run_after=None
[2023-08-05T21:06:26.832+0000] {processor.py:179} INFO - Processing /home/airflow/.local/lib/python3.7/site-packages/airflow/example_dags/tutorial_dag.py took 0.080 seconds
[2023-08-05T23:48:50.614+0000] {processor.py:157} INFO - Started process (PID=28587) to work on /home/airflow/.local/lib/python3.7/site-packages/airflow/example_dags/tutorial_dag.py
[2023-08-05T23:48:50.615+0000] {processor.py:826} INFO - Processing file /home/airflow/.local/lib/python3.7/site-packages/airflow/example_dags/tutorial_dag.py for tasks to queue
[2023-08-05T23:48:50.616+0000] {logging_mixin.py:149} INFO - [2023-08-05T23:48:50.616+0000] {dagbag.py:541} INFO - Filling up the DagBag from /home/airflow/.local/lib/python3.7/site-packages/airflow/example_dags/tutorial_dag.py
[2023-08-05T23:48:50.622+0000] {processor.py:836} INFO - DAG(s) dict_keys(['tutorial_dag']) retrieved from /home/airflow/.local/lib/python3.7/site-packages/airflow/example_dags/tutorial_dag.py
[2023-08-05T23:48:50.644+0000] {logging_mixin.py:149} INFO - [2023-08-05T23:48:50.644+0000] {dag.py:2726} INFO - Sync 1 DAGs
[2023-08-05T23:48:50.661+0000] {logging_mixin.py:149} INFO - [2023-08-05T23:48:50.661+0000] {dag.py:3490} INFO - Setting next_dagrun for tutorial_dag to None, run_after=None
[2023-08-05T23:48:50.674+0000] {processor.py:179} INFO - Processing /home/airflow/.local/lib/python3.7/site-packages/airflow/example_dags/tutorial_dag.py took 0.063 seconds
