[2023-08-03T02:37:39.307+0000] {processor.py:157} INFO - Started process (PID=10560) to work on /home/airflow/.local/lib/python3.7/site-packages/airflow/example_dags/example_params_ui_tutorial.py
[2023-08-03T02:37:39.309+0000] {processor.py:826} INFO - Processing file /home/airflow/.local/lib/python3.7/site-packages/airflow/example_dags/example_params_ui_tutorial.py for tasks to queue
[2023-08-03T02:37:39.309+0000] {logging_mixin.py:149} INFO - [2023-08-03T02:37:39.309+0000] {dagbag.py:541} INFO - Filling up the DagBag from /home/airflow/.local/lib/python3.7/site-packages/airflow/example_dags/example_params_ui_tutorial.py
[2023-08-03T02:37:39.351+0000] {processor.py:836} INFO - DAG(s) dict_keys(['example_params_ui_tutorial']) retrieved from /home/airflow/.local/lib/python3.7/site-packages/airflow/example_dags/example_params_ui_tutorial.py
[2023-08-03T02:37:39.409+0000] {logging_mixin.py:149} INFO - [2023-08-03T02:37:39.409+0000] {dag.py:2726} INFO - Sync 1 DAGs
[2023-08-03T02:37:39.423+0000] {logging_mixin.py:149} INFO - [2023-08-03T02:37:39.423+0000] {dag.py:3490} INFO - Setting next_dagrun for example_params_ui_tutorial to None, run_after=None
[2023-08-03T02:37:39.436+0000] {processor.py:179} INFO - Processing /home/airflow/.local/lib/python3.7/site-packages/airflow/example_dags/example_params_ui_tutorial.py took 0.131 seconds
[2023-08-03T06:43:44.668+0000] {processor.py:157} INFO - Started process (PID=10626) to work on /home/airflow/.local/lib/python3.7/site-packages/airflow/example_dags/example_params_ui_tutorial.py
[2023-08-03T06:43:44.669+0000] {processor.py:826} INFO - Processing file /home/airflow/.local/lib/python3.7/site-packages/airflow/example_dags/example_params_ui_tutorial.py for tasks to queue
[2023-08-03T06:43:44.670+0000] {logging_mixin.py:149} INFO - [2023-08-03T06:43:44.670+0000] {dagbag.py:541} INFO - Filling up the DagBag from /home/airflow/.local/lib/python3.7/site-packages/airflow/example_dags/example_params_ui_tutorial.py
[2023-08-03T06:43:44.694+0000] {processor.py:836} INFO - DAG(s) dict_keys(['example_params_ui_tutorial']) retrieved from /home/airflow/.local/lib/python3.7/site-packages/airflow/example_dags/example_params_ui_tutorial.py
[2023-08-03T06:43:44.733+0000] {logging_mixin.py:149} INFO - [2023-08-03T06:43:44.733+0000] {dag.py:2726} INFO - Sync 1 DAGs
[2023-08-03T06:43:44.749+0000] {logging_mixin.py:149} INFO - [2023-08-03T06:43:44.749+0000] {dag.py:3490} INFO - Setting next_dagrun for example_params_ui_tutorial to None, run_after=None
[2023-08-03T06:43:44.761+0000] {processor.py:179} INFO - Processing /home/airflow/.local/lib/python3.7/site-packages/airflow/example_dags/example_params_ui_tutorial.py took 0.096 seconds
[2023-08-03T06:45:51.974+0000] {processor.py:157} INFO - Started process (PID=10692) to work on /home/airflow/.local/lib/python3.7/site-packages/airflow/example_dags/example_params_ui_tutorial.py
[2023-08-03T06:45:51.979+0000] {processor.py:826} INFO - Processing file /home/airflow/.local/lib/python3.7/site-packages/airflow/example_dags/example_params_ui_tutorial.py for tasks to queue
[2023-08-03T06:45:51.979+0000] {logging_mixin.py:149} INFO - [2023-08-03T06:45:51.979+0000] {dagbag.py:541} INFO - Filling up the DagBag from /home/airflow/.local/lib/python3.7/site-packages/airflow/example_dags/example_params_ui_tutorial.py
[2023-08-03T06:45:52.035+0000] {processor.py:836} INFO - DAG(s) dict_keys(['example_params_ui_tutorial']) retrieved from /home/airflow/.local/lib/python3.7/site-packages/airflow/example_dags/example_params_ui_tutorial.py
[2023-08-03T06:45:52.109+0000] {logging_mixin.py:149} INFO - [2023-08-03T06:45:52.109+0000] {dag.py:2726} INFO - Sync 1 DAGs
[2023-08-03T06:45:52.153+0000] {logging_mixin.py:149} INFO - [2023-08-03T06:45:52.153+0000] {dag.py:3490} INFO - Setting next_dagrun for example_params_ui_tutorial to None, run_after=None
[2023-08-03T06:45:52.172+0000] {processor.py:179} INFO - Processing /home/airflow/.local/lib/python3.7/site-packages/airflow/example_dags/example_params_ui_tutorial.py took 0.204 seconds
[2023-08-03T07:10:34.245+0000] {processor.py:157} INFO - Started process (PID=10757) to work on /home/airflow/.local/lib/python3.7/site-packages/airflow/example_dags/example_params_ui_tutorial.py
[2023-08-03T07:10:34.249+0000] {processor.py:826} INFO - Processing file /home/airflow/.local/lib/python3.7/site-packages/airflow/example_dags/example_params_ui_tutorial.py for tasks to queue
[2023-08-03T07:10:34.249+0000] {logging_mixin.py:149} INFO - [2023-08-03T07:10:34.249+0000] {dagbag.py:541} INFO - Filling up the DagBag from /home/airflow/.local/lib/python3.7/site-packages/airflow/example_dags/example_params_ui_tutorial.py
[2023-08-03T07:10:34.284+0000] {processor.py:836} INFO - DAG(s) dict_keys(['example_params_ui_tutorial']) retrieved from /home/airflow/.local/lib/python3.7/site-packages/airflow/example_dags/example_params_ui_tutorial.py
[2023-08-03T07:10:34.338+0000] {logging_mixin.py:149} INFO - [2023-08-03T07:10:34.338+0000] {dag.py:2726} INFO - Sync 1 DAGs
[2023-08-03T07:10:34.357+0000] {logging_mixin.py:149} INFO - [2023-08-03T07:10:34.357+0000] {dag.py:3490} INFO - Setting next_dagrun for example_params_ui_tutorial to None, run_after=None
[2023-08-03T07:10:34.368+0000] {processor.py:179} INFO - Processing /home/airflow/.local/lib/python3.7/site-packages/airflow/example_dags/example_params_ui_tutorial.py took 0.131 seconds
[2023-08-03T10:36:00.893+0000] {processor.py:157} INFO - Started process (PID=10823) to work on /home/airflow/.local/lib/python3.7/site-packages/airflow/example_dags/example_params_ui_tutorial.py
[2023-08-03T10:36:00.894+0000] {processor.py:826} INFO - Processing file /home/airflow/.local/lib/python3.7/site-packages/airflow/example_dags/example_params_ui_tutorial.py for tasks to queue
[2023-08-03T10:36:00.894+0000] {logging_mixin.py:149} INFO - [2023-08-03T10:36:00.894+0000] {dagbag.py:541} INFO - Filling up the DagBag from /home/airflow/.local/lib/python3.7/site-packages/airflow/example_dags/example_params_ui_tutorial.py
[2023-08-03T10:36:00.922+0000] {processor.py:836} INFO - DAG(s) dict_keys(['example_params_ui_tutorial']) retrieved from /home/airflow/.local/lib/python3.7/site-packages/airflow/example_dags/example_params_ui_tutorial.py
[2023-08-03T10:36:00.970+0000] {logging_mixin.py:149} INFO - [2023-08-03T10:36:00.970+0000] {dag.py:2726} INFO - Sync 1 DAGs
[2023-08-03T10:36:00.996+0000] {logging_mixin.py:149} INFO - [2023-08-03T10:36:00.995+0000] {dag.py:3490} INFO - Setting next_dagrun for example_params_ui_tutorial to None, run_after=None
[2023-08-03T10:36:01.008+0000] {processor.py:179} INFO - Processing /home/airflow/.local/lib/python3.7/site-packages/airflow/example_dags/example_params_ui_tutorial.py took 0.118 seconds
[2023-08-03T12:09:53.405+0000] {processor.py:157} INFO - Started process (PID=10889) to work on /home/airflow/.local/lib/python3.7/site-packages/airflow/example_dags/example_params_ui_tutorial.py
[2023-08-03T12:09:53.406+0000] {processor.py:826} INFO - Processing file /home/airflow/.local/lib/python3.7/site-packages/airflow/example_dags/example_params_ui_tutorial.py for tasks to queue
[2023-08-03T12:09:53.407+0000] {logging_mixin.py:149} INFO - [2023-08-03T12:09:53.407+0000] {dagbag.py:541} INFO - Filling up the DagBag from /home/airflow/.local/lib/python3.7/site-packages/airflow/example_dags/example_params_ui_tutorial.py
[2023-08-03T12:09:53.433+0000] {processor.py:836} INFO - DAG(s) dict_keys(['example_params_ui_tutorial']) retrieved from /home/airflow/.local/lib/python3.7/site-packages/airflow/example_dags/example_params_ui_tutorial.py
[2023-08-03T12:09:53.474+0000] {logging_mixin.py:149} INFO - [2023-08-03T12:09:53.474+0000] {dag.py:2726} INFO - Sync 1 DAGs
[2023-08-03T12:09:53.490+0000] {logging_mixin.py:149} INFO - [2023-08-03T12:09:53.490+0000] {dag.py:3490} INFO - Setting next_dagrun for example_params_ui_tutorial to None, run_after=None
[2023-08-03T12:09:53.502+0000] {processor.py:179} INFO - Processing /home/airflow/.local/lib/python3.7/site-packages/airflow/example_dags/example_params_ui_tutorial.py took 0.101 seconds
[2023-08-03T14:17:37.849+0000] {processor.py:157} INFO - Started process (PID=10954) to work on /home/airflow/.local/lib/python3.7/site-packages/airflow/example_dags/example_params_ui_tutorial.py
[2023-08-03T14:17:37.851+0000] {processor.py:826} INFO - Processing file /home/airflow/.local/lib/python3.7/site-packages/airflow/example_dags/example_params_ui_tutorial.py for tasks to queue
[2023-08-03T14:17:37.852+0000] {logging_mixin.py:149} INFO - [2023-08-03T14:17:37.852+0000] {dagbag.py:541} INFO - Filling up the DagBag from /home/airflow/.local/lib/python3.7/site-packages/airflow/example_dags/example_params_ui_tutorial.py
[2023-08-03T14:17:37.882+0000] {processor.py:836} INFO - DAG(s) dict_keys(['example_params_ui_tutorial']) retrieved from /home/airflow/.local/lib/python3.7/site-packages/airflow/example_dags/example_params_ui_tutorial.py
[2023-08-03T14:17:37.924+0000] {logging_mixin.py:149} INFO - [2023-08-03T14:17:37.924+0000] {dag.py:2726} INFO - Sync 1 DAGs
[2023-08-03T14:17:37.941+0000] {logging_mixin.py:149} INFO - [2023-08-03T14:17:37.941+0000] {dag.py:3490} INFO - Setting next_dagrun for example_params_ui_tutorial to None, run_after=None
[2023-08-03T14:17:37.954+0000] {processor.py:179} INFO - Processing /home/airflow/.local/lib/python3.7/site-packages/airflow/example_dags/example_params_ui_tutorial.py took 0.109 seconds
[2023-08-03T16:17:44.439+0000] {processor.py:157} INFO - Started process (PID=11020) to work on /home/airflow/.local/lib/python3.7/site-packages/airflow/example_dags/example_params_ui_tutorial.py
[2023-08-03T16:17:44.440+0000] {processor.py:826} INFO - Processing file /home/airflow/.local/lib/python3.7/site-packages/airflow/example_dags/example_params_ui_tutorial.py for tasks to queue
[2023-08-03T16:17:44.441+0000] {logging_mixin.py:149} INFO - [2023-08-03T16:17:44.441+0000] {dagbag.py:541} INFO - Filling up the DagBag from /home/airflow/.local/lib/python3.7/site-packages/airflow/example_dags/example_params_ui_tutorial.py
[2023-08-03T16:17:44.471+0000] {processor.py:836} INFO - DAG(s) dict_keys(['example_params_ui_tutorial']) retrieved from /home/airflow/.local/lib/python3.7/site-packages/airflow/example_dags/example_params_ui_tutorial.py
[2023-08-03T16:17:44.521+0000] {logging_mixin.py:149} INFO - [2023-08-03T16:17:44.521+0000] {dag.py:2726} INFO - Sync 1 DAGs
[2023-08-03T16:17:44.541+0000] {logging_mixin.py:149} INFO - [2023-08-03T16:17:44.541+0000] {dag.py:3490} INFO - Setting next_dagrun for example_params_ui_tutorial to None, run_after=None
[2023-08-03T16:17:44.554+0000] {processor.py:179} INFO - Processing /home/airflow/.local/lib/python3.7/site-packages/airflow/example_dags/example_params_ui_tutorial.py took 0.118 seconds
[2023-08-03T16:30:05.420+0000] {processor.py:157} INFO - Started process (PID=11085) to work on /home/airflow/.local/lib/python3.7/site-packages/airflow/example_dags/example_params_ui_tutorial.py
[2023-08-03T16:30:05.421+0000] {processor.py:826} INFO - Processing file /home/airflow/.local/lib/python3.7/site-packages/airflow/example_dags/example_params_ui_tutorial.py for tasks to queue
[2023-08-03T16:30:05.422+0000] {logging_mixin.py:149} INFO - [2023-08-03T16:30:05.422+0000] {dagbag.py:541} INFO - Filling up the DagBag from /home/airflow/.local/lib/python3.7/site-packages/airflow/example_dags/example_params_ui_tutorial.py
[2023-08-03T16:30:05.456+0000] {processor.py:836} INFO - DAG(s) dict_keys(['example_params_ui_tutorial']) retrieved from /home/airflow/.local/lib/python3.7/site-packages/airflow/example_dags/example_params_ui_tutorial.py
[2023-08-03T16:30:05.495+0000] {logging_mixin.py:149} INFO - [2023-08-03T16:30:05.495+0000] {dag.py:2726} INFO - Sync 1 DAGs
[2023-08-03T16:30:05.518+0000] {logging_mixin.py:149} INFO - [2023-08-03T16:30:05.518+0000] {dag.py:3490} INFO - Setting next_dagrun for example_params_ui_tutorial to None, run_after=None
[2023-08-03T16:30:05.531+0000] {processor.py:179} INFO - Processing /home/airflow/.local/lib/python3.7/site-packages/airflow/example_dags/example_params_ui_tutorial.py took 0.114 seconds
[2023-08-03T16:47:32.771+0000] {processor.py:157} INFO - Started process (PID=11150) to work on /home/airflow/.local/lib/python3.7/site-packages/airflow/example_dags/example_params_ui_tutorial.py
[2023-08-03T16:47:32.783+0000] {processor.py:826} INFO - Processing file /home/airflow/.local/lib/python3.7/site-packages/airflow/example_dags/example_params_ui_tutorial.py for tasks to queue
[2023-08-03T16:47:32.784+0000] {logging_mixin.py:149} INFO - [2023-08-03T16:47:32.784+0000] {dagbag.py:541} INFO - Filling up the DagBag from /home/airflow/.local/lib/python3.7/site-packages/airflow/example_dags/example_params_ui_tutorial.py
[2023-08-03T16:47:32.812+0000] {processor.py:836} INFO - DAG(s) dict_keys(['example_params_ui_tutorial']) retrieved from /home/airflow/.local/lib/python3.7/site-packages/airflow/example_dags/example_params_ui_tutorial.py
[2023-08-03T16:47:32.851+0000] {logging_mixin.py:149} INFO - [2023-08-03T16:47:32.850+0000] {dag.py:2726} INFO - Sync 1 DAGs
[2023-08-03T16:47:32.867+0000] {logging_mixin.py:149} INFO - [2023-08-03T16:47:32.867+0000] {dag.py:3490} INFO - Setting next_dagrun for example_params_ui_tutorial to None, run_after=None
[2023-08-03T16:47:32.878+0000] {processor.py:179} INFO - Processing /home/airflow/.local/lib/python3.7/site-packages/airflow/example_dags/example_params_ui_tutorial.py took 0.111 seconds
[2023-08-03T19:34:07.245+0000] {processor.py:157} INFO - Started process (PID=11216) to work on /home/airflow/.local/lib/python3.7/site-packages/airflow/example_dags/example_params_ui_tutorial.py
[2023-08-03T19:34:07.246+0000] {processor.py:826} INFO - Processing file /home/airflow/.local/lib/python3.7/site-packages/airflow/example_dags/example_params_ui_tutorial.py for tasks to queue
[2023-08-03T19:34:07.246+0000] {logging_mixin.py:149} INFO - [2023-08-03T19:34:07.246+0000] {dagbag.py:541} INFO - Filling up the DagBag from /home/airflow/.local/lib/python3.7/site-packages/airflow/example_dags/example_params_ui_tutorial.py
[2023-08-03T19:34:07.277+0000] {processor.py:836} INFO - DAG(s) dict_keys(['example_params_ui_tutorial']) retrieved from /home/airflow/.local/lib/python3.7/site-packages/airflow/example_dags/example_params_ui_tutorial.py
[2023-08-03T19:34:07.312+0000] {logging_mixin.py:149} INFO - [2023-08-03T19:34:07.312+0000] {dag.py:2726} INFO - Sync 1 DAGs
[2023-08-03T19:34:07.330+0000] {logging_mixin.py:149} INFO - [2023-08-03T19:34:07.329+0000] {dag.py:3490} INFO - Setting next_dagrun for example_params_ui_tutorial to None, run_after=None
[2023-08-03T19:34:07.341+0000] {processor.py:179} INFO - Processing /home/airflow/.local/lib/python3.7/site-packages/airflow/example_dags/example_params_ui_tutorial.py took 0.099 seconds
[2023-08-03T19:55:27.931+0000] {processor.py:157} INFO - Started process (PID=11282) to work on /home/airflow/.local/lib/python3.7/site-packages/airflow/example_dags/example_params_ui_tutorial.py
[2023-08-03T19:55:27.932+0000] {processor.py:826} INFO - Processing file /home/airflow/.local/lib/python3.7/site-packages/airflow/example_dags/example_params_ui_tutorial.py for tasks to queue
[2023-08-03T19:55:27.933+0000] {logging_mixin.py:149} INFO - [2023-08-03T19:55:27.933+0000] {dagbag.py:541} INFO - Filling up the DagBag from /home/airflow/.local/lib/python3.7/site-packages/airflow/example_dags/example_params_ui_tutorial.py
[2023-08-03T19:55:27.959+0000] {processor.py:836} INFO - DAG(s) dict_keys(['example_params_ui_tutorial']) retrieved from /home/airflow/.local/lib/python3.7/site-packages/airflow/example_dags/example_params_ui_tutorial.py
[2023-08-03T19:55:28.009+0000] {logging_mixin.py:149} INFO - [2023-08-03T19:55:28.008+0000] {dag.py:2726} INFO - Sync 1 DAGs
[2023-08-03T19:55:28.036+0000] {logging_mixin.py:149} INFO - [2023-08-03T19:55:28.036+0000] {dag.py:3490} INFO - Setting next_dagrun for example_params_ui_tutorial to None, run_after=None
[2023-08-03T19:55:28.059+0000] {processor.py:179} INFO - Processing /home/airflow/.local/lib/python3.7/site-packages/airflow/example_dags/example_params_ui_tutorial.py took 0.131 seconds
[2023-08-03T22:30:44.790+0000] {processor.py:157} INFO - Started process (PID=11348) to work on /home/airflow/.local/lib/python3.7/site-packages/airflow/example_dags/example_params_ui_tutorial.py
[2023-08-03T22:30:44.791+0000] {processor.py:826} INFO - Processing file /home/airflow/.local/lib/python3.7/site-packages/airflow/example_dags/example_params_ui_tutorial.py for tasks to queue
[2023-08-03T22:30:44.792+0000] {logging_mixin.py:149} INFO - [2023-08-03T22:30:44.792+0000] {dagbag.py:541} INFO - Filling up the DagBag from /home/airflow/.local/lib/python3.7/site-packages/airflow/example_dags/example_params_ui_tutorial.py
[2023-08-03T22:30:44.818+0000] {processor.py:836} INFO - DAG(s) dict_keys(['example_params_ui_tutorial']) retrieved from /home/airflow/.local/lib/python3.7/site-packages/airflow/example_dags/example_params_ui_tutorial.py
[2023-08-03T22:30:44.858+0000] {logging_mixin.py:149} INFO - [2023-08-03T22:30:44.858+0000] {dag.py:2726} INFO - Sync 1 DAGs
[2023-08-03T22:30:44.879+0000] {logging_mixin.py:149} INFO - [2023-08-03T22:30:44.879+0000] {dag.py:3490} INFO - Setting next_dagrun for example_params_ui_tutorial to None, run_after=None
[2023-08-03T22:30:44.889+0000] {processor.py:179} INFO - Processing /home/airflow/.local/lib/python3.7/site-packages/airflow/example_dags/example_params_ui_tutorial.py took 0.102 seconds
