[2023-08-03T02:37:37.592+0000] {processor.py:157} INFO - Started process (PID=10530) to work on /home/airflow/.local/lib/python3.7/site-packages/airflow/example_dags/example_branch_python_dop_operator_3.py
[2023-08-03T02:37:37.593+0000] {processor.py:826} INFO - Processing file /home/airflow/.local/lib/python3.7/site-packages/airflow/example_dags/example_branch_python_dop_operator_3.py for tasks to queue
[2023-08-03T02:37:37.594+0000] {logging_mixin.py:149} INFO - [2023-08-03T02:37:37.594+0000] {dagbag.py:541} INFO - Filling up the DagBag from /home/airflow/.local/lib/python3.7/site-packages/airflow/example_dags/example_branch_python_dop_operator_3.py
[2023-08-03T02:37:37.601+0000] {processor.py:836} INFO - DAG(s) dict_keys(['example_branch_dop_operator_v3']) retrieved from /home/airflow/.local/lib/python3.7/site-packages/airflow/example_dags/example_branch_python_dop_operator_3.py
[2023-08-03T02:37:37.622+0000] {logging_mixin.py:149} INFO - [2023-08-03T02:37:37.622+0000] {dag.py:2726} INFO - Sync 1 DAGs
[2023-08-03T02:37:37.647+0000] {logging_mixin.py:149} INFO - [2023-08-03T02:37:37.647+0000] {dag.py:3490} INFO - Setting next_dagrun for example_branch_dop_operator_v3 to 2023-08-03T02:36:00+00:00, run_after=2023-08-03T02:37:00+00:00
[2023-08-03T02:37:37.658+0000] {processor.py:179} INFO - Processing /home/airflow/.local/lib/python3.7/site-packages/airflow/example_dags/example_branch_python_dop_operator_3.py took 0.069 seconds
[2023-08-03T06:43:42.190+0000] {processor.py:157} INFO - Started process (PID=10596) to work on /home/airflow/.local/lib/python3.7/site-packages/airflow/example_dags/example_branch_python_dop_operator_3.py
[2023-08-03T06:43:42.196+0000] {processor.py:826} INFO - Processing file /home/airflow/.local/lib/python3.7/site-packages/airflow/example_dags/example_branch_python_dop_operator_3.py for tasks to queue
[2023-08-03T06:43:42.198+0000] {logging_mixin.py:149} INFO - [2023-08-03T06:43:42.198+0000] {dagbag.py:541} INFO - Filling up the DagBag from /home/airflow/.local/lib/python3.7/site-packages/airflow/example_dags/example_branch_python_dop_operator_3.py
[2023-08-03T06:43:42.204+0000] {processor.py:836} INFO - DAG(s) dict_keys(['example_branch_dop_operator_v3']) retrieved from /home/airflow/.local/lib/python3.7/site-packages/airflow/example_dags/example_branch_python_dop_operator_3.py
[2023-08-03T06:43:42.243+0000] {logging_mixin.py:149} INFO - [2023-08-03T06:43:42.242+0000] {dag.py:2726} INFO - Sync 1 DAGs
[2023-08-03T06:43:42.265+0000] {logging_mixin.py:149} INFO - [2023-08-03T06:43:42.265+0000] {dag.py:3490} INFO - Setting next_dagrun for example_branch_dop_operator_v3 to 2023-08-03T06:42:00+00:00, run_after=2023-08-03T06:43:00+00:00
[2023-08-03T06:43:42.288+0000] {processor.py:179} INFO - Processing /home/airflow/.local/lib/python3.7/site-packages/airflow/example_dags/example_branch_python_dop_operator_3.py took 0.100 seconds
[2023-08-03T06:45:49.583+0000] {processor.py:157} INFO - Started process (PID=10662) to work on /home/airflow/.local/lib/python3.7/site-packages/airflow/example_dags/example_branch_python_dop_operator_3.py
[2023-08-03T06:45:49.584+0000] {processor.py:826} INFO - Processing file /home/airflow/.local/lib/python3.7/site-packages/airflow/example_dags/example_branch_python_dop_operator_3.py for tasks to queue
[2023-08-03T06:45:49.585+0000] {logging_mixin.py:149} INFO - [2023-08-03T06:45:49.585+0000] {dagbag.py:541} INFO - Filling up the DagBag from /home/airflow/.local/lib/python3.7/site-packages/airflow/example_dags/example_branch_python_dop_operator_3.py
[2023-08-03T06:45:49.592+0000] {processor.py:836} INFO - DAG(s) dict_keys(['example_branch_dop_operator_v3']) retrieved from /home/airflow/.local/lib/python3.7/site-packages/airflow/example_dags/example_branch_python_dop_operator_3.py
[2023-08-03T06:45:49.620+0000] {logging_mixin.py:149} INFO - [2023-08-03T06:45:49.620+0000] {dag.py:2726} INFO - Sync 1 DAGs
[2023-08-03T06:45:49.643+0000] {logging_mixin.py:149} INFO - [2023-08-03T06:45:49.643+0000] {dag.py:3490} INFO - Setting next_dagrun for example_branch_dop_operator_v3 to 2023-08-03T06:44:00+00:00, run_after=2023-08-03T06:45:00+00:00
[2023-08-03T06:45:49.658+0000] {processor.py:179} INFO - Processing /home/airflow/.local/lib/python3.7/site-packages/airflow/example_dags/example_branch_python_dop_operator_3.py took 0.079 seconds
[2023-08-03T07:10:32.687+0000] {processor.py:157} INFO - Started process (PID=10727) to work on /home/airflow/.local/lib/python3.7/site-packages/airflow/example_dags/example_branch_python_dop_operator_3.py
[2023-08-03T07:10:32.689+0000] {processor.py:826} INFO - Processing file /home/airflow/.local/lib/python3.7/site-packages/airflow/example_dags/example_branch_python_dop_operator_3.py for tasks to queue
[2023-08-03T07:10:32.690+0000] {logging_mixin.py:149} INFO - [2023-08-03T07:10:32.690+0000] {dagbag.py:541} INFO - Filling up the DagBag from /home/airflow/.local/lib/python3.7/site-packages/airflow/example_dags/example_branch_python_dop_operator_3.py
[2023-08-03T07:10:32.697+0000] {processor.py:836} INFO - DAG(s) dict_keys(['example_branch_dop_operator_v3']) retrieved from /home/airflow/.local/lib/python3.7/site-packages/airflow/example_dags/example_branch_python_dop_operator_3.py
[2023-08-03T07:10:32.718+0000] {logging_mixin.py:149} INFO - [2023-08-03T07:10:32.718+0000] {dag.py:2726} INFO - Sync 1 DAGs
[2023-08-03T07:10:32.738+0000] {logging_mixin.py:149} INFO - [2023-08-03T07:10:32.737+0000] {dag.py:3490} INFO - Setting next_dagrun for example_branch_dop_operator_v3 to 2023-08-03T07:09:00+00:00, run_after=2023-08-03T07:10:00+00:00
[2023-08-03T07:10:32.748+0000] {processor.py:179} INFO - Processing /home/airflow/.local/lib/python3.7/site-packages/airflow/example_dags/example_branch_python_dop_operator_3.py took 0.063 seconds
[2023-08-03T10:35:59.346+0000] {processor.py:157} INFO - Started process (PID=10793) to work on /home/airflow/.local/lib/python3.7/site-packages/airflow/example_dags/example_branch_python_dop_operator_3.py
[2023-08-03T10:35:59.347+0000] {processor.py:826} INFO - Processing file /home/airflow/.local/lib/python3.7/site-packages/airflow/example_dags/example_branch_python_dop_operator_3.py for tasks to queue
[2023-08-03T10:35:59.348+0000] {logging_mixin.py:149} INFO - [2023-08-03T10:35:59.348+0000] {dagbag.py:541} INFO - Filling up the DagBag from /home/airflow/.local/lib/python3.7/site-packages/airflow/example_dags/example_branch_python_dop_operator_3.py
[2023-08-03T10:35:59.355+0000] {processor.py:836} INFO - DAG(s) dict_keys(['example_branch_dop_operator_v3']) retrieved from /home/airflow/.local/lib/python3.7/site-packages/airflow/example_dags/example_branch_python_dop_operator_3.py
[2023-08-03T10:35:59.382+0000] {logging_mixin.py:149} INFO - [2023-08-03T10:35:59.379+0000] {dag.py:2726} INFO - Sync 1 DAGs
[2023-08-03T10:35:59.402+0000] {logging_mixin.py:149} INFO - [2023-08-03T10:35:59.402+0000] {dag.py:3490} INFO - Setting next_dagrun for example_branch_dop_operator_v3 to 2023-08-03T10:34:00+00:00, run_after=2023-08-03T10:35:00+00:00
[2023-08-03T10:35:59.419+0000] {processor.py:179} INFO - Processing /home/airflow/.local/lib/python3.7/site-packages/airflow/example_dags/example_branch_python_dop_operator_3.py took 0.076 seconds
[2023-08-03T12:09:51.866+0000] {processor.py:157} INFO - Started process (PID=10859) to work on /home/airflow/.local/lib/python3.7/site-packages/airflow/example_dags/example_branch_python_dop_operator_3.py
[2023-08-03T12:09:51.867+0000] {processor.py:826} INFO - Processing file /home/airflow/.local/lib/python3.7/site-packages/airflow/example_dags/example_branch_python_dop_operator_3.py for tasks to queue
[2023-08-03T12:09:51.868+0000] {logging_mixin.py:149} INFO - [2023-08-03T12:09:51.868+0000] {dagbag.py:541} INFO - Filling up the DagBag from /home/airflow/.local/lib/python3.7/site-packages/airflow/example_dags/example_branch_python_dop_operator_3.py
[2023-08-03T12:09:51.874+0000] {processor.py:836} INFO - DAG(s) dict_keys(['example_branch_dop_operator_v3']) retrieved from /home/airflow/.local/lib/python3.7/site-packages/airflow/example_dags/example_branch_python_dop_operator_3.py
[2023-08-03T12:09:51.900+0000] {logging_mixin.py:149} INFO - [2023-08-03T12:09:51.900+0000] {dag.py:2726} INFO - Sync 1 DAGs
[2023-08-03T12:09:51.929+0000] {logging_mixin.py:149} INFO - [2023-08-03T12:09:51.929+0000] {dag.py:3490} INFO - Setting next_dagrun for example_branch_dop_operator_v3 to 2023-08-03T12:08:00+00:00, run_after=2023-08-03T12:09:00+00:00
[2023-08-03T12:09:51.941+0000] {processor.py:179} INFO - Processing /home/airflow/.local/lib/python3.7/site-packages/airflow/example_dags/example_branch_python_dop_operator_3.py took 0.079 seconds
[2023-08-03T14:17:36.070+0000] {processor.py:157} INFO - Started process (PID=10924) to work on /home/airflow/.local/lib/python3.7/site-packages/airflow/example_dags/example_branch_python_dop_operator_3.py
[2023-08-03T14:17:36.071+0000] {processor.py:826} INFO - Processing file /home/airflow/.local/lib/python3.7/site-packages/airflow/example_dags/example_branch_python_dop_operator_3.py for tasks to queue
[2023-08-03T14:17:36.072+0000] {logging_mixin.py:149} INFO - [2023-08-03T14:17:36.072+0000] {dagbag.py:541} INFO - Filling up the DagBag from /home/airflow/.local/lib/python3.7/site-packages/airflow/example_dags/example_branch_python_dop_operator_3.py
[2023-08-03T14:17:36.078+0000] {processor.py:836} INFO - DAG(s) dict_keys(['example_branch_dop_operator_v3']) retrieved from /home/airflow/.local/lib/python3.7/site-packages/airflow/example_dags/example_branch_python_dop_operator_3.py
[2023-08-03T14:17:36.100+0000] {logging_mixin.py:149} INFO - [2023-08-03T14:17:36.100+0000] {dag.py:2726} INFO - Sync 1 DAGs
[2023-08-03T14:17:36.124+0000] {logging_mixin.py:149} INFO - [2023-08-03T14:17:36.123+0000] {dag.py:3490} INFO - Setting next_dagrun for example_branch_dop_operator_v3 to 2023-08-03T14:16:00+00:00, run_after=2023-08-03T14:17:00+00:00
[2023-08-03T14:17:36.149+0000] {processor.py:179} INFO - Processing /home/airflow/.local/lib/python3.7/site-packages/airflow/example_dags/example_branch_python_dop_operator_3.py took 0.082 seconds
[2023-08-03T16:17:42.411+0000] {processor.py:157} INFO - Started process (PID=10990) to work on /home/airflow/.local/lib/python3.7/site-packages/airflow/example_dags/example_branch_python_dop_operator_3.py
[2023-08-03T16:17:42.412+0000] {processor.py:826} INFO - Processing file /home/airflow/.local/lib/python3.7/site-packages/airflow/example_dags/example_branch_python_dop_operator_3.py for tasks to queue
[2023-08-03T16:17:42.413+0000] {logging_mixin.py:149} INFO - [2023-08-03T16:17:42.413+0000] {dagbag.py:541} INFO - Filling up the DagBag from /home/airflow/.local/lib/python3.7/site-packages/airflow/example_dags/example_branch_python_dop_operator_3.py
[2023-08-03T16:17:42.420+0000] {processor.py:836} INFO - DAG(s) dict_keys(['example_branch_dop_operator_v3']) retrieved from /home/airflow/.local/lib/python3.7/site-packages/airflow/example_dags/example_branch_python_dop_operator_3.py
[2023-08-03T16:17:42.441+0000] {logging_mixin.py:149} INFO - [2023-08-03T16:17:42.441+0000] {dag.py:2726} INFO - Sync 1 DAGs
[2023-08-03T16:17:42.459+0000] {logging_mixin.py:149} INFO - [2023-08-03T16:17:42.459+0000] {dag.py:3490} INFO - Setting next_dagrun for example_branch_dop_operator_v3 to 2023-08-03T16:16:00+00:00, run_after=2023-08-03T16:17:00+00:00
[2023-08-03T16:17:42.474+0000] {processor.py:179} INFO - Processing /home/airflow/.local/lib/python3.7/site-packages/airflow/example_dags/example_branch_python_dop_operator_3.py took 0.066 seconds
[2023-08-03T16:30:03.724+0000] {processor.py:157} INFO - Started process (PID=11055) to work on /home/airflow/.local/lib/python3.7/site-packages/airflow/example_dags/example_branch_python_dop_operator_3.py
[2023-08-03T16:30:03.725+0000] {processor.py:826} INFO - Processing file /home/airflow/.local/lib/python3.7/site-packages/airflow/example_dags/example_branch_python_dop_operator_3.py for tasks to queue
[2023-08-03T16:30:03.726+0000] {logging_mixin.py:149} INFO - [2023-08-03T16:30:03.725+0000] {dagbag.py:541} INFO - Filling up the DagBag from /home/airflow/.local/lib/python3.7/site-packages/airflow/example_dags/example_branch_python_dop_operator_3.py
[2023-08-03T16:30:03.732+0000] {processor.py:836} INFO - DAG(s) dict_keys(['example_branch_dop_operator_v3']) retrieved from /home/airflow/.local/lib/python3.7/site-packages/airflow/example_dags/example_branch_python_dop_operator_3.py
[2023-08-03T16:30:03.754+0000] {logging_mixin.py:149} INFO - [2023-08-03T16:30:03.754+0000] {dag.py:2726} INFO - Sync 1 DAGs
[2023-08-03T16:30:03.772+0000] {logging_mixin.py:149} INFO - [2023-08-03T16:30:03.772+0000] {dag.py:3490} INFO - Setting next_dagrun for example_branch_dop_operator_v3 to 2023-08-03T16:29:00+00:00, run_after=2023-08-03T16:30:00+00:00
[2023-08-03T16:30:03.784+0000] {processor.py:179} INFO - Processing /home/airflow/.local/lib/python3.7/site-packages/airflow/example_dags/example_branch_python_dop_operator_3.py took 0.063 seconds
[2023-08-03T16:47:31.171+0000] {processor.py:157} INFO - Started process (PID=11120) to work on /home/airflow/.local/lib/python3.7/site-packages/airflow/example_dags/example_branch_python_dop_operator_3.py
[2023-08-03T16:47:31.172+0000] {processor.py:826} INFO - Processing file /home/airflow/.local/lib/python3.7/site-packages/airflow/example_dags/example_branch_python_dop_operator_3.py for tasks to queue
[2023-08-03T16:47:31.173+0000] {logging_mixin.py:149} INFO - [2023-08-03T16:47:31.173+0000] {dagbag.py:541} INFO - Filling up the DagBag from /home/airflow/.local/lib/python3.7/site-packages/airflow/example_dags/example_branch_python_dop_operator_3.py
[2023-08-03T16:47:31.179+0000] {processor.py:836} INFO - DAG(s) dict_keys(['example_branch_dop_operator_v3']) retrieved from /home/airflow/.local/lib/python3.7/site-packages/airflow/example_dags/example_branch_python_dop_operator_3.py
[2023-08-03T16:47:31.201+0000] {logging_mixin.py:149} INFO - [2023-08-03T16:47:31.201+0000] {dag.py:2726} INFO - Sync 1 DAGs
[2023-08-03T16:47:31.219+0000] {logging_mixin.py:149} INFO - [2023-08-03T16:47:31.219+0000] {dag.py:3490} INFO - Setting next_dagrun for example_branch_dop_operator_v3 to 2023-08-03T16:46:00+00:00, run_after=2023-08-03T16:47:00+00:00
[2023-08-03T16:47:31.238+0000] {processor.py:179} INFO - Processing /home/airflow/.local/lib/python3.7/site-packages/airflow/example_dags/example_branch_python_dop_operator_3.py took 0.070 seconds
[2023-08-03T19:34:05.647+0000] {processor.py:157} INFO - Started process (PID=11186) to work on /home/airflow/.local/lib/python3.7/site-packages/airflow/example_dags/example_branch_python_dop_operator_3.py
[2023-08-03T19:34:05.648+0000] {processor.py:826} INFO - Processing file /home/airflow/.local/lib/python3.7/site-packages/airflow/example_dags/example_branch_python_dop_operator_3.py for tasks to queue
[2023-08-03T19:34:05.649+0000] {logging_mixin.py:149} INFO - [2023-08-03T19:34:05.649+0000] {dagbag.py:541} INFO - Filling up the DagBag from /home/airflow/.local/lib/python3.7/site-packages/airflow/example_dags/example_branch_python_dop_operator_3.py
[2023-08-03T19:34:05.655+0000] {processor.py:836} INFO - DAG(s) dict_keys(['example_branch_dop_operator_v3']) retrieved from /home/airflow/.local/lib/python3.7/site-packages/airflow/example_dags/example_branch_python_dop_operator_3.py
[2023-08-03T19:34:05.676+0000] {logging_mixin.py:149} INFO - [2023-08-03T19:34:05.676+0000] {dag.py:2726} INFO - Sync 1 DAGs
[2023-08-03T19:34:05.696+0000] {logging_mixin.py:149} INFO - [2023-08-03T19:34:05.696+0000] {dag.py:3490} INFO - Setting next_dagrun for example_branch_dop_operator_v3 to 2023-08-03T19:33:00+00:00, run_after=2023-08-03T19:34:00+00:00
[2023-08-03T19:34:05.723+0000] {processor.py:179} INFO - Processing /home/airflow/.local/lib/python3.7/site-packages/airflow/example_dags/example_branch_python_dop_operator_3.py took 0.079 seconds
[2023-08-03T19:55:25.868+0000] {processor.py:157} INFO - Started process (PID=11252) to work on /home/airflow/.local/lib/python3.7/site-packages/airflow/example_dags/example_branch_python_dop_operator_3.py
[2023-08-03T19:55:25.869+0000] {processor.py:826} INFO - Processing file /home/airflow/.local/lib/python3.7/site-packages/airflow/example_dags/example_branch_python_dop_operator_3.py for tasks to queue
[2023-08-03T19:55:25.869+0000] {logging_mixin.py:149} INFO - [2023-08-03T19:55:25.869+0000] {dagbag.py:541} INFO - Filling up the DagBag from /home/airflow/.local/lib/python3.7/site-packages/airflow/example_dags/example_branch_python_dop_operator_3.py
[2023-08-03T19:55:25.876+0000] {processor.py:836} INFO - DAG(s) dict_keys(['example_branch_dop_operator_v3']) retrieved from /home/airflow/.local/lib/python3.7/site-packages/airflow/example_dags/example_branch_python_dop_operator_3.py
[2023-08-03T19:55:25.905+0000] {logging_mixin.py:149} INFO - [2023-08-03T19:55:25.905+0000] {dag.py:2726} INFO - Sync 1 DAGs
[2023-08-03T19:55:25.924+0000] {logging_mixin.py:149} INFO - [2023-08-03T19:55:25.924+0000] {dag.py:3490} INFO - Setting next_dagrun for example_branch_dop_operator_v3 to 2023-08-03T19:54:00+00:00, run_after=2023-08-03T19:55:00+00:00
[2023-08-03T19:55:25.934+0000] {processor.py:179} INFO - Processing /home/airflow/.local/lib/python3.7/site-packages/airflow/example_dags/example_branch_python_dop_operator_3.py took 0.069 seconds
[2023-08-03T22:30:43.266+0000] {processor.py:157} INFO - Started process (PID=11318) to work on /home/airflow/.local/lib/python3.7/site-packages/airflow/example_dags/example_branch_python_dop_operator_3.py
[2023-08-03T22:30:43.269+0000] {processor.py:826} INFO - Processing file /home/airflow/.local/lib/python3.7/site-packages/airflow/example_dags/example_branch_python_dop_operator_3.py for tasks to queue
[2023-08-03T22:30:43.269+0000] {logging_mixin.py:149} INFO - [2023-08-03T22:30:43.269+0000] {dagbag.py:541} INFO - Filling up the DagBag from /home/airflow/.local/lib/python3.7/site-packages/airflow/example_dags/example_branch_python_dop_operator_3.py
[2023-08-03T22:30:43.278+0000] {processor.py:836} INFO - DAG(s) dict_keys(['example_branch_dop_operator_v3']) retrieved from /home/airflow/.local/lib/python3.7/site-packages/airflow/example_dags/example_branch_python_dop_operator_3.py
[2023-08-03T22:30:43.310+0000] {logging_mixin.py:149} INFO - [2023-08-03T22:30:43.310+0000] {dag.py:2726} INFO - Sync 1 DAGs
[2023-08-03T22:30:43.334+0000] {logging_mixin.py:149} INFO - [2023-08-03T22:30:43.334+0000] {dag.py:3490} INFO - Setting next_dagrun for example_branch_dop_operator_v3 to 2023-08-03T22:29:00+00:00, run_after=2023-08-03T22:30:00+00:00
[2023-08-03T22:30:43.348+0000] {processor.py:179} INFO - Processing /home/airflow/.local/lib/python3.7/site-packages/airflow/example_dags/example_branch_python_dop_operator_3.py took 0.085 seconds
