[2023-08-03T02:37:38.727+0000] {processor.py:157} INFO - Started process (PID=10549) to work on /home/airflow/.local/lib/python3.7/site-packages/airflow/example_dags/example_local_kubernetes_executor.py
[2023-08-03T02:37:38.728+0000] {processor.py:826} INFO - Processing file /home/airflow/.local/lib/python3.7/site-packages/airflow/example_dags/example_local_kubernetes_executor.py for tasks to queue
[2023-08-03T02:37:38.729+0000] {logging_mixin.py:149} INFO - [2023-08-03T02:37:38.729+0000] {dagbag.py:541} INFO - Filling up the DagBag from /home/airflow/.local/lib/python3.7/site-packages/airflow/example_dags/example_local_kubernetes_executor.py
[2023-08-03T02:37:38.890+0000] {processor.py:836} INFO - DAG(s) dict_keys(['example_local_kubernetes_executor']) retrieved from /home/airflow/.local/lib/python3.7/site-packages/airflow/example_dags/example_local_kubernetes_executor.py
[2023-08-03T02:37:38.917+0000] {logging_mixin.py:149} INFO - [2023-08-03T02:37:38.917+0000] {dag.py:2726} INFO - Sync 1 DAGs
[2023-08-03T02:37:38.932+0000] {logging_mixin.py:149} INFO - [2023-08-03T02:37:38.932+0000] {dag.py:3490} INFO - Setting next_dagrun for example_local_kubernetes_executor to None, run_after=None
[2023-08-03T02:37:38.944+0000] {processor.py:179} INFO - Processing /home/airflow/.local/lib/python3.7/site-packages/airflow/example_dags/example_local_kubernetes_executor.py took 0.219 seconds
[2023-08-03T06:43:44.052+0000] {processor.py:157} INFO - Started process (PID=10615) to work on /home/airflow/.local/lib/python3.7/site-packages/airflow/example_dags/example_local_kubernetes_executor.py
[2023-08-03T06:43:44.054+0000] {processor.py:826} INFO - Processing file /home/airflow/.local/lib/python3.7/site-packages/airflow/example_dags/example_local_kubernetes_executor.py for tasks to queue
[2023-08-03T06:43:44.054+0000] {logging_mixin.py:149} INFO - [2023-08-03T06:43:44.054+0000] {dagbag.py:541} INFO - Filling up the DagBag from /home/airflow/.local/lib/python3.7/site-packages/airflow/example_dags/example_local_kubernetes_executor.py
[2023-08-03T06:43:44.188+0000] {processor.py:836} INFO - DAG(s) dict_keys(['example_local_kubernetes_executor']) retrieved from /home/airflow/.local/lib/python3.7/site-packages/airflow/example_dags/example_local_kubernetes_executor.py
[2023-08-03T06:43:44.219+0000] {logging_mixin.py:149} INFO - [2023-08-03T06:43:44.219+0000] {dag.py:2726} INFO - Sync 1 DAGs
[2023-08-03T06:43:44.234+0000] {logging_mixin.py:149} INFO - [2023-08-03T06:43:44.234+0000] {dag.py:3490} INFO - Setting next_dagrun for example_local_kubernetes_executor to None, run_after=None
[2023-08-03T06:43:44.244+0000] {processor.py:179} INFO - Processing /home/airflow/.local/lib/python3.7/site-packages/airflow/example_dags/example_local_kubernetes_executor.py took 0.195 seconds
[2023-08-03T06:45:51.136+0000] {processor.py:157} INFO - Started process (PID=10681) to work on /home/airflow/.local/lib/python3.7/site-packages/airflow/example_dags/example_local_kubernetes_executor.py
[2023-08-03T06:45:51.140+0000] {processor.py:826} INFO - Processing file /home/airflow/.local/lib/python3.7/site-packages/airflow/example_dags/example_local_kubernetes_executor.py for tasks to queue
[2023-08-03T06:45:51.141+0000] {logging_mixin.py:149} INFO - [2023-08-03T06:45:51.141+0000] {dagbag.py:541} INFO - Filling up the DagBag from /home/airflow/.local/lib/python3.7/site-packages/airflow/example_dags/example_local_kubernetes_executor.py
[2023-08-03T06:45:51.399+0000] {processor.py:836} INFO - DAG(s) dict_keys(['example_local_kubernetes_executor']) retrieved from /home/airflow/.local/lib/python3.7/site-packages/airflow/example_dags/example_local_kubernetes_executor.py
[2023-08-03T06:45:51.426+0000] {logging_mixin.py:149} INFO - [2023-08-03T06:45:51.426+0000] {dag.py:2726} INFO - Sync 1 DAGs
[2023-08-03T06:45:51.442+0000] {logging_mixin.py:149} INFO - [2023-08-03T06:45:51.442+0000] {dag.py:3490} INFO - Setting next_dagrun for example_local_kubernetes_executor to None, run_after=None
[2023-08-03T06:45:51.462+0000] {processor.py:179} INFO - Processing /home/airflow/.local/lib/python3.7/site-packages/airflow/example_dags/example_local_kubernetes_executor.py took 0.336 seconds
[2023-08-03T07:10:33.681+0000] {processor.py:157} INFO - Started process (PID=10746) to work on /home/airflow/.local/lib/python3.7/site-packages/airflow/example_dags/example_local_kubernetes_executor.py
[2023-08-03T07:10:33.682+0000] {processor.py:826} INFO - Processing file /home/airflow/.local/lib/python3.7/site-packages/airflow/example_dags/example_local_kubernetes_executor.py for tasks to queue
[2023-08-03T07:10:33.683+0000] {logging_mixin.py:149} INFO - [2023-08-03T07:10:33.683+0000] {dagbag.py:541} INFO - Filling up the DagBag from /home/airflow/.local/lib/python3.7/site-packages/airflow/example_dags/example_local_kubernetes_executor.py
[2023-08-03T07:10:33.812+0000] {processor.py:836} INFO - DAG(s) dict_keys(['example_local_kubernetes_executor']) retrieved from /home/airflow/.local/lib/python3.7/site-packages/airflow/example_dags/example_local_kubernetes_executor.py
[2023-08-03T07:10:33.840+0000] {logging_mixin.py:149} INFO - [2023-08-03T07:10:33.840+0000] {dag.py:2726} INFO - Sync 1 DAGs
[2023-08-03T07:10:33.857+0000] {logging_mixin.py:149} INFO - [2023-08-03T07:10:33.857+0000] {dag.py:3490} INFO - Setting next_dagrun for example_local_kubernetes_executor to None, run_after=None
[2023-08-03T07:10:33.876+0000] {processor.py:179} INFO - Processing /home/airflow/.local/lib/python3.7/site-packages/airflow/example_dags/example_local_kubernetes_executor.py took 0.204 seconds
[2023-08-03T10:36:00.318+0000] {processor.py:157} INFO - Started process (PID=10812) to work on /home/airflow/.local/lib/python3.7/site-packages/airflow/example_dags/example_local_kubernetes_executor.py
[2023-08-03T10:36:00.319+0000] {processor.py:826} INFO - Processing file /home/airflow/.local/lib/python3.7/site-packages/airflow/example_dags/example_local_kubernetes_executor.py for tasks to queue
[2023-08-03T10:36:00.320+0000] {logging_mixin.py:149} INFO - [2023-08-03T10:36:00.320+0000] {dagbag.py:541} INFO - Filling up the DagBag from /home/airflow/.local/lib/python3.7/site-packages/airflow/example_dags/example_local_kubernetes_executor.py
[2023-08-03T10:36:00.436+0000] {processor.py:836} INFO - DAG(s) dict_keys(['example_local_kubernetes_executor']) retrieved from /home/airflow/.local/lib/python3.7/site-packages/airflow/example_dags/example_local_kubernetes_executor.py
[2023-08-03T10:36:00.469+0000] {logging_mixin.py:149} INFO - [2023-08-03T10:36:00.469+0000] {dag.py:2726} INFO - Sync 1 DAGs
[2023-08-03T10:36:00.490+0000] {logging_mixin.py:149} INFO - [2023-08-03T10:36:00.490+0000] {dag.py:3490} INFO - Setting next_dagrun for example_local_kubernetes_executor to None, run_after=None
[2023-08-03T10:36:00.501+0000] {processor.py:179} INFO - Processing /home/airflow/.local/lib/python3.7/site-packages/airflow/example_dags/example_local_kubernetes_executor.py took 0.189 seconds
[2023-08-03T12:09:52.856+0000] {processor.py:157} INFO - Started process (PID=10878) to work on /home/airflow/.local/lib/python3.7/site-packages/airflow/example_dags/example_local_kubernetes_executor.py
[2023-08-03T12:09:52.857+0000] {processor.py:826} INFO - Processing file /home/airflow/.local/lib/python3.7/site-packages/airflow/example_dags/example_local_kubernetes_executor.py for tasks to queue
[2023-08-03T12:09:52.858+0000] {logging_mixin.py:149} INFO - [2023-08-03T12:09:52.858+0000] {dagbag.py:541} INFO - Filling up the DagBag from /home/airflow/.local/lib/python3.7/site-packages/airflow/example_dags/example_local_kubernetes_executor.py
[2023-08-03T12:09:52.974+0000] {processor.py:836} INFO - DAG(s) dict_keys(['example_local_kubernetes_executor']) retrieved from /home/airflow/.local/lib/python3.7/site-packages/airflow/example_dags/example_local_kubernetes_executor.py
[2023-08-03T12:09:53.000+0000] {logging_mixin.py:149} INFO - [2023-08-03T12:09:53.000+0000] {dag.py:2726} INFO - Sync 1 DAGs
[2023-08-03T12:09:53.016+0000] {logging_mixin.py:149} INFO - [2023-08-03T12:09:53.016+0000] {dag.py:3490} INFO - Setting next_dagrun for example_local_kubernetes_executor to None, run_after=None
[2023-08-03T12:09:53.030+0000] {processor.py:179} INFO - Processing /home/airflow/.local/lib/python3.7/site-packages/airflow/example_dags/example_local_kubernetes_executor.py took 0.177 seconds
[2023-08-03T14:17:37.220+0000] {processor.py:157} INFO - Started process (PID=10943) to work on /home/airflow/.local/lib/python3.7/site-packages/airflow/example_dags/example_local_kubernetes_executor.py
[2023-08-03T14:17:37.221+0000] {processor.py:826} INFO - Processing file /home/airflow/.local/lib/python3.7/site-packages/airflow/example_dags/example_local_kubernetes_executor.py for tasks to queue
[2023-08-03T14:17:37.222+0000] {logging_mixin.py:149} INFO - [2023-08-03T14:17:37.222+0000] {dagbag.py:541} INFO - Filling up the DagBag from /home/airflow/.local/lib/python3.7/site-packages/airflow/example_dags/example_local_kubernetes_executor.py
[2023-08-03T14:17:37.360+0000] {processor.py:836} INFO - DAG(s) dict_keys(['example_local_kubernetes_executor']) retrieved from /home/airflow/.local/lib/python3.7/site-packages/airflow/example_dags/example_local_kubernetes_executor.py
[2023-08-03T14:17:37.398+0000] {logging_mixin.py:149} INFO - [2023-08-03T14:17:37.398+0000] {dag.py:2726} INFO - Sync 1 DAGs
[2023-08-03T14:17:37.424+0000] {logging_mixin.py:149} INFO - [2023-08-03T14:17:37.423+0000] {dag.py:3490} INFO - Setting next_dagrun for example_local_kubernetes_executor to None, run_after=None
[2023-08-03T14:17:37.443+0000] {processor.py:179} INFO - Processing /home/airflow/.local/lib/python3.7/site-packages/airflow/example_dags/example_local_kubernetes_executor.py took 0.227 seconds
[2023-08-03T16:17:43.459+0000] {processor.py:157} INFO - Started process (PID=11009) to work on /home/airflow/.local/lib/python3.7/site-packages/airflow/example_dags/example_local_kubernetes_executor.py
[2023-08-03T16:17:43.460+0000] {processor.py:826} INFO - Processing file /home/airflow/.local/lib/python3.7/site-packages/airflow/example_dags/example_local_kubernetes_executor.py for tasks to queue
[2023-08-03T16:17:43.460+0000] {logging_mixin.py:149} INFO - [2023-08-03T16:17:43.460+0000] {dagbag.py:541} INFO - Filling up the DagBag from /home/airflow/.local/lib/python3.7/site-packages/airflow/example_dags/example_local_kubernetes_executor.py
[2023-08-03T16:17:43.577+0000] {processor.py:836} INFO - DAG(s) dict_keys(['example_local_kubernetes_executor']) retrieved from /home/airflow/.local/lib/python3.7/site-packages/airflow/example_dags/example_local_kubernetes_executor.py
[2023-08-03T16:17:43.605+0000] {logging_mixin.py:149} INFO - [2023-08-03T16:17:43.605+0000] {dag.py:2726} INFO - Sync 1 DAGs
[2023-08-03T16:17:43.627+0000] {logging_mixin.py:149} INFO - [2023-08-03T16:17:43.627+0000] {dag.py:3490} INFO - Setting next_dagrun for example_local_kubernetes_executor to None, run_after=None
[2023-08-03T16:17:43.641+0000] {processor.py:179} INFO - Processing /home/airflow/.local/lib/python3.7/site-packages/airflow/example_dags/example_local_kubernetes_executor.py took 0.185 seconds
[2023-08-03T16:30:04.757+0000] {processor.py:157} INFO - Started process (PID=11074) to work on /home/airflow/.local/lib/python3.7/site-packages/airflow/example_dags/example_local_kubernetes_executor.py
[2023-08-03T16:30:04.758+0000] {processor.py:826} INFO - Processing file /home/airflow/.local/lib/python3.7/site-packages/airflow/example_dags/example_local_kubernetes_executor.py for tasks to queue
[2023-08-03T16:30:04.759+0000] {logging_mixin.py:149} INFO - [2023-08-03T16:30:04.759+0000] {dagbag.py:541} INFO - Filling up the DagBag from /home/airflow/.local/lib/python3.7/site-packages/airflow/example_dags/example_local_kubernetes_executor.py
[2023-08-03T16:30:04.888+0000] {processor.py:836} INFO - DAG(s) dict_keys(['example_local_kubernetes_executor']) retrieved from /home/airflow/.local/lib/python3.7/site-packages/airflow/example_dags/example_local_kubernetes_executor.py
[2023-08-03T16:30:04.924+0000] {logging_mixin.py:149} INFO - [2023-08-03T16:30:04.924+0000] {dag.py:2726} INFO - Sync 1 DAGs
[2023-08-03T16:30:04.939+0000] {logging_mixin.py:149} INFO - [2023-08-03T16:30:04.938+0000] {dag.py:3490} INFO - Setting next_dagrun for example_local_kubernetes_executor to None, run_after=None
[2023-08-03T16:30:04.958+0000] {processor.py:179} INFO - Processing /home/airflow/.local/lib/python3.7/site-packages/airflow/example_dags/example_local_kubernetes_executor.py took 0.204 seconds
[2023-08-03T16:47:32.167+0000] {processor.py:157} INFO - Started process (PID=11139) to work on /home/airflow/.local/lib/python3.7/site-packages/airflow/example_dags/example_local_kubernetes_executor.py
[2023-08-03T16:47:32.167+0000] {processor.py:826} INFO - Processing file /home/airflow/.local/lib/python3.7/site-packages/airflow/example_dags/example_local_kubernetes_executor.py for tasks to queue
[2023-08-03T16:47:32.168+0000] {logging_mixin.py:149} INFO - [2023-08-03T16:47:32.168+0000] {dagbag.py:541} INFO - Filling up the DagBag from /home/airflow/.local/lib/python3.7/site-packages/airflow/example_dags/example_local_kubernetes_executor.py
[2023-08-03T16:47:32.288+0000] {processor.py:836} INFO - DAG(s) dict_keys(['example_local_kubernetes_executor']) retrieved from /home/airflow/.local/lib/python3.7/site-packages/airflow/example_dags/example_local_kubernetes_executor.py
[2023-08-03T16:47:32.313+0000] {logging_mixin.py:149} INFO - [2023-08-03T16:47:32.313+0000] {dag.py:2726} INFO - Sync 1 DAGs
[2023-08-03T16:47:32.328+0000] {logging_mixin.py:149} INFO - [2023-08-03T16:47:32.328+0000] {dag.py:3490} INFO - Setting next_dagrun for example_local_kubernetes_executor to None, run_after=None
[2023-08-03T16:47:32.339+0000] {processor.py:179} INFO - Processing /home/airflow/.local/lib/python3.7/site-packages/airflow/example_dags/example_local_kubernetes_executor.py took 0.175 seconds
[2023-08-03T19:34:06.712+0000] {processor.py:157} INFO - Started process (PID=11205) to work on /home/airflow/.local/lib/python3.7/site-packages/airflow/example_dags/example_local_kubernetes_executor.py
[2023-08-03T19:34:06.713+0000] {processor.py:826} INFO - Processing file /home/airflow/.local/lib/python3.7/site-packages/airflow/example_dags/example_local_kubernetes_executor.py for tasks to queue
[2023-08-03T19:34:06.714+0000] {logging_mixin.py:149} INFO - [2023-08-03T19:34:06.714+0000] {dagbag.py:541} INFO - Filling up the DagBag from /home/airflow/.local/lib/python3.7/site-packages/airflow/example_dags/example_local_kubernetes_executor.py
[2023-08-03T19:34:06.844+0000] {processor.py:836} INFO - DAG(s) dict_keys(['example_local_kubernetes_executor']) retrieved from /home/airflow/.local/lib/python3.7/site-packages/airflow/example_dags/example_local_kubernetes_executor.py
[2023-08-03T19:34:06.871+0000] {logging_mixin.py:149} INFO - [2023-08-03T19:34:06.871+0000] {dag.py:2726} INFO - Sync 1 DAGs
[2023-08-03T19:34:06.887+0000] {logging_mixin.py:149} INFO - [2023-08-03T19:34:06.887+0000] {dag.py:3490} INFO - Setting next_dagrun for example_local_kubernetes_executor to None, run_after=None
[2023-08-03T19:34:06.897+0000] {processor.py:179} INFO - Processing /home/airflow/.local/lib/python3.7/site-packages/airflow/example_dags/example_local_kubernetes_executor.py took 0.188 seconds
[2023-08-03T19:55:26.949+0000] {processor.py:157} INFO - Started process (PID=11271) to work on /home/airflow/.local/lib/python3.7/site-packages/airflow/example_dags/example_local_kubernetes_executor.py
[2023-08-03T19:55:26.950+0000] {processor.py:826} INFO - Processing file /home/airflow/.local/lib/python3.7/site-packages/airflow/example_dags/example_local_kubernetes_executor.py for tasks to queue
[2023-08-03T19:55:26.951+0000] {logging_mixin.py:149} INFO - [2023-08-03T19:55:26.951+0000] {dagbag.py:541} INFO - Filling up the DagBag from /home/airflow/.local/lib/python3.7/site-packages/airflow/example_dags/example_local_kubernetes_executor.py
[2023-08-03T19:55:27.071+0000] {processor.py:836} INFO - DAG(s) dict_keys(['example_local_kubernetes_executor']) retrieved from /home/airflow/.local/lib/python3.7/site-packages/airflow/example_dags/example_local_kubernetes_executor.py
[2023-08-03T19:55:27.105+0000] {logging_mixin.py:149} INFO - [2023-08-03T19:55:27.105+0000] {dag.py:2726} INFO - Sync 1 DAGs
[2023-08-03T19:55:27.122+0000] {logging_mixin.py:149} INFO - [2023-08-03T19:55:27.122+0000] {dag.py:3490} INFO - Setting next_dagrun for example_local_kubernetes_executor to None, run_after=None
[2023-08-03T19:55:27.134+0000] {processor.py:179} INFO - Processing /home/airflow/.local/lib/python3.7/site-packages/airflow/example_dags/example_local_kubernetes_executor.py took 0.189 seconds
[2023-08-03T22:30:44.238+0000] {processor.py:157} INFO - Started process (PID=11337) to work on /home/airflow/.local/lib/python3.7/site-packages/airflow/example_dags/example_local_kubernetes_executor.py
[2023-08-03T22:30:44.239+0000] {processor.py:826} INFO - Processing file /home/airflow/.local/lib/python3.7/site-packages/airflow/example_dags/example_local_kubernetes_executor.py for tasks to queue
[2023-08-03T22:30:44.240+0000] {logging_mixin.py:149} INFO - [2023-08-03T22:30:44.240+0000] {dagbag.py:541} INFO - Filling up the DagBag from /home/airflow/.local/lib/python3.7/site-packages/airflow/example_dags/example_local_kubernetes_executor.py
[2023-08-03T22:30:44.365+0000] {processor.py:836} INFO - DAG(s) dict_keys(['example_local_kubernetes_executor']) retrieved from /home/airflow/.local/lib/python3.7/site-packages/airflow/example_dags/example_local_kubernetes_executor.py
[2023-08-03T22:30:44.393+0000] {logging_mixin.py:149} INFO - [2023-08-03T22:30:44.393+0000] {dag.py:2726} INFO - Sync 1 DAGs
[2023-08-03T22:30:44.408+0000] {logging_mixin.py:149} INFO - [2023-08-03T22:30:44.408+0000] {dag.py:3490} INFO - Setting next_dagrun for example_local_kubernetes_executor to None, run_after=None
[2023-08-03T22:30:44.424+0000] {processor.py:179} INFO - Processing /home/airflow/.local/lib/python3.7/site-packages/airflow/example_dags/example_local_kubernetes_executor.py took 0.189 seconds
