[2023-08-03T02:37:37.704+0000] {processor.py:157} INFO - Started process (PID=10532) to work on /home/airflow/.local/lib/python3.7/site-packages/airflow/example_dags/example_nested_branch_dag.py
[2023-08-03T02:37:37.705+0000] {processor.py:826} INFO - Processing file /home/airflow/.local/lib/python3.7/site-packages/airflow/example_dags/example_nested_branch_dag.py for tasks to queue
[2023-08-03T02:37:37.709+0000] {logging_mixin.py:149} INFO - [2023-08-03T02:37:37.709+0000] {dagbag.py:541} INFO - Filling up the DagBag from /home/airflow/.local/lib/python3.7/site-packages/airflow/example_dags/example_nested_branch_dag.py
[2023-08-03T02:37:37.719+0000] {processor.py:836} INFO - DAG(s) dict_keys(['example_nested_branch_dag']) retrieved from /home/airflow/.local/lib/python3.7/site-packages/airflow/example_dags/example_nested_branch_dag.py
[2023-08-03T02:37:37.745+0000] {logging_mixin.py:149} INFO - [2023-08-03T02:37:37.745+0000] {dag.py:2726} INFO - Sync 1 DAGs
[2023-08-03T02:37:37.761+0000] {logging_mixin.py:149} INFO - [2023-08-03T02:37:37.761+0000] {dag.py:3490} INFO - Setting next_dagrun for example_nested_branch_dag to 2023-08-02T00:00:00+00:00, run_after=2023-08-03T00:00:00+00:00
[2023-08-03T02:37:37.776+0000] {processor.py:179} INFO - Processing /home/airflow/.local/lib/python3.7/site-packages/airflow/example_dags/example_nested_branch_dag.py took 0.075 seconds
[2023-08-03T06:43:42.345+0000] {processor.py:157} INFO - Started process (PID=10598) to work on /home/airflow/.local/lib/python3.7/site-packages/airflow/example_dags/example_nested_branch_dag.py
[2023-08-03T06:43:42.348+0000] {processor.py:826} INFO - Processing file /home/airflow/.local/lib/python3.7/site-packages/airflow/example_dags/example_nested_branch_dag.py for tasks to queue
[2023-08-03T06:43:42.350+0000] {logging_mixin.py:149} INFO - [2023-08-03T06:43:42.350+0000] {dagbag.py:541} INFO - Filling up the DagBag from /home/airflow/.local/lib/python3.7/site-packages/airflow/example_dags/example_nested_branch_dag.py
[2023-08-03T06:43:42.370+0000] {processor.py:836} INFO - DAG(s) dict_keys(['example_nested_branch_dag']) retrieved from /home/airflow/.local/lib/python3.7/site-packages/airflow/example_dags/example_nested_branch_dag.py
[2023-08-03T06:43:42.416+0000] {logging_mixin.py:149} INFO - [2023-08-03T06:43:42.415+0000] {dag.py:2726} INFO - Sync 1 DAGs
[2023-08-03T06:43:42.437+0000] {logging_mixin.py:149} INFO - [2023-08-03T06:43:42.437+0000] {dag.py:3490} INFO - Setting next_dagrun for example_nested_branch_dag to 2023-08-02T00:00:00+00:00, run_after=2023-08-03T00:00:00+00:00
[2023-08-03T06:43:42.458+0000] {processor.py:179} INFO - Processing /home/airflow/.local/lib/python3.7/site-packages/airflow/example_dags/example_nested_branch_dag.py took 0.128 seconds
[2023-08-03T06:45:49.695+0000] {processor.py:157} INFO - Started process (PID=10664) to work on /home/airflow/.local/lib/python3.7/site-packages/airflow/example_dags/example_nested_branch_dag.py
[2023-08-03T06:45:49.696+0000] {processor.py:826} INFO - Processing file /home/airflow/.local/lib/python3.7/site-packages/airflow/example_dags/example_nested_branch_dag.py for tasks to queue
[2023-08-03T06:45:49.697+0000] {logging_mixin.py:149} INFO - [2023-08-03T06:45:49.697+0000] {dagbag.py:541} INFO - Filling up the DagBag from /home/airflow/.local/lib/python3.7/site-packages/airflow/example_dags/example_nested_branch_dag.py
[2023-08-03T06:45:49.705+0000] {processor.py:836} INFO - DAG(s) dict_keys(['example_nested_branch_dag']) retrieved from /home/airflow/.local/lib/python3.7/site-packages/airflow/example_dags/example_nested_branch_dag.py
[2023-08-03T06:45:49.732+0000] {logging_mixin.py:149} INFO - [2023-08-03T06:45:49.732+0000] {dag.py:2726} INFO - Sync 1 DAGs
[2023-08-03T06:45:49.752+0000] {logging_mixin.py:149} INFO - [2023-08-03T06:45:49.752+0000] {dag.py:3490} INFO - Setting next_dagrun for example_nested_branch_dag to 2023-08-02T00:00:00+00:00, run_after=2023-08-03T00:00:00+00:00
[2023-08-03T06:45:49.774+0000] {processor.py:179} INFO - Processing /home/airflow/.local/lib/python3.7/site-packages/airflow/example_dags/example_nested_branch_dag.py took 0.082 seconds
[2023-08-03T07:10:32.776+0000] {processor.py:157} INFO - Started process (PID=10729) to work on /home/airflow/.local/lib/python3.7/site-packages/airflow/example_dags/example_nested_branch_dag.py
[2023-08-03T07:10:32.778+0000] {processor.py:826} INFO - Processing file /home/airflow/.local/lib/python3.7/site-packages/airflow/example_dags/example_nested_branch_dag.py for tasks to queue
[2023-08-03T07:10:32.779+0000] {logging_mixin.py:149} INFO - [2023-08-03T07:10:32.778+0000] {dagbag.py:541} INFO - Filling up the DagBag from /home/airflow/.local/lib/python3.7/site-packages/airflow/example_dags/example_nested_branch_dag.py
[2023-08-03T07:10:32.787+0000] {processor.py:836} INFO - DAG(s) dict_keys(['example_nested_branch_dag']) retrieved from /home/airflow/.local/lib/python3.7/site-packages/airflow/example_dags/example_nested_branch_dag.py
[2023-08-03T07:10:32.811+0000] {logging_mixin.py:149} INFO - [2023-08-03T07:10:32.810+0000] {dag.py:2726} INFO - Sync 1 DAGs
[2023-08-03T07:10:32.829+0000] {logging_mixin.py:149} INFO - [2023-08-03T07:10:32.829+0000] {dag.py:3490} INFO - Setting next_dagrun for example_nested_branch_dag to 2023-08-02T00:00:00+00:00, run_after=2023-08-03T00:00:00+00:00
[2023-08-03T07:10:32.839+0000] {processor.py:179} INFO - Processing /home/airflow/.local/lib/python3.7/site-packages/airflow/example_dags/example_nested_branch_dag.py took 0.066 seconds
[2023-08-03T10:35:59.445+0000] {processor.py:157} INFO - Started process (PID=10795) to work on /home/airflow/.local/lib/python3.7/site-packages/airflow/example_dags/example_nested_branch_dag.py
[2023-08-03T10:35:59.446+0000] {processor.py:826} INFO - Processing file /home/airflow/.local/lib/python3.7/site-packages/airflow/example_dags/example_nested_branch_dag.py for tasks to queue
[2023-08-03T10:35:59.447+0000] {logging_mixin.py:149} INFO - [2023-08-03T10:35:59.447+0000] {dagbag.py:541} INFO - Filling up the DagBag from /home/airflow/.local/lib/python3.7/site-packages/airflow/example_dags/example_nested_branch_dag.py
[2023-08-03T10:35:59.455+0000] {processor.py:836} INFO - DAG(s) dict_keys(['example_nested_branch_dag']) retrieved from /home/airflow/.local/lib/python3.7/site-packages/airflow/example_dags/example_nested_branch_dag.py
[2023-08-03T10:35:59.483+0000] {logging_mixin.py:149} INFO - [2023-08-03T10:35:59.483+0000] {dag.py:2726} INFO - Sync 1 DAGs
[2023-08-03T10:35:59.503+0000] {logging_mixin.py:149} INFO - [2023-08-03T10:35:59.503+0000] {dag.py:3490} INFO - Setting next_dagrun for example_nested_branch_dag to 2023-08-02T00:00:00+00:00, run_after=2023-08-03T00:00:00+00:00
[2023-08-03T10:35:59.516+0000] {processor.py:179} INFO - Processing /home/airflow/.local/lib/python3.7/site-packages/airflow/example_dags/example_nested_branch_dag.py took 0.074 seconds
[2023-08-03T12:09:51.968+0000] {processor.py:157} INFO - Started process (PID=10861) to work on /home/airflow/.local/lib/python3.7/site-packages/airflow/example_dags/example_nested_branch_dag.py
[2023-08-03T12:09:51.969+0000] {processor.py:826} INFO - Processing file /home/airflow/.local/lib/python3.7/site-packages/airflow/example_dags/example_nested_branch_dag.py for tasks to queue
[2023-08-03T12:09:51.969+0000] {logging_mixin.py:149} INFO - [2023-08-03T12:09:51.969+0000] {dagbag.py:541} INFO - Filling up the DagBag from /home/airflow/.local/lib/python3.7/site-packages/airflow/example_dags/example_nested_branch_dag.py
[2023-08-03T12:09:51.977+0000] {processor.py:836} INFO - DAG(s) dict_keys(['example_nested_branch_dag']) retrieved from /home/airflow/.local/lib/python3.7/site-packages/airflow/example_dags/example_nested_branch_dag.py
[2023-08-03T12:09:52.004+0000] {logging_mixin.py:149} INFO - [2023-08-03T12:09:52.004+0000] {dag.py:2726} INFO - Sync 1 DAGs
[2023-08-03T12:09:52.023+0000] {logging_mixin.py:149} INFO - [2023-08-03T12:09:52.023+0000] {dag.py:3490} INFO - Setting next_dagrun for example_nested_branch_dag to 2023-08-02T00:00:00+00:00, run_after=2023-08-03T00:00:00+00:00
[2023-08-03T12:09:52.037+0000] {processor.py:179} INFO - Processing /home/airflow/.local/lib/python3.7/site-packages/airflow/example_dags/example_nested_branch_dag.py took 0.073 seconds
[2023-08-03T14:17:36.180+0000] {processor.py:157} INFO - Started process (PID=10926) to work on /home/airflow/.local/lib/python3.7/site-packages/airflow/example_dags/example_nested_branch_dag.py
[2023-08-03T14:17:36.181+0000] {processor.py:826} INFO - Processing file /home/airflow/.local/lib/python3.7/site-packages/airflow/example_dags/example_nested_branch_dag.py for tasks to queue
[2023-08-03T14:17:36.182+0000] {logging_mixin.py:149} INFO - [2023-08-03T14:17:36.182+0000] {dagbag.py:541} INFO - Filling up the DagBag from /home/airflow/.local/lib/python3.7/site-packages/airflow/example_dags/example_nested_branch_dag.py
[2023-08-03T14:17:36.192+0000] {processor.py:836} INFO - DAG(s) dict_keys(['example_nested_branch_dag']) retrieved from /home/airflow/.local/lib/python3.7/site-packages/airflow/example_dags/example_nested_branch_dag.py
[2023-08-03T14:17:36.218+0000] {logging_mixin.py:149} INFO - [2023-08-03T14:17:36.218+0000] {dag.py:2726} INFO - Sync 1 DAGs
[2023-08-03T14:17:36.237+0000] {logging_mixin.py:149} INFO - [2023-08-03T14:17:36.237+0000] {dag.py:3490} INFO - Setting next_dagrun for example_nested_branch_dag to 2023-08-02T00:00:00+00:00, run_after=2023-08-03T00:00:00+00:00
[2023-08-03T14:17:36.252+0000] {processor.py:179} INFO - Processing /home/airflow/.local/lib/python3.7/site-packages/airflow/example_dags/example_nested_branch_dag.py took 0.076 seconds
[2023-08-03T16:17:42.506+0000] {processor.py:157} INFO - Started process (PID=10992) to work on /home/airflow/.local/lib/python3.7/site-packages/airflow/example_dags/example_nested_branch_dag.py
[2023-08-03T16:17:42.507+0000] {processor.py:826} INFO - Processing file /home/airflow/.local/lib/python3.7/site-packages/airflow/example_dags/example_nested_branch_dag.py for tasks to queue
[2023-08-03T16:17:42.508+0000] {logging_mixin.py:149} INFO - [2023-08-03T16:17:42.507+0000] {dagbag.py:541} INFO - Filling up the DagBag from /home/airflow/.local/lib/python3.7/site-packages/airflow/example_dags/example_nested_branch_dag.py
[2023-08-03T16:17:42.516+0000] {processor.py:836} INFO - DAG(s) dict_keys(['example_nested_branch_dag']) retrieved from /home/airflow/.local/lib/python3.7/site-packages/airflow/example_dags/example_nested_branch_dag.py
[2023-08-03T16:17:42.538+0000] {logging_mixin.py:149} INFO - [2023-08-03T16:17:42.538+0000] {dag.py:2726} INFO - Sync 1 DAGs
[2023-08-03T16:17:42.557+0000] {logging_mixin.py:149} INFO - [2023-08-03T16:17:42.557+0000] {dag.py:3490} INFO - Setting next_dagrun for example_nested_branch_dag to 2023-08-02T00:00:00+00:00, run_after=2023-08-03T00:00:00+00:00
[2023-08-03T16:17:42.577+0000] {processor.py:179} INFO - Processing /home/airflow/.local/lib/python3.7/site-packages/airflow/example_dags/example_nested_branch_dag.py took 0.075 seconds
[2023-08-03T16:30:03.898+0000] {processor.py:157} INFO - Started process (PID=11057) to work on /home/airflow/.local/lib/python3.7/site-packages/airflow/example_dags/example_nested_branch_dag.py
[2023-08-03T16:30:03.900+0000] {processor.py:826} INFO - Processing file /home/airflow/.local/lib/python3.7/site-packages/airflow/example_dags/example_nested_branch_dag.py for tasks to queue
[2023-08-03T16:30:03.902+0000] {logging_mixin.py:149} INFO - [2023-08-03T16:30:03.902+0000] {dagbag.py:541} INFO - Filling up the DagBag from /home/airflow/.local/lib/python3.7/site-packages/airflow/example_dags/example_nested_branch_dag.py
[2023-08-03T16:30:03.913+0000] {processor.py:836} INFO - DAG(s) dict_keys(['example_nested_branch_dag']) retrieved from /home/airflow/.local/lib/python3.7/site-packages/airflow/example_dags/example_nested_branch_dag.py
[2023-08-03T16:30:03.938+0000] {logging_mixin.py:149} INFO - [2023-08-03T16:30:03.938+0000] {dag.py:2726} INFO - Sync 1 DAGs
[2023-08-03T16:30:03.955+0000] {logging_mixin.py:149} INFO - [2023-08-03T16:30:03.955+0000] {dag.py:3490} INFO - Setting next_dagrun for example_nested_branch_dag to 2023-08-02T00:00:00+00:00, run_after=2023-08-03T00:00:00+00:00
[2023-08-03T16:30:03.968+0000] {processor.py:179} INFO - Processing /home/airflow/.local/lib/python3.7/site-packages/airflow/example_dags/example_nested_branch_dag.py took 0.073 seconds
[2023-08-03T16:47:31.270+0000] {processor.py:157} INFO - Started process (PID=11122) to work on /home/airflow/.local/lib/python3.7/site-packages/airflow/example_dags/example_nested_branch_dag.py
[2023-08-03T16:47:31.272+0000] {processor.py:826} INFO - Processing file /home/airflow/.local/lib/python3.7/site-packages/airflow/example_dags/example_nested_branch_dag.py for tasks to queue
[2023-08-03T16:47:31.273+0000] {logging_mixin.py:149} INFO - [2023-08-03T16:47:31.272+0000] {dagbag.py:541} INFO - Filling up the DagBag from /home/airflow/.local/lib/python3.7/site-packages/airflow/example_dags/example_nested_branch_dag.py
[2023-08-03T16:47:31.281+0000] {processor.py:836} INFO - DAG(s) dict_keys(['example_nested_branch_dag']) retrieved from /home/airflow/.local/lib/python3.7/site-packages/airflow/example_dags/example_nested_branch_dag.py
[2023-08-03T16:47:31.301+0000] {logging_mixin.py:149} INFO - [2023-08-03T16:47:31.301+0000] {dag.py:2726} INFO - Sync 1 DAGs
[2023-08-03T16:47:31.318+0000] {logging_mixin.py:149} INFO - [2023-08-03T16:47:31.317+0000] {dag.py:3490} INFO - Setting next_dagrun for example_nested_branch_dag to 2023-08-02T00:00:00+00:00, run_after=2023-08-03T00:00:00+00:00
[2023-08-03T16:47:31.336+0000] {processor.py:179} INFO - Processing /home/airflow/.local/lib/python3.7/site-packages/airflow/example_dags/example_nested_branch_dag.py took 0.071 seconds
[2023-08-03T19:34:05.761+0000] {processor.py:157} INFO - Started process (PID=11188) to work on /home/airflow/.local/lib/python3.7/site-packages/airflow/example_dags/example_nested_branch_dag.py
[2023-08-03T19:34:05.762+0000] {processor.py:826} INFO - Processing file /home/airflow/.local/lib/python3.7/site-packages/airflow/example_dags/example_nested_branch_dag.py for tasks to queue
[2023-08-03T19:34:05.763+0000] {logging_mixin.py:149} INFO - [2023-08-03T19:34:05.763+0000] {dagbag.py:541} INFO - Filling up the DagBag from /home/airflow/.local/lib/python3.7/site-packages/airflow/example_dags/example_nested_branch_dag.py
[2023-08-03T19:34:05.771+0000] {processor.py:836} INFO - DAG(s) dict_keys(['example_nested_branch_dag']) retrieved from /home/airflow/.local/lib/python3.7/site-packages/airflow/example_dags/example_nested_branch_dag.py
[2023-08-03T19:34:05.797+0000] {logging_mixin.py:149} INFO - [2023-08-03T19:34:05.797+0000] {dag.py:2726} INFO - Sync 1 DAGs
[2023-08-03T19:34:05.820+0000] {logging_mixin.py:149} INFO - [2023-08-03T19:34:05.820+0000] {dag.py:3490} INFO - Setting next_dagrun for example_nested_branch_dag to 2023-08-02T00:00:00+00:00, run_after=2023-08-03T00:00:00+00:00
[2023-08-03T19:34:05.838+0000] {processor.py:179} INFO - Processing /home/airflow/.local/lib/python3.7/site-packages/airflow/example_dags/example_nested_branch_dag.py took 0.080 seconds
[2023-08-03T19:55:25.966+0000] {processor.py:157} INFO - Started process (PID=11254) to work on /home/airflow/.local/lib/python3.7/site-packages/airflow/example_dags/example_nested_branch_dag.py
[2023-08-03T19:55:25.970+0000] {processor.py:826} INFO - Processing file /home/airflow/.local/lib/python3.7/site-packages/airflow/example_dags/example_nested_branch_dag.py for tasks to queue
[2023-08-03T19:55:25.972+0000] {logging_mixin.py:149} INFO - [2023-08-03T19:55:25.972+0000] {dagbag.py:541} INFO - Filling up the DagBag from /home/airflow/.local/lib/python3.7/site-packages/airflow/example_dags/example_nested_branch_dag.py
[2023-08-03T19:55:25.981+0000] {processor.py:836} INFO - DAG(s) dict_keys(['example_nested_branch_dag']) retrieved from /home/airflow/.local/lib/python3.7/site-packages/airflow/example_dags/example_nested_branch_dag.py
[2023-08-03T19:55:26.009+0000] {logging_mixin.py:149} INFO - [2023-08-03T19:55:26.009+0000] {dag.py:2726} INFO - Sync 1 DAGs
[2023-08-03T19:55:26.026+0000] {logging_mixin.py:149} INFO - [2023-08-03T19:55:26.026+0000] {dag.py:3490} INFO - Setting next_dagrun for example_nested_branch_dag to 2023-08-02T00:00:00+00:00, run_after=2023-08-03T00:00:00+00:00
[2023-08-03T19:55:26.040+0000] {processor.py:179} INFO - Processing /home/airflow/.local/lib/python3.7/site-packages/airflow/example_dags/example_nested_branch_dag.py took 0.077 seconds
[2023-08-03T22:30:43.376+0000] {processor.py:157} INFO - Started process (PID=11320) to work on /home/airflow/.local/lib/python3.7/site-packages/airflow/example_dags/example_nested_branch_dag.py
[2023-08-03T22:30:43.377+0000] {processor.py:826} INFO - Processing file /home/airflow/.local/lib/python3.7/site-packages/airflow/example_dags/example_nested_branch_dag.py for tasks to queue
[2023-08-03T22:30:43.378+0000] {logging_mixin.py:149} INFO - [2023-08-03T22:30:43.378+0000] {dagbag.py:541} INFO - Filling up the DagBag from /home/airflow/.local/lib/python3.7/site-packages/airflow/example_dags/example_nested_branch_dag.py
[2023-08-03T22:30:43.387+0000] {processor.py:836} INFO - DAG(s) dict_keys(['example_nested_branch_dag']) retrieved from /home/airflow/.local/lib/python3.7/site-packages/airflow/example_dags/example_nested_branch_dag.py
[2023-08-03T22:30:43.407+0000] {logging_mixin.py:149} INFO - [2023-08-03T22:30:43.407+0000] {dag.py:2726} INFO - Sync 1 DAGs
[2023-08-03T22:30:43.423+0000] {logging_mixin.py:149} INFO - [2023-08-03T22:30:43.423+0000] {dag.py:3490} INFO - Setting next_dagrun for example_nested_branch_dag to 2023-08-02T00:00:00+00:00, run_after=2023-08-03T00:00:00+00:00
[2023-08-03T22:30:43.435+0000] {processor.py:179} INFO - Processing /home/airflow/.local/lib/python3.7/site-packages/airflow/example_dags/example_nested_branch_dag.py took 0.062 seconds
