[2023-08-03T02:37:37.775+0000] {processor.py:157} INFO - Started process (PID=10533) to work on /home/airflow/.local/lib/python3.7/site-packages/airflow/example_dags/example_task_group_decorator.py
[2023-08-03T02:37:37.776+0000] {processor.py:826} INFO - Processing file /home/airflow/.local/lib/python3.7/site-packages/airflow/example_dags/example_task_group_decorator.py for tasks to queue
[2023-08-03T02:37:37.780+0000] {logging_mixin.py:149} INFO - [2023-08-03T02:37:37.780+0000] {dagbag.py:541} INFO - Filling up the DagBag from /home/airflow/.local/lib/python3.7/site-packages/airflow/example_dags/example_task_group_decorator.py
[2023-08-03T02:37:37.799+0000] {processor.py:836} INFO - DAG(s) dict_keys(['example_task_group_decorator']) retrieved from /home/airflow/.local/lib/python3.7/site-packages/airflow/example_dags/example_task_group_decorator.py
[2023-08-03T02:37:37.844+0000] {logging_mixin.py:149} INFO - [2023-08-03T02:37:37.844+0000] {dag.py:2726} INFO - Sync 1 DAGs
[2023-08-03T02:37:37.862+0000] {logging_mixin.py:149} INFO - [2023-08-03T02:37:37.862+0000] {dag.py:3490} INFO - Setting next_dagrun for example_task_group_decorator to 2023-08-02T02:37:37.861932+00:00, run_after=2023-08-03T02:37:37.861932+00:00
[2023-08-03T02:37:37.879+0000] {processor.py:179} INFO - Processing /home/airflow/.local/lib/python3.7/site-packages/airflow/example_dags/example_task_group_decorator.py took 0.108 seconds
[2023-08-03T06:43:42.455+0000] {processor.py:157} INFO - Started process (PID=10599) to work on /home/airflow/.local/lib/python3.7/site-packages/airflow/example_dags/example_task_group_decorator.py
[2023-08-03T06:43:42.457+0000] {processor.py:826} INFO - Processing file /home/airflow/.local/lib/python3.7/site-packages/airflow/example_dags/example_task_group_decorator.py for tasks to queue
[2023-08-03T06:43:42.457+0000] {logging_mixin.py:149} INFO - [2023-08-03T06:43:42.457+0000] {dagbag.py:541} INFO - Filling up the DagBag from /home/airflow/.local/lib/python3.7/site-packages/airflow/example_dags/example_task_group_decorator.py
[2023-08-03T06:43:42.477+0000] {processor.py:836} INFO - DAG(s) dict_keys(['example_task_group_decorator']) retrieved from /home/airflow/.local/lib/python3.7/site-packages/airflow/example_dags/example_task_group_decorator.py
[2023-08-03T06:43:42.509+0000] {logging_mixin.py:149} INFO - [2023-08-03T06:43:42.508+0000] {dag.py:2726} INFO - Sync 1 DAGs
[2023-08-03T06:43:42.537+0000] {logging_mixin.py:149} INFO - [2023-08-03T06:43:42.537+0000] {dag.py:3490} INFO - Setting next_dagrun for example_task_group_decorator to 2023-08-02T06:43:42.537592+00:00, run_after=2023-08-03T06:43:42.537592+00:00
[2023-08-03T06:43:42.564+0000] {processor.py:179} INFO - Processing /home/airflow/.local/lib/python3.7/site-packages/airflow/example_dags/example_task_group_decorator.py took 0.112 seconds
[2023-08-03T06:45:49.806+0000] {processor.py:157} INFO - Started process (PID=10665) to work on /home/airflow/.local/lib/python3.7/site-packages/airflow/example_dags/example_task_group_decorator.py
[2023-08-03T06:45:49.808+0000] {processor.py:826} INFO - Processing file /home/airflow/.local/lib/python3.7/site-packages/airflow/example_dags/example_task_group_decorator.py for tasks to queue
[2023-08-03T06:45:49.809+0000] {logging_mixin.py:149} INFO - [2023-08-03T06:45:49.809+0000] {dagbag.py:541} INFO - Filling up the DagBag from /home/airflow/.local/lib/python3.7/site-packages/airflow/example_dags/example_task_group_decorator.py
[2023-08-03T06:45:49.819+0000] {processor.py:836} INFO - DAG(s) dict_keys(['example_task_group_decorator']) retrieved from /home/airflow/.local/lib/python3.7/site-packages/airflow/example_dags/example_task_group_decorator.py
[2023-08-03T06:45:49.841+0000] {logging_mixin.py:149} INFO - [2023-08-03T06:45:49.841+0000] {dag.py:2726} INFO - Sync 1 DAGs
[2023-08-03T06:45:49.858+0000] {logging_mixin.py:149} INFO - [2023-08-03T06:45:49.858+0000] {dag.py:3490} INFO - Setting next_dagrun for example_task_group_decorator to 2023-08-02T06:45:49.858442+00:00, run_after=2023-08-03T06:45:49.858442+00:00
[2023-08-03T06:45:49.869+0000] {processor.py:179} INFO - Processing /home/airflow/.local/lib/python3.7/site-packages/airflow/example_dags/example_task_group_decorator.py took 0.067 seconds
[2023-08-03T07:10:32.843+0000] {processor.py:157} INFO - Started process (PID=10730) to work on /home/airflow/.local/lib/python3.7/site-packages/airflow/example_dags/example_task_group_decorator.py
[2023-08-03T07:10:32.844+0000] {processor.py:826} INFO - Processing file /home/airflow/.local/lib/python3.7/site-packages/airflow/example_dags/example_task_group_decorator.py for tasks to queue
[2023-08-03T07:10:32.845+0000] {logging_mixin.py:149} INFO - [2023-08-03T07:10:32.845+0000] {dagbag.py:541} INFO - Filling up the DagBag from /home/airflow/.local/lib/python3.7/site-packages/airflow/example_dags/example_task_group_decorator.py
[2023-08-03T07:10:32.855+0000] {processor.py:836} INFO - DAG(s) dict_keys(['example_task_group_decorator']) retrieved from /home/airflow/.local/lib/python3.7/site-packages/airflow/example_dags/example_task_group_decorator.py
[2023-08-03T07:10:32.878+0000] {logging_mixin.py:149} INFO - [2023-08-03T07:10:32.877+0000] {dag.py:2726} INFO - Sync 1 DAGs
[2023-08-03T07:10:32.902+0000] {logging_mixin.py:149} INFO - [2023-08-03T07:10:32.902+0000] {dag.py:3490} INFO - Setting next_dagrun for example_task_group_decorator to 2023-08-02T07:10:32.902126+00:00, run_after=2023-08-03T07:10:32.902126+00:00
[2023-08-03T07:10:32.913+0000] {processor.py:179} INFO - Processing /home/airflow/.local/lib/python3.7/site-packages/airflow/example_dags/example_task_group_decorator.py took 0.073 seconds
[2023-08-03T10:35:59.509+0000] {processor.py:157} INFO - Started process (PID=10796) to work on /home/airflow/.local/lib/python3.7/site-packages/airflow/example_dags/example_task_group_decorator.py
[2023-08-03T10:35:59.510+0000] {processor.py:826} INFO - Processing file /home/airflow/.local/lib/python3.7/site-packages/airflow/example_dags/example_task_group_decorator.py for tasks to queue
[2023-08-03T10:35:59.511+0000] {logging_mixin.py:149} INFO - [2023-08-03T10:35:59.511+0000] {dagbag.py:541} INFO - Filling up the DagBag from /home/airflow/.local/lib/python3.7/site-packages/airflow/example_dags/example_task_group_decorator.py
[2023-08-03T10:35:59.524+0000] {processor.py:836} INFO - DAG(s) dict_keys(['example_task_group_decorator']) retrieved from /home/airflow/.local/lib/python3.7/site-packages/airflow/example_dags/example_task_group_decorator.py
[2023-08-03T10:35:59.553+0000] {logging_mixin.py:149} INFO - [2023-08-03T10:35:59.553+0000] {dag.py:2726} INFO - Sync 1 DAGs
[2023-08-03T10:35:59.572+0000] {logging_mixin.py:149} INFO - [2023-08-03T10:35:59.572+0000] {dag.py:3490} INFO - Setting next_dagrun for example_task_group_decorator to 2023-08-02T10:35:59.572349+00:00, run_after=2023-08-03T10:35:59.572349+00:00
[2023-08-03T10:35:59.584+0000] {processor.py:179} INFO - Processing /home/airflow/.local/lib/python3.7/site-packages/airflow/example_dags/example_task_group_decorator.py took 0.079 seconds
[2023-08-03T12:09:52.015+0000] {processor.py:157} INFO - Started process (PID=10862) to work on /home/airflow/.local/lib/python3.7/site-packages/airflow/example_dags/example_task_group_decorator.py
[2023-08-03T12:09:52.016+0000] {processor.py:826} INFO - Processing file /home/airflow/.local/lib/python3.7/site-packages/airflow/example_dags/example_task_group_decorator.py for tasks to queue
[2023-08-03T12:09:52.017+0000] {logging_mixin.py:149} INFO - [2023-08-03T12:09:52.017+0000] {dagbag.py:541} INFO - Filling up the DagBag from /home/airflow/.local/lib/python3.7/site-packages/airflow/example_dags/example_task_group_decorator.py
[2023-08-03T12:09:52.028+0000] {processor.py:836} INFO - DAG(s) dict_keys(['example_task_group_decorator']) retrieved from /home/airflow/.local/lib/python3.7/site-packages/airflow/example_dags/example_task_group_decorator.py
[2023-08-03T12:09:52.056+0000] {logging_mixin.py:149} INFO - [2023-08-03T12:09:52.056+0000] {dag.py:2726} INFO - Sync 1 DAGs
[2023-08-03T12:09:52.073+0000] {logging_mixin.py:149} INFO - [2023-08-03T12:09:52.073+0000] {dag.py:3490} INFO - Setting next_dagrun for example_task_group_decorator to 2023-08-02T12:09:52.072797+00:00, run_after=2023-08-03T12:09:52.072797+00:00
[2023-08-03T12:09:52.085+0000] {processor.py:179} INFO - Processing /home/airflow/.local/lib/python3.7/site-packages/airflow/example_dags/example_task_group_decorator.py took 0.073 seconds
[2023-08-03T14:17:36.285+0000] {processor.py:157} INFO - Started process (PID=10927) to work on /home/airflow/.local/lib/python3.7/site-packages/airflow/example_dags/example_task_group_decorator.py
[2023-08-03T14:17:36.286+0000] {processor.py:826} INFO - Processing file /home/airflow/.local/lib/python3.7/site-packages/airflow/example_dags/example_task_group_decorator.py for tasks to queue
[2023-08-03T14:17:36.287+0000] {logging_mixin.py:149} INFO - [2023-08-03T14:17:36.287+0000] {dagbag.py:541} INFO - Filling up the DagBag from /home/airflow/.local/lib/python3.7/site-packages/airflow/example_dags/example_task_group_decorator.py
[2023-08-03T14:17:36.297+0000] {processor.py:836} INFO - DAG(s) dict_keys(['example_task_group_decorator']) retrieved from /home/airflow/.local/lib/python3.7/site-packages/airflow/example_dags/example_task_group_decorator.py
[2023-08-03T14:17:36.318+0000] {logging_mixin.py:149} INFO - [2023-08-03T14:17:36.318+0000] {dag.py:2726} INFO - Sync 1 DAGs
[2023-08-03T14:17:36.334+0000] {logging_mixin.py:149} INFO - [2023-08-03T14:17:36.334+0000] {dag.py:3490} INFO - Setting next_dagrun for example_task_group_decorator to 2023-08-02T14:17:36.333899+00:00, run_after=2023-08-03T14:17:36.333899+00:00
[2023-08-03T14:17:36.346+0000] {processor.py:179} INFO - Processing /home/airflow/.local/lib/python3.7/site-packages/airflow/example_dags/example_task_group_decorator.py took 0.064 seconds
[2023-08-03T16:17:42.607+0000] {processor.py:157} INFO - Started process (PID=10993) to work on /home/airflow/.local/lib/python3.7/site-packages/airflow/example_dags/example_task_group_decorator.py
[2023-08-03T16:17:42.608+0000] {processor.py:826} INFO - Processing file /home/airflow/.local/lib/python3.7/site-packages/airflow/example_dags/example_task_group_decorator.py for tasks to queue
[2023-08-03T16:17:42.609+0000] {logging_mixin.py:149} INFO - [2023-08-03T16:17:42.608+0000] {dagbag.py:541} INFO - Filling up the DagBag from /home/airflow/.local/lib/python3.7/site-packages/airflow/example_dags/example_task_group_decorator.py
[2023-08-03T16:17:42.621+0000] {processor.py:836} INFO - DAG(s) dict_keys(['example_task_group_decorator']) retrieved from /home/airflow/.local/lib/python3.7/site-packages/airflow/example_dags/example_task_group_decorator.py
[2023-08-03T16:17:42.646+0000] {logging_mixin.py:149} INFO - [2023-08-03T16:17:42.646+0000] {dag.py:2726} INFO - Sync 1 DAGs
[2023-08-03T16:17:42.661+0000] {logging_mixin.py:149} INFO - [2023-08-03T16:17:42.661+0000] {dag.py:3490} INFO - Setting next_dagrun for example_task_group_decorator to 2023-08-02T16:17:42.661686+00:00, run_after=2023-08-03T16:17:42.661686+00:00
[2023-08-03T16:17:42.677+0000] {processor.py:179} INFO - Processing /home/airflow/.local/lib/python3.7/site-packages/airflow/example_dags/example_task_group_decorator.py took 0.072 seconds
[2023-08-03T16:30:03.911+0000] {processor.py:157} INFO - Started process (PID=11058) to work on /home/airflow/.local/lib/python3.7/site-packages/airflow/example_dags/example_task_group_decorator.py
[2023-08-03T16:30:03.913+0000] {processor.py:826} INFO - Processing file /home/airflow/.local/lib/python3.7/site-packages/airflow/example_dags/example_task_group_decorator.py for tasks to queue
[2023-08-03T16:30:03.913+0000] {logging_mixin.py:149} INFO - [2023-08-03T16:30:03.913+0000] {dagbag.py:541} INFO - Filling up the DagBag from /home/airflow/.local/lib/python3.7/site-packages/airflow/example_dags/example_task_group_decorator.py
[2023-08-03T16:30:03.924+0000] {processor.py:836} INFO - DAG(s) dict_keys(['example_task_group_decorator']) retrieved from /home/airflow/.local/lib/python3.7/site-packages/airflow/example_dags/example_task_group_decorator.py
[2023-08-03T16:30:03.945+0000] {logging_mixin.py:149} INFO - [2023-08-03T16:30:03.945+0000] {dag.py:2726} INFO - Sync 1 DAGs
[2023-08-03T16:30:03.961+0000] {logging_mixin.py:149} INFO - [2023-08-03T16:30:03.961+0000] {dag.py:3490} INFO - Setting next_dagrun for example_task_group_decorator to 2023-08-02T16:30:03.961279+00:00, run_after=2023-08-03T16:30:03.961279+00:00
[2023-08-03T16:30:03.972+0000] {processor.py:179} INFO - Processing /home/airflow/.local/lib/python3.7/site-packages/airflow/example_dags/example_task_group_decorator.py took 0.071 seconds
[2023-08-03T16:47:31.334+0000] {processor.py:157} INFO - Started process (PID=11123) to work on /home/airflow/.local/lib/python3.7/site-packages/airflow/example_dags/example_task_group_decorator.py
[2023-08-03T16:47:31.335+0000] {processor.py:826} INFO - Processing file /home/airflow/.local/lib/python3.7/site-packages/airflow/example_dags/example_task_group_decorator.py for tasks to queue
[2023-08-03T16:47:31.336+0000] {logging_mixin.py:149} INFO - [2023-08-03T16:47:31.336+0000] {dagbag.py:541} INFO - Filling up the DagBag from /home/airflow/.local/lib/python3.7/site-packages/airflow/example_dags/example_task_group_decorator.py
[2023-08-03T16:47:31.349+0000] {processor.py:836} INFO - DAG(s) dict_keys(['example_task_group_decorator']) retrieved from /home/airflow/.local/lib/python3.7/site-packages/airflow/example_dags/example_task_group_decorator.py
[2023-08-03T16:47:31.371+0000] {logging_mixin.py:149} INFO - [2023-08-03T16:47:31.371+0000] {dag.py:2726} INFO - Sync 1 DAGs
[2023-08-03T16:47:31.386+0000] {logging_mixin.py:149} INFO - [2023-08-03T16:47:31.386+0000] {dag.py:3490} INFO - Setting next_dagrun for example_task_group_decorator to 2023-08-02T16:47:31.386434+00:00, run_after=2023-08-03T16:47:31.386434+00:00
[2023-08-03T16:47:31.397+0000] {processor.py:179} INFO - Processing /home/airflow/.local/lib/python3.7/site-packages/airflow/example_dags/example_task_group_decorator.py took 0.065 seconds
[2023-08-03T19:34:05.840+0000] {processor.py:157} INFO - Started process (PID=11189) to work on /home/airflow/.local/lib/python3.7/site-packages/airflow/example_dags/example_task_group_decorator.py
[2023-08-03T19:34:05.844+0000] {processor.py:826} INFO - Processing file /home/airflow/.local/lib/python3.7/site-packages/airflow/example_dags/example_task_group_decorator.py for tasks to queue
[2023-08-03T19:34:05.844+0000] {logging_mixin.py:149} INFO - [2023-08-03T19:34:05.844+0000] {dagbag.py:541} INFO - Filling up the DagBag from /home/airflow/.local/lib/python3.7/site-packages/airflow/example_dags/example_task_group_decorator.py
[2023-08-03T19:34:05.855+0000] {processor.py:836} INFO - DAG(s) dict_keys(['example_task_group_decorator']) retrieved from /home/airflow/.local/lib/python3.7/site-packages/airflow/example_dags/example_task_group_decorator.py
[2023-08-03T19:34:05.876+0000] {logging_mixin.py:149} INFO - [2023-08-03T19:34:05.876+0000] {dag.py:2726} INFO - Sync 1 DAGs
[2023-08-03T19:34:05.892+0000] {logging_mixin.py:149} INFO - [2023-08-03T19:34:05.892+0000] {dag.py:3490} INFO - Setting next_dagrun for example_task_group_decorator to 2023-08-02T19:34:05.892263+00:00, run_after=2023-08-03T19:34:05.892263+00:00
[2023-08-03T19:34:05.907+0000] {processor.py:179} INFO - Processing /home/airflow/.local/lib/python3.7/site-packages/airflow/example_dags/example_task_group_decorator.py took 0.072 seconds
[2023-08-03T19:55:26.066+0000] {processor.py:157} INFO - Started process (PID=11255) to work on /home/airflow/.local/lib/python3.7/site-packages/airflow/example_dags/example_task_group_decorator.py
[2023-08-03T19:55:26.067+0000] {processor.py:826} INFO - Processing file /home/airflow/.local/lib/python3.7/site-packages/airflow/example_dags/example_task_group_decorator.py for tasks to queue
[2023-08-03T19:55:26.068+0000] {logging_mixin.py:149} INFO - [2023-08-03T19:55:26.068+0000] {dagbag.py:541} INFO - Filling up the DagBag from /home/airflow/.local/lib/python3.7/site-packages/airflow/example_dags/example_task_group_decorator.py
[2023-08-03T19:55:26.084+0000] {processor.py:836} INFO - DAG(s) dict_keys(['example_task_group_decorator']) retrieved from /home/airflow/.local/lib/python3.7/site-packages/airflow/example_dags/example_task_group_decorator.py
[2023-08-03T19:55:26.105+0000] {logging_mixin.py:149} INFO - [2023-08-03T19:55:26.105+0000] {dag.py:2726} INFO - Sync 1 DAGs
[2023-08-03T19:55:26.130+0000] {logging_mixin.py:149} INFO - [2023-08-03T19:55:26.130+0000] {dag.py:3490} INFO - Setting next_dagrun for example_task_group_decorator to 2023-08-02T19:55:26.129795+00:00, run_after=2023-08-03T19:55:26.129795+00:00
[2023-08-03T19:55:26.151+0000] {processor.py:179} INFO - Processing /home/airflow/.local/lib/python3.7/site-packages/airflow/example_dags/example_task_group_decorator.py took 0.088 seconds
[2023-08-03T22:30:43.461+0000] {processor.py:157} INFO - Started process (PID=11321) to work on /home/airflow/.local/lib/python3.7/site-packages/airflow/example_dags/example_task_group_decorator.py
[2023-08-03T22:30:43.462+0000] {processor.py:826} INFO - Processing file /home/airflow/.local/lib/python3.7/site-packages/airflow/example_dags/example_task_group_decorator.py for tasks to queue
[2023-08-03T22:30:43.463+0000] {logging_mixin.py:149} INFO - [2023-08-03T22:30:43.463+0000] {dagbag.py:541} INFO - Filling up the DagBag from /home/airflow/.local/lib/python3.7/site-packages/airflow/example_dags/example_task_group_decorator.py
[2023-08-03T22:30:43.473+0000] {processor.py:836} INFO - DAG(s) dict_keys(['example_task_group_decorator']) retrieved from /home/airflow/.local/lib/python3.7/site-packages/airflow/example_dags/example_task_group_decorator.py
[2023-08-03T22:30:43.494+0000] {logging_mixin.py:149} INFO - [2023-08-03T22:30:43.494+0000] {dag.py:2726} INFO - Sync 1 DAGs
[2023-08-03T22:30:43.509+0000] {logging_mixin.py:149} INFO - [2023-08-03T22:30:43.509+0000] {dag.py:3490} INFO - Setting next_dagrun for example_task_group_decorator to 2023-08-02T22:30:43.509177+00:00, run_after=2023-08-03T22:30:43.509177+00:00
[2023-08-03T22:30:43.523+0000] {processor.py:179} INFO - Processing /home/airflow/.local/lib/python3.7/site-packages/airflow/example_dags/example_task_group_decorator.py took 0.065 seconds
