[2023-08-03T02:37:39.369+0000] {processor.py:157} INFO - Started process (PID=10561) to work on /home/airflow/.local/lib/python3.7/site-packages/airflow/example_dags/example_latest_only_with_trigger.py
[2023-08-03T02:37:39.370+0000] {processor.py:826} INFO - Processing file /home/airflow/.local/lib/python3.7/site-packages/airflow/example_dags/example_latest_only_with_trigger.py for tasks to queue
[2023-08-03T02:37:39.370+0000] {logging_mixin.py:149} INFO - [2023-08-03T02:37:39.370+0000] {dagbag.py:541} INFO - Filling up the DagBag from /home/airflow/.local/lib/python3.7/site-packages/airflow/example_dags/example_latest_only_with_trigger.py
[2023-08-03T02:37:39.375+0000] {processor.py:836} INFO - DAG(s) dict_keys(['latest_only_with_trigger']) retrieved from /home/airflow/.local/lib/python3.7/site-packages/airflow/example_dags/example_latest_only_with_trigger.py
[2023-08-03T02:37:39.394+0000] {logging_mixin.py:149} INFO - [2023-08-03T02:37:39.394+0000] {dag.py:2726} INFO - Sync 1 DAGs
[2023-08-03T02:37:39.411+0000] {logging_mixin.py:149} INFO - [2023-08-03T02:37:39.411+0000] {dag.py:3490} INFO - Setting next_dagrun for latest_only_with_trigger to 2023-08-02T22:37:39.410916+00:00, run_after=2023-08-03T02:37:39.410916+00:00
[2023-08-03T02:37:39.421+0000] {processor.py:179} INFO - Processing /home/airflow/.local/lib/python3.7/site-packages/airflow/example_dags/example_latest_only_with_trigger.py took 0.055 seconds
[2023-08-03T06:43:44.729+0000] {processor.py:157} INFO - Started process (PID=10627) to work on /home/airflow/.local/lib/python3.7/site-packages/airflow/example_dags/example_latest_only_with_trigger.py
[2023-08-03T06:43:44.730+0000] {processor.py:826} INFO - Processing file /home/airflow/.local/lib/python3.7/site-packages/airflow/example_dags/example_latest_only_with_trigger.py for tasks to queue
[2023-08-03T06:43:44.731+0000] {logging_mixin.py:149} INFO - [2023-08-03T06:43:44.731+0000] {dagbag.py:541} INFO - Filling up the DagBag from /home/airflow/.local/lib/python3.7/site-packages/airflow/example_dags/example_latest_only_with_trigger.py
[2023-08-03T06:43:44.737+0000] {processor.py:836} INFO - DAG(s) dict_keys(['latest_only_with_trigger']) retrieved from /home/airflow/.local/lib/python3.7/site-packages/airflow/example_dags/example_latest_only_with_trigger.py
[2023-08-03T06:43:44.774+0000] {logging_mixin.py:149} INFO - [2023-08-03T06:43:44.774+0000] {dag.py:2726} INFO - Sync 1 DAGs
[2023-08-03T06:43:44.798+0000] {logging_mixin.py:149} INFO - [2023-08-03T06:43:44.798+0000] {dag.py:3490} INFO - Setting next_dagrun for latest_only_with_trigger to 2023-08-03T02:43:44.798146+00:00, run_after=2023-08-03T06:43:44.798146+00:00
[2023-08-03T06:43:44.810+0000] {processor.py:179} INFO - Processing /home/airflow/.local/lib/python3.7/site-packages/airflow/example_dags/example_latest_only_with_trigger.py took 0.084 seconds
[2023-08-03T06:45:52.069+0000] {processor.py:157} INFO - Started process (PID=10693) to work on /home/airflow/.local/lib/python3.7/site-packages/airflow/example_dags/example_latest_only_with_trigger.py
[2023-08-03T06:45:52.073+0000] {processor.py:826} INFO - Processing file /home/airflow/.local/lib/python3.7/site-packages/airflow/example_dags/example_latest_only_with_trigger.py for tasks to queue
[2023-08-03T06:45:52.073+0000] {logging_mixin.py:149} INFO - [2023-08-03T06:45:52.073+0000] {dagbag.py:541} INFO - Filling up the DagBag from /home/airflow/.local/lib/python3.7/site-packages/airflow/example_dags/example_latest_only_with_trigger.py
[2023-08-03T06:45:52.091+0000] {processor.py:836} INFO - DAG(s) dict_keys(['latest_only_with_trigger']) retrieved from /home/airflow/.local/lib/python3.7/site-packages/airflow/example_dags/example_latest_only_with_trigger.py
[2023-08-03T06:45:52.138+0000] {logging_mixin.py:149} INFO - [2023-08-03T06:45:52.137+0000] {dag.py:2726} INFO - Sync 1 DAGs
[2023-08-03T06:45:52.163+0000] {logging_mixin.py:149} INFO - [2023-08-03T06:45:52.162+0000] {dag.py:3490} INFO - Setting next_dagrun for latest_only_with_trigger to 2023-08-03T02:45:52.161406+00:00, run_after=2023-08-03T06:45:52.161406+00:00
[2023-08-03T06:45:52.193+0000] {processor.py:179} INFO - Processing /home/airflow/.local/lib/python3.7/site-packages/airflow/example_dags/example_latest_only_with_trigger.py took 0.130 seconds
[2023-08-03T07:10:34.308+0000] {processor.py:157} INFO - Started process (PID=10758) to work on /home/airflow/.local/lib/python3.7/site-packages/airflow/example_dags/example_latest_only_with_trigger.py
[2023-08-03T07:10:34.310+0000] {processor.py:826} INFO - Processing file /home/airflow/.local/lib/python3.7/site-packages/airflow/example_dags/example_latest_only_with_trigger.py for tasks to queue
[2023-08-03T07:10:34.310+0000] {logging_mixin.py:149} INFO - [2023-08-03T07:10:34.310+0000] {dagbag.py:541} INFO - Filling up the DagBag from /home/airflow/.local/lib/python3.7/site-packages/airflow/example_dags/example_latest_only_with_trigger.py
[2023-08-03T07:10:34.316+0000] {processor.py:836} INFO - DAG(s) dict_keys(['latest_only_with_trigger']) retrieved from /home/airflow/.local/lib/python3.7/site-packages/airflow/example_dags/example_latest_only_with_trigger.py
[2023-08-03T07:10:34.340+0000] {logging_mixin.py:149} INFO - [2023-08-03T07:10:34.340+0000] {dag.py:2726} INFO - Sync 1 DAGs
[2023-08-03T07:10:34.357+0000] {logging_mixin.py:149} INFO - [2023-08-03T07:10:34.357+0000] {dag.py:3490} INFO - Setting next_dagrun for latest_only_with_trigger to 2023-08-03T03:10:34.357519+00:00, run_after=2023-08-03T07:10:34.357519+00:00
[2023-08-03T07:10:34.368+0000] {processor.py:179} INFO - Processing /home/airflow/.local/lib/python3.7/site-packages/airflow/example_dags/example_latest_only_with_trigger.py took 0.063 seconds
[2023-08-03T10:36:00.946+0000] {processor.py:157} INFO - Started process (PID=10824) to work on /home/airflow/.local/lib/python3.7/site-packages/airflow/example_dags/example_latest_only_with_trigger.py
[2023-08-03T10:36:00.947+0000] {processor.py:826} INFO - Processing file /home/airflow/.local/lib/python3.7/site-packages/airflow/example_dags/example_latest_only_with_trigger.py for tasks to queue
[2023-08-03T10:36:00.948+0000] {logging_mixin.py:149} INFO - [2023-08-03T10:36:00.948+0000] {dagbag.py:541} INFO - Filling up the DagBag from /home/airflow/.local/lib/python3.7/site-packages/airflow/example_dags/example_latest_only_with_trigger.py
[2023-08-03T10:36:00.953+0000] {processor.py:836} INFO - DAG(s) dict_keys(['latest_only_with_trigger']) retrieved from /home/airflow/.local/lib/python3.7/site-packages/airflow/example_dags/example_latest_only_with_trigger.py
[2023-08-03T10:36:00.979+0000] {logging_mixin.py:149} INFO - [2023-08-03T10:36:00.979+0000] {dag.py:2726} INFO - Sync 1 DAGs
[2023-08-03T10:36:00.999+0000] {logging_mixin.py:149} INFO - [2023-08-03T10:36:00.999+0000] {dag.py:3490} INFO - Setting next_dagrun for latest_only_with_trigger to 2023-08-03T06:36:00.999256+00:00, run_after=2023-08-03T10:36:00.999256+00:00
[2023-08-03T10:36:01.013+0000] {processor.py:179} INFO - Processing /home/airflow/.local/lib/python3.7/site-packages/airflow/example_dags/example_latest_only_with_trigger.py took 0.070 seconds
[2023-08-03T12:09:53.453+0000] {processor.py:157} INFO - Started process (PID=10890) to work on /home/airflow/.local/lib/python3.7/site-packages/airflow/example_dags/example_latest_only_with_trigger.py
[2023-08-03T12:09:53.454+0000] {processor.py:826} INFO - Processing file /home/airflow/.local/lib/python3.7/site-packages/airflow/example_dags/example_latest_only_with_trigger.py for tasks to queue
[2023-08-03T12:09:53.455+0000] {logging_mixin.py:149} INFO - [2023-08-03T12:09:53.455+0000] {dagbag.py:541} INFO - Filling up the DagBag from /home/airflow/.local/lib/python3.7/site-packages/airflow/example_dags/example_latest_only_with_trigger.py
[2023-08-03T12:09:53.460+0000] {processor.py:836} INFO - DAG(s) dict_keys(['latest_only_with_trigger']) retrieved from /home/airflow/.local/lib/python3.7/site-packages/airflow/example_dags/example_latest_only_with_trigger.py
[2023-08-03T12:09:53.480+0000] {logging_mixin.py:149} INFO - [2023-08-03T12:09:53.480+0000] {dag.py:2726} INFO - Sync 1 DAGs
[2023-08-03T12:09:53.496+0000] {logging_mixin.py:149} INFO - [2023-08-03T12:09:53.496+0000] {dag.py:3490} INFO - Setting next_dagrun for latest_only_with_trigger to 2023-08-03T08:09:53.495805+00:00, run_after=2023-08-03T12:09:53.495805+00:00
[2023-08-03T12:09:53.510+0000] {processor.py:179} INFO - Processing /home/airflow/.local/lib/python3.7/site-packages/airflow/example_dags/example_latest_only_with_trigger.py took 0.059 seconds
[2023-08-03T14:17:37.924+0000] {processor.py:157} INFO - Started process (PID=10955) to work on /home/airflow/.local/lib/python3.7/site-packages/airflow/example_dags/example_latest_only_with_trigger.py
[2023-08-03T14:17:37.925+0000] {processor.py:826} INFO - Processing file /home/airflow/.local/lib/python3.7/site-packages/airflow/example_dags/example_latest_only_with_trigger.py for tasks to queue
[2023-08-03T14:17:37.926+0000] {logging_mixin.py:149} INFO - [2023-08-03T14:17:37.926+0000] {dagbag.py:541} INFO - Filling up the DagBag from /home/airflow/.local/lib/python3.7/site-packages/airflow/example_dags/example_latest_only_with_trigger.py
[2023-08-03T14:17:37.932+0000] {processor.py:836} INFO - DAG(s) dict_keys(['latest_only_with_trigger']) retrieved from /home/airflow/.local/lib/python3.7/site-packages/airflow/example_dags/example_latest_only_with_trigger.py
[2023-08-03T14:17:37.954+0000] {logging_mixin.py:149} INFO - [2023-08-03T14:17:37.954+0000] {dag.py:2726} INFO - Sync 1 DAGs
[2023-08-03T14:17:37.974+0000] {logging_mixin.py:149} INFO - [2023-08-03T14:17:37.974+0000] {dag.py:3490} INFO - Setting next_dagrun for latest_only_with_trigger to 2023-08-03T10:17:37.974254+00:00, run_after=2023-08-03T14:17:37.974254+00:00
[2023-08-03T14:17:37.990+0000] {processor.py:179} INFO - Processing /home/airflow/.local/lib/python3.7/site-packages/airflow/example_dags/example_latest_only_with_trigger.py took 0.070 seconds
[2023-08-03T16:17:44.515+0000] {processor.py:157} INFO - Started process (PID=11021) to work on /home/airflow/.local/lib/python3.7/site-packages/airflow/example_dags/example_latest_only_with_trigger.py
[2023-08-03T16:17:44.516+0000] {processor.py:826} INFO - Processing file /home/airflow/.local/lib/python3.7/site-packages/airflow/example_dags/example_latest_only_with_trigger.py for tasks to queue
[2023-08-03T16:17:44.517+0000] {logging_mixin.py:149} INFO - [2023-08-03T16:17:44.517+0000] {dagbag.py:541} INFO - Filling up the DagBag from /home/airflow/.local/lib/python3.7/site-packages/airflow/example_dags/example_latest_only_with_trigger.py
[2023-08-03T16:17:44.523+0000] {processor.py:836} INFO - DAG(s) dict_keys(['latest_only_with_trigger']) retrieved from /home/airflow/.local/lib/python3.7/site-packages/airflow/example_dags/example_latest_only_with_trigger.py
[2023-08-03T16:17:44.548+0000] {logging_mixin.py:149} INFO - [2023-08-03T16:17:44.547+0000] {dag.py:2726} INFO - Sync 1 DAGs
[2023-08-03T16:17:44.565+0000] {logging_mixin.py:149} INFO - [2023-08-03T16:17:44.565+0000] {dag.py:3490} INFO - Setting next_dagrun for latest_only_with_trigger to 2023-08-03T12:17:44.565292+00:00, run_after=2023-08-03T16:17:44.565292+00:00
[2023-08-03T16:17:44.577+0000] {processor.py:179} INFO - Processing /home/airflow/.local/lib/python3.7/site-packages/airflow/example_dags/example_latest_only_with_trigger.py took 0.065 seconds
[2023-08-03T16:30:05.426+0000] {processor.py:157} INFO - Started process (PID=11086) to work on /home/airflow/.local/lib/python3.7/site-packages/airflow/example_dags/example_latest_only_with_trigger.py
[2023-08-03T16:30:05.427+0000] {processor.py:826} INFO - Processing file /home/airflow/.local/lib/python3.7/site-packages/airflow/example_dags/example_latest_only_with_trigger.py for tasks to queue
[2023-08-03T16:30:05.428+0000] {logging_mixin.py:149} INFO - [2023-08-03T16:30:05.427+0000] {dagbag.py:541} INFO - Filling up the DagBag from /home/airflow/.local/lib/python3.7/site-packages/airflow/example_dags/example_latest_only_with_trigger.py
[2023-08-03T16:30:05.433+0000] {processor.py:836} INFO - DAG(s) dict_keys(['latest_only_with_trigger']) retrieved from /home/airflow/.local/lib/python3.7/site-packages/airflow/example_dags/example_latest_only_with_trigger.py
[2023-08-03T16:30:05.453+0000] {logging_mixin.py:149} INFO - [2023-08-03T16:30:05.453+0000] {dag.py:2726} INFO - Sync 1 DAGs
[2023-08-03T16:30:05.473+0000] {logging_mixin.py:149} INFO - [2023-08-03T16:30:05.473+0000] {dag.py:3490} INFO - Setting next_dagrun for latest_only_with_trigger to 2023-08-03T12:30:05.473275+00:00, run_after=2023-08-03T16:30:05.473275+00:00
[2023-08-03T16:30:05.484+0000] {processor.py:179} INFO - Processing /home/airflow/.local/lib/python3.7/site-packages/airflow/example_dags/example_latest_only_with_trigger.py took 0.061 seconds
[2023-08-03T16:47:32.831+0000] {processor.py:157} INFO - Started process (PID=11151) to work on /home/airflow/.local/lib/python3.7/site-packages/airflow/example_dags/example_latest_only_with_trigger.py
[2023-08-03T16:47:32.832+0000] {processor.py:826} INFO - Processing file /home/airflow/.local/lib/python3.7/site-packages/airflow/example_dags/example_latest_only_with_trigger.py for tasks to queue
[2023-08-03T16:47:32.833+0000] {logging_mixin.py:149} INFO - [2023-08-03T16:47:32.833+0000] {dagbag.py:541} INFO - Filling up the DagBag from /home/airflow/.local/lib/python3.7/site-packages/airflow/example_dags/example_latest_only_with_trigger.py
[2023-08-03T16:47:32.838+0000] {processor.py:836} INFO - DAG(s) dict_keys(['latest_only_with_trigger']) retrieved from /home/airflow/.local/lib/python3.7/site-packages/airflow/example_dags/example_latest_only_with_trigger.py
[2023-08-03T16:47:32.860+0000] {logging_mixin.py:149} INFO - [2023-08-03T16:47:32.860+0000] {dag.py:2726} INFO - Sync 1 DAGs
[2023-08-03T16:47:32.876+0000] {logging_mixin.py:149} INFO - [2023-08-03T16:47:32.876+0000] {dag.py:3490} INFO - Setting next_dagrun for latest_only_with_trigger to 2023-08-03T12:47:32.876096+00:00, run_after=2023-08-03T16:47:32.876096+00:00
[2023-08-03T16:47:32.887+0000] {processor.py:179} INFO - Processing /home/airflow/.local/lib/python3.7/site-packages/airflow/example_dags/example_latest_only_with_trigger.py took 0.058 seconds
[2023-08-03T19:34:07.322+0000] {processor.py:157} INFO - Started process (PID=11217) to work on /home/airflow/.local/lib/python3.7/site-packages/airflow/example_dags/example_latest_only_with_trigger.py
[2023-08-03T19:34:07.323+0000] {processor.py:826} INFO - Processing file /home/airflow/.local/lib/python3.7/site-packages/airflow/example_dags/example_latest_only_with_trigger.py for tasks to queue
[2023-08-03T19:34:07.324+0000] {logging_mixin.py:149} INFO - [2023-08-03T19:34:07.324+0000] {dagbag.py:541} INFO - Filling up the DagBag from /home/airflow/.local/lib/python3.7/site-packages/airflow/example_dags/example_latest_only_with_trigger.py
[2023-08-03T19:34:07.329+0000] {processor.py:836} INFO - DAG(s) dict_keys(['latest_only_with_trigger']) retrieved from /home/airflow/.local/lib/python3.7/site-packages/airflow/example_dags/example_latest_only_with_trigger.py
[2023-08-03T19:34:07.350+0000] {logging_mixin.py:149} INFO - [2023-08-03T19:34:07.350+0000] {dag.py:2726} INFO - Sync 1 DAGs
[2023-08-03T19:34:07.367+0000] {logging_mixin.py:149} INFO - [2023-08-03T19:34:07.366+0000] {dag.py:3490} INFO - Setting next_dagrun for latest_only_with_trigger to 2023-08-03T15:34:07.366635+00:00, run_after=2023-08-03T19:34:07.366635+00:00
[2023-08-03T19:34:07.379+0000] {processor.py:179} INFO - Processing /home/airflow/.local/lib/python3.7/site-packages/airflow/example_dags/example_latest_only_with_trigger.py took 0.059 seconds
[2023-08-03T19:55:28.008+0000] {processor.py:157} INFO - Started process (PID=11283) to work on /home/airflow/.local/lib/python3.7/site-packages/airflow/example_dags/example_latest_only_with_trigger.py
[2023-08-03T19:55:28.009+0000] {processor.py:826} INFO - Processing file /home/airflow/.local/lib/python3.7/site-packages/airflow/example_dags/example_latest_only_with_trigger.py for tasks to queue
[2023-08-03T19:55:28.010+0000] {logging_mixin.py:149} INFO - [2023-08-03T19:55:28.010+0000] {dagbag.py:541} INFO - Filling up the DagBag from /home/airflow/.local/lib/python3.7/site-packages/airflow/example_dags/example_latest_only_with_trigger.py
[2023-08-03T19:55:28.016+0000] {processor.py:836} INFO - DAG(s) dict_keys(['latest_only_with_trigger']) retrieved from /home/airflow/.local/lib/python3.7/site-packages/airflow/example_dags/example_latest_only_with_trigger.py
[2023-08-03T19:55:28.045+0000] {logging_mixin.py:149} INFO - [2023-08-03T19:55:28.045+0000] {dag.py:2726} INFO - Sync 1 DAGs
[2023-08-03T19:55:28.075+0000] {logging_mixin.py:149} INFO - [2023-08-03T19:55:28.075+0000] {dag.py:3490} INFO - Setting next_dagrun for latest_only_with_trigger to 2023-08-03T15:55:28.074900+00:00, run_after=2023-08-03T19:55:28.074900+00:00
[2023-08-03T19:55:28.089+0000] {processor.py:179} INFO - Processing /home/airflow/.local/lib/python3.7/site-packages/airflow/example_dags/example_latest_only_with_trigger.py took 0.085 seconds
[2023-08-03T22:30:44.859+0000] {processor.py:157} INFO - Started process (PID=11349) to work on /home/airflow/.local/lib/python3.7/site-packages/airflow/example_dags/example_latest_only_with_trigger.py
[2023-08-03T22:30:44.860+0000] {processor.py:826} INFO - Processing file /home/airflow/.local/lib/python3.7/site-packages/airflow/example_dags/example_latest_only_with_trigger.py for tasks to queue
[2023-08-03T22:30:44.861+0000] {logging_mixin.py:149} INFO - [2023-08-03T22:30:44.861+0000] {dagbag.py:541} INFO - Filling up the DagBag from /home/airflow/.local/lib/python3.7/site-packages/airflow/example_dags/example_latest_only_with_trigger.py
[2023-08-03T22:30:44.867+0000] {processor.py:836} INFO - DAG(s) dict_keys(['latest_only_with_trigger']) retrieved from /home/airflow/.local/lib/python3.7/site-packages/airflow/example_dags/example_latest_only_with_trigger.py
[2023-08-03T22:30:44.891+0000] {logging_mixin.py:149} INFO - [2023-08-03T22:30:44.891+0000] {dag.py:2726} INFO - Sync 1 DAGs
[2023-08-03T22:30:44.908+0000] {logging_mixin.py:149} INFO - [2023-08-03T22:30:44.908+0000] {dag.py:3490} INFO - Setting next_dagrun for latest_only_with_trigger to 2023-08-03T18:30:44.907919+00:00, run_after=2023-08-03T22:30:44.907919+00:00
[2023-08-03T22:30:44.928+0000] {processor.py:179} INFO - Processing /home/airflow/.local/lib/python3.7/site-packages/airflow/example_dags/example_latest_only_with_trigger.py took 0.072 seconds
