[2023-08-03T02:37:37.992+0000] {processor.py:157} INFO - Started process (PID=10537) to work on /home/airflow/.local/lib/python3.7/site-packages/airflow/example_dags/example_external_task_marker_dag.py
[2023-08-03T02:37:37.993+0000] {processor.py:826} INFO - Processing file /home/airflow/.local/lib/python3.7/site-packages/airflow/example_dags/example_external_task_marker_dag.py for tasks to queue
[2023-08-03T02:37:37.994+0000] {logging_mixin.py:149} INFO - [2023-08-03T02:37:37.994+0000] {dagbag.py:541} INFO - Filling up the DagBag from /home/airflow/.local/lib/python3.7/site-packages/airflow/example_dags/example_external_task_marker_dag.py
[2023-08-03T02:37:37.999+0000] {processor.py:836} INFO - DAG(s) dict_keys(['example_external_task_marker_parent', 'example_external_task_marker_child']) retrieved from /home/airflow/.local/lib/python3.7/site-packages/airflow/example_dags/example_external_task_marker_dag.py
[2023-08-03T02:37:38.031+0000] {logging_mixin.py:149} INFO - [2023-08-03T02:37:38.030+0000] {dag.py:2726} INFO - Sync 2 DAGs
[2023-08-03T02:37:38.045+0000] {logging_mixin.py:149} INFO - [2023-08-03T02:37:38.045+0000] {dag.py:3490} INFO - Setting next_dagrun for example_external_task_marker_child to None, run_after=None
[2023-08-03T02:37:38.048+0000] {logging_mixin.py:149} INFO - [2023-08-03T02:37:38.048+0000] {dag.py:3490} INFO - Setting next_dagrun for example_external_task_marker_parent to None, run_after=None
[2023-08-03T02:37:38.058+0000] {processor.py:179} INFO - Processing /home/airflow/.local/lib/python3.7/site-packages/airflow/example_dags/example_external_task_marker_dag.py took 0.069 seconds
[2023-08-03T06:43:42.772+0000] {processor.py:157} INFO - Started process (PID=10603) to work on /home/airflow/.local/lib/python3.7/site-packages/airflow/example_dags/example_external_task_marker_dag.py
[2023-08-03T06:43:42.774+0000] {processor.py:826} INFO - Processing file /home/airflow/.local/lib/python3.7/site-packages/airflow/example_dags/example_external_task_marker_dag.py for tasks to queue
[2023-08-03T06:43:42.779+0000] {logging_mixin.py:149} INFO - [2023-08-03T06:43:42.777+0000] {dagbag.py:541} INFO - Filling up the DagBag from /home/airflow/.local/lib/python3.7/site-packages/airflow/example_dags/example_external_task_marker_dag.py
[2023-08-03T06:43:42.790+0000] {processor.py:836} INFO - DAG(s) dict_keys(['example_external_task_marker_child', 'example_external_task_marker_parent']) retrieved from /home/airflow/.local/lib/python3.7/site-packages/airflow/example_dags/example_external_task_marker_dag.py
[2023-08-03T06:43:42.848+0000] {logging_mixin.py:149} INFO - [2023-08-03T06:43:42.848+0000] {dag.py:2726} INFO - Sync 2 DAGs
[2023-08-03T06:43:42.884+0000] {logging_mixin.py:149} INFO - [2023-08-03T06:43:42.883+0000] {dag.py:3490} INFO - Setting next_dagrun for example_external_task_marker_child to None, run_after=None
[2023-08-03T06:43:42.890+0000] {logging_mixin.py:149} INFO - [2023-08-03T06:43:42.890+0000] {dag.py:3490} INFO - Setting next_dagrun for example_external_task_marker_parent to None, run_after=None
[2023-08-03T06:43:42.919+0000] {processor.py:179} INFO - Processing /home/airflow/.local/lib/python3.7/site-packages/airflow/example_dags/example_external_task_marker_dag.py took 0.155 seconds
[2023-08-03T06:45:50.078+0000] {processor.py:157} INFO - Started process (PID=10669) to work on /home/airflow/.local/lib/python3.7/site-packages/airflow/example_dags/example_external_task_marker_dag.py
[2023-08-03T06:45:50.086+0000] {processor.py:826} INFO - Processing file /home/airflow/.local/lib/python3.7/site-packages/airflow/example_dags/example_external_task_marker_dag.py for tasks to queue
[2023-08-03T06:45:50.088+0000] {logging_mixin.py:149} INFO - [2023-08-03T06:45:50.088+0000] {dagbag.py:541} INFO - Filling up the DagBag from /home/airflow/.local/lib/python3.7/site-packages/airflow/example_dags/example_external_task_marker_dag.py
[2023-08-03T06:45:50.099+0000] {processor.py:836} INFO - DAG(s) dict_keys(['example_external_task_marker_parent', 'example_external_task_marker_child']) retrieved from /home/airflow/.local/lib/python3.7/site-packages/airflow/example_dags/example_external_task_marker_dag.py
[2023-08-03T06:45:50.151+0000] {logging_mixin.py:149} INFO - [2023-08-03T06:45:50.151+0000] {dag.py:2726} INFO - Sync 2 DAGs
[2023-08-03T06:45:50.168+0000] {logging_mixin.py:149} INFO - [2023-08-03T06:45:50.168+0000] {dag.py:3490} INFO - Setting next_dagrun for example_external_task_marker_child to None, run_after=None
[2023-08-03T06:45:50.174+0000] {logging_mixin.py:149} INFO - [2023-08-03T06:45:50.174+0000] {dag.py:3490} INFO - Setting next_dagrun for example_external_task_marker_parent to None, run_after=None
[2023-08-03T06:45:50.197+0000] {processor.py:179} INFO - Processing /home/airflow/.local/lib/python3.7/site-packages/airflow/example_dags/example_external_task_marker_dag.py took 0.122 seconds
[2023-08-03T07:10:33.040+0000] {processor.py:157} INFO - Started process (PID=10734) to work on /home/airflow/.local/lib/python3.7/site-packages/airflow/example_dags/example_external_task_marker_dag.py
[2023-08-03T07:10:33.041+0000] {processor.py:826} INFO - Processing file /home/airflow/.local/lib/python3.7/site-packages/airflow/example_dags/example_external_task_marker_dag.py for tasks to queue
[2023-08-03T07:10:33.042+0000] {logging_mixin.py:149} INFO - [2023-08-03T07:10:33.042+0000] {dagbag.py:541} INFO - Filling up the DagBag from /home/airflow/.local/lib/python3.7/site-packages/airflow/example_dags/example_external_task_marker_dag.py
[2023-08-03T07:10:33.046+0000] {processor.py:836} INFO - DAG(s) dict_keys(['example_external_task_marker_parent', 'example_external_task_marker_child']) retrieved from /home/airflow/.local/lib/python3.7/site-packages/airflow/example_dags/example_external_task_marker_dag.py
[2023-08-03T07:10:33.074+0000] {logging_mixin.py:149} INFO - [2023-08-03T07:10:33.074+0000] {dag.py:2726} INFO - Sync 2 DAGs
[2023-08-03T07:10:33.091+0000] {logging_mixin.py:149} INFO - [2023-08-03T07:10:33.091+0000] {dag.py:3490} INFO - Setting next_dagrun for example_external_task_marker_child to None, run_after=None
[2023-08-03T07:10:33.093+0000] {logging_mixin.py:149} INFO - [2023-08-03T07:10:33.093+0000] {dag.py:3490} INFO - Setting next_dagrun for example_external_task_marker_parent to None, run_after=None
[2023-08-03T07:10:33.104+0000] {processor.py:179} INFO - Processing /home/airflow/.local/lib/python3.7/site-packages/airflow/example_dags/example_external_task_marker_dag.py took 0.068 seconds
[2023-08-03T10:35:59.698+0000] {processor.py:157} INFO - Started process (PID=10800) to work on /home/airflow/.local/lib/python3.7/site-packages/airflow/example_dags/example_external_task_marker_dag.py
[2023-08-03T10:35:59.699+0000] {processor.py:826} INFO - Processing file /home/airflow/.local/lib/python3.7/site-packages/airflow/example_dags/example_external_task_marker_dag.py for tasks to queue
[2023-08-03T10:35:59.700+0000] {logging_mixin.py:149} INFO - [2023-08-03T10:35:59.700+0000] {dagbag.py:541} INFO - Filling up the DagBag from /home/airflow/.local/lib/python3.7/site-packages/airflow/example_dags/example_external_task_marker_dag.py
[2023-08-03T10:35:59.708+0000] {processor.py:836} INFO - DAG(s) dict_keys(['example_external_task_marker_child', 'example_external_task_marker_parent']) retrieved from /home/airflow/.local/lib/python3.7/site-packages/airflow/example_dags/example_external_task_marker_dag.py
[2023-08-03T10:35:59.738+0000] {logging_mixin.py:149} INFO - [2023-08-03T10:35:59.737+0000] {dag.py:2726} INFO - Sync 2 DAGs
[2023-08-03T10:35:59.759+0000] {logging_mixin.py:149} INFO - [2023-08-03T10:35:59.759+0000] {dag.py:3490} INFO - Setting next_dagrun for example_external_task_marker_child to None, run_after=None
[2023-08-03T10:35:59.762+0000] {logging_mixin.py:149} INFO - [2023-08-03T10:35:59.762+0000] {dag.py:3490} INFO - Setting next_dagrun for example_external_task_marker_parent to None, run_after=None
[2023-08-03T10:35:59.774+0000] {processor.py:179} INFO - Processing /home/airflow/.local/lib/python3.7/site-packages/airflow/example_dags/example_external_task_marker_dag.py took 0.079 seconds
[2023-08-03T12:09:52.202+0000] {processor.py:157} INFO - Started process (PID=10866) to work on /home/airflow/.local/lib/python3.7/site-packages/airflow/example_dags/example_external_task_marker_dag.py
[2023-08-03T12:09:52.204+0000] {processor.py:826} INFO - Processing file /home/airflow/.local/lib/python3.7/site-packages/airflow/example_dags/example_external_task_marker_dag.py for tasks to queue
[2023-08-03T12:09:52.204+0000] {logging_mixin.py:149} INFO - [2023-08-03T12:09:52.204+0000] {dagbag.py:541} INFO - Filling up the DagBag from /home/airflow/.local/lib/python3.7/site-packages/airflow/example_dags/example_external_task_marker_dag.py
[2023-08-03T12:09:52.209+0000] {processor.py:836} INFO - DAG(s) dict_keys(['example_external_task_marker_child', 'example_external_task_marker_parent']) retrieved from /home/airflow/.local/lib/python3.7/site-packages/airflow/example_dags/example_external_task_marker_dag.py
[2023-08-03T12:09:52.231+0000] {logging_mixin.py:149} INFO - [2023-08-03T12:09:52.231+0000] {dag.py:2726} INFO - Sync 2 DAGs
[2023-08-03T12:09:52.249+0000] {logging_mixin.py:149} INFO - [2023-08-03T12:09:52.249+0000] {dag.py:3490} INFO - Setting next_dagrun for example_external_task_marker_child to None, run_after=None
[2023-08-03T12:09:52.252+0000] {logging_mixin.py:149} INFO - [2023-08-03T12:09:52.252+0000] {dag.py:3490} INFO - Setting next_dagrun for example_external_task_marker_parent to None, run_after=None
[2023-08-03T12:09:52.270+0000] {processor.py:179} INFO - Processing /home/airflow/.local/lib/python3.7/site-packages/airflow/example_dags/example_external_task_marker_dag.py took 0.072 seconds
[2023-08-03T14:17:36.470+0000] {processor.py:157} INFO - Started process (PID=10931) to work on /home/airflow/.local/lib/python3.7/site-packages/airflow/example_dags/example_external_task_marker_dag.py
[2023-08-03T14:17:36.472+0000] {processor.py:826} INFO - Processing file /home/airflow/.local/lib/python3.7/site-packages/airflow/example_dags/example_external_task_marker_dag.py for tasks to queue
[2023-08-03T14:17:36.473+0000] {logging_mixin.py:149} INFO - [2023-08-03T14:17:36.473+0000] {dagbag.py:541} INFO - Filling up the DagBag from /home/airflow/.local/lib/python3.7/site-packages/airflow/example_dags/example_external_task_marker_dag.py
[2023-08-03T14:17:36.485+0000] {processor.py:836} INFO - DAG(s) dict_keys(['example_external_task_marker_child', 'example_external_task_marker_parent']) retrieved from /home/airflow/.local/lib/python3.7/site-packages/airflow/example_dags/example_external_task_marker_dag.py
[2023-08-03T14:17:36.514+0000] {logging_mixin.py:149} INFO - [2023-08-03T14:17:36.514+0000] {dag.py:2726} INFO - Sync 2 DAGs
[2023-08-03T14:17:36.532+0000] {logging_mixin.py:149} INFO - [2023-08-03T14:17:36.532+0000] {dag.py:3490} INFO - Setting next_dagrun for example_external_task_marker_child to None, run_after=None
[2023-08-03T14:17:36.535+0000] {logging_mixin.py:149} INFO - [2023-08-03T14:17:36.535+0000] {dag.py:3490} INFO - Setting next_dagrun for example_external_task_marker_parent to None, run_after=None
[2023-08-03T14:17:36.558+0000] {processor.py:179} INFO - Processing /home/airflow/.local/lib/python3.7/site-packages/airflow/example_dags/example_external_task_marker_dag.py took 0.091 seconds
[2023-08-03T16:17:42.777+0000] {processor.py:157} INFO - Started process (PID=10997) to work on /home/airflow/.local/lib/python3.7/site-packages/airflow/example_dags/example_external_task_marker_dag.py
[2023-08-03T16:17:42.778+0000] {processor.py:826} INFO - Processing file /home/airflow/.local/lib/python3.7/site-packages/airflow/example_dags/example_external_task_marker_dag.py for tasks to queue
[2023-08-03T16:17:42.779+0000] {logging_mixin.py:149} INFO - [2023-08-03T16:17:42.779+0000] {dagbag.py:541} INFO - Filling up the DagBag from /home/airflow/.local/lib/python3.7/site-packages/airflow/example_dags/example_external_task_marker_dag.py
[2023-08-03T16:17:42.797+0000] {processor.py:836} INFO - DAG(s) dict_keys(['example_external_task_marker_parent', 'example_external_task_marker_child']) retrieved from /home/airflow/.local/lib/python3.7/site-packages/airflow/example_dags/example_external_task_marker_dag.py
[2023-08-03T16:17:42.824+0000] {logging_mixin.py:149} INFO - [2023-08-03T16:17:42.824+0000] {dag.py:2726} INFO - Sync 2 DAGs
[2023-08-03T16:17:42.847+0000] {logging_mixin.py:149} INFO - [2023-08-03T16:17:42.847+0000] {dag.py:3490} INFO - Setting next_dagrun for example_external_task_marker_child to None, run_after=None
[2023-08-03T16:17:42.859+0000] {logging_mixin.py:149} INFO - [2023-08-03T16:17:42.859+0000] {dag.py:3490} INFO - Setting next_dagrun for example_external_task_marker_parent to None, run_after=None
[2023-08-03T16:17:42.871+0000] {processor.py:179} INFO - Processing /home/airflow/.local/lib/python3.7/site-packages/airflow/example_dags/example_external_task_marker_dag.py took 0.096 seconds
[2023-08-03T16:30:04.167+0000] {processor.py:157} INFO - Started process (PID=11062) to work on /home/airflow/.local/lib/python3.7/site-packages/airflow/example_dags/example_external_task_marker_dag.py
[2023-08-03T16:30:04.168+0000] {processor.py:826} INFO - Processing file /home/airflow/.local/lib/python3.7/site-packages/airflow/example_dags/example_external_task_marker_dag.py for tasks to queue
[2023-08-03T16:30:04.169+0000] {logging_mixin.py:149} INFO - [2023-08-03T16:30:04.169+0000] {dagbag.py:541} INFO - Filling up the DagBag from /home/airflow/.local/lib/python3.7/site-packages/airflow/example_dags/example_external_task_marker_dag.py
[2023-08-03T16:30:04.174+0000] {processor.py:836} INFO - DAG(s) dict_keys(['example_external_task_marker_parent', 'example_external_task_marker_child']) retrieved from /home/airflow/.local/lib/python3.7/site-packages/airflow/example_dags/example_external_task_marker_dag.py
[2023-08-03T16:30:04.197+0000] {logging_mixin.py:149} INFO - [2023-08-03T16:30:04.197+0000] {dag.py:2726} INFO - Sync 2 DAGs
[2023-08-03T16:30:04.213+0000] {logging_mixin.py:149} INFO - [2023-08-03T16:30:04.213+0000] {dag.py:3490} INFO - Setting next_dagrun for example_external_task_marker_child to None, run_after=None
[2023-08-03T16:30:04.216+0000] {logging_mixin.py:149} INFO - [2023-08-03T16:30:04.216+0000] {dag.py:3490} INFO - Setting next_dagrun for example_external_task_marker_parent to None, run_after=None
[2023-08-03T16:30:04.226+0000] {processor.py:179} INFO - Processing /home/airflow/.local/lib/python3.7/site-packages/airflow/example_dags/example_external_task_marker_dag.py took 0.061 seconds
[2023-08-03T16:47:31.511+0000] {processor.py:157} INFO - Started process (PID=11127) to work on /home/airflow/.local/lib/python3.7/site-packages/airflow/example_dags/example_external_task_marker_dag.py
[2023-08-03T16:47:31.512+0000] {processor.py:826} INFO - Processing file /home/airflow/.local/lib/python3.7/site-packages/airflow/example_dags/example_external_task_marker_dag.py for tasks to queue
[2023-08-03T16:47:31.512+0000] {logging_mixin.py:149} INFO - [2023-08-03T16:47:31.512+0000] {dagbag.py:541} INFO - Filling up the DagBag from /home/airflow/.local/lib/python3.7/site-packages/airflow/example_dags/example_external_task_marker_dag.py
[2023-08-03T16:47:31.517+0000] {processor.py:836} INFO - DAG(s) dict_keys(['example_external_task_marker_parent', 'example_external_task_marker_child']) retrieved from /home/airflow/.local/lib/python3.7/site-packages/airflow/example_dags/example_external_task_marker_dag.py
[2023-08-03T16:47:31.539+0000] {logging_mixin.py:149} INFO - [2023-08-03T16:47:31.539+0000] {dag.py:2726} INFO - Sync 2 DAGs
[2023-08-03T16:47:31.556+0000] {logging_mixin.py:149} INFO - [2023-08-03T16:47:31.556+0000] {dag.py:3490} INFO - Setting next_dagrun for example_external_task_marker_child to None, run_after=None
[2023-08-03T16:47:31.558+0000] {logging_mixin.py:149} INFO - [2023-08-03T16:47:31.558+0000] {dag.py:3490} INFO - Setting next_dagrun for example_external_task_marker_parent to None, run_after=None
[2023-08-03T16:47:31.569+0000] {processor.py:179} INFO - Processing /home/airflow/.local/lib/python3.7/site-packages/airflow/example_dags/example_external_task_marker_dag.py took 0.061 seconds
[2023-08-03T19:34:06.041+0000] {processor.py:157} INFO - Started process (PID=11193) to work on /home/airflow/.local/lib/python3.7/site-packages/airflow/example_dags/example_external_task_marker_dag.py
[2023-08-03T19:34:06.042+0000] {processor.py:826} INFO - Processing file /home/airflow/.local/lib/python3.7/site-packages/airflow/example_dags/example_external_task_marker_dag.py for tasks to queue
[2023-08-03T19:34:06.043+0000] {logging_mixin.py:149} INFO - [2023-08-03T19:34:06.043+0000] {dagbag.py:541} INFO - Filling up the DagBag from /home/airflow/.local/lib/python3.7/site-packages/airflow/example_dags/example_external_task_marker_dag.py
[2023-08-03T19:34:06.048+0000] {processor.py:836} INFO - DAG(s) dict_keys(['example_external_task_marker_parent', 'example_external_task_marker_child']) retrieved from /home/airflow/.local/lib/python3.7/site-packages/airflow/example_dags/example_external_task_marker_dag.py
[2023-08-03T19:34:06.074+0000] {logging_mixin.py:149} INFO - [2023-08-03T19:34:06.074+0000] {dag.py:2726} INFO - Sync 2 DAGs
[2023-08-03T19:34:06.096+0000] {logging_mixin.py:149} INFO - [2023-08-03T19:34:06.095+0000] {dag.py:3490} INFO - Setting next_dagrun for example_external_task_marker_child to None, run_after=None
[2023-08-03T19:34:06.099+0000] {logging_mixin.py:149} INFO - [2023-08-03T19:34:06.098+0000] {dag.py:3490} INFO - Setting next_dagrun for example_external_task_marker_parent to None, run_after=None
[2023-08-03T19:34:06.109+0000] {processor.py:179} INFO - Processing /home/airflow/.local/lib/python3.7/site-packages/airflow/example_dags/example_external_task_marker_dag.py took 0.071 seconds
[2023-08-03T19:55:26.271+0000] {processor.py:157} INFO - Started process (PID=11259) to work on /home/airflow/.local/lib/python3.7/site-packages/airflow/example_dags/example_external_task_marker_dag.py
[2023-08-03T19:55:26.275+0000] {processor.py:826} INFO - Processing file /home/airflow/.local/lib/python3.7/site-packages/airflow/example_dags/example_external_task_marker_dag.py for tasks to queue
[2023-08-03T19:55:26.276+0000] {logging_mixin.py:149} INFO - [2023-08-03T19:55:26.276+0000] {dagbag.py:541} INFO - Filling up the DagBag from /home/airflow/.local/lib/python3.7/site-packages/airflow/example_dags/example_external_task_marker_dag.py
[2023-08-03T19:55:26.282+0000] {processor.py:836} INFO - DAG(s) dict_keys(['example_external_task_marker_child', 'example_external_task_marker_parent']) retrieved from /home/airflow/.local/lib/python3.7/site-packages/airflow/example_dags/example_external_task_marker_dag.py
[2023-08-03T19:55:26.319+0000] {logging_mixin.py:149} INFO - [2023-08-03T19:55:26.319+0000] {dag.py:2726} INFO - Sync 2 DAGs
[2023-08-03T19:55:26.340+0000] {logging_mixin.py:149} INFO - [2023-08-03T19:55:26.340+0000] {dag.py:3490} INFO - Setting next_dagrun for example_external_task_marker_child to None, run_after=None
[2023-08-03T19:55:26.343+0000] {logging_mixin.py:149} INFO - [2023-08-03T19:55:26.343+0000] {dag.py:3490} INFO - Setting next_dagrun for example_external_task_marker_parent to None, run_after=None
[2023-08-03T19:55:26.356+0000] {processor.py:179} INFO - Processing /home/airflow/.local/lib/python3.7/site-packages/airflow/example_dags/example_external_task_marker_dag.py took 0.087 seconds
[2023-08-03T22:30:43.631+0000] {processor.py:157} INFO - Started process (PID=11325) to work on /home/airflow/.local/lib/python3.7/site-packages/airflow/example_dags/example_external_task_marker_dag.py
[2023-08-03T22:30:43.632+0000] {processor.py:826} INFO - Processing file /home/airflow/.local/lib/python3.7/site-packages/airflow/example_dags/example_external_task_marker_dag.py for tasks to queue
[2023-08-03T22:30:43.633+0000] {logging_mixin.py:149} INFO - [2023-08-03T22:30:43.633+0000] {dagbag.py:541} INFO - Filling up the DagBag from /home/airflow/.local/lib/python3.7/site-packages/airflow/example_dags/example_external_task_marker_dag.py
[2023-08-03T22:30:43.639+0000] {processor.py:836} INFO - DAG(s) dict_keys(['example_external_task_marker_child', 'example_external_task_marker_parent']) retrieved from /home/airflow/.local/lib/python3.7/site-packages/airflow/example_dags/example_external_task_marker_dag.py
[2023-08-03T22:30:43.668+0000] {logging_mixin.py:149} INFO - [2023-08-03T22:30:43.668+0000] {dag.py:2726} INFO - Sync 2 DAGs
[2023-08-03T22:30:43.684+0000] {logging_mixin.py:149} INFO - [2023-08-03T22:30:43.684+0000] {dag.py:3490} INFO - Setting next_dagrun for example_external_task_marker_child to None, run_after=None
[2023-08-03T22:30:43.686+0000] {logging_mixin.py:149} INFO - [2023-08-03T22:30:43.686+0000] {dag.py:3490} INFO - Setting next_dagrun for example_external_task_marker_parent to None, run_after=None
[2023-08-03T22:30:43.696+0000] {processor.py:179} INFO - Processing /home/airflow/.local/lib/python3.7/site-packages/airflow/example_dags/example_external_task_marker_dag.py took 0.070 seconds
