[2023-08-03T02:37:37.504+0000] {processor.py:157} INFO - Started process (PID=10528) to work on /home/airflow/.local/lib/python3.7/site-packages/airflow/example_dags/example_task_group.py
[2023-08-03T02:37:37.505+0000] {processor.py:826} INFO - Processing file /home/airflow/.local/lib/python3.7/site-packages/airflow/example_dags/example_task_group.py for tasks to queue
[2023-08-03T02:37:37.506+0000] {logging_mixin.py:149} INFO - [2023-08-03T02:37:37.506+0000] {dagbag.py:541} INFO - Filling up the DagBag from /home/airflow/.local/lib/python3.7/site-packages/airflow/example_dags/example_task_group.py
[2023-08-03T02:37:37.512+0000] {processor.py:836} INFO - DAG(s) dict_keys(['example_task_group']) retrieved from /home/airflow/.local/lib/python3.7/site-packages/airflow/example_dags/example_task_group.py
[2023-08-03T02:37:37.538+0000] {logging_mixin.py:149} INFO - [2023-08-03T02:37:37.537+0000] {dag.py:2726} INFO - Sync 1 DAGs
[2023-08-03T02:37:37.553+0000] {logging_mixin.py:149} INFO - [2023-08-03T02:37:37.553+0000] {dag.py:3490} INFO - Setting next_dagrun for example_task_group to 2023-08-02T02:37:37.553620+00:00, run_after=2023-08-03T02:37:37.553620+00:00
[2023-08-03T02:37:37.564+0000] {processor.py:179} INFO - Processing /home/airflow/.local/lib/python3.7/site-packages/airflow/example_dags/example_task_group.py took 0.066 seconds
[2023-08-03T06:43:42.030+0000] {processor.py:157} INFO - Started process (PID=10594) to work on /home/airflow/.local/lib/python3.7/site-packages/airflow/example_dags/example_task_group.py
[2023-08-03T06:43:42.031+0000] {processor.py:826} INFO - Processing file /home/airflow/.local/lib/python3.7/site-packages/airflow/example_dags/example_task_group.py for tasks to queue
[2023-08-03T06:43:42.032+0000] {logging_mixin.py:149} INFO - [2023-08-03T06:43:42.032+0000] {dagbag.py:541} INFO - Filling up the DagBag from /home/airflow/.local/lib/python3.7/site-packages/airflow/example_dags/example_task_group.py
[2023-08-03T06:43:42.039+0000] {processor.py:836} INFO - DAG(s) dict_keys(['example_task_group']) retrieved from /home/airflow/.local/lib/python3.7/site-packages/airflow/example_dags/example_task_group.py
[2023-08-03T06:43:42.060+0000] {logging_mixin.py:149} INFO - [2023-08-03T06:43:42.060+0000] {dag.py:2726} INFO - Sync 1 DAGs
[2023-08-03T06:43:42.076+0000] {logging_mixin.py:149} INFO - [2023-08-03T06:43:42.076+0000] {dag.py:3490} INFO - Setting next_dagrun for example_task_group to 2023-08-02T06:43:42.076064+00:00, run_after=2023-08-03T06:43:42.076064+00:00
[2023-08-03T06:43:42.086+0000] {processor.py:179} INFO - Processing /home/airflow/.local/lib/python3.7/site-packages/airflow/example_dags/example_task_group.py took 0.060 seconds
[2023-08-03T06:45:49.462+0000] {processor.py:157} INFO - Started process (PID=10660) to work on /home/airflow/.local/lib/python3.7/site-packages/airflow/example_dags/example_task_group.py
[2023-08-03T06:45:49.464+0000] {processor.py:826} INFO - Processing file /home/airflow/.local/lib/python3.7/site-packages/airflow/example_dags/example_task_group.py for tasks to queue
[2023-08-03T06:45:49.465+0000] {logging_mixin.py:149} INFO - [2023-08-03T06:45:49.465+0000] {dagbag.py:541} INFO - Filling up the DagBag from /home/airflow/.local/lib/python3.7/site-packages/airflow/example_dags/example_task_group.py
[2023-08-03T06:45:49.474+0000] {processor.py:836} INFO - DAG(s) dict_keys(['example_task_group']) retrieved from /home/airflow/.local/lib/python3.7/site-packages/airflow/example_dags/example_task_group.py
[2023-08-03T06:45:49.511+0000] {logging_mixin.py:149} INFO - [2023-08-03T06:45:49.510+0000] {dag.py:2726} INFO - Sync 1 DAGs
[2023-08-03T06:45:49.530+0000] {logging_mixin.py:149} INFO - [2023-08-03T06:45:49.530+0000] {dag.py:3490} INFO - Setting next_dagrun for example_task_group to 2023-08-02T06:45:49.529790+00:00, run_after=2023-08-03T06:45:49.529790+00:00
[2023-08-03T06:45:49.544+0000] {processor.py:179} INFO - Processing /home/airflow/.local/lib/python3.7/site-packages/airflow/example_dags/example_task_group.py took 0.085 seconds
[2023-08-03T07:10:32.603+0000] {processor.py:157} INFO - Started process (PID=10725) to work on /home/airflow/.local/lib/python3.7/site-packages/airflow/example_dags/example_task_group.py
[2023-08-03T07:10:32.604+0000] {processor.py:826} INFO - Processing file /home/airflow/.local/lib/python3.7/site-packages/airflow/example_dags/example_task_group.py for tasks to queue
[2023-08-03T07:10:32.604+0000] {logging_mixin.py:149} INFO - [2023-08-03T07:10:32.604+0000] {dagbag.py:541} INFO - Filling up the DagBag from /home/airflow/.local/lib/python3.7/site-packages/airflow/example_dags/example_task_group.py
[2023-08-03T07:10:32.611+0000] {processor.py:836} INFO - DAG(s) dict_keys(['example_task_group']) retrieved from /home/airflow/.local/lib/python3.7/site-packages/airflow/example_dags/example_task_group.py
[2023-08-03T07:10:32.631+0000] {logging_mixin.py:149} INFO - [2023-08-03T07:10:32.631+0000] {dag.py:2726} INFO - Sync 1 DAGs
[2023-08-03T07:10:32.648+0000] {logging_mixin.py:149} INFO - [2023-08-03T07:10:32.648+0000] {dag.py:3490} INFO - Setting next_dagrun for example_task_group to 2023-08-02T07:10:32.647895+00:00, run_after=2023-08-03T07:10:32.647895+00:00
[2023-08-03T07:10:32.659+0000] {processor.py:179} INFO - Processing /home/airflow/.local/lib/python3.7/site-packages/airflow/example_dags/example_task_group.py took 0.065 seconds
[2023-08-03T10:35:59.259+0000] {processor.py:157} INFO - Started process (PID=10791) to work on /home/airflow/.local/lib/python3.7/site-packages/airflow/example_dags/example_task_group.py
[2023-08-03T10:35:59.260+0000] {processor.py:826} INFO - Processing file /home/airflow/.local/lib/python3.7/site-packages/airflow/example_dags/example_task_group.py for tasks to queue
[2023-08-03T10:35:59.261+0000] {logging_mixin.py:149} INFO - [2023-08-03T10:35:59.261+0000] {dagbag.py:541} INFO - Filling up the DagBag from /home/airflow/.local/lib/python3.7/site-packages/airflow/example_dags/example_task_group.py
[2023-08-03T10:35:59.267+0000] {processor.py:836} INFO - DAG(s) dict_keys(['example_task_group']) retrieved from /home/airflow/.local/lib/python3.7/site-packages/airflow/example_dags/example_task_group.py
[2023-08-03T10:35:59.288+0000] {logging_mixin.py:149} INFO - [2023-08-03T10:35:59.288+0000] {dag.py:2726} INFO - Sync 1 DAGs
[2023-08-03T10:35:59.307+0000] {logging_mixin.py:149} INFO - [2023-08-03T10:35:59.307+0000] {dag.py:3490} INFO - Setting next_dagrun for example_task_group to 2023-08-02T10:35:59.307348+00:00, run_after=2023-08-03T10:35:59.307348+00:00
[2023-08-03T10:35:59.319+0000] {processor.py:179} INFO - Processing /home/airflow/.local/lib/python3.7/site-packages/airflow/example_dags/example_task_group.py took 0.063 seconds
[2023-08-03T12:09:51.778+0000] {processor.py:157} INFO - Started process (PID=10857) to work on /home/airflow/.local/lib/python3.7/site-packages/airflow/example_dags/example_task_group.py
[2023-08-03T12:09:51.779+0000] {processor.py:826} INFO - Processing file /home/airflow/.local/lib/python3.7/site-packages/airflow/example_dags/example_task_group.py for tasks to queue
[2023-08-03T12:09:51.779+0000] {logging_mixin.py:149} INFO - [2023-08-03T12:09:51.779+0000] {dagbag.py:541} INFO - Filling up the DagBag from /home/airflow/.local/lib/python3.7/site-packages/airflow/example_dags/example_task_group.py
[2023-08-03T12:09:51.785+0000] {processor.py:836} INFO - DAG(s) dict_keys(['example_task_group']) retrieved from /home/airflow/.local/lib/python3.7/site-packages/airflow/example_dags/example_task_group.py
[2023-08-03T12:09:51.808+0000] {logging_mixin.py:149} INFO - [2023-08-03T12:09:51.807+0000] {dag.py:2726} INFO - Sync 1 DAGs
[2023-08-03T12:09:51.824+0000] {logging_mixin.py:149} INFO - [2023-08-03T12:09:51.824+0000] {dag.py:3490} INFO - Setting next_dagrun for example_task_group to 2023-08-02T12:09:51.824419+00:00, run_after=2023-08-03T12:09:51.824419+00:00
[2023-08-03T12:09:51.836+0000] {processor.py:179} INFO - Processing /home/airflow/.local/lib/python3.7/site-packages/airflow/example_dags/example_task_group.py took 0.060 seconds
[2023-08-03T14:17:35.962+0000] {processor.py:157} INFO - Started process (PID=10922) to work on /home/airflow/.local/lib/python3.7/site-packages/airflow/example_dags/example_task_group.py
[2023-08-03T14:17:35.965+0000] {processor.py:826} INFO - Processing file /home/airflow/.local/lib/python3.7/site-packages/airflow/example_dags/example_task_group.py for tasks to queue
[2023-08-03T14:17:35.966+0000] {logging_mixin.py:149} INFO - [2023-08-03T14:17:35.966+0000] {dagbag.py:541} INFO - Filling up the DagBag from /home/airflow/.local/lib/python3.7/site-packages/airflow/example_dags/example_task_group.py
[2023-08-03T14:17:35.974+0000] {processor.py:836} INFO - DAG(s) dict_keys(['example_task_group']) retrieved from /home/airflow/.local/lib/python3.7/site-packages/airflow/example_dags/example_task_group.py
[2023-08-03T14:17:36.007+0000] {logging_mixin.py:149} INFO - [2023-08-03T14:17:36.007+0000] {dag.py:2726} INFO - Sync 1 DAGs
[2023-08-03T14:17:36.031+0000] {logging_mixin.py:149} INFO - [2023-08-03T14:17:36.030+0000] {dag.py:3490} INFO - Setting next_dagrun for example_task_group to 2023-08-02T14:17:36.030691+00:00, run_after=2023-08-03T14:17:36.030691+00:00
[2023-08-03T14:17:36.043+0000] {processor.py:179} INFO - Processing /home/airflow/.local/lib/python3.7/site-packages/airflow/example_dags/example_task_group.py took 0.084 seconds
[2023-08-03T16:17:42.322+0000] {processor.py:157} INFO - Started process (PID=10988) to work on /home/airflow/.local/lib/python3.7/site-packages/airflow/example_dags/example_task_group.py
[2023-08-03T16:17:42.323+0000] {processor.py:826} INFO - Processing file /home/airflow/.local/lib/python3.7/site-packages/airflow/example_dags/example_task_group.py for tasks to queue
[2023-08-03T16:17:42.325+0000] {logging_mixin.py:149} INFO - [2023-08-03T16:17:42.325+0000] {dagbag.py:541} INFO - Filling up the DagBag from /home/airflow/.local/lib/python3.7/site-packages/airflow/example_dags/example_task_group.py
[2023-08-03T16:17:42.332+0000] {processor.py:836} INFO - DAG(s) dict_keys(['example_task_group']) retrieved from /home/airflow/.local/lib/python3.7/site-packages/airflow/example_dags/example_task_group.py
[2023-08-03T16:17:42.354+0000] {logging_mixin.py:149} INFO - [2023-08-03T16:17:42.353+0000] {dag.py:2726} INFO - Sync 1 DAGs
[2023-08-03T16:17:42.371+0000] {logging_mixin.py:149} INFO - [2023-08-03T16:17:42.371+0000] {dag.py:3490} INFO - Setting next_dagrun for example_task_group to 2023-08-02T16:17:42.371475+00:00, run_after=2023-08-03T16:17:42.371475+00:00
[2023-08-03T16:17:42.383+0000] {processor.py:179} INFO - Processing /home/airflow/.local/lib/python3.7/site-packages/airflow/example_dags/example_task_group.py took 0.065 seconds
[2023-08-03T16:30:03.613+0000] {processor.py:157} INFO - Started process (PID=11053) to work on /home/airflow/.local/lib/python3.7/site-packages/airflow/example_dags/example_task_group.py
[2023-08-03T16:30:03.616+0000] {processor.py:826} INFO - Processing file /home/airflow/.local/lib/python3.7/site-packages/airflow/example_dags/example_task_group.py for tasks to queue
[2023-08-03T16:30:03.616+0000] {logging_mixin.py:149} INFO - [2023-08-03T16:30:03.616+0000] {dagbag.py:541} INFO - Filling up the DagBag from /home/airflow/.local/lib/python3.7/site-packages/airflow/example_dags/example_task_group.py
[2023-08-03T16:30:03.626+0000] {processor.py:836} INFO - DAG(s) dict_keys(['example_task_group']) retrieved from /home/airflow/.local/lib/python3.7/site-packages/airflow/example_dags/example_task_group.py
[2023-08-03T16:30:03.651+0000] {logging_mixin.py:149} INFO - [2023-08-03T16:30:03.651+0000] {dag.py:2726} INFO - Sync 1 DAGs
[2023-08-03T16:30:03.676+0000] {logging_mixin.py:149} INFO - [2023-08-03T16:30:03.676+0000] {dag.py:3490} INFO - Setting next_dagrun for example_task_group to 2023-08-02T16:30:03.676323+00:00, run_after=2023-08-03T16:30:03.676323+00:00
[2023-08-03T16:30:03.694+0000] {processor.py:179} INFO - Processing /home/airflow/.local/lib/python3.7/site-packages/airflow/example_dags/example_task_group.py took 0.085 seconds
[2023-08-03T16:47:31.076+0000] {processor.py:157} INFO - Started process (PID=11118) to work on /home/airflow/.local/lib/python3.7/site-packages/airflow/example_dags/example_task_group.py
[2023-08-03T16:47:31.078+0000] {processor.py:826} INFO - Processing file /home/airflow/.local/lib/python3.7/site-packages/airflow/example_dags/example_task_group.py for tasks to queue
[2023-08-03T16:47:31.078+0000] {logging_mixin.py:149} INFO - [2023-08-03T16:47:31.078+0000] {dagbag.py:541} INFO - Filling up the DagBag from /home/airflow/.local/lib/python3.7/site-packages/airflow/example_dags/example_task_group.py
[2023-08-03T16:47:31.085+0000] {processor.py:836} INFO - DAG(s) dict_keys(['example_task_group']) retrieved from /home/airflow/.local/lib/python3.7/site-packages/airflow/example_dags/example_task_group.py
[2023-08-03T16:47:31.106+0000] {logging_mixin.py:149} INFO - [2023-08-03T16:47:31.106+0000] {dag.py:2726} INFO - Sync 1 DAGs
[2023-08-03T16:47:31.132+0000] {logging_mixin.py:149} INFO - [2023-08-03T16:47:31.132+0000] {dag.py:3490} INFO - Setting next_dagrun for example_task_group to 2023-08-02T16:47:31.131871+00:00, run_after=2023-08-03T16:47:31.131871+00:00
[2023-08-03T16:47:31.146+0000] {processor.py:179} INFO - Processing /home/airflow/.local/lib/python3.7/site-packages/airflow/example_dags/example_task_group.py took 0.072 seconds
[2023-08-03T19:34:05.547+0000] {processor.py:157} INFO - Started process (PID=11184) to work on /home/airflow/.local/lib/python3.7/site-packages/airflow/example_dags/example_task_group.py
[2023-08-03T19:34:05.548+0000] {processor.py:826} INFO - Processing file /home/airflow/.local/lib/python3.7/site-packages/airflow/example_dags/example_task_group.py for tasks to queue
[2023-08-03T19:34:05.549+0000] {logging_mixin.py:149} INFO - [2023-08-03T19:34:05.549+0000] {dagbag.py:541} INFO - Filling up the DagBag from /home/airflow/.local/lib/python3.7/site-packages/airflow/example_dags/example_task_group.py
[2023-08-03T19:34:05.556+0000] {processor.py:836} INFO - DAG(s) dict_keys(['example_task_group']) retrieved from /home/airflow/.local/lib/python3.7/site-packages/airflow/example_dags/example_task_group.py
[2023-08-03T19:34:05.576+0000] {logging_mixin.py:149} INFO - [2023-08-03T19:34:05.576+0000] {dag.py:2726} INFO - Sync 1 DAGs
[2023-08-03T19:34:05.594+0000] {logging_mixin.py:149} INFO - [2023-08-03T19:34:05.594+0000] {dag.py:3490} INFO - Setting next_dagrun for example_task_group to 2023-08-02T19:34:05.593830+00:00, run_after=2023-08-03T19:34:05.593830+00:00
[2023-08-03T19:34:05.612+0000] {processor.py:179} INFO - Processing /home/airflow/.local/lib/python3.7/site-packages/airflow/example_dags/example_task_group.py took 0.068 seconds
[2023-08-03T19:55:25.774+0000] {processor.py:157} INFO - Started process (PID=11250) to work on /home/airflow/.local/lib/python3.7/site-packages/airflow/example_dags/example_task_group.py
[2023-08-03T19:55:25.777+0000] {processor.py:826} INFO - Processing file /home/airflow/.local/lib/python3.7/site-packages/airflow/example_dags/example_task_group.py for tasks to queue
[2023-08-03T19:55:25.778+0000] {logging_mixin.py:149} INFO - [2023-08-03T19:55:25.778+0000] {dagbag.py:541} INFO - Filling up the DagBag from /home/airflow/.local/lib/python3.7/site-packages/airflow/example_dags/example_task_group.py
[2023-08-03T19:55:25.788+0000] {processor.py:836} INFO - DAG(s) dict_keys(['example_task_group']) retrieved from /home/airflow/.local/lib/python3.7/site-packages/airflow/example_dags/example_task_group.py
[2023-08-03T19:55:25.814+0000] {logging_mixin.py:149} INFO - [2023-08-03T19:55:25.813+0000] {dag.py:2726} INFO - Sync 1 DAGs
[2023-08-03T19:55:25.830+0000] {logging_mixin.py:149} INFO - [2023-08-03T19:55:25.829+0000] {dag.py:3490} INFO - Setting next_dagrun for example_task_group to 2023-08-02T19:55:25.829670+00:00, run_after=2023-08-03T19:55:25.829670+00:00
[2023-08-03T19:55:25.841+0000] {processor.py:179} INFO - Processing /home/airflow/.local/lib/python3.7/site-packages/airflow/example_dags/example_task_group.py took 0.072 seconds
[2023-08-03T22:30:43.110+0000] {processor.py:157} INFO - Started process (PID=11316) to work on /home/airflow/.local/lib/python3.7/site-packages/airflow/example_dags/example_task_group.py
[2023-08-03T22:30:43.113+0000] {processor.py:826} INFO - Processing file /home/airflow/.local/lib/python3.7/site-packages/airflow/example_dags/example_task_group.py for tasks to queue
[2023-08-03T22:30:43.114+0000] {logging_mixin.py:149} INFO - [2023-08-03T22:30:43.114+0000] {dagbag.py:541} INFO - Filling up the DagBag from /home/airflow/.local/lib/python3.7/site-packages/airflow/example_dags/example_task_group.py
[2023-08-03T22:30:43.120+0000] {processor.py:836} INFO - DAG(s) dict_keys(['example_task_group']) retrieved from /home/airflow/.local/lib/python3.7/site-packages/airflow/example_dags/example_task_group.py
[2023-08-03T22:30:43.140+0000] {logging_mixin.py:149} INFO - [2023-08-03T22:30:43.140+0000] {dag.py:2726} INFO - Sync 1 DAGs
[2023-08-03T22:30:43.165+0000] {logging_mixin.py:149} INFO - [2023-08-03T22:30:43.165+0000] {dag.py:3490} INFO - Setting next_dagrun for example_task_group to 2023-08-02T22:30:43.164910+00:00, run_after=2023-08-03T22:30:43.164910+00:00
[2023-08-03T22:30:43.231+0000] {processor.py:179} INFO - Processing /home/airflow/.local/lib/python3.7/site-packages/airflow/example_dags/example_task_group.py took 0.124 seconds
