[2023-08-03T02:37:39.449+0000] {processor.py:157} INFO - Started process (PID=10562) to work on /home/airflow/.local/lib/python3.7/site-packages/airflow/example_dags/example_datasets.py
[2023-08-03T02:37:39.452+0000] {processor.py:826} INFO - Processing file /home/airflow/.local/lib/python3.7/site-packages/airflow/example_dags/example_datasets.py for tasks to queue
[2023-08-03T02:37:39.453+0000] {logging_mixin.py:149} INFO - [2023-08-03T02:37:39.453+0000] {dagbag.py:541} INFO - Filling up the DagBag from /home/airflow/.local/lib/python3.7/site-packages/airflow/example_dags/example_datasets.py
[2023-08-03T02:37:39.460+0000] {processor.py:836} INFO - DAG(s) dict_keys(['dataset_consumes_unknown_never_scheduled', 'dataset_consumes_1_and_2', 'dataset_produces_2', 'dataset_consumes_1', 'dataset_produces_1', 'dataset_consumes_1_never_scheduled']) retrieved from /home/airflow/.local/lib/python3.7/site-packages/airflow/example_dags/example_datasets.py
[2023-08-03T02:37:39.489+0000] {logging_mixin.py:149} INFO - [2023-08-03T02:37:39.489+0000] {dag.py:2726} INFO - Sync 6 DAGs
[2023-08-03T02:37:39.507+0000] {logging_mixin.py:149} INFO - [2023-08-03T02:37:39.507+0000] {dag.py:3490} INFO - Setting next_dagrun for dataset_consumes_1 to None, run_after=None
[2023-08-03T02:37:39.509+0000] {logging_mixin.py:149} INFO - [2023-08-03T02:37:39.509+0000] {dag.py:3490} INFO - Setting next_dagrun for dataset_consumes_1_and_2 to None, run_after=None
[2023-08-03T02:37:39.511+0000] {logging_mixin.py:149} INFO - [2023-08-03T02:37:39.511+0000] {dag.py:3490} INFO - Setting next_dagrun for dataset_consumes_1_never_scheduled to None, run_after=None
[2023-08-03T02:37:39.512+0000] {logging_mixin.py:149} INFO - [2023-08-03T02:37:39.512+0000] {dag.py:3490} INFO - Setting next_dagrun for dataset_consumes_unknown_never_scheduled to None, run_after=None
[2023-08-03T02:37:39.514+0000] {logging_mixin.py:149} INFO - [2023-08-03T02:37:39.514+0000] {dag.py:3490} INFO - Setting next_dagrun for dataset_produces_1 to 2023-08-02T00:00:00+00:00, run_after=2023-08-03T00:00:00+00:00
[2023-08-03T02:37:39.515+0000] {logging_mixin.py:149} INFO - [2023-08-03T02:37:39.515+0000] {dag.py:3490} INFO - Setting next_dagrun for dataset_produces_2 to None, run_after=None
[2023-08-03T02:37:39.539+0000] {processor.py:179} INFO - Processing /home/airflow/.local/lib/python3.7/site-packages/airflow/example_dags/example_datasets.py took 0.093 seconds
[2023-08-03T06:43:44.789+0000] {processor.py:157} INFO - Started process (PID=10628) to work on /home/airflow/.local/lib/python3.7/site-packages/airflow/example_dags/example_datasets.py
[2023-08-03T06:43:44.791+0000] {processor.py:826} INFO - Processing file /home/airflow/.local/lib/python3.7/site-packages/airflow/example_dags/example_datasets.py for tasks to queue
[2023-08-03T06:43:44.792+0000] {logging_mixin.py:149} INFO - [2023-08-03T06:43:44.792+0000] {dagbag.py:541} INFO - Filling up the DagBag from /home/airflow/.local/lib/python3.7/site-packages/airflow/example_dags/example_datasets.py
[2023-08-03T06:43:44.800+0000] {processor.py:836} INFO - DAG(s) dict_keys(['dataset_consumes_unknown_never_scheduled', 'dataset_consumes_1_and_2', 'dataset_produces_2', 'dataset_consumes_1_never_scheduled', 'dataset_produces_1', 'dataset_consumes_1']) retrieved from /home/airflow/.local/lib/python3.7/site-packages/airflow/example_dags/example_datasets.py
[2023-08-03T06:43:44.843+0000] {logging_mixin.py:149} INFO - [2023-08-03T06:43:44.843+0000] {dag.py:2726} INFO - Sync 6 DAGs
[2023-08-03T06:43:44.859+0000] {logging_mixin.py:149} INFO - [2023-08-03T06:43:44.859+0000] {dag.py:3490} INFO - Setting next_dagrun for dataset_consumes_1 to None, run_after=None
[2023-08-03T06:43:44.862+0000] {logging_mixin.py:149} INFO - [2023-08-03T06:43:44.862+0000] {dag.py:3490} INFO - Setting next_dagrun for dataset_consumes_1_and_2 to None, run_after=None
[2023-08-03T06:43:44.863+0000] {logging_mixin.py:149} INFO - [2023-08-03T06:43:44.863+0000] {dag.py:3490} INFO - Setting next_dagrun for dataset_consumes_1_never_scheduled to None, run_after=None
[2023-08-03T06:43:44.864+0000] {logging_mixin.py:149} INFO - [2023-08-03T06:43:44.864+0000] {dag.py:3490} INFO - Setting next_dagrun for dataset_consumes_unknown_never_scheduled to None, run_after=None
[2023-08-03T06:43:44.866+0000] {logging_mixin.py:149} INFO - [2023-08-03T06:43:44.866+0000] {dag.py:3490} INFO - Setting next_dagrun for dataset_produces_1 to 2023-08-02T00:00:00+00:00, run_after=2023-08-03T00:00:00+00:00
[2023-08-03T06:43:44.868+0000] {logging_mixin.py:149} INFO - [2023-08-03T06:43:44.867+0000] {dag.py:3490} INFO - Setting next_dagrun for dataset_produces_2 to None, run_after=None
[2023-08-03T06:43:44.885+0000] {processor.py:179} INFO - Processing /home/airflow/.local/lib/python3.7/site-packages/airflow/example_dags/example_datasets.py took 0.099 seconds
[2023-08-03T06:45:52.217+0000] {processor.py:157} INFO - Started process (PID=10694) to work on /home/airflow/.local/lib/python3.7/site-packages/airflow/example_dags/example_datasets.py
[2023-08-03T06:45:52.218+0000] {processor.py:826} INFO - Processing file /home/airflow/.local/lib/python3.7/site-packages/airflow/example_dags/example_datasets.py for tasks to queue
[2023-08-03T06:45:52.219+0000] {logging_mixin.py:149} INFO - [2023-08-03T06:45:52.219+0000] {dagbag.py:541} INFO - Filling up the DagBag from /home/airflow/.local/lib/python3.7/site-packages/airflow/example_dags/example_datasets.py
[2023-08-03T06:45:52.235+0000] {processor.py:836} INFO - DAG(s) dict_keys(['dataset_produces_2', 'dataset_produces_1', 'dataset_consumes_1', 'dataset_consumes_1_never_scheduled', 'dataset_consumes_1_and_2', 'dataset_consumes_unknown_never_scheduled']) retrieved from /home/airflow/.local/lib/python3.7/site-packages/airflow/example_dags/example_datasets.py
[2023-08-03T06:45:52.285+0000] {logging_mixin.py:149} INFO - [2023-08-03T06:45:52.285+0000] {dag.py:2726} INFO - Sync 6 DAGs
[2023-08-03T06:45:52.314+0000] {logging_mixin.py:149} INFO - [2023-08-03T06:45:52.314+0000] {dag.py:3490} INFO - Setting next_dagrun for dataset_consumes_1 to None, run_after=None
[2023-08-03T06:45:52.318+0000] {logging_mixin.py:149} INFO - [2023-08-03T06:45:52.318+0000] {dag.py:3490} INFO - Setting next_dagrun for dataset_consumes_1_and_2 to None, run_after=None
[2023-08-03T06:45:52.320+0000] {logging_mixin.py:149} INFO - [2023-08-03T06:45:52.320+0000] {dag.py:3490} INFO - Setting next_dagrun for dataset_consumes_1_never_scheduled to None, run_after=None
[2023-08-03T06:45:52.322+0000] {logging_mixin.py:149} INFO - [2023-08-03T06:45:52.322+0000] {dag.py:3490} INFO - Setting next_dagrun for dataset_consumes_unknown_never_scheduled to None, run_after=None
[2023-08-03T06:45:52.326+0000] {logging_mixin.py:149} INFO - [2023-08-03T06:45:52.326+0000] {dag.py:3490} INFO - Setting next_dagrun for dataset_produces_1 to 2023-08-02T00:00:00+00:00, run_after=2023-08-03T00:00:00+00:00
[2023-08-03T06:45:52.328+0000] {logging_mixin.py:149} INFO - [2023-08-03T06:45:52.328+0000] {dag.py:3490} INFO - Setting next_dagrun for dataset_produces_2 to None, run_after=None
[2023-08-03T06:45:52.368+0000] {processor.py:179} INFO - Processing /home/airflow/.local/lib/python3.7/site-packages/airflow/example_dags/example_datasets.py took 0.157 seconds
[2023-08-03T07:10:34.395+0000] {processor.py:157} INFO - Started process (PID=10759) to work on /home/airflow/.local/lib/python3.7/site-packages/airflow/example_dags/example_datasets.py
[2023-08-03T07:10:34.396+0000] {processor.py:826} INFO - Processing file /home/airflow/.local/lib/python3.7/site-packages/airflow/example_dags/example_datasets.py for tasks to queue
[2023-08-03T07:10:34.397+0000] {logging_mixin.py:149} INFO - [2023-08-03T07:10:34.397+0000] {dagbag.py:541} INFO - Filling up the DagBag from /home/airflow/.local/lib/python3.7/site-packages/airflow/example_dags/example_datasets.py
[2023-08-03T07:10:34.407+0000] {processor.py:836} INFO - DAG(s) dict_keys(['dataset_produces_1', 'dataset_consumes_1', 'dataset_produces_2', 'dataset_consumes_1_never_scheduled', 'dataset_consumes_unknown_never_scheduled', 'dataset_consumes_1_and_2']) retrieved from /home/airflow/.local/lib/python3.7/site-packages/airflow/example_dags/example_datasets.py
[2023-08-03T07:10:34.464+0000] {logging_mixin.py:149} INFO - [2023-08-03T07:10:34.464+0000] {dag.py:2726} INFO - Sync 6 DAGs
[2023-08-03T07:10:34.485+0000] {logging_mixin.py:149} INFO - [2023-08-03T07:10:34.485+0000] {dag.py:3490} INFO - Setting next_dagrun for dataset_consumes_1 to None, run_after=None
[2023-08-03T07:10:34.488+0000] {logging_mixin.py:149} INFO - [2023-08-03T07:10:34.488+0000] {dag.py:3490} INFO - Setting next_dagrun for dataset_consumes_1_and_2 to None, run_after=None
[2023-08-03T07:10:34.489+0000] {logging_mixin.py:149} INFO - [2023-08-03T07:10:34.489+0000] {dag.py:3490} INFO - Setting next_dagrun for dataset_consumes_1_never_scheduled to None, run_after=None
[2023-08-03T07:10:34.490+0000] {logging_mixin.py:149} INFO - [2023-08-03T07:10:34.490+0000] {dag.py:3490} INFO - Setting next_dagrun for dataset_consumes_unknown_never_scheduled to None, run_after=None
[2023-08-03T07:10:34.492+0000] {logging_mixin.py:149} INFO - [2023-08-03T07:10:34.492+0000] {dag.py:3490} INFO - Setting next_dagrun for dataset_produces_1 to 2023-08-02T00:00:00+00:00, run_after=2023-08-03T00:00:00+00:00
[2023-08-03T07:10:34.494+0000] {logging_mixin.py:149} INFO - [2023-08-03T07:10:34.494+0000] {dag.py:3490} INFO - Setting next_dagrun for dataset_produces_2 to None, run_after=None
[2023-08-03T07:10:34.511+0000] {processor.py:179} INFO - Processing /home/airflow/.local/lib/python3.7/site-packages/airflow/example_dags/example_datasets.py took 0.119 seconds
[2023-08-03T10:36:01.035+0000] {processor.py:157} INFO - Started process (PID=10825) to work on /home/airflow/.local/lib/python3.7/site-packages/airflow/example_dags/example_datasets.py
[2023-08-03T10:36:01.036+0000] {processor.py:826} INFO - Processing file /home/airflow/.local/lib/python3.7/site-packages/airflow/example_dags/example_datasets.py for tasks to queue
[2023-08-03T10:36:01.037+0000] {logging_mixin.py:149} INFO - [2023-08-03T10:36:01.037+0000] {dagbag.py:541} INFO - Filling up the DagBag from /home/airflow/.local/lib/python3.7/site-packages/airflow/example_dags/example_datasets.py
[2023-08-03T10:36:01.044+0000] {processor.py:836} INFO - DAG(s) dict_keys(['dataset_consumes_1_and_2', 'dataset_consumes_unknown_never_scheduled', 'dataset_produces_2', 'dataset_produces_1', 'dataset_consumes_1', 'dataset_consumes_1_never_scheduled']) retrieved from /home/airflow/.local/lib/python3.7/site-packages/airflow/example_dags/example_datasets.py
[2023-08-03T10:36:01.069+0000] {logging_mixin.py:149} INFO - [2023-08-03T10:36:01.069+0000] {dag.py:2726} INFO - Sync 6 DAGs
[2023-08-03T10:36:01.084+0000] {logging_mixin.py:149} INFO - [2023-08-03T10:36:01.084+0000] {dag.py:3490} INFO - Setting next_dagrun for dataset_consumes_1 to None, run_after=None
[2023-08-03T10:36:01.086+0000] {logging_mixin.py:149} INFO - [2023-08-03T10:36:01.086+0000] {dag.py:3490} INFO - Setting next_dagrun for dataset_consumes_1_and_2 to None, run_after=None
[2023-08-03T10:36:01.087+0000] {logging_mixin.py:149} INFO - [2023-08-03T10:36:01.087+0000] {dag.py:3490} INFO - Setting next_dagrun for dataset_consumes_1_never_scheduled to None, run_after=None
[2023-08-03T10:36:01.088+0000] {logging_mixin.py:149} INFO - [2023-08-03T10:36:01.088+0000] {dag.py:3490} INFO - Setting next_dagrun for dataset_consumes_unknown_never_scheduled to None, run_after=None
[2023-08-03T10:36:01.090+0000] {logging_mixin.py:149} INFO - [2023-08-03T10:36:01.090+0000] {dag.py:3490} INFO - Setting next_dagrun for dataset_produces_1 to 2023-08-02T00:00:00+00:00, run_after=2023-08-03T00:00:00+00:00
[2023-08-03T10:36:01.091+0000] {logging_mixin.py:149} INFO - [2023-08-03T10:36:01.091+0000] {dag.py:3490} INFO - Setting next_dagrun for dataset_produces_2 to None, run_after=None
[2023-08-03T10:36:01.107+0000] {processor.py:179} INFO - Processing /home/airflow/.local/lib/python3.7/site-packages/airflow/example_dags/example_datasets.py took 0.074 seconds
[2023-08-03T12:09:53.529+0000] {processor.py:157} INFO - Started process (PID=10891) to work on /home/airflow/.local/lib/python3.7/site-packages/airflow/example_dags/example_datasets.py
[2023-08-03T12:09:53.530+0000] {processor.py:826} INFO - Processing file /home/airflow/.local/lib/python3.7/site-packages/airflow/example_dags/example_datasets.py for tasks to queue
[2023-08-03T12:09:53.530+0000] {logging_mixin.py:149} INFO - [2023-08-03T12:09:53.530+0000] {dagbag.py:541} INFO - Filling up the DagBag from /home/airflow/.local/lib/python3.7/site-packages/airflow/example_dags/example_datasets.py
[2023-08-03T12:09:53.539+0000] {processor.py:836} INFO - DAG(s) dict_keys(['dataset_consumes_unknown_never_scheduled', 'dataset_produces_1', 'dataset_produces_2', 'dataset_consumes_1', 'dataset_consumes_1_never_scheduled', 'dataset_consumes_1_and_2']) retrieved from /home/airflow/.local/lib/python3.7/site-packages/airflow/example_dags/example_datasets.py
[2023-08-03T12:09:53.571+0000] {logging_mixin.py:149} INFO - [2023-08-03T12:09:53.571+0000] {dag.py:2726} INFO - Sync 6 DAGs
[2023-08-03T12:09:53.588+0000] {logging_mixin.py:149} INFO - [2023-08-03T12:09:53.588+0000] {dag.py:3490} INFO - Setting next_dagrun for dataset_consumes_1 to None, run_after=None
[2023-08-03T12:09:53.590+0000] {logging_mixin.py:149} INFO - [2023-08-03T12:09:53.590+0000] {dag.py:3490} INFO - Setting next_dagrun for dataset_consumes_1_and_2 to None, run_after=None
[2023-08-03T12:09:53.592+0000] {logging_mixin.py:149} INFO - [2023-08-03T12:09:53.592+0000] {dag.py:3490} INFO - Setting next_dagrun for dataset_consumes_1_never_scheduled to None, run_after=None
[2023-08-03T12:09:53.593+0000] {logging_mixin.py:149} INFO - [2023-08-03T12:09:53.593+0000] {dag.py:3490} INFO - Setting next_dagrun for dataset_consumes_unknown_never_scheduled to None, run_after=None
[2023-08-03T12:09:53.595+0000] {logging_mixin.py:149} INFO - [2023-08-03T12:09:53.595+0000] {dag.py:3490} INFO - Setting next_dagrun for dataset_produces_1 to 2023-08-02T00:00:00+00:00, run_after=2023-08-03T00:00:00+00:00
[2023-08-03T12:09:53.597+0000] {logging_mixin.py:149} INFO - [2023-08-03T12:09:53.597+0000] {dag.py:3490} INFO - Setting next_dagrun for dataset_produces_2 to None, run_after=None
[2023-08-03T12:09:53.629+0000] {processor.py:179} INFO - Processing /home/airflow/.local/lib/python3.7/site-packages/airflow/example_dags/example_datasets.py took 0.103 seconds
[2023-08-03T14:17:37.983+0000] {processor.py:157} INFO - Started process (PID=10956) to work on /home/airflow/.local/lib/python3.7/site-packages/airflow/example_dags/example_datasets.py
[2023-08-03T14:17:37.984+0000] {processor.py:826} INFO - Processing file /home/airflow/.local/lib/python3.7/site-packages/airflow/example_dags/example_datasets.py for tasks to queue
[2023-08-03T14:17:37.985+0000] {logging_mixin.py:149} INFO - [2023-08-03T14:17:37.985+0000] {dagbag.py:541} INFO - Filling up the DagBag from /home/airflow/.local/lib/python3.7/site-packages/airflow/example_dags/example_datasets.py
[2023-08-03T14:17:37.997+0000] {processor.py:836} INFO - DAG(s) dict_keys(['dataset_produces_2', 'dataset_consumes_1_never_scheduled', 'dataset_consumes_unknown_never_scheduled', 'dataset_consumes_1_and_2', 'dataset_produces_1', 'dataset_consumes_1']) retrieved from /home/airflow/.local/lib/python3.7/site-packages/airflow/example_dags/example_datasets.py
[2023-08-03T14:17:38.047+0000] {logging_mixin.py:149} INFO - [2023-08-03T14:17:38.046+0000] {dag.py:2726} INFO - Sync 6 DAGs
[2023-08-03T14:17:38.070+0000] {logging_mixin.py:149} INFO - [2023-08-03T14:17:38.070+0000] {dag.py:3490} INFO - Setting next_dagrun for dataset_consumes_1 to None, run_after=None
[2023-08-03T14:17:38.074+0000] {logging_mixin.py:149} INFO - [2023-08-03T14:17:38.074+0000] {dag.py:3490} INFO - Setting next_dagrun for dataset_consumes_1_and_2 to None, run_after=None
[2023-08-03T14:17:38.076+0000] {logging_mixin.py:149} INFO - [2023-08-03T14:17:38.076+0000] {dag.py:3490} INFO - Setting next_dagrun for dataset_consumes_1_never_scheduled to None, run_after=None
[2023-08-03T14:17:38.077+0000] {logging_mixin.py:149} INFO - [2023-08-03T14:17:38.077+0000] {dag.py:3490} INFO - Setting next_dagrun for dataset_consumes_unknown_never_scheduled to None, run_after=None
[2023-08-03T14:17:38.080+0000] {logging_mixin.py:149} INFO - [2023-08-03T14:17:38.080+0000] {dag.py:3490} INFO - Setting next_dagrun for dataset_produces_1 to 2023-08-02T00:00:00+00:00, run_after=2023-08-03T00:00:00+00:00
[2023-08-03T14:17:38.081+0000] {logging_mixin.py:149} INFO - [2023-08-03T14:17:38.081+0000] {dag.py:3490} INFO - Setting next_dagrun for dataset_produces_2 to None, run_after=None
[2023-08-03T14:17:38.107+0000] {processor.py:179} INFO - Processing /home/airflow/.local/lib/python3.7/site-packages/airflow/example_dags/example_datasets.py took 0.127 seconds
[2023-08-03T16:17:44.585+0000] {processor.py:157} INFO - Started process (PID=11022) to work on /home/airflow/.local/lib/python3.7/site-packages/airflow/example_dags/example_datasets.py
[2023-08-03T16:17:44.586+0000] {processor.py:826} INFO - Processing file /home/airflow/.local/lib/python3.7/site-packages/airflow/example_dags/example_datasets.py for tasks to queue
[2023-08-03T16:17:44.587+0000] {logging_mixin.py:149} INFO - [2023-08-03T16:17:44.587+0000] {dagbag.py:541} INFO - Filling up the DagBag from /home/airflow/.local/lib/python3.7/site-packages/airflow/example_dags/example_datasets.py
[2023-08-03T16:17:44.597+0000] {processor.py:836} INFO - DAG(s) dict_keys(['dataset_consumes_1', 'dataset_consumes_unknown_never_scheduled', 'dataset_consumes_1_never_scheduled', 'dataset_produces_2', 'dataset_produces_1', 'dataset_consumes_1_and_2']) retrieved from /home/airflow/.local/lib/python3.7/site-packages/airflow/example_dags/example_datasets.py
[2023-08-03T16:17:44.629+0000] {logging_mixin.py:149} INFO - [2023-08-03T16:17:44.629+0000] {dag.py:2726} INFO - Sync 6 DAGs
[2023-08-03T16:17:44.652+0000] {logging_mixin.py:149} INFO - [2023-08-03T16:17:44.652+0000] {dag.py:3490} INFO - Setting next_dagrun for dataset_consumes_1 to None, run_after=None
[2023-08-03T16:17:44.654+0000] {logging_mixin.py:149} INFO - [2023-08-03T16:17:44.654+0000] {dag.py:3490} INFO - Setting next_dagrun for dataset_consumes_1_and_2 to None, run_after=None
[2023-08-03T16:17:44.655+0000] {logging_mixin.py:149} INFO - [2023-08-03T16:17:44.655+0000] {dag.py:3490} INFO - Setting next_dagrun for dataset_consumes_1_never_scheduled to None, run_after=None
[2023-08-03T16:17:44.656+0000] {logging_mixin.py:149} INFO - [2023-08-03T16:17:44.656+0000] {dag.py:3490} INFO - Setting next_dagrun for dataset_consumes_unknown_never_scheduled to None, run_after=None
[2023-08-03T16:17:44.659+0000] {logging_mixin.py:149} INFO - [2023-08-03T16:17:44.659+0000] {dag.py:3490} INFO - Setting next_dagrun for dataset_produces_1 to 2023-08-02T00:00:00+00:00, run_after=2023-08-03T00:00:00+00:00
[2023-08-03T16:17:44.660+0000] {logging_mixin.py:149} INFO - [2023-08-03T16:17:44.660+0000] {dag.py:3490} INFO - Setting next_dagrun for dataset_produces_2 to None, run_after=None
[2023-08-03T16:17:44.692+0000] {processor.py:179} INFO - Processing /home/airflow/.local/lib/python3.7/site-packages/airflow/example_dags/example_datasets.py took 0.111 seconds
[2023-08-03T16:30:05.510+0000] {processor.py:157} INFO - Started process (PID=11087) to work on /home/airflow/.local/lib/python3.7/site-packages/airflow/example_dags/example_datasets.py
[2023-08-03T16:30:05.511+0000] {processor.py:826} INFO - Processing file /home/airflow/.local/lib/python3.7/site-packages/airflow/example_dags/example_datasets.py for tasks to queue
[2023-08-03T16:30:05.512+0000] {logging_mixin.py:149} INFO - [2023-08-03T16:30:05.512+0000] {dagbag.py:541} INFO - Filling up the DagBag from /home/airflow/.local/lib/python3.7/site-packages/airflow/example_dags/example_datasets.py
[2023-08-03T16:30:05.521+0000] {processor.py:836} INFO - DAG(s) dict_keys(['dataset_produces_2', 'dataset_consumes_unknown_never_scheduled', 'dataset_produces_1', 'dataset_consumes_1', 'dataset_consumes_1_and_2', 'dataset_consumes_1_never_scheduled']) retrieved from /home/airflow/.local/lib/python3.7/site-packages/airflow/example_dags/example_datasets.py
[2023-08-03T16:30:05.549+0000] {logging_mixin.py:149} INFO - [2023-08-03T16:30:05.549+0000] {dag.py:2726} INFO - Sync 6 DAGs
[2023-08-03T16:30:05.568+0000] {logging_mixin.py:149} INFO - [2023-08-03T16:30:05.568+0000] {dag.py:3490} INFO - Setting next_dagrun for dataset_consumes_1 to None, run_after=None
[2023-08-03T16:30:05.570+0000] {logging_mixin.py:149} INFO - [2023-08-03T16:30:05.570+0000] {dag.py:3490} INFO - Setting next_dagrun for dataset_consumes_1_and_2 to None, run_after=None
[2023-08-03T16:30:05.574+0000] {logging_mixin.py:149} INFO - [2023-08-03T16:30:05.574+0000] {dag.py:3490} INFO - Setting next_dagrun for dataset_consumes_1_never_scheduled to None, run_after=None
[2023-08-03T16:30:05.575+0000] {logging_mixin.py:149} INFO - [2023-08-03T16:30:05.575+0000] {dag.py:3490} INFO - Setting next_dagrun for dataset_consumes_unknown_never_scheduled to None, run_after=None
[2023-08-03T16:30:05.577+0000] {logging_mixin.py:149} INFO - [2023-08-03T16:30:05.577+0000] {dag.py:3490} INFO - Setting next_dagrun for dataset_produces_1 to 2023-08-02T00:00:00+00:00, run_after=2023-08-03T00:00:00+00:00
[2023-08-03T16:30:05.578+0000] {logging_mixin.py:149} INFO - [2023-08-03T16:30:05.578+0000] {dag.py:3490} INFO - Setting next_dagrun for dataset_produces_2 to None, run_after=None
[2023-08-03T16:30:05.595+0000] {processor.py:179} INFO - Processing /home/airflow/.local/lib/python3.7/site-packages/airflow/example_dags/example_datasets.py took 0.088 seconds
[2023-08-03T16:47:32.907+0000] {processor.py:157} INFO - Started process (PID=11152) to work on /home/airflow/.local/lib/python3.7/site-packages/airflow/example_dags/example_datasets.py
[2023-08-03T16:47:32.908+0000] {processor.py:826} INFO - Processing file /home/airflow/.local/lib/python3.7/site-packages/airflow/example_dags/example_datasets.py for tasks to queue
[2023-08-03T16:47:32.909+0000] {logging_mixin.py:149} INFO - [2023-08-03T16:47:32.909+0000] {dagbag.py:541} INFO - Filling up the DagBag from /home/airflow/.local/lib/python3.7/site-packages/airflow/example_dags/example_datasets.py
[2023-08-03T16:47:32.916+0000] {processor.py:836} INFO - DAG(s) dict_keys(['dataset_produces_2', 'dataset_consumes_unknown_never_scheduled', 'dataset_consumes_1', 'dataset_consumes_1_and_2', 'dataset_produces_1', 'dataset_consumes_1_never_scheduled']) retrieved from /home/airflow/.local/lib/python3.7/site-packages/airflow/example_dags/example_datasets.py
[2023-08-03T16:47:32.953+0000] {logging_mixin.py:149} INFO - [2023-08-03T16:47:32.953+0000] {dag.py:2726} INFO - Sync 6 DAGs
[2023-08-03T16:47:32.980+0000] {logging_mixin.py:149} INFO - [2023-08-03T16:47:32.980+0000] {dag.py:3490} INFO - Setting next_dagrun for dataset_consumes_1 to None, run_after=None
[2023-08-03T16:47:32.983+0000] {logging_mixin.py:149} INFO - [2023-08-03T16:47:32.982+0000] {dag.py:3490} INFO - Setting next_dagrun for dataset_consumes_1_and_2 to None, run_after=None
[2023-08-03T16:47:32.984+0000] {logging_mixin.py:149} INFO - [2023-08-03T16:47:32.984+0000] {dag.py:3490} INFO - Setting next_dagrun for dataset_consumes_1_never_scheduled to None, run_after=None
[2023-08-03T16:47:32.985+0000] {logging_mixin.py:149} INFO - [2023-08-03T16:47:32.985+0000] {dag.py:3490} INFO - Setting next_dagrun for dataset_consumes_unknown_never_scheduled to None, run_after=None
[2023-08-03T16:47:32.987+0000] {logging_mixin.py:149} INFO - [2023-08-03T16:47:32.987+0000] {dag.py:3490} INFO - Setting next_dagrun for dataset_produces_1 to 2023-08-02T00:00:00+00:00, run_after=2023-08-03T00:00:00+00:00
[2023-08-03T16:47:32.991+0000] {logging_mixin.py:149} INFO - [2023-08-03T16:47:32.991+0000] {dag.py:3490} INFO - Setting next_dagrun for dataset_produces_2 to None, run_after=None
[2023-08-03T16:47:33.016+0000] {processor.py:179} INFO - Processing /home/airflow/.local/lib/python3.7/site-packages/airflow/example_dags/example_datasets.py took 0.111 seconds
[2023-08-03T19:34:07.372+0000] {processor.py:157} INFO - Started process (PID=11218) to work on /home/airflow/.local/lib/python3.7/site-packages/airflow/example_dags/example_datasets.py
[2023-08-03T19:34:07.374+0000] {processor.py:826} INFO - Processing file /home/airflow/.local/lib/python3.7/site-packages/airflow/example_dags/example_datasets.py for tasks to queue
[2023-08-03T19:34:07.375+0000] {logging_mixin.py:149} INFO - [2023-08-03T19:34:07.375+0000] {dagbag.py:541} INFO - Filling up the DagBag from /home/airflow/.local/lib/python3.7/site-packages/airflow/example_dags/example_datasets.py
[2023-08-03T19:34:07.383+0000] {processor.py:836} INFO - DAG(s) dict_keys(['dataset_consumes_1_and_2', 'dataset_consumes_1_never_scheduled', 'dataset_produces_1', 'dataset_produces_2', 'dataset_consumes_unknown_never_scheduled', 'dataset_consumes_1']) retrieved from /home/airflow/.local/lib/python3.7/site-packages/airflow/example_dags/example_datasets.py
[2023-08-03T19:34:07.411+0000] {logging_mixin.py:149} INFO - [2023-08-03T19:34:07.411+0000] {dag.py:2726} INFO - Sync 6 DAGs
[2023-08-03T19:34:07.428+0000] {logging_mixin.py:149} INFO - [2023-08-03T19:34:07.428+0000] {dag.py:3490} INFO - Setting next_dagrun for dataset_consumes_1 to None, run_after=None
[2023-08-03T19:34:07.431+0000] {logging_mixin.py:149} INFO - [2023-08-03T19:34:07.431+0000] {dag.py:3490} INFO - Setting next_dagrun for dataset_consumes_1_and_2 to None, run_after=None
[2023-08-03T19:34:07.432+0000] {logging_mixin.py:149} INFO - [2023-08-03T19:34:07.432+0000] {dag.py:3490} INFO - Setting next_dagrun for dataset_consumes_1_never_scheduled to None, run_after=None
[2023-08-03T19:34:07.433+0000] {logging_mixin.py:149} INFO - [2023-08-03T19:34:07.433+0000] {dag.py:3490} INFO - Setting next_dagrun for dataset_consumes_unknown_never_scheduled to None, run_after=None
[2023-08-03T19:34:07.435+0000] {logging_mixin.py:149} INFO - [2023-08-03T19:34:07.435+0000] {dag.py:3490} INFO - Setting next_dagrun for dataset_produces_1 to 2023-08-02T00:00:00+00:00, run_after=2023-08-03T00:00:00+00:00
[2023-08-03T19:34:07.436+0000] {logging_mixin.py:149} INFO - [2023-08-03T19:34:07.436+0000] {dag.py:3490} INFO - Setting next_dagrun for dataset_produces_2 to None, run_after=None
[2023-08-03T19:34:07.455+0000] {processor.py:179} INFO - Processing /home/airflow/.local/lib/python3.7/site-packages/airflow/example_dags/example_datasets.py took 0.086 seconds
[2023-08-03T19:55:28.087+0000] {processor.py:157} INFO - Started process (PID=11284) to work on /home/airflow/.local/lib/python3.7/site-packages/airflow/example_dags/example_datasets.py
[2023-08-03T19:55:28.088+0000] {processor.py:826} INFO - Processing file /home/airflow/.local/lib/python3.7/site-packages/airflow/example_dags/example_datasets.py for tasks to queue
[2023-08-03T19:55:28.089+0000] {logging_mixin.py:149} INFO - [2023-08-03T19:55:28.089+0000] {dagbag.py:541} INFO - Filling up the DagBag from /home/airflow/.local/lib/python3.7/site-packages/airflow/example_dags/example_datasets.py
[2023-08-03T19:55:28.096+0000] {processor.py:836} INFO - DAG(s) dict_keys(['dataset_produces_1', 'dataset_consumes_1_never_scheduled', 'dataset_consumes_1', 'dataset_consumes_unknown_never_scheduled', 'dataset_consumes_1_and_2', 'dataset_produces_2']) retrieved from /home/airflow/.local/lib/python3.7/site-packages/airflow/example_dags/example_datasets.py
[2023-08-03T19:55:28.135+0000] {logging_mixin.py:149} INFO - [2023-08-03T19:55:28.135+0000] {dag.py:2726} INFO - Sync 6 DAGs
[2023-08-03T19:55:28.152+0000] {logging_mixin.py:149} INFO - [2023-08-03T19:55:28.152+0000] {dag.py:3490} INFO - Setting next_dagrun for dataset_consumes_1 to None, run_after=None
[2023-08-03T19:55:28.155+0000] {logging_mixin.py:149} INFO - [2023-08-03T19:55:28.155+0000] {dag.py:3490} INFO - Setting next_dagrun for dataset_consumes_1_and_2 to None, run_after=None
[2023-08-03T19:55:28.156+0000] {logging_mixin.py:149} INFO - [2023-08-03T19:55:28.156+0000] {dag.py:3490} INFO - Setting next_dagrun for dataset_consumes_1_never_scheduled to None, run_after=None
[2023-08-03T19:55:28.157+0000] {logging_mixin.py:149} INFO - [2023-08-03T19:55:28.157+0000] {dag.py:3490} INFO - Setting next_dagrun for dataset_consumes_unknown_never_scheduled to None, run_after=None
[2023-08-03T19:55:28.159+0000] {logging_mixin.py:149} INFO - [2023-08-03T19:55:28.159+0000] {dag.py:3490} INFO - Setting next_dagrun for dataset_produces_1 to 2023-08-02T00:00:00+00:00, run_after=2023-08-03T00:00:00+00:00
[2023-08-03T19:55:28.160+0000] {logging_mixin.py:149} INFO - [2023-08-03T19:55:28.160+0000] {dag.py:3490} INFO - Setting next_dagrun for dataset_produces_2 to None, run_after=None
[2023-08-03T19:55:28.178+0000] {processor.py:179} INFO - Processing /home/airflow/.local/lib/python3.7/site-packages/airflow/example_dags/example_datasets.py took 0.094 seconds
[2023-08-03T22:30:44.917+0000] {processor.py:157} INFO - Started process (PID=11350) to work on /home/airflow/.local/lib/python3.7/site-packages/airflow/example_dags/example_datasets.py
[2023-08-03T22:30:44.918+0000] {processor.py:826} INFO - Processing file /home/airflow/.local/lib/python3.7/site-packages/airflow/example_dags/example_datasets.py for tasks to queue
[2023-08-03T22:30:44.919+0000] {logging_mixin.py:149} INFO - [2023-08-03T22:30:44.919+0000] {dagbag.py:541} INFO - Filling up the DagBag from /home/airflow/.local/lib/python3.7/site-packages/airflow/example_dags/example_datasets.py
[2023-08-03T22:30:44.928+0000] {processor.py:836} INFO - DAG(s) dict_keys(['dataset_consumes_1_and_2', 'dataset_produces_2', 'dataset_consumes_unknown_never_scheduled', 'dataset_consumes_1', 'dataset_consumes_1_never_scheduled', 'dataset_produces_1']) retrieved from /home/airflow/.local/lib/python3.7/site-packages/airflow/example_dags/example_datasets.py
[2023-08-03T22:30:44.966+0000] {logging_mixin.py:149} INFO - [2023-08-03T22:30:44.966+0000] {dag.py:2726} INFO - Sync 6 DAGs
[2023-08-03T22:30:44.992+0000] {logging_mixin.py:149} INFO - [2023-08-03T22:30:44.992+0000] {dag.py:3490} INFO - Setting next_dagrun for dataset_consumes_1 to None, run_after=None
[2023-08-03T22:30:45.001+0000] {logging_mixin.py:149} INFO - [2023-08-03T22:30:45.001+0000] {dag.py:3490} INFO - Setting next_dagrun for dataset_consumes_1_and_2 to None, run_after=None
[2023-08-03T22:30:45.002+0000] {logging_mixin.py:149} INFO - [2023-08-03T22:30:45.002+0000] {dag.py:3490} INFO - Setting next_dagrun for dataset_consumes_1_never_scheduled to None, run_after=None
[2023-08-03T22:30:45.003+0000] {logging_mixin.py:149} INFO - [2023-08-03T22:30:45.003+0000] {dag.py:3490} INFO - Setting next_dagrun for dataset_consumes_unknown_never_scheduled to None, run_after=None
[2023-08-03T22:30:45.005+0000] {logging_mixin.py:149} INFO - [2023-08-03T22:30:45.005+0000] {dag.py:3490} INFO - Setting next_dagrun for dataset_produces_1 to 2023-08-02T00:00:00+00:00, run_after=2023-08-03T00:00:00+00:00
[2023-08-03T22:30:45.006+0000] {logging_mixin.py:149} INFO - [2023-08-03T22:30:45.006+0000] {dag.py:3490} INFO - Setting next_dagrun for dataset_produces_2 to None, run_after=None
[2023-08-03T22:30:45.026+0000] {processor.py:179} INFO - Processing /home/airflow/.local/lib/python3.7/site-packages/airflow/example_dags/example_datasets.py took 0.113 seconds
