[2023-08-03T02:37:37.305+0000] {processor.py:157} INFO - Started process (PID=10524) to work on /home/airflow/.local/lib/python3.7/site-packages/airflow/example_dags/example_sensors.py
[2023-08-03T02:37:37.306+0000] {processor.py:826} INFO - Processing file /home/airflow/.local/lib/python3.7/site-packages/airflow/example_dags/example_sensors.py for tasks to queue
[2023-08-03T02:37:37.307+0000] {logging_mixin.py:149} INFO - [2023-08-03T02:37:37.307+0000] {dagbag.py:541} INFO - Filling up the DagBag from /home/airflow/.local/lib/python3.7/site-packages/airflow/example_dags/example_sensors.py
[2023-08-03T02:37:37.315+0000] {processor.py:836} INFO - DAG(s) dict_keys(['example_sensors']) retrieved from /home/airflow/.local/lib/python3.7/site-packages/airflow/example_dags/example_sensors.py
[2023-08-03T02:37:37.337+0000] {logging_mixin.py:149} INFO - [2023-08-03T02:37:37.337+0000] {dag.py:2726} INFO - Sync 1 DAGs
[2023-08-03T02:37:37.357+0000] {logging_mixin.py:149} INFO - [2023-08-03T02:37:37.357+0000] {dag.py:3490} INFO - Setting next_dagrun for example_sensors to None, run_after=None
[2023-08-03T02:37:37.368+0000] {processor.py:179} INFO - Processing /home/airflow/.local/lib/python3.7/site-packages/airflow/example_dags/example_sensors.py took 0.074 seconds
[2023-08-03T06:43:41.823+0000] {processor.py:157} INFO - Started process (PID=10590) to work on /home/airflow/.local/lib/python3.7/site-packages/airflow/example_dags/example_sensors.py
[2023-08-03T06:43:41.824+0000] {processor.py:826} INFO - Processing file /home/airflow/.local/lib/python3.7/site-packages/airflow/example_dags/example_sensors.py for tasks to queue
[2023-08-03T06:43:41.825+0000] {logging_mixin.py:149} INFO - [2023-08-03T06:43:41.825+0000] {dagbag.py:541} INFO - Filling up the DagBag from /home/airflow/.local/lib/python3.7/site-packages/airflow/example_dags/example_sensors.py
[2023-08-03T06:43:41.832+0000] {processor.py:836} INFO - DAG(s) dict_keys(['example_sensors']) retrieved from /home/airflow/.local/lib/python3.7/site-packages/airflow/example_dags/example_sensors.py
[2023-08-03T06:43:41.856+0000] {logging_mixin.py:149} INFO - [2023-08-03T06:43:41.856+0000] {dag.py:2726} INFO - Sync 1 DAGs
[2023-08-03T06:43:41.874+0000] {logging_mixin.py:149} INFO - [2023-08-03T06:43:41.874+0000] {dag.py:3490} INFO - Setting next_dagrun for example_sensors to None, run_after=None
[2023-08-03T06:43:41.886+0000] {processor.py:179} INFO - Processing /home/airflow/.local/lib/python3.7/site-packages/airflow/example_dags/example_sensors.py took 0.066 seconds
[2023-08-03T06:45:49.265+0000] {processor.py:157} INFO - Started process (PID=10656) to work on /home/airflow/.local/lib/python3.7/site-packages/airflow/example_dags/example_sensors.py
[2023-08-03T06:45:49.266+0000] {processor.py:826} INFO - Processing file /home/airflow/.local/lib/python3.7/site-packages/airflow/example_dags/example_sensors.py for tasks to queue
[2023-08-03T06:45:49.267+0000] {logging_mixin.py:149} INFO - [2023-08-03T06:45:49.267+0000] {dagbag.py:541} INFO - Filling up the DagBag from /home/airflow/.local/lib/python3.7/site-packages/airflow/example_dags/example_sensors.py
[2023-08-03T06:45:49.273+0000] {processor.py:836} INFO - DAG(s) dict_keys(['example_sensors']) retrieved from /home/airflow/.local/lib/python3.7/site-packages/airflow/example_dags/example_sensors.py
[2023-08-03T06:45:49.296+0000] {logging_mixin.py:149} INFO - [2023-08-03T06:45:49.296+0000] {dag.py:2726} INFO - Sync 1 DAGs
[2023-08-03T06:45:49.314+0000] {logging_mixin.py:149} INFO - [2023-08-03T06:45:49.314+0000] {dag.py:3490} INFO - Setting next_dagrun for example_sensors to None, run_after=None
[2023-08-03T06:45:49.332+0000] {processor.py:179} INFO - Processing /home/airflow/.local/lib/python3.7/site-packages/airflow/example_dags/example_sensors.py took 0.070 seconds
[2023-08-03T07:10:32.420+0000] {processor.py:157} INFO - Started process (PID=10721) to work on /home/airflow/.local/lib/python3.7/site-packages/airflow/example_dags/example_sensors.py
[2023-08-03T07:10:32.421+0000] {processor.py:826} INFO - Processing file /home/airflow/.local/lib/python3.7/site-packages/airflow/example_dags/example_sensors.py for tasks to queue
[2023-08-03T07:10:32.422+0000] {logging_mixin.py:149} INFO - [2023-08-03T07:10:32.422+0000] {dagbag.py:541} INFO - Filling up the DagBag from /home/airflow/.local/lib/python3.7/site-packages/airflow/example_dags/example_sensors.py
[2023-08-03T07:10:32.430+0000] {processor.py:836} INFO - DAG(s) dict_keys(['example_sensors']) retrieved from /home/airflow/.local/lib/python3.7/site-packages/airflow/example_dags/example_sensors.py
[2023-08-03T07:10:32.454+0000] {logging_mixin.py:149} INFO - [2023-08-03T07:10:32.454+0000] {dag.py:2726} INFO - Sync 1 DAGs
[2023-08-03T07:10:32.469+0000] {logging_mixin.py:149} INFO - [2023-08-03T07:10:32.469+0000] {dag.py:3490} INFO - Setting next_dagrun for example_sensors to None, run_after=None
[2023-08-03T07:10:32.480+0000] {processor.py:179} INFO - Processing /home/airflow/.local/lib/python3.7/site-packages/airflow/example_dags/example_sensors.py took 0.063 seconds
[2023-08-03T10:35:59.074+0000] {processor.py:157} INFO - Started process (PID=10787) to work on /home/airflow/.local/lib/python3.7/site-packages/airflow/example_dags/example_sensors.py
[2023-08-03T10:35:59.082+0000] {processor.py:826} INFO - Processing file /home/airflow/.local/lib/python3.7/site-packages/airflow/example_dags/example_sensors.py for tasks to queue
[2023-08-03T10:35:59.083+0000] {logging_mixin.py:149} INFO - [2023-08-03T10:35:59.083+0000] {dagbag.py:541} INFO - Filling up the DagBag from /home/airflow/.local/lib/python3.7/site-packages/airflow/example_dags/example_sensors.py
[2023-08-03T10:35:59.092+0000] {processor.py:836} INFO - DAG(s) dict_keys(['example_sensors']) retrieved from /home/airflow/.local/lib/python3.7/site-packages/airflow/example_dags/example_sensors.py
[2023-08-03T10:35:59.113+0000] {logging_mixin.py:149} INFO - [2023-08-03T10:35:59.113+0000] {dag.py:2726} INFO - Sync 1 DAGs
[2023-08-03T10:35:59.129+0000] {logging_mixin.py:149} INFO - [2023-08-03T10:35:59.128+0000] {dag.py:3490} INFO - Setting next_dagrun for example_sensors to None, run_after=None
[2023-08-03T10:35:59.139+0000] {processor.py:179} INFO - Processing /home/airflow/.local/lib/python3.7/site-packages/airflow/example_dags/example_sensors.py took 0.068 seconds
[2023-08-03T12:09:51.580+0000] {processor.py:157} INFO - Started process (PID=10853) to work on /home/airflow/.local/lib/python3.7/site-packages/airflow/example_dags/example_sensors.py
[2023-08-03T12:09:51.582+0000] {processor.py:826} INFO - Processing file /home/airflow/.local/lib/python3.7/site-packages/airflow/example_dags/example_sensors.py for tasks to queue
[2023-08-03T12:09:51.582+0000] {logging_mixin.py:149} INFO - [2023-08-03T12:09:51.582+0000] {dagbag.py:541} INFO - Filling up the DagBag from /home/airflow/.local/lib/python3.7/site-packages/airflow/example_dags/example_sensors.py
[2023-08-03T12:09:51.593+0000] {processor.py:836} INFO - DAG(s) dict_keys(['example_sensors']) retrieved from /home/airflow/.local/lib/python3.7/site-packages/airflow/example_dags/example_sensors.py
[2023-08-03T12:09:51.615+0000] {logging_mixin.py:149} INFO - [2023-08-03T12:09:51.615+0000] {dag.py:2726} INFO - Sync 1 DAGs
[2023-08-03T12:09:51.633+0000] {logging_mixin.py:149} INFO - [2023-08-03T12:09:51.633+0000] {dag.py:3490} INFO - Setting next_dagrun for example_sensors to None, run_after=None
[2023-08-03T12:09:51.645+0000] {processor.py:179} INFO - Processing /home/airflow/.local/lib/python3.7/site-packages/airflow/example_dags/example_sensors.py took 0.067 seconds
[2023-08-03T14:17:35.768+0000] {processor.py:157} INFO - Started process (PID=10918) to work on /home/airflow/.local/lib/python3.7/site-packages/airflow/example_dags/example_sensors.py
[2023-08-03T14:17:35.769+0000] {processor.py:826} INFO - Processing file /home/airflow/.local/lib/python3.7/site-packages/airflow/example_dags/example_sensors.py for tasks to queue
[2023-08-03T14:17:35.770+0000] {logging_mixin.py:149} INFO - [2023-08-03T14:17:35.770+0000] {dagbag.py:541} INFO - Filling up the DagBag from /home/airflow/.local/lib/python3.7/site-packages/airflow/example_dags/example_sensors.py
[2023-08-03T14:17:35.778+0000] {processor.py:836} INFO - DAG(s) dict_keys(['example_sensors']) retrieved from /home/airflow/.local/lib/python3.7/site-packages/airflow/example_dags/example_sensors.py
[2023-08-03T14:17:35.806+0000] {logging_mixin.py:149} INFO - [2023-08-03T14:17:35.806+0000] {dag.py:2726} INFO - Sync 1 DAGs
[2023-08-03T14:17:35.823+0000] {logging_mixin.py:149} INFO - [2023-08-03T14:17:35.823+0000] {dag.py:3490} INFO - Setting next_dagrun for example_sensors to None, run_after=None
[2023-08-03T14:17:35.836+0000] {processor.py:179} INFO - Processing /home/airflow/.local/lib/python3.7/site-packages/airflow/example_dags/example_sensors.py took 0.072 seconds
[2023-08-03T16:17:42.156+0000] {processor.py:157} INFO - Started process (PID=10984) to work on /home/airflow/.local/lib/python3.7/site-packages/airflow/example_dags/example_sensors.py
[2023-08-03T16:17:42.158+0000] {processor.py:826} INFO - Processing file /home/airflow/.local/lib/python3.7/site-packages/airflow/example_dags/example_sensors.py for tasks to queue
[2023-08-03T16:17:42.158+0000] {logging_mixin.py:149} INFO - [2023-08-03T16:17:42.158+0000] {dagbag.py:541} INFO - Filling up the DagBag from /home/airflow/.local/lib/python3.7/site-packages/airflow/example_dags/example_sensors.py
[2023-08-03T16:17:42.166+0000] {processor.py:836} INFO - DAG(s) dict_keys(['example_sensors']) retrieved from /home/airflow/.local/lib/python3.7/site-packages/airflow/example_dags/example_sensors.py
[2023-08-03T16:17:42.188+0000] {logging_mixin.py:149} INFO - [2023-08-03T16:17:42.188+0000] {dag.py:2726} INFO - Sync 1 DAGs
[2023-08-03T16:17:42.203+0000] {logging_mixin.py:149} INFO - [2023-08-03T16:17:42.202+0000] {dag.py:3490} INFO - Setting next_dagrun for example_sensors to None, run_after=None
[2023-08-03T16:17:42.214+0000] {processor.py:179} INFO - Processing /home/airflow/.local/lib/python3.7/site-packages/airflow/example_dags/example_sensors.py took 0.060 seconds
[2023-08-03T16:30:03.388+0000] {processor.py:157} INFO - Started process (PID=11049) to work on /home/airflow/.local/lib/python3.7/site-packages/airflow/example_dags/example_sensors.py
[2023-08-03T16:30:03.389+0000] {processor.py:826} INFO - Processing file /home/airflow/.local/lib/python3.7/site-packages/airflow/example_dags/example_sensors.py for tasks to queue
[2023-08-03T16:30:03.390+0000] {logging_mixin.py:149} INFO - [2023-08-03T16:30:03.390+0000] {dagbag.py:541} INFO - Filling up the DagBag from /home/airflow/.local/lib/python3.7/site-packages/airflow/example_dags/example_sensors.py
[2023-08-03T16:30:03.397+0000] {processor.py:836} INFO - DAG(s) dict_keys(['example_sensors']) retrieved from /home/airflow/.local/lib/python3.7/site-packages/airflow/example_dags/example_sensors.py
[2023-08-03T16:30:03.424+0000] {logging_mixin.py:149} INFO - [2023-08-03T16:30:03.424+0000] {dag.py:2726} INFO - Sync 1 DAGs
[2023-08-03T16:30:03.440+0000] {logging_mixin.py:149} INFO - [2023-08-03T16:30:03.440+0000] {dag.py:3490} INFO - Setting next_dagrun for example_sensors to None, run_after=None
[2023-08-03T16:30:03.452+0000] {processor.py:179} INFO - Processing /home/airflow/.local/lib/python3.7/site-packages/airflow/example_dags/example_sensors.py took 0.067 seconds
[2023-08-03T16:47:30.891+0000] {processor.py:157} INFO - Started process (PID=11114) to work on /home/airflow/.local/lib/python3.7/site-packages/airflow/example_dags/example_sensors.py
[2023-08-03T16:47:30.892+0000] {processor.py:826} INFO - Processing file /home/airflow/.local/lib/python3.7/site-packages/airflow/example_dags/example_sensors.py for tasks to queue
[2023-08-03T16:47:30.893+0000] {logging_mixin.py:149} INFO - [2023-08-03T16:47:30.893+0000] {dagbag.py:541} INFO - Filling up the DagBag from /home/airflow/.local/lib/python3.7/site-packages/airflow/example_dags/example_sensors.py
[2023-08-03T16:47:30.905+0000] {processor.py:836} INFO - DAG(s) dict_keys(['example_sensors']) retrieved from /home/airflow/.local/lib/python3.7/site-packages/airflow/example_dags/example_sensors.py
[2023-08-03T16:47:30.930+0000] {logging_mixin.py:149} INFO - [2023-08-03T16:47:30.928+0000] {dag.py:2726} INFO - Sync 1 DAGs
[2023-08-03T16:47:30.948+0000] {logging_mixin.py:149} INFO - [2023-08-03T16:47:30.948+0000] {dag.py:3490} INFO - Setting next_dagrun for example_sensors to None, run_after=None
[2023-08-03T16:47:30.959+0000] {processor.py:179} INFO - Processing /home/airflow/.local/lib/python3.7/site-packages/airflow/example_dags/example_sensors.py took 0.072 seconds
[2023-08-03T19:34:05.292+0000] {processor.py:157} INFO - Started process (PID=11180) to work on /home/airflow/.local/lib/python3.7/site-packages/airflow/example_dags/example_sensors.py
[2023-08-03T19:34:05.293+0000] {processor.py:826} INFO - Processing file /home/airflow/.local/lib/python3.7/site-packages/airflow/example_dags/example_sensors.py for tasks to queue
[2023-08-03T19:34:05.294+0000] {logging_mixin.py:149} INFO - [2023-08-03T19:34:05.294+0000] {dagbag.py:541} INFO - Filling up the DagBag from /home/airflow/.local/lib/python3.7/site-packages/airflow/example_dags/example_sensors.py
[2023-08-03T19:34:05.302+0000] {processor.py:836} INFO - DAG(s) dict_keys(['example_sensors']) retrieved from /home/airflow/.local/lib/python3.7/site-packages/airflow/example_dags/example_sensors.py
[2023-08-03T19:34:05.327+0000] {logging_mixin.py:149} INFO - [2023-08-03T19:34:05.327+0000] {dag.py:2726} INFO - Sync 1 DAGs
[2023-08-03T19:34:05.365+0000] {logging_mixin.py:149} INFO - [2023-08-03T19:34:05.364+0000] {dag.py:3490} INFO - Setting next_dagrun for example_sensors to None, run_after=None
[2023-08-03T19:34:05.379+0000] {processor.py:179} INFO - Processing /home/airflow/.local/lib/python3.7/site-packages/airflow/example_dags/example_sensors.py took 0.091 seconds
[2023-08-03T19:55:25.592+0000] {processor.py:157} INFO - Started process (PID=11246) to work on /home/airflow/.local/lib/python3.7/site-packages/airflow/example_dags/example_sensors.py
[2023-08-03T19:55:25.593+0000] {processor.py:826} INFO - Processing file /home/airflow/.local/lib/python3.7/site-packages/airflow/example_dags/example_sensors.py for tasks to queue
[2023-08-03T19:55:25.593+0000] {logging_mixin.py:149} INFO - [2023-08-03T19:55:25.593+0000] {dagbag.py:541} INFO - Filling up the DagBag from /home/airflow/.local/lib/python3.7/site-packages/airflow/example_dags/example_sensors.py
[2023-08-03T19:55:25.601+0000] {processor.py:836} INFO - DAG(s) dict_keys(['example_sensors']) retrieved from /home/airflow/.local/lib/python3.7/site-packages/airflow/example_dags/example_sensors.py
[2023-08-03T19:55:25.623+0000] {logging_mixin.py:149} INFO - [2023-08-03T19:55:25.623+0000] {dag.py:2726} INFO - Sync 1 DAGs
[2023-08-03T19:55:25.639+0000] {logging_mixin.py:149} INFO - [2023-08-03T19:55:25.639+0000] {dag.py:3490} INFO - Setting next_dagrun for example_sensors to None, run_after=None
[2023-08-03T19:55:25.652+0000] {processor.py:179} INFO - Processing /home/airflow/.local/lib/python3.7/site-packages/airflow/example_dags/example_sensors.py took 0.063 seconds
[2023-08-03T22:30:42.931+0000] {processor.py:157} INFO - Started process (PID=11312) to work on /home/airflow/.local/lib/python3.7/site-packages/airflow/example_dags/example_sensors.py
[2023-08-03T22:30:42.932+0000] {processor.py:826} INFO - Processing file /home/airflow/.local/lib/python3.7/site-packages/airflow/example_dags/example_sensors.py for tasks to queue
[2023-08-03T22:30:42.935+0000] {logging_mixin.py:149} INFO - [2023-08-03T22:30:42.934+0000] {dagbag.py:541} INFO - Filling up the DagBag from /home/airflow/.local/lib/python3.7/site-packages/airflow/example_dags/example_sensors.py
[2023-08-03T22:30:42.949+0000] {processor.py:836} INFO - DAG(s) dict_keys(['example_sensors']) retrieved from /home/airflow/.local/lib/python3.7/site-packages/airflow/example_dags/example_sensors.py
[2023-08-03T22:30:42.974+0000] {logging_mixin.py:149} INFO - [2023-08-03T22:30:42.974+0000] {dag.py:2726} INFO - Sync 1 DAGs
[2023-08-03T22:30:42.991+0000] {logging_mixin.py:149} INFO - [2023-08-03T22:30:42.990+0000] {dag.py:3490} INFO - Setting next_dagrun for example_sensors to None, run_after=None
[2023-08-03T22:30:43.003+0000] {processor.py:179} INFO - Processing /home/airflow/.local/lib/python3.7/site-packages/airflow/example_dags/example_sensors.py took 0.075 seconds
