[2023-08-03T02:37:38.257+0000] {processor.py:157} INFO - Started process (PID=10541) to work on /home/airflow/.local/lib/python3.7/site-packages/airflow/example_dags/example_branch_labels.py
[2023-08-03T02:37:38.258+0000] {processor.py:826} INFO - Processing file /home/airflow/.local/lib/python3.7/site-packages/airflow/example_dags/example_branch_labels.py for tasks to queue
[2023-08-03T02:37:38.259+0000] {logging_mixin.py:149} INFO - [2023-08-03T02:37:38.259+0000] {dagbag.py:541} INFO - Filling up the DagBag from /home/airflow/.local/lib/python3.7/site-packages/airflow/example_dags/example_branch_labels.py
[2023-08-03T02:37:38.266+0000] {processor.py:836} INFO - DAG(s) dict_keys(['example_branch_labels']) retrieved from /home/airflow/.local/lib/python3.7/site-packages/airflow/example_dags/example_branch_labels.py
[2023-08-03T02:37:38.287+0000] {logging_mixin.py:149} INFO - [2023-08-03T02:37:38.287+0000] {dag.py:2726} INFO - Sync 1 DAGs
[2023-08-03T02:37:38.304+0000] {logging_mixin.py:149} INFO - [2023-08-03T02:37:38.304+0000] {dag.py:3490} INFO - Setting next_dagrun for example_branch_labels to 2023-08-02T00:00:00+00:00, run_after=2023-08-03T00:00:00+00:00
[2023-08-03T02:37:38.318+0000] {processor.py:179} INFO - Processing /home/airflow/.local/lib/python3.7/site-packages/airflow/example_dags/example_branch_labels.py took 0.064 seconds
[2023-08-03T06:43:43.056+0000] {processor.py:157} INFO - Started process (PID=10607) to work on /home/airflow/.local/lib/python3.7/site-packages/airflow/example_dags/example_branch_labels.py
[2023-08-03T06:43:43.064+0000] {processor.py:826} INFO - Processing file /home/airflow/.local/lib/python3.7/site-packages/airflow/example_dags/example_branch_labels.py for tasks to queue
[2023-08-03T06:43:43.065+0000] {logging_mixin.py:149} INFO - [2023-08-03T06:43:43.064+0000] {dagbag.py:541} INFO - Filling up the DagBag from /home/airflow/.local/lib/python3.7/site-packages/airflow/example_dags/example_branch_labels.py
[2023-08-03T06:43:43.076+0000] {processor.py:836} INFO - DAG(s) dict_keys(['example_branch_labels']) retrieved from /home/airflow/.local/lib/python3.7/site-packages/airflow/example_dags/example_branch_labels.py
[2023-08-03T06:43:43.116+0000] {logging_mixin.py:149} INFO - [2023-08-03T06:43:43.116+0000] {dag.py:2726} INFO - Sync 1 DAGs
[2023-08-03T06:43:43.150+0000] {logging_mixin.py:149} INFO - [2023-08-03T06:43:43.150+0000] {dag.py:3490} INFO - Setting next_dagrun for example_branch_labels to 2023-08-02T00:00:00+00:00, run_after=2023-08-03T00:00:00+00:00
[2023-08-03T06:43:43.179+0000] {processor.py:179} INFO - Processing /home/airflow/.local/lib/python3.7/site-packages/airflow/example_dags/example_branch_labels.py took 0.125 seconds
[2023-08-03T06:45:50.386+0000] {processor.py:157} INFO - Started process (PID=10673) to work on /home/airflow/.local/lib/python3.7/site-packages/airflow/example_dags/example_branch_labels.py
[2023-08-03T06:45:50.387+0000] {processor.py:826} INFO - Processing file /home/airflow/.local/lib/python3.7/site-packages/airflow/example_dags/example_branch_labels.py for tasks to queue
[2023-08-03T06:45:50.388+0000] {logging_mixin.py:149} INFO - [2023-08-03T06:45:50.388+0000] {dagbag.py:541} INFO - Filling up the DagBag from /home/airflow/.local/lib/python3.7/site-packages/airflow/example_dags/example_branch_labels.py
[2023-08-03T06:45:50.396+0000] {processor.py:836} INFO - DAG(s) dict_keys(['example_branch_labels']) retrieved from /home/airflow/.local/lib/python3.7/site-packages/airflow/example_dags/example_branch_labels.py
[2023-08-03T06:45:50.431+0000] {logging_mixin.py:149} INFO - [2023-08-03T06:45:50.431+0000] {dag.py:2726} INFO - Sync 1 DAGs
[2023-08-03T06:45:50.466+0000] {logging_mixin.py:149} INFO - [2023-08-03T06:45:50.466+0000] {dag.py:3490} INFO - Setting next_dagrun for example_branch_labels to 2023-08-02T00:00:00+00:00, run_after=2023-08-03T00:00:00+00:00
[2023-08-03T06:45:50.491+0000] {processor.py:179} INFO - Processing /home/airflow/.local/lib/python3.7/site-packages/airflow/example_dags/example_branch_labels.py took 0.109 seconds
[2023-08-03T07:10:33.233+0000] {processor.py:157} INFO - Started process (PID=10738) to work on /home/airflow/.local/lib/python3.7/site-packages/airflow/example_dags/example_branch_labels.py
[2023-08-03T07:10:33.234+0000] {processor.py:826} INFO - Processing file /home/airflow/.local/lib/python3.7/site-packages/airflow/example_dags/example_branch_labels.py for tasks to queue
[2023-08-03T07:10:33.234+0000] {logging_mixin.py:149} INFO - [2023-08-03T07:10:33.234+0000] {dagbag.py:541} INFO - Filling up the DagBag from /home/airflow/.local/lib/python3.7/site-packages/airflow/example_dags/example_branch_labels.py
[2023-08-03T07:10:33.242+0000] {processor.py:836} INFO - DAG(s) dict_keys(['example_branch_labels']) retrieved from /home/airflow/.local/lib/python3.7/site-packages/airflow/example_dags/example_branch_labels.py
[2023-08-03T07:10:33.265+0000] {logging_mixin.py:149} INFO - [2023-08-03T07:10:33.265+0000] {dag.py:2726} INFO - Sync 1 DAGs
[2023-08-03T07:10:33.282+0000] {logging_mixin.py:149} INFO - [2023-08-03T07:10:33.282+0000] {dag.py:3490} INFO - Setting next_dagrun for example_branch_labels to 2023-08-02T00:00:00+00:00, run_after=2023-08-03T00:00:00+00:00
[2023-08-03T07:10:33.293+0000] {processor.py:179} INFO - Processing /home/airflow/.local/lib/python3.7/site-packages/airflow/example_dags/example_branch_labels.py took 0.063 seconds
[2023-08-03T10:35:59.889+0000] {processor.py:157} INFO - Started process (PID=10804) to work on /home/airflow/.local/lib/python3.7/site-packages/airflow/example_dags/example_branch_labels.py
[2023-08-03T10:35:59.890+0000] {processor.py:826} INFO - Processing file /home/airflow/.local/lib/python3.7/site-packages/airflow/example_dags/example_branch_labels.py for tasks to queue
[2023-08-03T10:35:59.890+0000] {logging_mixin.py:149} INFO - [2023-08-03T10:35:59.890+0000] {dagbag.py:541} INFO - Filling up the DagBag from /home/airflow/.local/lib/python3.7/site-packages/airflow/example_dags/example_branch_labels.py
[2023-08-03T10:35:59.900+0000] {processor.py:836} INFO - DAG(s) dict_keys(['example_branch_labels']) retrieved from /home/airflow/.local/lib/python3.7/site-packages/airflow/example_dags/example_branch_labels.py
[2023-08-03T10:35:59.929+0000] {logging_mixin.py:149} INFO - [2023-08-03T10:35:59.929+0000] {dag.py:2726} INFO - Sync 1 DAGs
[2023-08-03T10:35:59.946+0000] {logging_mixin.py:149} INFO - [2023-08-03T10:35:59.945+0000] {dag.py:3490} INFO - Setting next_dagrun for example_branch_labels to 2023-08-02T00:00:00+00:00, run_after=2023-08-03T00:00:00+00:00
[2023-08-03T10:35:59.955+0000] {processor.py:179} INFO - Processing /home/airflow/.local/lib/python3.7/site-packages/airflow/example_dags/example_branch_labels.py took 0.070 seconds
[2023-08-03T12:09:52.401+0000] {processor.py:157} INFO - Started process (PID=10870) to work on /home/airflow/.local/lib/python3.7/site-packages/airflow/example_dags/example_branch_labels.py
[2023-08-03T12:09:52.402+0000] {processor.py:826} INFO - Processing file /home/airflow/.local/lib/python3.7/site-packages/airflow/example_dags/example_branch_labels.py for tasks to queue
[2023-08-03T12:09:52.403+0000] {logging_mixin.py:149} INFO - [2023-08-03T12:09:52.402+0000] {dagbag.py:541} INFO - Filling up the DagBag from /home/airflow/.local/lib/python3.7/site-packages/airflow/example_dags/example_branch_labels.py
[2023-08-03T12:09:52.408+0000] {processor.py:836} INFO - DAG(s) dict_keys(['example_branch_labels']) retrieved from /home/airflow/.local/lib/python3.7/site-packages/airflow/example_dags/example_branch_labels.py
[2023-08-03T12:09:52.433+0000] {logging_mixin.py:149} INFO - [2023-08-03T12:09:52.433+0000] {dag.py:2726} INFO - Sync 1 DAGs
[2023-08-03T12:09:52.450+0000] {logging_mixin.py:149} INFO - [2023-08-03T12:09:52.450+0000] {dag.py:3490} INFO - Setting next_dagrun for example_branch_labels to 2023-08-02T00:00:00+00:00, run_after=2023-08-03T00:00:00+00:00
[2023-08-03T12:09:52.467+0000] {processor.py:179} INFO - Processing /home/airflow/.local/lib/python3.7/site-packages/airflow/example_dags/example_branch_labels.py took 0.074 seconds
[2023-08-03T14:17:36.716+0000] {processor.py:157} INFO - Started process (PID=10935) to work on /home/airflow/.local/lib/python3.7/site-packages/airflow/example_dags/example_branch_labels.py
[2023-08-03T14:17:36.718+0000] {processor.py:826} INFO - Processing file /home/airflow/.local/lib/python3.7/site-packages/airflow/example_dags/example_branch_labels.py for tasks to queue
[2023-08-03T14:17:36.719+0000] {logging_mixin.py:149} INFO - [2023-08-03T14:17:36.718+0000] {dagbag.py:541} INFO - Filling up the DagBag from /home/airflow/.local/lib/python3.7/site-packages/airflow/example_dags/example_branch_labels.py
[2023-08-03T14:17:36.725+0000] {processor.py:836} INFO - DAG(s) dict_keys(['example_branch_labels']) retrieved from /home/airflow/.local/lib/python3.7/site-packages/airflow/example_dags/example_branch_labels.py
[2023-08-03T14:17:36.747+0000] {logging_mixin.py:149} INFO - [2023-08-03T14:17:36.747+0000] {dag.py:2726} INFO - Sync 1 DAGs
[2023-08-03T14:17:36.765+0000] {logging_mixin.py:149} INFO - [2023-08-03T14:17:36.765+0000] {dag.py:3490} INFO - Setting next_dagrun for example_branch_labels to 2023-08-02T00:00:00+00:00, run_after=2023-08-03T00:00:00+00:00
[2023-08-03T14:17:36.780+0000] {processor.py:179} INFO - Processing /home/airflow/.local/lib/python3.7/site-packages/airflow/example_dags/example_branch_labels.py took 0.068 seconds
[2023-08-03T16:17:43.018+0000] {processor.py:157} INFO - Started process (PID=11001) to work on /home/airflow/.local/lib/python3.7/site-packages/airflow/example_dags/example_branch_labels.py
[2023-08-03T16:17:43.019+0000] {processor.py:826} INFO - Processing file /home/airflow/.local/lib/python3.7/site-packages/airflow/example_dags/example_branch_labels.py for tasks to queue
[2023-08-03T16:17:43.020+0000] {logging_mixin.py:149} INFO - [2023-08-03T16:17:43.020+0000] {dagbag.py:541} INFO - Filling up the DagBag from /home/airflow/.local/lib/python3.7/site-packages/airflow/example_dags/example_branch_labels.py
[2023-08-03T16:17:43.026+0000] {processor.py:836} INFO - DAG(s) dict_keys(['example_branch_labels']) retrieved from /home/airflow/.local/lib/python3.7/site-packages/airflow/example_dags/example_branch_labels.py
[2023-08-03T16:17:43.047+0000] {logging_mixin.py:149} INFO - [2023-08-03T16:17:43.047+0000] {dag.py:2726} INFO - Sync 1 DAGs
[2023-08-03T16:17:43.070+0000] {logging_mixin.py:149} INFO - [2023-08-03T16:17:43.070+0000] {dag.py:3490} INFO - Setting next_dagrun for example_branch_labels to 2023-08-02T00:00:00+00:00, run_after=2023-08-03T00:00:00+00:00
[2023-08-03T16:17:43.081+0000] {processor.py:179} INFO - Processing /home/airflow/.local/lib/python3.7/site-packages/airflow/example_dags/example_branch_labels.py took 0.065 seconds
[2023-08-03T16:30:04.346+0000] {processor.py:157} INFO - Started process (PID=11066) to work on /home/airflow/.local/lib/python3.7/site-packages/airflow/example_dags/example_branch_labels.py
[2023-08-03T16:30:04.347+0000] {processor.py:826} INFO - Processing file /home/airflow/.local/lib/python3.7/site-packages/airflow/example_dags/example_branch_labels.py for tasks to queue
[2023-08-03T16:30:04.348+0000] {logging_mixin.py:149} INFO - [2023-08-03T16:30:04.347+0000] {dagbag.py:541} INFO - Filling up the DagBag from /home/airflow/.local/lib/python3.7/site-packages/airflow/example_dags/example_branch_labels.py
[2023-08-03T16:30:04.353+0000] {processor.py:836} INFO - DAG(s) dict_keys(['example_branch_labels']) retrieved from /home/airflow/.local/lib/python3.7/site-packages/airflow/example_dags/example_branch_labels.py
[2023-08-03T16:30:04.375+0000] {logging_mixin.py:149} INFO - [2023-08-03T16:30:04.375+0000] {dag.py:2726} INFO - Sync 1 DAGs
[2023-08-03T16:30:04.396+0000] {logging_mixin.py:149} INFO - [2023-08-03T16:30:04.396+0000] {dag.py:3490} INFO - Setting next_dagrun for example_branch_labels to 2023-08-02T00:00:00+00:00, run_after=2023-08-03T00:00:00+00:00
[2023-08-03T16:30:04.408+0000] {processor.py:179} INFO - Processing /home/airflow/.local/lib/python3.7/site-packages/airflow/example_dags/example_branch_labels.py took 0.066 seconds
[2023-08-03T16:47:31.692+0000] {processor.py:157} INFO - Started process (PID=11131) to work on /home/airflow/.local/lib/python3.7/site-packages/airflow/example_dags/example_branch_labels.py
[2023-08-03T16:47:31.693+0000] {processor.py:826} INFO - Processing file /home/airflow/.local/lib/python3.7/site-packages/airflow/example_dags/example_branch_labels.py for tasks to queue
[2023-08-03T16:47:31.694+0000] {logging_mixin.py:149} INFO - [2023-08-03T16:47:31.694+0000] {dagbag.py:541} INFO - Filling up the DagBag from /home/airflow/.local/lib/python3.7/site-packages/airflow/example_dags/example_branch_labels.py
[2023-08-03T16:47:31.700+0000] {processor.py:836} INFO - DAG(s) dict_keys(['example_branch_labels']) retrieved from /home/airflow/.local/lib/python3.7/site-packages/airflow/example_dags/example_branch_labels.py
[2023-08-03T16:47:31.731+0000] {logging_mixin.py:149} INFO - [2023-08-03T16:47:31.731+0000] {dag.py:2726} INFO - Sync 1 DAGs
[2023-08-03T16:47:31.751+0000] {logging_mixin.py:149} INFO - [2023-08-03T16:47:31.751+0000] {dag.py:3490} INFO - Setting next_dagrun for example_branch_labels to 2023-08-02T00:00:00+00:00, run_after=2023-08-03T00:00:00+00:00
[2023-08-03T16:47:31.764+0000] {processor.py:179} INFO - Processing /home/airflow/.local/lib/python3.7/site-packages/airflow/example_dags/example_branch_labels.py took 0.075 seconds
[2023-08-03T19:34:06.232+0000] {processor.py:157} INFO - Started process (PID=11197) to work on /home/airflow/.local/lib/python3.7/site-packages/airflow/example_dags/example_branch_labels.py
[2023-08-03T19:34:06.233+0000] {processor.py:826} INFO - Processing file /home/airflow/.local/lib/python3.7/site-packages/airflow/example_dags/example_branch_labels.py for tasks to queue
[2023-08-03T19:34:06.234+0000] {logging_mixin.py:149} INFO - [2023-08-03T19:34:06.234+0000] {dagbag.py:541} INFO - Filling up the DagBag from /home/airflow/.local/lib/python3.7/site-packages/airflow/example_dags/example_branch_labels.py
[2023-08-03T19:34:06.240+0000] {processor.py:836} INFO - DAG(s) dict_keys(['example_branch_labels']) retrieved from /home/airflow/.local/lib/python3.7/site-packages/airflow/example_dags/example_branch_labels.py
[2023-08-03T19:34:06.262+0000] {logging_mixin.py:149} INFO - [2023-08-03T19:34:06.261+0000] {dag.py:2726} INFO - Sync 1 DAGs
[2023-08-03T19:34:06.279+0000] {logging_mixin.py:149} INFO - [2023-08-03T19:34:06.279+0000] {dag.py:3490} INFO - Setting next_dagrun for example_branch_labels to 2023-08-02T00:00:00+00:00, run_after=2023-08-03T00:00:00+00:00
[2023-08-03T19:34:06.290+0000] {processor.py:179} INFO - Processing /home/airflow/.local/lib/python3.7/site-packages/airflow/example_dags/example_branch_labels.py took 0.061 seconds
[2023-08-03T19:55:26.504+0000] {processor.py:157} INFO - Started process (PID=11263) to work on /home/airflow/.local/lib/python3.7/site-packages/airflow/example_dags/example_branch_labels.py
[2023-08-03T19:55:26.505+0000] {processor.py:826} INFO - Processing file /home/airflow/.local/lib/python3.7/site-packages/airflow/example_dags/example_branch_labels.py for tasks to queue
[2023-08-03T19:55:26.506+0000] {logging_mixin.py:149} INFO - [2023-08-03T19:55:26.506+0000] {dagbag.py:541} INFO - Filling up the DagBag from /home/airflow/.local/lib/python3.7/site-packages/airflow/example_dags/example_branch_labels.py
[2023-08-03T19:55:26.516+0000] {processor.py:836} INFO - DAG(s) dict_keys(['example_branch_labels']) retrieved from /home/airflow/.local/lib/python3.7/site-packages/airflow/example_dags/example_branch_labels.py
[2023-08-03T19:55:26.542+0000] {logging_mixin.py:149} INFO - [2023-08-03T19:55:26.542+0000] {dag.py:2726} INFO - Sync 1 DAGs
[2023-08-03T19:55:26.563+0000] {logging_mixin.py:149} INFO - [2023-08-03T19:55:26.563+0000] {dag.py:3490} INFO - Setting next_dagrun for example_branch_labels to 2023-08-02T00:00:00+00:00, run_after=2023-08-03T00:00:00+00:00
[2023-08-03T19:55:26.584+0000] {processor.py:179} INFO - Processing /home/airflow/.local/lib/python3.7/site-packages/airflow/example_dags/example_branch_labels.py took 0.083 seconds
[2023-08-03T22:30:43.818+0000] {processor.py:157} INFO - Started process (PID=11329) to work on /home/airflow/.local/lib/python3.7/site-packages/airflow/example_dags/example_branch_labels.py
[2023-08-03T22:30:43.819+0000] {processor.py:826} INFO - Processing file /home/airflow/.local/lib/python3.7/site-packages/airflow/example_dags/example_branch_labels.py for tasks to queue
[2023-08-03T22:30:43.820+0000] {logging_mixin.py:149} INFO - [2023-08-03T22:30:43.820+0000] {dagbag.py:541} INFO - Filling up the DagBag from /home/airflow/.local/lib/python3.7/site-packages/airflow/example_dags/example_branch_labels.py
[2023-08-03T22:30:43.828+0000] {processor.py:836} INFO - DAG(s) dict_keys(['example_branch_labels']) retrieved from /home/airflow/.local/lib/python3.7/site-packages/airflow/example_dags/example_branch_labels.py
[2023-08-03T22:30:43.850+0000] {logging_mixin.py:149} INFO - [2023-08-03T22:30:43.850+0000] {dag.py:2726} INFO - Sync 1 DAGs
[2023-08-03T22:30:43.866+0000] {logging_mixin.py:149} INFO - [2023-08-03T22:30:43.866+0000] {dag.py:3490} INFO - Setting next_dagrun for example_branch_labels to 2023-08-02T00:00:00+00:00, run_after=2023-08-03T00:00:00+00:00
[2023-08-03T22:30:43.882+0000] {processor.py:179} INFO - Processing /home/airflow/.local/lib/python3.7/site-packages/airflow/example_dags/example_branch_labels.py took 0.068 seconds
