[2023-08-03T02:37:38.084+0000] {processor.py:157} INFO - Started process (PID=10538) to work on /home/airflow/.local/lib/python3.7/site-packages/airflow/example_dags/example_branch_datetime_operator.py
[2023-08-03T02:37:38.085+0000] {processor.py:826} INFO - Processing file /home/airflow/.local/lib/python3.7/site-packages/airflow/example_dags/example_branch_datetime_operator.py for tasks to queue
[2023-08-03T02:37:38.085+0000] {logging_mixin.py:149} INFO - [2023-08-03T02:37:38.085+0000] {dagbag.py:541} INFO - Filling up the DagBag from /home/airflow/.local/lib/python3.7/site-packages/airflow/example_dags/example_branch_datetime_operator.py
[2023-08-03T02:37:38.091+0000] {processor.py:836} INFO - DAG(s) dict_keys(['example_branch_datetime_operator_3', 'example_branch_datetime_operator', 'example_branch_datetime_operator_2']) retrieved from /home/airflow/.local/lib/python3.7/site-packages/airflow/example_dags/example_branch_datetime_operator.py
[2023-08-03T02:37:38.114+0000] {logging_mixin.py:149} INFO - [2023-08-03T02:37:38.114+0000] {dag.py:2726} INFO - Sync 3 DAGs
[2023-08-03T02:37:38.129+0000] {logging_mixin.py:149} INFO - [2023-08-03T02:37:38.129+0000] {dag.py:3490} INFO - Setting next_dagrun for example_branch_datetime_operator to 2023-08-02T00:00:00+00:00, run_after=2023-08-03T00:00:00+00:00
[2023-08-03T02:37:38.132+0000] {logging_mixin.py:149} INFO - [2023-08-03T02:37:38.132+0000] {dag.py:3490} INFO - Setting next_dagrun for example_branch_datetime_operator_2 to 2023-08-02T00:00:00+00:00, run_after=2023-08-03T00:00:00+00:00
[2023-08-03T02:37:38.133+0000] {logging_mixin.py:149} INFO - [2023-08-03T02:37:38.133+0000] {dag.py:3490} INFO - Setting next_dagrun for example_branch_datetime_operator_3 to 2023-08-02T00:00:00+00:00, run_after=2023-08-03T00:00:00+00:00
[2023-08-03T02:37:38.143+0000] {processor.py:179} INFO - Processing /home/airflow/.local/lib/python3.7/site-packages/airflow/example_dags/example_branch_datetime_operator.py took 0.062 seconds
[2023-08-03T06:43:42.862+0000] {processor.py:157} INFO - Started process (PID=10604) to work on /home/airflow/.local/lib/python3.7/site-packages/airflow/example_dags/example_branch_datetime_operator.py
[2023-08-03T06:43:42.863+0000] {processor.py:826} INFO - Processing file /home/airflow/.local/lib/python3.7/site-packages/airflow/example_dags/example_branch_datetime_operator.py for tasks to queue
[2023-08-03T06:43:42.864+0000] {logging_mixin.py:149} INFO - [2023-08-03T06:43:42.864+0000] {dagbag.py:541} INFO - Filling up the DagBag from /home/airflow/.local/lib/python3.7/site-packages/airflow/example_dags/example_branch_datetime_operator.py
[2023-08-03T06:43:42.870+0000] {processor.py:836} INFO - DAG(s) dict_keys(['example_branch_datetime_operator_3', 'example_branch_datetime_operator', 'example_branch_datetime_operator_2']) retrieved from /home/airflow/.local/lib/python3.7/site-packages/airflow/example_dags/example_branch_datetime_operator.py
[2023-08-03T06:43:42.896+0000] {logging_mixin.py:149} INFO - [2023-08-03T06:43:42.896+0000] {dag.py:2726} INFO - Sync 3 DAGs
[2023-08-03T06:43:42.912+0000] {logging_mixin.py:149} INFO - [2023-08-03T06:43:42.912+0000] {dag.py:3490} INFO - Setting next_dagrun for example_branch_datetime_operator to 2023-08-02T00:00:00+00:00, run_after=2023-08-03T00:00:00+00:00
[2023-08-03T06:43:42.916+0000] {logging_mixin.py:149} INFO - [2023-08-03T06:43:42.916+0000] {dag.py:3490} INFO - Setting next_dagrun for example_branch_datetime_operator_2 to 2023-08-02T00:00:00+00:00, run_after=2023-08-03T00:00:00+00:00
[2023-08-03T06:43:42.918+0000] {logging_mixin.py:149} INFO - [2023-08-03T06:43:42.918+0000] {dag.py:3490} INFO - Setting next_dagrun for example_branch_datetime_operator_3 to 2023-08-02T00:00:00+00:00, run_after=2023-08-03T00:00:00+00:00
[2023-08-03T06:43:42.932+0000] {processor.py:179} INFO - Processing /home/airflow/.local/lib/python3.7/site-packages/airflow/example_dags/example_branch_datetime_operator.py took 0.073 seconds
[2023-08-03T06:45:50.182+0000] {processor.py:157} INFO - Started process (PID=10670) to work on /home/airflow/.local/lib/python3.7/site-packages/airflow/example_dags/example_branch_datetime_operator.py
[2023-08-03T06:45:50.187+0000] {processor.py:826} INFO - Processing file /home/airflow/.local/lib/python3.7/site-packages/airflow/example_dags/example_branch_datetime_operator.py for tasks to queue
[2023-08-03T06:45:50.188+0000] {logging_mixin.py:149} INFO - [2023-08-03T06:45:50.188+0000] {dagbag.py:541} INFO - Filling up the DagBag from /home/airflow/.local/lib/python3.7/site-packages/airflow/example_dags/example_branch_datetime_operator.py
[2023-08-03T06:45:50.206+0000] {processor.py:836} INFO - DAG(s) dict_keys(['example_branch_datetime_operator_2', 'example_branch_datetime_operator_3', 'example_branch_datetime_operator']) retrieved from /home/airflow/.local/lib/python3.7/site-packages/airflow/example_dags/example_branch_datetime_operator.py
[2023-08-03T06:45:50.246+0000] {logging_mixin.py:149} INFO - [2023-08-03T06:45:50.246+0000] {dag.py:2726} INFO - Sync 3 DAGs
[2023-08-03T06:45:50.284+0000] {logging_mixin.py:149} INFO - [2023-08-03T06:45:50.284+0000] {dag.py:3490} INFO - Setting next_dagrun for example_branch_datetime_operator to 2023-08-02T00:00:00+00:00, run_after=2023-08-03T00:00:00+00:00
[2023-08-03T06:45:50.287+0000] {logging_mixin.py:149} INFO - [2023-08-03T06:45:50.287+0000] {dag.py:3490} INFO - Setting next_dagrun for example_branch_datetime_operator_2 to 2023-08-02T00:00:00+00:00, run_after=2023-08-03T00:00:00+00:00
[2023-08-03T06:45:50.290+0000] {logging_mixin.py:149} INFO - [2023-08-03T06:45:50.290+0000] {dag.py:3490} INFO - Setting next_dagrun for example_branch_datetime_operator_3 to 2023-08-02T00:00:00+00:00, run_after=2023-08-03T00:00:00+00:00
[2023-08-03T06:45:50.311+0000] {processor.py:179} INFO - Processing /home/airflow/.local/lib/python3.7/site-packages/airflow/example_dags/example_branch_datetime_operator.py took 0.131 seconds
[2023-08-03T07:10:33.076+0000] {processor.py:157} INFO - Started process (PID=10735) to work on /home/airflow/.local/lib/python3.7/site-packages/airflow/example_dags/example_branch_datetime_operator.py
[2023-08-03T07:10:33.077+0000] {processor.py:826} INFO - Processing file /home/airflow/.local/lib/python3.7/site-packages/airflow/example_dags/example_branch_datetime_operator.py for tasks to queue
[2023-08-03T07:10:33.078+0000] {logging_mixin.py:149} INFO - [2023-08-03T07:10:33.078+0000] {dagbag.py:541} INFO - Filling up the DagBag from /home/airflow/.local/lib/python3.7/site-packages/airflow/example_dags/example_branch_datetime_operator.py
[2023-08-03T07:10:33.085+0000] {processor.py:836} INFO - DAG(s) dict_keys(['example_branch_datetime_operator_2', 'example_branch_datetime_operator', 'example_branch_datetime_operator_3']) retrieved from /home/airflow/.local/lib/python3.7/site-packages/airflow/example_dags/example_branch_datetime_operator.py
[2023-08-03T07:10:33.109+0000] {logging_mixin.py:149} INFO - [2023-08-03T07:10:33.109+0000] {dag.py:2726} INFO - Sync 3 DAGs
[2023-08-03T07:10:33.126+0000] {logging_mixin.py:149} INFO - [2023-08-03T07:10:33.126+0000] {dag.py:3490} INFO - Setting next_dagrun for example_branch_datetime_operator to 2023-08-02T00:00:00+00:00, run_after=2023-08-03T00:00:00+00:00
[2023-08-03T07:10:33.129+0000] {logging_mixin.py:149} INFO - [2023-08-03T07:10:33.129+0000] {dag.py:3490} INFO - Setting next_dagrun for example_branch_datetime_operator_2 to 2023-08-02T00:00:00+00:00, run_after=2023-08-03T00:00:00+00:00
[2023-08-03T07:10:33.131+0000] {logging_mixin.py:149} INFO - [2023-08-03T07:10:33.131+0000] {dag.py:3490} INFO - Setting next_dagrun for example_branch_datetime_operator_3 to 2023-08-02T00:00:00+00:00, run_after=2023-08-03T00:00:00+00:00
[2023-08-03T07:10:33.143+0000] {processor.py:179} INFO - Processing /home/airflow/.local/lib/python3.7/site-packages/airflow/example_dags/example_branch_datetime_operator.py took 0.070 seconds
[2023-08-03T10:35:59.734+0000] {processor.py:157} INFO - Started process (PID=10801) to work on /home/airflow/.local/lib/python3.7/site-packages/airflow/example_dags/example_branch_datetime_operator.py
[2023-08-03T10:35:59.735+0000] {processor.py:826} INFO - Processing file /home/airflow/.local/lib/python3.7/site-packages/airflow/example_dags/example_branch_datetime_operator.py for tasks to queue
[2023-08-03T10:35:59.737+0000] {logging_mixin.py:149} INFO - [2023-08-03T10:35:59.736+0000] {dagbag.py:541} INFO - Filling up the DagBag from /home/airflow/.local/lib/python3.7/site-packages/airflow/example_dags/example_branch_datetime_operator.py
[2023-08-03T10:35:59.744+0000] {processor.py:836} INFO - DAG(s) dict_keys(['example_branch_datetime_operator_3', 'example_branch_datetime_operator_2', 'example_branch_datetime_operator']) retrieved from /home/airflow/.local/lib/python3.7/site-packages/airflow/example_dags/example_branch_datetime_operator.py
[2023-08-03T10:35:59.774+0000] {logging_mixin.py:149} INFO - [2023-08-03T10:35:59.773+0000] {dag.py:2726} INFO - Sync 3 DAGs
[2023-08-03T10:35:59.794+0000] {logging_mixin.py:149} INFO - [2023-08-03T10:35:59.794+0000] {dag.py:3490} INFO - Setting next_dagrun for example_branch_datetime_operator to 2023-08-02T00:00:00+00:00, run_after=2023-08-03T00:00:00+00:00
[2023-08-03T10:35:59.798+0000] {logging_mixin.py:149} INFO - [2023-08-03T10:35:59.798+0000] {dag.py:3490} INFO - Setting next_dagrun for example_branch_datetime_operator_2 to 2023-08-02T00:00:00+00:00, run_after=2023-08-03T00:00:00+00:00
[2023-08-03T10:35:59.800+0000] {logging_mixin.py:149} INFO - [2023-08-03T10:35:59.800+0000] {dag.py:3490} INFO - Setting next_dagrun for example_branch_datetime_operator_3 to 2023-08-02T00:00:00+00:00, run_after=2023-08-03T00:00:00+00:00
[2023-08-03T10:35:59.812+0000] {processor.py:179} INFO - Processing /home/airflow/.local/lib/python3.7/site-packages/airflow/example_dags/example_branch_datetime_operator.py took 0.081 seconds
[2023-08-03T12:09:52.283+0000] {processor.py:157} INFO - Started process (PID=10867) to work on /home/airflow/.local/lib/python3.7/site-packages/airflow/example_dags/example_branch_datetime_operator.py
[2023-08-03T12:09:52.284+0000] {processor.py:826} INFO - Processing file /home/airflow/.local/lib/python3.7/site-packages/airflow/example_dags/example_branch_datetime_operator.py for tasks to queue
[2023-08-03T12:09:52.285+0000] {logging_mixin.py:149} INFO - [2023-08-03T12:09:52.285+0000] {dagbag.py:541} INFO - Filling up the DagBag from /home/airflow/.local/lib/python3.7/site-packages/airflow/example_dags/example_branch_datetime_operator.py
[2023-08-03T12:09:52.291+0000] {processor.py:836} INFO - DAG(s) dict_keys(['example_branch_datetime_operator', 'example_branch_datetime_operator_3', 'example_branch_datetime_operator_2']) retrieved from /home/airflow/.local/lib/python3.7/site-packages/airflow/example_dags/example_branch_datetime_operator.py
[2023-08-03T12:09:52.323+0000] {logging_mixin.py:149} INFO - [2023-08-03T12:09:52.323+0000] {dag.py:2726} INFO - Sync 3 DAGs
[2023-08-03T12:09:52.339+0000] {logging_mixin.py:149} INFO - [2023-08-03T12:09:52.339+0000] {dag.py:3490} INFO - Setting next_dagrun for example_branch_datetime_operator to 2023-08-02T00:00:00+00:00, run_after=2023-08-03T00:00:00+00:00
[2023-08-03T12:09:52.342+0000] {logging_mixin.py:149} INFO - [2023-08-03T12:09:52.342+0000] {dag.py:3490} INFO - Setting next_dagrun for example_branch_datetime_operator_2 to 2023-08-02T00:00:00+00:00, run_after=2023-08-03T00:00:00+00:00
[2023-08-03T12:09:52.344+0000] {logging_mixin.py:149} INFO - [2023-08-03T12:09:52.344+0000] {dag.py:3490} INFO - Setting next_dagrun for example_branch_datetime_operator_3 to 2023-08-02T00:00:00+00:00, run_after=2023-08-03T00:00:00+00:00
[2023-08-03T12:09:52.354+0000] {processor.py:179} INFO - Processing /home/airflow/.local/lib/python3.7/site-packages/airflow/example_dags/example_branch_datetime_operator.py took 0.073 seconds
[2023-08-03T14:17:36.569+0000] {processor.py:157} INFO - Started process (PID=10932) to work on /home/airflow/.local/lib/python3.7/site-packages/airflow/example_dags/example_branch_datetime_operator.py
[2023-08-03T14:17:36.571+0000] {processor.py:826} INFO - Processing file /home/airflow/.local/lib/python3.7/site-packages/airflow/example_dags/example_branch_datetime_operator.py for tasks to queue
[2023-08-03T14:17:36.572+0000] {logging_mixin.py:149} INFO - [2023-08-03T14:17:36.572+0000] {dagbag.py:541} INFO - Filling up the DagBag from /home/airflow/.local/lib/python3.7/site-packages/airflow/example_dags/example_branch_datetime_operator.py
[2023-08-03T14:17:36.581+0000] {processor.py:836} INFO - DAG(s) dict_keys(['example_branch_datetime_operator_3', 'example_branch_datetime_operator', 'example_branch_datetime_operator_2']) retrieved from /home/airflow/.local/lib/python3.7/site-packages/airflow/example_dags/example_branch_datetime_operator.py
[2023-08-03T14:17:36.614+0000] {logging_mixin.py:149} INFO - [2023-08-03T14:17:36.614+0000] {dag.py:2726} INFO - Sync 3 DAGs
[2023-08-03T14:17:36.639+0000] {logging_mixin.py:149} INFO - [2023-08-03T14:17:36.639+0000] {dag.py:3490} INFO - Setting next_dagrun for example_branch_datetime_operator to 2023-08-02T00:00:00+00:00, run_after=2023-08-03T00:00:00+00:00
[2023-08-03T14:17:36.643+0000] {logging_mixin.py:149} INFO - [2023-08-03T14:17:36.643+0000] {dag.py:3490} INFO - Setting next_dagrun for example_branch_datetime_operator_2 to 2023-08-02T00:00:00+00:00, run_after=2023-08-03T00:00:00+00:00
[2023-08-03T14:17:36.645+0000] {logging_mixin.py:149} INFO - [2023-08-03T14:17:36.645+0000] {dag.py:3490} INFO - Setting next_dagrun for example_branch_datetime_operator_3 to 2023-08-02T00:00:00+00:00, run_after=2023-08-03T00:00:00+00:00
[2023-08-03T14:17:36.668+0000] {processor.py:179} INFO - Processing /home/airflow/.local/lib/python3.7/site-packages/airflow/example_dags/example_branch_datetime_operator.py took 0.105 seconds
[2023-08-03T16:17:42.876+0000] {processor.py:157} INFO - Started process (PID=10998) to work on /home/airflow/.local/lib/python3.7/site-packages/airflow/example_dags/example_branch_datetime_operator.py
[2023-08-03T16:17:42.877+0000] {processor.py:826} INFO - Processing file /home/airflow/.local/lib/python3.7/site-packages/airflow/example_dags/example_branch_datetime_operator.py for tasks to queue
[2023-08-03T16:17:42.878+0000] {logging_mixin.py:149} INFO - [2023-08-03T16:17:42.878+0000] {dagbag.py:541} INFO - Filling up the DagBag from /home/airflow/.local/lib/python3.7/site-packages/airflow/example_dags/example_branch_datetime_operator.py
[2023-08-03T16:17:42.889+0000] {processor.py:836} INFO - DAG(s) dict_keys(['example_branch_datetime_operator_2', 'example_branch_datetime_operator', 'example_branch_datetime_operator_3']) retrieved from /home/airflow/.local/lib/python3.7/site-packages/airflow/example_dags/example_branch_datetime_operator.py
[2023-08-03T16:17:42.922+0000] {logging_mixin.py:149} INFO - [2023-08-03T16:17:42.922+0000] {dag.py:2726} INFO - Sync 3 DAGs
[2023-08-03T16:17:42.941+0000] {logging_mixin.py:149} INFO - [2023-08-03T16:17:42.941+0000] {dag.py:3490} INFO - Setting next_dagrun for example_branch_datetime_operator to 2023-08-02T00:00:00+00:00, run_after=2023-08-03T00:00:00+00:00
[2023-08-03T16:17:42.944+0000] {logging_mixin.py:149} INFO - [2023-08-03T16:17:42.944+0000] {dag.py:3490} INFO - Setting next_dagrun for example_branch_datetime_operator_2 to 2023-08-02T00:00:00+00:00, run_after=2023-08-03T00:00:00+00:00
[2023-08-03T16:17:42.946+0000] {logging_mixin.py:149} INFO - [2023-08-03T16:17:42.945+0000] {dag.py:3490} INFO - Setting next_dagrun for example_branch_datetime_operator_3 to 2023-08-02T00:00:00+00:00, run_after=2023-08-03T00:00:00+00:00
[2023-08-03T16:17:42.957+0000] {processor.py:179} INFO - Processing /home/airflow/.local/lib/python3.7/site-packages/airflow/example_dags/example_branch_datetime_operator.py took 0.088 seconds
[2023-08-03T16:30:04.182+0000] {processor.py:157} INFO - Started process (PID=11063) to work on /home/airflow/.local/lib/python3.7/site-packages/airflow/example_dags/example_branch_datetime_operator.py
[2023-08-03T16:30:04.183+0000] {processor.py:826} INFO - Processing file /home/airflow/.local/lib/python3.7/site-packages/airflow/example_dags/example_branch_datetime_operator.py for tasks to queue
[2023-08-03T16:30:04.184+0000] {logging_mixin.py:149} INFO - [2023-08-03T16:30:04.184+0000] {dagbag.py:541} INFO - Filling up the DagBag from /home/airflow/.local/lib/python3.7/site-packages/airflow/example_dags/example_branch_datetime_operator.py
[2023-08-03T16:30:04.191+0000] {processor.py:836} INFO - DAG(s) dict_keys(['example_branch_datetime_operator', 'example_branch_datetime_operator_3', 'example_branch_datetime_operator_2']) retrieved from /home/airflow/.local/lib/python3.7/site-packages/airflow/example_dags/example_branch_datetime_operator.py
[2023-08-03T16:30:04.215+0000] {logging_mixin.py:149} INFO - [2023-08-03T16:30:04.215+0000] {dag.py:2726} INFO - Sync 3 DAGs
[2023-08-03T16:30:04.231+0000] {logging_mixin.py:149} INFO - [2023-08-03T16:30:04.231+0000] {dag.py:3490} INFO - Setting next_dagrun for example_branch_datetime_operator to 2023-08-02T00:00:00+00:00, run_after=2023-08-03T00:00:00+00:00
[2023-08-03T16:30:04.234+0000] {logging_mixin.py:149} INFO - [2023-08-03T16:30:04.234+0000] {dag.py:3490} INFO - Setting next_dagrun for example_branch_datetime_operator_2 to 2023-08-02T00:00:00+00:00, run_after=2023-08-03T00:00:00+00:00
[2023-08-03T16:30:04.236+0000] {logging_mixin.py:149} INFO - [2023-08-03T16:30:04.236+0000] {dag.py:3490} INFO - Setting next_dagrun for example_branch_datetime_operator_3 to 2023-08-02T00:00:00+00:00, run_after=2023-08-03T00:00:00+00:00
[2023-08-03T16:30:04.247+0000] {processor.py:179} INFO - Processing /home/airflow/.local/lib/python3.7/site-packages/airflow/example_dags/example_branch_datetime_operator.py took 0.070 seconds
[2023-08-03T16:47:31.545+0000] {processor.py:157} INFO - Started process (PID=11128) to work on /home/airflow/.local/lib/python3.7/site-packages/airflow/example_dags/example_branch_datetime_operator.py
[2023-08-03T16:47:31.546+0000] {processor.py:826} INFO - Processing file /home/airflow/.local/lib/python3.7/site-packages/airflow/example_dags/example_branch_datetime_operator.py for tasks to queue
[2023-08-03T16:47:31.547+0000] {logging_mixin.py:149} INFO - [2023-08-03T16:47:31.547+0000] {dagbag.py:541} INFO - Filling up the DagBag from /home/airflow/.local/lib/python3.7/site-packages/airflow/example_dags/example_branch_datetime_operator.py
[2023-08-03T16:47:31.555+0000] {processor.py:836} INFO - DAG(s) dict_keys(['example_branch_datetime_operator_2', 'example_branch_datetime_operator', 'example_branch_datetime_operator_3']) retrieved from /home/airflow/.local/lib/python3.7/site-packages/airflow/example_dags/example_branch_datetime_operator.py
[2023-08-03T16:47:31.580+0000] {logging_mixin.py:149} INFO - [2023-08-03T16:47:31.580+0000] {dag.py:2726} INFO - Sync 3 DAGs
[2023-08-03T16:47:31.596+0000] {logging_mixin.py:149} INFO - [2023-08-03T16:47:31.596+0000] {dag.py:3490} INFO - Setting next_dagrun for example_branch_datetime_operator to 2023-08-02T00:00:00+00:00, run_after=2023-08-03T00:00:00+00:00
[2023-08-03T16:47:31.600+0000] {logging_mixin.py:149} INFO - [2023-08-03T16:47:31.600+0000] {dag.py:3490} INFO - Setting next_dagrun for example_branch_datetime_operator_2 to 2023-08-02T00:00:00+00:00, run_after=2023-08-03T00:00:00+00:00
[2023-08-03T16:47:31.602+0000] {logging_mixin.py:149} INFO - [2023-08-03T16:47:31.602+0000] {dag.py:3490} INFO - Setting next_dagrun for example_branch_datetime_operator_3 to 2023-08-02T00:00:00+00:00, run_after=2023-08-03T00:00:00+00:00
[2023-08-03T16:47:31.614+0000] {processor.py:179} INFO - Processing /home/airflow/.local/lib/python3.7/site-packages/airflow/example_dags/example_branch_datetime_operator.py took 0.072 seconds
[2023-08-03T19:34:06.107+0000] {processor.py:157} INFO - Started process (PID=11194) to work on /home/airflow/.local/lib/python3.7/site-packages/airflow/example_dags/example_branch_datetime_operator.py
[2023-08-03T19:34:06.108+0000] {processor.py:826} INFO - Processing file /home/airflow/.local/lib/python3.7/site-packages/airflow/example_dags/example_branch_datetime_operator.py for tasks to queue
[2023-08-03T19:34:06.109+0000] {logging_mixin.py:149} INFO - [2023-08-03T19:34:06.109+0000] {dagbag.py:541} INFO - Filling up the DagBag from /home/airflow/.local/lib/python3.7/site-packages/airflow/example_dags/example_branch_datetime_operator.py
[2023-08-03T19:34:06.118+0000] {processor.py:836} INFO - DAG(s) dict_keys(['example_branch_datetime_operator_2', 'example_branch_datetime_operator', 'example_branch_datetime_operator_3']) retrieved from /home/airflow/.local/lib/python3.7/site-packages/airflow/example_dags/example_branch_datetime_operator.py
[2023-08-03T19:34:06.145+0000] {logging_mixin.py:149} INFO - [2023-08-03T19:34:06.145+0000] {dag.py:2726} INFO - Sync 3 DAGs
[2023-08-03T19:34:06.166+0000] {logging_mixin.py:149} INFO - [2023-08-03T19:34:06.166+0000] {dag.py:3490} INFO - Setting next_dagrun for example_branch_datetime_operator to 2023-08-02T00:00:00+00:00, run_after=2023-08-03T00:00:00+00:00
[2023-08-03T19:34:06.170+0000] {logging_mixin.py:149} INFO - [2023-08-03T19:34:06.169+0000] {dag.py:3490} INFO - Setting next_dagrun for example_branch_datetime_operator_2 to 2023-08-02T00:00:00+00:00, run_after=2023-08-03T00:00:00+00:00
[2023-08-03T19:34:06.171+0000] {logging_mixin.py:149} INFO - [2023-08-03T19:34:06.171+0000] {dag.py:3490} INFO - Setting next_dagrun for example_branch_datetime_operator_3 to 2023-08-02T00:00:00+00:00, run_after=2023-08-03T00:00:00+00:00
[2023-08-03T19:34:06.182+0000] {processor.py:179} INFO - Processing /home/airflow/.local/lib/python3.7/site-packages/airflow/example_dags/example_branch_datetime_operator.py took 0.078 seconds
[2023-08-03T19:55:26.297+0000] {processor.py:157} INFO - Started process (PID=11260) to work on /home/airflow/.local/lib/python3.7/site-packages/airflow/example_dags/example_branch_datetime_operator.py
[2023-08-03T19:55:26.298+0000] {processor.py:826} INFO - Processing file /home/airflow/.local/lib/python3.7/site-packages/airflow/example_dags/example_branch_datetime_operator.py for tasks to queue
[2023-08-03T19:55:26.306+0000] {logging_mixin.py:149} INFO - [2023-08-03T19:55:26.306+0000] {dagbag.py:541} INFO - Filling up the DagBag from /home/airflow/.local/lib/python3.7/site-packages/airflow/example_dags/example_branch_datetime_operator.py
[2023-08-03T19:55:26.313+0000] {processor.py:836} INFO - DAG(s) dict_keys(['example_branch_datetime_operator_3', 'example_branch_datetime_operator', 'example_branch_datetime_operator_2']) retrieved from /home/airflow/.local/lib/python3.7/site-packages/airflow/example_dags/example_branch_datetime_operator.py
[2023-08-03T19:55:26.344+0000] {logging_mixin.py:149} INFO - [2023-08-03T19:55:26.344+0000] {dag.py:2726} INFO - Sync 3 DAGs
[2023-08-03T19:55:26.363+0000] {logging_mixin.py:149} INFO - [2023-08-03T19:55:26.363+0000] {dag.py:3490} INFO - Setting next_dagrun for example_branch_datetime_operator to 2023-08-02T00:00:00+00:00, run_after=2023-08-03T00:00:00+00:00
[2023-08-03T19:55:26.366+0000] {logging_mixin.py:149} INFO - [2023-08-03T19:55:26.366+0000] {dag.py:3490} INFO - Setting next_dagrun for example_branch_datetime_operator_2 to 2023-08-02T00:00:00+00:00, run_after=2023-08-03T00:00:00+00:00
[2023-08-03T19:55:26.368+0000] {logging_mixin.py:149} INFO - [2023-08-03T19:55:26.368+0000] {dag.py:3490} INFO - Setting next_dagrun for example_branch_datetime_operator_3 to 2023-08-02T00:00:00+00:00, run_after=2023-08-03T00:00:00+00:00
[2023-08-03T19:55:26.386+0000] {processor.py:179} INFO - Processing /home/airflow/.local/lib/python3.7/site-packages/airflow/example_dags/example_branch_datetime_operator.py took 0.091 seconds
[2023-08-03T22:30:43.661+0000] {processor.py:157} INFO - Started process (PID=11326) to work on /home/airflow/.local/lib/python3.7/site-packages/airflow/example_dags/example_branch_datetime_operator.py
[2023-08-03T22:30:43.662+0000] {processor.py:826} INFO - Processing file /home/airflow/.local/lib/python3.7/site-packages/airflow/example_dags/example_branch_datetime_operator.py for tasks to queue
[2023-08-03T22:30:43.663+0000] {logging_mixin.py:149} INFO - [2023-08-03T22:30:43.663+0000] {dagbag.py:541} INFO - Filling up the DagBag from /home/airflow/.local/lib/python3.7/site-packages/airflow/example_dags/example_branch_datetime_operator.py
[2023-08-03T22:30:43.669+0000] {processor.py:836} INFO - DAG(s) dict_keys(['example_branch_datetime_operator_2', 'example_branch_datetime_operator_3', 'example_branch_datetime_operator']) retrieved from /home/airflow/.local/lib/python3.7/site-packages/airflow/example_dags/example_branch_datetime_operator.py
[2023-08-03T22:30:43.692+0000] {logging_mixin.py:149} INFO - [2023-08-03T22:30:43.692+0000] {dag.py:2726} INFO - Sync 3 DAGs
[2023-08-03T22:30:43.709+0000] {logging_mixin.py:149} INFO - [2023-08-03T22:30:43.709+0000] {dag.py:3490} INFO - Setting next_dagrun for example_branch_datetime_operator to 2023-08-02T00:00:00+00:00, run_after=2023-08-03T00:00:00+00:00
[2023-08-03T22:30:43.712+0000] {logging_mixin.py:149} INFO - [2023-08-03T22:30:43.712+0000] {dag.py:3490} INFO - Setting next_dagrun for example_branch_datetime_operator_2 to 2023-08-02T00:00:00+00:00, run_after=2023-08-03T00:00:00+00:00
[2023-08-03T22:30:43.714+0000] {logging_mixin.py:149} INFO - [2023-08-03T22:30:43.714+0000] {dag.py:3490} INFO - Setting next_dagrun for example_branch_datetime_operator_3 to 2023-08-02T00:00:00+00:00, run_after=2023-08-03T00:00:00+00:00
[2023-08-03T22:30:43.725+0000] {processor.py:179} INFO - Processing /home/airflow/.local/lib/python3.7/site-packages/airflow/example_dags/example_branch_datetime_operator.py took 0.067 seconds
