[2023-08-03T02:37:39.274+0000] {processor.py:157} INFO - Started process (PID=10559) to work on /home/airflow/.local/lib/python3.7/site-packages/airflow/example_dags/example_branch_day_of_week_operator.py
[2023-08-03T02:37:39.275+0000] {processor.py:826} INFO - Processing file /home/airflow/.local/lib/python3.7/site-packages/airflow/example_dags/example_branch_day_of_week_operator.py for tasks to queue
[2023-08-03T02:37:39.276+0000] {logging_mixin.py:149} INFO - [2023-08-03T02:37:39.276+0000] {dagbag.py:541} INFO - Filling up the DagBag from /home/airflow/.local/lib/python3.7/site-packages/airflow/example_dags/example_branch_day_of_week_operator.py
[2023-08-03T02:37:39.286+0000] {processor.py:836} INFO - DAG(s) dict_keys(['example_weekday_branch_operator']) retrieved from /home/airflow/.local/lib/python3.7/site-packages/airflow/example_dags/example_branch_day_of_week_operator.py
[2023-08-03T02:37:39.309+0000] {logging_mixin.py:149} INFO - [2023-08-03T02:37:39.309+0000] {dag.py:2726} INFO - Sync 1 DAGs
[2023-08-03T02:37:39.324+0000] {logging_mixin.py:149} INFO - [2023-08-03T02:37:39.324+0000] {dag.py:3490} INFO - Setting next_dagrun for example_weekday_branch_operator to 2023-08-02T00:00:00+00:00, run_after=2023-08-03T00:00:00+00:00
[2023-08-03T02:37:39.340+0000] {processor.py:179} INFO - Processing /home/airflow/.local/lib/python3.7/site-packages/airflow/example_dags/example_branch_day_of_week_operator.py took 0.069 seconds
[2023-08-03T06:43:44.639+0000] {processor.py:157} INFO - Started process (PID=10625) to work on /home/airflow/.local/lib/python3.7/site-packages/airflow/example_dags/example_branch_day_of_week_operator.py
[2023-08-03T06:43:44.640+0000] {processor.py:826} INFO - Processing file /home/airflow/.local/lib/python3.7/site-packages/airflow/example_dags/example_branch_day_of_week_operator.py for tasks to queue
[2023-08-03T06:43:44.641+0000] {logging_mixin.py:149} INFO - [2023-08-03T06:43:44.641+0000] {dagbag.py:541} INFO - Filling up the DagBag from /home/airflow/.local/lib/python3.7/site-packages/airflow/example_dags/example_branch_day_of_week_operator.py
[2023-08-03T06:43:44.650+0000] {processor.py:836} INFO - DAG(s) dict_keys(['example_weekday_branch_operator']) retrieved from /home/airflow/.local/lib/python3.7/site-packages/airflow/example_dags/example_branch_day_of_week_operator.py
[2023-08-03T06:43:44.671+0000] {logging_mixin.py:149} INFO - [2023-08-03T06:43:44.671+0000] {dag.py:2726} INFO - Sync 1 DAGs
[2023-08-03T06:43:44.687+0000] {logging_mixin.py:149} INFO - [2023-08-03T06:43:44.687+0000] {dag.py:3490} INFO - Setting next_dagrun for example_weekday_branch_operator to 2023-08-02T00:00:00+00:00, run_after=2023-08-03T00:00:00+00:00
[2023-08-03T06:43:44.699+0000] {processor.py:179} INFO - Processing /home/airflow/.local/lib/python3.7/site-packages/airflow/example_dags/example_branch_day_of_week_operator.py took 0.063 seconds
[2023-08-03T06:45:51.936+0000] {processor.py:157} INFO - Started process (PID=10691) to work on /home/airflow/.local/lib/python3.7/site-packages/airflow/example_dags/example_branch_day_of_week_operator.py
[2023-08-03T06:45:51.941+0000] {processor.py:826} INFO - Processing file /home/airflow/.local/lib/python3.7/site-packages/airflow/example_dags/example_branch_day_of_week_operator.py for tasks to queue
[2023-08-03T06:45:51.942+0000] {logging_mixin.py:149} INFO - [2023-08-03T06:45:51.942+0000] {dagbag.py:541} INFO - Filling up the DagBag from /home/airflow/.local/lib/python3.7/site-packages/airflow/example_dags/example_branch_day_of_week_operator.py
[2023-08-03T06:45:51.950+0000] {processor.py:836} INFO - DAG(s) dict_keys(['example_weekday_branch_operator']) retrieved from /home/airflow/.local/lib/python3.7/site-packages/airflow/example_dags/example_branch_day_of_week_operator.py
[2023-08-03T06:45:51.971+0000] {logging_mixin.py:149} INFO - [2023-08-03T06:45:51.971+0000] {dag.py:2726} INFO - Sync 1 DAGs
[2023-08-03T06:45:52.003+0000] {logging_mixin.py:149} INFO - [2023-08-03T06:45:52.003+0000] {dag.py:3490} INFO - Setting next_dagrun for example_weekday_branch_operator to 2023-08-02T00:00:00+00:00, run_after=2023-08-03T00:00:00+00:00
[2023-08-03T06:45:52.021+0000] {processor.py:179} INFO - Processing /home/airflow/.local/lib/python3.7/site-packages/airflow/example_dags/example_branch_day_of_week_operator.py took 0.089 seconds
[2023-08-03T07:10:34.194+0000] {processor.py:157} INFO - Started process (PID=10756) to work on /home/airflow/.local/lib/python3.7/site-packages/airflow/example_dags/example_branch_day_of_week_operator.py
[2023-08-03T07:10:34.196+0000] {processor.py:826} INFO - Processing file /home/airflow/.local/lib/python3.7/site-packages/airflow/example_dags/example_branch_day_of_week_operator.py for tasks to queue
[2023-08-03T07:10:34.197+0000] {logging_mixin.py:149} INFO - [2023-08-03T07:10:34.197+0000] {dagbag.py:541} INFO - Filling up the DagBag from /home/airflow/.local/lib/python3.7/site-packages/airflow/example_dags/example_branch_day_of_week_operator.py
[2023-08-03T07:10:34.205+0000] {processor.py:836} INFO - DAG(s) dict_keys(['example_weekday_branch_operator']) retrieved from /home/airflow/.local/lib/python3.7/site-packages/airflow/example_dags/example_branch_day_of_week_operator.py
[2023-08-03T07:10:34.228+0000] {logging_mixin.py:149} INFO - [2023-08-03T07:10:34.227+0000] {dag.py:2726} INFO - Sync 1 DAGs
[2023-08-03T07:10:34.261+0000] {logging_mixin.py:149} INFO - [2023-08-03T07:10:34.261+0000] {dag.py:3490} INFO - Setting next_dagrun for example_weekday_branch_operator to 2023-08-02T00:00:00+00:00, run_after=2023-08-03T00:00:00+00:00
[2023-08-03T07:10:34.274+0000] {processor.py:179} INFO - Processing /home/airflow/.local/lib/python3.7/site-packages/airflow/example_dags/example_branch_day_of_week_operator.py took 0.085 seconds
[2023-08-03T10:36:00.845+0000] {processor.py:157} INFO - Started process (PID=10822) to work on /home/airflow/.local/lib/python3.7/site-packages/airflow/example_dags/example_branch_day_of_week_operator.py
[2023-08-03T10:36:00.850+0000] {processor.py:826} INFO - Processing file /home/airflow/.local/lib/python3.7/site-packages/airflow/example_dags/example_branch_day_of_week_operator.py for tasks to queue
[2023-08-03T10:36:00.851+0000] {logging_mixin.py:149} INFO - [2023-08-03T10:36:00.851+0000] {dagbag.py:541} INFO - Filling up the DagBag from /home/airflow/.local/lib/python3.7/site-packages/airflow/example_dags/example_branch_day_of_week_operator.py
[2023-08-03T10:36:00.857+0000] {processor.py:836} INFO - DAG(s) dict_keys(['example_weekday_branch_operator']) retrieved from /home/airflow/.local/lib/python3.7/site-packages/airflow/example_dags/example_branch_day_of_week_operator.py
[2023-08-03T10:36:00.886+0000] {logging_mixin.py:149} INFO - [2023-08-03T10:36:00.886+0000] {dag.py:2726} INFO - Sync 1 DAGs
[2023-08-03T10:36:00.904+0000] {logging_mixin.py:149} INFO - [2023-08-03T10:36:00.904+0000] {dag.py:3490} INFO - Setting next_dagrun for example_weekday_branch_operator to 2023-08-02T00:00:00+00:00, run_after=2023-08-03T00:00:00+00:00
[2023-08-03T10:36:00.916+0000] {processor.py:179} INFO - Processing /home/airflow/.local/lib/python3.7/site-packages/airflow/example_dags/example_branch_day_of_week_operator.py took 0.073 seconds
[2023-08-03T12:09:53.368+0000] {processor.py:157} INFO - Started process (PID=10888) to work on /home/airflow/.local/lib/python3.7/site-packages/airflow/example_dags/example_branch_day_of_week_operator.py
[2023-08-03T12:09:53.369+0000] {processor.py:826} INFO - Processing file /home/airflow/.local/lib/python3.7/site-packages/airflow/example_dags/example_branch_day_of_week_operator.py for tasks to queue
[2023-08-03T12:09:53.369+0000] {logging_mixin.py:149} INFO - [2023-08-03T12:09:53.369+0000] {dagbag.py:541} INFO - Filling up the DagBag from /home/airflow/.local/lib/python3.7/site-packages/airflow/example_dags/example_branch_day_of_week_operator.py
[2023-08-03T12:09:53.376+0000] {processor.py:836} INFO - DAG(s) dict_keys(['example_weekday_branch_operator']) retrieved from /home/airflow/.local/lib/python3.7/site-packages/airflow/example_dags/example_branch_day_of_week_operator.py
[2023-08-03T12:09:53.399+0000] {logging_mixin.py:149} INFO - [2023-08-03T12:09:53.399+0000] {dag.py:2726} INFO - Sync 1 DAGs
[2023-08-03T12:09:53.416+0000] {logging_mixin.py:149} INFO - [2023-08-03T12:09:53.416+0000] {dag.py:3490} INFO - Setting next_dagrun for example_weekday_branch_operator to 2023-08-02T00:00:00+00:00, run_after=2023-08-03T00:00:00+00:00
[2023-08-03T12:09:53.426+0000] {processor.py:179} INFO - Processing /home/airflow/.local/lib/python3.7/site-packages/airflow/example_dags/example_branch_day_of_week_operator.py took 0.061 seconds
[2023-08-03T14:17:37.825+0000] {processor.py:157} INFO - Started process (PID=10953) to work on /home/airflow/.local/lib/python3.7/site-packages/airflow/example_dags/example_branch_day_of_week_operator.py
[2023-08-03T14:17:37.826+0000] {processor.py:826} INFO - Processing file /home/airflow/.local/lib/python3.7/site-packages/airflow/example_dags/example_branch_day_of_week_operator.py for tasks to queue
[2023-08-03T14:17:37.828+0000] {logging_mixin.py:149} INFO - [2023-08-03T14:17:37.826+0000] {dagbag.py:541} INFO - Filling up the DagBag from /home/airflow/.local/lib/python3.7/site-packages/airflow/example_dags/example_branch_day_of_week_operator.py
[2023-08-03T14:17:37.834+0000] {processor.py:836} INFO - DAG(s) dict_keys(['example_weekday_branch_operator']) retrieved from /home/airflow/.local/lib/python3.7/site-packages/airflow/example_dags/example_branch_day_of_week_operator.py
[2023-08-03T14:17:37.858+0000] {logging_mixin.py:149} INFO - [2023-08-03T14:17:37.858+0000] {dag.py:2726} INFO - Sync 1 DAGs
[2023-08-03T14:17:37.877+0000] {logging_mixin.py:149} INFO - [2023-08-03T14:17:37.877+0000] {dag.py:3490} INFO - Setting next_dagrun for example_weekday_branch_operator to 2023-08-02T00:00:00+00:00, run_after=2023-08-03T00:00:00+00:00
[2023-08-03T14:17:37.891+0000] {processor.py:179} INFO - Processing /home/airflow/.local/lib/python3.7/site-packages/airflow/example_dags/example_branch_day_of_week_operator.py took 0.070 seconds
[2023-08-03T16:17:44.399+0000] {processor.py:157} INFO - Started process (PID=11019) to work on /home/airflow/.local/lib/python3.7/site-packages/airflow/example_dags/example_branch_day_of_week_operator.py
[2023-08-03T16:17:44.412+0000] {processor.py:826} INFO - Processing file /home/airflow/.local/lib/python3.7/site-packages/airflow/example_dags/example_branch_day_of_week_operator.py for tasks to queue
[2023-08-03T16:17:44.414+0000] {logging_mixin.py:149} INFO - [2023-08-03T16:17:44.414+0000] {dagbag.py:541} INFO - Filling up the DagBag from /home/airflow/.local/lib/python3.7/site-packages/airflow/example_dags/example_branch_day_of_week_operator.py
[2023-08-03T16:17:44.419+0000] {processor.py:836} INFO - DAG(s) dict_keys(['example_weekday_branch_operator']) retrieved from /home/airflow/.local/lib/python3.7/site-packages/airflow/example_dags/example_branch_day_of_week_operator.py
[2023-08-03T16:17:44.452+0000] {logging_mixin.py:149} INFO - [2023-08-03T16:17:44.452+0000] {dag.py:2726} INFO - Sync 1 DAGs
[2023-08-03T16:17:44.470+0000] {logging_mixin.py:149} INFO - [2023-08-03T16:17:44.470+0000] {dag.py:3490} INFO - Setting next_dagrun for example_weekday_branch_operator to 2023-08-02T00:00:00+00:00, run_after=2023-08-03T00:00:00+00:00
[2023-08-03T16:17:44.488+0000] {processor.py:179} INFO - Processing /home/airflow/.local/lib/python3.7/site-packages/airflow/example_dags/example_branch_day_of_week_operator.py took 0.092 seconds
[2023-08-03T16:30:05.342+0000] {processor.py:157} INFO - Started process (PID=11084) to work on /home/airflow/.local/lib/python3.7/site-packages/airflow/example_dags/example_branch_day_of_week_operator.py
[2023-08-03T16:30:05.343+0000] {processor.py:826} INFO - Processing file /home/airflow/.local/lib/python3.7/site-packages/airflow/example_dags/example_branch_day_of_week_operator.py for tasks to queue
[2023-08-03T16:30:05.344+0000] {logging_mixin.py:149} INFO - [2023-08-03T16:30:05.344+0000] {dagbag.py:541} INFO - Filling up the DagBag from /home/airflow/.local/lib/python3.7/site-packages/airflow/example_dags/example_branch_day_of_week_operator.py
[2023-08-03T16:30:05.349+0000] {processor.py:836} INFO - DAG(s) dict_keys(['example_weekday_branch_operator']) retrieved from /home/airflow/.local/lib/python3.7/site-packages/airflow/example_dags/example_branch_day_of_week_operator.py
[2023-08-03T16:30:05.369+0000] {logging_mixin.py:149} INFO - [2023-08-03T16:30:05.369+0000] {dag.py:2726} INFO - Sync 1 DAGs
[2023-08-03T16:30:05.385+0000] {logging_mixin.py:149} INFO - [2023-08-03T16:30:05.385+0000] {dag.py:3490} INFO - Setting next_dagrun for example_weekday_branch_operator to 2023-08-02T00:00:00+00:00, run_after=2023-08-03T00:00:00+00:00
[2023-08-03T16:30:05.397+0000] {processor.py:179} INFO - Processing /home/airflow/.local/lib/python3.7/site-packages/airflow/example_dags/example_branch_day_of_week_operator.py took 0.057 seconds
[2023-08-03T16:47:32.740+0000] {processor.py:157} INFO - Started process (PID=11149) to work on /home/airflow/.local/lib/python3.7/site-packages/airflow/example_dags/example_branch_day_of_week_operator.py
[2023-08-03T16:47:32.741+0000] {processor.py:826} INFO - Processing file /home/airflow/.local/lib/python3.7/site-packages/airflow/example_dags/example_branch_day_of_week_operator.py for tasks to queue
[2023-08-03T16:47:32.742+0000] {logging_mixin.py:149} INFO - [2023-08-03T16:47:32.742+0000] {dagbag.py:541} INFO - Filling up the DagBag from /home/airflow/.local/lib/python3.7/site-packages/airflow/example_dags/example_branch_day_of_week_operator.py
[2023-08-03T16:47:32.751+0000] {processor.py:836} INFO - DAG(s) dict_keys(['example_weekday_branch_operator']) retrieved from /home/airflow/.local/lib/python3.7/site-packages/airflow/example_dags/example_branch_day_of_week_operator.py
[2023-08-03T16:47:32.772+0000] {logging_mixin.py:149} INFO - [2023-08-03T16:47:32.772+0000] {dag.py:2726} INFO - Sync 1 DAGs
[2023-08-03T16:47:32.792+0000] {logging_mixin.py:149} INFO - [2023-08-03T16:47:32.791+0000] {dag.py:3490} INFO - Setting next_dagrun for example_weekday_branch_operator to 2023-08-02T00:00:00+00:00, run_after=2023-08-03T00:00:00+00:00
[2023-08-03T16:47:32.803+0000] {processor.py:179} INFO - Processing /home/airflow/.local/lib/python3.7/site-packages/airflow/example_dags/example_branch_day_of_week_operator.py took 0.066 seconds
[2023-08-03T19:34:07.234+0000] {processor.py:157} INFO - Started process (PID=11215) to work on /home/airflow/.local/lib/python3.7/site-packages/airflow/example_dags/example_branch_day_of_week_operator.py
[2023-08-03T19:34:07.235+0000] {processor.py:826} INFO - Processing file /home/airflow/.local/lib/python3.7/site-packages/airflow/example_dags/example_branch_day_of_week_operator.py for tasks to queue
[2023-08-03T19:34:07.236+0000] {logging_mixin.py:149} INFO - [2023-08-03T19:34:07.236+0000] {dagbag.py:541} INFO - Filling up the DagBag from /home/airflow/.local/lib/python3.7/site-packages/airflow/example_dags/example_branch_day_of_week_operator.py
[2023-08-03T19:34:07.243+0000] {processor.py:836} INFO - DAG(s) dict_keys(['example_weekday_branch_operator']) retrieved from /home/airflow/.local/lib/python3.7/site-packages/airflow/example_dags/example_branch_day_of_week_operator.py
[2023-08-03T19:34:07.264+0000] {logging_mixin.py:149} INFO - [2023-08-03T19:34:07.264+0000] {dag.py:2726} INFO - Sync 1 DAGs
[2023-08-03T19:34:07.286+0000] {logging_mixin.py:149} INFO - [2023-08-03T19:34:07.286+0000] {dag.py:3490} INFO - Setting next_dagrun for example_weekday_branch_operator to 2023-08-02T00:00:00+00:00, run_after=2023-08-03T00:00:00+00:00
[2023-08-03T19:34:07.297+0000] {processor.py:179} INFO - Processing /home/airflow/.local/lib/python3.7/site-packages/airflow/example_dags/example_branch_day_of_week_operator.py took 0.065 seconds
[2023-08-03T19:55:27.916+0000] {processor.py:157} INFO - Started process (PID=11281) to work on /home/airflow/.local/lib/python3.7/site-packages/airflow/example_dags/example_branch_day_of_week_operator.py
[2023-08-03T19:55:27.917+0000] {processor.py:826} INFO - Processing file /home/airflow/.local/lib/python3.7/site-packages/airflow/example_dags/example_branch_day_of_week_operator.py for tasks to queue
[2023-08-03T19:55:27.917+0000] {logging_mixin.py:149} INFO - [2023-08-03T19:55:27.917+0000] {dagbag.py:541} INFO - Filling up the DagBag from /home/airflow/.local/lib/python3.7/site-packages/airflow/example_dags/example_branch_day_of_week_operator.py
[2023-08-03T19:55:27.923+0000] {processor.py:836} INFO - DAG(s) dict_keys(['example_weekday_branch_operator']) retrieved from /home/airflow/.local/lib/python3.7/site-packages/airflow/example_dags/example_branch_day_of_week_operator.py
[2023-08-03T19:55:27.944+0000] {logging_mixin.py:149} INFO - [2023-08-03T19:55:27.944+0000] {dag.py:2726} INFO - Sync 1 DAGs
[2023-08-03T19:55:27.961+0000] {logging_mixin.py:149} INFO - [2023-08-03T19:55:27.961+0000] {dag.py:3490} INFO - Setting next_dagrun for example_weekday_branch_operator to 2023-08-02T00:00:00+00:00, run_after=2023-08-03T00:00:00+00:00
[2023-08-03T19:55:27.975+0000] {processor.py:179} INFO - Processing /home/airflow/.local/lib/python3.7/site-packages/airflow/example_dags/example_branch_day_of_week_operator.py took 0.065 seconds
[2023-08-03T22:30:44.775+0000] {processor.py:157} INFO - Started process (PID=11347) to work on /home/airflow/.local/lib/python3.7/site-packages/airflow/example_dags/example_branch_day_of_week_operator.py
[2023-08-03T22:30:44.777+0000] {processor.py:826} INFO - Processing file /home/airflow/.local/lib/python3.7/site-packages/airflow/example_dags/example_branch_day_of_week_operator.py for tasks to queue
[2023-08-03T22:30:44.777+0000] {logging_mixin.py:149} INFO - [2023-08-03T22:30:44.777+0000] {dagbag.py:541} INFO - Filling up the DagBag from /home/airflow/.local/lib/python3.7/site-packages/airflow/example_dags/example_branch_day_of_week_operator.py
[2023-08-03T22:30:44.783+0000] {processor.py:836} INFO - DAG(s) dict_keys(['example_weekday_branch_operator']) retrieved from /home/airflow/.local/lib/python3.7/site-packages/airflow/example_dags/example_branch_day_of_week_operator.py
[2023-08-03T22:30:44.804+0000] {logging_mixin.py:149} INFO - [2023-08-03T22:30:44.803+0000] {dag.py:2726} INFO - Sync 1 DAGs
[2023-08-03T22:30:44.820+0000] {logging_mixin.py:149} INFO - [2023-08-03T22:30:44.820+0000] {dag.py:3490} INFO - Setting next_dagrun for example_weekday_branch_operator to 2023-08-02T00:00:00+00:00, run_after=2023-08-03T00:00:00+00:00
[2023-08-03T22:30:44.834+0000] {processor.py:179} INFO - Processing /home/airflow/.local/lib/python3.7/site-packages/airflow/example_dags/example_branch_day_of_week_operator.py took 0.062 seconds
