[2023-08-03T02:37:38.455+0000] {processor.py:157} INFO - Started process (PID=10545) to work on /home/airflow/.local/lib/python3.7/site-packages/airflow/example_dags/example_branch_operator_decorator.py
[2023-08-03T02:37:38.456+0000] {processor.py:826} INFO - Processing file /home/airflow/.local/lib/python3.7/site-packages/airflow/example_dags/example_branch_operator_decorator.py for tasks to queue
[2023-08-03T02:37:38.457+0000] {logging_mixin.py:149} INFO - [2023-08-03T02:37:38.457+0000] {dagbag.py:541} INFO - Filling up the DagBag from /home/airflow/.local/lib/python3.7/site-packages/airflow/example_dags/example_branch_operator_decorator.py
[2023-08-03T02:37:38.466+0000] {processor.py:836} INFO - DAG(s) dict_keys(['example_branch_python_operator_decorator']) retrieved from /home/airflow/.local/lib/python3.7/site-packages/airflow/example_dags/example_branch_operator_decorator.py
[2023-08-03T02:37:38.486+0000] {logging_mixin.py:149} INFO - [2023-08-03T02:37:38.486+0000] {dag.py:2726} INFO - Sync 1 DAGs
[2023-08-03T02:37:38.502+0000] {logging_mixin.py:149} INFO - [2023-08-03T02:37:38.501+0000] {dag.py:3490} INFO - Setting next_dagrun for example_branch_python_operator_decorator to 2023-08-02T00:00:00+00:00, run_after=2023-08-03T00:00:00+00:00
[2023-08-03T02:37:38.514+0000] {processor.py:179} INFO - Processing /home/airflow/.local/lib/python3.7/site-packages/airflow/example_dags/example_branch_operator_decorator.py took 0.063 seconds
[2023-08-03T06:43:43.852+0000] {processor.py:157} INFO - Started process (PID=10611) to work on /home/airflow/.local/lib/python3.7/site-packages/airflow/example_dags/example_branch_operator_decorator.py
[2023-08-03T06:43:43.854+0000] {processor.py:826} INFO - Processing file /home/airflow/.local/lib/python3.7/site-packages/airflow/example_dags/example_branch_operator_decorator.py for tasks to queue
[2023-08-03T06:43:43.856+0000] {logging_mixin.py:149} INFO - [2023-08-03T06:43:43.856+0000] {dagbag.py:541} INFO - Filling up the DagBag from /home/airflow/.local/lib/python3.7/site-packages/airflow/example_dags/example_branch_operator_decorator.py
[2023-08-03T06:43:43.864+0000] {processor.py:836} INFO - DAG(s) dict_keys(['example_branch_python_operator_decorator']) retrieved from /home/airflow/.local/lib/python3.7/site-packages/airflow/example_dags/example_branch_operator_decorator.py
[2023-08-03T06:43:43.890+0000] {logging_mixin.py:149} INFO - [2023-08-03T06:43:43.890+0000] {dag.py:2726} INFO - Sync 1 DAGs
[2023-08-03T06:43:43.917+0000] {logging_mixin.py:149} INFO - [2023-08-03T06:43:43.916+0000] {dag.py:3490} INFO - Setting next_dagrun for example_branch_python_operator_decorator to 2023-08-02T00:00:00+00:00, run_after=2023-08-03T00:00:00+00:00
[2023-08-03T06:43:43.930+0000] {processor.py:179} INFO - Processing /home/airflow/.local/lib/python3.7/site-packages/airflow/example_dags/example_branch_operator_decorator.py took 0.081 seconds
[2023-08-03T06:45:50.729+0000] {processor.py:157} INFO - Started process (PID=10677) to work on /home/airflow/.local/lib/python3.7/site-packages/airflow/example_dags/example_branch_operator_decorator.py
[2023-08-03T06:45:50.730+0000] {processor.py:826} INFO - Processing file /home/airflow/.local/lib/python3.7/site-packages/airflow/example_dags/example_branch_operator_decorator.py for tasks to queue
[2023-08-03T06:45:50.732+0000] {logging_mixin.py:149} INFO - [2023-08-03T06:45:50.731+0000] {dagbag.py:541} INFO - Filling up the DagBag from /home/airflow/.local/lib/python3.7/site-packages/airflow/example_dags/example_branch_operator_decorator.py
[2023-08-03T06:45:50.748+0000] {processor.py:836} INFO - DAG(s) dict_keys(['example_branch_python_operator_decorator']) retrieved from /home/airflow/.local/lib/python3.7/site-packages/airflow/example_dags/example_branch_operator_decorator.py
[2023-08-03T06:45:50.781+0000] {logging_mixin.py:149} INFO - [2023-08-03T06:45:50.781+0000] {dag.py:2726} INFO - Sync 1 DAGs
[2023-08-03T06:45:50.818+0000] {logging_mixin.py:149} INFO - [2023-08-03T06:45:50.818+0000] {dag.py:3490} INFO - Setting next_dagrun for example_branch_python_operator_decorator to 2023-08-02T00:00:00+00:00, run_after=2023-08-03T00:00:00+00:00
[2023-08-03T06:45:50.830+0000] {processor.py:179} INFO - Processing /home/airflow/.local/lib/python3.7/site-packages/airflow/example_dags/example_branch_operator_decorator.py took 0.108 seconds
[2023-08-03T07:10:33.421+0000] {processor.py:157} INFO - Started process (PID=10742) to work on /home/airflow/.local/lib/python3.7/site-packages/airflow/example_dags/example_branch_operator_decorator.py
[2023-08-03T07:10:33.422+0000] {processor.py:826} INFO - Processing file /home/airflow/.local/lib/python3.7/site-packages/airflow/example_dags/example_branch_operator_decorator.py for tasks to queue
[2023-08-03T07:10:33.423+0000] {logging_mixin.py:149} INFO - [2023-08-03T07:10:33.423+0000] {dagbag.py:541} INFO - Filling up the DagBag from /home/airflow/.local/lib/python3.7/site-packages/airflow/example_dags/example_branch_operator_decorator.py
[2023-08-03T07:10:33.431+0000] {processor.py:836} INFO - DAG(s) dict_keys(['example_branch_python_operator_decorator']) retrieved from /home/airflow/.local/lib/python3.7/site-packages/airflow/example_dags/example_branch_operator_decorator.py
[2023-08-03T07:10:33.457+0000] {logging_mixin.py:149} INFO - [2023-08-03T07:10:33.457+0000] {dag.py:2726} INFO - Sync 1 DAGs
[2023-08-03T07:10:33.474+0000] {logging_mixin.py:149} INFO - [2023-08-03T07:10:33.474+0000] {dag.py:3490} INFO - Setting next_dagrun for example_branch_python_operator_decorator to 2023-08-02T00:00:00+00:00, run_after=2023-08-03T00:00:00+00:00
[2023-08-03T07:10:33.490+0000] {processor.py:179} INFO - Processing /home/airflow/.local/lib/python3.7/site-packages/airflow/example_dags/example_branch_operator_decorator.py took 0.072 seconds
[2023-08-03T10:36:00.075+0000] {processor.py:157} INFO - Started process (PID=10808) to work on /home/airflow/.local/lib/python3.7/site-packages/airflow/example_dags/example_branch_operator_decorator.py
[2023-08-03T10:36:00.076+0000] {processor.py:826} INFO - Processing file /home/airflow/.local/lib/python3.7/site-packages/airflow/example_dags/example_branch_operator_decorator.py for tasks to queue
[2023-08-03T10:36:00.077+0000] {logging_mixin.py:149} INFO - [2023-08-03T10:36:00.077+0000] {dagbag.py:541} INFO - Filling up the DagBag from /home/airflow/.local/lib/python3.7/site-packages/airflow/example_dags/example_branch_operator_decorator.py
[2023-08-03T10:36:00.090+0000] {processor.py:836} INFO - DAG(s) dict_keys(['example_branch_python_operator_decorator']) retrieved from /home/airflow/.local/lib/python3.7/site-packages/airflow/example_dags/example_branch_operator_decorator.py
[2023-08-03T10:36:00.112+0000] {logging_mixin.py:149} INFO - [2023-08-03T10:36:00.112+0000] {dag.py:2726} INFO - Sync 1 DAGs
[2023-08-03T10:36:00.129+0000] {logging_mixin.py:149} INFO - [2023-08-03T10:36:00.129+0000] {dag.py:3490} INFO - Setting next_dagrun for example_branch_python_operator_decorator to 2023-08-02T00:00:00+00:00, run_after=2023-08-03T00:00:00+00:00
[2023-08-03T10:36:00.141+0000] {processor.py:179} INFO - Processing /home/airflow/.local/lib/python3.7/site-packages/airflow/example_dags/example_branch_operator_decorator.py took 0.069 seconds
[2023-08-03T12:09:52.606+0000] {processor.py:157} INFO - Started process (PID=10874) to work on /home/airflow/.local/lib/python3.7/site-packages/airflow/example_dags/example_branch_operator_decorator.py
[2023-08-03T12:09:52.607+0000] {processor.py:826} INFO - Processing file /home/airflow/.local/lib/python3.7/site-packages/airflow/example_dags/example_branch_operator_decorator.py for tasks to queue
[2023-08-03T12:09:52.607+0000] {logging_mixin.py:149} INFO - [2023-08-03T12:09:52.607+0000] {dagbag.py:541} INFO - Filling up the DagBag from /home/airflow/.local/lib/python3.7/site-packages/airflow/example_dags/example_branch_operator_decorator.py
[2023-08-03T12:09:52.616+0000] {processor.py:836} INFO - DAG(s) dict_keys(['example_branch_python_operator_decorator']) retrieved from /home/airflow/.local/lib/python3.7/site-packages/airflow/example_dags/example_branch_operator_decorator.py
[2023-08-03T12:09:52.636+0000] {logging_mixin.py:149} INFO - [2023-08-03T12:09:52.636+0000] {dag.py:2726} INFO - Sync 1 DAGs
[2023-08-03T12:09:52.657+0000] {logging_mixin.py:149} INFO - [2023-08-03T12:09:52.657+0000] {dag.py:3490} INFO - Setting next_dagrun for example_branch_python_operator_decorator to 2023-08-02T00:00:00+00:00, run_after=2023-08-03T00:00:00+00:00
[2023-08-03T12:09:52.669+0000] {processor.py:179} INFO - Processing /home/airflow/.local/lib/python3.7/site-packages/airflow/example_dags/example_branch_operator_decorator.py took 0.067 seconds
[2023-08-03T14:17:36.943+0000] {processor.py:157} INFO - Started process (PID=10939) to work on /home/airflow/.local/lib/python3.7/site-packages/airflow/example_dags/example_branch_operator_decorator.py
[2023-08-03T14:17:36.944+0000] {processor.py:826} INFO - Processing file /home/airflow/.local/lib/python3.7/site-packages/airflow/example_dags/example_branch_operator_decorator.py for tasks to queue
[2023-08-03T14:17:36.945+0000] {logging_mixin.py:149} INFO - [2023-08-03T14:17:36.945+0000] {dagbag.py:541} INFO - Filling up the DagBag from /home/airflow/.local/lib/python3.7/site-packages/airflow/example_dags/example_branch_operator_decorator.py
[2023-08-03T14:17:36.955+0000] {processor.py:836} INFO - DAG(s) dict_keys(['example_branch_python_operator_decorator']) retrieved from /home/airflow/.local/lib/python3.7/site-packages/airflow/example_dags/example_branch_operator_decorator.py
[2023-08-03T14:17:36.978+0000] {logging_mixin.py:149} INFO - [2023-08-03T14:17:36.978+0000] {dag.py:2726} INFO - Sync 1 DAGs
[2023-08-03T14:17:36.996+0000] {logging_mixin.py:149} INFO - [2023-08-03T14:17:36.996+0000] {dag.py:3490} INFO - Setting next_dagrun for example_branch_python_operator_decorator to 2023-08-02T00:00:00+00:00, run_after=2023-08-03T00:00:00+00:00
[2023-08-03T14:17:37.011+0000] {processor.py:179} INFO - Processing /home/airflow/.local/lib/python3.7/site-packages/airflow/example_dags/example_branch_operator_decorator.py took 0.072 seconds
[2023-08-03T16:17:43.267+0000] {processor.py:157} INFO - Started process (PID=11005) to work on /home/airflow/.local/lib/python3.7/site-packages/airflow/example_dags/example_branch_operator_decorator.py
[2023-08-03T16:17:43.268+0000] {processor.py:826} INFO - Processing file /home/airflow/.local/lib/python3.7/site-packages/airflow/example_dags/example_branch_operator_decorator.py for tasks to queue
[2023-08-03T16:17:43.269+0000] {logging_mixin.py:149} INFO - [2023-08-03T16:17:43.269+0000] {dagbag.py:541} INFO - Filling up the DagBag from /home/airflow/.local/lib/python3.7/site-packages/airflow/example_dags/example_branch_operator_decorator.py
[2023-08-03T16:17:43.280+0000] {processor.py:836} INFO - DAG(s) dict_keys(['example_branch_python_operator_decorator']) retrieved from /home/airflow/.local/lib/python3.7/site-packages/airflow/example_dags/example_branch_operator_decorator.py
[2023-08-03T16:17:43.301+0000] {logging_mixin.py:149} INFO - [2023-08-03T16:17:43.301+0000] {dag.py:2726} INFO - Sync 1 DAGs
[2023-08-03T16:17:43.319+0000] {logging_mixin.py:149} INFO - [2023-08-03T16:17:43.318+0000] {dag.py:3490} INFO - Setting next_dagrun for example_branch_python_operator_decorator to 2023-08-02T00:00:00+00:00, run_after=2023-08-03T00:00:00+00:00
[2023-08-03T16:17:43.332+0000] {processor.py:179} INFO - Processing /home/airflow/.local/lib/python3.7/site-packages/airflow/example_dags/example_branch_operator_decorator.py took 0.068 seconds
[2023-08-03T16:30:04.530+0000] {processor.py:157} INFO - Started process (PID=11070) to work on /home/airflow/.local/lib/python3.7/site-packages/airflow/example_dags/example_branch_operator_decorator.py
[2023-08-03T16:30:04.531+0000] {processor.py:826} INFO - Processing file /home/airflow/.local/lib/python3.7/site-packages/airflow/example_dags/example_branch_operator_decorator.py for tasks to queue
[2023-08-03T16:30:04.532+0000] {logging_mixin.py:149} INFO - [2023-08-03T16:30:04.532+0000] {dagbag.py:541} INFO - Filling up the DagBag from /home/airflow/.local/lib/python3.7/site-packages/airflow/example_dags/example_branch_operator_decorator.py
[2023-08-03T16:30:04.556+0000] {processor.py:836} INFO - DAG(s) dict_keys(['example_branch_python_operator_decorator']) retrieved from /home/airflow/.local/lib/python3.7/site-packages/airflow/example_dags/example_branch_operator_decorator.py
[2023-08-03T16:30:04.577+0000] {logging_mixin.py:149} INFO - [2023-08-03T16:30:04.577+0000] {dag.py:2726} INFO - Sync 1 DAGs
[2023-08-03T16:30:04.595+0000] {logging_mixin.py:149} INFO - [2023-08-03T16:30:04.594+0000] {dag.py:3490} INFO - Setting next_dagrun for example_branch_python_operator_decorator to 2023-08-02T00:00:00+00:00, run_after=2023-08-03T00:00:00+00:00
[2023-08-03T16:30:04.606+0000] {processor.py:179} INFO - Processing /home/airflow/.local/lib/python3.7/site-packages/airflow/example_dags/example_branch_operator_decorator.py took 0.079 seconds
[2023-08-03T16:47:31.894+0000] {processor.py:157} INFO - Started process (PID=11135) to work on /home/airflow/.local/lib/python3.7/site-packages/airflow/example_dags/example_branch_operator_decorator.py
[2023-08-03T16:47:31.897+0000] {processor.py:826} INFO - Processing file /home/airflow/.local/lib/python3.7/site-packages/airflow/example_dags/example_branch_operator_decorator.py for tasks to queue
[2023-08-03T16:47:31.903+0000] {logging_mixin.py:149} INFO - [2023-08-03T16:47:31.898+0000] {dagbag.py:541} INFO - Filling up the DagBag from /home/airflow/.local/lib/python3.7/site-packages/airflow/example_dags/example_branch_operator_decorator.py
[2023-08-03T16:47:31.912+0000] {processor.py:836} INFO - DAG(s) dict_keys(['example_branch_python_operator_decorator']) retrieved from /home/airflow/.local/lib/python3.7/site-packages/airflow/example_dags/example_branch_operator_decorator.py
[2023-08-03T16:47:31.938+0000] {logging_mixin.py:149} INFO - [2023-08-03T16:47:31.938+0000] {dag.py:2726} INFO - Sync 1 DAGs
[2023-08-03T16:47:31.964+0000] {logging_mixin.py:149} INFO - [2023-08-03T16:47:31.964+0000] {dag.py:3490} INFO - Setting next_dagrun for example_branch_python_operator_decorator to 2023-08-02T00:00:00+00:00, run_after=2023-08-03T00:00:00+00:00
[2023-08-03T16:47:31.985+0000] {processor.py:179} INFO - Processing /home/airflow/.local/lib/python3.7/site-packages/airflow/example_dags/example_branch_operator_decorator.py took 0.094 seconds
[2023-08-03T19:34:06.442+0000] {processor.py:157} INFO - Started process (PID=11201) to work on /home/airflow/.local/lib/python3.7/site-packages/airflow/example_dags/example_branch_operator_decorator.py
[2023-08-03T19:34:06.443+0000] {processor.py:826} INFO - Processing file /home/airflow/.local/lib/python3.7/site-packages/airflow/example_dags/example_branch_operator_decorator.py for tasks to queue
[2023-08-03T19:34:06.444+0000] {logging_mixin.py:149} INFO - [2023-08-03T19:34:06.444+0000] {dagbag.py:541} INFO - Filling up the DagBag from /home/airflow/.local/lib/python3.7/site-packages/airflow/example_dags/example_branch_operator_decorator.py
[2023-08-03T19:34:06.452+0000] {processor.py:836} INFO - DAG(s) dict_keys(['example_branch_python_operator_decorator']) retrieved from /home/airflow/.local/lib/python3.7/site-packages/airflow/example_dags/example_branch_operator_decorator.py
[2023-08-03T19:34:06.472+0000] {logging_mixin.py:149} INFO - [2023-08-03T19:34:06.472+0000] {dag.py:2726} INFO - Sync 1 DAGs
[2023-08-03T19:34:06.488+0000] {logging_mixin.py:149} INFO - [2023-08-03T19:34:06.488+0000] {dag.py:3490} INFO - Setting next_dagrun for example_branch_python_operator_decorator to 2023-08-02T00:00:00+00:00, run_after=2023-08-03T00:00:00+00:00
[2023-08-03T19:34:06.511+0000] {processor.py:179} INFO - Processing /home/airflow/.local/lib/python3.7/site-packages/airflow/example_dags/example_branch_operator_decorator.py took 0.072 seconds
[2023-08-03T19:55:26.711+0000] {processor.py:157} INFO - Started process (PID=11267) to work on /home/airflow/.local/lib/python3.7/site-packages/airflow/example_dags/example_branch_operator_decorator.py
[2023-08-03T19:55:26.712+0000] {processor.py:826} INFO - Processing file /home/airflow/.local/lib/python3.7/site-packages/airflow/example_dags/example_branch_operator_decorator.py for tasks to queue
[2023-08-03T19:55:26.713+0000] {logging_mixin.py:149} INFO - [2023-08-03T19:55:26.713+0000] {dagbag.py:541} INFO - Filling up the DagBag from /home/airflow/.local/lib/python3.7/site-packages/airflow/example_dags/example_branch_operator_decorator.py
[2023-08-03T19:55:26.722+0000] {processor.py:836} INFO - DAG(s) dict_keys(['example_branch_python_operator_decorator']) retrieved from /home/airflow/.local/lib/python3.7/site-packages/airflow/example_dags/example_branch_operator_decorator.py
[2023-08-03T19:55:26.743+0000] {logging_mixin.py:149} INFO - [2023-08-03T19:55:26.743+0000] {dag.py:2726} INFO - Sync 1 DAGs
[2023-08-03T19:55:26.760+0000] {logging_mixin.py:149} INFO - [2023-08-03T19:55:26.760+0000] {dag.py:3490} INFO - Setting next_dagrun for example_branch_python_operator_decorator to 2023-08-02T00:00:00+00:00, run_after=2023-08-03T00:00:00+00:00
[2023-08-03T19:55:26.773+0000] {processor.py:179} INFO - Processing /home/airflow/.local/lib/python3.7/site-packages/airflow/example_dags/example_branch_operator_decorator.py took 0.065 seconds
[2023-08-03T22:30:44.003+0000] {processor.py:157} INFO - Started process (PID=11333) to work on /home/airflow/.local/lib/python3.7/site-packages/airflow/example_dags/example_branch_operator_decorator.py
[2023-08-03T22:30:44.004+0000] {processor.py:826} INFO - Processing file /home/airflow/.local/lib/python3.7/site-packages/airflow/example_dags/example_branch_operator_decorator.py for tasks to queue
[2023-08-03T22:30:44.005+0000] {logging_mixin.py:149} INFO - [2023-08-03T22:30:44.005+0000] {dagbag.py:541} INFO - Filling up the DagBag from /home/airflow/.local/lib/python3.7/site-packages/airflow/example_dags/example_branch_operator_decorator.py
[2023-08-03T22:30:44.013+0000] {processor.py:836} INFO - DAG(s) dict_keys(['example_branch_python_operator_decorator']) retrieved from /home/airflow/.local/lib/python3.7/site-packages/airflow/example_dags/example_branch_operator_decorator.py
[2023-08-03T22:30:44.035+0000] {logging_mixin.py:149} INFO - [2023-08-03T22:30:44.035+0000] {dag.py:2726} INFO - Sync 1 DAGs
[2023-08-03T22:30:44.055+0000] {logging_mixin.py:149} INFO - [2023-08-03T22:30:44.055+0000] {dag.py:3490} INFO - Setting next_dagrun for example_branch_python_operator_decorator to 2023-08-02T00:00:00+00:00, run_after=2023-08-03T00:00:00+00:00
[2023-08-03T22:30:44.069+0000] {processor.py:179} INFO - Processing /home/airflow/.local/lib/python3.7/site-packages/airflow/example_dags/example_branch_operator_decorator.py took 0.069 seconds
