[2023-08-03T02:37:38.824+0000] {processor.py:157} INFO - Started process (PID=10550) to work on /home/airflow/.local/lib/python3.7/site-packages/airflow/example_dags/example_bash_operator.py
[2023-08-03T02:37:38.827+0000] {processor.py:826} INFO - Processing file /home/airflow/.local/lib/python3.7/site-packages/airflow/example_dags/example_bash_operator.py for tasks to queue
[2023-08-03T02:37:38.828+0000] {logging_mixin.py:149} INFO - [2023-08-03T02:37:38.828+0000] {dagbag.py:541} INFO - Filling up the DagBag from /home/airflow/.local/lib/python3.7/site-packages/airflow/example_dags/example_bash_operator.py
[2023-08-03T02:37:38.839+0000] {processor.py:836} INFO - DAG(s) dict_keys(['example_bash_operator']) retrieved from /home/airflow/.local/lib/python3.7/site-packages/airflow/example_dags/example_bash_operator.py
[2023-08-03T02:37:38.864+0000] {logging_mixin.py:149} INFO - [2023-08-03T02:37:38.864+0000] {dag.py:2726} INFO - Sync 1 DAGs
[2023-08-03T02:37:38.883+0000] {logging_mixin.py:149} INFO - [2023-08-03T02:37:38.883+0000] {dag.py:3490} INFO - Setting next_dagrun for example_bash_operator to 2023-08-02T00:00:00+00:00, run_after=2023-08-03T00:00:00+00:00
[2023-08-03T02:37:38.896+0000] {processor.py:179} INFO - Processing /home/airflow/.local/lib/python3.7/site-packages/airflow/example_dags/example_bash_operator.py took 0.075 seconds
[2023-08-03T06:43:44.181+0000] {processor.py:157} INFO - Started process (PID=10616) to work on /home/airflow/.local/lib/python3.7/site-packages/airflow/example_dags/example_bash_operator.py
[2023-08-03T06:43:44.183+0000] {processor.py:826} INFO - Processing file /home/airflow/.local/lib/python3.7/site-packages/airflow/example_dags/example_bash_operator.py for tasks to queue
[2023-08-03T06:43:44.183+0000] {logging_mixin.py:149} INFO - [2023-08-03T06:43:44.183+0000] {dagbag.py:541} INFO - Filling up the DagBag from /home/airflow/.local/lib/python3.7/site-packages/airflow/example_dags/example_bash_operator.py
[2023-08-03T06:43:44.199+0000] {processor.py:836} INFO - DAG(s) dict_keys(['example_bash_operator']) retrieved from /home/airflow/.local/lib/python3.7/site-packages/airflow/example_dags/example_bash_operator.py
[2023-08-03T06:43:44.227+0000] {logging_mixin.py:149} INFO - [2023-08-03T06:43:44.227+0000] {dag.py:2726} INFO - Sync 1 DAGs
[2023-08-03T06:43:44.243+0000] {logging_mixin.py:149} INFO - [2023-08-03T06:43:44.243+0000] {dag.py:3490} INFO - Setting next_dagrun for example_bash_operator to 2023-08-02T00:00:00+00:00, run_after=2023-08-03T00:00:00+00:00
[2023-08-03T06:43:44.253+0000] {processor.py:179} INFO - Processing /home/airflow/.local/lib/python3.7/site-packages/airflow/example_dags/example_bash_operator.py took 0.075 seconds
[2023-08-03T06:45:51.354+0000] {processor.py:157} INFO - Started process (PID=10682) to work on /home/airflow/.local/lib/python3.7/site-packages/airflow/example_dags/example_bash_operator.py
[2023-08-03T06:45:51.355+0000] {processor.py:826} INFO - Processing file /home/airflow/.local/lib/python3.7/site-packages/airflow/example_dags/example_bash_operator.py for tasks to queue
[2023-08-03T06:45:51.356+0000] {logging_mixin.py:149} INFO - [2023-08-03T06:45:51.356+0000] {dagbag.py:541} INFO - Filling up the DagBag from /home/airflow/.local/lib/python3.7/site-packages/airflow/example_dags/example_bash_operator.py
[2023-08-03T06:45:51.381+0000] {processor.py:836} INFO - DAG(s) dict_keys(['example_bash_operator']) retrieved from /home/airflow/.local/lib/python3.7/site-packages/airflow/example_dags/example_bash_operator.py
[2023-08-03T06:45:51.418+0000] {logging_mixin.py:149} INFO - [2023-08-03T06:45:51.418+0000] {dag.py:2726} INFO - Sync 1 DAGs
[2023-08-03T06:45:51.435+0000] {logging_mixin.py:149} INFO - [2023-08-03T06:45:51.434+0000] {dag.py:3490} INFO - Setting next_dagrun for example_bash_operator to 2023-08-02T00:00:00+00:00, run_after=2023-08-03T00:00:00+00:00
[2023-08-03T06:45:51.447+0000] {processor.py:179} INFO - Processing /home/airflow/.local/lib/python3.7/site-packages/airflow/example_dags/example_bash_operator.py took 0.101 seconds
[2023-08-03T07:10:33.742+0000] {processor.py:157} INFO - Started process (PID=10747) to work on /home/airflow/.local/lib/python3.7/site-packages/airflow/example_dags/example_bash_operator.py
[2023-08-03T07:10:33.743+0000] {processor.py:826} INFO - Processing file /home/airflow/.local/lib/python3.7/site-packages/airflow/example_dags/example_bash_operator.py for tasks to queue
[2023-08-03T07:10:33.744+0000] {logging_mixin.py:149} INFO - [2023-08-03T07:10:33.744+0000] {dagbag.py:541} INFO - Filling up the DagBag from /home/airflow/.local/lib/python3.7/site-packages/airflow/example_dags/example_bash_operator.py
[2023-08-03T07:10:33.755+0000] {processor.py:836} INFO - DAG(s) dict_keys(['example_bash_operator']) retrieved from /home/airflow/.local/lib/python3.7/site-packages/airflow/example_dags/example_bash_operator.py
[2023-08-03T07:10:33.779+0000] {logging_mixin.py:149} INFO - [2023-08-03T07:10:33.779+0000] {dag.py:2726} INFO - Sync 1 DAGs
[2023-08-03T07:10:33.796+0000] {logging_mixin.py:149} INFO - [2023-08-03T07:10:33.796+0000] {dag.py:3490} INFO - Setting next_dagrun for example_bash_operator to 2023-08-02T00:00:00+00:00, run_after=2023-08-03T00:00:00+00:00
[2023-08-03T07:10:33.807+0000] {processor.py:179} INFO - Processing /home/airflow/.local/lib/python3.7/site-packages/airflow/example_dags/example_bash_operator.py took 0.069 seconds
[2023-08-03T10:36:00.398+0000] {processor.py:157} INFO - Started process (PID=10813) to work on /home/airflow/.local/lib/python3.7/site-packages/airflow/example_dags/example_bash_operator.py
[2023-08-03T10:36:00.399+0000] {processor.py:826} INFO - Processing file /home/airflow/.local/lib/python3.7/site-packages/airflow/example_dags/example_bash_operator.py for tasks to queue
[2023-08-03T10:36:00.399+0000] {logging_mixin.py:149} INFO - [2023-08-03T10:36:00.399+0000] {dagbag.py:541} INFO - Filling up the DagBag from /home/airflow/.local/lib/python3.7/site-packages/airflow/example_dags/example_bash_operator.py
[2023-08-03T10:36:00.410+0000] {processor.py:836} INFO - DAG(s) dict_keys(['example_bash_operator']) retrieved from /home/airflow/.local/lib/python3.7/site-packages/airflow/example_dags/example_bash_operator.py
[2023-08-03T10:36:00.434+0000] {logging_mixin.py:149} INFO - [2023-08-03T10:36:00.434+0000] {dag.py:2726} INFO - Sync 1 DAGs
[2023-08-03T10:36:00.451+0000] {logging_mixin.py:149} INFO - [2023-08-03T10:36:00.451+0000] {dag.py:3490} INFO - Setting next_dagrun for example_bash_operator to 2023-08-02T00:00:00+00:00, run_after=2023-08-03T00:00:00+00:00
[2023-08-03T10:36:00.463+0000] {processor.py:179} INFO - Processing /home/airflow/.local/lib/python3.7/site-packages/airflow/example_dags/example_bash_operator.py took 0.068 seconds
[2023-08-03T12:09:52.933+0000] {processor.py:157} INFO - Started process (PID=10879) to work on /home/airflow/.local/lib/python3.7/site-packages/airflow/example_dags/example_bash_operator.py
[2023-08-03T12:09:52.934+0000] {processor.py:826} INFO - Processing file /home/airflow/.local/lib/python3.7/site-packages/airflow/example_dags/example_bash_operator.py for tasks to queue
[2023-08-03T12:09:52.934+0000] {logging_mixin.py:149} INFO - [2023-08-03T12:09:52.934+0000] {dagbag.py:541} INFO - Filling up the DagBag from /home/airflow/.local/lib/python3.7/site-packages/airflow/example_dags/example_bash_operator.py
[2023-08-03T12:09:52.945+0000] {processor.py:836} INFO - DAG(s) dict_keys(['example_bash_operator']) retrieved from /home/airflow/.local/lib/python3.7/site-packages/airflow/example_dags/example_bash_operator.py
[2023-08-03T12:09:52.970+0000] {logging_mixin.py:149} INFO - [2023-08-03T12:09:52.970+0000] {dag.py:2726} INFO - Sync 1 DAGs
[2023-08-03T12:09:52.988+0000] {logging_mixin.py:149} INFO - [2023-08-03T12:09:52.988+0000] {dag.py:3490} INFO - Setting next_dagrun for example_bash_operator to 2023-08-02T00:00:00+00:00, run_after=2023-08-03T00:00:00+00:00
[2023-08-03T12:09:52.998+0000] {processor.py:179} INFO - Processing /home/airflow/.local/lib/python3.7/site-packages/airflow/example_dags/example_bash_operator.py took 0.069 seconds
[2023-08-03T14:17:37.297+0000] {processor.py:157} INFO - Started process (PID=10944) to work on /home/airflow/.local/lib/python3.7/site-packages/airflow/example_dags/example_bash_operator.py
[2023-08-03T14:17:37.299+0000] {processor.py:826} INFO - Processing file /home/airflow/.local/lib/python3.7/site-packages/airflow/example_dags/example_bash_operator.py for tasks to queue
[2023-08-03T14:17:37.300+0000] {logging_mixin.py:149} INFO - [2023-08-03T14:17:37.300+0000] {dagbag.py:541} INFO - Filling up the DagBag from /home/airflow/.local/lib/python3.7/site-packages/airflow/example_dags/example_bash_operator.py
[2023-08-03T14:17:37.312+0000] {processor.py:836} INFO - DAG(s) dict_keys(['example_bash_operator']) retrieved from /home/airflow/.local/lib/python3.7/site-packages/airflow/example_dags/example_bash_operator.py
[2023-08-03T14:17:37.339+0000] {logging_mixin.py:149} INFO - [2023-08-03T14:17:37.339+0000] {dag.py:2726} INFO - Sync 1 DAGs
[2023-08-03T14:17:37.359+0000] {logging_mixin.py:149} INFO - [2023-08-03T14:17:37.359+0000] {dag.py:3490} INFO - Setting next_dagrun for example_bash_operator to 2023-08-02T00:00:00+00:00, run_after=2023-08-03T00:00:00+00:00
[2023-08-03T14:17:37.383+0000] {processor.py:179} INFO - Processing /home/airflow/.local/lib/python3.7/site-packages/airflow/example_dags/example_bash_operator.py took 0.089 seconds
[2023-08-03T16:17:43.576+0000] {processor.py:157} INFO - Started process (PID=11010) to work on /home/airflow/.local/lib/python3.7/site-packages/airflow/example_dags/example_bash_operator.py
[2023-08-03T16:17:43.577+0000] {processor.py:826} INFO - Processing file /home/airflow/.local/lib/python3.7/site-packages/airflow/example_dags/example_bash_operator.py for tasks to queue
[2023-08-03T16:17:43.578+0000] {logging_mixin.py:149} INFO - [2023-08-03T16:17:43.578+0000] {dagbag.py:541} INFO - Filling up the DagBag from /home/airflow/.local/lib/python3.7/site-packages/airflow/example_dags/example_bash_operator.py
[2023-08-03T16:17:43.594+0000] {processor.py:836} INFO - DAG(s) dict_keys(['example_bash_operator']) retrieved from /home/airflow/.local/lib/python3.7/site-packages/airflow/example_dags/example_bash_operator.py
[2023-08-03T16:17:43.629+0000] {logging_mixin.py:149} INFO - [2023-08-03T16:17:43.629+0000] {dag.py:2726} INFO - Sync 1 DAGs
[2023-08-03T16:17:43.658+0000] {logging_mixin.py:149} INFO - [2023-08-03T16:17:43.657+0000] {dag.py:3490} INFO - Setting next_dagrun for example_bash_operator to 2023-08-02T00:00:00+00:00, run_after=2023-08-03T00:00:00+00:00
[2023-08-03T16:17:43.673+0000] {processor.py:179} INFO - Processing /home/airflow/.local/lib/python3.7/site-packages/airflow/example_dags/example_bash_operator.py took 0.100 seconds
[2023-08-03T16:30:04.863+0000] {processor.py:157} INFO - Started process (PID=11075) to work on /home/airflow/.local/lib/python3.7/site-packages/airflow/example_dags/example_bash_operator.py
[2023-08-03T16:30:04.865+0000] {processor.py:826} INFO - Processing file /home/airflow/.local/lib/python3.7/site-packages/airflow/example_dags/example_bash_operator.py for tasks to queue
[2023-08-03T16:30:04.866+0000] {logging_mixin.py:149} INFO - [2023-08-03T16:30:04.865+0000] {dagbag.py:541} INFO - Filling up the DagBag from /home/airflow/.local/lib/python3.7/site-packages/airflow/example_dags/example_bash_operator.py
[2023-08-03T16:30:04.877+0000] {processor.py:836} INFO - DAG(s) dict_keys(['example_bash_operator']) retrieved from /home/airflow/.local/lib/python3.7/site-packages/airflow/example_dags/example_bash_operator.py
[2023-08-03T16:30:04.907+0000] {logging_mixin.py:149} INFO - [2023-08-03T16:30:04.907+0000] {dag.py:2726} INFO - Sync 1 DAGs
[2023-08-03T16:30:04.924+0000] {logging_mixin.py:149} INFO - [2023-08-03T16:30:04.924+0000] {dag.py:3490} INFO - Setting next_dagrun for example_bash_operator to 2023-08-02T00:00:00+00:00, run_after=2023-08-03T00:00:00+00:00
[2023-08-03T16:30:04.938+0000] {processor.py:179} INFO - Processing /home/airflow/.local/lib/python3.7/site-packages/airflow/example_dags/example_bash_operator.py took 0.078 seconds
[2023-08-03T16:47:32.264+0000] {processor.py:157} INFO - Started process (PID=11140) to work on /home/airflow/.local/lib/python3.7/site-packages/airflow/example_dags/example_bash_operator.py
[2023-08-03T16:47:32.266+0000] {processor.py:826} INFO - Processing file /home/airflow/.local/lib/python3.7/site-packages/airflow/example_dags/example_bash_operator.py for tasks to queue
[2023-08-03T16:47:32.267+0000] {logging_mixin.py:149} INFO - [2023-08-03T16:47:32.267+0000] {dagbag.py:541} INFO - Filling up the DagBag from /home/airflow/.local/lib/python3.7/site-packages/airflow/example_dags/example_bash_operator.py
[2023-08-03T16:47:32.278+0000] {processor.py:836} INFO - DAG(s) dict_keys(['example_bash_operator']) retrieved from /home/airflow/.local/lib/python3.7/site-packages/airflow/example_dags/example_bash_operator.py
[2023-08-03T16:47:32.303+0000] {logging_mixin.py:149} INFO - [2023-08-03T16:47:32.303+0000] {dag.py:2726} INFO - Sync 1 DAGs
[2023-08-03T16:47:32.321+0000] {logging_mixin.py:149} INFO - [2023-08-03T16:47:32.321+0000] {dag.py:3490} INFO - Setting next_dagrun for example_bash_operator to 2023-08-02T00:00:00+00:00, run_after=2023-08-03T00:00:00+00:00
[2023-08-03T16:47:32.333+0000] {processor.py:179} INFO - Processing /home/airflow/.local/lib/python3.7/site-packages/airflow/example_dags/example_bash_operator.py took 0.071 seconds
[2023-08-03T19:34:06.787+0000] {processor.py:157} INFO - Started process (PID=11206) to work on /home/airflow/.local/lib/python3.7/site-packages/airflow/example_dags/example_bash_operator.py
[2023-08-03T19:34:06.788+0000] {processor.py:826} INFO - Processing file /home/airflow/.local/lib/python3.7/site-packages/airflow/example_dags/example_bash_operator.py for tasks to queue
[2023-08-03T19:34:06.789+0000] {logging_mixin.py:149} INFO - [2023-08-03T19:34:06.789+0000] {dagbag.py:541} INFO - Filling up the DagBag from /home/airflow/.local/lib/python3.7/site-packages/airflow/example_dags/example_bash_operator.py
[2023-08-03T19:34:06.799+0000] {processor.py:836} INFO - DAG(s) dict_keys(['example_bash_operator']) retrieved from /home/airflow/.local/lib/python3.7/site-packages/airflow/example_dags/example_bash_operator.py
[2023-08-03T19:34:06.824+0000] {logging_mixin.py:149} INFO - [2023-08-03T19:34:06.824+0000] {dag.py:2726} INFO - Sync 1 DAGs
[2023-08-03T19:34:06.840+0000] {logging_mixin.py:149} INFO - [2023-08-03T19:34:06.840+0000] {dag.py:3490} INFO - Setting next_dagrun for example_bash_operator to 2023-08-02T00:00:00+00:00, run_after=2023-08-03T00:00:00+00:00
[2023-08-03T19:34:06.856+0000] {processor.py:179} INFO - Processing /home/airflow/.local/lib/python3.7/site-packages/airflow/example_dags/example_bash_operator.py took 0.072 seconds
[2023-08-03T19:55:27.020+0000] {processor.py:157} INFO - Started process (PID=11272) to work on /home/airflow/.local/lib/python3.7/site-packages/airflow/example_dags/example_bash_operator.py
[2023-08-03T19:55:27.021+0000] {processor.py:826} INFO - Processing file /home/airflow/.local/lib/python3.7/site-packages/airflow/example_dags/example_bash_operator.py for tasks to queue
[2023-08-03T19:55:27.022+0000] {logging_mixin.py:149} INFO - [2023-08-03T19:55:27.022+0000] {dagbag.py:541} INFO - Filling up the DagBag from /home/airflow/.local/lib/python3.7/site-packages/airflow/example_dags/example_bash_operator.py
[2023-08-03T19:55:27.033+0000] {processor.py:836} INFO - DAG(s) dict_keys(['example_bash_operator']) retrieved from /home/airflow/.local/lib/python3.7/site-packages/airflow/example_dags/example_bash_operator.py
[2023-08-03T19:55:27.056+0000] {logging_mixin.py:149} INFO - [2023-08-03T19:55:27.056+0000] {dag.py:2726} INFO - Sync 1 DAGs
[2023-08-03T19:55:27.074+0000] {logging_mixin.py:149} INFO - [2023-08-03T19:55:27.074+0000] {dag.py:3490} INFO - Setting next_dagrun for example_bash_operator to 2023-08-02T00:00:00+00:00, run_after=2023-08-03T00:00:00+00:00
[2023-08-03T19:55:27.089+0000] {processor.py:179} INFO - Processing /home/airflow/.local/lib/python3.7/site-packages/airflow/example_dags/example_bash_operator.py took 0.072 seconds
[2023-08-03T22:30:44.341+0000] {processor.py:157} INFO - Started process (PID=11338) to work on /home/airflow/.local/lib/python3.7/site-packages/airflow/example_dags/example_bash_operator.py
[2023-08-03T22:30:44.342+0000] {processor.py:826} INFO - Processing file /home/airflow/.local/lib/python3.7/site-packages/airflow/example_dags/example_bash_operator.py for tasks to queue
[2023-08-03T22:30:44.343+0000] {logging_mixin.py:149} INFO - [2023-08-03T22:30:44.343+0000] {dagbag.py:541} INFO - Filling up the DagBag from /home/airflow/.local/lib/python3.7/site-packages/airflow/example_dags/example_bash_operator.py
[2023-08-03T22:30:44.355+0000] {processor.py:836} INFO - DAG(s) dict_keys(['example_bash_operator']) retrieved from /home/airflow/.local/lib/python3.7/site-packages/airflow/example_dags/example_bash_operator.py
[2023-08-03T22:30:44.385+0000] {logging_mixin.py:149} INFO - [2023-08-03T22:30:44.385+0000] {dag.py:2726} INFO - Sync 1 DAGs
[2023-08-03T22:30:44.401+0000] {logging_mixin.py:149} INFO - [2023-08-03T22:30:44.401+0000] {dag.py:3490} INFO - Setting next_dagrun for example_bash_operator to 2023-08-02T00:00:00+00:00, run_after=2023-08-03T00:00:00+00:00
[2023-08-03T22:30:44.418+0000] {processor.py:179} INFO - Processing /home/airflow/.local/lib/python3.7/site-packages/airflow/example_dags/example_bash_operator.py took 0.080 seconds
