[2023-08-03T02:37:38.980+0000] {processor.py:157} INFO - Started process (PID=10552) to work on /home/airflow/.local/lib/python3.7/site-packages/airflow/example_dags/example_sensor_decorator.py
[2023-08-03T02:37:38.981+0000] {processor.py:826} INFO - Processing file /home/airflow/.local/lib/python3.7/site-packages/airflow/example_dags/example_sensor_decorator.py for tasks to queue
[2023-08-03T02:37:38.982+0000] {logging_mixin.py:149} INFO - [2023-08-03T02:37:38.982+0000] {dagbag.py:541} INFO - Filling up the DagBag from /home/airflow/.local/lib/python3.7/site-packages/airflow/example_dags/example_sensor_decorator.py
[2023-08-03T02:37:38.987+0000] {processor.py:836} INFO - DAG(s) dict_keys(['example_sensor_decorator']) retrieved from /home/airflow/.local/lib/python3.7/site-packages/airflow/example_dags/example_sensor_decorator.py
[2023-08-03T02:37:39.009+0000] {logging_mixin.py:149} INFO - [2023-08-03T02:37:39.008+0000] {dag.py:2726} INFO - Sync 1 DAGs
[2023-08-03T02:37:39.026+0000] {logging_mixin.py:149} INFO - [2023-08-03T02:37:39.026+0000] {dag.py:3490} INFO - Setting next_dagrun for example_sensor_decorator to None, run_after=None
[2023-08-03T02:37:39.037+0000] {processor.py:179} INFO - Processing /home/airflow/.local/lib/python3.7/site-packages/airflow/example_dags/example_sensor_decorator.py took 0.060 seconds
[2023-08-03T06:43:44.370+0000] {processor.py:157} INFO - Started process (PID=10618) to work on /home/airflow/.local/lib/python3.7/site-packages/airflow/example_dags/example_sensor_decorator.py
[2023-08-03T06:43:44.371+0000] {processor.py:826} INFO - Processing file /home/airflow/.local/lib/python3.7/site-packages/airflow/example_dags/example_sensor_decorator.py for tasks to queue
[2023-08-03T06:43:44.372+0000] {logging_mixin.py:149} INFO - [2023-08-03T06:43:44.372+0000] {dagbag.py:541} INFO - Filling up the DagBag from /home/airflow/.local/lib/python3.7/site-packages/airflow/example_dags/example_sensor_decorator.py
[2023-08-03T06:43:44.377+0000] {processor.py:836} INFO - DAG(s) dict_keys(['example_sensor_decorator']) retrieved from /home/airflow/.local/lib/python3.7/site-packages/airflow/example_dags/example_sensor_decorator.py
[2023-08-03T06:43:44.398+0000] {logging_mixin.py:149} INFO - [2023-08-03T06:43:44.398+0000] {dag.py:2726} INFO - Sync 1 DAGs
[2023-08-03T06:43:44.418+0000] {logging_mixin.py:149} INFO - [2023-08-03T06:43:44.418+0000] {dag.py:3490} INFO - Setting next_dagrun for example_sensor_decorator to None, run_after=None
[2023-08-03T06:43:44.431+0000] {processor.py:179} INFO - Processing /home/airflow/.local/lib/python3.7/site-packages/airflow/example_dags/example_sensor_decorator.py took 0.064 seconds
[2023-08-03T06:45:51.502+0000] {processor.py:157} INFO - Started process (PID=10684) to work on /home/airflow/.local/lib/python3.7/site-packages/airflow/example_dags/example_sensor_decorator.py
[2023-08-03T06:45:51.503+0000] {processor.py:826} INFO - Processing file /home/airflow/.local/lib/python3.7/site-packages/airflow/example_dags/example_sensor_decorator.py for tasks to queue
[2023-08-03T06:45:51.504+0000] {logging_mixin.py:149} INFO - [2023-08-03T06:45:51.504+0000] {dagbag.py:541} INFO - Filling up the DagBag from /home/airflow/.local/lib/python3.7/site-packages/airflow/example_dags/example_sensor_decorator.py
[2023-08-03T06:45:51.509+0000] {processor.py:836} INFO - DAG(s) dict_keys(['example_sensor_decorator']) retrieved from /home/airflow/.local/lib/python3.7/site-packages/airflow/example_dags/example_sensor_decorator.py
[2023-08-03T06:45:51.529+0000] {logging_mixin.py:149} INFO - [2023-08-03T06:45:51.529+0000] {dag.py:2726} INFO - Sync 1 DAGs
[2023-08-03T06:45:51.548+0000] {logging_mixin.py:149} INFO - [2023-08-03T06:45:51.548+0000] {dag.py:3490} INFO - Setting next_dagrun for example_sensor_decorator to None, run_after=None
[2023-08-03T06:45:51.559+0000] {processor.py:179} INFO - Processing /home/airflow/.local/lib/python3.7/site-packages/airflow/example_dags/example_sensor_decorator.py took 0.060 seconds
[2023-08-03T07:10:33.923+0000] {processor.py:157} INFO - Started process (PID=10749) to work on /home/airflow/.local/lib/python3.7/site-packages/airflow/example_dags/example_sensor_decorator.py
[2023-08-03T07:10:33.925+0000] {processor.py:826} INFO - Processing file /home/airflow/.local/lib/python3.7/site-packages/airflow/example_dags/example_sensor_decorator.py for tasks to queue
[2023-08-03T07:10:33.925+0000] {logging_mixin.py:149} INFO - [2023-08-03T07:10:33.925+0000] {dagbag.py:541} INFO - Filling up the DagBag from /home/airflow/.local/lib/python3.7/site-packages/airflow/example_dags/example_sensor_decorator.py
[2023-08-03T07:10:33.930+0000] {processor.py:836} INFO - DAG(s) dict_keys(['example_sensor_decorator']) retrieved from /home/airflow/.local/lib/python3.7/site-packages/airflow/example_dags/example_sensor_decorator.py
[2023-08-03T07:10:33.951+0000] {logging_mixin.py:149} INFO - [2023-08-03T07:10:33.951+0000] {dag.py:2726} INFO - Sync 1 DAGs
[2023-08-03T07:10:33.970+0000] {logging_mixin.py:149} INFO - [2023-08-03T07:10:33.970+0000] {dag.py:3490} INFO - Setting next_dagrun for example_sensor_decorator to None, run_after=None
[2023-08-03T07:10:33.980+0000] {processor.py:179} INFO - Processing /home/airflow/.local/lib/python3.7/site-packages/airflow/example_dags/example_sensor_decorator.py took 0.060 seconds
[2023-08-03T10:36:00.539+0000] {processor.py:157} INFO - Started process (PID=10815) to work on /home/airflow/.local/lib/python3.7/site-packages/airflow/example_dags/example_sensor_decorator.py
[2023-08-03T10:36:00.540+0000] {processor.py:826} INFO - Processing file /home/airflow/.local/lib/python3.7/site-packages/airflow/example_dags/example_sensor_decorator.py for tasks to queue
[2023-08-03T10:36:00.540+0000] {logging_mixin.py:149} INFO - [2023-08-03T10:36:00.540+0000] {dagbag.py:541} INFO - Filling up the DagBag from /home/airflow/.local/lib/python3.7/site-packages/airflow/example_dags/example_sensor_decorator.py
[2023-08-03T10:36:00.546+0000] {processor.py:836} INFO - DAG(s) dict_keys(['example_sensor_decorator']) retrieved from /home/airflow/.local/lib/python3.7/site-packages/airflow/example_dags/example_sensor_decorator.py
[2023-08-03T10:36:00.574+0000] {logging_mixin.py:149} INFO - [2023-08-03T10:36:00.574+0000] {dag.py:2726} INFO - Sync 1 DAGs
[2023-08-03T10:36:00.590+0000] {logging_mixin.py:149} INFO - [2023-08-03T10:36:00.590+0000] {dag.py:3490} INFO - Setting next_dagrun for example_sensor_decorator to None, run_after=None
[2023-08-03T10:36:00.602+0000] {processor.py:179} INFO - Processing /home/airflow/.local/lib/python3.7/site-packages/airflow/example_dags/example_sensor_decorator.py took 0.066 seconds
[2023-08-03T12:09:53.065+0000] {processor.py:157} INFO - Started process (PID=10881) to work on /home/airflow/.local/lib/python3.7/site-packages/airflow/example_dags/example_sensor_decorator.py
[2023-08-03T12:09:53.066+0000] {processor.py:826} INFO - Processing file /home/airflow/.local/lib/python3.7/site-packages/airflow/example_dags/example_sensor_decorator.py for tasks to queue
[2023-08-03T12:09:53.067+0000] {logging_mixin.py:149} INFO - [2023-08-03T12:09:53.067+0000] {dagbag.py:541} INFO - Filling up the DagBag from /home/airflow/.local/lib/python3.7/site-packages/airflow/example_dags/example_sensor_decorator.py
[2023-08-03T12:09:53.073+0000] {processor.py:836} INFO - DAG(s) dict_keys(['example_sensor_decorator']) retrieved from /home/airflow/.local/lib/python3.7/site-packages/airflow/example_dags/example_sensor_decorator.py
[2023-08-03T12:09:53.112+0000] {logging_mixin.py:149} INFO - [2023-08-03T12:09:53.112+0000] {dag.py:2726} INFO - Sync 1 DAGs
[2023-08-03T12:09:53.128+0000] {logging_mixin.py:149} INFO - [2023-08-03T12:09:53.128+0000] {dag.py:3490} INFO - Setting next_dagrun for example_sensor_decorator to None, run_after=None
[2023-08-03T12:09:53.140+0000] {processor.py:179} INFO - Processing /home/airflow/.local/lib/python3.7/site-packages/airflow/example_dags/example_sensor_decorator.py took 0.078 seconds
[2023-08-03T14:17:37.481+0000] {processor.py:157} INFO - Started process (PID=10946) to work on /home/airflow/.local/lib/python3.7/site-packages/airflow/example_dags/example_sensor_decorator.py
[2023-08-03T14:17:37.483+0000] {processor.py:826} INFO - Processing file /home/airflow/.local/lib/python3.7/site-packages/airflow/example_dags/example_sensor_decorator.py for tasks to queue
[2023-08-03T14:17:37.484+0000] {logging_mixin.py:149} INFO - [2023-08-03T14:17:37.484+0000] {dagbag.py:541} INFO - Filling up the DagBag from /home/airflow/.local/lib/python3.7/site-packages/airflow/example_dags/example_sensor_decorator.py
[2023-08-03T14:17:37.489+0000] {processor.py:836} INFO - DAG(s) dict_keys(['example_sensor_decorator']) retrieved from /home/airflow/.local/lib/python3.7/site-packages/airflow/example_dags/example_sensor_decorator.py
[2023-08-03T14:17:37.521+0000] {logging_mixin.py:149} INFO - [2023-08-03T14:17:37.521+0000] {dag.py:2726} INFO - Sync 1 DAGs
[2023-08-03T14:17:37.539+0000] {logging_mixin.py:149} INFO - [2023-08-03T14:17:37.538+0000] {dag.py:3490} INFO - Setting next_dagrun for example_sensor_decorator to None, run_after=None
[2023-08-03T14:17:37.551+0000] {processor.py:179} INFO - Processing /home/airflow/.local/lib/python3.7/site-packages/airflow/example_dags/example_sensor_decorator.py took 0.073 seconds
[2023-08-03T16:17:43.702+0000] {processor.py:157} INFO - Started process (PID=11012) to work on /home/airflow/.local/lib/python3.7/site-packages/airflow/example_dags/example_sensor_decorator.py
[2023-08-03T16:17:43.705+0000] {processor.py:826} INFO - Processing file /home/airflow/.local/lib/python3.7/site-packages/airflow/example_dags/example_sensor_decorator.py for tasks to queue
[2023-08-03T16:17:43.706+0000] {logging_mixin.py:149} INFO - [2023-08-03T16:17:43.706+0000] {dagbag.py:541} INFO - Filling up the DagBag from /home/airflow/.local/lib/python3.7/site-packages/airflow/example_dags/example_sensor_decorator.py
[2023-08-03T16:17:43.710+0000] {processor.py:836} INFO - DAG(s) dict_keys(['example_sensor_decorator']) retrieved from /home/airflow/.local/lib/python3.7/site-packages/airflow/example_dags/example_sensor_decorator.py
[2023-08-03T16:17:43.733+0000] {logging_mixin.py:149} INFO - [2023-08-03T16:17:43.733+0000] {dag.py:2726} INFO - Sync 1 DAGs
[2023-08-03T16:17:43.752+0000] {logging_mixin.py:149} INFO - [2023-08-03T16:17:43.752+0000] {dag.py:3490} INFO - Setting next_dagrun for example_sensor_decorator to None, run_after=None
[2023-08-03T16:17:43.764+0000] {processor.py:179} INFO - Processing /home/airflow/.local/lib/python3.7/site-packages/airflow/example_dags/example_sensor_decorator.py took 0.068 seconds
[2023-08-03T16:30:05.000+0000] {processor.py:157} INFO - Started process (PID=11077) to work on /home/airflow/.local/lib/python3.7/site-packages/airflow/example_dags/example_sensor_decorator.py
[2023-08-03T16:30:05.001+0000] {processor.py:826} INFO - Processing file /home/airflow/.local/lib/python3.7/site-packages/airflow/example_dags/example_sensor_decorator.py for tasks to queue
[2023-08-03T16:30:05.002+0000] {logging_mixin.py:149} INFO - [2023-08-03T16:30:05.002+0000] {dagbag.py:541} INFO - Filling up the DagBag from /home/airflow/.local/lib/python3.7/site-packages/airflow/example_dags/example_sensor_decorator.py
[2023-08-03T16:30:05.008+0000] {processor.py:836} INFO - DAG(s) dict_keys(['example_sensor_decorator']) retrieved from /home/airflow/.local/lib/python3.7/site-packages/airflow/example_dags/example_sensor_decorator.py
[2023-08-03T16:30:05.031+0000] {logging_mixin.py:149} INFO - [2023-08-03T16:30:05.031+0000] {dag.py:2726} INFO - Sync 1 DAGs
[2023-08-03T16:30:05.052+0000] {logging_mixin.py:149} INFO - [2023-08-03T16:30:05.052+0000] {dag.py:3490} INFO - Setting next_dagrun for example_sensor_decorator to None, run_after=None
[2023-08-03T16:30:05.063+0000] {processor.py:179} INFO - Processing /home/airflow/.local/lib/python3.7/site-packages/airflow/example_dags/example_sensor_decorator.py took 0.066 seconds
[2023-08-03T16:47:32.386+0000] {processor.py:157} INFO - Started process (PID=11142) to work on /home/airflow/.local/lib/python3.7/site-packages/airflow/example_dags/example_sensor_decorator.py
[2023-08-03T16:47:32.388+0000] {processor.py:826} INFO - Processing file /home/airflow/.local/lib/python3.7/site-packages/airflow/example_dags/example_sensor_decorator.py for tasks to queue
[2023-08-03T16:47:32.389+0000] {logging_mixin.py:149} INFO - [2023-08-03T16:47:32.389+0000] {dagbag.py:541} INFO - Filling up the DagBag from /home/airflow/.local/lib/python3.7/site-packages/airflow/example_dags/example_sensor_decorator.py
[2023-08-03T16:47:32.394+0000] {processor.py:836} INFO - DAG(s) dict_keys(['example_sensor_decorator']) retrieved from /home/airflow/.local/lib/python3.7/site-packages/airflow/example_dags/example_sensor_decorator.py
[2023-08-03T16:47:32.429+0000] {logging_mixin.py:149} INFO - [2023-08-03T16:47:32.429+0000] {dag.py:2726} INFO - Sync 1 DAGs
[2023-08-03T16:47:32.455+0000] {logging_mixin.py:149} INFO - [2023-08-03T16:47:32.455+0000] {dag.py:3490} INFO - Setting next_dagrun for example_sensor_decorator to None, run_after=None
[2023-08-03T16:47:32.467+0000] {processor.py:179} INFO - Processing /home/airflow/.local/lib/python3.7/site-packages/airflow/example_dags/example_sensor_decorator.py took 0.088 seconds
[2023-08-03T19:34:06.933+0000] {processor.py:157} INFO - Started process (PID=11208) to work on /home/airflow/.local/lib/python3.7/site-packages/airflow/example_dags/example_sensor_decorator.py
[2023-08-03T19:34:06.934+0000] {processor.py:826} INFO - Processing file /home/airflow/.local/lib/python3.7/site-packages/airflow/example_dags/example_sensor_decorator.py for tasks to queue
[2023-08-03T19:34:06.935+0000] {logging_mixin.py:149} INFO - [2023-08-03T19:34:06.935+0000] {dagbag.py:541} INFO - Filling up the DagBag from /home/airflow/.local/lib/python3.7/site-packages/airflow/example_dags/example_sensor_decorator.py
[2023-08-03T19:34:06.941+0000] {processor.py:836} INFO - DAG(s) dict_keys(['example_sensor_decorator']) retrieved from /home/airflow/.local/lib/python3.7/site-packages/airflow/example_dags/example_sensor_decorator.py
[2023-08-03T19:34:06.961+0000] {logging_mixin.py:149} INFO - [2023-08-03T19:34:06.961+0000] {dag.py:2726} INFO - Sync 1 DAGs
[2023-08-03T19:34:06.978+0000] {logging_mixin.py:149} INFO - [2023-08-03T19:34:06.978+0000] {dag.py:3490} INFO - Setting next_dagrun for example_sensor_decorator to None, run_after=None
[2023-08-03T19:34:06.989+0000] {processor.py:179} INFO - Processing /home/airflow/.local/lib/python3.7/site-packages/airflow/example_dags/example_sensor_decorator.py took 0.059 seconds
[2023-08-03T19:55:27.169+0000] {processor.py:157} INFO - Started process (PID=11274) to work on /home/airflow/.local/lib/python3.7/site-packages/airflow/example_dags/example_sensor_decorator.py
[2023-08-03T19:55:27.171+0000] {processor.py:826} INFO - Processing file /home/airflow/.local/lib/python3.7/site-packages/airflow/example_dags/example_sensor_decorator.py for tasks to queue
[2023-08-03T19:55:27.171+0000] {logging_mixin.py:149} INFO - [2023-08-03T19:55:27.171+0000] {dagbag.py:541} INFO - Filling up the DagBag from /home/airflow/.local/lib/python3.7/site-packages/airflow/example_dags/example_sensor_decorator.py
[2023-08-03T19:55:27.177+0000] {processor.py:836} INFO - DAG(s) dict_keys(['example_sensor_decorator']) retrieved from /home/airflow/.local/lib/python3.7/site-packages/airflow/example_dags/example_sensor_decorator.py
[2023-08-03T19:55:27.198+0000] {logging_mixin.py:149} INFO - [2023-08-03T19:55:27.198+0000] {dag.py:2726} INFO - Sync 1 DAGs
[2023-08-03T19:55:27.215+0000] {logging_mixin.py:149} INFO - [2023-08-03T19:55:27.215+0000] {dag.py:3490} INFO - Setting next_dagrun for example_sensor_decorator to None, run_after=None
[2023-08-03T19:55:27.230+0000] {processor.py:179} INFO - Processing /home/airflow/.local/lib/python3.7/site-packages/airflow/example_dags/example_sensor_decorator.py took 0.063 seconds
[2023-08-03T22:30:44.465+0000] {processor.py:157} INFO - Started process (PID=11340) to work on /home/airflow/.local/lib/python3.7/site-packages/airflow/example_dags/example_sensor_decorator.py
[2023-08-03T22:30:44.466+0000] {processor.py:826} INFO - Processing file /home/airflow/.local/lib/python3.7/site-packages/airflow/example_dags/example_sensor_decorator.py for tasks to queue
[2023-08-03T22:30:44.467+0000] {logging_mixin.py:149} INFO - [2023-08-03T22:30:44.467+0000] {dagbag.py:541} INFO - Filling up the DagBag from /home/airflow/.local/lib/python3.7/site-packages/airflow/example_dags/example_sensor_decorator.py
[2023-08-03T22:30:44.472+0000] {processor.py:836} INFO - DAG(s) dict_keys(['example_sensor_decorator']) retrieved from /home/airflow/.local/lib/python3.7/site-packages/airflow/example_dags/example_sensor_decorator.py
[2023-08-03T22:30:44.495+0000] {logging_mixin.py:149} INFO - [2023-08-03T22:30:44.495+0000] {dag.py:2726} INFO - Sync 1 DAGs
[2023-08-03T22:30:44.510+0000] {logging_mixin.py:149} INFO - [2023-08-03T22:30:44.510+0000] {dag.py:3490} INFO - Setting next_dagrun for example_sensor_decorator to None, run_after=None
[2023-08-03T22:30:44.522+0000] {processor.py:179} INFO - Processing /home/airflow/.local/lib/python3.7/site-packages/airflow/example_dags/example_sensor_decorator.py took 0.061 seconds
