[2023-08-03T02:37:37.986+0000] {processor.py:157} INFO - Started process (PID=10536) to work on /home/airflow/.local/lib/python3.7/site-packages/airflow/example_dags/example_complex.py
[2023-08-03T02:37:37.987+0000] {processor.py:826} INFO - Processing file /home/airflow/.local/lib/python3.7/site-packages/airflow/example_dags/example_complex.py for tasks to queue
[2023-08-03T02:37:37.987+0000] {logging_mixin.py:149} INFO - [2023-08-03T02:37:37.987+0000] {dagbag.py:541} INFO - Filling up the DagBag from /home/airflow/.local/lib/python3.7/site-packages/airflow/example_dags/example_complex.py
[2023-08-03T02:37:37.995+0000] {logging_mixin.py:149} INFO - [2023-08-03T02:37:37.995+0000] {taskmixin.py:211} WARNING - Dependency <Task(BashOperator): create_entry_group>, delete_entry_group already registered for DAG: example_complex
[2023-08-03T02:37:37.996+0000] {logging_mixin.py:149} INFO - [2023-08-03T02:37:37.996+0000] {taskmixin.py:211} WARNING - Dependency <Task(BashOperator): delete_entry_group>, create_entry_group already registered for DAG: example_complex
[2023-08-03T02:37:37.996+0000] {logging_mixin.py:149} INFO - [2023-08-03T02:37:37.996+0000] {taskmixin.py:211} WARNING - Dependency <Task(BashOperator): create_entry_gcs>, delete_entry already registered for DAG: example_complex
[2023-08-03T02:37:37.997+0000] {logging_mixin.py:149} INFO - [2023-08-03T02:37:37.997+0000] {taskmixin.py:211} WARNING - Dependency <Task(BashOperator): delete_entry>, create_entry_gcs already registered for DAG: example_complex
[2023-08-03T02:37:37.997+0000] {logging_mixin.py:149} INFO - [2023-08-03T02:37:37.997+0000] {taskmixin.py:211} WARNING - Dependency <Task(BashOperator): create_tag>, delete_tag already registered for DAG: example_complex
[2023-08-03T02:37:37.997+0000] {logging_mixin.py:149} INFO - [2023-08-03T02:37:37.997+0000] {taskmixin.py:211} WARNING - Dependency <Task(BashOperator): delete_tag>, create_tag already registered for DAG: example_complex
[2023-08-03T02:37:37.999+0000] {processor.py:836} INFO - DAG(s) dict_keys(['example_complex']) retrieved from /home/airflow/.local/lib/python3.7/site-packages/airflow/example_dags/example_complex.py
[2023-08-03T02:37:38.028+0000] {logging_mixin.py:149} INFO - [2023-08-03T02:37:38.028+0000] {dag.py:2726} INFO - Sync 1 DAGs
[2023-08-03T02:37:38.046+0000] {logging_mixin.py:149} INFO - [2023-08-03T02:37:38.046+0000] {dag.py:3490} INFO - Setting next_dagrun for example_complex to None, run_after=None
[2023-08-03T02:37:38.058+0000] {processor.py:179} INFO - Processing /home/airflow/.local/lib/python3.7/site-packages/airflow/example_dags/example_complex.py took 0.075 seconds
[2023-08-03T06:43:42.665+0000] {processor.py:157} INFO - Started process (PID=10602) to work on /home/airflow/.local/lib/python3.7/site-packages/airflow/example_dags/example_complex.py
[2023-08-03T06:43:42.667+0000] {processor.py:826} INFO - Processing file /home/airflow/.local/lib/python3.7/site-packages/airflow/example_dags/example_complex.py for tasks to queue
[2023-08-03T06:43:42.668+0000] {logging_mixin.py:149} INFO - [2023-08-03T06:43:42.668+0000] {dagbag.py:541} INFO - Filling up the DagBag from /home/airflow/.local/lib/python3.7/site-packages/airflow/example_dags/example_complex.py
[2023-08-03T06:43:42.681+0000] {logging_mixin.py:149} INFO - [2023-08-03T06:43:42.681+0000] {taskmixin.py:211} WARNING - Dependency <Task(BashOperator): create_entry_group>, delete_entry_group already registered for DAG: example_complex
[2023-08-03T06:43:42.683+0000] {logging_mixin.py:149} INFO - [2023-08-03T06:43:42.682+0000] {taskmixin.py:211} WARNING - Dependency <Task(BashOperator): delete_entry_group>, create_entry_group already registered for DAG: example_complex
[2023-08-03T06:43:42.684+0000] {logging_mixin.py:149} INFO - [2023-08-03T06:43:42.684+0000] {taskmixin.py:211} WARNING - Dependency <Task(BashOperator): create_entry_gcs>, delete_entry already registered for DAG: example_complex
[2023-08-03T06:43:42.685+0000] {logging_mixin.py:149} INFO - [2023-08-03T06:43:42.685+0000] {taskmixin.py:211} WARNING - Dependency <Task(BashOperator): delete_entry>, create_entry_gcs already registered for DAG: example_complex
[2023-08-03T06:43:42.686+0000] {logging_mixin.py:149} INFO - [2023-08-03T06:43:42.686+0000] {taskmixin.py:211} WARNING - Dependency <Task(BashOperator): create_tag>, delete_tag already registered for DAG: example_complex
[2023-08-03T06:43:42.686+0000] {logging_mixin.py:149} INFO - [2023-08-03T06:43:42.686+0000] {taskmixin.py:211} WARNING - Dependency <Task(BashOperator): delete_tag>, create_tag already registered for DAG: example_complex
[2023-08-03T06:43:42.690+0000] {processor.py:836} INFO - DAG(s) dict_keys(['example_complex']) retrieved from /home/airflow/.local/lib/python3.7/site-packages/airflow/example_dags/example_complex.py
[2023-08-03T06:43:42.758+0000] {logging_mixin.py:149} INFO - [2023-08-03T06:43:42.758+0000] {dag.py:2726} INFO - Sync 1 DAGs
[2023-08-03T06:43:42.793+0000] {logging_mixin.py:149} INFO - [2023-08-03T06:43:42.793+0000] {dag.py:3490} INFO - Setting next_dagrun for example_complex to None, run_after=None
[2023-08-03T06:43:42.808+0000] {processor.py:179} INFO - Processing /home/airflow/.local/lib/python3.7/site-packages/airflow/example_dags/example_complex.py took 0.150 seconds
[2023-08-03T06:45:50.061+0000] {processor.py:157} INFO - Started process (PID=10668) to work on /home/airflow/.local/lib/python3.7/site-packages/airflow/example_dags/example_complex.py
[2023-08-03T06:45:50.063+0000] {processor.py:826} INFO - Processing file /home/airflow/.local/lib/python3.7/site-packages/airflow/example_dags/example_complex.py for tasks to queue
[2023-08-03T06:45:50.064+0000] {logging_mixin.py:149} INFO - [2023-08-03T06:45:50.064+0000] {dagbag.py:541} INFO - Filling up the DagBag from /home/airflow/.local/lib/python3.7/site-packages/airflow/example_dags/example_complex.py
[2023-08-03T06:45:50.072+0000] {logging_mixin.py:149} INFO - [2023-08-03T06:45:50.072+0000] {taskmixin.py:211} WARNING - Dependency <Task(BashOperator): create_entry_group>, delete_entry_group already registered for DAG: example_complex
[2023-08-03T06:45:50.072+0000] {logging_mixin.py:149} INFO - [2023-08-03T06:45:50.072+0000] {taskmixin.py:211} WARNING - Dependency <Task(BashOperator): delete_entry_group>, create_entry_group already registered for DAG: example_complex
[2023-08-03T06:45:50.073+0000] {logging_mixin.py:149} INFO - [2023-08-03T06:45:50.073+0000] {taskmixin.py:211} WARNING - Dependency <Task(BashOperator): create_entry_gcs>, delete_entry already registered for DAG: example_complex
[2023-08-03T06:45:50.073+0000] {logging_mixin.py:149} INFO - [2023-08-03T06:45:50.073+0000] {taskmixin.py:211} WARNING - Dependency <Task(BashOperator): delete_entry>, create_entry_gcs already registered for DAG: example_complex
[2023-08-03T06:45:50.074+0000] {logging_mixin.py:149} INFO - [2023-08-03T06:45:50.074+0000] {taskmixin.py:211} WARNING - Dependency <Task(BashOperator): create_tag>, delete_tag already registered for DAG: example_complex
[2023-08-03T06:45:50.074+0000] {logging_mixin.py:149} INFO - [2023-08-03T06:45:50.074+0000] {taskmixin.py:211} WARNING - Dependency <Task(BashOperator): delete_tag>, create_tag already registered for DAG: example_complex
[2023-08-03T06:45:50.075+0000] {processor.py:836} INFO - DAG(s) dict_keys(['example_complex']) retrieved from /home/airflow/.local/lib/python3.7/site-packages/airflow/example_dags/example_complex.py
[2023-08-03T06:45:50.108+0000] {logging_mixin.py:149} INFO - [2023-08-03T06:45:50.108+0000] {dag.py:2726} INFO - Sync 1 DAGs
[2023-08-03T06:45:50.124+0000] {logging_mixin.py:149} INFO - [2023-08-03T06:45:50.124+0000] {dag.py:3490} INFO - Setting next_dagrun for example_complex to None, run_after=None
[2023-08-03T06:45:50.135+0000] {processor.py:179} INFO - Processing /home/airflow/.local/lib/python3.7/site-packages/airflow/example_dags/example_complex.py took 0.081 seconds
[2023-08-03T07:10:32.968+0000] {processor.py:157} INFO - Started process (PID=10733) to work on /home/airflow/.local/lib/python3.7/site-packages/airflow/example_dags/example_complex.py
[2023-08-03T07:10:32.970+0000] {processor.py:826} INFO - Processing file /home/airflow/.local/lib/python3.7/site-packages/airflow/example_dags/example_complex.py for tasks to queue
[2023-08-03T07:10:32.971+0000] {logging_mixin.py:149} INFO - [2023-08-03T07:10:32.971+0000] {dagbag.py:541} INFO - Filling up the DagBag from /home/airflow/.local/lib/python3.7/site-packages/airflow/example_dags/example_complex.py
[2023-08-03T07:10:32.979+0000] {logging_mixin.py:149} INFO - [2023-08-03T07:10:32.979+0000] {taskmixin.py:211} WARNING - Dependency <Task(BashOperator): create_entry_group>, delete_entry_group already registered for DAG: example_complex
[2023-08-03T07:10:32.979+0000] {logging_mixin.py:149} INFO - [2023-08-03T07:10:32.979+0000] {taskmixin.py:211} WARNING - Dependency <Task(BashOperator): delete_entry_group>, create_entry_group already registered for DAG: example_complex
[2023-08-03T07:10:32.980+0000] {logging_mixin.py:149} INFO - [2023-08-03T07:10:32.979+0000] {taskmixin.py:211} WARNING - Dependency <Task(BashOperator): create_entry_gcs>, delete_entry already registered for DAG: example_complex
[2023-08-03T07:10:32.980+0000] {logging_mixin.py:149} INFO - [2023-08-03T07:10:32.980+0000] {taskmixin.py:211} WARNING - Dependency <Task(BashOperator): delete_entry>, create_entry_gcs already registered for DAG: example_complex
[2023-08-03T07:10:32.980+0000] {logging_mixin.py:149} INFO - [2023-08-03T07:10:32.980+0000] {taskmixin.py:211} WARNING - Dependency <Task(BashOperator): create_tag>, delete_tag already registered for DAG: example_complex
[2023-08-03T07:10:32.980+0000] {logging_mixin.py:149} INFO - [2023-08-03T07:10:32.980+0000] {taskmixin.py:211} WARNING - Dependency <Task(BashOperator): delete_tag>, create_tag already registered for DAG: example_complex
[2023-08-03T07:10:32.981+0000] {processor.py:836} INFO - DAG(s) dict_keys(['example_complex']) retrieved from /home/airflow/.local/lib/python3.7/site-packages/airflow/example_dags/example_complex.py
[2023-08-03T07:10:33.012+0000] {logging_mixin.py:149} INFO - [2023-08-03T07:10:33.012+0000] {dag.py:2726} INFO - Sync 1 DAGs
[2023-08-03T07:10:33.036+0000] {logging_mixin.py:149} INFO - [2023-08-03T07:10:33.036+0000] {dag.py:3490} INFO - Setting next_dagrun for example_complex to None, run_after=None
[2023-08-03T07:10:33.048+0000] {processor.py:179} INFO - Processing /home/airflow/.local/lib/python3.7/site-packages/airflow/example_dags/example_complex.py took 0.087 seconds
[2023-08-03T10:35:59.625+0000] {processor.py:157} INFO - Started process (PID=10799) to work on /home/airflow/.local/lib/python3.7/site-packages/airflow/example_dags/example_complex.py
[2023-08-03T10:35:59.627+0000] {processor.py:826} INFO - Processing file /home/airflow/.local/lib/python3.7/site-packages/airflow/example_dags/example_complex.py for tasks to queue
[2023-08-03T10:35:59.628+0000] {logging_mixin.py:149} INFO - [2023-08-03T10:35:59.628+0000] {dagbag.py:541} INFO - Filling up the DagBag from /home/airflow/.local/lib/python3.7/site-packages/airflow/example_dags/example_complex.py
[2023-08-03T10:35:59.646+0000] {logging_mixin.py:149} INFO - [2023-08-03T10:35:59.645+0000] {taskmixin.py:211} WARNING - Dependency <Task(BashOperator): create_entry_group>, delete_entry_group already registered for DAG: example_complex
[2023-08-03T10:35:59.646+0000] {logging_mixin.py:149} INFO - [2023-08-03T10:35:59.646+0000] {taskmixin.py:211} WARNING - Dependency <Task(BashOperator): delete_entry_group>, create_entry_group already registered for DAG: example_complex
[2023-08-03T10:35:59.646+0000] {logging_mixin.py:149} INFO - [2023-08-03T10:35:59.646+0000] {taskmixin.py:211} WARNING - Dependency <Task(BashOperator): create_entry_gcs>, delete_entry already registered for DAG: example_complex
[2023-08-03T10:35:59.647+0000] {logging_mixin.py:149} INFO - [2023-08-03T10:35:59.647+0000] {taskmixin.py:211} WARNING - Dependency <Task(BashOperator): delete_entry>, create_entry_gcs already registered for DAG: example_complex
[2023-08-03T10:35:59.647+0000] {logging_mixin.py:149} INFO - [2023-08-03T10:35:59.647+0000] {taskmixin.py:211} WARNING - Dependency <Task(BashOperator): create_tag>, delete_tag already registered for DAG: example_complex
[2023-08-03T10:35:59.648+0000] {logging_mixin.py:149} INFO - [2023-08-03T10:35:59.648+0000] {taskmixin.py:211} WARNING - Dependency <Task(BashOperator): delete_tag>, create_tag already registered for DAG: example_complex
[2023-08-03T10:35:59.649+0000] {processor.py:836} INFO - DAG(s) dict_keys(['example_complex']) retrieved from /home/airflow/.local/lib/python3.7/site-packages/airflow/example_dags/example_complex.py
[2023-08-03T10:35:59.674+0000] {logging_mixin.py:149} INFO - [2023-08-03T10:35:59.674+0000] {dag.py:2726} INFO - Sync 1 DAGs
[2023-08-03T10:35:59.690+0000] {logging_mixin.py:149} INFO - [2023-08-03T10:35:59.690+0000] {dag.py:3490} INFO - Setting next_dagrun for example_complex to None, run_after=None
[2023-08-03T10:35:59.704+0000] {processor.py:179} INFO - Processing /home/airflow/.local/lib/python3.7/site-packages/airflow/example_dags/example_complex.py took 0.081 seconds
[2023-08-03T12:09:52.161+0000] {processor.py:157} INFO - Started process (PID=10865) to work on /home/airflow/.local/lib/python3.7/site-packages/airflow/example_dags/example_complex.py
[2023-08-03T12:09:52.162+0000] {processor.py:826} INFO - Processing file /home/airflow/.local/lib/python3.7/site-packages/airflow/example_dags/example_complex.py for tasks to queue
[2023-08-03T12:09:52.163+0000] {logging_mixin.py:149} INFO - [2023-08-03T12:09:52.163+0000] {dagbag.py:541} INFO - Filling up the DagBag from /home/airflow/.local/lib/python3.7/site-packages/airflow/example_dags/example_complex.py
[2023-08-03T12:09:52.171+0000] {logging_mixin.py:149} INFO - [2023-08-03T12:09:52.171+0000] {taskmixin.py:211} WARNING - Dependency <Task(BashOperator): create_entry_group>, delete_entry_group already registered for DAG: example_complex
[2023-08-03T12:09:52.171+0000] {logging_mixin.py:149} INFO - [2023-08-03T12:09:52.171+0000] {taskmixin.py:211} WARNING - Dependency <Task(BashOperator): delete_entry_group>, create_entry_group already registered for DAG: example_complex
[2023-08-03T12:09:52.172+0000] {logging_mixin.py:149} INFO - [2023-08-03T12:09:52.172+0000] {taskmixin.py:211} WARNING - Dependency <Task(BashOperator): create_entry_gcs>, delete_entry already registered for DAG: example_complex
[2023-08-03T12:09:52.172+0000] {logging_mixin.py:149} INFO - [2023-08-03T12:09:52.172+0000] {taskmixin.py:211} WARNING - Dependency <Task(BashOperator): delete_entry>, create_entry_gcs already registered for DAG: example_complex
[2023-08-03T12:09:52.184+0000] {logging_mixin.py:149} INFO - [2023-08-03T12:09:52.184+0000] {taskmixin.py:211} WARNING - Dependency <Task(BashOperator): create_tag>, delete_tag already registered for DAG: example_complex
[2023-08-03T12:09:52.185+0000] {logging_mixin.py:149} INFO - [2023-08-03T12:09:52.185+0000] {taskmixin.py:211} WARNING - Dependency <Task(BashOperator): delete_tag>, create_tag already registered for DAG: example_complex
[2023-08-03T12:09:52.187+0000] {processor.py:836} INFO - DAG(s) dict_keys(['example_complex']) retrieved from /home/airflow/.local/lib/python3.7/site-packages/airflow/example_dags/example_complex.py
[2023-08-03T12:09:52.218+0000] {logging_mixin.py:149} INFO - [2023-08-03T12:09:52.218+0000] {dag.py:2726} INFO - Sync 1 DAGs
[2023-08-03T12:09:52.234+0000] {logging_mixin.py:149} INFO - [2023-08-03T12:09:52.234+0000] {dag.py:3490} INFO - Setting next_dagrun for example_complex to None, run_after=None
[2023-08-03T12:09:52.252+0000] {processor.py:179} INFO - Processing /home/airflow/.local/lib/python3.7/site-packages/airflow/example_dags/example_complex.py took 0.094 seconds
[2023-08-03T14:17:36.457+0000] {processor.py:157} INFO - Started process (PID=10930) to work on /home/airflow/.local/lib/python3.7/site-packages/airflow/example_dags/example_complex.py
[2023-08-03T14:17:36.458+0000] {processor.py:826} INFO - Processing file /home/airflow/.local/lib/python3.7/site-packages/airflow/example_dags/example_complex.py for tasks to queue
[2023-08-03T14:17:36.459+0000] {logging_mixin.py:149} INFO - [2023-08-03T14:17:36.459+0000] {dagbag.py:541} INFO - Filling up the DagBag from /home/airflow/.local/lib/python3.7/site-packages/airflow/example_dags/example_complex.py
[2023-08-03T14:17:36.468+0000] {logging_mixin.py:149} INFO - [2023-08-03T14:17:36.468+0000] {taskmixin.py:211} WARNING - Dependency <Task(BashOperator): create_entry_group>, delete_entry_group already registered for DAG: example_complex
[2023-08-03T14:17:36.469+0000] {logging_mixin.py:149} INFO - [2023-08-03T14:17:36.469+0000] {taskmixin.py:211} WARNING - Dependency <Task(BashOperator): delete_entry_group>, create_entry_group already registered for DAG: example_complex
[2023-08-03T14:17:36.469+0000] {logging_mixin.py:149} INFO - [2023-08-03T14:17:36.469+0000] {taskmixin.py:211} WARNING - Dependency <Task(BashOperator): create_entry_gcs>, delete_entry already registered for DAG: example_complex
[2023-08-03T14:17:36.470+0000] {logging_mixin.py:149} INFO - [2023-08-03T14:17:36.470+0000] {taskmixin.py:211} WARNING - Dependency <Task(BashOperator): delete_entry>, create_entry_gcs already registered for DAG: example_complex
[2023-08-03T14:17:36.471+0000] {logging_mixin.py:149} INFO - [2023-08-03T14:17:36.470+0000] {taskmixin.py:211} WARNING - Dependency <Task(BashOperator): create_tag>, delete_tag already registered for DAG: example_complex
[2023-08-03T14:17:36.471+0000] {logging_mixin.py:149} INFO - [2023-08-03T14:17:36.471+0000] {taskmixin.py:211} WARNING - Dependency <Task(BashOperator): delete_tag>, create_tag already registered for DAG: example_complex
[2023-08-03T14:17:36.472+0000] {processor.py:836} INFO - DAG(s) dict_keys(['example_complex']) retrieved from /home/airflow/.local/lib/python3.7/site-packages/airflow/example_dags/example_complex.py
[2023-08-03T14:17:36.502+0000] {logging_mixin.py:149} INFO - [2023-08-03T14:17:36.502+0000] {dag.py:2726} INFO - Sync 1 DAGs
[2023-08-03T14:17:36.521+0000] {logging_mixin.py:149} INFO - [2023-08-03T14:17:36.521+0000] {dag.py:3490} INFO - Setting next_dagrun for example_complex to None, run_after=None
[2023-08-03T14:17:36.540+0000] {processor.py:179} INFO - Processing /home/airflow/.local/lib/python3.7/site-packages/airflow/example_dags/example_complex.py took 0.086 seconds
[2023-08-03T16:17:42.767+0000] {processor.py:157} INFO - Started process (PID=10996) to work on /home/airflow/.local/lib/python3.7/site-packages/airflow/example_dags/example_complex.py
[2023-08-03T16:17:42.768+0000] {processor.py:826} INFO - Processing file /home/airflow/.local/lib/python3.7/site-packages/airflow/example_dags/example_complex.py for tasks to queue
[2023-08-03T16:17:42.769+0000] {logging_mixin.py:149} INFO - [2023-08-03T16:17:42.769+0000] {dagbag.py:541} INFO - Filling up the DagBag from /home/airflow/.local/lib/python3.7/site-packages/airflow/example_dags/example_complex.py
[2023-08-03T16:17:42.776+0000] {logging_mixin.py:149} INFO - [2023-08-03T16:17:42.776+0000] {taskmixin.py:211} WARNING - Dependency <Task(BashOperator): create_entry_group>, delete_entry_group already registered for DAG: example_complex
[2023-08-03T16:17:42.776+0000] {logging_mixin.py:149} INFO - [2023-08-03T16:17:42.776+0000] {taskmixin.py:211} WARNING - Dependency <Task(BashOperator): delete_entry_group>, create_entry_group already registered for DAG: example_complex
[2023-08-03T16:17:42.776+0000] {logging_mixin.py:149} INFO - [2023-08-03T16:17:42.776+0000] {taskmixin.py:211} WARNING - Dependency <Task(BashOperator): create_entry_gcs>, delete_entry already registered for DAG: example_complex
[2023-08-03T16:17:42.777+0000] {logging_mixin.py:149} INFO - [2023-08-03T16:17:42.777+0000] {taskmixin.py:211} WARNING - Dependency <Task(BashOperator): delete_entry>, create_entry_gcs already registered for DAG: example_complex
[2023-08-03T16:17:42.777+0000] {logging_mixin.py:149} INFO - [2023-08-03T16:17:42.777+0000] {taskmixin.py:211} WARNING - Dependency <Task(BashOperator): create_tag>, delete_tag already registered for DAG: example_complex
[2023-08-03T16:17:42.777+0000] {logging_mixin.py:149} INFO - [2023-08-03T16:17:42.777+0000] {taskmixin.py:211} WARNING - Dependency <Task(BashOperator): delete_tag>, create_tag already registered for DAG: example_complex
[2023-08-03T16:17:42.779+0000] {processor.py:836} INFO - DAG(s) dict_keys(['example_complex']) retrieved from /home/airflow/.local/lib/python3.7/site-packages/airflow/example_dags/example_complex.py
[2023-08-03T16:17:42.808+0000] {logging_mixin.py:149} INFO - [2023-08-03T16:17:42.808+0000] {dag.py:2726} INFO - Sync 1 DAGs
[2023-08-03T16:17:42.825+0000] {logging_mixin.py:149} INFO - [2023-08-03T16:17:42.825+0000] {dag.py:3490} INFO - Setting next_dagrun for example_complex to None, run_after=None
[2023-08-03T16:17:42.846+0000] {processor.py:179} INFO - Processing /home/airflow/.local/lib/python3.7/site-packages/airflow/example_dags/example_complex.py took 0.082 seconds
[2023-08-03T16:30:04.077+0000] {processor.py:157} INFO - Started process (PID=11061) to work on /home/airflow/.local/lib/python3.7/site-packages/airflow/example_dags/example_complex.py
[2023-08-03T16:30:04.079+0000] {processor.py:826} INFO - Processing file /home/airflow/.local/lib/python3.7/site-packages/airflow/example_dags/example_complex.py for tasks to queue
[2023-08-03T16:30:04.079+0000] {logging_mixin.py:149} INFO - [2023-08-03T16:30:04.079+0000] {dagbag.py:541} INFO - Filling up the DagBag from /home/airflow/.local/lib/python3.7/site-packages/airflow/example_dags/example_complex.py
[2023-08-03T16:30:04.087+0000] {logging_mixin.py:149} INFO - [2023-08-03T16:30:04.087+0000] {taskmixin.py:211} WARNING - Dependency <Task(BashOperator): create_entry_group>, delete_entry_group already registered for DAG: example_complex
[2023-08-03T16:30:04.088+0000] {logging_mixin.py:149} INFO - [2023-08-03T16:30:04.088+0000] {taskmixin.py:211} WARNING - Dependency <Task(BashOperator): delete_entry_group>, create_entry_group already registered for DAG: example_complex
[2023-08-03T16:30:04.088+0000] {logging_mixin.py:149} INFO - [2023-08-03T16:30:04.088+0000] {taskmixin.py:211} WARNING - Dependency <Task(BashOperator): create_entry_gcs>, delete_entry already registered for DAG: example_complex
[2023-08-03T16:30:04.090+0000] {logging_mixin.py:149} INFO - [2023-08-03T16:30:04.090+0000] {taskmixin.py:211} WARNING - Dependency <Task(BashOperator): delete_entry>, create_entry_gcs already registered for DAG: example_complex
[2023-08-03T16:30:04.092+0000] {logging_mixin.py:149} INFO - [2023-08-03T16:30:04.091+0000] {taskmixin.py:211} WARNING - Dependency <Task(BashOperator): create_tag>, delete_tag already registered for DAG: example_complex
[2023-08-03T16:30:04.094+0000] {logging_mixin.py:149} INFO - [2023-08-03T16:30:04.094+0000] {taskmixin.py:211} WARNING - Dependency <Task(BashOperator): delete_tag>, create_tag already registered for DAG: example_complex
[2023-08-03T16:30:04.095+0000] {processor.py:836} INFO - DAG(s) dict_keys(['example_complex']) retrieved from /home/airflow/.local/lib/python3.7/site-packages/airflow/example_dags/example_complex.py
[2023-08-03T16:30:04.123+0000] {logging_mixin.py:149} INFO - [2023-08-03T16:30:04.123+0000] {dag.py:2726} INFO - Sync 1 DAGs
[2023-08-03T16:30:04.139+0000] {logging_mixin.py:149} INFO - [2023-08-03T16:30:04.139+0000] {dag.py:3490} INFO - Setting next_dagrun for example_complex to None, run_after=None
[2023-08-03T16:30:04.150+0000] {processor.py:179} INFO - Processing /home/airflow/.local/lib/python3.7/site-packages/airflow/example_dags/example_complex.py took 0.076 seconds
[2023-08-03T16:47:31.443+0000] {processor.py:157} INFO - Started process (PID=11126) to work on /home/airflow/.local/lib/python3.7/site-packages/airflow/example_dags/example_complex.py
[2023-08-03T16:47:31.444+0000] {processor.py:826} INFO - Processing file /home/airflow/.local/lib/python3.7/site-packages/airflow/example_dags/example_complex.py for tasks to queue
[2023-08-03T16:47:31.445+0000] {logging_mixin.py:149} INFO - [2023-08-03T16:47:31.444+0000] {dagbag.py:541} INFO - Filling up the DagBag from /home/airflow/.local/lib/python3.7/site-packages/airflow/example_dags/example_complex.py
[2023-08-03T16:47:31.452+0000] {logging_mixin.py:149} INFO - [2023-08-03T16:47:31.452+0000] {taskmixin.py:211} WARNING - Dependency <Task(BashOperator): create_entry_group>, delete_entry_group already registered for DAG: example_complex
[2023-08-03T16:47:31.453+0000] {logging_mixin.py:149} INFO - [2023-08-03T16:47:31.452+0000] {taskmixin.py:211} WARNING - Dependency <Task(BashOperator): delete_entry_group>, create_entry_group already registered for DAG: example_complex
[2023-08-03T16:47:31.453+0000] {logging_mixin.py:149} INFO - [2023-08-03T16:47:31.453+0000] {taskmixin.py:211} WARNING - Dependency <Task(BashOperator): create_entry_gcs>, delete_entry already registered for DAG: example_complex
[2023-08-03T16:47:31.453+0000] {logging_mixin.py:149} INFO - [2023-08-03T16:47:31.453+0000] {taskmixin.py:211} WARNING - Dependency <Task(BashOperator): delete_entry>, create_entry_gcs already registered for DAG: example_complex
[2023-08-03T16:47:31.454+0000] {logging_mixin.py:149} INFO - [2023-08-03T16:47:31.454+0000] {taskmixin.py:211} WARNING - Dependency <Task(BashOperator): create_tag>, delete_tag already registered for DAG: example_complex
[2023-08-03T16:47:31.454+0000] {logging_mixin.py:149} INFO - [2023-08-03T16:47:31.454+0000] {taskmixin.py:211} WARNING - Dependency <Task(BashOperator): delete_tag>, create_tag already registered for DAG: example_complex
[2023-08-03T16:47:31.455+0000] {processor.py:836} INFO - DAG(s) dict_keys(['example_complex']) retrieved from /home/airflow/.local/lib/python3.7/site-packages/airflow/example_dags/example_complex.py
[2023-08-03T16:47:31.481+0000] {logging_mixin.py:149} INFO - [2023-08-03T16:47:31.481+0000] {dag.py:2726} INFO - Sync 1 DAGs
[2023-08-03T16:47:31.501+0000] {logging_mixin.py:149} INFO - [2023-08-03T16:47:31.501+0000] {dag.py:3490} INFO - Setting next_dagrun for example_complex to None, run_after=None
[2023-08-03T16:47:31.513+0000] {processor.py:179} INFO - Processing /home/airflow/.local/lib/python3.7/site-packages/airflow/example_dags/example_complex.py took 0.073 seconds
[2023-08-03T19:34:05.986+0000] {processor.py:157} INFO - Started process (PID=11192) to work on /home/airflow/.local/lib/python3.7/site-packages/airflow/example_dags/example_complex.py
[2023-08-03T19:34:05.987+0000] {processor.py:826} INFO - Processing file /home/airflow/.local/lib/python3.7/site-packages/airflow/example_dags/example_complex.py for tasks to queue
[2023-08-03T19:34:05.988+0000] {logging_mixin.py:149} INFO - [2023-08-03T19:34:05.988+0000] {dagbag.py:541} INFO - Filling up the DagBag from /home/airflow/.local/lib/python3.7/site-packages/airflow/example_dags/example_complex.py
[2023-08-03T19:34:05.996+0000] {logging_mixin.py:149} INFO - [2023-08-03T19:34:05.996+0000] {taskmixin.py:211} WARNING - Dependency <Task(BashOperator): create_entry_group>, delete_entry_group already registered for DAG: example_complex
[2023-08-03T19:34:05.997+0000] {logging_mixin.py:149} INFO - [2023-08-03T19:34:05.997+0000] {taskmixin.py:211} WARNING - Dependency <Task(BashOperator): delete_entry_group>, create_entry_group already registered for DAG: example_complex
[2023-08-03T19:34:05.998+0000] {logging_mixin.py:149} INFO - [2023-08-03T19:34:05.997+0000] {taskmixin.py:211} WARNING - Dependency <Task(BashOperator): create_entry_gcs>, delete_entry already registered for DAG: example_complex
[2023-08-03T19:34:05.999+0000] {logging_mixin.py:149} INFO - [2023-08-03T19:34:05.999+0000] {taskmixin.py:211} WARNING - Dependency <Task(BashOperator): delete_entry>, create_entry_gcs already registered for DAG: example_complex
[2023-08-03T19:34:06.000+0000] {logging_mixin.py:149} INFO - [2023-08-03T19:34:06.000+0000] {taskmixin.py:211} WARNING - Dependency <Task(BashOperator): create_tag>, delete_tag already registered for DAG: example_complex
[2023-08-03T19:34:06.000+0000] {logging_mixin.py:149} INFO - [2023-08-03T19:34:06.000+0000] {taskmixin.py:211} WARNING - Dependency <Task(BashOperator): delete_tag>, create_tag already registered for DAG: example_complex
[2023-08-03T19:34:06.011+0000] {processor.py:836} INFO - DAG(s) dict_keys(['example_complex']) retrieved from /home/airflow/.local/lib/python3.7/site-packages/airflow/example_dags/example_complex.py
[2023-08-03T19:34:06.047+0000] {logging_mixin.py:149} INFO - [2023-08-03T19:34:06.046+0000] {dag.py:2726} INFO - Sync 1 DAGs
[2023-08-03T19:34:06.066+0000] {logging_mixin.py:149} INFO - [2023-08-03T19:34:06.066+0000] {dag.py:3490} INFO - Setting next_dagrun for example_complex to None, run_after=None
[2023-08-03T19:34:06.079+0000] {processor.py:179} INFO - Processing /home/airflow/.local/lib/python3.7/site-packages/airflow/example_dags/example_complex.py took 0.096 seconds
[2023-08-03T19:55:26.199+0000] {processor.py:157} INFO - Started process (PID=11258) to work on /home/airflow/.local/lib/python3.7/site-packages/airflow/example_dags/example_complex.py
[2023-08-03T19:55:26.200+0000] {processor.py:826} INFO - Processing file /home/airflow/.local/lib/python3.7/site-packages/airflow/example_dags/example_complex.py for tasks to queue
[2023-08-03T19:55:26.201+0000] {logging_mixin.py:149} INFO - [2023-08-03T19:55:26.201+0000] {dagbag.py:541} INFO - Filling up the DagBag from /home/airflow/.local/lib/python3.7/site-packages/airflow/example_dags/example_complex.py
[2023-08-03T19:55:26.209+0000] {logging_mixin.py:149} INFO - [2023-08-03T19:55:26.209+0000] {taskmixin.py:211} WARNING - Dependency <Task(BashOperator): create_entry_group>, delete_entry_group already registered for DAG: example_complex
[2023-08-03T19:55:26.209+0000] {logging_mixin.py:149} INFO - [2023-08-03T19:55:26.209+0000] {taskmixin.py:211} WARNING - Dependency <Task(BashOperator): delete_entry_group>, create_entry_group already registered for DAG: example_complex
[2023-08-03T19:55:26.210+0000] {logging_mixin.py:149} INFO - [2023-08-03T19:55:26.210+0000] {taskmixin.py:211} WARNING - Dependency <Task(BashOperator): create_entry_gcs>, delete_entry already registered for DAG: example_complex
[2023-08-03T19:55:26.210+0000] {logging_mixin.py:149} INFO - [2023-08-03T19:55:26.210+0000] {taskmixin.py:211} WARNING - Dependency <Task(BashOperator): delete_entry>, create_entry_gcs already registered for DAG: example_complex
[2023-08-03T19:55:26.210+0000] {logging_mixin.py:149} INFO - [2023-08-03T19:55:26.210+0000] {taskmixin.py:211} WARNING - Dependency <Task(BashOperator): create_tag>, delete_tag already registered for DAG: example_complex
[2023-08-03T19:55:26.211+0000] {logging_mixin.py:149} INFO - [2023-08-03T19:55:26.211+0000] {taskmixin.py:211} WARNING - Dependency <Task(BashOperator): delete_tag>, create_tag already registered for DAG: example_complex
[2023-08-03T19:55:26.212+0000] {processor.py:836} INFO - DAG(s) dict_keys(['example_complex']) retrieved from /home/airflow/.local/lib/python3.7/site-packages/airflow/example_dags/example_complex.py
[2023-08-03T19:55:26.237+0000] {logging_mixin.py:149} INFO - [2023-08-03T19:55:26.237+0000] {dag.py:2726} INFO - Sync 1 DAGs
[2023-08-03T19:55:26.253+0000] {logging_mixin.py:149} INFO - [2023-08-03T19:55:26.253+0000] {dag.py:3490} INFO - Setting next_dagrun for example_complex to None, run_after=None
[2023-08-03T19:55:26.271+0000] {processor.py:179} INFO - Processing /home/airflow/.local/lib/python3.7/site-packages/airflow/example_dags/example_complex.py took 0.076 seconds
[2023-08-03T22:30:43.554+0000] {processor.py:157} INFO - Started process (PID=11324) to work on /home/airflow/.local/lib/python3.7/site-packages/airflow/example_dags/example_complex.py
[2023-08-03T22:30:43.559+0000] {processor.py:826} INFO - Processing file /home/airflow/.local/lib/python3.7/site-packages/airflow/example_dags/example_complex.py for tasks to queue
[2023-08-03T22:30:43.561+0000] {logging_mixin.py:149} INFO - [2023-08-03T22:30:43.561+0000] {dagbag.py:541} INFO - Filling up the DagBag from /home/airflow/.local/lib/python3.7/site-packages/airflow/example_dags/example_complex.py
[2023-08-03T22:30:43.569+0000] {logging_mixin.py:149} INFO - [2023-08-03T22:30:43.568+0000] {taskmixin.py:211} WARNING - Dependency <Task(BashOperator): create_entry_group>, delete_entry_group already registered for DAG: example_complex
[2023-08-03T22:30:43.569+0000] {logging_mixin.py:149} INFO - [2023-08-03T22:30:43.569+0000] {taskmixin.py:211} WARNING - Dependency <Task(BashOperator): delete_entry_group>, create_entry_group already registered for DAG: example_complex
[2023-08-03T22:30:43.570+0000] {logging_mixin.py:149} INFO - [2023-08-03T22:30:43.570+0000] {taskmixin.py:211} WARNING - Dependency <Task(BashOperator): create_entry_gcs>, delete_entry already registered for DAG: example_complex
[2023-08-03T22:30:43.571+0000] {logging_mixin.py:149} INFO - [2023-08-03T22:30:43.570+0000] {taskmixin.py:211} WARNING - Dependency <Task(BashOperator): delete_entry>, create_entry_gcs already registered for DAG: example_complex
[2023-08-03T22:30:43.571+0000] {logging_mixin.py:149} INFO - [2023-08-03T22:30:43.571+0000] {taskmixin.py:211} WARNING - Dependency <Task(BashOperator): create_tag>, delete_tag already registered for DAG: example_complex
[2023-08-03T22:30:43.571+0000] {logging_mixin.py:149} INFO - [2023-08-03T22:30:43.571+0000] {taskmixin.py:211} WARNING - Dependency <Task(BashOperator): delete_tag>, create_tag already registered for DAG: example_complex
[2023-08-03T22:30:43.573+0000] {processor.py:836} INFO - DAG(s) dict_keys(['example_complex']) retrieved from /home/airflow/.local/lib/python3.7/site-packages/airflow/example_dags/example_complex.py
[2023-08-03T22:30:43.599+0000] {logging_mixin.py:149} INFO - [2023-08-03T22:30:43.599+0000] {dag.py:2726} INFO - Sync 1 DAGs
[2023-08-03T22:30:43.614+0000] {logging_mixin.py:149} INFO - [2023-08-03T22:30:43.614+0000] {dag.py:3490} INFO - Setting next_dagrun for example_complex to None, run_after=None
[2023-08-03T22:30:43.626+0000] {processor.py:179} INFO - Processing /home/airflow/.local/lib/python3.7/site-packages/airflow/example_dags/example_complex.py took 0.075 seconds
