[2023-08-27T00:38:34.308+0000] {processor.py:157} INFO - Started process (PID=82089) to work on /home/airflow/.local/lib/python3.7/site-packages/airflow/example_dags/example_datasets.py
[2023-08-27T00:38:34.309+0000] {processor.py:826} INFO - Processing file /home/airflow/.local/lib/python3.7/site-packages/airflow/example_dags/example_datasets.py for tasks to queue
[2023-08-27T00:38:34.310+0000] {logging_mixin.py:149} INFO - [2023-08-27T00:38:34.310+0000] {dagbag.py:541} INFO - Filling up the DagBag from /home/airflow/.local/lib/python3.7/site-packages/airflow/example_dags/example_datasets.py
[2023-08-27T00:38:34.319+0000] {processor.py:836} INFO - DAG(s) dict_keys(['dataset_consumes_1', 'dataset_consumes_unknown_never_scheduled', 'dataset_consumes_1_and_2', 'dataset_produces_2', 'dataset_consumes_1_never_scheduled', 'dataset_produces_1']) retrieved from /home/airflow/.local/lib/python3.7/site-packages/airflow/example_dags/example_datasets.py
[2023-08-27T00:38:34.350+0000] {logging_mixin.py:149} INFO - [2023-08-27T00:38:34.350+0000] {dag.py:2726} INFO - Sync 6 DAGs
[2023-08-27T00:38:34.367+0000] {logging_mixin.py:149} INFO - [2023-08-27T00:38:34.367+0000] {dag.py:3490} INFO - Setting next_dagrun for dataset_consumes_1 to None, run_after=None
[2023-08-27T00:38:34.370+0000] {logging_mixin.py:149} INFO - [2023-08-27T00:38:34.370+0000] {dag.py:3490} INFO - Setting next_dagrun for dataset_consumes_1_and_2 to None, run_after=None
[2023-08-27T00:38:34.372+0000] {logging_mixin.py:149} INFO - [2023-08-27T00:38:34.372+0000] {dag.py:3490} INFO - Setting next_dagrun for dataset_consumes_1_never_scheduled to None, run_after=None
[2023-08-27T00:38:34.373+0000] {logging_mixin.py:149} INFO - [2023-08-27T00:38:34.373+0000] {dag.py:3490} INFO - Setting next_dagrun for dataset_consumes_unknown_never_scheduled to None, run_after=None
[2023-08-27T00:38:34.375+0000] {logging_mixin.py:149} INFO - [2023-08-27T00:38:34.375+0000] {dag.py:3490} INFO - Setting next_dagrun for dataset_produces_1 to 2023-08-26T00:00:00+00:00, run_after=2023-08-27T00:00:00+00:00
[2023-08-27T00:38:34.376+0000] {logging_mixin.py:149} INFO - [2023-08-27T00:38:34.376+0000] {dag.py:3490} INFO - Setting next_dagrun for dataset_produces_2 to None, run_after=None
[2023-08-27T00:38:34.397+0000] {processor.py:179} INFO - Processing /home/airflow/.local/lib/python3.7/site-packages/airflow/example_dags/example_datasets.py took 0.091 seconds
[2023-08-27T02:09:37.981+0000] {processor.py:157} INFO - Started process (PID=82155) to work on /home/airflow/.local/lib/python3.7/site-packages/airflow/example_dags/example_datasets.py
[2023-08-27T02:09:37.982+0000] {processor.py:826} INFO - Processing file /home/airflow/.local/lib/python3.7/site-packages/airflow/example_dags/example_datasets.py for tasks to queue
[2023-08-27T02:09:37.983+0000] {logging_mixin.py:149} INFO - [2023-08-27T02:09:37.983+0000] {dagbag.py:541} INFO - Filling up the DagBag from /home/airflow/.local/lib/python3.7/site-packages/airflow/example_dags/example_datasets.py
[2023-08-27T02:09:37.990+0000] {processor.py:836} INFO - DAG(s) dict_keys(['dataset_consumes_unknown_never_scheduled', 'dataset_consumes_1_and_2', 'dataset_produces_1', 'dataset_consumes_1_never_scheduled', 'dataset_produces_2', 'dataset_consumes_1']) retrieved from /home/airflow/.local/lib/python3.7/site-packages/airflow/example_dags/example_datasets.py
[2023-08-27T02:09:38.022+0000] {logging_mixin.py:149} INFO - [2023-08-27T02:09:38.022+0000] {dag.py:2726} INFO - Sync 6 DAGs
[2023-08-27T02:09:38.039+0000] {logging_mixin.py:149} INFO - [2023-08-27T02:09:38.039+0000] {dag.py:3490} INFO - Setting next_dagrun for dataset_consumes_1 to None, run_after=None
[2023-08-27T02:09:38.042+0000] {logging_mixin.py:149} INFO - [2023-08-27T02:09:38.042+0000] {dag.py:3490} INFO - Setting next_dagrun for dataset_consumes_1_and_2 to None, run_after=None
[2023-08-27T02:09:38.042+0000] {logging_mixin.py:149} INFO - [2023-08-27T02:09:38.042+0000] {dag.py:3490} INFO - Setting next_dagrun for dataset_consumes_1_never_scheduled to None, run_after=None
[2023-08-27T02:09:38.043+0000] {logging_mixin.py:149} INFO - [2023-08-27T02:09:38.043+0000] {dag.py:3490} INFO - Setting next_dagrun for dataset_consumes_unknown_never_scheduled to None, run_after=None
[2023-08-27T02:09:38.050+0000] {logging_mixin.py:149} INFO - [2023-08-27T02:09:38.050+0000] {dag.py:3490} INFO - Setting next_dagrun for dataset_produces_1 to 2023-08-26T00:00:00+00:00, run_after=2023-08-27T00:00:00+00:00
[2023-08-27T02:09:38.051+0000] {logging_mixin.py:149} INFO - [2023-08-27T02:09:38.051+0000] {dag.py:3490} INFO - Setting next_dagrun for dataset_produces_2 to None, run_after=None
[2023-08-27T02:09:38.068+0000] {processor.py:179} INFO - Processing /home/airflow/.local/lib/python3.7/site-packages/airflow/example_dags/example_datasets.py took 0.089 seconds
[2023-08-27T04:15:57.950+0000] {processor.py:157} INFO - Started process (PID=82222) to work on /home/airflow/.local/lib/python3.7/site-packages/airflow/example_dags/example_datasets.py
[2023-08-27T04:15:57.951+0000] {processor.py:826} INFO - Processing file /home/airflow/.local/lib/python3.7/site-packages/airflow/example_dags/example_datasets.py for tasks to queue
[2023-08-27T04:15:57.952+0000] {logging_mixin.py:149} INFO - [2023-08-27T04:15:57.952+0000] {dagbag.py:541} INFO - Filling up the DagBag from /home/airflow/.local/lib/python3.7/site-packages/airflow/example_dags/example_datasets.py
[2023-08-27T04:15:57.960+0000] {processor.py:836} INFO - DAG(s) dict_keys(['dataset_produces_1', 'dataset_produces_2', 'dataset_consumes_1', 'dataset_consumes_1_never_scheduled', 'dataset_consumes_1_and_2', 'dataset_consumes_unknown_never_scheduled']) retrieved from /home/airflow/.local/lib/python3.7/site-packages/airflow/example_dags/example_datasets.py
[2023-08-27T04:15:58.010+0000] {logging_mixin.py:149} INFO - [2023-08-27T04:15:58.010+0000] {dag.py:2726} INFO - Sync 6 DAGs
[2023-08-27T04:15:58.028+0000] {logging_mixin.py:149} INFO - [2023-08-27T04:15:58.028+0000] {dag.py:3490} INFO - Setting next_dagrun for dataset_consumes_1 to None, run_after=None
[2023-08-27T04:15:58.030+0000] {logging_mixin.py:149} INFO - [2023-08-27T04:15:58.030+0000] {dag.py:3490} INFO - Setting next_dagrun for dataset_consumes_1_and_2 to None, run_after=None
[2023-08-27T04:15:58.031+0000] {logging_mixin.py:149} INFO - [2023-08-27T04:15:58.031+0000] {dag.py:3490} INFO - Setting next_dagrun for dataset_consumes_1_never_scheduled to None, run_after=None
[2023-08-27T04:15:58.032+0000] {logging_mixin.py:149} INFO - [2023-08-27T04:15:58.032+0000] {dag.py:3490} INFO - Setting next_dagrun for dataset_consumes_unknown_never_scheduled to None, run_after=None
[2023-08-27T04:15:58.034+0000] {logging_mixin.py:149} INFO - [2023-08-27T04:15:58.034+0000] {dag.py:3490} INFO - Setting next_dagrun for dataset_produces_1 to 2023-08-26T00:00:00+00:00, run_after=2023-08-27T00:00:00+00:00
[2023-08-27T04:15:58.042+0000] {logging_mixin.py:149} INFO - [2023-08-27T04:15:58.042+0000] {dag.py:3490} INFO - Setting next_dagrun for dataset_produces_2 to None, run_after=None
[2023-08-27T04:15:58.071+0000] {processor.py:179} INFO - Processing /home/airflow/.local/lib/python3.7/site-packages/airflow/example_dags/example_datasets.py took 0.124 seconds
[2023-08-27T05:17:58.167+0000] {processor.py:157} INFO - Started process (PID=82288) to work on /home/airflow/.local/lib/python3.7/site-packages/airflow/example_dags/example_datasets.py
[2023-08-27T05:17:58.169+0000] {processor.py:826} INFO - Processing file /home/airflow/.local/lib/python3.7/site-packages/airflow/example_dags/example_datasets.py for tasks to queue
[2023-08-27T05:17:58.169+0000] {logging_mixin.py:149} INFO - [2023-08-27T05:17:58.169+0000] {dagbag.py:541} INFO - Filling up the DagBag from /home/airflow/.local/lib/python3.7/site-packages/airflow/example_dags/example_datasets.py
[2023-08-27T05:17:58.177+0000] {processor.py:836} INFO - DAG(s) dict_keys(['dataset_consumes_1_never_scheduled', 'dataset_produces_1', 'dataset_consumes_1_and_2', 'dataset_consumes_1', 'dataset_consumes_unknown_never_scheduled', 'dataset_produces_2']) retrieved from /home/airflow/.local/lib/python3.7/site-packages/airflow/example_dags/example_datasets.py
[2023-08-27T05:17:58.207+0000] {logging_mixin.py:149} INFO - [2023-08-27T05:17:58.207+0000] {dag.py:2726} INFO - Sync 6 DAGs
[2023-08-27T05:17:58.227+0000] {logging_mixin.py:149} INFO - [2023-08-27T05:17:58.227+0000] {dag.py:3490} INFO - Setting next_dagrun for dataset_consumes_1 to None, run_after=None
[2023-08-27T05:17:58.232+0000] {logging_mixin.py:149} INFO - [2023-08-27T05:17:58.232+0000] {dag.py:3490} INFO - Setting next_dagrun for dataset_consumes_1_and_2 to None, run_after=None
[2023-08-27T05:17:58.240+0000] {logging_mixin.py:149} INFO - [2023-08-27T05:17:58.239+0000] {dag.py:3490} INFO - Setting next_dagrun for dataset_consumes_1_never_scheduled to None, run_after=None
[2023-08-27T05:17:58.241+0000] {logging_mixin.py:149} INFO - [2023-08-27T05:17:58.241+0000] {dag.py:3490} INFO - Setting next_dagrun for dataset_consumes_unknown_never_scheduled to None, run_after=None
[2023-08-27T05:17:58.247+0000] {logging_mixin.py:149} INFO - [2023-08-27T05:17:58.247+0000] {dag.py:3490} INFO - Setting next_dagrun for dataset_produces_1 to 2023-08-26T00:00:00+00:00, run_after=2023-08-27T00:00:00+00:00
[2023-08-27T05:17:58.249+0000] {logging_mixin.py:149} INFO - [2023-08-27T05:17:58.248+0000] {dag.py:3490} INFO - Setting next_dagrun for dataset_produces_2 to None, run_after=None
[2023-08-27T05:17:58.275+0000] {processor.py:179} INFO - Processing /home/airflow/.local/lib/python3.7/site-packages/airflow/example_dags/example_datasets.py took 0.111 seconds
[2023-08-27T06:52:21.405+0000] {processor.py:157} INFO - Started process (PID=82355) to work on /home/airflow/.local/lib/python3.7/site-packages/airflow/example_dags/example_datasets.py
[2023-08-27T06:52:21.406+0000] {processor.py:826} INFO - Processing file /home/airflow/.local/lib/python3.7/site-packages/airflow/example_dags/example_datasets.py for tasks to queue
[2023-08-27T06:52:21.407+0000] {logging_mixin.py:149} INFO - [2023-08-27T06:52:21.407+0000] {dagbag.py:541} INFO - Filling up the DagBag from /home/airflow/.local/lib/python3.7/site-packages/airflow/example_dags/example_datasets.py
[2023-08-27T06:52:21.415+0000] {processor.py:836} INFO - DAG(s) dict_keys(['dataset_consumes_1_and_2', 'dataset_consumes_1', 'dataset_produces_2', 'dataset_consumes_unknown_never_scheduled', 'dataset_consumes_1_never_scheduled', 'dataset_produces_1']) retrieved from /home/airflow/.local/lib/python3.7/site-packages/airflow/example_dags/example_datasets.py
[2023-08-27T06:52:21.448+0000] {logging_mixin.py:149} INFO - [2023-08-27T06:52:21.448+0000] {dag.py:2726} INFO - Sync 6 DAGs
[2023-08-27T06:52:21.466+0000] {logging_mixin.py:149} INFO - [2023-08-27T06:52:21.466+0000] {dag.py:3490} INFO - Setting next_dagrun for dataset_consumes_1 to None, run_after=None
[2023-08-27T06:52:21.469+0000] {logging_mixin.py:149} INFO - [2023-08-27T06:52:21.469+0000] {dag.py:3490} INFO - Setting next_dagrun for dataset_consumes_1_and_2 to None, run_after=None
[2023-08-27T06:52:21.470+0000] {logging_mixin.py:149} INFO - [2023-08-27T06:52:21.470+0000] {dag.py:3490} INFO - Setting next_dagrun for dataset_consumes_1_never_scheduled to None, run_after=None
[2023-08-27T06:52:21.471+0000] {logging_mixin.py:149} INFO - [2023-08-27T06:52:21.471+0000] {dag.py:3490} INFO - Setting next_dagrun for dataset_consumes_unknown_never_scheduled to None, run_after=None
[2023-08-27T06:52:21.473+0000] {logging_mixin.py:149} INFO - [2023-08-27T06:52:21.473+0000] {dag.py:3490} INFO - Setting next_dagrun for dataset_produces_1 to 2023-08-26T00:00:00+00:00, run_after=2023-08-27T00:00:00+00:00
[2023-08-27T06:52:21.474+0000] {logging_mixin.py:149} INFO - [2023-08-27T06:52:21.474+0000] {dag.py:3490} INFO - Setting next_dagrun for dataset_produces_2 to None, run_after=None
[2023-08-27T06:52:21.494+0000] {processor.py:179} INFO - Processing /home/airflow/.local/lib/python3.7/site-packages/airflow/example_dags/example_datasets.py took 0.093 seconds
[2023-08-27T11:05:26.531+0000] {processor.py:157} INFO - Started process (PID=82421) to work on /home/airflow/.local/lib/python3.7/site-packages/airflow/example_dags/example_datasets.py
[2023-08-27T11:05:26.533+0000] {processor.py:826} INFO - Processing file /home/airflow/.local/lib/python3.7/site-packages/airflow/example_dags/example_datasets.py for tasks to queue
[2023-08-27T11:05:26.533+0000] {logging_mixin.py:149} INFO - [2023-08-27T11:05:26.533+0000] {dagbag.py:541} INFO - Filling up the DagBag from /home/airflow/.local/lib/python3.7/site-packages/airflow/example_dags/example_datasets.py
[2023-08-27T11:05:26.541+0000] {processor.py:836} INFO - DAG(s) dict_keys(['dataset_produces_2', 'dataset_produces_1', 'dataset_consumes_1', 'dataset_consumes_1_and_2', 'dataset_consumes_1_never_scheduled', 'dataset_consumes_unknown_never_scheduled']) retrieved from /home/airflow/.local/lib/python3.7/site-packages/airflow/example_dags/example_datasets.py
[2023-08-27T11:05:26.573+0000] {logging_mixin.py:149} INFO - [2023-08-27T11:05:26.573+0000] {dag.py:2726} INFO - Sync 6 DAGs
[2023-08-27T11:05:26.590+0000] {logging_mixin.py:149} INFO - [2023-08-27T11:05:26.590+0000] {dag.py:3490} INFO - Setting next_dagrun for dataset_consumes_1 to None, run_after=None
[2023-08-27T11:05:26.599+0000] {logging_mixin.py:149} INFO - [2023-08-27T11:05:26.598+0000] {dag.py:3490} INFO - Setting next_dagrun for dataset_consumes_1_and_2 to None, run_after=None
[2023-08-27T11:05:26.600+0000] {logging_mixin.py:149} INFO - [2023-08-27T11:05:26.600+0000] {dag.py:3490} INFO - Setting next_dagrun for dataset_consumes_1_never_scheduled to None, run_after=None
[2023-08-27T11:05:26.601+0000] {logging_mixin.py:149} INFO - [2023-08-27T11:05:26.601+0000] {dag.py:3490} INFO - Setting next_dagrun for dataset_consumes_unknown_never_scheduled to None, run_after=None
[2023-08-27T11:05:26.602+0000] {logging_mixin.py:149} INFO - [2023-08-27T11:05:26.602+0000] {dag.py:3490} INFO - Setting next_dagrun for dataset_produces_1 to 2023-08-26T00:00:00+00:00, run_after=2023-08-27T00:00:00+00:00
[2023-08-27T11:05:26.603+0000] {logging_mixin.py:149} INFO - [2023-08-27T11:05:26.603+0000] {dag.py:3490} INFO - Setting next_dagrun for dataset_produces_2 to None, run_after=None
[2023-08-27T11:05:26.629+0000] {processor.py:179} INFO - Processing /home/airflow/.local/lib/python3.7/site-packages/airflow/example_dags/example_datasets.py took 0.100 seconds
[2023-08-27T13:53:22.800+0000] {processor.py:157} INFO - Started process (PID=82487) to work on /home/airflow/.local/lib/python3.7/site-packages/airflow/example_dags/example_datasets.py
[2023-08-27T13:53:22.801+0000] {processor.py:826} INFO - Processing file /home/airflow/.local/lib/python3.7/site-packages/airflow/example_dags/example_datasets.py for tasks to queue
[2023-08-27T13:53:22.802+0000] {logging_mixin.py:149} INFO - [2023-08-27T13:53:22.802+0000] {dagbag.py:541} INFO - Filling up the DagBag from /home/airflow/.local/lib/python3.7/site-packages/airflow/example_dags/example_datasets.py
[2023-08-27T13:53:22.809+0000] {processor.py:836} INFO - DAG(s) dict_keys(['dataset_consumes_1', 'dataset_produces_1', 'dataset_produces_2', 'dataset_consumes_1_never_scheduled', 'dataset_consumes_unknown_never_scheduled', 'dataset_consumes_1_and_2']) retrieved from /home/airflow/.local/lib/python3.7/site-packages/airflow/example_dags/example_datasets.py
[2023-08-27T13:53:22.845+0000] {logging_mixin.py:149} INFO - [2023-08-27T13:53:22.845+0000] {dag.py:2726} INFO - Sync 6 DAGs
[2023-08-27T13:53:22.867+0000] {logging_mixin.py:149} INFO - [2023-08-27T13:53:22.867+0000] {dag.py:3490} INFO - Setting next_dagrun for dataset_consumes_1 to None, run_after=None
[2023-08-27T13:53:22.870+0000] {logging_mixin.py:149} INFO - [2023-08-27T13:53:22.870+0000] {dag.py:3490} INFO - Setting next_dagrun for dataset_consumes_1_and_2 to None, run_after=None
[2023-08-27T13:53:22.872+0000] {logging_mixin.py:149} INFO - [2023-08-27T13:53:22.872+0000] {dag.py:3490} INFO - Setting next_dagrun for dataset_consumes_1_never_scheduled to None, run_after=None
[2023-08-27T13:53:22.874+0000] {logging_mixin.py:149} INFO - [2023-08-27T13:53:22.873+0000] {dag.py:3490} INFO - Setting next_dagrun for dataset_consumes_unknown_never_scheduled to None, run_after=None
[2023-08-27T13:53:22.880+0000] {logging_mixin.py:149} INFO - [2023-08-27T13:53:22.880+0000] {dag.py:3490} INFO - Setting next_dagrun for dataset_produces_1 to 2023-08-26T00:00:00+00:00, run_after=2023-08-27T00:00:00+00:00
[2023-08-27T13:53:22.881+0000] {logging_mixin.py:149} INFO - [2023-08-27T13:53:22.881+0000] {dag.py:3490} INFO - Setting next_dagrun for dataset_produces_2 to None, run_after=None
[2023-08-27T13:53:22.910+0000] {processor.py:179} INFO - Processing /home/airflow/.local/lib/python3.7/site-packages/airflow/example_dags/example_datasets.py took 0.112 seconds
[2023-08-27T13:56:36.123+0000] {processor.py:157} INFO - Started process (PID=82553) to work on /home/airflow/.local/lib/python3.7/site-packages/airflow/example_dags/example_datasets.py
[2023-08-27T13:56:36.124+0000] {processor.py:826} INFO - Processing file /home/airflow/.local/lib/python3.7/site-packages/airflow/example_dags/example_datasets.py for tasks to queue
[2023-08-27T13:56:36.125+0000] {logging_mixin.py:149} INFO - [2023-08-27T13:56:36.125+0000] {dagbag.py:541} INFO - Filling up the DagBag from /home/airflow/.local/lib/python3.7/site-packages/airflow/example_dags/example_datasets.py
[2023-08-27T13:56:36.134+0000] {processor.py:836} INFO - DAG(s) dict_keys(['dataset_consumes_1_never_scheduled', 'dataset_produces_2', 'dataset_produces_1', 'dataset_consumes_unknown_never_scheduled', 'dataset_consumes_1_and_2', 'dataset_consumes_1']) retrieved from /home/airflow/.local/lib/python3.7/site-packages/airflow/example_dags/example_datasets.py
[2023-08-27T13:56:36.169+0000] {logging_mixin.py:149} INFO - [2023-08-27T13:56:36.169+0000] {dag.py:2726} INFO - Sync 6 DAGs
[2023-08-27T13:56:36.186+0000] {logging_mixin.py:149} INFO - [2023-08-27T13:56:36.186+0000] {dag.py:3490} INFO - Setting next_dagrun for dataset_consumes_1 to None, run_after=None
[2023-08-27T13:56:36.193+0000] {logging_mixin.py:149} INFO - [2023-08-27T13:56:36.193+0000] {dag.py:3490} INFO - Setting next_dagrun for dataset_consumes_1_and_2 to None, run_after=None
[2023-08-27T13:56:36.194+0000] {logging_mixin.py:149} INFO - [2023-08-27T13:56:36.194+0000] {dag.py:3490} INFO - Setting next_dagrun for dataset_consumes_1_never_scheduled to None, run_after=None
[2023-08-27T13:56:36.195+0000] {logging_mixin.py:149} INFO - [2023-08-27T13:56:36.195+0000] {dag.py:3490} INFO - Setting next_dagrun for dataset_consumes_unknown_never_scheduled to None, run_after=None
[2023-08-27T13:56:36.196+0000] {logging_mixin.py:149} INFO - [2023-08-27T13:56:36.196+0000] {dag.py:3490} INFO - Setting next_dagrun for dataset_produces_1 to 2023-08-26T00:00:00+00:00, run_after=2023-08-27T00:00:00+00:00
[2023-08-27T13:56:36.198+0000] {logging_mixin.py:149} INFO - [2023-08-27T13:56:36.198+0000] {dag.py:3490} INFO - Setting next_dagrun for dataset_produces_2 to None, run_after=None
[2023-08-27T13:56:36.224+0000] {processor.py:179} INFO - Processing /home/airflow/.local/lib/python3.7/site-packages/airflow/example_dags/example_datasets.py took 0.104 seconds
[2023-08-27T14:25:12.774+0000] {processor.py:157} INFO - Started process (PID=82618) to work on /home/airflow/.local/lib/python3.7/site-packages/airflow/example_dags/example_datasets.py
[2023-08-27T14:25:12.776+0000] {processor.py:826} INFO - Processing file /home/airflow/.local/lib/python3.7/site-packages/airflow/example_dags/example_datasets.py for tasks to queue
[2023-08-27T14:25:12.777+0000] {logging_mixin.py:149} INFO - [2023-08-27T14:25:12.777+0000] {dagbag.py:541} INFO - Filling up the DagBag from /home/airflow/.local/lib/python3.7/site-packages/airflow/example_dags/example_datasets.py
[2023-08-27T14:25:12.785+0000] {processor.py:836} INFO - DAG(s) dict_keys(['dataset_produces_1', 'dataset_consumes_unknown_never_scheduled', 'dataset_consumes_1', 'dataset_consumes_1_never_scheduled', 'dataset_consumes_1_and_2', 'dataset_produces_2']) retrieved from /home/airflow/.local/lib/python3.7/site-packages/airflow/example_dags/example_datasets.py
[2023-08-27T14:25:12.826+0000] {logging_mixin.py:149} INFO - [2023-08-27T14:25:12.826+0000] {dag.py:2726} INFO - Sync 6 DAGs
[2023-08-27T14:25:12.844+0000] {logging_mixin.py:149} INFO - [2023-08-27T14:25:12.844+0000] {dag.py:3490} INFO - Setting next_dagrun for dataset_consumes_1 to None, run_after=None
[2023-08-27T14:25:12.847+0000] {logging_mixin.py:149} INFO - [2023-08-27T14:25:12.847+0000] {dag.py:3490} INFO - Setting next_dagrun for dataset_consumes_1_and_2 to None, run_after=None
[2023-08-27T14:25:12.848+0000] {logging_mixin.py:149} INFO - [2023-08-27T14:25:12.848+0000] {dag.py:3490} INFO - Setting next_dagrun for dataset_consumes_1_never_scheduled to None, run_after=None
[2023-08-27T14:25:12.849+0000] {logging_mixin.py:149} INFO - [2023-08-27T14:25:12.849+0000] {dag.py:3490} INFO - Setting next_dagrun for dataset_consumes_unknown_never_scheduled to None, run_after=None
[2023-08-27T14:25:12.852+0000] {logging_mixin.py:149} INFO - [2023-08-27T14:25:12.852+0000] {dag.py:3490} INFO - Setting next_dagrun for dataset_produces_1 to 2023-08-26T00:00:00+00:00, run_after=2023-08-27T00:00:00+00:00
[2023-08-27T14:25:12.853+0000] {logging_mixin.py:149} INFO - [2023-08-27T14:25:12.853+0000] {dag.py:3490} INFO - Setting next_dagrun for dataset_produces_2 to None, run_after=None
[2023-08-27T14:25:12.873+0000] {processor.py:179} INFO - Processing /home/airflow/.local/lib/python3.7/site-packages/airflow/example_dags/example_datasets.py took 0.101 seconds
[2023-08-27T17:32:59.228+0000] {processor.py:157} INFO - Started process (PID=82684) to work on /home/airflow/.local/lib/python3.7/site-packages/airflow/example_dags/example_datasets.py
[2023-08-27T17:32:59.230+0000] {processor.py:826} INFO - Processing file /home/airflow/.local/lib/python3.7/site-packages/airflow/example_dags/example_datasets.py for tasks to queue
[2023-08-27T17:32:59.231+0000] {logging_mixin.py:149} INFO - [2023-08-27T17:32:59.231+0000] {dagbag.py:541} INFO - Filling up the DagBag from /home/airflow/.local/lib/python3.7/site-packages/airflow/example_dags/example_datasets.py
[2023-08-27T17:32:59.245+0000] {processor.py:836} INFO - DAG(s) dict_keys(['dataset_consumes_1', 'dataset_produces_2', 'dataset_produces_1', 'dataset_consumes_1_and_2', 'dataset_consumes_unknown_never_scheduled', 'dataset_consumes_1_never_scheduled']) retrieved from /home/airflow/.local/lib/python3.7/site-packages/airflow/example_dags/example_datasets.py
[2023-08-27T17:32:59.291+0000] {logging_mixin.py:149} INFO - [2023-08-27T17:32:59.291+0000] {dag.py:2726} INFO - Sync 6 DAGs
[2023-08-27T17:32:59.311+0000] {logging_mixin.py:149} INFO - [2023-08-27T17:32:59.311+0000] {dag.py:3490} INFO - Setting next_dagrun for dataset_consumes_1 to None, run_after=None
[2023-08-27T17:32:59.314+0000] {logging_mixin.py:149} INFO - [2023-08-27T17:32:59.314+0000] {dag.py:3490} INFO - Setting next_dagrun for dataset_consumes_1_and_2 to None, run_after=None
[2023-08-27T17:32:59.319+0000] {logging_mixin.py:149} INFO - [2023-08-27T17:32:59.318+0000] {dag.py:3490} INFO - Setting next_dagrun for dataset_consumes_1_never_scheduled to None, run_after=None
[2023-08-27T17:32:59.321+0000] {logging_mixin.py:149} INFO - [2023-08-27T17:32:59.321+0000] {dag.py:3490} INFO - Setting next_dagrun for dataset_consumes_unknown_never_scheduled to None, run_after=None
[2023-08-27T17:32:59.323+0000] {logging_mixin.py:149} INFO - [2023-08-27T17:32:59.323+0000] {dag.py:3490} INFO - Setting next_dagrun for dataset_produces_1 to 2023-08-26T00:00:00+00:00, run_after=2023-08-27T00:00:00+00:00
[2023-08-27T17:32:59.325+0000] {logging_mixin.py:149} INFO - [2023-08-27T17:32:59.325+0000] {dag.py:3490} INFO - Setting next_dagrun for dataset_produces_2 to None, run_after=None
[2023-08-27T17:32:59.345+0000] {processor.py:179} INFO - Processing /home/airflow/.local/lib/python3.7/site-packages/airflow/example_dags/example_datasets.py took 0.121 seconds
[2023-08-27T17:33:32.455+0000] {processor.py:157} INFO - Started process (PID=82756) to work on /home/airflow/.local/lib/python3.7/site-packages/airflow/example_dags/example_datasets.py
[2023-08-27T17:33:32.456+0000] {processor.py:826} INFO - Processing file /home/airflow/.local/lib/python3.7/site-packages/airflow/example_dags/example_datasets.py for tasks to queue
[2023-08-27T17:33:32.457+0000] {logging_mixin.py:149} INFO - [2023-08-27T17:33:32.457+0000] {dagbag.py:541} INFO - Filling up the DagBag from /home/airflow/.local/lib/python3.7/site-packages/airflow/example_dags/example_datasets.py
[2023-08-27T17:33:32.466+0000] {processor.py:836} INFO - DAG(s) dict_keys(['dataset_consumes_unknown_never_scheduled', 'dataset_produces_2', 'dataset_consumes_1_and_2', 'dataset_consumes_1', 'dataset_consumes_1_never_scheduled', 'dataset_produces_1']) retrieved from /home/airflow/.local/lib/python3.7/site-packages/airflow/example_dags/example_datasets.py
[2023-08-27T17:33:32.503+0000] {logging_mixin.py:149} INFO - [2023-08-27T17:33:32.503+0000] {dag.py:2726} INFO - Sync 6 DAGs
[2023-08-27T17:33:32.520+0000] {logging_mixin.py:149} INFO - [2023-08-27T17:33:32.520+0000] {dag.py:3490} INFO - Setting next_dagrun for dataset_consumes_1 to None, run_after=None
[2023-08-27T17:33:32.523+0000] {logging_mixin.py:149} INFO - [2023-08-27T17:33:32.523+0000] {dag.py:3490} INFO - Setting next_dagrun for dataset_consumes_1_and_2 to None, run_after=None
[2023-08-27T17:33:32.525+0000] {logging_mixin.py:149} INFO - [2023-08-27T17:33:32.524+0000] {dag.py:3490} INFO - Setting next_dagrun for dataset_consumes_1_never_scheduled to None, run_after=None
[2023-08-27T17:33:32.526+0000] {logging_mixin.py:149} INFO - [2023-08-27T17:33:32.526+0000] {dag.py:3490} INFO - Setting next_dagrun for dataset_consumes_unknown_never_scheduled to None, run_after=None
[2023-08-27T17:33:32.528+0000] {logging_mixin.py:149} INFO - [2023-08-27T17:33:32.528+0000] {dag.py:3490} INFO - Setting next_dagrun for dataset_produces_1 to 2023-08-26T00:00:00+00:00, run_after=2023-08-27T00:00:00+00:00
[2023-08-27T17:33:32.529+0000] {logging_mixin.py:149} INFO - [2023-08-27T17:33:32.529+0000] {dag.py:3490} INFO - Setting next_dagrun for dataset_produces_2 to None, run_after=None
[2023-08-27T17:33:32.549+0000] {processor.py:179} INFO - Processing /home/airflow/.local/lib/python3.7/site-packages/airflow/example_dags/example_datasets.py took 0.098 seconds
[2023-08-27T17:34:06.745+0000] {processor.py:157} INFO - Started process (PID=82822) to work on /home/airflow/.local/lib/python3.7/site-packages/airflow/example_dags/example_datasets.py
[2023-08-27T17:34:06.747+0000] {processor.py:826} INFO - Processing file /home/airflow/.local/lib/python3.7/site-packages/airflow/example_dags/example_datasets.py for tasks to queue
[2023-08-27T17:34:06.747+0000] {logging_mixin.py:149} INFO - [2023-08-27T17:34:06.747+0000] {dagbag.py:541} INFO - Filling up the DagBag from /home/airflow/.local/lib/python3.7/site-packages/airflow/example_dags/example_datasets.py
[2023-08-27T17:34:06.759+0000] {processor.py:836} INFO - DAG(s) dict_keys(['dataset_produces_2', 'dataset_consumes_1', 'dataset_consumes_unknown_never_scheduled', 'dataset_consumes_1_and_2', 'dataset_consumes_1_never_scheduled', 'dataset_produces_1']) retrieved from /home/airflow/.local/lib/python3.7/site-packages/airflow/example_dags/example_datasets.py
[2023-08-27T17:34:06.801+0000] {logging_mixin.py:149} INFO - [2023-08-27T17:34:06.801+0000] {dag.py:2726} INFO - Sync 6 DAGs
[2023-08-27T17:34:06.821+0000] {logging_mixin.py:149} INFO - [2023-08-27T17:34:06.821+0000] {dag.py:3490} INFO - Setting next_dagrun for dataset_consumes_1 to None, run_after=None
[2023-08-27T17:34:06.824+0000] {logging_mixin.py:149} INFO - [2023-08-27T17:34:06.824+0000] {dag.py:3490} INFO - Setting next_dagrun for dataset_consumes_1_and_2 to None, run_after=None
[2023-08-27T17:34:06.825+0000] {logging_mixin.py:149} INFO - [2023-08-27T17:34:06.825+0000] {dag.py:3490} INFO - Setting next_dagrun for dataset_consumes_1_never_scheduled to None, run_after=None
[2023-08-27T17:34:06.826+0000] {logging_mixin.py:149} INFO - [2023-08-27T17:34:06.826+0000] {dag.py:3490} INFO - Setting next_dagrun for dataset_consumes_unknown_never_scheduled to None, run_after=None
[2023-08-27T17:34:06.828+0000] {logging_mixin.py:149} INFO - [2023-08-27T17:34:06.828+0000] {dag.py:3490} INFO - Setting next_dagrun for dataset_produces_1 to 2023-08-26T00:00:00+00:00, run_after=2023-08-27T00:00:00+00:00
[2023-08-27T17:34:06.829+0000] {logging_mixin.py:149} INFO - [2023-08-27T17:34:06.829+0000] {dag.py:3490} INFO - Setting next_dagrun for dataset_produces_2 to None, run_after=None
[2023-08-27T17:34:06.850+0000] {processor.py:179} INFO - Processing /home/airflow/.local/lib/python3.7/site-packages/airflow/example_dags/example_datasets.py took 0.110 seconds
[2023-08-27T17:34:41.261+0000] {processor.py:157} INFO - Started process (PID=82888) to work on /home/airflow/.local/lib/python3.7/site-packages/airflow/example_dags/example_datasets.py
[2023-08-27T17:34:41.265+0000] {processor.py:826} INFO - Processing file /home/airflow/.local/lib/python3.7/site-packages/airflow/example_dags/example_datasets.py for tasks to queue
[2023-08-27T17:34:41.272+0000] {logging_mixin.py:149} INFO - [2023-08-27T17:34:41.272+0000] {dagbag.py:541} INFO - Filling up the DagBag from /home/airflow/.local/lib/python3.7/site-packages/airflow/example_dags/example_datasets.py
[2023-08-27T17:34:41.282+0000] {processor.py:836} INFO - DAG(s) dict_keys(['dataset_produces_2', 'dataset_consumes_unknown_never_scheduled', 'dataset_consumes_1_never_scheduled', 'dataset_consumes_1', 'dataset_produces_1', 'dataset_consumes_1_and_2']) retrieved from /home/airflow/.local/lib/python3.7/site-packages/airflow/example_dags/example_datasets.py
[2023-08-27T17:34:41.310+0000] {logging_mixin.py:149} INFO - [2023-08-27T17:34:41.309+0000] {dag.py:2726} INFO - Sync 6 DAGs
[2023-08-27T17:34:41.335+0000] {logging_mixin.py:149} INFO - [2023-08-27T17:34:41.335+0000] {dag.py:3490} INFO - Setting next_dagrun for dataset_consumes_1 to None, run_after=None
[2023-08-27T17:34:41.339+0000] {logging_mixin.py:149} INFO - [2023-08-27T17:34:41.339+0000] {dag.py:3490} INFO - Setting next_dagrun for dataset_consumes_1_and_2 to None, run_after=None
[2023-08-27T17:34:41.345+0000] {logging_mixin.py:149} INFO - [2023-08-27T17:34:41.345+0000] {dag.py:3490} INFO - Setting next_dagrun for dataset_consumes_1_never_scheduled to None, run_after=None
[2023-08-27T17:34:41.347+0000] {logging_mixin.py:149} INFO - [2023-08-27T17:34:41.347+0000] {dag.py:3490} INFO - Setting next_dagrun for dataset_consumes_unknown_never_scheduled to None, run_after=None
[2023-08-27T17:34:41.350+0000] {logging_mixin.py:149} INFO - [2023-08-27T17:34:41.350+0000] {dag.py:3490} INFO - Setting next_dagrun for dataset_produces_1 to 2023-08-26T00:00:00+00:00, run_after=2023-08-27T00:00:00+00:00
[2023-08-27T17:34:41.352+0000] {logging_mixin.py:149} INFO - [2023-08-27T17:34:41.352+0000] {dag.py:3490} INFO - Setting next_dagrun for dataset_produces_2 to None, run_after=None
[2023-08-27T17:34:41.386+0000] {processor.py:179} INFO - Processing /home/airflow/.local/lib/python3.7/site-packages/airflow/example_dags/example_datasets.py took 0.129 seconds
[2023-08-27T17:35:15.399+0000] {processor.py:157} INFO - Started process (PID=82954) to work on /home/airflow/.local/lib/python3.7/site-packages/airflow/example_dags/example_datasets.py
[2023-08-27T17:35:15.400+0000] {processor.py:826} INFO - Processing file /home/airflow/.local/lib/python3.7/site-packages/airflow/example_dags/example_datasets.py for tasks to queue
[2023-08-27T17:35:15.401+0000] {logging_mixin.py:149} INFO - [2023-08-27T17:35:15.401+0000] {dagbag.py:541} INFO - Filling up the DagBag from /home/airflow/.local/lib/python3.7/site-packages/airflow/example_dags/example_datasets.py
[2023-08-27T17:35:15.415+0000] {processor.py:836} INFO - DAG(s) dict_keys(['dataset_consumes_1_never_scheduled', 'dataset_produces_1', 'dataset_consumes_unknown_never_scheduled', 'dataset_produces_2', 'dataset_consumes_1_and_2', 'dataset_consumes_1']) retrieved from /home/airflow/.local/lib/python3.7/site-packages/airflow/example_dags/example_datasets.py
[2023-08-27T17:35:15.481+0000] {logging_mixin.py:149} INFO - [2023-08-27T17:35:15.481+0000] {dag.py:2726} INFO - Sync 6 DAGs
[2023-08-27T17:35:15.514+0000] {logging_mixin.py:149} INFO - [2023-08-27T17:35:15.514+0000] {dag.py:3490} INFO - Setting next_dagrun for dataset_consumes_1 to None, run_after=None
[2023-08-27T17:35:15.518+0000] {logging_mixin.py:149} INFO - [2023-08-27T17:35:15.518+0000] {dag.py:3490} INFO - Setting next_dagrun for dataset_consumes_1_and_2 to None, run_after=None
[2023-08-27T17:35:15.522+0000] {logging_mixin.py:149} INFO - [2023-08-27T17:35:15.522+0000] {dag.py:3490} INFO - Setting next_dagrun for dataset_consumes_1_never_scheduled to None, run_after=None
[2023-08-27T17:35:15.525+0000] {logging_mixin.py:149} INFO - [2023-08-27T17:35:15.525+0000] {dag.py:3490} INFO - Setting next_dagrun for dataset_consumes_unknown_never_scheduled to None, run_after=None
[2023-08-27T17:35:15.528+0000] {logging_mixin.py:149} INFO - [2023-08-27T17:35:15.528+0000] {dag.py:3490} INFO - Setting next_dagrun for dataset_produces_1 to 2023-08-26T00:00:00+00:00, run_after=2023-08-27T00:00:00+00:00
[2023-08-27T17:35:15.529+0000] {logging_mixin.py:149} INFO - [2023-08-27T17:35:15.529+0000] {dag.py:3490} INFO - Setting next_dagrun for dataset_produces_2 to None, run_after=None
[2023-08-27T17:35:15.564+0000] {processor.py:179} INFO - Processing /home/airflow/.local/lib/python3.7/site-packages/airflow/example_dags/example_datasets.py took 0.168 seconds
[2023-08-27T17:35:50.066+0000] {processor.py:157} INFO - Started process (PID=83021) to work on /home/airflow/.local/lib/python3.7/site-packages/airflow/example_dags/example_datasets.py
[2023-08-27T17:35:50.067+0000] {processor.py:826} INFO - Processing file /home/airflow/.local/lib/python3.7/site-packages/airflow/example_dags/example_datasets.py for tasks to queue
[2023-08-27T17:35:50.068+0000] {logging_mixin.py:149} INFO - [2023-08-27T17:35:50.068+0000] {dagbag.py:541} INFO - Filling up the DagBag from /home/airflow/.local/lib/python3.7/site-packages/airflow/example_dags/example_datasets.py
[2023-08-27T17:35:50.084+0000] {processor.py:836} INFO - DAG(s) dict_keys(['dataset_produces_2', 'dataset_consumes_1_and_2', 'dataset_consumes_unknown_never_scheduled', 'dataset_consumes_1', 'dataset_produces_1', 'dataset_consumes_1_never_scheduled']) retrieved from /home/airflow/.local/lib/python3.7/site-packages/airflow/example_dags/example_datasets.py
[2023-08-27T17:35:50.112+0000] {logging_mixin.py:149} INFO - [2023-08-27T17:35:50.112+0000] {dag.py:2726} INFO - Sync 6 DAGs
[2023-08-27T17:35:50.129+0000] {logging_mixin.py:149} INFO - [2023-08-27T17:35:50.129+0000] {dag.py:3490} INFO - Setting next_dagrun for dataset_consumes_1 to None, run_after=None
[2023-08-27T17:35:50.132+0000] {logging_mixin.py:149} INFO - [2023-08-27T17:35:50.132+0000] {dag.py:3490} INFO - Setting next_dagrun for dataset_consumes_1_and_2 to None, run_after=None
[2023-08-27T17:35:50.133+0000] {logging_mixin.py:149} INFO - [2023-08-27T17:35:50.133+0000] {dag.py:3490} INFO - Setting next_dagrun for dataset_consumes_1_never_scheduled to None, run_after=None
[2023-08-27T17:35:50.134+0000] {logging_mixin.py:149} INFO - [2023-08-27T17:35:50.134+0000] {dag.py:3490} INFO - Setting next_dagrun for dataset_consumes_unknown_never_scheduled to None, run_after=None
[2023-08-27T17:35:50.136+0000] {logging_mixin.py:149} INFO - [2023-08-27T17:35:50.136+0000] {dag.py:3490} INFO - Setting next_dagrun for dataset_produces_1 to 2023-08-26T00:00:00+00:00, run_after=2023-08-27T00:00:00+00:00
[2023-08-27T17:35:50.137+0000] {logging_mixin.py:149} INFO - [2023-08-27T17:35:50.137+0000] {dag.py:3490} INFO - Setting next_dagrun for dataset_produces_2 to None, run_after=None
[2023-08-27T17:35:50.159+0000] {processor.py:179} INFO - Processing /home/airflow/.local/lib/python3.7/site-packages/airflow/example_dags/example_datasets.py took 0.096 seconds
[2023-08-27T17:36:24.620+0000] {processor.py:157} INFO - Started process (PID=83087) to work on /home/airflow/.local/lib/python3.7/site-packages/airflow/example_dags/example_datasets.py
[2023-08-27T17:36:24.621+0000] {processor.py:826} INFO - Processing file /home/airflow/.local/lib/python3.7/site-packages/airflow/example_dags/example_datasets.py for tasks to queue
[2023-08-27T17:36:24.622+0000] {logging_mixin.py:149} INFO - [2023-08-27T17:36:24.622+0000] {dagbag.py:541} INFO - Filling up the DagBag from /home/airflow/.local/lib/python3.7/site-packages/airflow/example_dags/example_datasets.py
[2023-08-27T17:36:24.630+0000] {processor.py:836} INFO - DAG(s) dict_keys(['dataset_produces_1', 'dataset_consumes_unknown_never_scheduled', 'dataset_produces_2', 'dataset_consumes_1', 'dataset_consumes_1_never_scheduled', 'dataset_consumes_1_and_2']) retrieved from /home/airflow/.local/lib/python3.7/site-packages/airflow/example_dags/example_datasets.py
[2023-08-27T17:36:24.669+0000] {logging_mixin.py:149} INFO - [2023-08-27T17:36:24.668+0000] {dag.py:2726} INFO - Sync 6 DAGs
[2023-08-27T17:36:24.691+0000] {logging_mixin.py:149} INFO - [2023-08-27T17:36:24.690+0000] {dag.py:3490} INFO - Setting next_dagrun for dataset_consumes_1 to None, run_after=None
[2023-08-27T17:36:24.693+0000] {logging_mixin.py:149} INFO - [2023-08-27T17:36:24.693+0000] {dag.py:3490} INFO - Setting next_dagrun for dataset_consumes_1_and_2 to None, run_after=None
[2023-08-27T17:36:24.694+0000] {logging_mixin.py:149} INFO - [2023-08-27T17:36:24.694+0000] {dag.py:3490} INFO - Setting next_dagrun for dataset_consumes_1_never_scheduled to None, run_after=None
[2023-08-27T17:36:24.696+0000] {logging_mixin.py:149} INFO - [2023-08-27T17:36:24.695+0000] {dag.py:3490} INFO - Setting next_dagrun for dataset_consumes_unknown_never_scheduled to None, run_after=None
[2023-08-27T17:36:24.698+0000] {logging_mixin.py:149} INFO - [2023-08-27T17:36:24.697+0000] {dag.py:3490} INFO - Setting next_dagrun for dataset_produces_1 to 2023-08-26T00:00:00+00:00, run_after=2023-08-27T00:00:00+00:00
[2023-08-27T17:36:24.699+0000] {logging_mixin.py:149} INFO - [2023-08-27T17:36:24.699+0000] {dag.py:3490} INFO - Setting next_dagrun for dataset_produces_2 to None, run_after=None
[2023-08-27T17:36:24.718+0000] {processor.py:179} INFO - Processing /home/airflow/.local/lib/python3.7/site-packages/airflow/example_dags/example_datasets.py took 0.104 seconds
[2023-08-27T17:36:57.864+0000] {processor.py:157} INFO - Started process (PID=83153) to work on /home/airflow/.local/lib/python3.7/site-packages/airflow/example_dags/example_datasets.py
[2023-08-27T17:36:57.866+0000] {processor.py:826} INFO - Processing file /home/airflow/.local/lib/python3.7/site-packages/airflow/example_dags/example_datasets.py for tasks to queue
[2023-08-27T17:36:57.866+0000] {logging_mixin.py:149} INFO - [2023-08-27T17:36:57.866+0000] {dagbag.py:541} INFO - Filling up the DagBag from /home/airflow/.local/lib/python3.7/site-packages/airflow/example_dags/example_datasets.py
[2023-08-27T17:36:57.874+0000] {processor.py:836} INFO - DAG(s) dict_keys(['dataset_produces_1', 'dataset_consumes_unknown_never_scheduled', 'dataset_consumes_1', 'dataset_consumes_1_and_2', 'dataset_consumes_1_never_scheduled', 'dataset_produces_2']) retrieved from /home/airflow/.local/lib/python3.7/site-packages/airflow/example_dags/example_datasets.py
[2023-08-27T17:36:57.903+0000] {logging_mixin.py:149} INFO - [2023-08-27T17:36:57.903+0000] {dag.py:2726} INFO - Sync 6 DAGs
[2023-08-27T17:36:57.925+0000] {logging_mixin.py:149} INFO - [2023-08-27T17:36:57.925+0000] {dag.py:3490} INFO - Setting next_dagrun for dataset_consumes_1 to None, run_after=None
[2023-08-27T17:36:57.928+0000] {logging_mixin.py:149} INFO - [2023-08-27T17:36:57.928+0000] {dag.py:3490} INFO - Setting next_dagrun for dataset_consumes_1_and_2 to None, run_after=None
[2023-08-27T17:36:57.930+0000] {logging_mixin.py:149} INFO - [2023-08-27T17:36:57.930+0000] {dag.py:3490} INFO - Setting next_dagrun for dataset_consumes_1_never_scheduled to None, run_after=None
[2023-08-27T17:36:57.931+0000] {logging_mixin.py:149} INFO - [2023-08-27T17:36:57.931+0000] {dag.py:3490} INFO - Setting next_dagrun for dataset_consumes_unknown_never_scheduled to None, run_after=None
[2023-08-27T17:36:57.933+0000] {logging_mixin.py:149} INFO - [2023-08-27T17:36:57.933+0000] {dag.py:3490} INFO - Setting next_dagrun for dataset_produces_1 to 2023-08-26T00:00:00+00:00, run_after=2023-08-27T00:00:00+00:00
[2023-08-27T17:36:57.934+0000] {logging_mixin.py:149} INFO - [2023-08-27T17:36:57.934+0000] {dag.py:3490} INFO - Setting next_dagrun for dataset_produces_2 to None, run_after=None
[2023-08-27T17:36:57.957+0000] {processor.py:179} INFO - Processing /home/airflow/.local/lib/python3.7/site-packages/airflow/example_dags/example_datasets.py took 0.096 seconds
[2023-08-27T17:37:32.265+0000] {processor.py:157} INFO - Started process (PID=83226) to work on /home/airflow/.local/lib/python3.7/site-packages/airflow/example_dags/example_datasets.py
[2023-08-27T17:37:32.267+0000] {processor.py:826} INFO - Processing file /home/airflow/.local/lib/python3.7/site-packages/airflow/example_dags/example_datasets.py for tasks to queue
[2023-08-27T17:37:32.271+0000] {logging_mixin.py:149} INFO - [2023-08-27T17:37:32.271+0000] {dagbag.py:541} INFO - Filling up the DagBag from /home/airflow/.local/lib/python3.7/site-packages/airflow/example_dags/example_datasets.py
[2023-08-27T17:37:32.295+0000] {processor.py:836} INFO - DAG(s) dict_keys(['dataset_consumes_unknown_never_scheduled', 'dataset_consumes_1', 'dataset_produces_2', 'dataset_produces_1', 'dataset_consumes_1_never_scheduled', 'dataset_consumes_1_and_2']) retrieved from /home/airflow/.local/lib/python3.7/site-packages/airflow/example_dags/example_datasets.py
[2023-08-27T17:37:32.330+0000] {logging_mixin.py:149} INFO - [2023-08-27T17:37:32.330+0000] {dag.py:2726} INFO - Sync 6 DAGs
[2023-08-27T17:37:32.354+0000] {logging_mixin.py:149} INFO - [2023-08-27T17:37:32.354+0000] {dag.py:3490} INFO - Setting next_dagrun for dataset_consumes_1 to None, run_after=None
[2023-08-27T17:37:32.356+0000] {logging_mixin.py:149} INFO - [2023-08-27T17:37:32.356+0000] {dag.py:3490} INFO - Setting next_dagrun for dataset_consumes_1_and_2 to None, run_after=None
[2023-08-27T17:37:32.358+0000] {logging_mixin.py:149} INFO - [2023-08-27T17:37:32.358+0000] {dag.py:3490} INFO - Setting next_dagrun for dataset_consumes_1_never_scheduled to None, run_after=None
[2023-08-27T17:37:32.359+0000] {logging_mixin.py:149} INFO - [2023-08-27T17:37:32.359+0000] {dag.py:3490} INFO - Setting next_dagrun for dataset_consumes_unknown_never_scheduled to None, run_after=None
[2023-08-27T17:37:32.361+0000] {logging_mixin.py:149} INFO - [2023-08-27T17:37:32.361+0000] {dag.py:3490} INFO - Setting next_dagrun for dataset_produces_1 to 2023-08-26T00:00:00+00:00, run_after=2023-08-27T00:00:00+00:00
[2023-08-27T17:37:32.362+0000] {logging_mixin.py:149} INFO - [2023-08-27T17:37:32.362+0000] {dag.py:3490} INFO - Setting next_dagrun for dataset_produces_2 to None, run_after=None
[2023-08-27T17:37:32.380+0000] {processor.py:179} INFO - Processing /home/airflow/.local/lib/python3.7/site-packages/airflow/example_dags/example_datasets.py took 0.120 seconds
[2023-08-27T17:38:06.602+0000] {processor.py:157} INFO - Started process (PID=83292) to work on /home/airflow/.local/lib/python3.7/site-packages/airflow/example_dags/example_datasets.py
[2023-08-27T17:38:06.603+0000] {processor.py:826} INFO - Processing file /home/airflow/.local/lib/python3.7/site-packages/airflow/example_dags/example_datasets.py for tasks to queue
[2023-08-27T17:38:06.604+0000] {logging_mixin.py:149} INFO - [2023-08-27T17:38:06.604+0000] {dagbag.py:541} INFO - Filling up the DagBag from /home/airflow/.local/lib/python3.7/site-packages/airflow/example_dags/example_datasets.py
[2023-08-27T17:38:06.611+0000] {processor.py:836} INFO - DAG(s) dict_keys(['dataset_consumes_unknown_never_scheduled', 'dataset_consumes_1_never_scheduled', 'dataset_consumes_1', 'dataset_produces_2', 'dataset_produces_1', 'dataset_consumes_1_and_2']) retrieved from /home/airflow/.local/lib/python3.7/site-packages/airflow/example_dags/example_datasets.py
[2023-08-27T17:38:06.640+0000] {logging_mixin.py:149} INFO - [2023-08-27T17:38:06.640+0000] {dag.py:2726} INFO - Sync 6 DAGs
[2023-08-27T17:38:06.657+0000] {logging_mixin.py:149} INFO - [2023-08-27T17:38:06.657+0000] {dag.py:3490} INFO - Setting next_dagrun for dataset_consumes_1 to None, run_after=None
[2023-08-27T17:38:06.659+0000] {logging_mixin.py:149} INFO - [2023-08-27T17:38:06.659+0000] {dag.py:3490} INFO - Setting next_dagrun for dataset_consumes_1_and_2 to None, run_after=None
[2023-08-27T17:38:06.661+0000] {logging_mixin.py:149} INFO - [2023-08-27T17:38:06.661+0000] {dag.py:3490} INFO - Setting next_dagrun for dataset_consumes_1_never_scheduled to None, run_after=None
[2023-08-27T17:38:06.662+0000] {logging_mixin.py:149} INFO - [2023-08-27T17:38:06.662+0000] {dag.py:3490} INFO - Setting next_dagrun for dataset_consumes_unknown_never_scheduled to None, run_after=None
[2023-08-27T17:38:06.664+0000] {logging_mixin.py:149} INFO - [2023-08-27T17:38:06.664+0000] {dag.py:3490} INFO - Setting next_dagrun for dataset_produces_1 to 2023-08-26T00:00:00+00:00, run_after=2023-08-27T00:00:00+00:00
[2023-08-27T17:38:06.665+0000] {logging_mixin.py:149} INFO - [2023-08-27T17:38:06.665+0000] {dag.py:3490} INFO - Setting next_dagrun for dataset_produces_2 to None, run_after=None
[2023-08-27T17:38:06.683+0000] {processor.py:179} INFO - Processing /home/airflow/.local/lib/python3.7/site-packages/airflow/example_dags/example_datasets.py took 0.084 seconds
[2023-08-27T17:38:40.735+0000] {processor.py:157} INFO - Started process (PID=83358) to work on /home/airflow/.local/lib/python3.7/site-packages/airflow/example_dags/example_datasets.py
[2023-08-27T17:38:40.736+0000] {processor.py:826} INFO - Processing file /home/airflow/.local/lib/python3.7/site-packages/airflow/example_dags/example_datasets.py for tasks to queue
[2023-08-27T17:38:40.737+0000] {logging_mixin.py:149} INFO - [2023-08-27T17:38:40.737+0000] {dagbag.py:541} INFO - Filling up the DagBag from /home/airflow/.local/lib/python3.7/site-packages/airflow/example_dags/example_datasets.py
[2023-08-27T17:38:40.744+0000] {processor.py:836} INFO - DAG(s) dict_keys(['dataset_produces_2', 'dataset_produces_1', 'dataset_consumes_unknown_never_scheduled', 'dataset_consumes_1_never_scheduled', 'dataset_consumes_1', 'dataset_consumes_1_and_2']) retrieved from /home/airflow/.local/lib/python3.7/site-packages/airflow/example_dags/example_datasets.py
[2023-08-27T17:38:40.779+0000] {logging_mixin.py:149} INFO - [2023-08-27T17:38:40.779+0000] {dag.py:2726} INFO - Sync 6 DAGs
[2023-08-27T17:38:40.796+0000] {logging_mixin.py:149} INFO - [2023-08-27T17:38:40.796+0000] {dag.py:3490} INFO - Setting next_dagrun for dataset_consumes_1 to None, run_after=None
[2023-08-27T17:38:40.799+0000] {logging_mixin.py:149} INFO - [2023-08-27T17:38:40.798+0000] {dag.py:3490} INFO - Setting next_dagrun for dataset_consumes_1_and_2 to None, run_after=None
[2023-08-27T17:38:40.800+0000] {logging_mixin.py:149} INFO - [2023-08-27T17:38:40.800+0000] {dag.py:3490} INFO - Setting next_dagrun for dataset_consumes_1_never_scheduled to None, run_after=None
[2023-08-27T17:38:40.801+0000] {logging_mixin.py:149} INFO - [2023-08-27T17:38:40.801+0000] {dag.py:3490} INFO - Setting next_dagrun for dataset_consumes_unknown_never_scheduled to None, run_after=None
[2023-08-27T17:38:40.803+0000] {logging_mixin.py:149} INFO - [2023-08-27T17:38:40.803+0000] {dag.py:3490} INFO - Setting next_dagrun for dataset_produces_1 to 2023-08-26T00:00:00+00:00, run_after=2023-08-27T00:00:00+00:00
[2023-08-27T17:38:40.804+0000] {logging_mixin.py:149} INFO - [2023-08-27T17:38:40.804+0000] {dag.py:3490} INFO - Setting next_dagrun for dataset_produces_2 to None, run_after=None
[2023-08-27T17:38:40.821+0000] {processor.py:179} INFO - Processing /home/airflow/.local/lib/python3.7/site-packages/airflow/example_dags/example_datasets.py took 0.089 seconds
[2023-08-27T18:41:33.178+0000] {processor.py:157} INFO - Started process (PID=83417) to work on /home/airflow/.local/lib/python3.7/site-packages/airflow/example_dags/example_datasets.py
[2023-08-27T18:41:33.183+0000] {processor.py:826} INFO - Processing file /home/airflow/.local/lib/python3.7/site-packages/airflow/example_dags/example_datasets.py for tasks to queue
[2023-08-27T18:41:33.184+0000] {logging_mixin.py:149} INFO - [2023-08-27T18:41:33.184+0000] {dagbag.py:541} INFO - Filling up the DagBag from /home/airflow/.local/lib/python3.7/site-packages/airflow/example_dags/example_datasets.py
[2023-08-27T18:41:33.195+0000] {processor.py:836} INFO - DAG(s) dict_keys(['dataset_consumes_1', 'dataset_consumes_unknown_never_scheduled', 'dataset_consumes_1_never_scheduled', 'dataset_produces_2', 'dataset_produces_1', 'dataset_consumes_1_and_2']) retrieved from /home/airflow/.local/lib/python3.7/site-packages/airflow/example_dags/example_datasets.py
[2023-08-27T18:41:33.225+0000] {logging_mixin.py:149} INFO - [2023-08-27T18:41:33.225+0000] {dag.py:2726} INFO - Sync 6 DAGs
[2023-08-27T18:41:33.251+0000] {logging_mixin.py:149} INFO - [2023-08-27T18:41:33.251+0000] {dag.py:3490} INFO - Setting next_dagrun for dataset_consumes_1 to None, run_after=None
[2023-08-27T18:41:33.254+0000] {logging_mixin.py:149} INFO - [2023-08-27T18:41:33.254+0000] {dag.py:3490} INFO - Setting next_dagrun for dataset_consumes_1_and_2 to None, run_after=None
[2023-08-27T18:41:33.255+0000] {logging_mixin.py:149} INFO - [2023-08-27T18:41:33.255+0000] {dag.py:3490} INFO - Setting next_dagrun for dataset_consumes_1_never_scheduled to None, run_after=None
[2023-08-27T18:41:33.256+0000] {logging_mixin.py:149} INFO - [2023-08-27T18:41:33.256+0000] {dag.py:3490} INFO - Setting next_dagrun for dataset_consumes_unknown_never_scheduled to None, run_after=None
[2023-08-27T18:41:33.259+0000] {logging_mixin.py:149} INFO - [2023-08-27T18:41:33.259+0000] {dag.py:3490} INFO - Setting next_dagrun for dataset_produces_1 to 2023-08-26T00:00:00+00:00, run_after=2023-08-27T00:00:00+00:00
[2023-08-27T18:41:33.260+0000] {logging_mixin.py:149} INFO - [2023-08-27T18:41:33.260+0000] {dag.py:3490} INFO - Setting next_dagrun for dataset_produces_2 to None, run_after=None
[2023-08-27T18:41:33.289+0000] {processor.py:179} INFO - Processing /home/airflow/.local/lib/python3.7/site-packages/airflow/example_dags/example_datasets.py took 0.115 seconds
[2023-08-27T19:17:18.368+0000] {processor.py:157} INFO - Started process (PID=83483) to work on /home/airflow/.local/lib/python3.7/site-packages/airflow/example_dags/example_datasets.py
[2023-08-27T19:17:18.369+0000] {processor.py:826} INFO - Processing file /home/airflow/.local/lib/python3.7/site-packages/airflow/example_dags/example_datasets.py for tasks to queue
[2023-08-27T19:17:18.370+0000] {logging_mixin.py:149} INFO - [2023-08-27T19:17:18.370+0000] {dagbag.py:541} INFO - Filling up the DagBag from /home/airflow/.local/lib/python3.7/site-packages/airflow/example_dags/example_datasets.py
[2023-08-27T19:17:18.377+0000] {processor.py:836} INFO - DAG(s) dict_keys(['dataset_produces_2', 'dataset_consumes_1_never_scheduled', 'dataset_consumes_unknown_never_scheduled', 'dataset_produces_1', 'dataset_consumes_1_and_2', 'dataset_consumes_1']) retrieved from /home/airflow/.local/lib/python3.7/site-packages/airflow/example_dags/example_datasets.py
[2023-08-27T19:17:18.406+0000] {logging_mixin.py:149} INFO - [2023-08-27T19:17:18.406+0000] {dag.py:2726} INFO - Sync 6 DAGs
[2023-08-27T19:17:18.424+0000] {logging_mixin.py:149} INFO - [2023-08-27T19:17:18.424+0000] {dag.py:3490} INFO - Setting next_dagrun for dataset_consumes_1 to None, run_after=None
[2023-08-27T19:17:18.426+0000] {logging_mixin.py:149} INFO - [2023-08-27T19:17:18.426+0000] {dag.py:3490} INFO - Setting next_dagrun for dataset_consumes_1_and_2 to None, run_after=None
[2023-08-27T19:17:18.428+0000] {logging_mixin.py:149} INFO - [2023-08-27T19:17:18.427+0000] {dag.py:3490} INFO - Setting next_dagrun for dataset_consumes_1_never_scheduled to None, run_after=None
[2023-08-27T19:17:18.428+0000] {logging_mixin.py:149} INFO - [2023-08-27T19:17:18.428+0000] {dag.py:3490} INFO - Setting next_dagrun for dataset_consumes_unknown_never_scheduled to None, run_after=None
[2023-08-27T19:17:18.430+0000] {logging_mixin.py:149} INFO - [2023-08-27T19:17:18.430+0000] {dag.py:3490} INFO - Setting next_dagrun for dataset_produces_1 to 2023-08-26T00:00:00+00:00, run_after=2023-08-27T00:00:00+00:00
[2023-08-27T19:17:18.432+0000] {logging_mixin.py:149} INFO - [2023-08-27T19:17:18.431+0000] {dag.py:3490} INFO - Setting next_dagrun for dataset_produces_2 to None, run_after=None
[2023-08-27T19:17:18.450+0000] {processor.py:179} INFO - Processing /home/airflow/.local/lib/python3.7/site-packages/airflow/example_dags/example_datasets.py took 0.085 seconds
[2023-08-27T21:41:19.027+0000] {processor.py:157} INFO - Started process (PID=83549) to work on /home/airflow/.local/lib/python3.7/site-packages/airflow/example_dags/example_datasets.py
[2023-08-27T21:41:19.033+0000] {processor.py:826} INFO - Processing file /home/airflow/.local/lib/python3.7/site-packages/airflow/example_dags/example_datasets.py for tasks to queue
[2023-08-27T21:41:19.034+0000] {logging_mixin.py:149} INFO - [2023-08-27T21:41:19.034+0000] {dagbag.py:541} INFO - Filling up the DagBag from /home/airflow/.local/lib/python3.7/site-packages/airflow/example_dags/example_datasets.py
[2023-08-27T21:41:19.042+0000] {processor.py:836} INFO - DAG(s) dict_keys(['dataset_consumes_1_and_2', 'dataset_produces_1', 'dataset_consumes_unknown_never_scheduled', 'dataset_produces_2', 'dataset_consumes_1_never_scheduled', 'dataset_consumes_1']) retrieved from /home/airflow/.local/lib/python3.7/site-packages/airflow/example_dags/example_datasets.py
[2023-08-27T21:41:19.075+0000] {logging_mixin.py:149} INFO - [2023-08-27T21:41:19.074+0000] {dag.py:2726} INFO - Sync 6 DAGs
[2023-08-27T21:41:19.093+0000] {logging_mixin.py:149} INFO - [2023-08-27T21:41:19.093+0000] {dag.py:3490} INFO - Setting next_dagrun for dataset_consumes_1 to None, run_after=None
[2023-08-27T21:41:19.096+0000] {logging_mixin.py:149} INFO - [2023-08-27T21:41:19.096+0000] {dag.py:3490} INFO - Setting next_dagrun for dataset_consumes_1_and_2 to None, run_after=None
[2023-08-27T21:41:19.098+0000] {logging_mixin.py:149} INFO - [2023-08-27T21:41:19.098+0000] {dag.py:3490} INFO - Setting next_dagrun for dataset_consumes_1_never_scheduled to None, run_after=None
[2023-08-27T21:41:19.099+0000] {logging_mixin.py:149} INFO - [2023-08-27T21:41:19.099+0000] {dag.py:3490} INFO - Setting next_dagrun for dataset_consumes_unknown_never_scheduled to None, run_after=None
[2023-08-27T21:41:19.102+0000] {logging_mixin.py:149} INFO - [2023-08-27T21:41:19.102+0000] {dag.py:3490} INFO - Setting next_dagrun for dataset_produces_1 to 2023-08-26T00:00:00+00:00, run_after=2023-08-27T00:00:00+00:00
[2023-08-27T21:41:19.103+0000] {logging_mixin.py:149} INFO - [2023-08-27T21:41:19.103+0000] {dag.py:3490} INFO - Setting next_dagrun for dataset_produces_2 to None, run_after=None
[2023-08-27T21:41:19.123+0000] {processor.py:179} INFO - Processing /home/airflow/.local/lib/python3.7/site-packages/airflow/example_dags/example_datasets.py took 0.099 seconds
[2023-08-27T21:49:28.731+0000] {processor.py:157} INFO - Started process (PID=83616) to work on /home/airflow/.local/lib/python3.7/site-packages/airflow/example_dags/example_datasets.py
[2023-08-27T21:49:28.732+0000] {processor.py:826} INFO - Processing file /home/airflow/.local/lib/python3.7/site-packages/airflow/example_dags/example_datasets.py for tasks to queue
[2023-08-27T21:49:28.733+0000] {logging_mixin.py:149} INFO - [2023-08-27T21:49:28.733+0000] {dagbag.py:541} INFO - Filling up the DagBag from /home/airflow/.local/lib/python3.7/site-packages/airflow/example_dags/example_datasets.py
[2023-08-27T21:49:28.741+0000] {processor.py:836} INFO - DAG(s) dict_keys(['dataset_consumes_unknown_never_scheduled', 'dataset_produces_2', 'dataset_produces_1', 'dataset_consumes_1_and_2', 'dataset_consumes_1_never_scheduled', 'dataset_consumes_1']) retrieved from /home/airflow/.local/lib/python3.7/site-packages/airflow/example_dags/example_datasets.py
[2023-08-27T21:49:28.770+0000] {logging_mixin.py:149} INFO - [2023-08-27T21:49:28.770+0000] {dag.py:2726} INFO - Sync 6 DAGs
[2023-08-27T21:49:28.792+0000] {logging_mixin.py:149} INFO - [2023-08-27T21:49:28.792+0000] {dag.py:3490} INFO - Setting next_dagrun for dataset_consumes_1 to None, run_after=None
[2023-08-27T21:49:28.795+0000] {logging_mixin.py:149} INFO - [2023-08-27T21:49:28.795+0000] {dag.py:3490} INFO - Setting next_dagrun for dataset_consumes_1_and_2 to None, run_after=None
[2023-08-27T21:49:28.796+0000] {logging_mixin.py:149} INFO - [2023-08-27T21:49:28.796+0000] {dag.py:3490} INFO - Setting next_dagrun for dataset_consumes_1_never_scheduled to None, run_after=None
[2023-08-27T21:49:28.797+0000] {logging_mixin.py:149} INFO - [2023-08-27T21:49:28.797+0000] {dag.py:3490} INFO - Setting next_dagrun for dataset_consumes_unknown_never_scheduled to None, run_after=None
[2023-08-27T21:49:28.799+0000] {logging_mixin.py:149} INFO - [2023-08-27T21:49:28.799+0000] {dag.py:3490} INFO - Setting next_dagrun for dataset_produces_1 to 2023-08-26T00:00:00+00:00, run_after=2023-08-27T00:00:00+00:00
[2023-08-27T21:49:28.801+0000] {logging_mixin.py:149} INFO - [2023-08-27T21:49:28.801+0000] {dag.py:3490} INFO - Setting next_dagrun for dataset_produces_2 to None, run_after=None
[2023-08-27T21:49:28.825+0000] {processor.py:179} INFO - Processing /home/airflow/.local/lib/python3.7/site-packages/airflow/example_dags/example_datasets.py took 0.096 seconds
[2023-08-27T22:05:57.964+0000] {processor.py:157} INFO - Started process (PID=83682) to work on /home/airflow/.local/lib/python3.7/site-packages/airflow/example_dags/example_datasets.py
[2023-08-27T22:05:57.966+0000] {processor.py:826} INFO - Processing file /home/airflow/.local/lib/python3.7/site-packages/airflow/example_dags/example_datasets.py for tasks to queue
[2023-08-27T22:05:57.968+0000] {logging_mixin.py:149} INFO - [2023-08-27T22:05:57.968+0000] {dagbag.py:541} INFO - Filling up the DagBag from /home/airflow/.local/lib/python3.7/site-packages/airflow/example_dags/example_datasets.py
[2023-08-27T22:05:57.982+0000] {processor.py:836} INFO - DAG(s) dict_keys(['dataset_produces_2', 'dataset_consumes_1_and_2', 'dataset_consumes_unknown_never_scheduled', 'dataset_consumes_1', 'dataset_produces_1', 'dataset_consumes_1_never_scheduled']) retrieved from /home/airflow/.local/lib/python3.7/site-packages/airflow/example_dags/example_datasets.py
[2023-08-27T22:05:58.032+0000] {logging_mixin.py:149} INFO - [2023-08-27T22:05:58.032+0000] {dag.py:2726} INFO - Sync 6 DAGs
[2023-08-27T22:05:58.064+0000] {logging_mixin.py:149} INFO - [2023-08-27T22:05:58.064+0000] {dag.py:3490} INFO - Setting next_dagrun for dataset_consumes_1 to None, run_after=None
[2023-08-27T22:05:58.069+0000] {logging_mixin.py:149} INFO - [2023-08-27T22:05:58.069+0000] {dag.py:3490} INFO - Setting next_dagrun for dataset_consumes_1_and_2 to None, run_after=None
[2023-08-27T22:05:58.071+0000] {logging_mixin.py:149} INFO - [2023-08-27T22:05:58.071+0000] {dag.py:3490} INFO - Setting next_dagrun for dataset_consumes_1_never_scheduled to None, run_after=None
[2023-08-27T22:05:58.073+0000] {logging_mixin.py:149} INFO - [2023-08-27T22:05:58.073+0000] {dag.py:3490} INFO - Setting next_dagrun for dataset_consumes_unknown_never_scheduled to None, run_after=None
[2023-08-27T22:05:58.074+0000] {logging_mixin.py:149} INFO - [2023-08-27T22:05:58.074+0000] {dag.py:3490} INFO - Setting next_dagrun for dataset_produces_1 to 2023-08-26T00:00:00+00:00, run_after=2023-08-27T00:00:00+00:00
[2023-08-27T22:05:58.075+0000] {logging_mixin.py:149} INFO - [2023-08-27T22:05:58.075+0000] {dag.py:3490} INFO - Setting next_dagrun for dataset_produces_2 to None, run_after=None
[2023-08-27T22:05:58.108+0000] {processor.py:179} INFO - Processing /home/airflow/.local/lib/python3.7/site-packages/airflow/example_dags/example_datasets.py took 0.147 seconds
[2023-08-27T22:20:42.537+0000] {processor.py:157} INFO - Started process (PID=83748) to work on /home/airflow/.local/lib/python3.7/site-packages/airflow/example_dags/example_datasets.py
[2023-08-27T22:20:42.539+0000] {processor.py:826} INFO - Processing file /home/airflow/.local/lib/python3.7/site-packages/airflow/example_dags/example_datasets.py for tasks to queue
[2023-08-27T22:20:42.540+0000] {logging_mixin.py:149} INFO - [2023-08-27T22:20:42.540+0000] {dagbag.py:541} INFO - Filling up the DagBag from /home/airflow/.local/lib/python3.7/site-packages/airflow/example_dags/example_datasets.py
[2023-08-27T22:20:42.552+0000] {processor.py:836} INFO - DAG(s) dict_keys(['dataset_consumes_unknown_never_scheduled', 'dataset_consumes_1_never_scheduled', 'dataset_consumes_1_and_2', 'dataset_consumes_1', 'dataset_produces_1', 'dataset_produces_2']) retrieved from /home/airflow/.local/lib/python3.7/site-packages/airflow/example_dags/example_datasets.py
[2023-08-27T22:20:42.584+0000] {logging_mixin.py:149} INFO - [2023-08-27T22:20:42.584+0000] {dag.py:2726} INFO - Sync 6 DAGs
[2023-08-27T22:20:42.603+0000] {logging_mixin.py:149} INFO - [2023-08-27T22:20:42.603+0000] {dag.py:3490} INFO - Setting next_dagrun for dataset_consumes_1 to None, run_after=None
[2023-08-27T22:20:42.609+0000] {logging_mixin.py:149} INFO - [2023-08-27T22:20:42.609+0000] {dag.py:3490} INFO - Setting next_dagrun for dataset_consumes_1_and_2 to None, run_after=None
[2023-08-27T22:20:42.610+0000] {logging_mixin.py:149} INFO - [2023-08-27T22:20:42.610+0000] {dag.py:3490} INFO - Setting next_dagrun for dataset_consumes_1_never_scheduled to None, run_after=None
[2023-08-27T22:20:42.611+0000] {logging_mixin.py:149} INFO - [2023-08-27T22:20:42.611+0000] {dag.py:3490} INFO - Setting next_dagrun for dataset_consumes_unknown_never_scheduled to None, run_after=None
[2023-08-27T22:20:42.614+0000] {logging_mixin.py:149} INFO - [2023-08-27T22:20:42.614+0000] {dag.py:3490} INFO - Setting next_dagrun for dataset_produces_1 to 2023-08-26T00:00:00+00:00, run_after=2023-08-27T00:00:00+00:00
[2023-08-27T22:20:42.616+0000] {logging_mixin.py:149} INFO - [2023-08-27T22:20:42.616+0000] {dag.py:3490} INFO - Setting next_dagrun for dataset_produces_2 to None, run_after=None
[2023-08-27T22:20:42.646+0000] {processor.py:179} INFO - Processing /home/airflow/.local/lib/python3.7/site-packages/airflow/example_dags/example_datasets.py took 0.112 seconds
