[2023-08-27T00:38:34.111+0000] {processor.py:157} INFO - Started process (PID=82086) to work on /home/airflow/.local/lib/python3.7/site-packages/airflow/example_dags/example_branch_day_of_week_operator.py
[2023-08-27T00:38:34.112+0000] {processor.py:826} INFO - Processing file /home/airflow/.local/lib/python3.7/site-packages/airflow/example_dags/example_branch_day_of_week_operator.py for tasks to queue
[2023-08-27T00:38:34.113+0000] {logging_mixin.py:149} INFO - [2023-08-27T00:38:34.113+0000] {dagbag.py:541} INFO - Filling up the DagBag from /home/airflow/.local/lib/python3.7/site-packages/airflow/example_dags/example_branch_day_of_week_operator.py
[2023-08-27T00:38:34.119+0000] {processor.py:836} INFO - DAG(s) dict_keys(['example_weekday_branch_operator']) retrieved from /home/airflow/.local/lib/python3.7/site-packages/airflow/example_dags/example_branch_day_of_week_operator.py
[2023-08-27T00:38:34.143+0000] {logging_mixin.py:149} INFO - [2023-08-27T00:38:34.142+0000] {dag.py:2726} INFO - Sync 1 DAGs
[2023-08-27T00:38:34.160+0000] {logging_mixin.py:149} INFO - [2023-08-27T00:38:34.160+0000] {dag.py:3490} INFO - Setting next_dagrun for example_weekday_branch_operator to 2023-08-26T00:00:00+00:00, run_after=2023-08-27T00:00:00+00:00
[2023-08-27T00:38:34.176+0000] {processor.py:179} INFO - Processing /home/airflow/.local/lib/python3.7/site-packages/airflow/example_dags/example_branch_day_of_week_operator.py took 0.069 seconds
[2023-08-27T02:09:37.811+0000] {processor.py:157} INFO - Started process (PID=82152) to work on /home/airflow/.local/lib/python3.7/site-packages/airflow/example_dags/example_branch_day_of_week_operator.py
[2023-08-27T02:09:37.813+0000] {processor.py:826} INFO - Processing file /home/airflow/.local/lib/python3.7/site-packages/airflow/example_dags/example_branch_day_of_week_operator.py for tasks to queue
[2023-08-27T02:09:37.813+0000] {logging_mixin.py:149} INFO - [2023-08-27T02:09:37.813+0000] {dagbag.py:541} INFO - Filling up the DagBag from /home/airflow/.local/lib/python3.7/site-packages/airflow/example_dags/example_branch_day_of_week_operator.py
[2023-08-27T02:09:37.820+0000] {processor.py:836} INFO - DAG(s) dict_keys(['example_weekday_branch_operator']) retrieved from /home/airflow/.local/lib/python3.7/site-packages/airflow/example_dags/example_branch_day_of_week_operator.py
[2023-08-27T02:09:37.853+0000] {logging_mixin.py:149} INFO - [2023-08-27T02:09:37.853+0000] {dag.py:2726} INFO - Sync 1 DAGs
[2023-08-27T02:09:37.875+0000] {logging_mixin.py:149} INFO - [2023-08-27T02:09:37.875+0000] {dag.py:3490} INFO - Setting next_dagrun for example_weekday_branch_operator to 2023-08-26T00:00:00+00:00, run_after=2023-08-27T00:00:00+00:00
[2023-08-27T02:09:37.887+0000] {processor.py:179} INFO - Processing /home/airflow/.local/lib/python3.7/site-packages/airflow/example_dags/example_branch_day_of_week_operator.py took 0.079 seconds
[2023-08-27T04:15:57.804+0000] {processor.py:157} INFO - Started process (PID=82219) to work on /home/airflow/.local/lib/python3.7/site-packages/airflow/example_dags/example_branch_day_of_week_operator.py
[2023-08-27T04:15:57.805+0000] {processor.py:826} INFO - Processing file /home/airflow/.local/lib/python3.7/site-packages/airflow/example_dags/example_branch_day_of_week_operator.py for tasks to queue
[2023-08-27T04:15:57.805+0000] {logging_mixin.py:149} INFO - [2023-08-27T04:15:57.805+0000] {dagbag.py:541} INFO - Filling up the DagBag from /home/airflow/.local/lib/python3.7/site-packages/airflow/example_dags/example_branch_day_of_week_operator.py
[2023-08-27T04:15:57.811+0000] {processor.py:836} INFO - DAG(s) dict_keys(['example_weekday_branch_operator']) retrieved from /home/airflow/.local/lib/python3.7/site-packages/airflow/example_dags/example_branch_day_of_week_operator.py
[2023-08-27T04:15:57.835+0000] {logging_mixin.py:149} INFO - [2023-08-27T04:15:57.835+0000] {dag.py:2726} INFO - Sync 1 DAGs
[2023-08-27T04:15:57.855+0000] {logging_mixin.py:149} INFO - [2023-08-27T04:15:57.855+0000] {dag.py:3490} INFO - Setting next_dagrun for example_weekday_branch_operator to 2023-08-26T00:00:00+00:00, run_after=2023-08-27T00:00:00+00:00
[2023-08-27T04:15:57.867+0000] {processor.py:179} INFO - Processing /home/airflow/.local/lib/python3.7/site-packages/airflow/example_dags/example_branch_day_of_week_operator.py took 0.066 seconds
[2023-08-27T05:17:57.972+0000] {processor.py:157} INFO - Started process (PID=82285) to work on /home/airflow/.local/lib/python3.7/site-packages/airflow/example_dags/example_branch_day_of_week_operator.py
[2023-08-27T05:17:57.973+0000] {processor.py:826} INFO - Processing file /home/airflow/.local/lib/python3.7/site-packages/airflow/example_dags/example_branch_day_of_week_operator.py for tasks to queue
[2023-08-27T05:17:57.974+0000] {logging_mixin.py:149} INFO - [2023-08-27T05:17:57.974+0000] {dagbag.py:541} INFO - Filling up the DagBag from /home/airflow/.local/lib/python3.7/site-packages/airflow/example_dags/example_branch_day_of_week_operator.py
[2023-08-27T05:17:57.983+0000] {processor.py:836} INFO - DAG(s) dict_keys(['example_weekday_branch_operator']) retrieved from /home/airflow/.local/lib/python3.7/site-packages/airflow/example_dags/example_branch_day_of_week_operator.py
[2023-08-27T05:17:58.005+0000] {logging_mixin.py:149} INFO - [2023-08-27T05:17:58.005+0000] {dag.py:2726} INFO - Sync 1 DAGs
[2023-08-27T05:17:58.023+0000] {logging_mixin.py:149} INFO - [2023-08-27T05:17:58.023+0000] {dag.py:3490} INFO - Setting next_dagrun for example_weekday_branch_operator to 2023-08-26T00:00:00+00:00, run_after=2023-08-27T00:00:00+00:00
[2023-08-27T05:17:58.061+0000] {processor.py:179} INFO - Processing /home/airflow/.local/lib/python3.7/site-packages/airflow/example_dags/example_branch_day_of_week_operator.py took 0.095 seconds
[2023-08-27T06:52:21.209+0000] {processor.py:157} INFO - Started process (PID=82352) to work on /home/airflow/.local/lib/python3.7/site-packages/airflow/example_dags/example_branch_day_of_week_operator.py
[2023-08-27T06:52:21.210+0000] {processor.py:826} INFO - Processing file /home/airflow/.local/lib/python3.7/site-packages/airflow/example_dags/example_branch_day_of_week_operator.py for tasks to queue
[2023-08-27T06:52:21.210+0000] {logging_mixin.py:149} INFO - [2023-08-27T06:52:21.210+0000] {dagbag.py:541} INFO - Filling up the DagBag from /home/airflow/.local/lib/python3.7/site-packages/airflow/example_dags/example_branch_day_of_week_operator.py
[2023-08-27T06:52:21.216+0000] {processor.py:836} INFO - DAG(s) dict_keys(['example_weekday_branch_operator']) retrieved from /home/airflow/.local/lib/python3.7/site-packages/airflow/example_dags/example_branch_day_of_week_operator.py
[2023-08-27T06:52:21.235+0000] {logging_mixin.py:149} INFO - [2023-08-27T06:52:21.235+0000] {dag.py:2726} INFO - Sync 1 DAGs
[2023-08-27T06:52:21.251+0000] {logging_mixin.py:149} INFO - [2023-08-27T06:52:21.251+0000] {dag.py:3490} INFO - Setting next_dagrun for example_weekday_branch_operator to 2023-08-26T00:00:00+00:00, run_after=2023-08-27T00:00:00+00:00
[2023-08-27T06:52:21.262+0000] {processor.py:179} INFO - Processing /home/airflow/.local/lib/python3.7/site-packages/airflow/example_dags/example_branch_day_of_week_operator.py took 0.056 seconds
[2023-08-27T11:05:26.376+0000] {processor.py:157} INFO - Started process (PID=82418) to work on /home/airflow/.local/lib/python3.7/site-packages/airflow/example_dags/example_branch_day_of_week_operator.py
[2023-08-27T11:05:26.377+0000] {processor.py:826} INFO - Processing file /home/airflow/.local/lib/python3.7/site-packages/airflow/example_dags/example_branch_day_of_week_operator.py for tasks to queue
[2023-08-27T11:05:26.378+0000] {logging_mixin.py:149} INFO - [2023-08-27T11:05:26.378+0000] {dagbag.py:541} INFO - Filling up the DagBag from /home/airflow/.local/lib/python3.7/site-packages/airflow/example_dags/example_branch_day_of_week_operator.py
[2023-08-27T11:05:26.385+0000] {processor.py:836} INFO - DAG(s) dict_keys(['example_weekday_branch_operator']) retrieved from /home/airflow/.local/lib/python3.7/site-packages/airflow/example_dags/example_branch_day_of_week_operator.py
[2023-08-27T11:05:26.408+0000] {logging_mixin.py:149} INFO - [2023-08-27T11:05:26.407+0000] {dag.py:2726} INFO - Sync 1 DAGs
[2023-08-27T11:05:26.424+0000] {logging_mixin.py:149} INFO - [2023-08-27T11:05:26.424+0000] {dag.py:3490} INFO - Setting next_dagrun for example_weekday_branch_operator to 2023-08-26T00:00:00+00:00, run_after=2023-08-27T00:00:00+00:00
[2023-08-27T11:05:26.440+0000] {processor.py:179} INFO - Processing /home/airflow/.local/lib/python3.7/site-packages/airflow/example_dags/example_branch_day_of_week_operator.py took 0.070 seconds
[2023-08-27T13:53:22.628+0000] {processor.py:157} INFO - Started process (PID=82484) to work on /home/airflow/.local/lib/python3.7/site-packages/airflow/example_dags/example_branch_day_of_week_operator.py
[2023-08-27T13:53:22.629+0000] {processor.py:826} INFO - Processing file /home/airflow/.local/lib/python3.7/site-packages/airflow/example_dags/example_branch_day_of_week_operator.py for tasks to queue
[2023-08-27T13:53:22.630+0000] {logging_mixin.py:149} INFO - [2023-08-27T13:53:22.630+0000] {dagbag.py:541} INFO - Filling up the DagBag from /home/airflow/.local/lib/python3.7/site-packages/airflow/example_dags/example_branch_day_of_week_operator.py
[2023-08-27T13:53:22.635+0000] {processor.py:836} INFO - DAG(s) dict_keys(['example_weekday_branch_operator']) retrieved from /home/airflow/.local/lib/python3.7/site-packages/airflow/example_dags/example_branch_day_of_week_operator.py
[2023-08-27T13:53:22.658+0000] {logging_mixin.py:149} INFO - [2023-08-27T13:53:22.658+0000] {dag.py:2726} INFO - Sync 1 DAGs
[2023-08-27T13:53:22.675+0000] {logging_mixin.py:149} INFO - [2023-08-27T13:53:22.675+0000] {dag.py:3490} INFO - Setting next_dagrun for example_weekday_branch_operator to 2023-08-26T00:00:00+00:00, run_after=2023-08-27T00:00:00+00:00
[2023-08-27T13:53:22.685+0000] {processor.py:179} INFO - Processing /home/airflow/.local/lib/python3.7/site-packages/airflow/example_dags/example_branch_day_of_week_operator.py took 0.060 seconds
[2023-08-27T13:56:35.944+0000] {processor.py:157} INFO - Started process (PID=82550) to work on /home/airflow/.local/lib/python3.7/site-packages/airflow/example_dags/example_branch_day_of_week_operator.py
[2023-08-27T13:56:35.945+0000] {processor.py:826} INFO - Processing file /home/airflow/.local/lib/python3.7/site-packages/airflow/example_dags/example_branch_day_of_week_operator.py for tasks to queue
[2023-08-27T13:56:35.946+0000] {logging_mixin.py:149} INFO - [2023-08-27T13:56:35.946+0000] {dagbag.py:541} INFO - Filling up the DagBag from /home/airflow/.local/lib/python3.7/site-packages/airflow/example_dags/example_branch_day_of_week_operator.py
[2023-08-27T13:56:35.951+0000] {processor.py:836} INFO - DAG(s) dict_keys(['example_weekday_branch_operator']) retrieved from /home/airflow/.local/lib/python3.7/site-packages/airflow/example_dags/example_branch_day_of_week_operator.py
[2023-08-27T13:56:35.984+0000] {logging_mixin.py:149} INFO - [2023-08-27T13:56:35.984+0000] {dag.py:2726} INFO - Sync 1 DAGs
[2023-08-27T13:56:36.004+0000] {logging_mixin.py:149} INFO - [2023-08-27T13:56:36.004+0000] {dag.py:3490} INFO - Setting next_dagrun for example_weekday_branch_operator to 2023-08-26T00:00:00+00:00, run_after=2023-08-27T00:00:00+00:00
[2023-08-27T13:56:36.015+0000] {processor.py:179} INFO - Processing /home/airflow/.local/lib/python3.7/site-packages/airflow/example_dags/example_branch_day_of_week_operator.py took 0.073 seconds
[2023-08-27T14:25:12.597+0000] {processor.py:157} INFO - Started process (PID=82615) to work on /home/airflow/.local/lib/python3.7/site-packages/airflow/example_dags/example_branch_day_of_week_operator.py
[2023-08-27T14:25:12.598+0000] {processor.py:826} INFO - Processing file /home/airflow/.local/lib/python3.7/site-packages/airflow/example_dags/example_branch_day_of_week_operator.py for tasks to queue
[2023-08-27T14:25:12.598+0000] {logging_mixin.py:149} INFO - [2023-08-27T14:25:12.598+0000] {dagbag.py:541} INFO - Filling up the DagBag from /home/airflow/.local/lib/python3.7/site-packages/airflow/example_dags/example_branch_day_of_week_operator.py
[2023-08-27T14:25:12.603+0000] {processor.py:836} INFO - DAG(s) dict_keys(['example_weekday_branch_operator']) retrieved from /home/airflow/.local/lib/python3.7/site-packages/airflow/example_dags/example_branch_day_of_week_operator.py
[2023-08-27T14:25:12.626+0000] {logging_mixin.py:149} INFO - [2023-08-27T14:25:12.626+0000] {dag.py:2726} INFO - Sync 1 DAGs
[2023-08-27T14:25:12.650+0000] {logging_mixin.py:149} INFO - [2023-08-27T14:25:12.650+0000] {dag.py:3490} INFO - Setting next_dagrun for example_weekday_branch_operator to 2023-08-26T00:00:00+00:00, run_after=2023-08-27T00:00:00+00:00
[2023-08-27T14:25:12.664+0000] {processor.py:179} INFO - Processing /home/airflow/.local/lib/python3.7/site-packages/airflow/example_dags/example_branch_day_of_week_operator.py took 0.070 seconds
[2023-08-27T17:32:59.026+0000] {processor.py:157} INFO - Started process (PID=82681) to work on /home/airflow/.local/lib/python3.7/site-packages/airflow/example_dags/example_branch_day_of_week_operator.py
[2023-08-27T17:32:59.028+0000] {processor.py:826} INFO - Processing file /home/airflow/.local/lib/python3.7/site-packages/airflow/example_dags/example_branch_day_of_week_operator.py for tasks to queue
[2023-08-27T17:32:59.030+0000] {logging_mixin.py:149} INFO - [2023-08-27T17:32:59.030+0000] {dagbag.py:541} INFO - Filling up the DagBag from /home/airflow/.local/lib/python3.7/site-packages/airflow/example_dags/example_branch_day_of_week_operator.py
[2023-08-27T17:32:59.037+0000] {processor.py:836} INFO - DAG(s) dict_keys(['example_weekday_branch_operator']) retrieved from /home/airflow/.local/lib/python3.7/site-packages/airflow/example_dags/example_branch_day_of_week_operator.py
[2023-08-27T17:32:59.064+0000] {logging_mixin.py:149} INFO - [2023-08-27T17:32:59.064+0000] {dag.py:2726} INFO - Sync 1 DAGs
[2023-08-27T17:32:59.113+0000] {logging_mixin.py:149} INFO - [2023-08-27T17:32:59.113+0000] {dag.py:3490} INFO - Setting next_dagrun for example_weekday_branch_operator to 2023-08-26T00:00:00+00:00, run_after=2023-08-27T00:00:00+00:00
[2023-08-27T17:32:59.131+0000] {processor.py:179} INFO - Processing /home/airflow/.local/lib/python3.7/site-packages/airflow/example_dags/example_branch_day_of_week_operator.py took 0.109 seconds
[2023-08-27T17:33:32.295+0000] {processor.py:157} INFO - Started process (PID=82753) to work on /home/airflow/.local/lib/python3.7/site-packages/airflow/example_dags/example_branch_day_of_week_operator.py
[2023-08-27T17:33:32.296+0000] {processor.py:826} INFO - Processing file /home/airflow/.local/lib/python3.7/site-packages/airflow/example_dags/example_branch_day_of_week_operator.py for tasks to queue
[2023-08-27T17:33:32.297+0000] {logging_mixin.py:149} INFO - [2023-08-27T17:33:32.297+0000] {dagbag.py:541} INFO - Filling up the DagBag from /home/airflow/.local/lib/python3.7/site-packages/airflow/example_dags/example_branch_day_of_week_operator.py
[2023-08-27T17:33:32.309+0000] {processor.py:836} INFO - DAG(s) dict_keys(['example_weekday_branch_operator']) retrieved from /home/airflow/.local/lib/python3.7/site-packages/airflow/example_dags/example_branch_day_of_week_operator.py
[2023-08-27T17:33:32.332+0000] {logging_mixin.py:149} INFO - [2023-08-27T17:33:32.332+0000] {dag.py:2726} INFO - Sync 1 DAGs
[2023-08-27T17:33:32.349+0000] {logging_mixin.py:149} INFO - [2023-08-27T17:33:32.349+0000] {dag.py:3490} INFO - Setting next_dagrun for example_weekday_branch_operator to 2023-08-26T00:00:00+00:00, run_after=2023-08-27T00:00:00+00:00
[2023-08-27T17:33:32.368+0000] {processor.py:179} INFO - Processing /home/airflow/.local/lib/python3.7/site-packages/airflow/example_dags/example_branch_day_of_week_operator.py took 0.077 seconds
[2023-08-27T17:34:06.585+0000] {processor.py:157} INFO - Started process (PID=82819) to work on /home/airflow/.local/lib/python3.7/site-packages/airflow/example_dags/example_branch_day_of_week_operator.py
[2023-08-27T17:34:06.586+0000] {processor.py:826} INFO - Processing file /home/airflow/.local/lib/python3.7/site-packages/airflow/example_dags/example_branch_day_of_week_operator.py for tasks to queue
[2023-08-27T17:34:06.589+0000] {logging_mixin.py:149} INFO - [2023-08-27T17:34:06.589+0000] {dagbag.py:541} INFO - Filling up the DagBag from /home/airflow/.local/lib/python3.7/site-packages/airflow/example_dags/example_branch_day_of_week_operator.py
[2023-08-27T17:34:06.595+0000] {processor.py:836} INFO - DAG(s) dict_keys(['example_weekday_branch_operator']) retrieved from /home/airflow/.local/lib/python3.7/site-packages/airflow/example_dags/example_branch_day_of_week_operator.py
[2023-08-27T17:34:06.621+0000] {logging_mixin.py:149} INFO - [2023-08-27T17:34:06.621+0000] {dag.py:2726} INFO - Sync 1 DAGs
[2023-08-27T17:34:06.638+0000] {logging_mixin.py:149} INFO - [2023-08-27T17:34:06.638+0000] {dag.py:3490} INFO - Setting next_dagrun for example_weekday_branch_operator to 2023-08-26T00:00:00+00:00, run_after=2023-08-27T00:00:00+00:00
[2023-08-27T17:34:06.660+0000] {processor.py:179} INFO - Processing /home/airflow/.local/lib/python3.7/site-packages/airflow/example_dags/example_branch_day_of_week_operator.py took 0.078 seconds
[2023-08-27T17:34:40.993+0000] {processor.py:157} INFO - Started process (PID=82885) to work on /home/airflow/.local/lib/python3.7/site-packages/airflow/example_dags/example_branch_day_of_week_operator.py
[2023-08-27T17:34:40.994+0000] {processor.py:826} INFO - Processing file /home/airflow/.local/lib/python3.7/site-packages/airflow/example_dags/example_branch_day_of_week_operator.py for tasks to queue
[2023-08-27T17:34:40.995+0000] {logging_mixin.py:149} INFO - [2023-08-27T17:34:40.995+0000] {dagbag.py:541} INFO - Filling up the DagBag from /home/airflow/.local/lib/python3.7/site-packages/airflow/example_dags/example_branch_day_of_week_operator.py
[2023-08-27T17:34:41.001+0000] {processor.py:836} INFO - DAG(s) dict_keys(['example_weekday_branch_operator']) retrieved from /home/airflow/.local/lib/python3.7/site-packages/airflow/example_dags/example_branch_day_of_week_operator.py
[2023-08-27T17:34:41.052+0000] {logging_mixin.py:149} INFO - [2023-08-27T17:34:41.052+0000] {dag.py:2726} INFO - Sync 1 DAGs
[2023-08-27T17:34:41.080+0000] {logging_mixin.py:149} INFO - [2023-08-27T17:34:41.079+0000] {dag.py:3490} INFO - Setting next_dagrun for example_weekday_branch_operator to 2023-08-26T00:00:00+00:00, run_after=2023-08-27T00:00:00+00:00
[2023-08-27T17:34:41.101+0000] {processor.py:179} INFO - Processing /home/airflow/.local/lib/python3.7/site-packages/airflow/example_dags/example_branch_day_of_week_operator.py took 0.110 seconds
[2023-08-27T17:35:15.156+0000] {processor.py:157} INFO - Started process (PID=82951) to work on /home/airflow/.local/lib/python3.7/site-packages/airflow/example_dags/example_branch_day_of_week_operator.py
[2023-08-27T17:35:15.157+0000] {processor.py:826} INFO - Processing file /home/airflow/.local/lib/python3.7/site-packages/airflow/example_dags/example_branch_day_of_week_operator.py for tasks to queue
[2023-08-27T17:35:15.159+0000] {logging_mixin.py:149} INFO - [2023-08-27T17:35:15.158+0000] {dagbag.py:541} INFO - Filling up the DagBag from /home/airflow/.local/lib/python3.7/site-packages/airflow/example_dags/example_branch_day_of_week_operator.py
[2023-08-27T17:35:15.171+0000] {processor.py:836} INFO - DAG(s) dict_keys(['example_weekday_branch_operator']) retrieved from /home/airflow/.local/lib/python3.7/site-packages/airflow/example_dags/example_branch_day_of_week_operator.py
[2023-08-27T17:35:15.219+0000] {logging_mixin.py:149} INFO - [2023-08-27T17:35:15.219+0000] {dag.py:2726} INFO - Sync 1 DAGs
[2023-08-27T17:35:15.252+0000] {logging_mixin.py:149} INFO - [2023-08-27T17:35:15.252+0000] {dag.py:3490} INFO - Setting next_dagrun for example_weekday_branch_operator to 2023-08-26T00:00:00+00:00, run_after=2023-08-27T00:00:00+00:00
[2023-08-27T17:35:15.272+0000] {processor.py:179} INFO - Processing /home/airflow/.local/lib/python3.7/site-packages/airflow/example_dags/example_branch_day_of_week_operator.py took 0.122 seconds
[2023-08-27T17:35:49.921+0000] {processor.py:157} INFO - Started process (PID=83018) to work on /home/airflow/.local/lib/python3.7/site-packages/airflow/example_dags/example_branch_day_of_week_operator.py
[2023-08-27T17:35:49.922+0000] {processor.py:826} INFO - Processing file /home/airflow/.local/lib/python3.7/site-packages/airflow/example_dags/example_branch_day_of_week_operator.py for tasks to queue
[2023-08-27T17:35:49.923+0000] {logging_mixin.py:149} INFO - [2023-08-27T17:35:49.923+0000] {dagbag.py:541} INFO - Filling up the DagBag from /home/airflow/.local/lib/python3.7/site-packages/airflow/example_dags/example_branch_day_of_week_operator.py
[2023-08-27T17:35:49.930+0000] {processor.py:836} INFO - DAG(s) dict_keys(['example_weekday_branch_operator']) retrieved from /home/airflow/.local/lib/python3.7/site-packages/airflow/example_dags/example_branch_day_of_week_operator.py
[2023-08-27T17:35:49.952+0000] {logging_mixin.py:149} INFO - [2023-08-27T17:35:49.952+0000] {dag.py:2726} INFO - Sync 1 DAGs
[2023-08-27T17:35:49.970+0000] {logging_mixin.py:149} INFO - [2023-08-27T17:35:49.970+0000] {dag.py:3490} INFO - Setting next_dagrun for example_weekday_branch_operator to 2023-08-26T00:00:00+00:00, run_after=2023-08-27T00:00:00+00:00
[2023-08-27T17:35:49.981+0000] {processor.py:179} INFO - Processing /home/airflow/.local/lib/python3.7/site-packages/airflow/example_dags/example_branch_day_of_week_operator.py took 0.062 seconds
[2023-08-27T17:36:24.444+0000] {processor.py:157} INFO - Started process (PID=83084) to work on /home/airflow/.local/lib/python3.7/site-packages/airflow/example_dags/example_branch_day_of_week_operator.py
[2023-08-27T17:36:24.457+0000] {processor.py:826} INFO - Processing file /home/airflow/.local/lib/python3.7/site-packages/airflow/example_dags/example_branch_day_of_week_operator.py for tasks to queue
[2023-08-27T17:36:24.458+0000] {logging_mixin.py:149} INFO - [2023-08-27T17:36:24.458+0000] {dagbag.py:541} INFO - Filling up the DagBag from /home/airflow/.local/lib/python3.7/site-packages/airflow/example_dags/example_branch_day_of_week_operator.py
[2023-08-27T17:36:24.465+0000] {processor.py:836} INFO - DAG(s) dict_keys(['example_weekday_branch_operator']) retrieved from /home/airflow/.local/lib/python3.7/site-packages/airflow/example_dags/example_branch_day_of_week_operator.py
[2023-08-27T17:36:24.492+0000] {logging_mixin.py:149} INFO - [2023-08-27T17:36:24.492+0000] {dag.py:2726} INFO - Sync 1 DAGs
[2023-08-27T17:36:24.510+0000] {logging_mixin.py:149} INFO - [2023-08-27T17:36:24.510+0000] {dag.py:3490} INFO - Setting next_dagrun for example_weekday_branch_operator to 2023-08-26T00:00:00+00:00, run_after=2023-08-27T00:00:00+00:00
[2023-08-27T17:36:24.533+0000] {processor.py:179} INFO - Processing /home/airflow/.local/lib/python3.7/site-packages/airflow/example_dags/example_branch_day_of_week_operator.py took 0.092 seconds
[2023-08-27T17:36:57.698+0000] {processor.py:157} INFO - Started process (PID=83150) to work on /home/airflow/.local/lib/python3.7/site-packages/airflow/example_dags/example_branch_day_of_week_operator.py
[2023-08-27T17:36:57.699+0000] {processor.py:826} INFO - Processing file /home/airflow/.local/lib/python3.7/site-packages/airflow/example_dags/example_branch_day_of_week_operator.py for tasks to queue
[2023-08-27T17:36:57.699+0000] {logging_mixin.py:149} INFO - [2023-08-27T17:36:57.699+0000] {dagbag.py:541} INFO - Filling up the DagBag from /home/airflow/.local/lib/python3.7/site-packages/airflow/example_dags/example_branch_day_of_week_operator.py
[2023-08-27T17:36:57.706+0000] {processor.py:836} INFO - DAG(s) dict_keys(['example_weekday_branch_operator']) retrieved from /home/airflow/.local/lib/python3.7/site-packages/airflow/example_dags/example_branch_day_of_week_operator.py
[2023-08-27T17:36:57.743+0000] {logging_mixin.py:149} INFO - [2023-08-27T17:36:57.743+0000] {dag.py:2726} INFO - Sync 1 DAGs
[2023-08-27T17:36:57.766+0000] {logging_mixin.py:149} INFO - [2023-08-27T17:36:57.766+0000] {dag.py:3490} INFO - Setting next_dagrun for example_weekday_branch_operator to 2023-08-26T00:00:00+00:00, run_after=2023-08-27T00:00:00+00:00
[2023-08-27T17:36:57.778+0000] {processor.py:179} INFO - Processing /home/airflow/.local/lib/python3.7/site-packages/airflow/example_dags/example_branch_day_of_week_operator.py took 0.084 seconds
[2023-08-27T17:37:32.049+0000] {processor.py:157} INFO - Started process (PID=83223) to work on /home/airflow/.local/lib/python3.7/site-packages/airflow/example_dags/example_branch_day_of_week_operator.py
[2023-08-27T17:37:32.055+0000] {processor.py:826} INFO - Processing file /home/airflow/.local/lib/python3.7/site-packages/airflow/example_dags/example_branch_day_of_week_operator.py for tasks to queue
[2023-08-27T17:37:32.056+0000] {logging_mixin.py:149} INFO - [2023-08-27T17:37:32.056+0000] {dagbag.py:541} INFO - Filling up the DagBag from /home/airflow/.local/lib/python3.7/site-packages/airflow/example_dags/example_branch_day_of_week_operator.py
[2023-08-27T17:37:32.064+0000] {processor.py:836} INFO - DAG(s) dict_keys(['example_weekday_branch_operator']) retrieved from /home/airflow/.local/lib/python3.7/site-packages/airflow/example_dags/example_branch_day_of_week_operator.py
[2023-08-27T17:37:32.090+0000] {logging_mixin.py:149} INFO - [2023-08-27T17:37:32.090+0000] {dag.py:2726} INFO - Sync 1 DAGs
[2023-08-27T17:37:32.111+0000] {logging_mixin.py:149} INFO - [2023-08-27T17:37:32.110+0000] {dag.py:3490} INFO - Setting next_dagrun for example_weekday_branch_operator to 2023-08-26T00:00:00+00:00, run_after=2023-08-27T00:00:00+00:00
[2023-08-27T17:37:32.122+0000] {processor.py:179} INFO - Processing /home/airflow/.local/lib/python3.7/site-packages/airflow/example_dags/example_branch_day_of_week_operator.py took 0.076 seconds
[2023-08-27T17:38:06.409+0000] {processor.py:157} INFO - Started process (PID=83289) to work on /home/airflow/.local/lib/python3.7/site-packages/airflow/example_dags/example_branch_day_of_week_operator.py
[2023-08-27T17:38:06.410+0000] {processor.py:826} INFO - Processing file /home/airflow/.local/lib/python3.7/site-packages/airflow/example_dags/example_branch_day_of_week_operator.py for tasks to queue
[2023-08-27T17:38:06.411+0000] {logging_mixin.py:149} INFO - [2023-08-27T17:38:06.411+0000] {dagbag.py:541} INFO - Filling up the DagBag from /home/airflow/.local/lib/python3.7/site-packages/airflow/example_dags/example_branch_day_of_week_operator.py
[2023-08-27T17:38:06.417+0000] {processor.py:836} INFO - DAG(s) dict_keys(['example_weekday_branch_operator']) retrieved from /home/airflow/.local/lib/python3.7/site-packages/airflow/example_dags/example_branch_day_of_week_operator.py
[2023-08-27T17:38:06.449+0000] {logging_mixin.py:149} INFO - [2023-08-27T17:38:06.449+0000] {dag.py:2726} INFO - Sync 1 DAGs
[2023-08-27T17:38:06.465+0000] {logging_mixin.py:149} INFO - [2023-08-27T17:38:06.465+0000] {dag.py:3490} INFO - Setting next_dagrun for example_weekday_branch_operator to 2023-08-26T00:00:00+00:00, run_after=2023-08-27T00:00:00+00:00
[2023-08-27T17:38:06.476+0000] {processor.py:179} INFO - Processing /home/airflow/.local/lib/python3.7/site-packages/airflow/example_dags/example_branch_day_of_week_operator.py took 0.070 seconds
[2023-08-27T17:38:40.578+0000] {processor.py:157} INFO - Started process (PID=83355) to work on /home/airflow/.local/lib/python3.7/site-packages/airflow/example_dags/example_branch_day_of_week_operator.py
[2023-08-27T17:38:40.579+0000] {processor.py:826} INFO - Processing file /home/airflow/.local/lib/python3.7/site-packages/airflow/example_dags/example_branch_day_of_week_operator.py for tasks to queue
[2023-08-27T17:38:40.580+0000] {logging_mixin.py:149} INFO - [2023-08-27T17:38:40.580+0000] {dagbag.py:541} INFO - Filling up the DagBag from /home/airflow/.local/lib/python3.7/site-packages/airflow/example_dags/example_branch_day_of_week_operator.py
[2023-08-27T17:38:40.587+0000] {processor.py:836} INFO - DAG(s) dict_keys(['example_weekday_branch_operator']) retrieved from /home/airflow/.local/lib/python3.7/site-packages/airflow/example_dags/example_branch_day_of_week_operator.py
[2023-08-27T17:38:40.610+0000] {logging_mixin.py:149} INFO - [2023-08-27T17:38:40.610+0000] {dag.py:2726} INFO - Sync 1 DAGs
[2023-08-27T17:38:40.627+0000] {logging_mixin.py:149} INFO - [2023-08-27T17:38:40.627+0000] {dag.py:3490} INFO - Setting next_dagrun for example_weekday_branch_operator to 2023-08-26T00:00:00+00:00, run_after=2023-08-27T00:00:00+00:00
[2023-08-27T17:38:40.638+0000] {processor.py:179} INFO - Processing /home/airflow/.local/lib/python3.7/site-packages/airflow/example_dags/example_branch_day_of_week_operator.py took 0.063 seconds
[2023-08-27T18:41:33.009+0000] {processor.py:157} INFO - Started process (PID=83414) to work on /home/airflow/.local/lib/python3.7/site-packages/airflow/example_dags/example_branch_day_of_week_operator.py
[2023-08-27T18:41:33.010+0000] {processor.py:826} INFO - Processing file /home/airflow/.local/lib/python3.7/site-packages/airflow/example_dags/example_branch_day_of_week_operator.py for tasks to queue
[2023-08-27T18:41:33.011+0000] {logging_mixin.py:149} INFO - [2023-08-27T18:41:33.011+0000] {dagbag.py:541} INFO - Filling up the DagBag from /home/airflow/.local/lib/python3.7/site-packages/airflow/example_dags/example_branch_day_of_week_operator.py
[2023-08-27T18:41:33.016+0000] {processor.py:836} INFO - DAG(s) dict_keys(['example_weekday_branch_operator']) retrieved from /home/airflow/.local/lib/python3.7/site-packages/airflow/example_dags/example_branch_day_of_week_operator.py
[2023-08-27T18:41:33.037+0000] {logging_mixin.py:149} INFO - [2023-08-27T18:41:33.037+0000] {dag.py:2726} INFO - Sync 1 DAGs
[2023-08-27T18:41:33.053+0000] {logging_mixin.py:149} INFO - [2023-08-27T18:41:33.053+0000] {dag.py:3490} INFO - Setting next_dagrun for example_weekday_branch_operator to 2023-08-26T00:00:00+00:00, run_after=2023-08-27T00:00:00+00:00
[2023-08-27T18:41:33.064+0000] {processor.py:179} INFO - Processing /home/airflow/.local/lib/python3.7/site-packages/airflow/example_dags/example_branch_day_of_week_operator.py took 0.057 seconds
[2023-08-27T19:17:18.213+0000] {processor.py:157} INFO - Started process (PID=83480) to work on /home/airflow/.local/lib/python3.7/site-packages/airflow/example_dags/example_branch_day_of_week_operator.py
[2023-08-27T19:17:18.215+0000] {processor.py:826} INFO - Processing file /home/airflow/.local/lib/python3.7/site-packages/airflow/example_dags/example_branch_day_of_week_operator.py for tasks to queue
[2023-08-27T19:17:18.215+0000] {logging_mixin.py:149} INFO - [2023-08-27T19:17:18.215+0000] {dagbag.py:541} INFO - Filling up the DagBag from /home/airflow/.local/lib/python3.7/site-packages/airflow/example_dags/example_branch_day_of_week_operator.py
[2023-08-27T19:17:18.221+0000] {processor.py:836} INFO - DAG(s) dict_keys(['example_weekday_branch_operator']) retrieved from /home/airflow/.local/lib/python3.7/site-packages/airflow/example_dags/example_branch_day_of_week_operator.py
[2023-08-27T19:17:18.243+0000] {logging_mixin.py:149} INFO - [2023-08-27T19:17:18.243+0000] {dag.py:2726} INFO - Sync 1 DAGs
[2023-08-27T19:17:18.269+0000] {logging_mixin.py:149} INFO - [2023-08-27T19:17:18.269+0000] {dag.py:3490} INFO - Setting next_dagrun for example_weekday_branch_operator to 2023-08-26T00:00:00+00:00, run_after=2023-08-27T00:00:00+00:00
[2023-08-27T19:17:18.285+0000] {processor.py:179} INFO - Processing /home/airflow/.local/lib/python3.7/site-packages/airflow/example_dags/example_branch_day_of_week_operator.py took 0.075 seconds
[2023-08-27T21:41:18.817+0000] {processor.py:157} INFO - Started process (PID=83546) to work on /home/airflow/.local/lib/python3.7/site-packages/airflow/example_dags/example_branch_day_of_week_operator.py
[2023-08-27T21:41:18.818+0000] {processor.py:826} INFO - Processing file /home/airflow/.local/lib/python3.7/site-packages/airflow/example_dags/example_branch_day_of_week_operator.py for tasks to queue
[2023-08-27T21:41:18.822+0000] {logging_mixin.py:149} INFO - [2023-08-27T21:41:18.822+0000] {dagbag.py:541} INFO - Filling up the DagBag from /home/airflow/.local/lib/python3.7/site-packages/airflow/example_dags/example_branch_day_of_week_operator.py
[2023-08-27T21:41:18.836+0000] {processor.py:836} INFO - DAG(s) dict_keys(['example_weekday_branch_operator']) retrieved from /home/airflow/.local/lib/python3.7/site-packages/airflow/example_dags/example_branch_day_of_week_operator.py
[2023-08-27T21:41:18.860+0000] {logging_mixin.py:149} INFO - [2023-08-27T21:41:18.860+0000] {dag.py:2726} INFO - Sync 1 DAGs
[2023-08-27T21:41:18.879+0000] {logging_mixin.py:149} INFO - [2023-08-27T21:41:18.879+0000] {dag.py:3490} INFO - Setting next_dagrun for example_weekday_branch_operator to 2023-08-26T00:00:00+00:00, run_after=2023-08-27T00:00:00+00:00
[2023-08-27T21:41:18.905+0000] {processor.py:179} INFO - Processing /home/airflow/.local/lib/python3.7/site-packages/airflow/example_dags/example_branch_day_of_week_operator.py took 0.095 seconds
[2023-08-27T21:49:28.569+0000] {processor.py:157} INFO - Started process (PID=83613) to work on /home/airflow/.local/lib/python3.7/site-packages/airflow/example_dags/example_branch_day_of_week_operator.py
[2023-08-27T21:49:28.570+0000] {processor.py:826} INFO - Processing file /home/airflow/.local/lib/python3.7/site-packages/airflow/example_dags/example_branch_day_of_week_operator.py for tasks to queue
[2023-08-27T21:49:28.571+0000] {logging_mixin.py:149} INFO - [2023-08-27T21:49:28.571+0000] {dagbag.py:541} INFO - Filling up the DagBag from /home/airflow/.local/lib/python3.7/site-packages/airflow/example_dags/example_branch_day_of_week_operator.py
[2023-08-27T21:49:28.577+0000] {processor.py:836} INFO - DAG(s) dict_keys(['example_weekday_branch_operator']) retrieved from /home/airflow/.local/lib/python3.7/site-packages/airflow/example_dags/example_branch_day_of_week_operator.py
[2023-08-27T21:49:28.598+0000] {logging_mixin.py:149} INFO - [2023-08-27T21:49:28.598+0000] {dag.py:2726} INFO - Sync 1 DAGs
[2023-08-27T21:49:28.620+0000] {logging_mixin.py:149} INFO - [2023-08-27T21:49:28.620+0000] {dag.py:3490} INFO - Setting next_dagrun for example_weekday_branch_operator to 2023-08-26T00:00:00+00:00, run_after=2023-08-27T00:00:00+00:00
[2023-08-27T21:49:28.631+0000] {processor.py:179} INFO - Processing /home/airflow/.local/lib/python3.7/site-packages/airflow/example_dags/example_branch_day_of_week_operator.py took 0.065 seconds
[2023-08-27T22:05:57.693+0000] {processor.py:157} INFO - Started process (PID=83679) to work on /home/airflow/.local/lib/python3.7/site-packages/airflow/example_dags/example_branch_day_of_week_operator.py
[2023-08-27T22:05:57.694+0000] {processor.py:826} INFO - Processing file /home/airflow/.local/lib/python3.7/site-packages/airflow/example_dags/example_branch_day_of_week_operator.py for tasks to queue
[2023-08-27T22:05:57.700+0000] {logging_mixin.py:149} INFO - [2023-08-27T22:05:57.700+0000] {dagbag.py:541} INFO - Filling up the DagBag from /home/airflow/.local/lib/python3.7/site-packages/airflow/example_dags/example_branch_day_of_week_operator.py
[2023-08-27T22:05:57.719+0000] {processor.py:836} INFO - DAG(s) dict_keys(['example_weekday_branch_operator']) retrieved from /home/airflow/.local/lib/python3.7/site-packages/airflow/example_dags/example_branch_day_of_week_operator.py
[2023-08-27T22:05:57.762+0000] {logging_mixin.py:149} INFO - [2023-08-27T22:05:57.758+0000] {dag.py:2726} INFO - Sync 1 DAGs
[2023-08-27T22:05:57.797+0000] {logging_mixin.py:149} INFO - [2023-08-27T22:05:57.797+0000] {dag.py:3490} INFO - Setting next_dagrun for example_weekday_branch_operator to 2023-08-26T00:00:00+00:00, run_after=2023-08-27T00:00:00+00:00
[2023-08-27T22:05:57.816+0000] {processor.py:179} INFO - Processing /home/airflow/.local/lib/python3.7/site-packages/airflow/example_dags/example_branch_day_of_week_operator.py took 0.129 seconds
[2023-08-27T22:20:42.377+0000] {processor.py:157} INFO - Started process (PID=83745) to work on /home/airflow/.local/lib/python3.7/site-packages/airflow/example_dags/example_branch_day_of_week_operator.py
[2023-08-27T22:20:42.379+0000] {processor.py:826} INFO - Processing file /home/airflow/.local/lib/python3.7/site-packages/airflow/example_dags/example_branch_day_of_week_operator.py for tasks to queue
[2023-08-27T22:20:42.379+0000] {logging_mixin.py:149} INFO - [2023-08-27T22:20:42.379+0000] {dagbag.py:541} INFO - Filling up the DagBag from /home/airflow/.local/lib/python3.7/site-packages/airflow/example_dags/example_branch_day_of_week_operator.py
[2023-08-27T22:20:42.389+0000] {processor.py:836} INFO - DAG(s) dict_keys(['example_weekday_branch_operator']) retrieved from /home/airflow/.local/lib/python3.7/site-packages/airflow/example_dags/example_branch_day_of_week_operator.py
[2023-08-27T22:20:42.410+0000] {logging_mixin.py:149} INFO - [2023-08-27T22:20:42.410+0000] {dag.py:2726} INFO - Sync 1 DAGs
[2023-08-27T22:20:42.426+0000] {logging_mixin.py:149} INFO - [2023-08-27T22:20:42.426+0000] {dag.py:3490} INFO - Setting next_dagrun for example_weekday_branch_operator to 2023-08-26T00:00:00+00:00, run_after=2023-08-27T00:00:00+00:00
[2023-08-27T22:20:42.437+0000] {processor.py:179} INFO - Processing /home/airflow/.local/lib/python3.7/site-packages/airflow/example_dags/example_branch_day_of_week_operator.py took 0.063 seconds
