[2023-08-27T00:38:33.008+0000] {processor.py:157} INFO - Started process (PID=82069) to work on /home/airflow/.local/lib/python3.7/site-packages/airflow/example_dags/example_params_trigger_ui.py
[2023-08-27T00:38:33.013+0000] {processor.py:826} INFO - Processing file /home/airflow/.local/lib/python3.7/site-packages/airflow/example_dags/example_params_trigger_ui.py for tasks to queue
[2023-08-27T00:38:33.014+0000] {logging_mixin.py:149} INFO - [2023-08-27T00:38:33.014+0000] {dagbag.py:541} INFO - Filling up the DagBag from /home/airflow/.local/lib/python3.7/site-packages/airflow/example_dags/example_params_trigger_ui.py
[2023-08-27T00:38:33.029+0000] {processor.py:836} INFO - DAG(s) dict_keys(['example_params_trigger_ui']) retrieved from /home/airflow/.local/lib/python3.7/site-packages/airflow/example_dags/example_params_trigger_ui.py
[2023-08-27T00:38:33.106+0000] {logging_mixin.py:149} INFO - [2023-08-27T00:38:33.106+0000] {dag.py:2726} INFO - Sync 1 DAGs
[2023-08-27T00:38:33.121+0000] {logging_mixin.py:149} INFO - [2023-08-27T00:38:33.121+0000] {dag.py:3490} INFO - Setting next_dagrun for example_params_trigger_ui to None, run_after=None
[2023-08-27T00:38:33.133+0000] {processor.py:179} INFO - Processing /home/airflow/.local/lib/python3.7/site-packages/airflow/example_dags/example_params_trigger_ui.py took 0.128 seconds
[2023-08-27T02:09:36.917+0000] {processor.py:157} INFO - Started process (PID=82135) to work on /home/airflow/.local/lib/python3.7/site-packages/airflow/example_dags/example_params_trigger_ui.py
[2023-08-27T02:09:36.918+0000] {processor.py:826} INFO - Processing file /home/airflow/.local/lib/python3.7/site-packages/airflow/example_dags/example_params_trigger_ui.py for tasks to queue
[2023-08-27T02:09:36.920+0000] {logging_mixin.py:149} INFO - [2023-08-27T02:09:36.919+0000] {dagbag.py:541} INFO - Filling up the DagBag from /home/airflow/.local/lib/python3.7/site-packages/airflow/example_dags/example_params_trigger_ui.py
[2023-08-27T02:09:36.945+0000] {processor.py:836} INFO - DAG(s) dict_keys(['example_params_trigger_ui']) retrieved from /home/airflow/.local/lib/python3.7/site-packages/airflow/example_dags/example_params_trigger_ui.py
[2023-08-27T02:09:36.995+0000] {logging_mixin.py:149} INFO - [2023-08-27T02:09:36.995+0000] {dag.py:2726} INFO - Sync 1 DAGs
[2023-08-27T02:09:37.010+0000] {logging_mixin.py:149} INFO - [2023-08-27T02:09:37.010+0000] {dag.py:3490} INFO - Setting next_dagrun for example_params_trigger_ui to None, run_after=None
[2023-08-27T02:09:37.025+0000] {processor.py:179} INFO - Processing /home/airflow/.local/lib/python3.7/site-packages/airflow/example_dags/example_params_trigger_ui.py took 0.111 seconds
[2023-08-27T04:15:56.295+0000] {processor.py:157} INFO - Started process (PID=82202) to work on /home/airflow/.local/lib/python3.7/site-packages/airflow/example_dags/example_params_trigger_ui.py
[2023-08-27T04:15:56.297+0000] {processor.py:826} INFO - Processing file /home/airflow/.local/lib/python3.7/site-packages/airflow/example_dags/example_params_trigger_ui.py for tasks to queue
[2023-08-27T04:15:56.298+0000] {logging_mixin.py:149} INFO - [2023-08-27T04:15:56.298+0000] {dagbag.py:541} INFO - Filling up the DagBag from /home/airflow/.local/lib/python3.7/site-packages/airflow/example_dags/example_params_trigger_ui.py
[2023-08-27T04:15:56.315+0000] {processor.py:836} INFO - DAG(s) dict_keys(['example_params_trigger_ui']) retrieved from /home/airflow/.local/lib/python3.7/site-packages/airflow/example_dags/example_params_trigger_ui.py
[2023-08-27T04:15:56.375+0000] {logging_mixin.py:149} INFO - [2023-08-27T04:15:56.375+0000] {dag.py:2726} INFO - Sync 1 DAGs
[2023-08-27T04:15:56.391+0000] {logging_mixin.py:149} INFO - [2023-08-27T04:15:56.391+0000] {dag.py:3490} INFO - Setting next_dagrun for example_params_trigger_ui to None, run_after=None
[2023-08-27T04:15:56.424+0000] {processor.py:179} INFO - Processing /home/airflow/.local/lib/python3.7/site-packages/airflow/example_dags/example_params_trigger_ui.py took 0.131 seconds
[2023-08-27T05:17:57.039+0000] {processor.py:157} INFO - Started process (PID=82268) to work on /home/airflow/.local/lib/python3.7/site-packages/airflow/example_dags/example_params_trigger_ui.py
[2023-08-27T05:17:57.041+0000] {processor.py:826} INFO - Processing file /home/airflow/.local/lib/python3.7/site-packages/airflow/example_dags/example_params_trigger_ui.py for tasks to queue
[2023-08-27T05:17:57.042+0000] {logging_mixin.py:149} INFO - [2023-08-27T05:17:57.041+0000] {dagbag.py:541} INFO - Filling up the DagBag from /home/airflow/.local/lib/python3.7/site-packages/airflow/example_dags/example_params_trigger_ui.py
[2023-08-27T05:17:57.058+0000] {processor.py:836} INFO - DAG(s) dict_keys(['example_params_trigger_ui']) retrieved from /home/airflow/.local/lib/python3.7/site-packages/airflow/example_dags/example_params_trigger_ui.py
[2023-08-27T05:17:57.105+0000] {logging_mixin.py:149} INFO - [2023-08-27T05:17:57.105+0000] {dag.py:2726} INFO - Sync 1 DAGs
[2023-08-27T05:17:57.126+0000] {logging_mixin.py:149} INFO - [2023-08-27T05:17:57.125+0000] {dag.py:3490} INFO - Setting next_dagrun for example_params_trigger_ui to None, run_after=None
[2023-08-27T05:17:57.140+0000] {processor.py:179} INFO - Processing /home/airflow/.local/lib/python3.7/site-packages/airflow/example_dags/example_params_trigger_ui.py took 0.104 seconds
[2023-08-27T06:52:20.264+0000] {processor.py:157} INFO - Started process (PID=82335) to work on /home/airflow/.local/lib/python3.7/site-packages/airflow/example_dags/example_params_trigger_ui.py
[2023-08-27T06:52:20.265+0000] {processor.py:826} INFO - Processing file /home/airflow/.local/lib/python3.7/site-packages/airflow/example_dags/example_params_trigger_ui.py for tasks to queue
[2023-08-27T06:52:20.265+0000] {logging_mixin.py:149} INFO - [2023-08-27T06:52:20.265+0000] {dagbag.py:541} INFO - Filling up the DagBag from /home/airflow/.local/lib/python3.7/site-packages/airflow/example_dags/example_params_trigger_ui.py
[2023-08-27T06:52:20.281+0000] {processor.py:836} INFO - DAG(s) dict_keys(['example_params_trigger_ui']) retrieved from /home/airflow/.local/lib/python3.7/site-packages/airflow/example_dags/example_params_trigger_ui.py
[2023-08-27T06:52:20.333+0000] {logging_mixin.py:149} INFO - [2023-08-27T06:52:20.333+0000] {dag.py:2726} INFO - Sync 1 DAGs
[2023-08-27T06:52:20.350+0000] {logging_mixin.py:149} INFO - [2023-08-27T06:52:20.350+0000] {dag.py:3490} INFO - Setting next_dagrun for example_params_trigger_ui to None, run_after=None
[2023-08-27T06:52:20.366+0000] {processor.py:179} INFO - Processing /home/airflow/.local/lib/python3.7/site-packages/airflow/example_dags/example_params_trigger_ui.py took 0.105 seconds
[2023-08-27T11:05:25.390+0000] {processor.py:157} INFO - Started process (PID=82401) to work on /home/airflow/.local/lib/python3.7/site-packages/airflow/example_dags/example_params_trigger_ui.py
[2023-08-27T11:05:25.391+0000] {processor.py:826} INFO - Processing file /home/airflow/.local/lib/python3.7/site-packages/airflow/example_dags/example_params_trigger_ui.py for tasks to queue
[2023-08-27T11:05:25.392+0000] {logging_mixin.py:149} INFO - [2023-08-27T11:05:25.392+0000] {dagbag.py:541} INFO - Filling up the DagBag from /home/airflow/.local/lib/python3.7/site-packages/airflow/example_dags/example_params_trigger_ui.py
[2023-08-27T11:05:25.413+0000] {processor.py:836} INFO - DAG(s) dict_keys(['example_params_trigger_ui']) retrieved from /home/airflow/.local/lib/python3.7/site-packages/airflow/example_dags/example_params_trigger_ui.py
[2023-08-27T11:05:25.466+0000] {logging_mixin.py:149} INFO - [2023-08-27T11:05:25.466+0000] {dag.py:2726} INFO - Sync 1 DAGs
[2023-08-27T11:05:25.484+0000] {logging_mixin.py:149} INFO - [2023-08-27T11:05:25.484+0000] {dag.py:3490} INFO - Setting next_dagrun for example_params_trigger_ui to None, run_after=None
[2023-08-27T11:05:25.496+0000] {processor.py:179} INFO - Processing /home/airflow/.local/lib/python3.7/site-packages/airflow/example_dags/example_params_trigger_ui.py took 0.109 seconds
[2023-08-27T13:53:21.664+0000] {processor.py:157} INFO - Started process (PID=82467) to work on /home/airflow/.local/lib/python3.7/site-packages/airflow/example_dags/example_params_trigger_ui.py
[2023-08-27T13:53:21.665+0000] {processor.py:826} INFO - Processing file /home/airflow/.local/lib/python3.7/site-packages/airflow/example_dags/example_params_trigger_ui.py for tasks to queue
[2023-08-27T13:53:21.666+0000] {logging_mixin.py:149} INFO - [2023-08-27T13:53:21.666+0000] {dagbag.py:541} INFO - Filling up the DagBag from /home/airflow/.local/lib/python3.7/site-packages/airflow/example_dags/example_params_trigger_ui.py
[2023-08-27T13:53:21.684+0000] {processor.py:836} INFO - DAG(s) dict_keys(['example_params_trigger_ui']) retrieved from /home/airflow/.local/lib/python3.7/site-packages/airflow/example_dags/example_params_trigger_ui.py
[2023-08-27T13:53:21.736+0000] {logging_mixin.py:149} INFO - [2023-08-27T13:53:21.736+0000] {dag.py:2726} INFO - Sync 1 DAGs
[2023-08-27T13:53:21.753+0000] {logging_mixin.py:149} INFO - [2023-08-27T13:53:21.753+0000] {dag.py:3490} INFO - Setting next_dagrun for example_params_trigger_ui to None, run_after=None
[2023-08-27T13:53:21.765+0000] {processor.py:179} INFO - Processing /home/airflow/.local/lib/python3.7/site-packages/airflow/example_dags/example_params_trigger_ui.py took 0.104 seconds
[2023-08-27T13:56:35.004+0000] {processor.py:157} INFO - Started process (PID=82533) to work on /home/airflow/.local/lib/python3.7/site-packages/airflow/example_dags/example_params_trigger_ui.py
[2023-08-27T13:56:35.005+0000] {processor.py:826} INFO - Processing file /home/airflow/.local/lib/python3.7/site-packages/airflow/example_dags/example_params_trigger_ui.py for tasks to queue
[2023-08-27T13:56:35.006+0000] {logging_mixin.py:149} INFO - [2023-08-27T13:56:35.006+0000] {dagbag.py:541} INFO - Filling up the DagBag from /home/airflow/.local/lib/python3.7/site-packages/airflow/example_dags/example_params_trigger_ui.py
[2023-08-27T13:56:35.021+0000] {processor.py:836} INFO - DAG(s) dict_keys(['example_params_trigger_ui']) retrieved from /home/airflow/.local/lib/python3.7/site-packages/airflow/example_dags/example_params_trigger_ui.py
[2023-08-27T13:56:35.071+0000] {logging_mixin.py:149} INFO - [2023-08-27T13:56:35.071+0000] {dag.py:2726} INFO - Sync 1 DAGs
[2023-08-27T13:56:35.086+0000] {logging_mixin.py:149} INFO - [2023-08-27T13:56:35.086+0000] {dag.py:3490} INFO - Setting next_dagrun for example_params_trigger_ui to None, run_after=None
[2023-08-27T13:56:35.098+0000] {processor.py:179} INFO - Processing /home/airflow/.local/lib/python3.7/site-packages/airflow/example_dags/example_params_trigger_ui.py took 0.097 seconds
[2023-08-27T14:25:11.614+0000] {processor.py:157} INFO - Started process (PID=82598) to work on /home/airflow/.local/lib/python3.7/site-packages/airflow/example_dags/example_params_trigger_ui.py
[2023-08-27T14:25:11.615+0000] {processor.py:826} INFO - Processing file /home/airflow/.local/lib/python3.7/site-packages/airflow/example_dags/example_params_trigger_ui.py for tasks to queue
[2023-08-27T14:25:11.616+0000] {logging_mixin.py:149} INFO - [2023-08-27T14:25:11.616+0000] {dagbag.py:541} INFO - Filling up the DagBag from /home/airflow/.local/lib/python3.7/site-packages/airflow/example_dags/example_params_trigger_ui.py
[2023-08-27T14:25:11.634+0000] {processor.py:836} INFO - DAG(s) dict_keys(['example_params_trigger_ui']) retrieved from /home/airflow/.local/lib/python3.7/site-packages/airflow/example_dags/example_params_trigger_ui.py
[2023-08-27T14:25:11.686+0000] {logging_mixin.py:149} INFO - [2023-08-27T14:25:11.686+0000] {dag.py:2726} INFO - Sync 1 DAGs
[2023-08-27T14:25:11.708+0000] {logging_mixin.py:149} INFO - [2023-08-27T14:25:11.708+0000] {dag.py:3490} INFO - Setting next_dagrun for example_params_trigger_ui to None, run_after=None
[2023-08-27T14:25:11.721+0000] {processor.py:179} INFO - Processing /home/airflow/.local/lib/python3.7/site-packages/airflow/example_dags/example_params_trigger_ui.py took 0.115 seconds
[2023-08-27T17:32:57.869+0000] {processor.py:157} INFO - Started process (PID=82664) to work on /home/airflow/.local/lib/python3.7/site-packages/airflow/example_dags/example_params_trigger_ui.py
[2023-08-27T17:32:57.872+0000] {processor.py:826} INFO - Processing file /home/airflow/.local/lib/python3.7/site-packages/airflow/example_dags/example_params_trigger_ui.py for tasks to queue
[2023-08-27T17:32:57.874+0000] {logging_mixin.py:149} INFO - [2023-08-27T17:32:57.873+0000] {dagbag.py:541} INFO - Filling up the DagBag from /home/airflow/.local/lib/python3.7/site-packages/airflow/example_dags/example_params_trigger_ui.py
[2023-08-27T17:32:57.894+0000] {processor.py:836} INFO - DAG(s) dict_keys(['example_params_trigger_ui']) retrieved from /home/airflow/.local/lib/python3.7/site-packages/airflow/example_dags/example_params_trigger_ui.py
[2023-08-27T17:32:57.942+0000] {logging_mixin.py:149} INFO - [2023-08-27T17:32:57.942+0000] {dag.py:2726} INFO - Sync 1 DAGs
[2023-08-27T17:32:57.959+0000] {logging_mixin.py:149} INFO - [2023-08-27T17:32:57.959+0000] {dag.py:3490} INFO - Setting next_dagrun for example_params_trigger_ui to None, run_after=None
[2023-08-27T17:32:57.981+0000] {processor.py:179} INFO - Processing /home/airflow/.local/lib/python3.7/site-packages/airflow/example_dags/example_params_trigger_ui.py took 0.119 seconds
[2023-08-27T17:33:31.384+0000] {processor.py:157} INFO - Started process (PID=82736) to work on /home/airflow/.local/lib/python3.7/site-packages/airflow/example_dags/example_params_trigger_ui.py
[2023-08-27T17:33:31.385+0000] {processor.py:826} INFO - Processing file /home/airflow/.local/lib/python3.7/site-packages/airflow/example_dags/example_params_trigger_ui.py for tasks to queue
[2023-08-27T17:33:31.385+0000] {logging_mixin.py:149} INFO - [2023-08-27T17:33:31.385+0000] {dagbag.py:541} INFO - Filling up the DagBag from /home/airflow/.local/lib/python3.7/site-packages/airflow/example_dags/example_params_trigger_ui.py
[2023-08-27T17:33:31.401+0000] {processor.py:836} INFO - DAG(s) dict_keys(['example_params_trigger_ui']) retrieved from /home/airflow/.local/lib/python3.7/site-packages/airflow/example_dags/example_params_trigger_ui.py
[2023-08-27T17:33:31.445+0000] {logging_mixin.py:149} INFO - [2023-08-27T17:33:31.445+0000] {dag.py:2726} INFO - Sync 1 DAGs
[2023-08-27T17:33:31.469+0000] {logging_mixin.py:149} INFO - [2023-08-27T17:33:31.469+0000] {dag.py:3490} INFO - Setting next_dagrun for example_params_trigger_ui to None, run_after=None
[2023-08-27T17:33:31.481+0000] {processor.py:179} INFO - Processing /home/airflow/.local/lib/python3.7/site-packages/airflow/example_dags/example_params_trigger_ui.py took 0.100 seconds
[2023-08-27T17:34:05.503+0000] {processor.py:157} INFO - Started process (PID=82802) to work on /home/airflow/.local/lib/python3.7/site-packages/airflow/example_dags/example_params_trigger_ui.py
[2023-08-27T17:34:05.504+0000] {processor.py:826} INFO - Processing file /home/airflow/.local/lib/python3.7/site-packages/airflow/example_dags/example_params_trigger_ui.py for tasks to queue
[2023-08-27T17:34:05.505+0000] {logging_mixin.py:149} INFO - [2023-08-27T17:34:05.505+0000] {dagbag.py:541} INFO - Filling up the DagBag from /home/airflow/.local/lib/python3.7/site-packages/airflow/example_dags/example_params_trigger_ui.py
[2023-08-27T17:34:05.520+0000] {processor.py:836} INFO - DAG(s) dict_keys(['example_params_trigger_ui']) retrieved from /home/airflow/.local/lib/python3.7/site-packages/airflow/example_dags/example_params_trigger_ui.py
[2023-08-27T17:34:05.568+0000] {logging_mixin.py:149} INFO - [2023-08-27T17:34:05.568+0000] {dag.py:2726} INFO - Sync 1 DAGs
[2023-08-27T17:34:05.584+0000] {logging_mixin.py:149} INFO - [2023-08-27T17:34:05.584+0000] {dag.py:3490} INFO - Setting next_dagrun for example_params_trigger_ui to None, run_after=None
[2023-08-27T17:34:05.594+0000] {processor.py:179} INFO - Processing /home/airflow/.local/lib/python3.7/site-packages/airflow/example_dags/example_params_trigger_ui.py took 0.093 seconds
[2023-08-27T17:34:39.790+0000] {processor.py:157} INFO - Started process (PID=82868) to work on /home/airflow/.local/lib/python3.7/site-packages/airflow/example_dags/example_params_trigger_ui.py
[2023-08-27T17:34:39.791+0000] {processor.py:826} INFO - Processing file /home/airflow/.local/lib/python3.7/site-packages/airflow/example_dags/example_params_trigger_ui.py for tasks to queue
[2023-08-27T17:34:39.792+0000] {logging_mixin.py:149} INFO - [2023-08-27T17:34:39.792+0000] {dagbag.py:541} INFO - Filling up the DagBag from /home/airflow/.local/lib/python3.7/site-packages/airflow/example_dags/example_params_trigger_ui.py
[2023-08-27T17:34:39.808+0000] {processor.py:836} INFO - DAG(s) dict_keys(['example_params_trigger_ui']) retrieved from /home/airflow/.local/lib/python3.7/site-packages/airflow/example_dags/example_params_trigger_ui.py
[2023-08-27T17:34:39.855+0000] {logging_mixin.py:149} INFO - [2023-08-27T17:34:39.855+0000] {dag.py:2726} INFO - Sync 1 DAGs
[2023-08-27T17:34:39.873+0000] {logging_mixin.py:149} INFO - [2023-08-27T17:34:39.873+0000] {dag.py:3490} INFO - Setting next_dagrun for example_params_trigger_ui to None, run_after=None
[2023-08-27T17:34:39.884+0000] {processor.py:179} INFO - Processing /home/airflow/.local/lib/python3.7/site-packages/airflow/example_dags/example_params_trigger_ui.py took 0.098 seconds
[2023-08-27T17:35:13.959+0000] {processor.py:157} INFO - Started process (PID=82934) to work on /home/airflow/.local/lib/python3.7/site-packages/airflow/example_dags/example_params_trigger_ui.py
[2023-08-27T17:35:13.960+0000] {processor.py:826} INFO - Processing file /home/airflow/.local/lib/python3.7/site-packages/airflow/example_dags/example_params_trigger_ui.py for tasks to queue
[2023-08-27T17:35:13.961+0000] {logging_mixin.py:149} INFO - [2023-08-27T17:35:13.961+0000] {dagbag.py:541} INFO - Filling up the DagBag from /home/airflow/.local/lib/python3.7/site-packages/airflow/example_dags/example_params_trigger_ui.py
[2023-08-27T17:35:13.977+0000] {processor.py:836} INFO - DAG(s) dict_keys(['example_params_trigger_ui']) retrieved from /home/airflow/.local/lib/python3.7/site-packages/airflow/example_dags/example_params_trigger_ui.py
[2023-08-27T17:35:14.025+0000] {logging_mixin.py:149} INFO - [2023-08-27T17:35:14.024+0000] {dag.py:2726} INFO - Sync 1 DAGs
[2023-08-27T17:35:14.040+0000] {logging_mixin.py:149} INFO - [2023-08-27T17:35:14.040+0000] {dag.py:3490} INFO - Setting next_dagrun for example_params_trigger_ui to None, run_after=None
[2023-08-27T17:35:14.053+0000] {processor.py:179} INFO - Processing /home/airflow/.local/lib/python3.7/site-packages/airflow/example_dags/example_params_trigger_ui.py took 0.097 seconds
[2023-08-27T17:35:48.969+0000] {processor.py:157} INFO - Started process (PID=83001) to work on /home/airflow/.local/lib/python3.7/site-packages/airflow/example_dags/example_params_trigger_ui.py
[2023-08-27T17:35:48.970+0000] {processor.py:826} INFO - Processing file /home/airflow/.local/lib/python3.7/site-packages/airflow/example_dags/example_params_trigger_ui.py for tasks to queue
[2023-08-27T17:35:48.971+0000] {logging_mixin.py:149} INFO - [2023-08-27T17:35:48.971+0000] {dagbag.py:541} INFO - Filling up the DagBag from /home/airflow/.local/lib/python3.7/site-packages/airflow/example_dags/example_params_trigger_ui.py
[2023-08-27T17:35:48.987+0000] {processor.py:836} INFO - DAG(s) dict_keys(['example_params_trigger_ui']) retrieved from /home/airflow/.local/lib/python3.7/site-packages/airflow/example_dags/example_params_trigger_ui.py
[2023-08-27T17:35:49.045+0000] {logging_mixin.py:149} INFO - [2023-08-27T17:35:49.045+0000] {dag.py:2726} INFO - Sync 1 DAGs
[2023-08-27T17:35:49.061+0000] {logging_mixin.py:149} INFO - [2023-08-27T17:35:49.061+0000] {dag.py:3490} INFO - Setting next_dagrun for example_params_trigger_ui to None, run_after=None
[2023-08-27T17:35:49.073+0000] {processor.py:179} INFO - Processing /home/airflow/.local/lib/python3.7/site-packages/airflow/example_dags/example_params_trigger_ui.py took 0.108 seconds
[2023-08-27T17:36:23.246+0000] {processor.py:157} INFO - Started process (PID=83067) to work on /home/airflow/.local/lib/python3.7/site-packages/airflow/example_dags/example_params_trigger_ui.py
[2023-08-27T17:36:23.247+0000] {processor.py:826} INFO - Processing file /home/airflow/.local/lib/python3.7/site-packages/airflow/example_dags/example_params_trigger_ui.py for tasks to queue
[2023-08-27T17:36:23.249+0000] {logging_mixin.py:149} INFO - [2023-08-27T17:36:23.248+0000] {dagbag.py:541} INFO - Filling up the DagBag from /home/airflow/.local/lib/python3.7/site-packages/airflow/example_dags/example_params_trigger_ui.py
[2023-08-27T17:36:23.276+0000] {processor.py:836} INFO - DAG(s) dict_keys(['example_params_trigger_ui']) retrieved from /home/airflow/.local/lib/python3.7/site-packages/airflow/example_dags/example_params_trigger_ui.py
[2023-08-27T17:36:23.337+0000] {logging_mixin.py:149} INFO - [2023-08-27T17:36:23.337+0000] {dag.py:2726} INFO - Sync 1 DAGs
[2023-08-27T17:36:23.365+0000] {logging_mixin.py:149} INFO - [2023-08-27T17:36:23.365+0000] {dag.py:3490} INFO - Setting next_dagrun for example_params_trigger_ui to None, run_after=None
[2023-08-27T17:36:23.382+0000] {processor.py:179} INFO - Processing /home/airflow/.local/lib/python3.7/site-packages/airflow/example_dags/example_params_trigger_ui.py took 0.140 seconds
[2023-08-27T17:36:56.684+0000] {processor.py:157} INFO - Started process (PID=83133) to work on /home/airflow/.local/lib/python3.7/site-packages/airflow/example_dags/example_params_trigger_ui.py
[2023-08-27T17:36:56.685+0000] {processor.py:826} INFO - Processing file /home/airflow/.local/lib/python3.7/site-packages/airflow/example_dags/example_params_trigger_ui.py for tasks to queue
[2023-08-27T17:36:56.686+0000] {logging_mixin.py:149} INFO - [2023-08-27T17:36:56.686+0000] {dagbag.py:541} INFO - Filling up the DagBag from /home/airflow/.local/lib/python3.7/site-packages/airflow/example_dags/example_params_trigger_ui.py
[2023-08-27T17:36:56.705+0000] {processor.py:836} INFO - DAG(s) dict_keys(['example_params_trigger_ui']) retrieved from /home/airflow/.local/lib/python3.7/site-packages/airflow/example_dags/example_params_trigger_ui.py
[2023-08-27T17:36:56.760+0000] {logging_mixin.py:149} INFO - [2023-08-27T17:36:56.760+0000] {dag.py:2726} INFO - Sync 1 DAGs
[2023-08-27T17:36:56.776+0000] {logging_mixin.py:149} INFO - [2023-08-27T17:36:56.776+0000] {dag.py:3490} INFO - Setting next_dagrun for example_params_trigger_ui to None, run_after=None
[2023-08-27T17:36:56.787+0000] {processor.py:179} INFO - Processing /home/airflow/.local/lib/python3.7/site-packages/airflow/example_dags/example_params_trigger_ui.py took 0.107 seconds
[2023-08-27T17:37:31.082+0000] {processor.py:157} INFO - Started process (PID=83199) to work on /home/airflow/.local/lib/python3.7/site-packages/airflow/example_dags/example_params_trigger_ui.py
[2023-08-27T17:37:31.083+0000] {processor.py:826} INFO - Processing file /home/airflow/.local/lib/python3.7/site-packages/airflow/example_dags/example_params_trigger_ui.py for tasks to queue
[2023-08-27T17:37:31.084+0000] {logging_mixin.py:149} INFO - [2023-08-27T17:37:31.084+0000] {dagbag.py:541} INFO - Filling up the DagBag from /home/airflow/.local/lib/python3.7/site-packages/airflow/example_dags/example_params_trigger_ui.py
[2023-08-27T17:37:31.107+0000] {processor.py:836} INFO - DAG(s) dict_keys(['example_params_trigger_ui']) retrieved from /home/airflow/.local/lib/python3.7/site-packages/airflow/example_dags/example_params_trigger_ui.py
[2023-08-27T17:37:31.159+0000] {logging_mixin.py:149} INFO - [2023-08-27T17:37:31.159+0000] {dag.py:2726} INFO - Sync 1 DAGs
[2023-08-27T17:37:31.176+0000] {logging_mixin.py:149} INFO - [2023-08-27T17:37:31.176+0000] {dag.py:3490} INFO - Setting next_dagrun for example_params_trigger_ui to None, run_after=None
[2023-08-27T17:37:31.193+0000] {processor.py:179} INFO - Processing /home/airflow/.local/lib/python3.7/site-packages/airflow/example_dags/example_params_trigger_ui.py took 0.114 seconds
[2023-08-27T17:38:05.411+0000] {processor.py:157} INFO - Started process (PID=83272) to work on /home/airflow/.local/lib/python3.7/site-packages/airflow/example_dags/example_params_trigger_ui.py
[2023-08-27T17:38:05.412+0000] {processor.py:826} INFO - Processing file /home/airflow/.local/lib/python3.7/site-packages/airflow/example_dags/example_params_trigger_ui.py for tasks to queue
[2023-08-27T17:38:05.413+0000] {logging_mixin.py:149} INFO - [2023-08-27T17:38:05.413+0000] {dagbag.py:541} INFO - Filling up the DagBag from /home/airflow/.local/lib/python3.7/site-packages/airflow/example_dags/example_params_trigger_ui.py
[2023-08-27T17:38:05.428+0000] {processor.py:836} INFO - DAG(s) dict_keys(['example_params_trigger_ui']) retrieved from /home/airflow/.local/lib/python3.7/site-packages/airflow/example_dags/example_params_trigger_ui.py
[2023-08-27T17:38:05.475+0000] {logging_mixin.py:149} INFO - [2023-08-27T17:38:05.475+0000] {dag.py:2726} INFO - Sync 1 DAGs
[2023-08-27T17:38:05.491+0000] {logging_mixin.py:149} INFO - [2023-08-27T17:38:05.491+0000] {dag.py:3490} INFO - Setting next_dagrun for example_params_trigger_ui to None, run_after=None
[2023-08-27T17:38:05.503+0000] {processor.py:179} INFO - Processing /home/airflow/.local/lib/python3.7/site-packages/airflow/example_dags/example_params_trigger_ui.py took 0.095 seconds
[2023-08-27T17:38:39.618+0000] {processor.py:157} INFO - Started process (PID=83338) to work on /home/airflow/.local/lib/python3.7/site-packages/airflow/example_dags/example_params_trigger_ui.py
[2023-08-27T17:38:39.619+0000] {processor.py:826} INFO - Processing file /home/airflow/.local/lib/python3.7/site-packages/airflow/example_dags/example_params_trigger_ui.py for tasks to queue
[2023-08-27T17:38:39.620+0000] {logging_mixin.py:149} INFO - [2023-08-27T17:38:39.619+0000] {dagbag.py:541} INFO - Filling up the DagBag from /home/airflow/.local/lib/python3.7/site-packages/airflow/example_dags/example_params_trigger_ui.py
[2023-08-27T17:38:39.637+0000] {processor.py:836} INFO - DAG(s) dict_keys(['example_params_trigger_ui']) retrieved from /home/airflow/.local/lib/python3.7/site-packages/airflow/example_dags/example_params_trigger_ui.py
[2023-08-27T17:38:39.691+0000] {logging_mixin.py:149} INFO - [2023-08-27T17:38:39.691+0000] {dag.py:2726} INFO - Sync 1 DAGs
[2023-08-27T17:38:39.709+0000] {logging_mixin.py:149} INFO - [2023-08-27T17:38:39.709+0000] {dag.py:3490} INFO - Setting next_dagrun for example_params_trigger_ui to None, run_after=None
[2023-08-27T17:38:39.733+0000] {processor.py:179} INFO - Processing /home/airflow/.local/lib/python3.7/site-packages/airflow/example_dags/example_params_trigger_ui.py took 0.119 seconds
[2023-08-27T18:41:32.021+0000] {processor.py:157} INFO - Started process (PID=83397) to work on /home/airflow/.local/lib/python3.7/site-packages/airflow/example_dags/example_params_trigger_ui.py
[2023-08-27T18:41:32.022+0000] {processor.py:826} INFO - Processing file /home/airflow/.local/lib/python3.7/site-packages/airflow/example_dags/example_params_trigger_ui.py for tasks to queue
[2023-08-27T18:41:32.023+0000] {logging_mixin.py:149} INFO - [2023-08-27T18:41:32.023+0000] {dagbag.py:541} INFO - Filling up the DagBag from /home/airflow/.local/lib/python3.7/site-packages/airflow/example_dags/example_params_trigger_ui.py
[2023-08-27T18:41:32.039+0000] {processor.py:836} INFO - DAG(s) dict_keys(['example_params_trigger_ui']) retrieved from /home/airflow/.local/lib/python3.7/site-packages/airflow/example_dags/example_params_trigger_ui.py
[2023-08-27T18:41:32.087+0000] {logging_mixin.py:149} INFO - [2023-08-27T18:41:32.087+0000] {dag.py:2726} INFO - Sync 1 DAGs
[2023-08-27T18:41:32.103+0000] {logging_mixin.py:149} INFO - [2023-08-27T18:41:32.103+0000] {dag.py:3490} INFO - Setting next_dagrun for example_params_trigger_ui to None, run_after=None
[2023-08-27T18:41:32.115+0000] {processor.py:179} INFO - Processing /home/airflow/.local/lib/python3.7/site-packages/airflow/example_dags/example_params_trigger_ui.py took 0.098 seconds
[2023-08-27T19:17:17.230+0000] {processor.py:157} INFO - Started process (PID=83463) to work on /home/airflow/.local/lib/python3.7/site-packages/airflow/example_dags/example_params_trigger_ui.py
[2023-08-27T19:17:17.231+0000] {processor.py:826} INFO - Processing file /home/airflow/.local/lib/python3.7/site-packages/airflow/example_dags/example_params_trigger_ui.py for tasks to queue
[2023-08-27T19:17:17.231+0000] {logging_mixin.py:149} INFO - [2023-08-27T19:17:17.231+0000] {dagbag.py:541} INFO - Filling up the DagBag from /home/airflow/.local/lib/python3.7/site-packages/airflow/example_dags/example_params_trigger_ui.py
[2023-08-27T19:17:17.250+0000] {processor.py:836} INFO - DAG(s) dict_keys(['example_params_trigger_ui']) retrieved from /home/airflow/.local/lib/python3.7/site-packages/airflow/example_dags/example_params_trigger_ui.py
[2023-08-27T19:17:17.311+0000] {logging_mixin.py:149} INFO - [2023-08-27T19:17:17.311+0000] {dag.py:2726} INFO - Sync 1 DAGs
[2023-08-27T19:17:17.329+0000] {logging_mixin.py:149} INFO - [2023-08-27T19:17:17.329+0000] {dag.py:3490} INFO - Setting next_dagrun for example_params_trigger_ui to None, run_after=None
[2023-08-27T19:17:17.340+0000] {processor.py:179} INFO - Processing /home/airflow/.local/lib/python3.7/site-packages/airflow/example_dags/example_params_trigger_ui.py took 0.113 seconds
[2023-08-27T21:41:17.507+0000] {processor.py:157} INFO - Started process (PID=83529) to work on /home/airflow/.local/lib/python3.7/site-packages/airflow/example_dags/example_params_trigger_ui.py
[2023-08-27T21:41:17.508+0000] {processor.py:826} INFO - Processing file /home/airflow/.local/lib/python3.7/site-packages/airflow/example_dags/example_params_trigger_ui.py for tasks to queue
[2023-08-27T21:41:17.509+0000] {logging_mixin.py:149} INFO - [2023-08-27T21:41:17.509+0000] {dagbag.py:541} INFO - Filling up the DagBag from /home/airflow/.local/lib/python3.7/site-packages/airflow/example_dags/example_params_trigger_ui.py
[2023-08-27T21:41:17.535+0000] {processor.py:836} INFO - DAG(s) dict_keys(['example_params_trigger_ui']) retrieved from /home/airflow/.local/lib/python3.7/site-packages/airflow/example_dags/example_params_trigger_ui.py
[2023-08-27T21:41:17.588+0000] {logging_mixin.py:149} INFO - [2023-08-27T21:41:17.588+0000] {dag.py:2726} INFO - Sync 1 DAGs
[2023-08-27T21:41:17.612+0000] {logging_mixin.py:149} INFO - [2023-08-27T21:41:17.612+0000] {dag.py:3490} INFO - Setting next_dagrun for example_params_trigger_ui to None, run_after=None
[2023-08-27T21:41:17.624+0000] {processor.py:179} INFO - Processing /home/airflow/.local/lib/python3.7/site-packages/airflow/example_dags/example_params_trigger_ui.py took 0.119 seconds
[2023-08-27T21:49:27.331+0000] {processor.py:157} INFO - Started process (PID=83596) to work on /home/airflow/.local/lib/python3.7/site-packages/airflow/example_dags/example_params_trigger_ui.py
[2023-08-27T21:49:27.333+0000] {processor.py:826} INFO - Processing file /home/airflow/.local/lib/python3.7/site-packages/airflow/example_dags/example_params_trigger_ui.py for tasks to queue
[2023-08-27T21:49:27.333+0000] {logging_mixin.py:149} INFO - [2023-08-27T21:49:27.333+0000] {dagbag.py:541} INFO - Filling up the DagBag from /home/airflow/.local/lib/python3.7/site-packages/airflow/example_dags/example_params_trigger_ui.py
[2023-08-27T21:49:27.361+0000] {processor.py:836} INFO - DAG(s) dict_keys(['example_params_trigger_ui']) retrieved from /home/airflow/.local/lib/python3.7/site-packages/airflow/example_dags/example_params_trigger_ui.py
[2023-08-27T21:49:27.486+0000] {logging_mixin.py:149} INFO - [2023-08-27T21:49:27.486+0000] {dag.py:2726} INFO - Sync 1 DAGs
[2023-08-27T21:49:27.518+0000] {logging_mixin.py:149} INFO - [2023-08-27T21:49:27.518+0000] {dag.py:3490} INFO - Setting next_dagrun for example_params_trigger_ui to None, run_after=None
[2023-08-27T21:49:27.545+0000] {processor.py:179} INFO - Processing /home/airflow/.local/lib/python3.7/site-packages/airflow/example_dags/example_params_trigger_ui.py took 0.217 seconds
[2023-08-27T22:05:56.529+0000] {processor.py:157} INFO - Started process (PID=83662) to work on /home/airflow/.local/lib/python3.7/site-packages/airflow/example_dags/example_params_trigger_ui.py
[2023-08-27T22:05:56.530+0000] {processor.py:826} INFO - Processing file /home/airflow/.local/lib/python3.7/site-packages/airflow/example_dags/example_params_trigger_ui.py for tasks to queue
[2023-08-27T22:05:56.531+0000] {logging_mixin.py:149} INFO - [2023-08-27T22:05:56.530+0000] {dagbag.py:541} INFO - Filling up the DagBag from /home/airflow/.local/lib/python3.7/site-packages/airflow/example_dags/example_params_trigger_ui.py
[2023-08-27T22:05:56.546+0000] {processor.py:836} INFO - DAG(s) dict_keys(['example_params_trigger_ui']) retrieved from /home/airflow/.local/lib/python3.7/site-packages/airflow/example_dags/example_params_trigger_ui.py
[2023-08-27T22:05:56.611+0000] {logging_mixin.py:149} INFO - [2023-08-27T22:05:56.611+0000] {dag.py:2726} INFO - Sync 1 DAGs
[2023-08-27T22:05:56.627+0000] {logging_mixin.py:149} INFO - [2023-08-27T22:05:56.627+0000] {dag.py:3490} INFO - Setting next_dagrun for example_params_trigger_ui to None, run_after=None
[2023-08-27T22:05:56.639+0000] {processor.py:179} INFO - Processing /home/airflow/.local/lib/python3.7/site-packages/airflow/example_dags/example_params_trigger_ui.py took 0.113 seconds
[2023-08-27T22:20:41.116+0000] {processor.py:157} INFO - Started process (PID=83728) to work on /home/airflow/.local/lib/python3.7/site-packages/airflow/example_dags/example_params_trigger_ui.py
[2023-08-27T22:20:41.118+0000] {processor.py:826} INFO - Processing file /home/airflow/.local/lib/python3.7/site-packages/airflow/example_dags/example_params_trigger_ui.py for tasks to queue
[2023-08-27T22:20:41.119+0000] {logging_mixin.py:149} INFO - [2023-08-27T22:20:41.119+0000] {dagbag.py:541} INFO - Filling up the DagBag from /home/airflow/.local/lib/python3.7/site-packages/airflow/example_dags/example_params_trigger_ui.py
[2023-08-27T22:20:41.154+0000] {processor.py:836} INFO - DAG(s) dict_keys(['example_params_trigger_ui']) retrieved from /home/airflow/.local/lib/python3.7/site-packages/airflow/example_dags/example_params_trigger_ui.py
[2023-08-27T22:20:41.252+0000] {logging_mixin.py:149} INFO - [2023-08-27T22:20:41.250+0000] {dag.py:2726} INFO - Sync 1 DAGs
[2023-08-27T22:20:41.294+0000] {logging_mixin.py:149} INFO - [2023-08-27T22:20:41.293+0000] {dag.py:3490} INFO - Setting next_dagrun for example_params_trigger_ui to None, run_after=None
[2023-08-27T22:20:41.319+0000] {processor.py:179} INFO - Processing /home/airflow/.local/lib/python3.7/site-packages/airflow/example_dags/example_params_trigger_ui.py took 0.207 seconds
