[2023-08-27T00:38:33.762+0000] {processor.py:157} INFO - Started process (PID=82080) to work on /home/airflow/.local/lib/python3.7/site-packages/airflow/example_dags/example_python_operator.py
[2023-08-27T00:38:33.763+0000] {processor.py:826} INFO - Processing file /home/airflow/.local/lib/python3.7/site-packages/airflow/example_dags/example_python_operator.py for tasks to queue
[2023-08-27T00:38:33.764+0000] {logging_mixin.py:149} INFO - [2023-08-27T00:38:33.764+0000] {dagbag.py:541} INFO - Filling up the DagBag from /home/airflow/.local/lib/python3.7/site-packages/airflow/example_dags/example_python_operator.py
[2023-08-27T00:38:33.771+0000] {logging_mixin.py:149} INFO - [2023-08-27T00:38:33.771+0000] {taskmixin.py:211} WARNING - Dependency <Task(_PythonDecoratedOperator): print_the_context>, log_sql_query already registered for DAG: example_python_operator
[2023-08-27T00:38:33.772+0000] {logging_mixin.py:149} INFO - [2023-08-27T00:38:33.772+0000] {taskmixin.py:211} WARNING - Dependency <Task(_PythonDecoratedOperator): log_sql_query>, print_the_context already registered for DAG: example_python_operator
[2023-08-27T00:38:33.773+0000] {logging_mixin.py:149} INFO - [2023-08-27T00:38:33.772+0000] {taskmixin.py:211} WARNING - Dependency <Task(_PythonDecoratedOperator): print_the_context>, log_sql_query already registered for DAG: example_python_operator
[2023-08-27T00:38:33.773+0000] {logging_mixin.py:149} INFO - [2023-08-27T00:38:33.773+0000] {taskmixin.py:211} WARNING - Dependency <Task(_PythonDecoratedOperator): log_sql_query>, print_the_context already registered for DAG: example_python_operator
[2023-08-27T00:38:33.773+0000] {logging_mixin.py:149} INFO - [2023-08-27T00:38:33.773+0000] {taskmixin.py:211} WARNING - Dependency <Task(_PythonDecoratedOperator): print_the_context>, log_sql_query already registered for DAG: example_python_operator
[2023-08-27T00:38:33.774+0000] {logging_mixin.py:149} INFO - [2023-08-27T00:38:33.774+0000] {taskmixin.py:211} WARNING - Dependency <Task(_PythonDecoratedOperator): log_sql_query>, print_the_context already registered for DAG: example_python_operator
[2023-08-27T00:38:33.774+0000] {logging_mixin.py:149} INFO - [2023-08-27T00:38:33.774+0000] {taskmixin.py:211} WARNING - Dependency <Task(_PythonDecoratedOperator): print_the_context>, log_sql_query already registered for DAG: example_python_operator
[2023-08-27T00:38:33.775+0000] {logging_mixin.py:149} INFO - [2023-08-27T00:38:33.775+0000] {taskmixin.py:211} WARNING - Dependency <Task(_PythonDecoratedOperator): log_sql_query>, print_the_context already registered for DAG: example_python_operator
[2023-08-27T00:38:33.776+0000] {processor.py:836} INFO - DAG(s) dict_keys(['example_python_operator']) retrieved from /home/airflow/.local/lib/python3.7/site-packages/airflow/example_dags/example_python_operator.py
[2023-08-27T00:38:33.797+0000] {logging_mixin.py:149} INFO - [2023-08-27T00:38:33.797+0000] {dag.py:2726} INFO - Sync 1 DAGs
[2023-08-27T00:38:33.819+0000] {logging_mixin.py:149} INFO - [2023-08-27T00:38:33.818+0000] {dag.py:3490} INFO - Setting next_dagrun for example_python_operator to None, run_after=None
[2023-08-27T00:38:33.831+0000] {processor.py:179} INFO - Processing /home/airflow/.local/lib/python3.7/site-packages/airflow/example_dags/example_python_operator.py took 0.072 seconds
[2023-08-27T02:09:37.582+0000] {processor.py:157} INFO - Started process (PID=82146) to work on /home/airflow/.local/lib/python3.7/site-packages/airflow/example_dags/example_python_operator.py
[2023-08-27T02:09:37.583+0000] {processor.py:826} INFO - Processing file /home/airflow/.local/lib/python3.7/site-packages/airflow/example_dags/example_python_operator.py for tasks to queue
[2023-08-27T02:09:37.584+0000] {logging_mixin.py:149} INFO - [2023-08-27T02:09:37.584+0000] {dagbag.py:541} INFO - Filling up the DagBag from /home/airflow/.local/lib/python3.7/site-packages/airflow/example_dags/example_python_operator.py
[2023-08-27T02:09:37.590+0000] {logging_mixin.py:149} INFO - [2023-08-27T02:09:37.590+0000] {taskmixin.py:211} WARNING - Dependency <Task(_PythonDecoratedOperator): print_the_context>, log_sql_query already registered for DAG: example_python_operator
[2023-08-27T02:09:37.591+0000] {logging_mixin.py:149} INFO - [2023-08-27T02:09:37.591+0000] {taskmixin.py:211} WARNING - Dependency <Task(_PythonDecoratedOperator): log_sql_query>, print_the_context already registered for DAG: example_python_operator
[2023-08-27T02:09:37.592+0000] {logging_mixin.py:149} INFO - [2023-08-27T02:09:37.592+0000] {taskmixin.py:211} WARNING - Dependency <Task(_PythonDecoratedOperator): print_the_context>, log_sql_query already registered for DAG: example_python_operator
[2023-08-27T02:09:37.592+0000] {logging_mixin.py:149} INFO - [2023-08-27T02:09:37.592+0000] {taskmixin.py:211} WARNING - Dependency <Task(_PythonDecoratedOperator): log_sql_query>, print_the_context already registered for DAG: example_python_operator
[2023-08-27T02:09:37.593+0000] {logging_mixin.py:149} INFO - [2023-08-27T02:09:37.593+0000] {taskmixin.py:211} WARNING - Dependency <Task(_PythonDecoratedOperator): print_the_context>, log_sql_query already registered for DAG: example_python_operator
[2023-08-27T02:09:37.593+0000] {logging_mixin.py:149} INFO - [2023-08-27T02:09:37.593+0000] {taskmixin.py:211} WARNING - Dependency <Task(_PythonDecoratedOperator): log_sql_query>, print_the_context already registered for DAG: example_python_operator
[2023-08-27T02:09:37.594+0000] {logging_mixin.py:149} INFO - [2023-08-27T02:09:37.594+0000] {taskmixin.py:211} WARNING - Dependency <Task(_PythonDecoratedOperator): print_the_context>, log_sql_query already registered for DAG: example_python_operator
[2023-08-27T02:09:37.595+0000] {logging_mixin.py:149} INFO - [2023-08-27T02:09:37.595+0000] {taskmixin.py:211} WARNING - Dependency <Task(_PythonDecoratedOperator): log_sql_query>, print_the_context already registered for DAG: example_python_operator
[2023-08-27T02:09:37.597+0000] {processor.py:836} INFO - DAG(s) dict_keys(['example_python_operator']) retrieved from /home/airflow/.local/lib/python3.7/site-packages/airflow/example_dags/example_python_operator.py
[2023-08-27T02:09:37.620+0000] {logging_mixin.py:149} INFO - [2023-08-27T02:09:37.620+0000] {dag.py:2726} INFO - Sync 1 DAGs
[2023-08-27T02:09:37.636+0000] {logging_mixin.py:149} INFO - [2023-08-27T02:09:37.636+0000] {dag.py:3490} INFO - Setting next_dagrun for example_python_operator to None, run_after=None
[2023-08-27T02:09:37.648+0000] {processor.py:179} INFO - Processing /home/airflow/.local/lib/python3.7/site-packages/airflow/example_dags/example_python_operator.py took 0.069 seconds
[2023-08-27T04:15:57.464+0000] {processor.py:157} INFO - Started process (PID=82213) to work on /home/airflow/.local/lib/python3.7/site-packages/airflow/example_dags/example_python_operator.py
[2023-08-27T04:15:57.466+0000] {processor.py:826} INFO - Processing file /home/airflow/.local/lib/python3.7/site-packages/airflow/example_dags/example_python_operator.py for tasks to queue
[2023-08-27T04:15:57.467+0000] {logging_mixin.py:149} INFO - [2023-08-27T04:15:57.467+0000] {dagbag.py:541} INFO - Filling up the DagBag from /home/airflow/.local/lib/python3.7/site-packages/airflow/example_dags/example_python_operator.py
[2023-08-27T04:15:57.476+0000] {logging_mixin.py:149} INFO - [2023-08-27T04:15:57.476+0000] {taskmixin.py:211} WARNING - Dependency <Task(_PythonDecoratedOperator): print_the_context>, log_sql_query already registered for DAG: example_python_operator
[2023-08-27T04:15:57.477+0000] {logging_mixin.py:149} INFO - [2023-08-27T04:15:57.477+0000] {taskmixin.py:211} WARNING - Dependency <Task(_PythonDecoratedOperator): log_sql_query>, print_the_context already registered for DAG: example_python_operator
[2023-08-27T04:15:57.478+0000] {logging_mixin.py:149} INFO - [2023-08-27T04:15:57.478+0000] {taskmixin.py:211} WARNING - Dependency <Task(_PythonDecoratedOperator): print_the_context>, log_sql_query already registered for DAG: example_python_operator
[2023-08-27T04:15:57.481+0000] {logging_mixin.py:149} INFO - [2023-08-27T04:15:57.481+0000] {taskmixin.py:211} WARNING - Dependency <Task(_PythonDecoratedOperator): log_sql_query>, print_the_context already registered for DAG: example_python_operator
[2023-08-27T04:15:57.482+0000] {logging_mixin.py:149} INFO - [2023-08-27T04:15:57.482+0000] {taskmixin.py:211} WARNING - Dependency <Task(_PythonDecoratedOperator): print_the_context>, log_sql_query already registered for DAG: example_python_operator
[2023-08-27T04:15:57.483+0000] {logging_mixin.py:149} INFO - [2023-08-27T04:15:57.483+0000] {taskmixin.py:211} WARNING - Dependency <Task(_PythonDecoratedOperator): log_sql_query>, print_the_context already registered for DAG: example_python_operator
[2023-08-27T04:15:57.484+0000] {logging_mixin.py:149} INFO - [2023-08-27T04:15:57.484+0000] {taskmixin.py:211} WARNING - Dependency <Task(_PythonDecoratedOperator): print_the_context>, log_sql_query already registered for DAG: example_python_operator
[2023-08-27T04:15:57.490+0000] {logging_mixin.py:149} INFO - [2023-08-27T04:15:57.490+0000] {taskmixin.py:211} WARNING - Dependency <Task(_PythonDecoratedOperator): log_sql_query>, print_the_context already registered for DAG: example_python_operator
[2023-08-27T04:15:57.502+0000] {processor.py:836} INFO - DAG(s) dict_keys(['example_python_operator']) retrieved from /home/airflow/.local/lib/python3.7/site-packages/airflow/example_dags/example_python_operator.py
[2023-08-27T04:15:57.561+0000] {logging_mixin.py:149} INFO - [2023-08-27T04:15:57.561+0000] {dag.py:2726} INFO - Sync 1 DAGs
[2023-08-27T04:15:57.600+0000] {logging_mixin.py:149} INFO - [2023-08-27T04:15:57.600+0000] {dag.py:3490} INFO - Setting next_dagrun for example_python_operator to None, run_after=None
[2023-08-27T04:15:57.634+0000] {processor.py:179} INFO - Processing /home/airflow/.local/lib/python3.7/site-packages/airflow/example_dags/example_python_operator.py took 0.177 seconds
[2023-08-27T05:17:57.716+0000] {processor.py:157} INFO - Started process (PID=82279) to work on /home/airflow/.local/lib/python3.7/site-packages/airflow/example_dags/example_python_operator.py
[2023-08-27T05:17:57.717+0000] {processor.py:826} INFO - Processing file /home/airflow/.local/lib/python3.7/site-packages/airflow/example_dags/example_python_operator.py for tasks to queue
[2023-08-27T05:17:57.718+0000] {logging_mixin.py:149} INFO - [2023-08-27T05:17:57.718+0000] {dagbag.py:541} INFO - Filling up the DagBag from /home/airflow/.local/lib/python3.7/site-packages/airflow/example_dags/example_python_operator.py
[2023-08-27T05:17:57.724+0000] {logging_mixin.py:149} INFO - [2023-08-27T05:17:57.724+0000] {taskmixin.py:211} WARNING - Dependency <Task(_PythonDecoratedOperator): print_the_context>, log_sql_query already registered for DAG: example_python_operator
[2023-08-27T05:17:57.725+0000] {logging_mixin.py:149} INFO - [2023-08-27T05:17:57.725+0000] {taskmixin.py:211} WARNING - Dependency <Task(_PythonDecoratedOperator): log_sql_query>, print_the_context already registered for DAG: example_python_operator
[2023-08-27T05:17:57.726+0000] {logging_mixin.py:149} INFO - [2023-08-27T05:17:57.726+0000] {taskmixin.py:211} WARNING - Dependency <Task(_PythonDecoratedOperator): print_the_context>, log_sql_query already registered for DAG: example_python_operator
[2023-08-27T05:17:57.726+0000] {logging_mixin.py:149} INFO - [2023-08-27T05:17:57.726+0000] {taskmixin.py:211} WARNING - Dependency <Task(_PythonDecoratedOperator): log_sql_query>, print_the_context already registered for DAG: example_python_operator
[2023-08-27T05:17:57.727+0000] {logging_mixin.py:149} INFO - [2023-08-27T05:17:57.727+0000] {taskmixin.py:211} WARNING - Dependency <Task(_PythonDecoratedOperator): print_the_context>, log_sql_query already registered for DAG: example_python_operator
[2023-08-27T05:17:57.727+0000] {logging_mixin.py:149} INFO - [2023-08-27T05:17:57.727+0000] {taskmixin.py:211} WARNING - Dependency <Task(_PythonDecoratedOperator): log_sql_query>, print_the_context already registered for DAG: example_python_operator
[2023-08-27T05:17:57.728+0000] {logging_mixin.py:149} INFO - [2023-08-27T05:17:57.727+0000] {taskmixin.py:211} WARNING - Dependency <Task(_PythonDecoratedOperator): print_the_context>, log_sql_query already registered for DAG: example_python_operator
[2023-08-27T05:17:57.728+0000] {logging_mixin.py:149} INFO - [2023-08-27T05:17:57.728+0000] {taskmixin.py:211} WARNING - Dependency <Task(_PythonDecoratedOperator): log_sql_query>, print_the_context already registered for DAG: example_python_operator
[2023-08-27T05:17:57.730+0000] {processor.py:836} INFO - DAG(s) dict_keys(['example_python_operator']) retrieved from /home/airflow/.local/lib/python3.7/site-packages/airflow/example_dags/example_python_operator.py
[2023-08-27T05:17:57.759+0000] {logging_mixin.py:149} INFO - [2023-08-27T05:17:57.759+0000] {dag.py:2726} INFO - Sync 1 DAGs
[2023-08-27T05:17:57.776+0000] {logging_mixin.py:149} INFO - [2023-08-27T05:17:57.776+0000] {dag.py:3490} INFO - Setting next_dagrun for example_python_operator to None, run_after=None
[2023-08-27T05:17:57.788+0000] {processor.py:179} INFO - Processing /home/airflow/.local/lib/python3.7/site-packages/airflow/example_dags/example_python_operator.py took 0.075 seconds
[2023-08-27T06:52:20.955+0000] {processor.py:157} INFO - Started process (PID=82346) to work on /home/airflow/.local/lib/python3.7/site-packages/airflow/example_dags/example_python_operator.py
[2023-08-27T06:52:20.956+0000] {processor.py:826} INFO - Processing file /home/airflow/.local/lib/python3.7/site-packages/airflow/example_dags/example_python_operator.py for tasks to queue
[2023-08-27T06:52:20.957+0000] {logging_mixin.py:149} INFO - [2023-08-27T06:52:20.957+0000] {dagbag.py:541} INFO - Filling up the DagBag from /home/airflow/.local/lib/python3.7/site-packages/airflow/example_dags/example_python_operator.py
[2023-08-27T06:52:20.964+0000] {logging_mixin.py:149} INFO - [2023-08-27T06:52:20.964+0000] {taskmixin.py:211} WARNING - Dependency <Task(_PythonDecoratedOperator): print_the_context>, log_sql_query already registered for DAG: example_python_operator
[2023-08-27T06:52:20.965+0000] {logging_mixin.py:149} INFO - [2023-08-27T06:52:20.965+0000] {taskmixin.py:211} WARNING - Dependency <Task(_PythonDecoratedOperator): log_sql_query>, print_the_context already registered for DAG: example_python_operator
[2023-08-27T06:52:20.966+0000] {logging_mixin.py:149} INFO - [2023-08-27T06:52:20.966+0000] {taskmixin.py:211} WARNING - Dependency <Task(_PythonDecoratedOperator): print_the_context>, log_sql_query already registered for DAG: example_python_operator
[2023-08-27T06:52:20.966+0000] {logging_mixin.py:149} INFO - [2023-08-27T06:52:20.966+0000] {taskmixin.py:211} WARNING - Dependency <Task(_PythonDecoratedOperator): log_sql_query>, print_the_context already registered for DAG: example_python_operator
[2023-08-27T06:52:20.967+0000] {logging_mixin.py:149} INFO - [2023-08-27T06:52:20.967+0000] {taskmixin.py:211} WARNING - Dependency <Task(_PythonDecoratedOperator): print_the_context>, log_sql_query already registered for DAG: example_python_operator
[2023-08-27T06:52:20.967+0000] {logging_mixin.py:149} INFO - [2023-08-27T06:52:20.967+0000] {taskmixin.py:211} WARNING - Dependency <Task(_PythonDecoratedOperator): log_sql_query>, print_the_context already registered for DAG: example_python_operator
[2023-08-27T06:52:20.968+0000] {logging_mixin.py:149} INFO - [2023-08-27T06:52:20.968+0000] {taskmixin.py:211} WARNING - Dependency <Task(_PythonDecoratedOperator): print_the_context>, log_sql_query already registered for DAG: example_python_operator
[2023-08-27T06:52:20.968+0000] {logging_mixin.py:149} INFO - [2023-08-27T06:52:20.968+0000] {taskmixin.py:211} WARNING - Dependency <Task(_PythonDecoratedOperator): log_sql_query>, print_the_context already registered for DAG: example_python_operator
[2023-08-27T06:52:20.970+0000] {processor.py:836} INFO - DAG(s) dict_keys(['example_python_operator']) retrieved from /home/airflow/.local/lib/python3.7/site-packages/airflow/example_dags/example_python_operator.py
[2023-08-27T06:52:20.993+0000] {logging_mixin.py:149} INFO - [2023-08-27T06:52:20.992+0000] {dag.py:2726} INFO - Sync 1 DAGs
[2023-08-27T06:52:21.008+0000] {logging_mixin.py:149} INFO - [2023-08-27T06:52:21.008+0000] {dag.py:3490} INFO - Setting next_dagrun for example_python_operator to None, run_after=None
[2023-08-27T06:52:21.020+0000] {processor.py:179} INFO - Processing /home/airflow/.local/lib/python3.7/site-packages/airflow/example_dags/example_python_operator.py took 0.068 seconds
[2023-08-27T11:05:26.121+0000] {processor.py:157} INFO - Started process (PID=82412) to work on /home/airflow/.local/lib/python3.7/site-packages/airflow/example_dags/example_python_operator.py
[2023-08-27T11:05:26.123+0000] {processor.py:826} INFO - Processing file /home/airflow/.local/lib/python3.7/site-packages/airflow/example_dags/example_python_operator.py for tasks to queue
[2023-08-27T11:05:26.123+0000] {logging_mixin.py:149} INFO - [2023-08-27T11:05:26.123+0000] {dagbag.py:541} INFO - Filling up the DagBag from /home/airflow/.local/lib/python3.7/site-packages/airflow/example_dags/example_python_operator.py
[2023-08-27T11:05:26.135+0000] {logging_mixin.py:149} INFO - [2023-08-27T11:05:26.135+0000] {taskmixin.py:211} WARNING - Dependency <Task(_PythonDecoratedOperator): print_the_context>, log_sql_query already registered for DAG: example_python_operator
[2023-08-27T11:05:26.136+0000] {logging_mixin.py:149} INFO - [2023-08-27T11:05:26.136+0000] {taskmixin.py:211} WARNING - Dependency <Task(_PythonDecoratedOperator): log_sql_query>, print_the_context already registered for DAG: example_python_operator
[2023-08-27T11:05:26.137+0000] {logging_mixin.py:149} INFO - [2023-08-27T11:05:26.137+0000] {taskmixin.py:211} WARNING - Dependency <Task(_PythonDecoratedOperator): print_the_context>, log_sql_query already registered for DAG: example_python_operator
[2023-08-27T11:05:26.137+0000] {logging_mixin.py:149} INFO - [2023-08-27T11:05:26.137+0000] {taskmixin.py:211} WARNING - Dependency <Task(_PythonDecoratedOperator): log_sql_query>, print_the_context already registered for DAG: example_python_operator
[2023-08-27T11:05:26.138+0000] {logging_mixin.py:149} INFO - [2023-08-27T11:05:26.138+0000] {taskmixin.py:211} WARNING - Dependency <Task(_PythonDecoratedOperator): print_the_context>, log_sql_query already registered for DAG: example_python_operator
[2023-08-27T11:05:26.138+0000] {logging_mixin.py:149} INFO - [2023-08-27T11:05:26.138+0000] {taskmixin.py:211} WARNING - Dependency <Task(_PythonDecoratedOperator): log_sql_query>, print_the_context already registered for DAG: example_python_operator
[2023-08-27T11:05:26.139+0000] {logging_mixin.py:149} INFO - [2023-08-27T11:05:26.139+0000] {taskmixin.py:211} WARNING - Dependency <Task(_PythonDecoratedOperator): print_the_context>, log_sql_query already registered for DAG: example_python_operator
[2023-08-27T11:05:26.139+0000] {logging_mixin.py:149} INFO - [2023-08-27T11:05:26.139+0000] {taskmixin.py:211} WARNING - Dependency <Task(_PythonDecoratedOperator): log_sql_query>, print_the_context already registered for DAG: example_python_operator
[2023-08-27T11:05:26.141+0000] {processor.py:836} INFO - DAG(s) dict_keys(['example_python_operator']) retrieved from /home/airflow/.local/lib/python3.7/site-packages/airflow/example_dags/example_python_operator.py
[2023-08-27T11:05:26.169+0000] {logging_mixin.py:149} INFO - [2023-08-27T11:05:26.169+0000] {dag.py:2726} INFO - Sync 1 DAGs
[2023-08-27T11:05:26.185+0000] {logging_mixin.py:149} INFO - [2023-08-27T11:05:26.185+0000] {dag.py:3490} INFO - Setting next_dagrun for example_python_operator to None, run_after=None
[2023-08-27T11:05:26.198+0000] {processor.py:179} INFO - Processing /home/airflow/.local/lib/python3.7/site-packages/airflow/example_dags/example_python_operator.py took 0.080 seconds
[2023-08-27T13:53:22.367+0000] {processor.py:157} INFO - Started process (PID=82478) to work on /home/airflow/.local/lib/python3.7/site-packages/airflow/example_dags/example_python_operator.py
[2023-08-27T13:53:22.368+0000] {processor.py:826} INFO - Processing file /home/airflow/.local/lib/python3.7/site-packages/airflow/example_dags/example_python_operator.py for tasks to queue
[2023-08-27T13:53:22.369+0000] {logging_mixin.py:149} INFO - [2023-08-27T13:53:22.369+0000] {dagbag.py:541} INFO - Filling up the DagBag from /home/airflow/.local/lib/python3.7/site-packages/airflow/example_dags/example_python_operator.py
[2023-08-27T13:53:22.375+0000] {logging_mixin.py:149} INFO - [2023-08-27T13:53:22.375+0000] {taskmixin.py:211} WARNING - Dependency <Task(_PythonDecoratedOperator): print_the_context>, log_sql_query already registered for DAG: example_python_operator
[2023-08-27T13:53:22.376+0000] {logging_mixin.py:149} INFO - [2023-08-27T13:53:22.376+0000] {taskmixin.py:211} WARNING - Dependency <Task(_PythonDecoratedOperator): log_sql_query>, print_the_context already registered for DAG: example_python_operator
[2023-08-27T13:53:22.377+0000] {logging_mixin.py:149} INFO - [2023-08-27T13:53:22.376+0000] {taskmixin.py:211} WARNING - Dependency <Task(_PythonDecoratedOperator): print_the_context>, log_sql_query already registered for DAG: example_python_operator
[2023-08-27T13:53:22.377+0000] {logging_mixin.py:149} INFO - [2023-08-27T13:53:22.377+0000] {taskmixin.py:211} WARNING - Dependency <Task(_PythonDecoratedOperator): log_sql_query>, print_the_context already registered for DAG: example_python_operator
[2023-08-27T13:53:22.378+0000] {logging_mixin.py:149} INFO - [2023-08-27T13:53:22.378+0000] {taskmixin.py:211} WARNING - Dependency <Task(_PythonDecoratedOperator): print_the_context>, log_sql_query already registered for DAG: example_python_operator
[2023-08-27T13:53:22.378+0000] {logging_mixin.py:149} INFO - [2023-08-27T13:53:22.378+0000] {taskmixin.py:211} WARNING - Dependency <Task(_PythonDecoratedOperator): log_sql_query>, print_the_context already registered for DAG: example_python_operator
[2023-08-27T13:53:22.379+0000] {logging_mixin.py:149} INFO - [2023-08-27T13:53:22.379+0000] {taskmixin.py:211} WARNING - Dependency <Task(_PythonDecoratedOperator): print_the_context>, log_sql_query already registered for DAG: example_python_operator
[2023-08-27T13:53:22.379+0000] {logging_mixin.py:149} INFO - [2023-08-27T13:53:22.379+0000] {taskmixin.py:211} WARNING - Dependency <Task(_PythonDecoratedOperator): log_sql_query>, print_the_context already registered for DAG: example_python_operator
[2023-08-27T13:53:22.381+0000] {processor.py:836} INFO - DAG(s) dict_keys(['example_python_operator']) retrieved from /home/airflow/.local/lib/python3.7/site-packages/airflow/example_dags/example_python_operator.py
[2023-08-27T13:53:22.413+0000] {logging_mixin.py:149} INFO - [2023-08-27T13:53:22.412+0000] {dag.py:2726} INFO - Sync 1 DAGs
[2023-08-27T13:53:22.441+0000] {logging_mixin.py:149} INFO - [2023-08-27T13:53:22.441+0000] {dag.py:3490} INFO - Setting next_dagrun for example_python_operator to None, run_after=None
[2023-08-27T13:53:22.455+0000] {processor.py:179} INFO - Processing /home/airflow/.local/lib/python3.7/site-packages/airflow/example_dags/example_python_operator.py took 0.091 seconds
[2023-08-27T13:56:35.664+0000] {processor.py:157} INFO - Started process (PID=82544) to work on /home/airflow/.local/lib/python3.7/site-packages/airflow/example_dags/example_python_operator.py
[2023-08-27T13:56:35.665+0000] {processor.py:826} INFO - Processing file /home/airflow/.local/lib/python3.7/site-packages/airflow/example_dags/example_python_operator.py for tasks to queue
[2023-08-27T13:56:35.668+0000] {logging_mixin.py:149} INFO - [2023-08-27T13:56:35.668+0000] {dagbag.py:541} INFO - Filling up the DagBag from /home/airflow/.local/lib/python3.7/site-packages/airflow/example_dags/example_python_operator.py
[2023-08-27T13:56:35.674+0000] {logging_mixin.py:149} INFO - [2023-08-27T13:56:35.674+0000] {taskmixin.py:211} WARNING - Dependency <Task(_PythonDecoratedOperator): print_the_context>, log_sql_query already registered for DAG: example_python_operator
[2023-08-27T13:56:35.674+0000] {logging_mixin.py:149} INFO - [2023-08-27T13:56:35.674+0000] {taskmixin.py:211} WARNING - Dependency <Task(_PythonDecoratedOperator): log_sql_query>, print_the_context already registered for DAG: example_python_operator
[2023-08-27T13:56:35.675+0000] {logging_mixin.py:149} INFO - [2023-08-27T13:56:35.675+0000] {taskmixin.py:211} WARNING - Dependency <Task(_PythonDecoratedOperator): print_the_context>, log_sql_query already registered for DAG: example_python_operator
[2023-08-27T13:56:35.676+0000] {logging_mixin.py:149} INFO - [2023-08-27T13:56:35.676+0000] {taskmixin.py:211} WARNING - Dependency <Task(_PythonDecoratedOperator): log_sql_query>, print_the_context already registered for DAG: example_python_operator
[2023-08-27T13:56:35.676+0000] {logging_mixin.py:149} INFO - [2023-08-27T13:56:35.676+0000] {taskmixin.py:211} WARNING - Dependency <Task(_PythonDecoratedOperator): print_the_context>, log_sql_query already registered for DAG: example_python_operator
[2023-08-27T13:56:35.677+0000] {logging_mixin.py:149} INFO - [2023-08-27T13:56:35.677+0000] {taskmixin.py:211} WARNING - Dependency <Task(_PythonDecoratedOperator): log_sql_query>, print_the_context already registered for DAG: example_python_operator
[2023-08-27T13:56:35.677+0000] {logging_mixin.py:149} INFO - [2023-08-27T13:56:35.677+0000] {taskmixin.py:211} WARNING - Dependency <Task(_PythonDecoratedOperator): print_the_context>, log_sql_query already registered for DAG: example_python_operator
[2023-08-27T13:56:35.678+0000] {logging_mixin.py:149} INFO - [2023-08-27T13:56:35.678+0000] {taskmixin.py:211} WARNING - Dependency <Task(_PythonDecoratedOperator): log_sql_query>, print_the_context already registered for DAG: example_python_operator
[2023-08-27T13:56:35.680+0000] {processor.py:836} INFO - DAG(s) dict_keys(['example_python_operator']) retrieved from /home/airflow/.local/lib/python3.7/site-packages/airflow/example_dags/example_python_operator.py
[2023-08-27T13:56:35.706+0000] {logging_mixin.py:149} INFO - [2023-08-27T13:56:35.705+0000] {dag.py:2726} INFO - Sync 1 DAGs
[2023-08-27T13:56:35.722+0000] {logging_mixin.py:149} INFO - [2023-08-27T13:56:35.722+0000] {dag.py:3490} INFO - Setting next_dagrun for example_python_operator to None, run_after=None
[2023-08-27T13:56:35.745+0000] {processor.py:179} INFO - Processing /home/airflow/.local/lib/python3.7/site-packages/airflow/example_dags/example_python_operator.py took 0.083 seconds
[2023-08-27T14:25:12.303+0000] {processor.py:157} INFO - Started process (PID=82609) to work on /home/airflow/.local/lib/python3.7/site-packages/airflow/example_dags/example_python_operator.py
[2023-08-27T14:25:12.304+0000] {processor.py:826} INFO - Processing file /home/airflow/.local/lib/python3.7/site-packages/airflow/example_dags/example_python_operator.py for tasks to queue
[2023-08-27T14:25:12.305+0000] {logging_mixin.py:149} INFO - [2023-08-27T14:25:12.305+0000] {dagbag.py:541} INFO - Filling up the DagBag from /home/airflow/.local/lib/python3.7/site-packages/airflow/example_dags/example_python_operator.py
[2023-08-27T14:25:12.311+0000] {logging_mixin.py:149} INFO - [2023-08-27T14:25:12.311+0000] {taskmixin.py:211} WARNING - Dependency <Task(_PythonDecoratedOperator): print_the_context>, log_sql_query already registered for DAG: example_python_operator
[2023-08-27T14:25:12.312+0000] {logging_mixin.py:149} INFO - [2023-08-27T14:25:12.312+0000] {taskmixin.py:211} WARNING - Dependency <Task(_PythonDecoratedOperator): log_sql_query>, print_the_context already registered for DAG: example_python_operator
[2023-08-27T14:25:12.313+0000] {logging_mixin.py:149} INFO - [2023-08-27T14:25:12.313+0000] {taskmixin.py:211} WARNING - Dependency <Task(_PythonDecoratedOperator): print_the_context>, log_sql_query already registered for DAG: example_python_operator
[2023-08-27T14:25:12.313+0000] {logging_mixin.py:149} INFO - [2023-08-27T14:25:12.313+0000] {taskmixin.py:211} WARNING - Dependency <Task(_PythonDecoratedOperator): log_sql_query>, print_the_context already registered for DAG: example_python_operator
[2023-08-27T14:25:12.314+0000] {logging_mixin.py:149} INFO - [2023-08-27T14:25:12.314+0000] {taskmixin.py:211} WARNING - Dependency <Task(_PythonDecoratedOperator): print_the_context>, log_sql_query already registered for DAG: example_python_operator
[2023-08-27T14:25:12.314+0000] {logging_mixin.py:149} INFO - [2023-08-27T14:25:12.314+0000] {taskmixin.py:211} WARNING - Dependency <Task(_PythonDecoratedOperator): log_sql_query>, print_the_context already registered for DAG: example_python_operator
[2023-08-27T14:25:12.315+0000] {logging_mixin.py:149} INFO - [2023-08-27T14:25:12.315+0000] {taskmixin.py:211} WARNING - Dependency <Task(_PythonDecoratedOperator): print_the_context>, log_sql_query already registered for DAG: example_python_operator
[2023-08-27T14:25:12.316+0000] {logging_mixin.py:149} INFO - [2023-08-27T14:25:12.316+0000] {taskmixin.py:211} WARNING - Dependency <Task(_PythonDecoratedOperator): log_sql_query>, print_the_context already registered for DAG: example_python_operator
[2023-08-27T14:25:12.318+0000] {processor.py:836} INFO - DAG(s) dict_keys(['example_python_operator']) retrieved from /home/airflow/.local/lib/python3.7/site-packages/airflow/example_dags/example_python_operator.py
[2023-08-27T14:25:12.345+0000] {logging_mixin.py:149} INFO - [2023-08-27T14:25:12.345+0000] {dag.py:2726} INFO - Sync 1 DAGs
[2023-08-27T14:25:12.364+0000] {logging_mixin.py:149} INFO - [2023-08-27T14:25:12.364+0000] {dag.py:3490} INFO - Setting next_dagrun for example_python_operator to None, run_after=None
[2023-08-27T14:25:12.379+0000] {processor.py:179} INFO - Processing /home/airflow/.local/lib/python3.7/site-packages/airflow/example_dags/example_python_operator.py took 0.079 seconds
[2023-08-27T17:32:58.608+0000] {processor.py:157} INFO - Started process (PID=82675) to work on /home/airflow/.local/lib/python3.7/site-packages/airflow/example_dags/example_python_operator.py
[2023-08-27T17:32:58.610+0000] {processor.py:826} INFO - Processing file /home/airflow/.local/lib/python3.7/site-packages/airflow/example_dags/example_python_operator.py for tasks to queue
[2023-08-27T17:32:58.611+0000] {logging_mixin.py:149} INFO - [2023-08-27T17:32:58.611+0000] {dagbag.py:541} INFO - Filling up the DagBag from /home/airflow/.local/lib/python3.7/site-packages/airflow/example_dags/example_python_operator.py
[2023-08-27T17:32:58.616+0000] {logging_mixin.py:149} INFO - [2023-08-27T17:32:58.616+0000] {taskmixin.py:211} WARNING - Dependency <Task(_PythonDecoratedOperator): print_the_context>, log_sql_query already registered for DAG: example_python_operator
[2023-08-27T17:32:58.617+0000] {logging_mixin.py:149} INFO - [2023-08-27T17:32:58.617+0000] {taskmixin.py:211} WARNING - Dependency <Task(_PythonDecoratedOperator): log_sql_query>, print_the_context already registered for DAG: example_python_operator
[2023-08-27T17:32:58.617+0000] {logging_mixin.py:149} INFO - [2023-08-27T17:32:58.617+0000] {taskmixin.py:211} WARNING - Dependency <Task(_PythonDecoratedOperator): print_the_context>, log_sql_query already registered for DAG: example_python_operator
[2023-08-27T17:32:58.618+0000] {logging_mixin.py:149} INFO - [2023-08-27T17:32:58.618+0000] {taskmixin.py:211} WARNING - Dependency <Task(_PythonDecoratedOperator): log_sql_query>, print_the_context already registered for DAG: example_python_operator
[2023-08-27T17:32:58.618+0000] {logging_mixin.py:149} INFO - [2023-08-27T17:32:58.618+0000] {taskmixin.py:211} WARNING - Dependency <Task(_PythonDecoratedOperator): print_the_context>, log_sql_query already registered for DAG: example_python_operator
[2023-08-27T17:32:58.618+0000] {logging_mixin.py:149} INFO - [2023-08-27T17:32:58.618+0000] {taskmixin.py:211} WARNING - Dependency <Task(_PythonDecoratedOperator): log_sql_query>, print_the_context already registered for DAG: example_python_operator
[2023-08-27T17:32:58.619+0000] {logging_mixin.py:149} INFO - [2023-08-27T17:32:58.619+0000] {taskmixin.py:211} WARNING - Dependency <Task(_PythonDecoratedOperator): print_the_context>, log_sql_query already registered for DAG: example_python_operator
[2023-08-27T17:32:58.620+0000] {logging_mixin.py:149} INFO - [2023-08-27T17:32:58.620+0000] {taskmixin.py:211} WARNING - Dependency <Task(_PythonDecoratedOperator): log_sql_query>, print_the_context already registered for DAG: example_python_operator
[2023-08-27T17:32:58.621+0000] {processor.py:836} INFO - DAG(s) dict_keys(['example_python_operator']) retrieved from /home/airflow/.local/lib/python3.7/site-packages/airflow/example_dags/example_python_operator.py
[2023-08-27T17:32:58.646+0000] {logging_mixin.py:149} INFO - [2023-08-27T17:32:58.646+0000] {dag.py:2726} INFO - Sync 1 DAGs
[2023-08-27T17:32:58.666+0000] {logging_mixin.py:149} INFO - [2023-08-27T17:32:58.666+0000] {dag.py:3490} INFO - Setting next_dagrun for example_python_operator to None, run_after=None
[2023-08-27T17:32:58.681+0000] {processor.py:179} INFO - Processing /home/airflow/.local/lib/python3.7/site-packages/airflow/example_dags/example_python_operator.py took 0.077 seconds
[2023-08-27T17:33:32.027+0000] {processor.py:157} INFO - Started process (PID=82747) to work on /home/airflow/.local/lib/python3.7/site-packages/airflow/example_dags/example_python_operator.py
[2023-08-27T17:33:32.028+0000] {processor.py:826} INFO - Processing file /home/airflow/.local/lib/python3.7/site-packages/airflow/example_dags/example_python_operator.py for tasks to queue
[2023-08-27T17:33:32.029+0000] {logging_mixin.py:149} INFO - [2023-08-27T17:33:32.029+0000] {dagbag.py:541} INFO - Filling up the DagBag from /home/airflow/.local/lib/python3.7/site-packages/airflow/example_dags/example_python_operator.py
[2023-08-27T17:33:32.035+0000] {logging_mixin.py:149} INFO - [2023-08-27T17:33:32.035+0000] {taskmixin.py:211} WARNING - Dependency <Task(_PythonDecoratedOperator): print_the_context>, log_sql_query already registered for DAG: example_python_operator
[2023-08-27T17:33:32.036+0000] {logging_mixin.py:149} INFO - [2023-08-27T17:33:32.036+0000] {taskmixin.py:211} WARNING - Dependency <Task(_PythonDecoratedOperator): log_sql_query>, print_the_context already registered for DAG: example_python_operator
[2023-08-27T17:33:32.036+0000] {logging_mixin.py:149} INFO - [2023-08-27T17:33:32.036+0000] {taskmixin.py:211} WARNING - Dependency <Task(_PythonDecoratedOperator): print_the_context>, log_sql_query already registered for DAG: example_python_operator
[2023-08-27T17:33:32.037+0000] {logging_mixin.py:149} INFO - [2023-08-27T17:33:32.037+0000] {taskmixin.py:211} WARNING - Dependency <Task(_PythonDecoratedOperator): log_sql_query>, print_the_context already registered for DAG: example_python_operator
[2023-08-27T17:33:32.037+0000] {logging_mixin.py:149} INFO - [2023-08-27T17:33:32.037+0000] {taskmixin.py:211} WARNING - Dependency <Task(_PythonDecoratedOperator): print_the_context>, log_sql_query already registered for DAG: example_python_operator
[2023-08-27T17:33:32.038+0000] {logging_mixin.py:149} INFO - [2023-08-27T17:33:32.038+0000] {taskmixin.py:211} WARNING - Dependency <Task(_PythonDecoratedOperator): log_sql_query>, print_the_context already registered for DAG: example_python_operator
[2023-08-27T17:33:32.038+0000] {logging_mixin.py:149} INFO - [2023-08-27T17:33:32.038+0000] {taskmixin.py:211} WARNING - Dependency <Task(_PythonDecoratedOperator): print_the_context>, log_sql_query already registered for DAG: example_python_operator
[2023-08-27T17:33:32.039+0000] {logging_mixin.py:149} INFO - [2023-08-27T17:33:32.038+0000] {taskmixin.py:211} WARNING - Dependency <Task(_PythonDecoratedOperator): log_sql_query>, print_the_context already registered for DAG: example_python_operator
[2023-08-27T17:33:32.043+0000] {processor.py:836} INFO - DAG(s) dict_keys(['example_python_operator']) retrieved from /home/airflow/.local/lib/python3.7/site-packages/airflow/example_dags/example_python_operator.py
[2023-08-27T17:33:32.086+0000] {logging_mixin.py:149} INFO - [2023-08-27T17:33:32.086+0000] {dag.py:2726} INFO - Sync 1 DAGs
[2023-08-27T17:33:32.113+0000] {logging_mixin.py:149} INFO - [2023-08-27T17:33:32.113+0000] {dag.py:3490} INFO - Setting next_dagrun for example_python_operator to None, run_after=None
[2023-08-27T17:33:32.127+0000] {processor.py:179} INFO - Processing /home/airflow/.local/lib/python3.7/site-packages/airflow/example_dags/example_python_operator.py took 0.103 seconds
[2023-08-27T17:34:06.300+0000] {processor.py:157} INFO - Started process (PID=82813) to work on /home/airflow/.local/lib/python3.7/site-packages/airflow/example_dags/example_python_operator.py
[2023-08-27T17:34:06.302+0000] {processor.py:826} INFO - Processing file /home/airflow/.local/lib/python3.7/site-packages/airflow/example_dags/example_python_operator.py for tasks to queue
[2023-08-27T17:34:06.302+0000] {logging_mixin.py:149} INFO - [2023-08-27T17:34:06.302+0000] {dagbag.py:541} INFO - Filling up the DagBag from /home/airflow/.local/lib/python3.7/site-packages/airflow/example_dags/example_python_operator.py
[2023-08-27T17:34:06.308+0000] {logging_mixin.py:149} INFO - [2023-08-27T17:34:06.308+0000] {taskmixin.py:211} WARNING - Dependency <Task(_PythonDecoratedOperator): print_the_context>, log_sql_query already registered for DAG: example_python_operator
[2023-08-27T17:34:06.309+0000] {logging_mixin.py:149} INFO - [2023-08-27T17:34:06.309+0000] {taskmixin.py:211} WARNING - Dependency <Task(_PythonDecoratedOperator): log_sql_query>, print_the_context already registered for DAG: example_python_operator
[2023-08-27T17:34:06.309+0000] {logging_mixin.py:149} INFO - [2023-08-27T17:34:06.309+0000] {taskmixin.py:211} WARNING - Dependency <Task(_PythonDecoratedOperator): print_the_context>, log_sql_query already registered for DAG: example_python_operator
[2023-08-27T17:34:06.309+0000] {logging_mixin.py:149} INFO - [2023-08-27T17:34:06.309+0000] {taskmixin.py:211} WARNING - Dependency <Task(_PythonDecoratedOperator): log_sql_query>, print_the_context already registered for DAG: example_python_operator
[2023-08-27T17:34:06.310+0000] {logging_mixin.py:149} INFO - [2023-08-27T17:34:06.310+0000] {taskmixin.py:211} WARNING - Dependency <Task(_PythonDecoratedOperator): print_the_context>, log_sql_query already registered for DAG: example_python_operator
[2023-08-27T17:34:06.310+0000] {logging_mixin.py:149} INFO - [2023-08-27T17:34:06.310+0000] {taskmixin.py:211} WARNING - Dependency <Task(_PythonDecoratedOperator): log_sql_query>, print_the_context already registered for DAG: example_python_operator
[2023-08-27T17:34:06.311+0000] {logging_mixin.py:149} INFO - [2023-08-27T17:34:06.311+0000] {taskmixin.py:211} WARNING - Dependency <Task(_PythonDecoratedOperator): print_the_context>, log_sql_query already registered for DAG: example_python_operator
[2023-08-27T17:34:06.312+0000] {logging_mixin.py:149} INFO - [2023-08-27T17:34:06.311+0000] {taskmixin.py:211} WARNING - Dependency <Task(_PythonDecoratedOperator): log_sql_query>, print_the_context already registered for DAG: example_python_operator
[2023-08-27T17:34:06.313+0000] {processor.py:836} INFO - DAG(s) dict_keys(['example_python_operator']) retrieved from /home/airflow/.local/lib/python3.7/site-packages/airflow/example_dags/example_python_operator.py
[2023-08-27T17:34:06.339+0000] {logging_mixin.py:149} INFO - [2023-08-27T17:34:06.339+0000] {dag.py:2726} INFO - Sync 1 DAGs
[2023-08-27T17:34:06.368+0000] {logging_mixin.py:149} INFO - [2023-08-27T17:34:06.368+0000] {dag.py:3490} INFO - Setting next_dagrun for example_python_operator to None, run_after=None
[2023-08-27T17:34:06.379+0000] {processor.py:179} INFO - Processing /home/airflow/.local/lib/python3.7/site-packages/airflow/example_dags/example_python_operator.py took 0.083 seconds
[2023-08-27T17:34:40.599+0000] {processor.py:157} INFO - Started process (PID=82879) to work on /home/airflow/.local/lib/python3.7/site-packages/airflow/example_dags/example_python_operator.py
[2023-08-27T17:34:40.607+0000] {processor.py:826} INFO - Processing file /home/airflow/.local/lib/python3.7/site-packages/airflow/example_dags/example_python_operator.py for tasks to queue
[2023-08-27T17:34:40.607+0000] {logging_mixin.py:149} INFO - [2023-08-27T17:34:40.607+0000] {dagbag.py:541} INFO - Filling up the DagBag from /home/airflow/.local/lib/python3.7/site-packages/airflow/example_dags/example_python_operator.py
[2023-08-27T17:34:40.622+0000] {logging_mixin.py:149} INFO - [2023-08-27T17:34:40.621+0000] {taskmixin.py:211} WARNING - Dependency <Task(_PythonDecoratedOperator): print_the_context>, log_sql_query already registered for DAG: example_python_operator
[2023-08-27T17:34:40.626+0000] {logging_mixin.py:149} INFO - [2023-08-27T17:34:40.625+0000] {taskmixin.py:211} WARNING - Dependency <Task(_PythonDecoratedOperator): log_sql_query>, print_the_context already registered for DAG: example_python_operator
[2023-08-27T17:34:40.628+0000] {logging_mixin.py:149} INFO - [2023-08-27T17:34:40.628+0000] {taskmixin.py:211} WARNING - Dependency <Task(_PythonDecoratedOperator): print_the_context>, log_sql_query already registered for DAG: example_python_operator
[2023-08-27T17:34:40.629+0000] {logging_mixin.py:149} INFO - [2023-08-27T17:34:40.629+0000] {taskmixin.py:211} WARNING - Dependency <Task(_PythonDecoratedOperator): log_sql_query>, print_the_context already registered for DAG: example_python_operator
[2023-08-27T17:34:40.631+0000] {logging_mixin.py:149} INFO - [2023-08-27T17:34:40.631+0000] {taskmixin.py:211} WARNING - Dependency <Task(_PythonDecoratedOperator): print_the_context>, log_sql_query already registered for DAG: example_python_operator
[2023-08-27T17:34:40.632+0000] {logging_mixin.py:149} INFO - [2023-08-27T17:34:40.632+0000] {taskmixin.py:211} WARNING - Dependency <Task(_PythonDecoratedOperator): log_sql_query>, print_the_context already registered for DAG: example_python_operator
[2023-08-27T17:34:40.634+0000] {logging_mixin.py:149} INFO - [2023-08-27T17:34:40.634+0000] {taskmixin.py:211} WARNING - Dependency <Task(_PythonDecoratedOperator): print_the_context>, log_sql_query already registered for DAG: example_python_operator
[2023-08-27T17:34:40.635+0000] {logging_mixin.py:149} INFO - [2023-08-27T17:34:40.635+0000] {taskmixin.py:211} WARNING - Dependency <Task(_PythonDecoratedOperator): log_sql_query>, print_the_context already registered for DAG: example_python_operator
[2023-08-27T17:34:40.643+0000] {processor.py:836} INFO - DAG(s) dict_keys(['example_python_operator']) retrieved from /home/airflow/.local/lib/python3.7/site-packages/airflow/example_dags/example_python_operator.py
[2023-08-27T17:34:40.693+0000] {logging_mixin.py:149} INFO - [2023-08-27T17:34:40.693+0000] {dag.py:2726} INFO - Sync 1 DAGs
[2023-08-27T17:34:40.724+0000] {logging_mixin.py:149} INFO - [2023-08-27T17:34:40.724+0000] {dag.py:3490} INFO - Setting next_dagrun for example_python_operator to None, run_after=None
[2023-08-27T17:34:40.736+0000] {processor.py:179} INFO - Processing /home/airflow/.local/lib/python3.7/site-packages/airflow/example_dags/example_python_operator.py took 0.148 seconds
[2023-08-27T17:35:14.783+0000] {processor.py:157} INFO - Started process (PID=82945) to work on /home/airflow/.local/lib/python3.7/site-packages/airflow/example_dags/example_python_operator.py
[2023-08-27T17:35:14.787+0000] {processor.py:826} INFO - Processing file /home/airflow/.local/lib/python3.7/site-packages/airflow/example_dags/example_python_operator.py for tasks to queue
[2023-08-27T17:35:14.788+0000] {logging_mixin.py:149} INFO - [2023-08-27T17:35:14.788+0000] {dagbag.py:541} INFO - Filling up the DagBag from /home/airflow/.local/lib/python3.7/site-packages/airflow/example_dags/example_python_operator.py
[2023-08-27T17:35:14.794+0000] {logging_mixin.py:149} INFO - [2023-08-27T17:35:14.793+0000] {taskmixin.py:211} WARNING - Dependency <Task(_PythonDecoratedOperator): print_the_context>, log_sql_query already registered for DAG: example_python_operator
[2023-08-27T17:35:14.801+0000] {logging_mixin.py:149} INFO - [2023-08-27T17:35:14.801+0000] {taskmixin.py:211} WARNING - Dependency <Task(_PythonDecoratedOperator): log_sql_query>, print_the_context already registered for DAG: example_python_operator
[2023-08-27T17:35:14.802+0000] {logging_mixin.py:149} INFO - [2023-08-27T17:35:14.802+0000] {taskmixin.py:211} WARNING - Dependency <Task(_PythonDecoratedOperator): print_the_context>, log_sql_query already registered for DAG: example_python_operator
[2023-08-27T17:35:14.802+0000] {logging_mixin.py:149} INFO - [2023-08-27T17:35:14.802+0000] {taskmixin.py:211} WARNING - Dependency <Task(_PythonDecoratedOperator): log_sql_query>, print_the_context already registered for DAG: example_python_operator
[2023-08-27T17:35:14.803+0000] {logging_mixin.py:149} INFO - [2023-08-27T17:35:14.803+0000] {taskmixin.py:211} WARNING - Dependency <Task(_PythonDecoratedOperator): print_the_context>, log_sql_query already registered for DAG: example_python_operator
[2023-08-27T17:35:14.804+0000] {logging_mixin.py:149} INFO - [2023-08-27T17:35:14.804+0000] {taskmixin.py:211} WARNING - Dependency <Task(_PythonDecoratedOperator): log_sql_query>, print_the_context already registered for DAG: example_python_operator
[2023-08-27T17:35:14.806+0000] {logging_mixin.py:149} INFO - [2023-08-27T17:35:14.806+0000] {taskmixin.py:211} WARNING - Dependency <Task(_PythonDecoratedOperator): print_the_context>, log_sql_query already registered for DAG: example_python_operator
[2023-08-27T17:35:14.808+0000] {logging_mixin.py:149} INFO - [2023-08-27T17:35:14.808+0000] {taskmixin.py:211} WARNING - Dependency <Task(_PythonDecoratedOperator): log_sql_query>, print_the_context already registered for DAG: example_python_operator
[2023-08-27T17:35:14.810+0000] {processor.py:836} INFO - DAG(s) dict_keys(['example_python_operator']) retrieved from /home/airflow/.local/lib/python3.7/site-packages/airflow/example_dags/example_python_operator.py
[2023-08-27T17:35:14.855+0000] {logging_mixin.py:149} INFO - [2023-08-27T17:35:14.850+0000] {dag.py:2726} INFO - Sync 1 DAGs
[2023-08-27T17:35:14.884+0000] {logging_mixin.py:149} INFO - [2023-08-27T17:35:14.884+0000] {dag.py:3490} INFO - Setting next_dagrun for example_python_operator to None, run_after=None
[2023-08-27T17:35:14.906+0000] {processor.py:179} INFO - Processing /home/airflow/.local/lib/python3.7/site-packages/airflow/example_dags/example_python_operator.py took 0.126 seconds
[2023-08-27T17:35:49.670+0000] {processor.py:157} INFO - Started process (PID=83012) to work on /home/airflow/.local/lib/python3.7/site-packages/airflow/example_dags/example_python_operator.py
[2023-08-27T17:35:49.671+0000] {processor.py:826} INFO - Processing file /home/airflow/.local/lib/python3.7/site-packages/airflow/example_dags/example_python_operator.py for tasks to queue
[2023-08-27T17:35:49.672+0000] {logging_mixin.py:149} INFO - [2023-08-27T17:35:49.672+0000] {dagbag.py:541} INFO - Filling up the DagBag from /home/airflow/.local/lib/python3.7/site-packages/airflow/example_dags/example_python_operator.py
[2023-08-27T17:35:49.679+0000] {logging_mixin.py:149} INFO - [2023-08-27T17:35:49.679+0000] {taskmixin.py:211} WARNING - Dependency <Task(_PythonDecoratedOperator): print_the_context>, log_sql_query already registered for DAG: example_python_operator
[2023-08-27T17:35:49.680+0000] {logging_mixin.py:149} INFO - [2023-08-27T17:35:49.679+0000] {taskmixin.py:211} WARNING - Dependency <Task(_PythonDecoratedOperator): log_sql_query>, print_the_context already registered for DAG: example_python_operator
[2023-08-27T17:35:49.680+0000] {logging_mixin.py:149} INFO - [2023-08-27T17:35:49.680+0000] {taskmixin.py:211} WARNING - Dependency <Task(_PythonDecoratedOperator): print_the_context>, log_sql_query already registered for DAG: example_python_operator
[2023-08-27T17:35:49.681+0000] {logging_mixin.py:149} INFO - [2023-08-27T17:35:49.681+0000] {taskmixin.py:211} WARNING - Dependency <Task(_PythonDecoratedOperator): log_sql_query>, print_the_context already registered for DAG: example_python_operator
[2023-08-27T17:35:49.681+0000] {logging_mixin.py:149} INFO - [2023-08-27T17:35:49.681+0000] {taskmixin.py:211} WARNING - Dependency <Task(_PythonDecoratedOperator): print_the_context>, log_sql_query already registered for DAG: example_python_operator
[2023-08-27T17:35:49.682+0000] {logging_mixin.py:149} INFO - [2023-08-27T17:35:49.682+0000] {taskmixin.py:211} WARNING - Dependency <Task(_PythonDecoratedOperator): log_sql_query>, print_the_context already registered for DAG: example_python_operator
[2023-08-27T17:35:49.682+0000] {logging_mixin.py:149} INFO - [2023-08-27T17:35:49.682+0000] {taskmixin.py:211} WARNING - Dependency <Task(_PythonDecoratedOperator): print_the_context>, log_sql_query already registered for DAG: example_python_operator
[2023-08-27T17:35:49.683+0000] {logging_mixin.py:149} INFO - [2023-08-27T17:35:49.683+0000] {taskmixin.py:211} WARNING - Dependency <Task(_PythonDecoratedOperator): log_sql_query>, print_the_context already registered for DAG: example_python_operator
[2023-08-27T17:35:49.685+0000] {processor.py:836} INFO - DAG(s) dict_keys(['example_python_operator']) retrieved from /home/airflow/.local/lib/python3.7/site-packages/airflow/example_dags/example_python_operator.py
[2023-08-27T17:35:49.710+0000] {logging_mixin.py:149} INFO - [2023-08-27T17:35:49.710+0000] {dag.py:2726} INFO - Sync 1 DAGs
[2023-08-27T17:35:49.725+0000] {logging_mixin.py:149} INFO - [2023-08-27T17:35:49.725+0000] {dag.py:3490} INFO - Setting next_dagrun for example_python_operator to None, run_after=None
[2023-08-27T17:35:49.736+0000] {processor.py:179} INFO - Processing /home/airflow/.local/lib/python3.7/site-packages/airflow/example_dags/example_python_operator.py took 0.069 seconds
[2023-08-27T17:36:24.142+0000] {processor.py:157} INFO - Started process (PID=83078) to work on /home/airflow/.local/lib/python3.7/site-packages/airflow/example_dags/example_python_operator.py
[2023-08-27T17:36:24.143+0000] {processor.py:826} INFO - Processing file /home/airflow/.local/lib/python3.7/site-packages/airflow/example_dags/example_python_operator.py for tasks to queue
[2023-08-27T17:36:24.144+0000] {logging_mixin.py:149} INFO - [2023-08-27T17:36:24.144+0000] {dagbag.py:541} INFO - Filling up the DagBag from /home/airflow/.local/lib/python3.7/site-packages/airflow/example_dags/example_python_operator.py
[2023-08-27T17:36:24.150+0000] {logging_mixin.py:149} INFO - [2023-08-27T17:36:24.150+0000] {taskmixin.py:211} WARNING - Dependency <Task(_PythonDecoratedOperator): print_the_context>, log_sql_query already registered for DAG: example_python_operator
[2023-08-27T17:36:24.151+0000] {logging_mixin.py:149} INFO - [2023-08-27T17:36:24.151+0000] {taskmixin.py:211} WARNING - Dependency <Task(_PythonDecoratedOperator): log_sql_query>, print_the_context already registered for DAG: example_python_operator
[2023-08-27T17:36:24.151+0000] {logging_mixin.py:149} INFO - [2023-08-27T17:36:24.151+0000] {taskmixin.py:211} WARNING - Dependency <Task(_PythonDecoratedOperator): print_the_context>, log_sql_query already registered for DAG: example_python_operator
[2023-08-27T17:36:24.152+0000] {logging_mixin.py:149} INFO - [2023-08-27T17:36:24.152+0000] {taskmixin.py:211} WARNING - Dependency <Task(_PythonDecoratedOperator): log_sql_query>, print_the_context already registered for DAG: example_python_operator
[2023-08-27T17:36:24.152+0000] {logging_mixin.py:149} INFO - [2023-08-27T17:36:24.152+0000] {taskmixin.py:211} WARNING - Dependency <Task(_PythonDecoratedOperator): print_the_context>, log_sql_query already registered for DAG: example_python_operator
[2023-08-27T17:36:24.153+0000] {logging_mixin.py:149} INFO - [2023-08-27T17:36:24.153+0000] {taskmixin.py:211} WARNING - Dependency <Task(_PythonDecoratedOperator): log_sql_query>, print_the_context already registered for DAG: example_python_operator
[2023-08-27T17:36:24.153+0000] {logging_mixin.py:149} INFO - [2023-08-27T17:36:24.153+0000] {taskmixin.py:211} WARNING - Dependency <Task(_PythonDecoratedOperator): print_the_context>, log_sql_query already registered for DAG: example_python_operator
[2023-08-27T17:36:24.154+0000] {logging_mixin.py:149} INFO - [2023-08-27T17:36:24.154+0000] {taskmixin.py:211} WARNING - Dependency <Task(_PythonDecoratedOperator): log_sql_query>, print_the_context already registered for DAG: example_python_operator
[2023-08-27T17:36:24.156+0000] {processor.py:836} INFO - DAG(s) dict_keys(['example_python_operator']) retrieved from /home/airflow/.local/lib/python3.7/site-packages/airflow/example_dags/example_python_operator.py
[2023-08-27T17:36:24.184+0000] {logging_mixin.py:149} INFO - [2023-08-27T17:36:24.184+0000] {dag.py:2726} INFO - Sync 1 DAGs
[2023-08-27T17:36:24.209+0000] {logging_mixin.py:149} INFO - [2023-08-27T17:36:24.209+0000] {dag.py:3490} INFO - Setting next_dagrun for example_python_operator to None, run_after=None
[2023-08-27T17:36:24.224+0000] {processor.py:179} INFO - Processing /home/airflow/.local/lib/python3.7/site-packages/airflow/example_dags/example_python_operator.py took 0.086 seconds
[2023-08-27T17:36:57.422+0000] {processor.py:157} INFO - Started process (PID=83144) to work on /home/airflow/.local/lib/python3.7/site-packages/airflow/example_dags/example_python_operator.py
[2023-08-27T17:36:57.423+0000] {processor.py:826} INFO - Processing file /home/airflow/.local/lib/python3.7/site-packages/airflow/example_dags/example_python_operator.py for tasks to queue
[2023-08-27T17:36:57.424+0000] {logging_mixin.py:149} INFO - [2023-08-27T17:36:57.424+0000] {dagbag.py:541} INFO - Filling up the DagBag from /home/airflow/.local/lib/python3.7/site-packages/airflow/example_dags/example_python_operator.py
[2023-08-27T17:36:57.430+0000] {logging_mixin.py:149} INFO - [2023-08-27T17:36:57.430+0000] {taskmixin.py:211} WARNING - Dependency <Task(_PythonDecoratedOperator): print_the_context>, log_sql_query already registered for DAG: example_python_operator
[2023-08-27T17:36:57.431+0000] {logging_mixin.py:149} INFO - [2023-08-27T17:36:57.430+0000] {taskmixin.py:211} WARNING - Dependency <Task(_PythonDecoratedOperator): log_sql_query>, print_the_context already registered for DAG: example_python_operator
[2023-08-27T17:36:57.431+0000] {logging_mixin.py:149} INFO - [2023-08-27T17:36:57.431+0000] {taskmixin.py:211} WARNING - Dependency <Task(_PythonDecoratedOperator): print_the_context>, log_sql_query already registered for DAG: example_python_operator
[2023-08-27T17:36:57.432+0000] {logging_mixin.py:149} INFO - [2023-08-27T17:36:57.431+0000] {taskmixin.py:211} WARNING - Dependency <Task(_PythonDecoratedOperator): log_sql_query>, print_the_context already registered for DAG: example_python_operator
[2023-08-27T17:36:57.432+0000] {logging_mixin.py:149} INFO - [2023-08-27T17:36:57.432+0000] {taskmixin.py:211} WARNING - Dependency <Task(_PythonDecoratedOperator): print_the_context>, log_sql_query already registered for DAG: example_python_operator
[2023-08-27T17:36:57.432+0000] {logging_mixin.py:149} INFO - [2023-08-27T17:36:57.432+0000] {taskmixin.py:211} WARNING - Dependency <Task(_PythonDecoratedOperator): log_sql_query>, print_the_context already registered for DAG: example_python_operator
[2023-08-27T17:36:57.433+0000] {logging_mixin.py:149} INFO - [2023-08-27T17:36:57.433+0000] {taskmixin.py:211} WARNING - Dependency <Task(_PythonDecoratedOperator): print_the_context>, log_sql_query already registered for DAG: example_python_operator
[2023-08-27T17:36:57.433+0000] {logging_mixin.py:149} INFO - [2023-08-27T17:36:57.433+0000] {taskmixin.py:211} WARNING - Dependency <Task(_PythonDecoratedOperator): log_sql_query>, print_the_context already registered for DAG: example_python_operator
[2023-08-27T17:36:57.435+0000] {processor.py:836} INFO - DAG(s) dict_keys(['example_python_operator']) retrieved from /home/airflow/.local/lib/python3.7/site-packages/airflow/example_dags/example_python_operator.py
[2023-08-27T17:36:57.457+0000] {logging_mixin.py:149} INFO - [2023-08-27T17:36:57.457+0000] {dag.py:2726} INFO - Sync 1 DAGs
[2023-08-27T17:36:57.473+0000] {logging_mixin.py:149} INFO - [2023-08-27T17:36:57.473+0000] {dag.py:3490} INFO - Setting next_dagrun for example_python_operator to None, run_after=None
[2023-08-27T17:36:57.489+0000] {processor.py:179} INFO - Processing /home/airflow/.local/lib/python3.7/site-packages/airflow/example_dags/example_python_operator.py took 0.071 seconds
[2023-08-27T17:37:31.799+0000] {processor.py:157} INFO - Started process (PID=83217) to work on /home/airflow/.local/lib/python3.7/site-packages/airflow/example_dags/example_python_operator.py
[2023-08-27T17:37:31.801+0000] {processor.py:826} INFO - Processing file /home/airflow/.local/lib/python3.7/site-packages/airflow/example_dags/example_python_operator.py for tasks to queue
[2023-08-27T17:37:31.801+0000] {logging_mixin.py:149} INFO - [2023-08-27T17:37:31.801+0000] {dagbag.py:541} INFO - Filling up the DagBag from /home/airflow/.local/lib/python3.7/site-packages/airflow/example_dags/example_python_operator.py
[2023-08-27T17:37:31.808+0000] {logging_mixin.py:149} INFO - [2023-08-27T17:37:31.808+0000] {taskmixin.py:211} WARNING - Dependency <Task(_PythonDecoratedOperator): print_the_context>, log_sql_query already registered for DAG: example_python_operator
[2023-08-27T17:37:31.809+0000] {logging_mixin.py:149} INFO - [2023-08-27T17:37:31.809+0000] {taskmixin.py:211} WARNING - Dependency <Task(_PythonDecoratedOperator): log_sql_query>, print_the_context already registered for DAG: example_python_operator
[2023-08-27T17:37:31.809+0000] {logging_mixin.py:149} INFO - [2023-08-27T17:37:31.809+0000] {taskmixin.py:211} WARNING - Dependency <Task(_PythonDecoratedOperator): print_the_context>, log_sql_query already registered for DAG: example_python_operator
[2023-08-27T17:37:31.810+0000] {logging_mixin.py:149} INFO - [2023-08-27T17:37:31.810+0000] {taskmixin.py:211} WARNING - Dependency <Task(_PythonDecoratedOperator): log_sql_query>, print_the_context already registered for DAG: example_python_operator
[2023-08-27T17:37:31.813+0000] {logging_mixin.py:149} INFO - [2023-08-27T17:37:31.813+0000] {taskmixin.py:211} WARNING - Dependency <Task(_PythonDecoratedOperator): print_the_context>, log_sql_query already registered for DAG: example_python_operator
[2023-08-27T17:37:31.813+0000] {logging_mixin.py:149} INFO - [2023-08-27T17:37:31.813+0000] {taskmixin.py:211} WARNING - Dependency <Task(_PythonDecoratedOperator): log_sql_query>, print_the_context already registered for DAG: example_python_operator
[2023-08-27T17:37:31.814+0000] {logging_mixin.py:149} INFO - [2023-08-27T17:37:31.814+0000] {taskmixin.py:211} WARNING - Dependency <Task(_PythonDecoratedOperator): print_the_context>, log_sql_query already registered for DAG: example_python_operator
[2023-08-27T17:37:31.814+0000] {logging_mixin.py:149} INFO - [2023-08-27T17:37:31.814+0000] {taskmixin.py:211} WARNING - Dependency <Task(_PythonDecoratedOperator): log_sql_query>, print_the_context already registered for DAG: example_python_operator
[2023-08-27T17:37:31.816+0000] {processor.py:836} INFO - DAG(s) dict_keys(['example_python_operator']) retrieved from /home/airflow/.local/lib/python3.7/site-packages/airflow/example_dags/example_python_operator.py
[2023-08-27T17:37:31.842+0000] {logging_mixin.py:149} INFO - [2023-08-27T17:37:31.842+0000] {dag.py:2726} INFO - Sync 1 DAGs
[2023-08-27T17:37:31.858+0000] {logging_mixin.py:149} INFO - [2023-08-27T17:37:31.858+0000] {dag.py:3490} INFO - Setting next_dagrun for example_python_operator to None, run_after=None
[2023-08-27T17:37:31.870+0000] {processor.py:179} INFO - Processing /home/airflow/.local/lib/python3.7/site-packages/airflow/example_dags/example_python_operator.py took 0.075 seconds
[2023-08-27T17:38:06.133+0000] {processor.py:157} INFO - Started process (PID=83283) to work on /home/airflow/.local/lib/python3.7/site-packages/airflow/example_dags/example_python_operator.py
[2023-08-27T17:38:06.135+0000] {processor.py:826} INFO - Processing file /home/airflow/.local/lib/python3.7/site-packages/airflow/example_dags/example_python_operator.py for tasks to queue
[2023-08-27T17:38:06.136+0000] {logging_mixin.py:149} INFO - [2023-08-27T17:38:06.136+0000] {dagbag.py:541} INFO - Filling up the DagBag from /home/airflow/.local/lib/python3.7/site-packages/airflow/example_dags/example_python_operator.py
[2023-08-27T17:38:06.144+0000] {logging_mixin.py:149} INFO - [2023-08-27T17:38:06.144+0000] {taskmixin.py:211} WARNING - Dependency <Task(_PythonDecoratedOperator): print_the_context>, log_sql_query already registered for DAG: example_python_operator
[2023-08-27T17:38:06.145+0000] {logging_mixin.py:149} INFO - [2023-08-27T17:38:06.145+0000] {taskmixin.py:211} WARNING - Dependency <Task(_PythonDecoratedOperator): log_sql_query>, print_the_context already registered for DAG: example_python_operator
[2023-08-27T17:38:06.146+0000] {logging_mixin.py:149} INFO - [2023-08-27T17:38:06.146+0000] {taskmixin.py:211} WARNING - Dependency <Task(_PythonDecoratedOperator): print_the_context>, log_sql_query already registered for DAG: example_python_operator
[2023-08-27T17:38:06.147+0000] {logging_mixin.py:149} INFO - [2023-08-27T17:38:06.147+0000] {taskmixin.py:211} WARNING - Dependency <Task(_PythonDecoratedOperator): log_sql_query>, print_the_context already registered for DAG: example_python_operator
[2023-08-27T17:38:06.148+0000] {logging_mixin.py:149} INFO - [2023-08-27T17:38:06.148+0000] {taskmixin.py:211} WARNING - Dependency <Task(_PythonDecoratedOperator): print_the_context>, log_sql_query already registered for DAG: example_python_operator
[2023-08-27T17:38:06.148+0000] {logging_mixin.py:149} INFO - [2023-08-27T17:38:06.148+0000] {taskmixin.py:211} WARNING - Dependency <Task(_PythonDecoratedOperator): log_sql_query>, print_the_context already registered for DAG: example_python_operator
[2023-08-27T17:38:06.149+0000] {logging_mixin.py:149} INFO - [2023-08-27T17:38:06.149+0000] {taskmixin.py:211} WARNING - Dependency <Task(_PythonDecoratedOperator): print_the_context>, log_sql_query already registered for DAG: example_python_operator
[2023-08-27T17:38:06.149+0000] {logging_mixin.py:149} INFO - [2023-08-27T17:38:06.149+0000] {taskmixin.py:211} WARNING - Dependency <Task(_PythonDecoratedOperator): log_sql_query>, print_the_context already registered for DAG: example_python_operator
[2023-08-27T17:38:06.151+0000] {processor.py:836} INFO - DAG(s) dict_keys(['example_python_operator']) retrieved from /home/airflow/.local/lib/python3.7/site-packages/airflow/example_dags/example_python_operator.py
[2023-08-27T17:38:06.175+0000] {logging_mixin.py:149} INFO - [2023-08-27T17:38:06.175+0000] {dag.py:2726} INFO - Sync 1 DAGs
[2023-08-27T17:38:06.192+0000] {logging_mixin.py:149} INFO - [2023-08-27T17:38:06.192+0000] {dag.py:3490} INFO - Setting next_dagrun for example_python_operator to None, run_after=None
[2023-08-27T17:38:06.206+0000] {processor.py:179} INFO - Processing /home/airflow/.local/lib/python3.7/site-packages/airflow/example_dags/example_python_operator.py took 0.077 seconds
[2023-08-27T17:38:40.308+0000] {processor.py:157} INFO - Started process (PID=83349) to work on /home/airflow/.local/lib/python3.7/site-packages/airflow/example_dags/example_python_operator.py
[2023-08-27T17:38:40.309+0000] {processor.py:826} INFO - Processing file /home/airflow/.local/lib/python3.7/site-packages/airflow/example_dags/example_python_operator.py for tasks to queue
[2023-08-27T17:38:40.310+0000] {logging_mixin.py:149} INFO - [2023-08-27T17:38:40.309+0000] {dagbag.py:541} INFO - Filling up the DagBag from /home/airflow/.local/lib/python3.7/site-packages/airflow/example_dags/example_python_operator.py
[2023-08-27T17:38:40.315+0000] {logging_mixin.py:149} INFO - [2023-08-27T17:38:40.315+0000] {taskmixin.py:211} WARNING - Dependency <Task(_PythonDecoratedOperator): print_the_context>, log_sql_query already registered for DAG: example_python_operator
[2023-08-27T17:38:40.316+0000] {logging_mixin.py:149} INFO - [2023-08-27T17:38:40.316+0000] {taskmixin.py:211} WARNING - Dependency <Task(_PythonDecoratedOperator): log_sql_query>, print_the_context already registered for DAG: example_python_operator
[2023-08-27T17:38:40.316+0000] {logging_mixin.py:149} INFO - [2023-08-27T17:38:40.316+0000] {taskmixin.py:211} WARNING - Dependency <Task(_PythonDecoratedOperator): print_the_context>, log_sql_query already registered for DAG: example_python_operator
[2023-08-27T17:38:40.317+0000] {logging_mixin.py:149} INFO - [2023-08-27T17:38:40.317+0000] {taskmixin.py:211} WARNING - Dependency <Task(_PythonDecoratedOperator): log_sql_query>, print_the_context already registered for DAG: example_python_operator
[2023-08-27T17:38:40.318+0000] {logging_mixin.py:149} INFO - [2023-08-27T17:38:40.317+0000] {taskmixin.py:211} WARNING - Dependency <Task(_PythonDecoratedOperator): print_the_context>, log_sql_query already registered for DAG: example_python_operator
[2023-08-27T17:38:40.318+0000] {logging_mixin.py:149} INFO - [2023-08-27T17:38:40.318+0000] {taskmixin.py:211} WARNING - Dependency <Task(_PythonDecoratedOperator): log_sql_query>, print_the_context already registered for DAG: example_python_operator
[2023-08-27T17:38:40.319+0000] {logging_mixin.py:149} INFO - [2023-08-27T17:38:40.319+0000] {taskmixin.py:211} WARNING - Dependency <Task(_PythonDecoratedOperator): print_the_context>, log_sql_query already registered for DAG: example_python_operator
[2023-08-27T17:38:40.319+0000] {logging_mixin.py:149} INFO - [2023-08-27T17:38:40.319+0000] {taskmixin.py:211} WARNING - Dependency <Task(_PythonDecoratedOperator): log_sql_query>, print_the_context already registered for DAG: example_python_operator
[2023-08-27T17:38:40.321+0000] {processor.py:836} INFO - DAG(s) dict_keys(['example_python_operator']) retrieved from /home/airflow/.local/lib/python3.7/site-packages/airflow/example_dags/example_python_operator.py
[2023-08-27T17:38:40.344+0000] {logging_mixin.py:149} INFO - [2023-08-27T17:38:40.343+0000] {dag.py:2726} INFO - Sync 1 DAGs
[2023-08-27T17:38:40.360+0000] {logging_mixin.py:149} INFO - [2023-08-27T17:38:40.359+0000] {dag.py:3490} INFO - Setting next_dagrun for example_python_operator to None, run_after=None
[2023-08-27T17:38:40.372+0000] {processor.py:179} INFO - Processing /home/airflow/.local/lib/python3.7/site-packages/airflow/example_dags/example_python_operator.py took 0.068 seconds
[2023-08-27T18:41:32.738+0000] {processor.py:157} INFO - Started process (PID=83408) to work on /home/airflow/.local/lib/python3.7/site-packages/airflow/example_dags/example_python_operator.py
[2023-08-27T18:41:32.739+0000] {processor.py:826} INFO - Processing file /home/airflow/.local/lib/python3.7/site-packages/airflow/example_dags/example_python_operator.py for tasks to queue
[2023-08-27T18:41:32.740+0000] {logging_mixin.py:149} INFO - [2023-08-27T18:41:32.740+0000] {dagbag.py:541} INFO - Filling up the DagBag from /home/airflow/.local/lib/python3.7/site-packages/airflow/example_dags/example_python_operator.py
[2023-08-27T18:41:32.750+0000] {logging_mixin.py:149} INFO - [2023-08-27T18:41:32.750+0000] {taskmixin.py:211} WARNING - Dependency <Task(_PythonDecoratedOperator): print_the_context>, log_sql_query already registered for DAG: example_python_operator
[2023-08-27T18:41:32.750+0000] {logging_mixin.py:149} INFO - [2023-08-27T18:41:32.750+0000] {taskmixin.py:211} WARNING - Dependency <Task(_PythonDecoratedOperator): log_sql_query>, print_the_context already registered for DAG: example_python_operator
[2023-08-27T18:41:32.751+0000] {logging_mixin.py:149} INFO - [2023-08-27T18:41:32.751+0000] {taskmixin.py:211} WARNING - Dependency <Task(_PythonDecoratedOperator): print_the_context>, log_sql_query already registered for DAG: example_python_operator
[2023-08-27T18:41:32.751+0000] {logging_mixin.py:149} INFO - [2023-08-27T18:41:32.751+0000] {taskmixin.py:211} WARNING - Dependency <Task(_PythonDecoratedOperator): log_sql_query>, print_the_context already registered for DAG: example_python_operator
[2023-08-27T18:41:32.752+0000] {logging_mixin.py:149} INFO - [2023-08-27T18:41:32.752+0000] {taskmixin.py:211} WARNING - Dependency <Task(_PythonDecoratedOperator): print_the_context>, log_sql_query already registered for DAG: example_python_operator
[2023-08-27T18:41:32.753+0000] {logging_mixin.py:149} INFO - [2023-08-27T18:41:32.752+0000] {taskmixin.py:211} WARNING - Dependency <Task(_PythonDecoratedOperator): log_sql_query>, print_the_context already registered for DAG: example_python_operator
[2023-08-27T18:41:32.753+0000] {logging_mixin.py:149} INFO - [2023-08-27T18:41:32.753+0000] {taskmixin.py:211} WARNING - Dependency <Task(_PythonDecoratedOperator): print_the_context>, log_sql_query already registered for DAG: example_python_operator
[2023-08-27T18:41:32.754+0000] {logging_mixin.py:149} INFO - [2023-08-27T18:41:32.754+0000] {taskmixin.py:211} WARNING - Dependency <Task(_PythonDecoratedOperator): log_sql_query>, print_the_context already registered for DAG: example_python_operator
[2023-08-27T18:41:32.756+0000] {processor.py:836} INFO - DAG(s) dict_keys(['example_python_operator']) retrieved from /home/airflow/.local/lib/python3.7/site-packages/airflow/example_dags/example_python_operator.py
[2023-08-27T18:41:32.778+0000] {logging_mixin.py:149} INFO - [2023-08-27T18:41:32.778+0000] {dag.py:2726} INFO - Sync 1 DAGs
[2023-08-27T18:41:32.803+0000] {logging_mixin.py:149} INFO - [2023-08-27T18:41:32.803+0000] {dag.py:3490} INFO - Setting next_dagrun for example_python_operator to None, run_after=None
[2023-08-27T18:41:32.820+0000] {processor.py:179} INFO - Processing /home/airflow/.local/lib/python3.7/site-packages/airflow/example_dags/example_python_operator.py took 0.085 seconds
[2023-08-27T19:17:17.927+0000] {processor.py:157} INFO - Started process (PID=83474) to work on /home/airflow/.local/lib/python3.7/site-packages/airflow/example_dags/example_python_operator.py
[2023-08-27T19:17:17.928+0000] {processor.py:826} INFO - Processing file /home/airflow/.local/lib/python3.7/site-packages/airflow/example_dags/example_python_operator.py for tasks to queue
[2023-08-27T19:17:17.929+0000] {logging_mixin.py:149} INFO - [2023-08-27T19:17:17.929+0000] {dagbag.py:541} INFO - Filling up the DagBag from /home/airflow/.local/lib/python3.7/site-packages/airflow/example_dags/example_python_operator.py
[2023-08-27T19:17:17.944+0000] {logging_mixin.py:149} INFO - [2023-08-27T19:17:17.944+0000] {taskmixin.py:211} WARNING - Dependency <Task(_PythonDecoratedOperator): print_the_context>, log_sql_query already registered for DAG: example_python_operator
[2023-08-27T19:17:17.945+0000] {logging_mixin.py:149} INFO - [2023-08-27T19:17:17.945+0000] {taskmixin.py:211} WARNING - Dependency <Task(_PythonDecoratedOperator): log_sql_query>, print_the_context already registered for DAG: example_python_operator
[2023-08-27T19:17:17.945+0000] {logging_mixin.py:149} INFO - [2023-08-27T19:17:17.945+0000] {taskmixin.py:211} WARNING - Dependency <Task(_PythonDecoratedOperator): print_the_context>, log_sql_query already registered for DAG: example_python_operator
[2023-08-27T19:17:17.946+0000] {logging_mixin.py:149} INFO - [2023-08-27T19:17:17.946+0000] {taskmixin.py:211} WARNING - Dependency <Task(_PythonDecoratedOperator): log_sql_query>, print_the_context already registered for DAG: example_python_operator
[2023-08-27T19:17:17.947+0000] {logging_mixin.py:149} INFO - [2023-08-27T19:17:17.947+0000] {taskmixin.py:211} WARNING - Dependency <Task(_PythonDecoratedOperator): print_the_context>, log_sql_query already registered for DAG: example_python_operator
[2023-08-27T19:17:17.947+0000] {logging_mixin.py:149} INFO - [2023-08-27T19:17:17.947+0000] {taskmixin.py:211} WARNING - Dependency <Task(_PythonDecoratedOperator): log_sql_query>, print_the_context already registered for DAG: example_python_operator
[2023-08-27T19:17:17.948+0000] {logging_mixin.py:149} INFO - [2023-08-27T19:17:17.948+0000] {taskmixin.py:211} WARNING - Dependency <Task(_PythonDecoratedOperator): print_the_context>, log_sql_query already registered for DAG: example_python_operator
[2023-08-27T19:17:17.948+0000] {logging_mixin.py:149} INFO - [2023-08-27T19:17:17.948+0000] {taskmixin.py:211} WARNING - Dependency <Task(_PythonDecoratedOperator): log_sql_query>, print_the_context already registered for DAG: example_python_operator
[2023-08-27T19:17:17.951+0000] {processor.py:836} INFO - DAG(s) dict_keys(['example_python_operator']) retrieved from /home/airflow/.local/lib/python3.7/site-packages/airflow/example_dags/example_python_operator.py
[2023-08-27T19:17:17.973+0000] {logging_mixin.py:149} INFO - [2023-08-27T19:17:17.973+0000] {dag.py:2726} INFO - Sync 1 DAGs
[2023-08-27T19:17:17.989+0000] {logging_mixin.py:149} INFO - [2023-08-27T19:17:17.989+0000] {dag.py:3490} INFO - Setting next_dagrun for example_python_operator to None, run_after=None
[2023-08-27T19:17:18.000+0000] {processor.py:179} INFO - Processing /home/airflow/.local/lib/python3.7/site-packages/airflow/example_dags/example_python_operator.py took 0.079 seconds
[2023-08-27T21:41:18.194+0000] {processor.py:157} INFO - Started process (PID=83540) to work on /home/airflow/.local/lib/python3.7/site-packages/airflow/example_dags/example_python_operator.py
[2023-08-27T21:41:18.195+0000] {processor.py:826} INFO - Processing file /home/airflow/.local/lib/python3.7/site-packages/airflow/example_dags/example_python_operator.py for tasks to queue
[2023-08-27T21:41:18.196+0000] {logging_mixin.py:149} INFO - [2023-08-27T21:41:18.196+0000] {dagbag.py:541} INFO - Filling up the DagBag from /home/airflow/.local/lib/python3.7/site-packages/airflow/example_dags/example_python_operator.py
[2023-08-27T21:41:18.202+0000] {logging_mixin.py:149} INFO - [2023-08-27T21:41:18.202+0000] {taskmixin.py:211} WARNING - Dependency <Task(_PythonDecoratedOperator): print_the_context>, log_sql_query already registered for DAG: example_python_operator
[2023-08-27T21:41:18.202+0000] {logging_mixin.py:149} INFO - [2023-08-27T21:41:18.202+0000] {taskmixin.py:211} WARNING - Dependency <Task(_PythonDecoratedOperator): log_sql_query>, print_the_context already registered for DAG: example_python_operator
[2023-08-27T21:41:18.203+0000] {logging_mixin.py:149} INFO - [2023-08-27T21:41:18.203+0000] {taskmixin.py:211} WARNING - Dependency <Task(_PythonDecoratedOperator): print_the_context>, log_sql_query already registered for DAG: example_python_operator
[2023-08-27T21:41:18.204+0000] {logging_mixin.py:149} INFO - [2023-08-27T21:41:18.204+0000] {taskmixin.py:211} WARNING - Dependency <Task(_PythonDecoratedOperator): log_sql_query>, print_the_context already registered for DAG: example_python_operator
[2023-08-27T21:41:18.204+0000] {logging_mixin.py:149} INFO - [2023-08-27T21:41:18.204+0000] {taskmixin.py:211} WARNING - Dependency <Task(_PythonDecoratedOperator): print_the_context>, log_sql_query already registered for DAG: example_python_operator
[2023-08-27T21:41:18.205+0000] {logging_mixin.py:149} INFO - [2023-08-27T21:41:18.205+0000] {taskmixin.py:211} WARNING - Dependency <Task(_PythonDecoratedOperator): log_sql_query>, print_the_context already registered for DAG: example_python_operator
[2023-08-27T21:41:18.206+0000] {logging_mixin.py:149} INFO - [2023-08-27T21:41:18.206+0000] {taskmixin.py:211} WARNING - Dependency <Task(_PythonDecoratedOperator): print_the_context>, log_sql_query already registered for DAG: example_python_operator
[2023-08-27T21:41:18.206+0000] {logging_mixin.py:149} INFO - [2023-08-27T21:41:18.206+0000] {taskmixin.py:211} WARNING - Dependency <Task(_PythonDecoratedOperator): log_sql_query>, print_the_context already registered for DAG: example_python_operator
[2023-08-27T21:41:18.208+0000] {processor.py:836} INFO - DAG(s) dict_keys(['example_python_operator']) retrieved from /home/airflow/.local/lib/python3.7/site-packages/airflow/example_dags/example_python_operator.py
[2023-08-27T21:41:18.230+0000] {logging_mixin.py:149} INFO - [2023-08-27T21:41:18.230+0000] {dag.py:2726} INFO - Sync 1 DAGs
[2023-08-27T21:41:18.246+0000] {logging_mixin.py:149} INFO - [2023-08-27T21:41:18.246+0000] {dag.py:3490} INFO - Setting next_dagrun for example_python_operator to None, run_after=None
[2023-08-27T21:41:18.256+0000] {processor.py:179} INFO - Processing /home/airflow/.local/lib/python3.7/site-packages/airflow/example_dags/example_python_operator.py took 0.065 seconds
[2023-08-27T21:49:28.287+0000] {processor.py:157} INFO - Started process (PID=83607) to work on /home/airflow/.local/lib/python3.7/site-packages/airflow/example_dags/example_python_operator.py
[2023-08-27T21:49:28.288+0000] {processor.py:826} INFO - Processing file /home/airflow/.local/lib/python3.7/site-packages/airflow/example_dags/example_python_operator.py for tasks to queue
[2023-08-27T21:49:28.288+0000] {logging_mixin.py:149} INFO - [2023-08-27T21:49:28.288+0000] {dagbag.py:541} INFO - Filling up the DagBag from /home/airflow/.local/lib/python3.7/site-packages/airflow/example_dags/example_python_operator.py
[2023-08-27T21:49:28.295+0000] {logging_mixin.py:149} INFO - [2023-08-27T21:49:28.295+0000] {taskmixin.py:211} WARNING - Dependency <Task(_PythonDecoratedOperator): print_the_context>, log_sql_query already registered for DAG: example_python_operator
[2023-08-27T21:49:28.296+0000] {logging_mixin.py:149} INFO - [2023-08-27T21:49:28.295+0000] {taskmixin.py:211} WARNING - Dependency <Task(_PythonDecoratedOperator): log_sql_query>, print_the_context already registered for DAG: example_python_operator
[2023-08-27T21:49:28.297+0000] {logging_mixin.py:149} INFO - [2023-08-27T21:49:28.297+0000] {taskmixin.py:211} WARNING - Dependency <Task(_PythonDecoratedOperator): print_the_context>, log_sql_query already registered for DAG: example_python_operator
[2023-08-27T21:49:28.298+0000] {logging_mixin.py:149} INFO - [2023-08-27T21:49:28.298+0000] {taskmixin.py:211} WARNING - Dependency <Task(_PythonDecoratedOperator): log_sql_query>, print_the_context already registered for DAG: example_python_operator
[2023-08-27T21:49:28.298+0000] {logging_mixin.py:149} INFO - [2023-08-27T21:49:28.298+0000] {taskmixin.py:211} WARNING - Dependency <Task(_PythonDecoratedOperator): print_the_context>, log_sql_query already registered for DAG: example_python_operator
[2023-08-27T21:49:28.299+0000] {logging_mixin.py:149} INFO - [2023-08-27T21:49:28.299+0000] {taskmixin.py:211} WARNING - Dependency <Task(_PythonDecoratedOperator): log_sql_query>, print_the_context already registered for DAG: example_python_operator
[2023-08-27T21:49:28.299+0000] {logging_mixin.py:149} INFO - [2023-08-27T21:49:28.299+0000] {taskmixin.py:211} WARNING - Dependency <Task(_PythonDecoratedOperator): print_the_context>, log_sql_query already registered for DAG: example_python_operator
[2023-08-27T21:49:28.300+0000] {logging_mixin.py:149} INFO - [2023-08-27T21:49:28.300+0000] {taskmixin.py:211} WARNING - Dependency <Task(_PythonDecoratedOperator): log_sql_query>, print_the_context already registered for DAG: example_python_operator
[2023-08-27T21:49:28.302+0000] {processor.py:836} INFO - DAG(s) dict_keys(['example_python_operator']) retrieved from /home/airflow/.local/lib/python3.7/site-packages/airflow/example_dags/example_python_operator.py
[2023-08-27T21:49:28.328+0000] {logging_mixin.py:149} INFO - [2023-08-27T21:49:28.328+0000] {dag.py:2726} INFO - Sync 1 DAGs
[2023-08-27T21:49:28.345+0000] {logging_mixin.py:149} INFO - [2023-08-27T21:49:28.345+0000] {dag.py:3490} INFO - Setting next_dagrun for example_python_operator to None, run_after=None
[2023-08-27T21:49:28.360+0000] {processor.py:179} INFO - Processing /home/airflow/.local/lib/python3.7/site-packages/airflow/example_dags/example_python_operator.py took 0.077 seconds
[2023-08-27T22:05:57.289+0000] {processor.py:157} INFO - Started process (PID=83673) to work on /home/airflow/.local/lib/python3.7/site-packages/airflow/example_dags/example_python_operator.py
[2023-08-27T22:05:57.296+0000] {processor.py:826} INFO - Processing file /home/airflow/.local/lib/python3.7/site-packages/airflow/example_dags/example_python_operator.py for tasks to queue
[2023-08-27T22:05:57.298+0000] {logging_mixin.py:149} INFO - [2023-08-27T22:05:57.298+0000] {dagbag.py:541} INFO - Filling up the DagBag from /home/airflow/.local/lib/python3.7/site-packages/airflow/example_dags/example_python_operator.py
[2023-08-27T22:05:57.309+0000] {logging_mixin.py:149} INFO - [2023-08-27T22:05:57.309+0000] {taskmixin.py:211} WARNING - Dependency <Task(_PythonDecoratedOperator): print_the_context>, log_sql_query already registered for DAG: example_python_operator
[2023-08-27T22:05:57.310+0000] {logging_mixin.py:149} INFO - [2023-08-27T22:05:57.310+0000] {taskmixin.py:211} WARNING - Dependency <Task(_PythonDecoratedOperator): log_sql_query>, print_the_context already registered for DAG: example_python_operator
[2023-08-27T22:05:57.311+0000] {logging_mixin.py:149} INFO - [2023-08-27T22:05:57.311+0000] {taskmixin.py:211} WARNING - Dependency <Task(_PythonDecoratedOperator): print_the_context>, log_sql_query already registered for DAG: example_python_operator
[2023-08-27T22:05:57.314+0000] {logging_mixin.py:149} INFO - [2023-08-27T22:05:57.314+0000] {taskmixin.py:211} WARNING - Dependency <Task(_PythonDecoratedOperator): log_sql_query>, print_the_context already registered for DAG: example_python_operator
[2023-08-27T22:05:57.315+0000] {logging_mixin.py:149} INFO - [2023-08-27T22:05:57.314+0000] {taskmixin.py:211} WARNING - Dependency <Task(_PythonDecoratedOperator): print_the_context>, log_sql_query already registered for DAG: example_python_operator
[2023-08-27T22:05:57.318+0000] {logging_mixin.py:149} INFO - [2023-08-27T22:05:57.318+0000] {taskmixin.py:211} WARNING - Dependency <Task(_PythonDecoratedOperator): log_sql_query>, print_the_context already registered for DAG: example_python_operator
[2023-08-27T22:05:57.324+0000] {logging_mixin.py:149} INFO - [2023-08-27T22:05:57.324+0000] {taskmixin.py:211} WARNING - Dependency <Task(_PythonDecoratedOperator): print_the_context>, log_sql_query already registered for DAG: example_python_operator
[2023-08-27T22:05:57.326+0000] {logging_mixin.py:149} INFO - [2023-08-27T22:05:57.326+0000] {taskmixin.py:211} WARNING - Dependency <Task(_PythonDecoratedOperator): log_sql_query>, print_the_context already registered for DAG: example_python_operator
[2023-08-27T22:05:57.328+0000] {processor.py:836} INFO - DAG(s) dict_keys(['example_python_operator']) retrieved from /home/airflow/.local/lib/python3.7/site-packages/airflow/example_dags/example_python_operator.py
[2023-08-27T22:05:57.371+0000] {logging_mixin.py:149} INFO - [2023-08-27T22:05:57.371+0000] {dag.py:2726} INFO - Sync 1 DAGs
[2023-08-27T22:05:57.389+0000] {logging_mixin.py:149} INFO - [2023-08-27T22:05:57.389+0000] {dag.py:3490} INFO - Setting next_dagrun for example_python_operator to None, run_after=None
[2023-08-27T22:05:57.400+0000] {processor.py:179} INFO - Processing /home/airflow/.local/lib/python3.7/site-packages/airflow/example_dags/example_python_operator.py took 0.119 seconds
[2023-08-27T22:20:42.110+0000] {processor.py:157} INFO - Started process (PID=83739) to work on /home/airflow/.local/lib/python3.7/site-packages/airflow/example_dags/example_python_operator.py
[2023-08-27T22:20:42.111+0000] {processor.py:826} INFO - Processing file /home/airflow/.local/lib/python3.7/site-packages/airflow/example_dags/example_python_operator.py for tasks to queue
[2023-08-27T22:20:42.112+0000] {logging_mixin.py:149} INFO - [2023-08-27T22:20:42.112+0000] {dagbag.py:541} INFO - Filling up the DagBag from /home/airflow/.local/lib/python3.7/site-packages/airflow/example_dags/example_python_operator.py
[2023-08-27T22:20:42.119+0000] {logging_mixin.py:149} INFO - [2023-08-27T22:20:42.118+0000] {taskmixin.py:211} WARNING - Dependency <Task(_PythonDecoratedOperator): print_the_context>, log_sql_query already registered for DAG: example_python_operator
[2023-08-27T22:20:42.119+0000] {logging_mixin.py:149} INFO - [2023-08-27T22:20:42.119+0000] {taskmixin.py:211} WARNING - Dependency <Task(_PythonDecoratedOperator): log_sql_query>, print_the_context already registered for DAG: example_python_operator
[2023-08-27T22:20:42.120+0000] {logging_mixin.py:149} INFO - [2023-08-27T22:20:42.120+0000] {taskmixin.py:211} WARNING - Dependency <Task(_PythonDecoratedOperator): print_the_context>, log_sql_query already registered for DAG: example_python_operator
[2023-08-27T22:20:42.121+0000] {logging_mixin.py:149} INFO - [2023-08-27T22:20:42.121+0000] {taskmixin.py:211} WARNING - Dependency <Task(_PythonDecoratedOperator): log_sql_query>, print_the_context already registered for DAG: example_python_operator
[2023-08-27T22:20:42.133+0000] {logging_mixin.py:149} INFO - [2023-08-27T22:20:42.133+0000] {taskmixin.py:211} WARNING - Dependency <Task(_PythonDecoratedOperator): print_the_context>, log_sql_query already registered for DAG: example_python_operator
[2023-08-27T22:20:42.145+0000] {logging_mixin.py:149} INFO - [2023-08-27T22:20:42.145+0000] {taskmixin.py:211} WARNING - Dependency <Task(_PythonDecoratedOperator): log_sql_query>, print_the_context already registered for DAG: example_python_operator
[2023-08-27T22:20:42.146+0000] {logging_mixin.py:149} INFO - [2023-08-27T22:20:42.145+0000] {taskmixin.py:211} WARNING - Dependency <Task(_PythonDecoratedOperator): print_the_context>, log_sql_query already registered for DAG: example_python_operator
[2023-08-27T22:20:42.146+0000] {logging_mixin.py:149} INFO - [2023-08-27T22:20:42.146+0000] {taskmixin.py:211} WARNING - Dependency <Task(_PythonDecoratedOperator): log_sql_query>, print_the_context already registered for DAG: example_python_operator
[2023-08-27T22:20:42.148+0000] {processor.py:836} INFO - DAG(s) dict_keys(['example_python_operator']) retrieved from /home/airflow/.local/lib/python3.7/site-packages/airflow/example_dags/example_python_operator.py
[2023-08-27T22:20:42.174+0000] {logging_mixin.py:149} INFO - [2023-08-27T22:20:42.173+0000] {dag.py:2726} INFO - Sync 1 DAGs
[2023-08-27T22:20:42.193+0000] {logging_mixin.py:149} INFO - [2023-08-27T22:20:42.193+0000] {dag.py:3490} INFO - Setting next_dagrun for example_python_operator to None, run_after=None
[2023-08-27T22:20:42.205+0000] {processor.py:179} INFO - Processing /home/airflow/.local/lib/python3.7/site-packages/airflow/example_dags/example_python_operator.py took 0.099 seconds
