[2023-08-27T00:38:32.067+0000] {processor.py:157} INFO - Started process (PID=82059) to work on /home/airflow/.local/lib/python3.7/site-packages/airflow/example_dags/example_nested_branch_dag.py
[2023-08-27T00:38:32.068+0000] {processor.py:826} INFO - Processing file /home/airflow/.local/lib/python3.7/site-packages/airflow/example_dags/example_nested_branch_dag.py for tasks to queue
[2023-08-27T00:38:32.069+0000] {logging_mixin.py:149} INFO - [2023-08-27T00:38:32.069+0000] {dagbag.py:541} INFO - Filling up the DagBag from /home/airflow/.local/lib/python3.7/site-packages/airflow/example_dags/example_nested_branch_dag.py
[2023-08-27T00:38:32.077+0000] {processor.py:836} INFO - DAG(s) dict_keys(['example_nested_branch_dag']) retrieved from /home/airflow/.local/lib/python3.7/site-packages/airflow/example_dags/example_nested_branch_dag.py
[2023-08-27T00:38:32.100+0000] {logging_mixin.py:149} INFO - [2023-08-27T00:38:32.100+0000] {dag.py:2726} INFO - Sync 1 DAGs
[2023-08-27T00:38:32.116+0000] {logging_mixin.py:149} INFO - [2023-08-27T00:38:32.116+0000] {dag.py:3490} INFO - Setting next_dagrun for example_nested_branch_dag to 2023-08-26T00:00:00+00:00, run_after=2023-08-27T00:00:00+00:00
[2023-08-27T00:38:32.131+0000] {processor.py:179} INFO - Processing /home/airflow/.local/lib/python3.7/site-packages/airflow/example_dags/example_nested_branch_dag.py took 0.067 seconds
[2023-08-27T02:09:36.405+0000] {processor.py:157} INFO - Started process (PID=82125) to work on /home/airflow/.local/lib/python3.7/site-packages/airflow/example_dags/example_nested_branch_dag.py
[2023-08-27T02:09:36.406+0000] {processor.py:826} INFO - Processing file /home/airflow/.local/lib/python3.7/site-packages/airflow/example_dags/example_nested_branch_dag.py for tasks to queue
[2023-08-27T02:09:36.407+0000] {logging_mixin.py:149} INFO - [2023-08-27T02:09:36.407+0000] {dagbag.py:541} INFO - Filling up the DagBag from /home/airflow/.local/lib/python3.7/site-packages/airflow/example_dags/example_nested_branch_dag.py
[2023-08-27T02:09:36.414+0000] {processor.py:836} INFO - DAG(s) dict_keys(['example_nested_branch_dag']) retrieved from /home/airflow/.local/lib/python3.7/site-packages/airflow/example_dags/example_nested_branch_dag.py
[2023-08-27T02:09:36.435+0000] {logging_mixin.py:149} INFO - [2023-08-27T02:09:36.435+0000] {dag.py:2726} INFO - Sync 1 DAGs
[2023-08-27T02:09:36.453+0000] {logging_mixin.py:149} INFO - [2023-08-27T02:09:36.453+0000] {dag.py:3490} INFO - Setting next_dagrun for example_nested_branch_dag to 2023-08-26T00:00:00+00:00, run_after=2023-08-27T00:00:00+00:00
[2023-08-27T02:09:36.469+0000] {processor.py:179} INFO - Processing /home/airflow/.local/lib/python3.7/site-packages/airflow/example_dags/example_nested_branch_dag.py took 0.067 seconds
[2023-08-27T04:15:55.600+0000] {processor.py:157} INFO - Started process (PID=82192) to work on /home/airflow/.local/lib/python3.7/site-packages/airflow/example_dags/example_nested_branch_dag.py
[2023-08-27T04:15:55.601+0000] {processor.py:826} INFO - Processing file /home/airflow/.local/lib/python3.7/site-packages/airflow/example_dags/example_nested_branch_dag.py for tasks to queue
[2023-08-27T04:15:55.602+0000] {logging_mixin.py:149} INFO - [2023-08-27T04:15:55.602+0000] {dagbag.py:541} INFO - Filling up the DagBag from /home/airflow/.local/lib/python3.7/site-packages/airflow/example_dags/example_nested_branch_dag.py
[2023-08-27T04:15:55.612+0000] {processor.py:836} INFO - DAG(s) dict_keys(['example_nested_branch_dag']) retrieved from /home/airflow/.local/lib/python3.7/site-packages/airflow/example_dags/example_nested_branch_dag.py
[2023-08-27T04:15:55.639+0000] {logging_mixin.py:149} INFO - [2023-08-27T04:15:55.638+0000] {dag.py:2726} INFO - Sync 1 DAGs
[2023-08-27T04:15:55.659+0000] {logging_mixin.py:149} INFO - [2023-08-27T04:15:55.658+0000] {dag.py:3490} INFO - Setting next_dagrun for example_nested_branch_dag to 2023-08-26T00:00:00+00:00, run_after=2023-08-27T00:00:00+00:00
[2023-08-27T04:15:55.681+0000] {processor.py:179} INFO - Processing /home/airflow/.local/lib/python3.7/site-packages/airflow/example_dags/example_nested_branch_dag.py took 0.084 seconds
[2023-08-27T05:17:56.397+0000] {processor.py:157} INFO - Started process (PID=82258) to work on /home/airflow/.local/lib/python3.7/site-packages/airflow/example_dags/example_nested_branch_dag.py
[2023-08-27T05:17:56.398+0000] {processor.py:826} INFO - Processing file /home/airflow/.local/lib/python3.7/site-packages/airflow/example_dags/example_nested_branch_dag.py for tasks to queue
[2023-08-27T05:17:56.400+0000] {logging_mixin.py:149} INFO - [2023-08-27T05:17:56.400+0000] {dagbag.py:541} INFO - Filling up the DagBag from /home/airflow/.local/lib/python3.7/site-packages/airflow/example_dags/example_nested_branch_dag.py
[2023-08-27T05:17:56.407+0000] {processor.py:836} INFO - DAG(s) dict_keys(['example_nested_branch_dag']) retrieved from /home/airflow/.local/lib/python3.7/site-packages/airflow/example_dags/example_nested_branch_dag.py
[2023-08-27T05:17:56.431+0000] {logging_mixin.py:149} INFO - [2023-08-27T05:17:56.431+0000] {dag.py:2726} INFO - Sync 1 DAGs
[2023-08-27T05:17:56.450+0000] {logging_mixin.py:149} INFO - [2023-08-27T05:17:56.450+0000] {dag.py:3490} INFO - Setting next_dagrun for example_nested_branch_dag to 2023-08-26T00:00:00+00:00, run_after=2023-08-27T00:00:00+00:00
[2023-08-27T05:17:56.465+0000] {processor.py:179} INFO - Processing /home/airflow/.local/lib/python3.7/site-packages/airflow/example_dags/example_nested_branch_dag.py took 0.075 seconds
[2023-08-27T06:52:19.791+0000] {processor.py:157} INFO - Started process (PID=82325) to work on /home/airflow/.local/lib/python3.7/site-packages/airflow/example_dags/example_nested_branch_dag.py
[2023-08-27T06:52:19.793+0000] {processor.py:826} INFO - Processing file /home/airflow/.local/lib/python3.7/site-packages/airflow/example_dags/example_nested_branch_dag.py for tasks to queue
[2023-08-27T06:52:19.794+0000] {logging_mixin.py:149} INFO - [2023-08-27T06:52:19.794+0000] {dagbag.py:541} INFO - Filling up the DagBag from /home/airflow/.local/lib/python3.7/site-packages/airflow/example_dags/example_nested_branch_dag.py
[2023-08-27T06:52:19.803+0000] {processor.py:836} INFO - DAG(s) dict_keys(['example_nested_branch_dag']) retrieved from /home/airflow/.local/lib/python3.7/site-packages/airflow/example_dags/example_nested_branch_dag.py
[2023-08-27T06:52:19.826+0000] {logging_mixin.py:149} INFO - [2023-08-27T06:52:19.826+0000] {dag.py:2726} INFO - Sync 1 DAGs
[2023-08-27T06:52:19.843+0000] {logging_mixin.py:149} INFO - [2023-08-27T06:52:19.843+0000] {dag.py:3490} INFO - Setting next_dagrun for example_nested_branch_dag to 2023-08-26T00:00:00+00:00, run_after=2023-08-27T00:00:00+00:00
[2023-08-27T06:52:19.856+0000] {processor.py:179} INFO - Processing /home/airflow/.local/lib/python3.7/site-packages/airflow/example_dags/example_nested_branch_dag.py took 0.069 seconds
[2023-08-27T11:05:24.793+0000] {processor.py:157} INFO - Started process (PID=82391) to work on /home/airflow/.local/lib/python3.7/site-packages/airflow/example_dags/example_nested_branch_dag.py
[2023-08-27T11:05:24.795+0000] {processor.py:826} INFO - Processing file /home/airflow/.local/lib/python3.7/site-packages/airflow/example_dags/example_nested_branch_dag.py for tasks to queue
[2023-08-27T11:05:24.797+0000] {logging_mixin.py:149} INFO - [2023-08-27T11:05:24.796+0000] {dagbag.py:541} INFO - Filling up the DagBag from /home/airflow/.local/lib/python3.7/site-packages/airflow/example_dags/example_nested_branch_dag.py
[2023-08-27T11:05:24.805+0000] {processor.py:836} INFO - DAG(s) dict_keys(['example_nested_branch_dag']) retrieved from /home/airflow/.local/lib/python3.7/site-packages/airflow/example_dags/example_nested_branch_dag.py
[2023-08-27T11:05:24.824+0000] {logging_mixin.py:149} INFO - [2023-08-27T11:05:24.824+0000] {dag.py:2726} INFO - Sync 1 DAGs
[2023-08-27T11:05:24.842+0000] {logging_mixin.py:149} INFO - [2023-08-27T11:05:24.841+0000] {dag.py:3490} INFO - Setting next_dagrun for example_nested_branch_dag to 2023-08-26T00:00:00+00:00, run_after=2023-08-27T00:00:00+00:00
[2023-08-27T11:05:24.854+0000] {processor.py:179} INFO - Processing /home/airflow/.local/lib/python3.7/site-packages/airflow/example_dags/example_nested_branch_dag.py took 0.064 seconds
[2023-08-27T13:53:21.166+0000] {processor.py:157} INFO - Started process (PID=82457) to work on /home/airflow/.local/lib/python3.7/site-packages/airflow/example_dags/example_nested_branch_dag.py
[2023-08-27T13:53:21.167+0000] {processor.py:826} INFO - Processing file /home/airflow/.local/lib/python3.7/site-packages/airflow/example_dags/example_nested_branch_dag.py for tasks to queue
[2023-08-27T13:53:21.167+0000] {logging_mixin.py:149} INFO - [2023-08-27T13:53:21.167+0000] {dagbag.py:541} INFO - Filling up the DagBag from /home/airflow/.local/lib/python3.7/site-packages/airflow/example_dags/example_nested_branch_dag.py
[2023-08-27T13:53:21.176+0000] {processor.py:836} INFO - DAG(s) dict_keys(['example_nested_branch_dag']) retrieved from /home/airflow/.local/lib/python3.7/site-packages/airflow/example_dags/example_nested_branch_dag.py
[2023-08-27T13:53:21.200+0000] {logging_mixin.py:149} INFO - [2023-08-27T13:53:21.200+0000] {dag.py:2726} INFO - Sync 1 DAGs
[2023-08-27T13:53:21.220+0000] {logging_mixin.py:149} INFO - [2023-08-27T13:53:21.219+0000] {dag.py:3490} INFO - Setting next_dagrun for example_nested_branch_dag to 2023-08-26T00:00:00+00:00, run_after=2023-08-27T00:00:00+00:00
[2023-08-27T13:53:21.243+0000] {processor.py:179} INFO - Processing /home/airflow/.local/lib/python3.7/site-packages/airflow/example_dags/example_nested_branch_dag.py took 0.081 seconds
[2023-08-27T13:56:34.500+0000] {processor.py:157} INFO - Started process (PID=82523) to work on /home/airflow/.local/lib/python3.7/site-packages/airflow/example_dags/example_nested_branch_dag.py
[2023-08-27T13:56:34.502+0000] {processor.py:826} INFO - Processing file /home/airflow/.local/lib/python3.7/site-packages/airflow/example_dags/example_nested_branch_dag.py for tasks to queue
[2023-08-27T13:56:34.502+0000] {logging_mixin.py:149} INFO - [2023-08-27T13:56:34.502+0000] {dagbag.py:541} INFO - Filling up the DagBag from /home/airflow/.local/lib/python3.7/site-packages/airflow/example_dags/example_nested_branch_dag.py
[2023-08-27T13:56:34.512+0000] {processor.py:836} INFO - DAG(s) dict_keys(['example_nested_branch_dag']) retrieved from /home/airflow/.local/lib/python3.7/site-packages/airflow/example_dags/example_nested_branch_dag.py
[2023-08-27T13:56:34.535+0000] {logging_mixin.py:149} INFO - [2023-08-27T13:56:34.535+0000] {dag.py:2726} INFO - Sync 1 DAGs
[2023-08-27T13:56:34.553+0000] {logging_mixin.py:149} INFO - [2023-08-27T13:56:34.553+0000] {dag.py:3490} INFO - Setting next_dagrun for example_nested_branch_dag to 2023-08-26T00:00:00+00:00, run_after=2023-08-27T00:00:00+00:00
[2023-08-27T13:56:34.577+0000] {processor.py:179} INFO - Processing /home/airflow/.local/lib/python3.7/site-packages/airflow/example_dags/example_nested_branch_dag.py took 0.080 seconds
[2023-08-27T14:25:11.037+0000] {processor.py:157} INFO - Started process (PID=82588) to work on /home/airflow/.local/lib/python3.7/site-packages/airflow/example_dags/example_nested_branch_dag.py
[2023-08-27T14:25:11.038+0000] {processor.py:826} INFO - Processing file /home/airflow/.local/lib/python3.7/site-packages/airflow/example_dags/example_nested_branch_dag.py for tasks to queue
[2023-08-27T14:25:11.039+0000] {logging_mixin.py:149} INFO - [2023-08-27T14:25:11.039+0000] {dagbag.py:541} INFO - Filling up the DagBag from /home/airflow/.local/lib/python3.7/site-packages/airflow/example_dags/example_nested_branch_dag.py
[2023-08-27T14:25:11.047+0000] {processor.py:836} INFO - DAG(s) dict_keys(['example_nested_branch_dag']) retrieved from /home/airflow/.local/lib/python3.7/site-packages/airflow/example_dags/example_nested_branch_dag.py
[2023-08-27T14:25:11.067+0000] {logging_mixin.py:149} INFO - [2023-08-27T14:25:11.067+0000] {dag.py:2726} INFO - Sync 1 DAGs
[2023-08-27T14:25:11.083+0000] {logging_mixin.py:149} INFO - [2023-08-27T14:25:11.083+0000] {dag.py:3490} INFO - Setting next_dagrun for example_nested_branch_dag to 2023-08-26T00:00:00+00:00, run_after=2023-08-27T00:00:00+00:00
[2023-08-27T14:25:11.094+0000] {processor.py:179} INFO - Processing /home/airflow/.local/lib/python3.7/site-packages/airflow/example_dags/example_nested_branch_dag.py took 0.061 seconds
[2023-08-27T17:32:57.260+0000] {processor.py:157} INFO - Started process (PID=82654) to work on /home/airflow/.local/lib/python3.7/site-packages/airflow/example_dags/example_nested_branch_dag.py
[2023-08-27T17:32:57.261+0000] {processor.py:826} INFO - Processing file /home/airflow/.local/lib/python3.7/site-packages/airflow/example_dags/example_nested_branch_dag.py for tasks to queue
[2023-08-27T17:32:57.262+0000] {logging_mixin.py:149} INFO - [2023-08-27T17:32:57.262+0000] {dagbag.py:541} INFO - Filling up the DagBag from /home/airflow/.local/lib/python3.7/site-packages/airflow/example_dags/example_nested_branch_dag.py
[2023-08-27T17:32:57.273+0000] {processor.py:836} INFO - DAG(s) dict_keys(['example_nested_branch_dag']) retrieved from /home/airflow/.local/lib/python3.7/site-packages/airflow/example_dags/example_nested_branch_dag.py
[2023-08-27T17:32:57.300+0000] {logging_mixin.py:149} INFO - [2023-08-27T17:32:57.300+0000] {dag.py:2726} INFO - Sync 1 DAGs
[2023-08-27T17:32:57.318+0000] {logging_mixin.py:149} INFO - [2023-08-27T17:32:57.318+0000] {dag.py:3490} INFO - Setting next_dagrun for example_nested_branch_dag to 2023-08-26T00:00:00+00:00, run_after=2023-08-27T00:00:00+00:00
[2023-08-27T17:32:57.331+0000] {processor.py:179} INFO - Processing /home/airflow/.local/lib/python3.7/site-packages/airflow/example_dags/example_nested_branch_dag.py took 0.074 seconds
[2023-08-27T17:33:30.781+0000] {processor.py:157} INFO - Started process (PID=82725) to work on /home/airflow/.local/lib/python3.7/site-packages/airflow/example_dags/example_nested_branch_dag.py
[2023-08-27T17:33:30.782+0000] {processor.py:826} INFO - Processing file /home/airflow/.local/lib/python3.7/site-packages/airflow/example_dags/example_nested_branch_dag.py for tasks to queue
[2023-08-27T17:33:30.783+0000] {logging_mixin.py:149} INFO - [2023-08-27T17:33:30.783+0000] {dagbag.py:541} INFO - Filling up the DagBag from /home/airflow/.local/lib/python3.7/site-packages/airflow/example_dags/example_nested_branch_dag.py
[2023-08-27T17:33:30.809+0000] {processor.py:836} INFO - DAG(s) dict_keys(['example_nested_branch_dag']) retrieved from /home/airflow/.local/lib/python3.7/site-packages/airflow/example_dags/example_nested_branch_dag.py
[2023-08-27T17:33:30.829+0000] {logging_mixin.py:149} INFO - [2023-08-27T17:33:30.829+0000] {dag.py:2726} INFO - Sync 1 DAGs
[2023-08-27T17:33:30.845+0000] {logging_mixin.py:149} INFO - [2023-08-27T17:33:30.845+0000] {dag.py:3490} INFO - Setting next_dagrun for example_nested_branch_dag to 2023-08-26T00:00:00+00:00, run_after=2023-08-27T00:00:00+00:00
[2023-08-27T17:33:30.856+0000] {processor.py:179} INFO - Processing /home/airflow/.local/lib/python3.7/site-packages/airflow/example_dags/example_nested_branch_dag.py took 0.078 seconds
[2023-08-27T17:34:04.995+0000] {processor.py:157} INFO - Started process (PID=82792) to work on /home/airflow/.local/lib/python3.7/site-packages/airflow/example_dags/example_nested_branch_dag.py
[2023-08-27T17:34:04.996+0000] {processor.py:826} INFO - Processing file /home/airflow/.local/lib/python3.7/site-packages/airflow/example_dags/example_nested_branch_dag.py for tasks to queue
[2023-08-27T17:34:04.997+0000] {logging_mixin.py:149} INFO - [2023-08-27T17:34:04.996+0000] {dagbag.py:541} INFO - Filling up the DagBag from /home/airflow/.local/lib/python3.7/site-packages/airflow/example_dags/example_nested_branch_dag.py
[2023-08-27T17:34:05.005+0000] {processor.py:836} INFO - DAG(s) dict_keys(['example_nested_branch_dag']) retrieved from /home/airflow/.local/lib/python3.7/site-packages/airflow/example_dags/example_nested_branch_dag.py
[2023-08-27T17:34:05.025+0000] {logging_mixin.py:149} INFO - [2023-08-27T17:34:05.025+0000] {dag.py:2726} INFO - Sync 1 DAGs
[2023-08-27T17:34:05.041+0000] {logging_mixin.py:149} INFO - [2023-08-27T17:34:05.041+0000] {dag.py:3490} INFO - Setting next_dagrun for example_nested_branch_dag to 2023-08-26T00:00:00+00:00, run_after=2023-08-27T00:00:00+00:00
[2023-08-27T17:34:05.053+0000] {processor.py:179} INFO - Processing /home/airflow/.local/lib/python3.7/site-packages/airflow/example_dags/example_nested_branch_dag.py took 0.061 seconds
[2023-08-27T17:34:39.270+0000] {processor.py:157} INFO - Started process (PID=82858) to work on /home/airflow/.local/lib/python3.7/site-packages/airflow/example_dags/example_nested_branch_dag.py
[2023-08-27T17:34:39.271+0000] {processor.py:826} INFO - Processing file /home/airflow/.local/lib/python3.7/site-packages/airflow/example_dags/example_nested_branch_dag.py for tasks to queue
[2023-08-27T17:34:39.272+0000] {logging_mixin.py:149} INFO - [2023-08-27T17:34:39.272+0000] {dagbag.py:541} INFO - Filling up the DagBag from /home/airflow/.local/lib/python3.7/site-packages/airflow/example_dags/example_nested_branch_dag.py
[2023-08-27T17:34:39.280+0000] {processor.py:836} INFO - DAG(s) dict_keys(['example_nested_branch_dag']) retrieved from /home/airflow/.local/lib/python3.7/site-packages/airflow/example_dags/example_nested_branch_dag.py
[2023-08-27T17:34:39.309+0000] {logging_mixin.py:149} INFO - [2023-08-27T17:34:39.309+0000] {dag.py:2726} INFO - Sync 1 DAGs
[2023-08-27T17:34:39.327+0000] {logging_mixin.py:149} INFO - [2023-08-27T17:34:39.327+0000] {dag.py:3490} INFO - Setting next_dagrun for example_nested_branch_dag to 2023-08-26T00:00:00+00:00, run_after=2023-08-27T00:00:00+00:00
[2023-08-27T17:34:39.341+0000] {processor.py:179} INFO - Processing /home/airflow/.local/lib/python3.7/site-packages/airflow/example_dags/example_nested_branch_dag.py took 0.075 seconds
[2023-08-27T17:35:13.423+0000] {processor.py:157} INFO - Started process (PID=82924) to work on /home/airflow/.local/lib/python3.7/site-packages/airflow/example_dags/example_nested_branch_dag.py
[2023-08-27T17:35:13.424+0000] {processor.py:826} INFO - Processing file /home/airflow/.local/lib/python3.7/site-packages/airflow/example_dags/example_nested_branch_dag.py for tasks to queue
[2023-08-27T17:35:13.428+0000] {logging_mixin.py:149} INFO - [2023-08-27T17:35:13.428+0000] {dagbag.py:541} INFO - Filling up the DagBag from /home/airflow/.local/lib/python3.7/site-packages/airflow/example_dags/example_nested_branch_dag.py
[2023-08-27T17:35:13.442+0000] {processor.py:836} INFO - DAG(s) dict_keys(['example_nested_branch_dag']) retrieved from /home/airflow/.local/lib/python3.7/site-packages/airflow/example_dags/example_nested_branch_dag.py
[2023-08-27T17:35:13.471+0000] {logging_mixin.py:149} INFO - [2023-08-27T17:35:13.470+0000] {dag.py:2726} INFO - Sync 1 DAGs
[2023-08-27T17:35:13.488+0000] {logging_mixin.py:149} INFO - [2023-08-27T17:35:13.488+0000] {dag.py:3490} INFO - Setting next_dagrun for example_nested_branch_dag to 2023-08-26T00:00:00+00:00, run_after=2023-08-27T00:00:00+00:00
[2023-08-27T17:35:13.500+0000] {processor.py:179} INFO - Processing /home/airflow/.local/lib/python3.7/site-packages/airflow/example_dags/example_nested_branch_dag.py took 0.080 seconds
[2023-08-27T17:35:48.400+0000] {processor.py:157} INFO - Started process (PID=82991) to work on /home/airflow/.local/lib/python3.7/site-packages/airflow/example_dags/example_nested_branch_dag.py
[2023-08-27T17:35:48.401+0000] {processor.py:826} INFO - Processing file /home/airflow/.local/lib/python3.7/site-packages/airflow/example_dags/example_nested_branch_dag.py for tasks to queue
[2023-08-27T17:35:48.402+0000] {logging_mixin.py:149} INFO - [2023-08-27T17:35:48.402+0000] {dagbag.py:541} INFO - Filling up the DagBag from /home/airflow/.local/lib/python3.7/site-packages/airflow/example_dags/example_nested_branch_dag.py
[2023-08-27T17:35:48.410+0000] {processor.py:836} INFO - DAG(s) dict_keys(['example_nested_branch_dag']) retrieved from /home/airflow/.local/lib/python3.7/site-packages/airflow/example_dags/example_nested_branch_dag.py
[2023-08-27T17:35:48.434+0000] {logging_mixin.py:149} INFO - [2023-08-27T17:35:48.434+0000] {dag.py:2726} INFO - Sync 1 DAGs
[2023-08-27T17:35:48.453+0000] {logging_mixin.py:149} INFO - [2023-08-27T17:35:48.452+0000] {dag.py:3490} INFO - Setting next_dagrun for example_nested_branch_dag to 2023-08-26T00:00:00+00:00, run_after=2023-08-27T00:00:00+00:00
[2023-08-27T17:35:48.472+0000] {processor.py:179} INFO - Processing /home/airflow/.local/lib/python3.7/site-packages/airflow/example_dags/example_nested_branch_dag.py took 0.075 seconds
[2023-08-27T17:36:22.664+0000] {processor.py:157} INFO - Started process (PID=83057) to work on /home/airflow/.local/lib/python3.7/site-packages/airflow/example_dags/example_nested_branch_dag.py
[2023-08-27T17:36:22.665+0000] {processor.py:826} INFO - Processing file /home/airflow/.local/lib/python3.7/site-packages/airflow/example_dags/example_nested_branch_dag.py for tasks to queue
[2023-08-27T17:36:22.666+0000] {logging_mixin.py:149} INFO - [2023-08-27T17:36:22.666+0000] {dagbag.py:541} INFO - Filling up the DagBag from /home/airflow/.local/lib/python3.7/site-packages/airflow/example_dags/example_nested_branch_dag.py
[2023-08-27T17:36:22.676+0000] {processor.py:836} INFO - DAG(s) dict_keys(['example_nested_branch_dag']) retrieved from /home/airflow/.local/lib/python3.7/site-packages/airflow/example_dags/example_nested_branch_dag.py
[2023-08-27T17:36:22.702+0000] {logging_mixin.py:149} INFO - [2023-08-27T17:36:22.702+0000] {dag.py:2726} INFO - Sync 1 DAGs
[2023-08-27T17:36:22.726+0000] {logging_mixin.py:149} INFO - [2023-08-27T17:36:22.726+0000] {dag.py:3490} INFO - Setting next_dagrun for example_nested_branch_dag to 2023-08-26T00:00:00+00:00, run_after=2023-08-27T00:00:00+00:00
[2023-08-27T17:36:22.751+0000] {processor.py:179} INFO - Processing /home/airflow/.local/lib/python3.7/site-packages/airflow/example_dags/example_nested_branch_dag.py took 0.091 seconds
[2023-08-27T17:36:56.198+0000] {processor.py:157} INFO - Started process (PID=83123) to work on /home/airflow/.local/lib/python3.7/site-packages/airflow/example_dags/example_nested_branch_dag.py
[2023-08-27T17:36:56.199+0000] {processor.py:826} INFO - Processing file /home/airflow/.local/lib/python3.7/site-packages/airflow/example_dags/example_nested_branch_dag.py for tasks to queue
[2023-08-27T17:36:56.200+0000] {logging_mixin.py:149} INFO - [2023-08-27T17:36:56.200+0000] {dagbag.py:541} INFO - Filling up the DagBag from /home/airflow/.local/lib/python3.7/site-packages/airflow/example_dags/example_nested_branch_dag.py
[2023-08-27T17:36:56.208+0000] {processor.py:836} INFO - DAG(s) dict_keys(['example_nested_branch_dag']) retrieved from /home/airflow/.local/lib/python3.7/site-packages/airflow/example_dags/example_nested_branch_dag.py
[2023-08-27T17:36:56.229+0000] {logging_mixin.py:149} INFO - [2023-08-27T17:36:56.229+0000] {dag.py:2726} INFO - Sync 1 DAGs
[2023-08-27T17:36:56.247+0000] {logging_mixin.py:149} INFO - [2023-08-27T17:36:56.247+0000] {dag.py:3490} INFO - Setting next_dagrun for example_nested_branch_dag to 2023-08-26T00:00:00+00:00, run_after=2023-08-27T00:00:00+00:00
[2023-08-27T17:36:56.260+0000] {processor.py:179} INFO - Processing /home/airflow/.local/lib/python3.7/site-packages/airflow/example_dags/example_nested_branch_dag.py took 0.065 seconds
[2023-08-27T17:37:30.585+0000] {processor.py:157} INFO - Started process (PID=83189) to work on /home/airflow/.local/lib/python3.7/site-packages/airflow/example_dags/example_nested_branch_dag.py
[2023-08-27T17:37:30.587+0000] {processor.py:826} INFO - Processing file /home/airflow/.local/lib/python3.7/site-packages/airflow/example_dags/example_nested_branch_dag.py for tasks to queue
[2023-08-27T17:37:30.587+0000] {logging_mixin.py:149} INFO - [2023-08-27T17:37:30.587+0000] {dagbag.py:541} INFO - Filling up the DagBag from /home/airflow/.local/lib/python3.7/site-packages/airflow/example_dags/example_nested_branch_dag.py
[2023-08-27T17:37:30.597+0000] {processor.py:836} INFO - DAG(s) dict_keys(['example_nested_branch_dag']) retrieved from /home/airflow/.local/lib/python3.7/site-packages/airflow/example_dags/example_nested_branch_dag.py
[2023-08-27T17:37:30.621+0000] {logging_mixin.py:149} INFO - [2023-08-27T17:37:30.620+0000] {dag.py:2726} INFO - Sync 1 DAGs
[2023-08-27T17:37:30.639+0000] {logging_mixin.py:149} INFO - [2023-08-27T17:37:30.639+0000] {dag.py:3490} INFO - Setting next_dagrun for example_nested_branch_dag to 2023-08-26T00:00:00+00:00, run_after=2023-08-27T00:00:00+00:00
[2023-08-27T17:37:30.654+0000] {processor.py:179} INFO - Processing /home/airflow/.local/lib/python3.7/site-packages/airflow/example_dags/example_nested_branch_dag.py took 0.073 seconds
[2023-08-27T17:38:04.912+0000] {processor.py:157} INFO - Started process (PID=83262) to work on /home/airflow/.local/lib/python3.7/site-packages/airflow/example_dags/example_nested_branch_dag.py
[2023-08-27T17:38:04.913+0000] {processor.py:826} INFO - Processing file /home/airflow/.local/lib/python3.7/site-packages/airflow/example_dags/example_nested_branch_dag.py for tasks to queue
[2023-08-27T17:38:04.914+0000] {logging_mixin.py:149} INFO - [2023-08-27T17:38:04.914+0000] {dagbag.py:541} INFO - Filling up the DagBag from /home/airflow/.local/lib/python3.7/site-packages/airflow/example_dags/example_nested_branch_dag.py
[2023-08-27T17:38:04.922+0000] {processor.py:836} INFO - DAG(s) dict_keys(['example_nested_branch_dag']) retrieved from /home/airflow/.local/lib/python3.7/site-packages/airflow/example_dags/example_nested_branch_dag.py
[2023-08-27T17:38:04.944+0000] {logging_mixin.py:149} INFO - [2023-08-27T17:38:04.944+0000] {dag.py:2726} INFO - Sync 1 DAGs
[2023-08-27T17:38:04.969+0000] {logging_mixin.py:149} INFO - [2023-08-27T17:38:04.969+0000] {dag.py:3490} INFO - Setting next_dagrun for example_nested_branch_dag to 2023-08-26T00:00:00+00:00, run_after=2023-08-27T00:00:00+00:00
[2023-08-27T17:38:04.981+0000] {processor.py:179} INFO - Processing /home/airflow/.local/lib/python3.7/site-packages/airflow/example_dags/example_nested_branch_dag.py took 0.072 seconds
[2023-08-27T17:38:39.117+0000] {processor.py:157} INFO - Started process (PID=83328) to work on /home/airflow/.local/lib/python3.7/site-packages/airflow/example_dags/example_nested_branch_dag.py
[2023-08-27T17:38:39.120+0000] {processor.py:826} INFO - Processing file /home/airflow/.local/lib/python3.7/site-packages/airflow/example_dags/example_nested_branch_dag.py for tasks to queue
[2023-08-27T17:38:39.121+0000] {logging_mixin.py:149} INFO - [2023-08-27T17:38:39.121+0000] {dagbag.py:541} INFO - Filling up the DagBag from /home/airflow/.local/lib/python3.7/site-packages/airflow/example_dags/example_nested_branch_dag.py
[2023-08-27T17:38:39.136+0000] {processor.py:836} INFO - DAG(s) dict_keys(['example_nested_branch_dag']) retrieved from /home/airflow/.local/lib/python3.7/site-packages/airflow/example_dags/example_nested_branch_dag.py
[2023-08-27T17:38:39.157+0000] {logging_mixin.py:149} INFO - [2023-08-27T17:38:39.157+0000] {dag.py:2726} INFO - Sync 1 DAGs
[2023-08-27T17:38:39.181+0000] {logging_mixin.py:149} INFO - [2023-08-27T17:38:39.181+0000] {dag.py:3490} INFO - Setting next_dagrun for example_nested_branch_dag to 2023-08-26T00:00:00+00:00, run_after=2023-08-27T00:00:00+00:00
[2023-08-27T17:38:39.192+0000] {processor.py:179} INFO - Processing /home/airflow/.local/lib/python3.7/site-packages/airflow/example_dags/example_nested_branch_dag.py took 0.078 seconds
[2023-08-27T18:41:31.512+0000] {processor.py:157} INFO - Started process (PID=83387) to work on /home/airflow/.local/lib/python3.7/site-packages/airflow/example_dags/example_nested_branch_dag.py
[2023-08-27T18:41:31.513+0000] {processor.py:826} INFO - Processing file /home/airflow/.local/lib/python3.7/site-packages/airflow/example_dags/example_nested_branch_dag.py for tasks to queue
[2023-08-27T18:41:31.515+0000] {logging_mixin.py:149} INFO - [2023-08-27T18:41:31.514+0000] {dagbag.py:541} INFO - Filling up the DagBag from /home/airflow/.local/lib/python3.7/site-packages/airflow/example_dags/example_nested_branch_dag.py
[2023-08-27T18:41:31.523+0000] {processor.py:836} INFO - DAG(s) dict_keys(['example_nested_branch_dag']) retrieved from /home/airflow/.local/lib/python3.7/site-packages/airflow/example_dags/example_nested_branch_dag.py
[2023-08-27T18:41:31.546+0000] {logging_mixin.py:149} INFO - [2023-08-27T18:41:31.546+0000] {dag.py:2726} INFO - Sync 1 DAGs
[2023-08-27T18:41:31.566+0000] {logging_mixin.py:149} INFO - [2023-08-27T18:41:31.566+0000] {dag.py:3490} INFO - Setting next_dagrun for example_nested_branch_dag to 2023-08-26T00:00:00+00:00, run_after=2023-08-27T00:00:00+00:00
[2023-08-27T18:41:31.578+0000] {processor.py:179} INFO - Processing /home/airflow/.local/lib/python3.7/site-packages/airflow/example_dags/example_nested_branch_dag.py took 0.068 seconds
[2023-08-27T19:17:16.690+0000] {processor.py:157} INFO - Started process (PID=83453) to work on /home/airflow/.local/lib/python3.7/site-packages/airflow/example_dags/example_nested_branch_dag.py
[2023-08-27T19:17:16.691+0000] {processor.py:826} INFO - Processing file /home/airflow/.local/lib/python3.7/site-packages/airflow/example_dags/example_nested_branch_dag.py for tasks to queue
[2023-08-27T19:17:16.692+0000] {logging_mixin.py:149} INFO - [2023-08-27T19:17:16.692+0000] {dagbag.py:541} INFO - Filling up the DagBag from /home/airflow/.local/lib/python3.7/site-packages/airflow/example_dags/example_nested_branch_dag.py
[2023-08-27T19:17:16.700+0000] {processor.py:836} INFO - DAG(s) dict_keys(['example_nested_branch_dag']) retrieved from /home/airflow/.local/lib/python3.7/site-packages/airflow/example_dags/example_nested_branch_dag.py
[2023-08-27T19:17:16.725+0000] {logging_mixin.py:149} INFO - [2023-08-27T19:17:16.725+0000] {dag.py:2726} INFO - Sync 1 DAGs
[2023-08-27T19:17:16.743+0000] {logging_mixin.py:149} INFO - [2023-08-27T19:17:16.743+0000] {dag.py:3490} INFO - Setting next_dagrun for example_nested_branch_dag to 2023-08-26T00:00:00+00:00, run_after=2023-08-27T00:00:00+00:00
[2023-08-27T19:17:16.757+0000] {processor.py:179} INFO - Processing /home/airflow/.local/lib/python3.7/site-packages/airflow/example_dags/example_nested_branch_dag.py took 0.070 seconds
[2023-08-27T21:41:16.919+0000] {processor.py:157} INFO - Started process (PID=83519) to work on /home/airflow/.local/lib/python3.7/site-packages/airflow/example_dags/example_nested_branch_dag.py
[2023-08-27T21:41:16.920+0000] {processor.py:826} INFO - Processing file /home/airflow/.local/lib/python3.7/site-packages/airflow/example_dags/example_nested_branch_dag.py for tasks to queue
[2023-08-27T21:41:16.921+0000] {logging_mixin.py:149} INFO - [2023-08-27T21:41:16.921+0000] {dagbag.py:541} INFO - Filling up the DagBag from /home/airflow/.local/lib/python3.7/site-packages/airflow/example_dags/example_nested_branch_dag.py
[2023-08-27T21:41:16.929+0000] {processor.py:836} INFO - DAG(s) dict_keys(['example_nested_branch_dag']) retrieved from /home/airflow/.local/lib/python3.7/site-packages/airflow/example_dags/example_nested_branch_dag.py
[2023-08-27T21:41:16.952+0000] {logging_mixin.py:149} INFO - [2023-08-27T21:41:16.952+0000] {dag.py:2726} INFO - Sync 1 DAGs
[2023-08-27T21:41:16.970+0000] {logging_mixin.py:149} INFO - [2023-08-27T21:41:16.970+0000] {dag.py:3490} INFO - Setting next_dagrun for example_nested_branch_dag to 2023-08-26T00:00:00+00:00, run_after=2023-08-27T00:00:00+00:00
[2023-08-27T21:41:17.005+0000] {processor.py:179} INFO - Processing /home/airflow/.local/lib/python3.7/site-packages/airflow/example_dags/example_nested_branch_dag.py took 0.088 seconds
[2023-08-27T21:49:26.592+0000] {processor.py:157} INFO - Started process (PID=83586) to work on /home/airflow/.local/lib/python3.7/site-packages/airflow/example_dags/example_nested_branch_dag.py
[2023-08-27T21:49:26.599+0000] {processor.py:826} INFO - Processing file /home/airflow/.local/lib/python3.7/site-packages/airflow/example_dags/example_nested_branch_dag.py for tasks to queue
[2023-08-27T21:49:26.600+0000] {logging_mixin.py:149} INFO - [2023-08-27T21:49:26.600+0000] {dagbag.py:541} INFO - Filling up the DagBag from /home/airflow/.local/lib/python3.7/site-packages/airflow/example_dags/example_nested_branch_dag.py
[2023-08-27T21:49:26.620+0000] {processor.py:836} INFO - DAG(s) dict_keys(['example_nested_branch_dag']) retrieved from /home/airflow/.local/lib/python3.7/site-packages/airflow/example_dags/example_nested_branch_dag.py
[2023-08-27T21:49:26.673+0000] {logging_mixin.py:149} INFO - [2023-08-27T21:49:26.673+0000] {dag.py:2726} INFO - Sync 1 DAGs
[2023-08-27T21:49:26.720+0000] {logging_mixin.py:149} INFO - [2023-08-27T21:49:26.720+0000] {dag.py:3490} INFO - Setting next_dagrun for example_nested_branch_dag to 2023-08-26T00:00:00+00:00, run_after=2023-08-27T00:00:00+00:00
[2023-08-27T21:49:26.756+0000] {processor.py:179} INFO - Processing /home/airflow/.local/lib/python3.7/site-packages/airflow/example_dags/example_nested_branch_dag.py took 0.167 seconds
[2023-08-27T22:05:55.943+0000] {processor.py:157} INFO - Started process (PID=83652) to work on /home/airflow/.local/lib/python3.7/site-packages/airflow/example_dags/example_nested_branch_dag.py
[2023-08-27T22:05:55.944+0000] {processor.py:826} INFO - Processing file /home/airflow/.local/lib/python3.7/site-packages/airflow/example_dags/example_nested_branch_dag.py for tasks to queue
[2023-08-27T22:05:55.945+0000] {logging_mixin.py:149} INFO - [2023-08-27T22:05:55.945+0000] {dagbag.py:541} INFO - Filling up the DagBag from /home/airflow/.local/lib/python3.7/site-packages/airflow/example_dags/example_nested_branch_dag.py
[2023-08-27T22:05:55.954+0000] {processor.py:836} INFO - DAG(s) dict_keys(['example_nested_branch_dag']) retrieved from /home/airflow/.local/lib/python3.7/site-packages/airflow/example_dags/example_nested_branch_dag.py
[2023-08-27T22:05:55.977+0000] {logging_mixin.py:149} INFO - [2023-08-27T22:05:55.977+0000] {dag.py:2726} INFO - Sync 1 DAGs
[2023-08-27T22:05:55.996+0000] {logging_mixin.py:149} INFO - [2023-08-27T22:05:55.996+0000] {dag.py:3490} INFO - Setting next_dagrun for example_nested_branch_dag to 2023-08-26T00:00:00+00:00, run_after=2023-08-27T00:00:00+00:00
[2023-08-27T22:05:56.017+0000] {processor.py:179} INFO - Processing /home/airflow/.local/lib/python3.7/site-packages/airflow/example_dags/example_nested_branch_dag.py took 0.077 seconds
[2023-08-27T22:20:40.285+0000] {processor.py:157} INFO - Started process (PID=83718) to work on /home/airflow/.local/lib/python3.7/site-packages/airflow/example_dags/example_nested_branch_dag.py
[2023-08-27T22:20:40.358+0000] {processor.py:826} INFO - Processing file /home/airflow/.local/lib/python3.7/site-packages/airflow/example_dags/example_nested_branch_dag.py for tasks to queue
[2023-08-27T22:20:40.360+0000] {logging_mixin.py:149} INFO - [2023-08-27T22:20:40.359+0000] {dagbag.py:541} INFO - Filling up the DagBag from /home/airflow/.local/lib/python3.7/site-packages/airflow/example_dags/example_nested_branch_dag.py
[2023-08-27T22:20:40.370+0000] {processor.py:836} INFO - DAG(s) dict_keys(['example_nested_branch_dag']) retrieved from /home/airflow/.local/lib/python3.7/site-packages/airflow/example_dags/example_nested_branch_dag.py
[2023-08-27T22:20:40.400+0000] {logging_mixin.py:149} INFO - [2023-08-27T22:20:40.399+0000] {dag.py:2726} INFO - Sync 1 DAGs
[2023-08-27T22:20:40.420+0000] {logging_mixin.py:149} INFO - [2023-08-27T22:20:40.419+0000] {dag.py:3490} INFO - Setting next_dagrun for example_nested_branch_dag to 2023-08-26T00:00:00+00:00, run_after=2023-08-27T00:00:00+00:00
[2023-08-27T22:20:40.433+0000] {processor.py:179} INFO - Processing /home/airflow/.local/lib/python3.7/site-packages/airflow/example_dags/example_nested_branch_dag.py took 0.154 seconds
