[2023-08-27T00:38:32.992+0000] {processor.py:157} INFO - Started process (PID=82068) to work on /home/airflow/.local/lib/python3.7/site-packages/airflow/example_dags/example_branch_labels.py
[2023-08-27T00:38:32.993+0000] {processor.py:826} INFO - Processing file /home/airflow/.local/lib/python3.7/site-packages/airflow/example_dags/example_branch_labels.py for tasks to queue
[2023-08-27T00:38:32.994+0000] {logging_mixin.py:149} INFO - [2023-08-27T00:38:32.994+0000] {dagbag.py:541} INFO - Filling up the DagBag from /home/airflow/.local/lib/python3.7/site-packages/airflow/example_dags/example_branch_labels.py
[2023-08-27T00:38:33.005+0000] {processor.py:836} INFO - DAG(s) dict_keys(['example_branch_labels']) retrieved from /home/airflow/.local/lib/python3.7/site-packages/airflow/example_dags/example_branch_labels.py
[2023-08-27T00:38:33.035+0000] {logging_mixin.py:149} INFO - [2023-08-27T00:38:33.035+0000] {dag.py:2726} INFO - Sync 1 DAGs
[2023-08-27T00:38:33.064+0000] {logging_mixin.py:149} INFO - [2023-08-27T00:38:33.064+0000] {dag.py:3490} INFO - Setting next_dagrun for example_branch_labels to 2023-08-26T00:00:00+00:00, run_after=2023-08-27T00:00:00+00:00
[2023-08-27T00:38:33.082+0000] {processor.py:179} INFO - Processing /home/airflow/.local/lib/python3.7/site-packages/airflow/example_dags/example_branch_labels.py took 0.092 seconds
[2023-08-27T02:09:36.862+0000] {processor.py:157} INFO - Started process (PID=82134) to work on /home/airflow/.local/lib/python3.7/site-packages/airflow/example_dags/example_branch_labels.py
[2023-08-27T02:09:36.863+0000] {processor.py:826} INFO - Processing file /home/airflow/.local/lib/python3.7/site-packages/airflow/example_dags/example_branch_labels.py for tasks to queue
[2023-08-27T02:09:36.863+0000] {logging_mixin.py:149} INFO - [2023-08-27T02:09:36.863+0000] {dagbag.py:541} INFO - Filling up the DagBag from /home/airflow/.local/lib/python3.7/site-packages/airflow/example_dags/example_branch_labels.py
[2023-08-27T02:09:36.869+0000] {processor.py:836} INFO - DAG(s) dict_keys(['example_branch_labels']) retrieved from /home/airflow/.local/lib/python3.7/site-packages/airflow/example_dags/example_branch_labels.py
[2023-08-27T02:09:36.891+0000] {logging_mixin.py:149} INFO - [2023-08-27T02:09:36.891+0000] {dag.py:2726} INFO - Sync 1 DAGs
[2023-08-27T02:09:36.908+0000] {logging_mixin.py:149} INFO - [2023-08-27T02:09:36.908+0000] {dag.py:3490} INFO - Setting next_dagrun for example_branch_labels to 2023-08-26T00:00:00+00:00, run_after=2023-08-27T00:00:00+00:00
[2023-08-27T02:09:36.930+0000] {processor.py:179} INFO - Processing /home/airflow/.local/lib/python3.7/site-packages/airflow/example_dags/example_branch_labels.py took 0.072 seconds
[2023-08-27T04:15:56.195+0000] {processor.py:157} INFO - Started process (PID=82201) to work on /home/airflow/.local/lib/python3.7/site-packages/airflow/example_dags/example_branch_labels.py
[2023-08-27T04:15:56.197+0000] {processor.py:826} INFO - Processing file /home/airflow/.local/lib/python3.7/site-packages/airflow/example_dags/example_branch_labels.py for tasks to queue
[2023-08-27T04:15:56.197+0000] {logging_mixin.py:149} INFO - [2023-08-27T04:15:56.197+0000] {dagbag.py:541} INFO - Filling up the DagBag from /home/airflow/.local/lib/python3.7/site-packages/airflow/example_dags/example_branch_labels.py
[2023-08-27T04:15:56.210+0000] {processor.py:836} INFO - DAG(s) dict_keys(['example_branch_labels']) retrieved from /home/airflow/.local/lib/python3.7/site-packages/airflow/example_dags/example_branch_labels.py
[2023-08-27T04:15:56.250+0000] {logging_mixin.py:149} INFO - [2023-08-27T04:15:56.250+0000] {dag.py:2726} INFO - Sync 1 DAGs
[2023-08-27T04:15:56.283+0000] {logging_mixin.py:149} INFO - [2023-08-27T04:15:56.283+0000] {dag.py:3490} INFO - Setting next_dagrun for example_branch_labels to 2023-08-26T00:00:00+00:00, run_after=2023-08-27T00:00:00+00:00
[2023-08-27T04:15:56.320+0000] {processor.py:179} INFO - Processing /home/airflow/.local/lib/python3.7/site-packages/airflow/example_dags/example_branch_labels.py took 0.132 seconds
[2023-08-27T05:17:56.955+0000] {processor.py:157} INFO - Started process (PID=82267) to work on /home/airflow/.local/lib/python3.7/site-packages/airflow/example_dags/example_branch_labels.py
[2023-08-27T05:17:56.956+0000] {processor.py:826} INFO - Processing file /home/airflow/.local/lib/python3.7/site-packages/airflow/example_dags/example_branch_labels.py for tasks to queue
[2023-08-27T05:17:56.957+0000] {logging_mixin.py:149} INFO - [2023-08-27T05:17:56.957+0000] {dagbag.py:541} INFO - Filling up the DagBag from /home/airflow/.local/lib/python3.7/site-packages/airflow/example_dags/example_branch_labels.py
[2023-08-27T05:17:56.962+0000] {processor.py:836} INFO - DAG(s) dict_keys(['example_branch_labels']) retrieved from /home/airflow/.local/lib/python3.7/site-packages/airflow/example_dags/example_branch_labels.py
[2023-08-27T05:17:56.983+0000] {logging_mixin.py:149} INFO - [2023-08-27T05:17:56.983+0000] {dag.py:2726} INFO - Sync 1 DAGs
[2023-08-27T05:17:57.000+0000] {logging_mixin.py:149} INFO - [2023-08-27T05:17:56.999+0000] {dag.py:3490} INFO - Setting next_dagrun for example_branch_labels to 2023-08-26T00:00:00+00:00, run_after=2023-08-27T00:00:00+00:00
[2023-08-27T05:17:57.011+0000] {processor.py:179} INFO - Processing /home/airflow/.local/lib/python3.7/site-packages/airflow/example_dags/example_branch_labels.py took 0.059 seconds
[2023-08-27T06:52:20.256+0000] {processor.py:157} INFO - Started process (PID=82334) to work on /home/airflow/.local/lib/python3.7/site-packages/airflow/example_dags/example_branch_labels.py
[2023-08-27T06:52:20.257+0000] {processor.py:826} INFO - Processing file /home/airflow/.local/lib/python3.7/site-packages/airflow/example_dags/example_branch_labels.py for tasks to queue
[2023-08-27T06:52:20.258+0000] {logging_mixin.py:149} INFO - [2023-08-27T06:52:20.258+0000] {dagbag.py:541} INFO - Filling up the DagBag from /home/airflow/.local/lib/python3.7/site-packages/airflow/example_dags/example_branch_labels.py
[2023-08-27T06:52:20.264+0000] {processor.py:836} INFO - DAG(s) dict_keys(['example_branch_labels']) retrieved from /home/airflow/.local/lib/python3.7/site-packages/airflow/example_dags/example_branch_labels.py
[2023-08-27T06:52:20.287+0000] {logging_mixin.py:149} INFO - [2023-08-27T06:52:20.287+0000] {dag.py:2726} INFO - Sync 1 DAGs
[2023-08-27T06:52:20.303+0000] {logging_mixin.py:149} INFO - [2023-08-27T06:52:20.303+0000] {dag.py:3490} INFO - Setting next_dagrun for example_branch_labels to 2023-08-26T00:00:00+00:00, run_after=2023-08-27T00:00:00+00:00
[2023-08-27T06:52:20.314+0000] {processor.py:179} INFO - Processing /home/airflow/.local/lib/python3.7/site-packages/airflow/example_dags/example_branch_labels.py took 0.061 seconds
[2023-08-27T11:05:25.380+0000] {processor.py:157} INFO - Started process (PID=82400) to work on /home/airflow/.local/lib/python3.7/site-packages/airflow/example_dags/example_branch_labels.py
[2023-08-27T11:05:25.382+0000] {processor.py:826} INFO - Processing file /home/airflow/.local/lib/python3.7/site-packages/airflow/example_dags/example_branch_labels.py for tasks to queue
[2023-08-27T11:05:25.383+0000] {logging_mixin.py:149} INFO - [2023-08-27T11:05:25.383+0000] {dagbag.py:541} INFO - Filling up the DagBag from /home/airflow/.local/lib/python3.7/site-packages/airflow/example_dags/example_branch_labels.py
[2023-08-27T11:05:25.390+0000] {processor.py:836} INFO - DAG(s) dict_keys(['example_branch_labels']) retrieved from /home/airflow/.local/lib/python3.7/site-packages/airflow/example_dags/example_branch_labels.py
[2023-08-27T11:05:25.412+0000] {logging_mixin.py:149} INFO - [2023-08-27T11:05:25.412+0000] {dag.py:2726} INFO - Sync 1 DAGs
[2023-08-27T11:05:25.429+0000] {logging_mixin.py:149} INFO - [2023-08-27T11:05:25.429+0000] {dag.py:3490} INFO - Setting next_dagrun for example_branch_labels to 2023-08-26T00:00:00+00:00, run_after=2023-08-27T00:00:00+00:00
[2023-08-27T11:05:25.440+0000] {processor.py:179} INFO - Processing /home/airflow/.local/lib/python3.7/site-packages/airflow/example_dags/example_branch_labels.py took 0.063 seconds
[2023-08-27T13:53:21.643+0000] {processor.py:157} INFO - Started process (PID=82466) to work on /home/airflow/.local/lib/python3.7/site-packages/airflow/example_dags/example_branch_labels.py
[2023-08-27T13:53:21.646+0000] {processor.py:826} INFO - Processing file /home/airflow/.local/lib/python3.7/site-packages/airflow/example_dags/example_branch_labels.py for tasks to queue
[2023-08-27T13:53:21.647+0000] {logging_mixin.py:149} INFO - [2023-08-27T13:53:21.647+0000] {dagbag.py:541} INFO - Filling up the DagBag from /home/airflow/.local/lib/python3.7/site-packages/airflow/example_dags/example_branch_labels.py
[2023-08-27T13:53:21.653+0000] {processor.py:836} INFO - DAG(s) dict_keys(['example_branch_labels']) retrieved from /home/airflow/.local/lib/python3.7/site-packages/airflow/example_dags/example_branch_labels.py
[2023-08-27T13:53:21.680+0000] {logging_mixin.py:149} INFO - [2023-08-27T13:53:21.680+0000] {dag.py:2726} INFO - Sync 1 DAGs
[2023-08-27T13:53:21.699+0000] {logging_mixin.py:149} INFO - [2023-08-27T13:53:21.699+0000] {dag.py:3490} INFO - Setting next_dagrun for example_branch_labels to 2023-08-26T00:00:00+00:00, run_after=2023-08-27T00:00:00+00:00
[2023-08-27T13:53:21.709+0000] {processor.py:179} INFO - Processing /home/airflow/.local/lib/python3.7/site-packages/airflow/example_dags/example_branch_labels.py took 0.069 seconds
[2023-08-27T13:56:34.961+0000] {processor.py:157} INFO - Started process (PID=82532) to work on /home/airflow/.local/lib/python3.7/site-packages/airflow/example_dags/example_branch_labels.py
[2023-08-27T13:56:34.962+0000] {processor.py:826} INFO - Processing file /home/airflow/.local/lib/python3.7/site-packages/airflow/example_dags/example_branch_labels.py for tasks to queue
[2023-08-27T13:56:34.962+0000] {logging_mixin.py:149} INFO - [2023-08-27T13:56:34.962+0000] {dagbag.py:541} INFO - Filling up the DagBag from /home/airflow/.local/lib/python3.7/site-packages/airflow/example_dags/example_branch_labels.py
[2023-08-27T13:56:34.968+0000] {processor.py:836} INFO - DAG(s) dict_keys(['example_branch_labels']) retrieved from /home/airflow/.local/lib/python3.7/site-packages/airflow/example_dags/example_branch_labels.py
[2023-08-27T13:56:34.989+0000] {logging_mixin.py:149} INFO - [2023-08-27T13:56:34.989+0000] {dag.py:2726} INFO - Sync 1 DAGs
[2023-08-27T13:56:35.007+0000] {logging_mixin.py:149} INFO - [2023-08-27T13:56:35.006+0000] {dag.py:3490} INFO - Setting next_dagrun for example_branch_labels to 2023-08-26T00:00:00+00:00, run_after=2023-08-27T00:00:00+00:00
[2023-08-27T13:56:35.016+0000] {processor.py:179} INFO - Processing /home/airflow/.local/lib/python3.7/site-packages/airflow/example_dags/example_branch_labels.py took 0.058 seconds
[2023-08-27T14:25:11.528+0000] {processor.py:157} INFO - Started process (PID=82597) to work on /home/airflow/.local/lib/python3.7/site-packages/airflow/example_dags/example_branch_labels.py
[2023-08-27T14:25:11.530+0000] {processor.py:826} INFO - Processing file /home/airflow/.local/lib/python3.7/site-packages/airflow/example_dags/example_branch_labels.py for tasks to queue
[2023-08-27T14:25:11.531+0000] {logging_mixin.py:149} INFO - [2023-08-27T14:25:11.531+0000] {dagbag.py:541} INFO - Filling up the DagBag from /home/airflow/.local/lib/python3.7/site-packages/airflow/example_dags/example_branch_labels.py
[2023-08-27T14:25:11.539+0000] {processor.py:836} INFO - DAG(s) dict_keys(['example_branch_labels']) retrieved from /home/airflow/.local/lib/python3.7/site-packages/airflow/example_dags/example_branch_labels.py
[2023-08-27T14:25:11.562+0000] {logging_mixin.py:149} INFO - [2023-08-27T14:25:11.562+0000] {dag.py:2726} INFO - Sync 1 DAGs
[2023-08-27T14:25:11.578+0000] {logging_mixin.py:149} INFO - [2023-08-27T14:25:11.578+0000] {dag.py:3490} INFO - Setting next_dagrun for example_branch_labels to 2023-08-26T00:00:00+00:00, run_after=2023-08-27T00:00:00+00:00
[2023-08-27T14:25:11.593+0000] {processor.py:179} INFO - Processing /home/airflow/.local/lib/python3.7/site-packages/airflow/example_dags/example_branch_labels.py took 0.068 seconds
[2023-08-27T17:32:57.777+0000] {processor.py:157} INFO - Started process (PID=82663) to work on /home/airflow/.local/lib/python3.7/site-packages/airflow/example_dags/example_branch_labels.py
[2023-08-27T17:32:57.779+0000] {processor.py:826} INFO - Processing file /home/airflow/.local/lib/python3.7/site-packages/airflow/example_dags/example_branch_labels.py for tasks to queue
[2023-08-27T17:32:57.780+0000] {logging_mixin.py:149} INFO - [2023-08-27T17:32:57.779+0000] {dagbag.py:541} INFO - Filling up the DagBag from /home/airflow/.local/lib/python3.7/site-packages/airflow/example_dags/example_branch_labels.py
[2023-08-27T17:32:57.787+0000] {processor.py:836} INFO - DAG(s) dict_keys(['example_branch_labels']) retrieved from /home/airflow/.local/lib/python3.7/site-packages/airflow/example_dags/example_branch_labels.py
[2023-08-27T17:32:57.820+0000] {logging_mixin.py:149} INFO - [2023-08-27T17:32:57.820+0000] {dag.py:2726} INFO - Sync 1 DAGs
[2023-08-27T17:32:57.849+0000] {logging_mixin.py:149} INFO - [2023-08-27T17:32:57.849+0000] {dag.py:3490} INFO - Setting next_dagrun for example_branch_labels to 2023-08-26T00:00:00+00:00, run_after=2023-08-27T00:00:00+00:00
[2023-08-27T17:32:57.864+0000] {processor.py:179} INFO - Processing /home/airflow/.local/lib/python3.7/site-packages/airflow/example_dags/example_branch_labels.py took 0.091 seconds
[2023-08-27T17:33:31.294+0000] {processor.py:157} INFO - Started process (PID=82735) to work on /home/airflow/.local/lib/python3.7/site-packages/airflow/example_dags/example_branch_labels.py
[2023-08-27T17:33:31.298+0000] {processor.py:826} INFO - Processing file /home/airflow/.local/lib/python3.7/site-packages/airflow/example_dags/example_branch_labels.py for tasks to queue
[2023-08-27T17:33:31.299+0000] {logging_mixin.py:149} INFO - [2023-08-27T17:33:31.299+0000] {dagbag.py:541} INFO - Filling up the DagBag from /home/airflow/.local/lib/python3.7/site-packages/airflow/example_dags/example_branch_labels.py
[2023-08-27T17:33:31.306+0000] {processor.py:836} INFO - DAG(s) dict_keys(['example_branch_labels']) retrieved from /home/airflow/.local/lib/python3.7/site-packages/airflow/example_dags/example_branch_labels.py
[2023-08-27T17:33:31.331+0000] {logging_mixin.py:149} INFO - [2023-08-27T17:33:31.331+0000] {dag.py:2726} INFO - Sync 1 DAGs
[2023-08-27T17:33:31.347+0000] {logging_mixin.py:149} INFO - [2023-08-27T17:33:31.347+0000] {dag.py:3490} INFO - Setting next_dagrun for example_branch_labels to 2023-08-26T00:00:00+00:00, run_after=2023-08-27T00:00:00+00:00
[2023-08-27T17:33:31.359+0000] {processor.py:179} INFO - Processing /home/airflow/.local/lib/python3.7/site-packages/airflow/example_dags/example_branch_labels.py took 0.068 seconds
[2023-08-27T17:34:05.457+0000] {processor.py:157} INFO - Started process (PID=82801) to work on /home/airflow/.local/lib/python3.7/site-packages/airflow/example_dags/example_branch_labels.py
[2023-08-27T17:34:05.458+0000] {processor.py:826} INFO - Processing file /home/airflow/.local/lib/python3.7/site-packages/airflow/example_dags/example_branch_labels.py for tasks to queue
[2023-08-27T17:34:05.459+0000] {logging_mixin.py:149} INFO - [2023-08-27T17:34:05.459+0000] {dagbag.py:541} INFO - Filling up the DagBag from /home/airflow/.local/lib/python3.7/site-packages/airflow/example_dags/example_branch_labels.py
[2023-08-27T17:34:05.465+0000] {processor.py:836} INFO - DAG(s) dict_keys(['example_branch_labels']) retrieved from /home/airflow/.local/lib/python3.7/site-packages/airflow/example_dags/example_branch_labels.py
[2023-08-27T17:34:05.487+0000] {logging_mixin.py:149} INFO - [2023-08-27T17:34:05.487+0000] {dag.py:2726} INFO - Sync 1 DAGs
[2023-08-27T17:34:05.506+0000] {logging_mixin.py:149} INFO - [2023-08-27T17:34:05.506+0000] {dag.py:3490} INFO - Setting next_dagrun for example_branch_labels to 2023-08-26T00:00:00+00:00, run_after=2023-08-27T00:00:00+00:00
[2023-08-27T17:34:05.515+0000] {processor.py:179} INFO - Processing /home/airflow/.local/lib/python3.7/site-packages/airflow/example_dags/example_branch_labels.py took 0.061 seconds
[2023-08-27T17:34:39.763+0000] {processor.py:157} INFO - Started process (PID=82867) to work on /home/airflow/.local/lib/python3.7/site-packages/airflow/example_dags/example_branch_labels.py
[2023-08-27T17:34:39.764+0000] {processor.py:826} INFO - Processing file /home/airflow/.local/lib/python3.7/site-packages/airflow/example_dags/example_branch_labels.py for tasks to queue
[2023-08-27T17:34:39.765+0000] {logging_mixin.py:149} INFO - [2023-08-27T17:34:39.765+0000] {dagbag.py:541} INFO - Filling up the DagBag from /home/airflow/.local/lib/python3.7/site-packages/airflow/example_dags/example_branch_labels.py
[2023-08-27T17:34:39.773+0000] {processor.py:836} INFO - DAG(s) dict_keys(['example_branch_labels']) retrieved from /home/airflow/.local/lib/python3.7/site-packages/airflow/example_dags/example_branch_labels.py
[2023-08-27T17:34:39.795+0000] {logging_mixin.py:149} INFO - [2023-08-27T17:34:39.795+0000] {dag.py:2726} INFO - Sync 1 DAGs
[2023-08-27T17:34:39.813+0000] {logging_mixin.py:149} INFO - [2023-08-27T17:34:39.813+0000] {dag.py:3490} INFO - Setting next_dagrun for example_branch_labels to 2023-08-26T00:00:00+00:00, run_after=2023-08-27T00:00:00+00:00
[2023-08-27T17:34:39.824+0000] {processor.py:179} INFO - Processing /home/airflow/.local/lib/python3.7/site-packages/airflow/example_dags/example_branch_labels.py took 0.064 seconds
[2023-08-27T17:35:13.871+0000] {processor.py:157} INFO - Started process (PID=82933) to work on /home/airflow/.local/lib/python3.7/site-packages/airflow/example_dags/example_branch_labels.py
[2023-08-27T17:35:13.873+0000] {processor.py:826} INFO - Processing file /home/airflow/.local/lib/python3.7/site-packages/airflow/example_dags/example_branch_labels.py for tasks to queue
[2023-08-27T17:35:13.874+0000] {logging_mixin.py:149} INFO - [2023-08-27T17:35:13.874+0000] {dagbag.py:541} INFO - Filling up the DagBag from /home/airflow/.local/lib/python3.7/site-packages/airflow/example_dags/example_branch_labels.py
[2023-08-27T17:35:13.880+0000] {processor.py:836} INFO - DAG(s) dict_keys(['example_branch_labels']) retrieved from /home/airflow/.local/lib/python3.7/site-packages/airflow/example_dags/example_branch_labels.py
[2023-08-27T17:35:13.902+0000] {logging_mixin.py:149} INFO - [2023-08-27T17:35:13.902+0000] {dag.py:2726} INFO - Sync 1 DAGs
[2023-08-27T17:35:13.920+0000] {logging_mixin.py:149} INFO - [2023-08-27T17:35:13.920+0000] {dag.py:3490} INFO - Setting next_dagrun for example_branch_labels to 2023-08-26T00:00:00+00:00, run_after=2023-08-27T00:00:00+00:00
[2023-08-27T17:35:13.931+0000] {processor.py:179} INFO - Processing /home/airflow/.local/lib/python3.7/site-packages/airflow/example_dags/example_branch_labels.py took 0.065 seconds
[2023-08-27T17:35:48.939+0000] {processor.py:157} INFO - Started process (PID=83000) to work on /home/airflow/.local/lib/python3.7/site-packages/airflow/example_dags/example_branch_labels.py
[2023-08-27T17:35:48.940+0000] {processor.py:826} INFO - Processing file /home/airflow/.local/lib/python3.7/site-packages/airflow/example_dags/example_branch_labels.py for tasks to queue
[2023-08-27T17:35:48.941+0000] {logging_mixin.py:149} INFO - [2023-08-27T17:35:48.941+0000] {dagbag.py:541} INFO - Filling up the DagBag from /home/airflow/.local/lib/python3.7/site-packages/airflow/example_dags/example_branch_labels.py
[2023-08-27T17:35:48.947+0000] {processor.py:836} INFO - DAG(s) dict_keys(['example_branch_labels']) retrieved from /home/airflow/.local/lib/python3.7/site-packages/airflow/example_dags/example_branch_labels.py
[2023-08-27T17:35:48.979+0000] {logging_mixin.py:149} INFO - [2023-08-27T17:35:48.979+0000] {dag.py:2726} INFO - Sync 1 DAGs
[2023-08-27T17:35:48.998+0000] {logging_mixin.py:149} INFO - [2023-08-27T17:35:48.998+0000] {dag.py:3490} INFO - Setting next_dagrun for example_branch_labels to 2023-08-26T00:00:00+00:00, run_after=2023-08-27T00:00:00+00:00
[2023-08-27T17:35:49.008+0000] {processor.py:179} INFO - Processing /home/airflow/.local/lib/python3.7/site-packages/airflow/example_dags/example_branch_labels.py took 0.073 seconds
[2023-08-27T17:36:23.177+0000] {processor.py:157} INFO - Started process (PID=83066) to work on /home/airflow/.local/lib/python3.7/site-packages/airflow/example_dags/example_branch_labels.py
[2023-08-27T17:36:23.179+0000] {processor.py:826} INFO - Processing file /home/airflow/.local/lib/python3.7/site-packages/airflow/example_dags/example_branch_labels.py for tasks to queue
[2023-08-27T17:36:23.180+0000] {logging_mixin.py:149} INFO - [2023-08-27T17:36:23.180+0000] {dagbag.py:541} INFO - Filling up the DagBag from /home/airflow/.local/lib/python3.7/site-packages/airflow/example_dags/example_branch_labels.py
[2023-08-27T17:36:23.186+0000] {processor.py:836} INFO - DAG(s) dict_keys(['example_branch_labels']) retrieved from /home/airflow/.local/lib/python3.7/site-packages/airflow/example_dags/example_branch_labels.py
[2023-08-27T17:36:23.216+0000] {logging_mixin.py:149} INFO - [2023-08-27T17:36:23.216+0000] {dag.py:2726} INFO - Sync 1 DAGs
[2023-08-27T17:36:23.237+0000] {logging_mixin.py:149} INFO - [2023-08-27T17:36:23.237+0000] {dag.py:3490} INFO - Setting next_dagrun for example_branch_labels to 2023-08-26T00:00:00+00:00, run_after=2023-08-27T00:00:00+00:00
[2023-08-27T17:36:23.252+0000] {processor.py:179} INFO - Processing /home/airflow/.local/lib/python3.7/site-packages/airflow/example_dags/example_branch_labels.py took 0.078 seconds
[2023-08-27T17:36:56.650+0000] {processor.py:157} INFO - Started process (PID=83132) to work on /home/airflow/.local/lib/python3.7/site-packages/airflow/example_dags/example_branch_labels.py
[2023-08-27T17:36:56.651+0000] {processor.py:826} INFO - Processing file /home/airflow/.local/lib/python3.7/site-packages/airflow/example_dags/example_branch_labels.py for tasks to queue
[2023-08-27T17:36:56.652+0000] {logging_mixin.py:149} INFO - [2023-08-27T17:36:56.652+0000] {dagbag.py:541} INFO - Filling up the DagBag from /home/airflow/.local/lib/python3.7/site-packages/airflow/example_dags/example_branch_labels.py
[2023-08-27T17:36:56.657+0000] {processor.py:836} INFO - DAG(s) dict_keys(['example_branch_labels']) retrieved from /home/airflow/.local/lib/python3.7/site-packages/airflow/example_dags/example_branch_labels.py
[2023-08-27T17:36:56.689+0000] {logging_mixin.py:149} INFO - [2023-08-27T17:36:56.689+0000] {dag.py:2726} INFO - Sync 1 DAGs
[2023-08-27T17:36:56.708+0000] {logging_mixin.py:149} INFO - [2023-08-27T17:36:56.708+0000] {dag.py:3490} INFO - Setting next_dagrun for example_branch_labels to 2023-08-26T00:00:00+00:00, run_after=2023-08-27T00:00:00+00:00
[2023-08-27T17:36:56.725+0000] {processor.py:179} INFO - Processing /home/airflow/.local/lib/python3.7/site-packages/airflow/example_dags/example_branch_labels.py took 0.078 seconds
[2023-08-27T17:37:31.005+0000] {processor.py:157} INFO - Started process (PID=83198) to work on /home/airflow/.local/lib/python3.7/site-packages/airflow/example_dags/example_branch_labels.py
[2023-08-27T17:37:31.006+0000] {processor.py:826} INFO - Processing file /home/airflow/.local/lib/python3.7/site-packages/airflow/example_dags/example_branch_labels.py for tasks to queue
[2023-08-27T17:37:31.008+0000] {logging_mixin.py:149} INFO - [2023-08-27T17:37:31.008+0000] {dagbag.py:541} INFO - Filling up the DagBag from /home/airflow/.local/lib/python3.7/site-packages/airflow/example_dags/example_branch_labels.py
[2023-08-27T17:37:31.014+0000] {processor.py:836} INFO - DAG(s) dict_keys(['example_branch_labels']) retrieved from /home/airflow/.local/lib/python3.7/site-packages/airflow/example_dags/example_branch_labels.py
[2023-08-27T17:37:31.043+0000] {logging_mixin.py:149} INFO - [2023-08-27T17:37:31.043+0000] {dag.py:2726} INFO - Sync 1 DAGs
[2023-08-27T17:37:31.062+0000] {logging_mixin.py:149} INFO - [2023-08-27T17:37:31.062+0000] {dag.py:3490} INFO - Setting next_dagrun for example_branch_labels to 2023-08-26T00:00:00+00:00, run_after=2023-08-27T00:00:00+00:00
[2023-08-27T17:37:31.075+0000] {processor.py:179} INFO - Processing /home/airflow/.local/lib/python3.7/site-packages/airflow/example_dags/example_branch_labels.py took 0.074 seconds
[2023-08-27T17:38:05.355+0000] {processor.py:157} INFO - Started process (PID=83271) to work on /home/airflow/.local/lib/python3.7/site-packages/airflow/example_dags/example_branch_labels.py
[2023-08-27T17:38:05.356+0000] {processor.py:826} INFO - Processing file /home/airflow/.local/lib/python3.7/site-packages/airflow/example_dags/example_branch_labels.py for tasks to queue
[2023-08-27T17:38:05.357+0000] {logging_mixin.py:149} INFO - [2023-08-27T17:38:05.357+0000] {dagbag.py:541} INFO - Filling up the DagBag from /home/airflow/.local/lib/python3.7/site-packages/airflow/example_dags/example_branch_labels.py
[2023-08-27T17:38:05.364+0000] {processor.py:836} INFO - DAG(s) dict_keys(['example_branch_labels']) retrieved from /home/airflow/.local/lib/python3.7/site-packages/airflow/example_dags/example_branch_labels.py
[2023-08-27T17:38:05.387+0000] {logging_mixin.py:149} INFO - [2023-08-27T17:38:05.387+0000] {dag.py:2726} INFO - Sync 1 DAGs
[2023-08-27T17:38:05.404+0000] {logging_mixin.py:149} INFO - [2023-08-27T17:38:05.404+0000] {dag.py:3490} INFO - Setting next_dagrun for example_branch_labels to 2023-08-26T00:00:00+00:00, run_after=2023-08-27T00:00:00+00:00
[2023-08-27T17:38:05.418+0000] {processor.py:179} INFO - Processing /home/airflow/.local/lib/python3.7/site-packages/airflow/example_dags/example_branch_labels.py took 0.066 seconds
[2023-08-27T17:38:39.548+0000] {processor.py:157} INFO - Started process (PID=83337) to work on /home/airflow/.local/lib/python3.7/site-packages/airflow/example_dags/example_branch_labels.py
[2023-08-27T17:38:39.549+0000] {processor.py:826} INFO - Processing file /home/airflow/.local/lib/python3.7/site-packages/airflow/example_dags/example_branch_labels.py for tasks to queue
[2023-08-27T17:38:39.549+0000] {logging_mixin.py:149} INFO - [2023-08-27T17:38:39.549+0000] {dagbag.py:541} INFO - Filling up the DagBag from /home/airflow/.local/lib/python3.7/site-packages/airflow/example_dags/example_branch_labels.py
[2023-08-27T17:38:39.556+0000] {processor.py:836} INFO - DAG(s) dict_keys(['example_branch_labels']) retrieved from /home/airflow/.local/lib/python3.7/site-packages/airflow/example_dags/example_branch_labels.py
[2023-08-27T17:38:39.583+0000] {logging_mixin.py:149} INFO - [2023-08-27T17:38:39.582+0000] {dag.py:2726} INFO - Sync 1 DAGs
[2023-08-27T17:38:39.600+0000] {logging_mixin.py:149} INFO - [2023-08-27T17:38:39.600+0000] {dag.py:3490} INFO - Setting next_dagrun for example_branch_labels to 2023-08-26T00:00:00+00:00, run_after=2023-08-27T00:00:00+00:00
[2023-08-27T17:38:39.610+0000] {processor.py:179} INFO - Processing /home/airflow/.local/lib/python3.7/site-packages/airflow/example_dags/example_branch_labels.py took 0.065 seconds
[2023-08-27T18:41:31.970+0000] {processor.py:157} INFO - Started process (PID=83396) to work on /home/airflow/.local/lib/python3.7/site-packages/airflow/example_dags/example_branch_labels.py
[2023-08-27T18:41:31.971+0000] {processor.py:826} INFO - Processing file /home/airflow/.local/lib/python3.7/site-packages/airflow/example_dags/example_branch_labels.py for tasks to queue
[2023-08-27T18:41:31.972+0000] {logging_mixin.py:149} INFO - [2023-08-27T18:41:31.972+0000] {dagbag.py:541} INFO - Filling up the DagBag from /home/airflow/.local/lib/python3.7/site-packages/airflow/example_dags/example_branch_labels.py
[2023-08-27T18:41:31.978+0000] {processor.py:836} INFO - DAG(s) dict_keys(['example_branch_labels']) retrieved from /home/airflow/.local/lib/python3.7/site-packages/airflow/example_dags/example_branch_labels.py
[2023-08-27T18:41:32.004+0000] {logging_mixin.py:149} INFO - [2023-08-27T18:41:32.003+0000] {dag.py:2726} INFO - Sync 1 DAGs
[2023-08-27T18:41:32.020+0000] {logging_mixin.py:149} INFO - [2023-08-27T18:41:32.020+0000] {dag.py:3490} INFO - Setting next_dagrun for example_branch_labels to 2023-08-26T00:00:00+00:00, run_after=2023-08-27T00:00:00+00:00
[2023-08-27T18:41:32.030+0000] {processor.py:179} INFO - Processing /home/airflow/.local/lib/python3.7/site-packages/airflow/example_dags/example_branch_labels.py took 0.063 seconds
[2023-08-27T19:17:17.153+0000] {processor.py:157} INFO - Started process (PID=83462) to work on /home/airflow/.local/lib/python3.7/site-packages/airflow/example_dags/example_branch_labels.py
[2023-08-27T19:17:17.156+0000] {processor.py:826} INFO - Processing file /home/airflow/.local/lib/python3.7/site-packages/airflow/example_dags/example_branch_labels.py for tasks to queue
[2023-08-27T19:17:17.157+0000] {logging_mixin.py:149} INFO - [2023-08-27T19:17:17.157+0000] {dagbag.py:541} INFO - Filling up the DagBag from /home/airflow/.local/lib/python3.7/site-packages/airflow/example_dags/example_branch_labels.py
[2023-08-27T19:17:17.163+0000] {processor.py:836} INFO - DAG(s) dict_keys(['example_branch_labels']) retrieved from /home/airflow/.local/lib/python3.7/site-packages/airflow/example_dags/example_branch_labels.py
[2023-08-27T19:17:17.186+0000] {logging_mixin.py:149} INFO - [2023-08-27T19:17:17.186+0000] {dag.py:2726} INFO - Sync 1 DAGs
[2023-08-27T19:17:17.203+0000] {logging_mixin.py:149} INFO - [2023-08-27T19:17:17.203+0000] {dag.py:3490} INFO - Setting next_dagrun for example_branch_labels to 2023-08-26T00:00:00+00:00, run_after=2023-08-27T00:00:00+00:00
[2023-08-27T19:17:17.224+0000] {processor.py:179} INFO - Processing /home/airflow/.local/lib/python3.7/site-packages/airflow/example_dags/example_branch_labels.py took 0.075 seconds
[2023-08-27T21:41:17.476+0000] {processor.py:157} INFO - Started process (PID=83528) to work on /home/airflow/.local/lib/python3.7/site-packages/airflow/example_dags/example_branch_labels.py
[2023-08-27T21:41:17.477+0000] {processor.py:826} INFO - Processing file /home/airflow/.local/lib/python3.7/site-packages/airflow/example_dags/example_branch_labels.py for tasks to queue
[2023-08-27T21:41:17.478+0000] {logging_mixin.py:149} INFO - [2023-08-27T21:41:17.478+0000] {dagbag.py:541} INFO - Filling up the DagBag from /home/airflow/.local/lib/python3.7/site-packages/airflow/example_dags/example_branch_labels.py
[2023-08-27T21:41:17.484+0000] {processor.py:836} INFO - DAG(s) dict_keys(['example_branch_labels']) retrieved from /home/airflow/.local/lib/python3.7/site-packages/airflow/example_dags/example_branch_labels.py
[2023-08-27T21:41:17.508+0000] {logging_mixin.py:149} INFO - [2023-08-27T21:41:17.508+0000] {dag.py:2726} INFO - Sync 1 DAGs
[2023-08-27T21:41:17.533+0000] {logging_mixin.py:149} INFO - [2023-08-27T21:41:17.533+0000] {dag.py:3490} INFO - Setting next_dagrun for example_branch_labels to 2023-08-26T00:00:00+00:00, run_after=2023-08-27T00:00:00+00:00
[2023-08-27T21:41:17.548+0000] {processor.py:179} INFO - Processing /home/airflow/.local/lib/python3.7/site-packages/airflow/example_dags/example_branch_labels.py took 0.075 seconds
[2023-08-27T21:49:27.243+0000] {processor.py:157} INFO - Started process (PID=83595) to work on /home/airflow/.local/lib/python3.7/site-packages/airflow/example_dags/example_branch_labels.py
[2023-08-27T21:49:27.244+0000] {processor.py:826} INFO - Processing file /home/airflow/.local/lib/python3.7/site-packages/airflow/example_dags/example_branch_labels.py for tasks to queue
[2023-08-27T21:49:27.245+0000] {logging_mixin.py:149} INFO - [2023-08-27T21:49:27.245+0000] {dagbag.py:541} INFO - Filling up the DagBag from /home/airflow/.local/lib/python3.7/site-packages/airflow/example_dags/example_branch_labels.py
[2023-08-27T21:49:27.251+0000] {processor.py:836} INFO - DAG(s) dict_keys(['example_branch_labels']) retrieved from /home/airflow/.local/lib/python3.7/site-packages/airflow/example_dags/example_branch_labels.py
[2023-08-27T21:49:27.271+0000] {logging_mixin.py:149} INFO - [2023-08-27T21:49:27.271+0000] {dag.py:2726} INFO - Sync 1 DAGs
[2023-08-27T21:49:27.287+0000] {logging_mixin.py:149} INFO - [2023-08-27T21:49:27.287+0000] {dag.py:3490} INFO - Setting next_dagrun for example_branch_labels to 2023-08-26T00:00:00+00:00, run_after=2023-08-27T00:00:00+00:00
[2023-08-27T21:49:27.298+0000] {processor.py:179} INFO - Processing /home/airflow/.local/lib/python3.7/site-packages/airflow/example_dags/example_branch_labels.py took 0.058 seconds
[2023-08-27T22:05:56.486+0000] {processor.py:157} INFO - Started process (PID=83661) to work on /home/airflow/.local/lib/python3.7/site-packages/airflow/example_dags/example_branch_labels.py
[2023-08-27T22:05:56.488+0000] {processor.py:826} INFO - Processing file /home/airflow/.local/lib/python3.7/site-packages/airflow/example_dags/example_branch_labels.py for tasks to queue
[2023-08-27T22:05:56.489+0000] {logging_mixin.py:149} INFO - [2023-08-27T22:05:56.489+0000] {dagbag.py:541} INFO - Filling up the DagBag from /home/airflow/.local/lib/python3.7/site-packages/airflow/example_dags/example_branch_labels.py
[2023-08-27T22:05:56.494+0000] {processor.py:836} INFO - DAG(s) dict_keys(['example_branch_labels']) retrieved from /home/airflow/.local/lib/python3.7/site-packages/airflow/example_dags/example_branch_labels.py
[2023-08-27T22:05:56.523+0000] {logging_mixin.py:149} INFO - [2023-08-27T22:05:56.522+0000] {dag.py:2726} INFO - Sync 1 DAGs
[2023-08-27T22:05:56.541+0000] {logging_mixin.py:149} INFO - [2023-08-27T22:05:56.541+0000] {dag.py:3490} INFO - Setting next_dagrun for example_branch_labels to 2023-08-26T00:00:00+00:00, run_after=2023-08-27T00:00:00+00:00
[2023-08-27T22:05:56.554+0000] {processor.py:179} INFO - Processing /home/airflow/.local/lib/python3.7/site-packages/airflow/example_dags/example_branch_labels.py took 0.071 seconds
[2023-08-27T22:20:41.051+0000] {processor.py:157} INFO - Started process (PID=83727) to work on /home/airflow/.local/lib/python3.7/site-packages/airflow/example_dags/example_branch_labels.py
[2023-08-27T22:20:41.054+0000] {processor.py:826} INFO - Processing file /home/airflow/.local/lib/python3.7/site-packages/airflow/example_dags/example_branch_labels.py for tasks to queue
[2023-08-27T22:20:41.056+0000] {logging_mixin.py:149} INFO - [2023-08-27T22:20:41.056+0000] {dagbag.py:541} INFO - Filling up the DagBag from /home/airflow/.local/lib/python3.7/site-packages/airflow/example_dags/example_branch_labels.py
[2023-08-27T22:20:41.073+0000] {processor.py:836} INFO - DAG(s) dict_keys(['example_branch_labels']) retrieved from /home/airflow/.local/lib/python3.7/site-packages/airflow/example_dags/example_branch_labels.py
[2023-08-27T22:20:41.140+0000] {logging_mixin.py:149} INFO - [2023-08-27T22:20:41.140+0000] {dag.py:2726} INFO - Sync 1 DAGs
[2023-08-27T22:20:41.166+0000] {logging_mixin.py:149} INFO - [2023-08-27T22:20:41.166+0000] {dag.py:3490} INFO - Setting next_dagrun for example_branch_labels to 2023-08-26T00:00:00+00:00, run_after=2023-08-27T00:00:00+00:00
[2023-08-27T22:20:41.189+0000] {processor.py:179} INFO - Processing /home/airflow/.local/lib/python3.7/site-packages/airflow/example_dags/example_branch_labels.py took 0.145 seconds
