[2023-08-27T00:38:31.714+0000] {processor.py:157} INFO - Started process (PID=82052) to work on /home/airflow/.local/lib/python3.7/site-packages/airflow/example_dags/example_time_delta_sensor_async.py
[2023-08-27T00:38:31.715+0000] {processor.py:826} INFO - Processing file /home/airflow/.local/lib/python3.7/site-packages/airflow/example_dags/example_time_delta_sensor_async.py for tasks to queue
[2023-08-27T00:38:31.717+0000] {logging_mixin.py:149} INFO - [2023-08-27T00:38:31.717+0000] {dagbag.py:541} INFO - Filling up the DagBag from /home/airflow/.local/lib/python3.7/site-packages/airflow/example_dags/example_time_delta_sensor_async.py
[2023-08-27T00:38:31.721+0000] {processor.py:836} INFO - DAG(s) dict_keys(['example_time_delta_sensor_async']) retrieved from /home/airflow/.local/lib/python3.7/site-packages/airflow/example_dags/example_time_delta_sensor_async.py
[2023-08-27T00:38:31.746+0000] {logging_mixin.py:149} INFO - [2023-08-27T00:38:31.746+0000] {dag.py:2726} INFO - Sync 1 DAGs
[2023-08-27T00:38:31.764+0000] {logging_mixin.py:149} INFO - [2023-08-27T00:38:31.764+0000] {dag.py:3490} INFO - Setting next_dagrun for example_time_delta_sensor_async to None, run_after=None
[2023-08-27T00:38:31.776+0000] {processor.py:179} INFO - Processing /home/airflow/.local/lib/python3.7/site-packages/airflow/example_dags/example_time_delta_sensor_async.py took 0.065 seconds
[2023-08-27T02:09:35.946+0000] {processor.py:157} INFO - Started process (PID=82118) to work on /home/airflow/.local/lib/python3.7/site-packages/airflow/example_dags/example_time_delta_sensor_async.py
[2023-08-27T02:09:35.947+0000] {processor.py:826} INFO - Processing file /home/airflow/.local/lib/python3.7/site-packages/airflow/example_dags/example_time_delta_sensor_async.py for tasks to queue
[2023-08-27T02:09:35.948+0000] {logging_mixin.py:149} INFO - [2023-08-27T02:09:35.948+0000] {dagbag.py:541} INFO - Filling up the DagBag from /home/airflow/.local/lib/python3.7/site-packages/airflow/example_dags/example_time_delta_sensor_async.py
[2023-08-27T02:09:35.952+0000] {processor.py:836} INFO - DAG(s) dict_keys(['example_time_delta_sensor_async']) retrieved from /home/airflow/.local/lib/python3.7/site-packages/airflow/example_dags/example_time_delta_sensor_async.py
[2023-08-27T02:09:35.980+0000] {logging_mixin.py:149} INFO - [2023-08-27T02:09:35.980+0000] {dag.py:2726} INFO - Sync 1 DAGs
[2023-08-27T02:09:35.995+0000] {logging_mixin.py:149} INFO - [2023-08-27T02:09:35.995+0000] {dag.py:3490} INFO - Setting next_dagrun for example_time_delta_sensor_async to None, run_after=None
[2023-08-27T02:09:36.005+0000] {processor.py:179} INFO - Processing /home/airflow/.local/lib/python3.7/site-packages/airflow/example_dags/example_time_delta_sensor_async.py took 0.063 seconds
[2023-08-27T04:15:55.138+0000] {processor.py:157} INFO - Started process (PID=82185) to work on /home/airflow/.local/lib/python3.7/site-packages/airflow/example_dags/example_time_delta_sensor_async.py
[2023-08-27T04:15:55.139+0000] {processor.py:826} INFO - Processing file /home/airflow/.local/lib/python3.7/site-packages/airflow/example_dags/example_time_delta_sensor_async.py for tasks to queue
[2023-08-27T04:15:55.140+0000] {logging_mixin.py:149} INFO - [2023-08-27T04:15:55.140+0000] {dagbag.py:541} INFO - Filling up the DagBag from /home/airflow/.local/lib/python3.7/site-packages/airflow/example_dags/example_time_delta_sensor_async.py
[2023-08-27T04:15:55.144+0000] {processor.py:836} INFO - DAG(s) dict_keys(['example_time_delta_sensor_async']) retrieved from /home/airflow/.local/lib/python3.7/site-packages/airflow/example_dags/example_time_delta_sensor_async.py
[2023-08-27T04:15:55.164+0000] {logging_mixin.py:149} INFO - [2023-08-27T04:15:55.164+0000] {dag.py:2726} INFO - Sync 1 DAGs
[2023-08-27T04:15:55.181+0000] {logging_mixin.py:149} INFO - [2023-08-27T04:15:55.181+0000] {dag.py:3490} INFO - Setting next_dagrun for example_time_delta_sensor_async to None, run_after=None
[2023-08-27T04:15:55.194+0000] {processor.py:179} INFO - Processing /home/airflow/.local/lib/python3.7/site-packages/airflow/example_dags/example_time_delta_sensor_async.py took 0.059 seconds
[2023-08-27T05:17:56.094+0000] {processor.py:157} INFO - Started process (PID=82251) to work on /home/airflow/.local/lib/python3.7/site-packages/airflow/example_dags/example_time_delta_sensor_async.py
[2023-08-27T05:17:56.095+0000] {processor.py:826} INFO - Processing file /home/airflow/.local/lib/python3.7/site-packages/airflow/example_dags/example_time_delta_sensor_async.py for tasks to queue
[2023-08-27T05:17:56.096+0000] {logging_mixin.py:149} INFO - [2023-08-27T05:17:56.096+0000] {dagbag.py:541} INFO - Filling up the DagBag from /home/airflow/.local/lib/python3.7/site-packages/airflow/example_dags/example_time_delta_sensor_async.py
[2023-08-27T05:17:56.099+0000] {processor.py:836} INFO - DAG(s) dict_keys(['example_time_delta_sensor_async']) retrieved from /home/airflow/.local/lib/python3.7/site-packages/airflow/example_dags/example_time_delta_sensor_async.py
[2023-08-27T05:17:56.121+0000] {logging_mixin.py:149} INFO - [2023-08-27T05:17:56.121+0000] {dag.py:2726} INFO - Sync 1 DAGs
[2023-08-27T05:17:56.139+0000] {logging_mixin.py:149} INFO - [2023-08-27T05:17:56.138+0000] {dag.py:3490} INFO - Setting next_dagrun for example_time_delta_sensor_async to None, run_after=None
[2023-08-27T05:17:56.150+0000] {processor.py:179} INFO - Processing /home/airflow/.local/lib/python3.7/site-packages/airflow/example_dags/example_time_delta_sensor_async.py took 0.059 seconds
[2023-08-27T06:52:19.414+0000] {processor.py:157} INFO - Started process (PID=82318) to work on /home/airflow/.local/lib/python3.7/site-packages/airflow/example_dags/example_time_delta_sensor_async.py
[2023-08-27T06:52:19.415+0000] {processor.py:826} INFO - Processing file /home/airflow/.local/lib/python3.7/site-packages/airflow/example_dags/example_time_delta_sensor_async.py for tasks to queue
[2023-08-27T06:52:19.416+0000] {logging_mixin.py:149} INFO - [2023-08-27T06:52:19.416+0000] {dagbag.py:541} INFO - Filling up the DagBag from /home/airflow/.local/lib/python3.7/site-packages/airflow/example_dags/example_time_delta_sensor_async.py
[2023-08-27T06:52:19.421+0000] {processor.py:836} INFO - DAG(s) dict_keys(['example_time_delta_sensor_async']) retrieved from /home/airflow/.local/lib/python3.7/site-packages/airflow/example_dags/example_time_delta_sensor_async.py
[2023-08-27T06:52:19.450+0000] {logging_mixin.py:149} INFO - [2023-08-27T06:52:19.450+0000] {dag.py:2726} INFO - Sync 1 DAGs
[2023-08-27T06:52:19.466+0000] {logging_mixin.py:149} INFO - [2023-08-27T06:52:19.465+0000] {dag.py:3490} INFO - Setting next_dagrun for example_time_delta_sensor_async to None, run_after=None
[2023-08-27T06:52:19.480+0000] {processor.py:179} INFO - Processing /home/airflow/.local/lib/python3.7/site-packages/airflow/example_dags/example_time_delta_sensor_async.py took 0.069 seconds
[2023-08-27T11:05:24.411+0000] {processor.py:157} INFO - Started process (PID=82384) to work on /home/airflow/.local/lib/python3.7/site-packages/airflow/example_dags/example_time_delta_sensor_async.py
[2023-08-27T11:05:24.412+0000] {processor.py:826} INFO - Processing file /home/airflow/.local/lib/python3.7/site-packages/airflow/example_dags/example_time_delta_sensor_async.py for tasks to queue
[2023-08-27T11:05:24.413+0000] {logging_mixin.py:149} INFO - [2023-08-27T11:05:24.413+0000] {dagbag.py:541} INFO - Filling up the DagBag from /home/airflow/.local/lib/python3.7/site-packages/airflow/example_dags/example_time_delta_sensor_async.py
[2023-08-27T11:05:24.417+0000] {processor.py:836} INFO - DAG(s) dict_keys(['example_time_delta_sensor_async']) retrieved from /home/airflow/.local/lib/python3.7/site-packages/airflow/example_dags/example_time_delta_sensor_async.py
[2023-08-27T11:05:24.440+0000] {logging_mixin.py:149} INFO - [2023-08-27T11:05:24.440+0000] {dag.py:2726} INFO - Sync 1 DAGs
[2023-08-27T11:05:24.456+0000] {logging_mixin.py:149} INFO - [2023-08-27T11:05:24.456+0000] {dag.py:3490} INFO - Setting next_dagrun for example_time_delta_sensor_async to None, run_after=None
[2023-08-27T11:05:24.473+0000] {processor.py:179} INFO - Processing /home/airflow/.local/lib/python3.7/site-packages/airflow/example_dags/example_time_delta_sensor_async.py took 0.065 seconds
[2023-08-27T13:53:20.779+0000] {processor.py:157} INFO - Started process (PID=82450) to work on /home/airflow/.local/lib/python3.7/site-packages/airflow/example_dags/example_time_delta_sensor_async.py
[2023-08-27T13:53:20.780+0000] {processor.py:826} INFO - Processing file /home/airflow/.local/lib/python3.7/site-packages/airflow/example_dags/example_time_delta_sensor_async.py for tasks to queue
[2023-08-27T13:53:20.781+0000] {logging_mixin.py:149} INFO - [2023-08-27T13:53:20.781+0000] {dagbag.py:541} INFO - Filling up the DagBag from /home/airflow/.local/lib/python3.7/site-packages/airflow/example_dags/example_time_delta_sensor_async.py
[2023-08-27T13:53:20.785+0000] {processor.py:836} INFO - DAG(s) dict_keys(['example_time_delta_sensor_async']) retrieved from /home/airflow/.local/lib/python3.7/site-packages/airflow/example_dags/example_time_delta_sensor_async.py
[2023-08-27T13:53:20.810+0000] {logging_mixin.py:149} INFO - [2023-08-27T13:53:20.810+0000] {dag.py:2726} INFO - Sync 1 DAGs
[2023-08-27T13:53:20.829+0000] {logging_mixin.py:149} INFO - [2023-08-27T13:53:20.828+0000] {dag.py:3490} INFO - Setting next_dagrun for example_time_delta_sensor_async to None, run_after=None
[2023-08-27T13:53:20.840+0000] {processor.py:179} INFO - Processing /home/airflow/.local/lib/python3.7/site-packages/airflow/example_dags/example_time_delta_sensor_async.py took 0.063 seconds
[2023-08-27T13:56:34.105+0000] {processor.py:157} INFO - Started process (PID=82516) to work on /home/airflow/.local/lib/python3.7/site-packages/airflow/example_dags/example_time_delta_sensor_async.py
[2023-08-27T13:56:34.106+0000] {processor.py:826} INFO - Processing file /home/airflow/.local/lib/python3.7/site-packages/airflow/example_dags/example_time_delta_sensor_async.py for tasks to queue
[2023-08-27T13:56:34.107+0000] {logging_mixin.py:149} INFO - [2023-08-27T13:56:34.107+0000] {dagbag.py:541} INFO - Filling up the DagBag from /home/airflow/.local/lib/python3.7/site-packages/airflow/example_dags/example_time_delta_sensor_async.py
[2023-08-27T13:56:34.116+0000] {processor.py:836} INFO - DAG(s) dict_keys(['example_time_delta_sensor_async']) retrieved from /home/airflow/.local/lib/python3.7/site-packages/airflow/example_dags/example_time_delta_sensor_async.py
[2023-08-27T13:56:34.141+0000] {logging_mixin.py:149} INFO - [2023-08-27T13:56:34.141+0000] {dag.py:2726} INFO - Sync 1 DAGs
[2023-08-27T13:56:34.162+0000] {logging_mixin.py:149} INFO - [2023-08-27T13:56:34.162+0000] {dag.py:3490} INFO - Setting next_dagrun for example_time_delta_sensor_async to None, run_after=None
[2023-08-27T13:56:34.176+0000] {processor.py:179} INFO - Processing /home/airflow/.local/lib/python3.7/site-packages/airflow/example_dags/example_time_delta_sensor_async.py took 0.073 seconds
[2023-08-27T14:25:10.677+0000] {processor.py:157} INFO - Started process (PID=82581) to work on /home/airflow/.local/lib/python3.7/site-packages/airflow/example_dags/example_time_delta_sensor_async.py
[2023-08-27T14:25:10.678+0000] {processor.py:826} INFO - Processing file /home/airflow/.local/lib/python3.7/site-packages/airflow/example_dags/example_time_delta_sensor_async.py for tasks to queue
[2023-08-27T14:25:10.679+0000] {logging_mixin.py:149} INFO - [2023-08-27T14:25:10.679+0000] {dagbag.py:541} INFO - Filling up the DagBag from /home/airflow/.local/lib/python3.7/site-packages/airflow/example_dags/example_time_delta_sensor_async.py
[2023-08-27T14:25:10.688+0000] {processor.py:836} INFO - DAG(s) dict_keys(['example_time_delta_sensor_async']) retrieved from /home/airflow/.local/lib/python3.7/site-packages/airflow/example_dags/example_time_delta_sensor_async.py
[2023-08-27T14:25:10.719+0000] {logging_mixin.py:149} INFO - [2023-08-27T14:25:10.719+0000] {dag.py:2726} INFO - Sync 1 DAGs
[2023-08-27T14:25:10.734+0000] {logging_mixin.py:149} INFO - [2023-08-27T14:25:10.734+0000] {dag.py:3490} INFO - Setting next_dagrun for example_time_delta_sensor_async to None, run_after=None
[2023-08-27T14:25:10.746+0000] {processor.py:179} INFO - Processing /home/airflow/.local/lib/python3.7/site-packages/airflow/example_dags/example_time_delta_sensor_async.py took 0.072 seconds
[2023-08-27T17:32:56.760+0000] {processor.py:157} INFO - Started process (PID=82647) to work on /home/airflow/.local/lib/python3.7/site-packages/airflow/example_dags/example_time_delta_sensor_async.py
[2023-08-27T17:32:56.761+0000] {processor.py:826} INFO - Processing file /home/airflow/.local/lib/python3.7/site-packages/airflow/example_dags/example_time_delta_sensor_async.py for tasks to queue
[2023-08-27T17:32:56.762+0000] {logging_mixin.py:149} INFO - [2023-08-27T17:32:56.762+0000] {dagbag.py:541} INFO - Filling up the DagBag from /home/airflow/.local/lib/python3.7/site-packages/airflow/example_dags/example_time_delta_sensor_async.py
[2023-08-27T17:32:56.767+0000] {processor.py:836} INFO - DAG(s) dict_keys(['example_time_delta_sensor_async']) retrieved from /home/airflow/.local/lib/python3.7/site-packages/airflow/example_dags/example_time_delta_sensor_async.py
[2023-08-27T17:32:56.790+0000] {logging_mixin.py:149} INFO - [2023-08-27T17:32:56.790+0000] {dag.py:2726} INFO - Sync 1 DAGs
[2023-08-27T17:32:56.807+0000] {logging_mixin.py:149} INFO - [2023-08-27T17:32:56.807+0000] {dag.py:3490} INFO - Setting next_dagrun for example_time_delta_sensor_async to None, run_after=None
[2023-08-27T17:32:56.820+0000] {processor.py:179} INFO - Processing /home/airflow/.local/lib/python3.7/site-packages/airflow/example_dags/example_time_delta_sensor_async.py took 0.063 seconds
[2023-08-27T17:33:30.449+0000] {processor.py:157} INFO - Started process (PID=82712) to work on /home/airflow/.local/lib/python3.7/site-packages/airflow/example_dags/example_time_delta_sensor_async.py
[2023-08-27T17:33:30.450+0000] {processor.py:826} INFO - Processing file /home/airflow/.local/lib/python3.7/site-packages/airflow/example_dags/example_time_delta_sensor_async.py for tasks to queue
[2023-08-27T17:33:30.451+0000] {logging_mixin.py:149} INFO - [2023-08-27T17:33:30.451+0000] {dagbag.py:541} INFO - Filling up the DagBag from /home/airflow/.local/lib/python3.7/site-packages/airflow/example_dags/example_time_delta_sensor_async.py
[2023-08-27T17:33:30.456+0000] {processor.py:836} INFO - DAG(s) dict_keys(['example_time_delta_sensor_async']) retrieved from /home/airflow/.local/lib/python3.7/site-packages/airflow/example_dags/example_time_delta_sensor_async.py
[2023-08-27T17:33:30.481+0000] {logging_mixin.py:149} INFO - [2023-08-27T17:33:30.481+0000] {dag.py:2726} INFO - Sync 1 DAGs
[2023-08-27T17:33:30.497+0000] {logging_mixin.py:149} INFO - [2023-08-27T17:33:30.497+0000] {dag.py:3490} INFO - Setting next_dagrun for example_time_delta_sensor_async to None, run_after=None
[2023-08-27T17:33:30.507+0000] {processor.py:179} INFO - Processing /home/airflow/.local/lib/python3.7/site-packages/airflow/example_dags/example_time_delta_sensor_async.py took 0.067 seconds
[2023-08-27T17:34:04.660+0000] {processor.py:157} INFO - Started process (PID=82785) to work on /home/airflow/.local/lib/python3.7/site-packages/airflow/example_dags/example_time_delta_sensor_async.py
[2023-08-27T17:34:04.661+0000] {processor.py:826} INFO - Processing file /home/airflow/.local/lib/python3.7/site-packages/airflow/example_dags/example_time_delta_sensor_async.py for tasks to queue
[2023-08-27T17:34:04.662+0000] {logging_mixin.py:149} INFO - [2023-08-27T17:34:04.662+0000] {dagbag.py:541} INFO - Filling up the DagBag from /home/airflow/.local/lib/python3.7/site-packages/airflow/example_dags/example_time_delta_sensor_async.py
[2023-08-27T17:34:04.666+0000] {processor.py:836} INFO - DAG(s) dict_keys(['example_time_delta_sensor_async']) retrieved from /home/airflow/.local/lib/python3.7/site-packages/airflow/example_dags/example_time_delta_sensor_async.py
[2023-08-27T17:34:04.687+0000] {logging_mixin.py:149} INFO - [2023-08-27T17:34:04.687+0000] {dag.py:2726} INFO - Sync 1 DAGs
[2023-08-27T17:34:04.706+0000] {logging_mixin.py:149} INFO - [2023-08-27T17:34:04.706+0000] {dag.py:3490} INFO - Setting next_dagrun for example_time_delta_sensor_async to None, run_after=None
[2023-08-27T17:34:04.718+0000] {processor.py:179} INFO - Processing /home/airflow/.local/lib/python3.7/site-packages/airflow/example_dags/example_time_delta_sensor_async.py took 0.061 seconds
[2023-08-27T17:34:38.923+0000] {processor.py:157} INFO - Started process (PID=82851) to work on /home/airflow/.local/lib/python3.7/site-packages/airflow/example_dags/example_time_delta_sensor_async.py
[2023-08-27T17:34:38.924+0000] {processor.py:826} INFO - Processing file /home/airflow/.local/lib/python3.7/site-packages/airflow/example_dags/example_time_delta_sensor_async.py for tasks to queue
[2023-08-27T17:34:38.925+0000] {logging_mixin.py:149} INFO - [2023-08-27T17:34:38.924+0000] {dagbag.py:541} INFO - Filling up the DagBag from /home/airflow/.local/lib/python3.7/site-packages/airflow/example_dags/example_time_delta_sensor_async.py
[2023-08-27T17:34:38.928+0000] {processor.py:836} INFO - DAG(s) dict_keys(['example_time_delta_sensor_async']) retrieved from /home/airflow/.local/lib/python3.7/site-packages/airflow/example_dags/example_time_delta_sensor_async.py
[2023-08-27T17:34:38.948+0000] {logging_mixin.py:149} INFO - [2023-08-27T17:34:38.947+0000] {dag.py:2726} INFO - Sync 1 DAGs
[2023-08-27T17:34:38.962+0000] {logging_mixin.py:149} INFO - [2023-08-27T17:34:38.962+0000] {dag.py:3490} INFO - Setting next_dagrun for example_time_delta_sensor_async to None, run_after=None
[2023-08-27T17:34:38.973+0000] {processor.py:179} INFO - Processing /home/airflow/.local/lib/python3.7/site-packages/airflow/example_dags/example_time_delta_sensor_async.py took 0.053 seconds
[2023-08-27T17:35:12.879+0000] {processor.py:157} INFO - Started process (PID=82917) to work on /home/airflow/.local/lib/python3.7/site-packages/airflow/example_dags/example_time_delta_sensor_async.py
[2023-08-27T17:35:12.880+0000] {processor.py:826} INFO - Processing file /home/airflow/.local/lib/python3.7/site-packages/airflow/example_dags/example_time_delta_sensor_async.py for tasks to queue
[2023-08-27T17:35:12.880+0000] {logging_mixin.py:149} INFO - [2023-08-27T17:35:12.880+0000] {dagbag.py:541} INFO - Filling up the DagBag from /home/airflow/.local/lib/python3.7/site-packages/airflow/example_dags/example_time_delta_sensor_async.py
[2023-08-27T17:35:12.884+0000] {processor.py:836} INFO - DAG(s) dict_keys(['example_time_delta_sensor_async']) retrieved from /home/airflow/.local/lib/python3.7/site-packages/airflow/example_dags/example_time_delta_sensor_async.py
[2023-08-27T17:35:12.906+0000] {logging_mixin.py:149} INFO - [2023-08-27T17:35:12.906+0000] {dag.py:2726} INFO - Sync 1 DAGs
[2023-08-27T17:35:12.924+0000] {logging_mixin.py:149} INFO - [2023-08-27T17:35:12.924+0000] {dag.py:3490} INFO - Setting next_dagrun for example_time_delta_sensor_async to None, run_after=None
[2023-08-27T17:35:12.936+0000] {processor.py:179} INFO - Processing /home/airflow/.local/lib/python3.7/site-packages/airflow/example_dags/example_time_delta_sensor_async.py took 0.060 seconds
[2023-08-27T17:35:48.068+0000] {processor.py:157} INFO - Started process (PID=82984) to work on /home/airflow/.local/lib/python3.7/site-packages/airflow/example_dags/example_time_delta_sensor_async.py
[2023-08-27T17:35:48.069+0000] {processor.py:826} INFO - Processing file /home/airflow/.local/lib/python3.7/site-packages/airflow/example_dags/example_time_delta_sensor_async.py for tasks to queue
[2023-08-27T17:35:48.070+0000] {logging_mixin.py:149} INFO - [2023-08-27T17:35:48.070+0000] {dagbag.py:541} INFO - Filling up the DagBag from /home/airflow/.local/lib/python3.7/site-packages/airflow/example_dags/example_time_delta_sensor_async.py
[2023-08-27T17:35:48.074+0000] {processor.py:836} INFO - DAG(s) dict_keys(['example_time_delta_sensor_async']) retrieved from /home/airflow/.local/lib/python3.7/site-packages/airflow/example_dags/example_time_delta_sensor_async.py
[2023-08-27T17:35:48.099+0000] {logging_mixin.py:149} INFO - [2023-08-27T17:35:48.098+0000] {dag.py:2726} INFO - Sync 1 DAGs
[2023-08-27T17:35:48.114+0000] {logging_mixin.py:149} INFO - [2023-08-27T17:35:48.114+0000] {dag.py:3490} INFO - Setting next_dagrun for example_time_delta_sensor_async to None, run_after=None
[2023-08-27T17:35:48.126+0000] {processor.py:179} INFO - Processing /home/airflow/.local/lib/python3.7/site-packages/airflow/example_dags/example_time_delta_sensor_async.py took 0.062 seconds
[2023-08-27T17:36:22.268+0000] {processor.py:157} INFO - Started process (PID=83050) to work on /home/airflow/.local/lib/python3.7/site-packages/airflow/example_dags/example_time_delta_sensor_async.py
[2023-08-27T17:36:22.269+0000] {processor.py:826} INFO - Processing file /home/airflow/.local/lib/python3.7/site-packages/airflow/example_dags/example_time_delta_sensor_async.py for tasks to queue
[2023-08-27T17:36:22.270+0000] {logging_mixin.py:149} INFO - [2023-08-27T17:36:22.270+0000] {dagbag.py:541} INFO - Filling up the DagBag from /home/airflow/.local/lib/python3.7/site-packages/airflow/example_dags/example_time_delta_sensor_async.py
[2023-08-27T17:36:22.273+0000] {processor.py:836} INFO - DAG(s) dict_keys(['example_time_delta_sensor_async']) retrieved from /home/airflow/.local/lib/python3.7/site-packages/airflow/example_dags/example_time_delta_sensor_async.py
[2023-08-27T17:36:22.294+0000] {logging_mixin.py:149} INFO - [2023-08-27T17:36:22.294+0000] {dag.py:2726} INFO - Sync 1 DAGs
[2023-08-27T17:36:22.311+0000] {logging_mixin.py:149} INFO - [2023-08-27T17:36:22.311+0000] {dag.py:3490} INFO - Setting next_dagrun for example_time_delta_sensor_async to None, run_after=None
[2023-08-27T17:36:22.324+0000] {processor.py:179} INFO - Processing /home/airflow/.local/lib/python3.7/site-packages/airflow/example_dags/example_time_delta_sensor_async.py took 0.059 seconds
[2023-08-27T17:36:55.818+0000] {processor.py:157} INFO - Started process (PID=83116) to work on /home/airflow/.local/lib/python3.7/site-packages/airflow/example_dags/example_time_delta_sensor_async.py
[2023-08-27T17:36:55.819+0000] {processor.py:826} INFO - Processing file /home/airflow/.local/lib/python3.7/site-packages/airflow/example_dags/example_time_delta_sensor_async.py for tasks to queue
[2023-08-27T17:36:55.820+0000] {logging_mixin.py:149} INFO - [2023-08-27T17:36:55.820+0000] {dagbag.py:541} INFO - Filling up the DagBag from /home/airflow/.local/lib/python3.7/site-packages/airflow/example_dags/example_time_delta_sensor_async.py
[2023-08-27T17:36:55.824+0000] {processor.py:836} INFO - DAG(s) dict_keys(['example_time_delta_sensor_async']) retrieved from /home/airflow/.local/lib/python3.7/site-packages/airflow/example_dags/example_time_delta_sensor_async.py
[2023-08-27T17:36:55.844+0000] {logging_mixin.py:149} INFO - [2023-08-27T17:36:55.844+0000] {dag.py:2726} INFO - Sync 1 DAGs
[2023-08-27T17:36:55.860+0000] {logging_mixin.py:149} INFO - [2023-08-27T17:36:55.860+0000] {dag.py:3490} INFO - Setting next_dagrun for example_time_delta_sensor_async to None, run_after=None
[2023-08-27T17:36:55.872+0000] {processor.py:179} INFO - Processing /home/airflow/.local/lib/python3.7/site-packages/airflow/example_dags/example_time_delta_sensor_async.py took 0.057 seconds
[2023-08-27T17:37:30.208+0000] {processor.py:157} INFO - Started process (PID=83182) to work on /home/airflow/.local/lib/python3.7/site-packages/airflow/example_dags/example_time_delta_sensor_async.py
[2023-08-27T17:37:30.209+0000] {processor.py:826} INFO - Processing file /home/airflow/.local/lib/python3.7/site-packages/airflow/example_dags/example_time_delta_sensor_async.py for tasks to queue
[2023-08-27T17:37:30.209+0000] {logging_mixin.py:149} INFO - [2023-08-27T17:37:30.209+0000] {dagbag.py:541} INFO - Filling up the DagBag from /home/airflow/.local/lib/python3.7/site-packages/airflow/example_dags/example_time_delta_sensor_async.py
[2023-08-27T17:37:30.213+0000] {processor.py:836} INFO - DAG(s) dict_keys(['example_time_delta_sensor_async']) retrieved from /home/airflow/.local/lib/python3.7/site-packages/airflow/example_dags/example_time_delta_sensor_async.py
[2023-08-27T17:37:30.238+0000] {logging_mixin.py:149} INFO - [2023-08-27T17:37:30.238+0000] {dag.py:2726} INFO - Sync 1 DAGs
[2023-08-27T17:37:30.254+0000] {logging_mixin.py:149} INFO - [2023-08-27T17:37:30.254+0000] {dag.py:3490} INFO - Setting next_dagrun for example_time_delta_sensor_async to None, run_after=None
[2023-08-27T17:37:30.266+0000] {processor.py:179} INFO - Processing /home/airflow/.local/lib/python3.7/site-packages/airflow/example_dags/example_time_delta_sensor_async.py took 0.062 seconds
[2023-08-27T17:38:04.546+0000] {processor.py:157} INFO - Started process (PID=83255) to work on /home/airflow/.local/lib/python3.7/site-packages/airflow/example_dags/example_time_delta_sensor_async.py
[2023-08-27T17:38:04.547+0000] {processor.py:826} INFO - Processing file /home/airflow/.local/lib/python3.7/site-packages/airflow/example_dags/example_time_delta_sensor_async.py for tasks to queue
[2023-08-27T17:38:04.548+0000] {logging_mixin.py:149} INFO - [2023-08-27T17:38:04.547+0000] {dagbag.py:541} INFO - Filling up the DagBag from /home/airflow/.local/lib/python3.7/site-packages/airflow/example_dags/example_time_delta_sensor_async.py
[2023-08-27T17:38:04.552+0000] {processor.py:836} INFO - DAG(s) dict_keys(['example_time_delta_sensor_async']) retrieved from /home/airflow/.local/lib/python3.7/site-packages/airflow/example_dags/example_time_delta_sensor_async.py
[2023-08-27T17:38:04.573+0000] {logging_mixin.py:149} INFO - [2023-08-27T17:38:04.572+0000] {dag.py:2726} INFO - Sync 1 DAGs
[2023-08-27T17:38:04.590+0000] {logging_mixin.py:149} INFO - [2023-08-27T17:38:04.590+0000] {dag.py:3490} INFO - Setting next_dagrun for example_time_delta_sensor_async to None, run_after=None
[2023-08-27T17:38:04.602+0000] {processor.py:179} INFO - Processing /home/airflow/.local/lib/python3.7/site-packages/airflow/example_dags/example_time_delta_sensor_async.py took 0.060 seconds
[2023-08-27T17:38:38.751+0000] {processor.py:157} INFO - Started process (PID=83321) to work on /home/airflow/.local/lib/python3.7/site-packages/airflow/example_dags/example_time_delta_sensor_async.py
[2023-08-27T17:38:38.752+0000] {processor.py:826} INFO - Processing file /home/airflow/.local/lib/python3.7/site-packages/airflow/example_dags/example_time_delta_sensor_async.py for tasks to queue
[2023-08-27T17:38:38.757+0000] {logging_mixin.py:149} INFO - [2023-08-27T17:38:38.757+0000] {dagbag.py:541} INFO - Filling up the DagBag from /home/airflow/.local/lib/python3.7/site-packages/airflow/example_dags/example_time_delta_sensor_async.py
[2023-08-27T17:38:38.762+0000] {processor.py:836} INFO - DAG(s) dict_keys(['example_time_delta_sensor_async']) retrieved from /home/airflow/.local/lib/python3.7/site-packages/airflow/example_dags/example_time_delta_sensor_async.py
[2023-08-27T17:38:38.785+0000] {logging_mixin.py:149} INFO - [2023-08-27T17:38:38.785+0000] {dag.py:2726} INFO - Sync 1 DAGs
[2023-08-27T17:38:38.801+0000] {logging_mixin.py:149} INFO - [2023-08-27T17:38:38.801+0000] {dag.py:3490} INFO - Setting next_dagrun for example_time_delta_sensor_async to None, run_after=None
[2023-08-27T17:38:38.813+0000] {processor.py:179} INFO - Processing /home/airflow/.local/lib/python3.7/site-packages/airflow/example_dags/example_time_delta_sensor_async.py took 0.066 seconds
[2023-08-27T18:41:31.141+0000] {processor.py:157} INFO - Started process (PID=83380) to work on /home/airflow/.local/lib/python3.7/site-packages/airflow/example_dags/example_time_delta_sensor_async.py
[2023-08-27T18:41:31.143+0000] {processor.py:826} INFO - Processing file /home/airflow/.local/lib/python3.7/site-packages/airflow/example_dags/example_time_delta_sensor_async.py for tasks to queue
[2023-08-27T18:41:31.143+0000] {logging_mixin.py:149} INFO - [2023-08-27T18:41:31.143+0000] {dagbag.py:541} INFO - Filling up the DagBag from /home/airflow/.local/lib/python3.7/site-packages/airflow/example_dags/example_time_delta_sensor_async.py
[2023-08-27T18:41:31.150+0000] {processor.py:836} INFO - DAG(s) dict_keys(['example_time_delta_sensor_async']) retrieved from /home/airflow/.local/lib/python3.7/site-packages/airflow/example_dags/example_time_delta_sensor_async.py
[2023-08-27T18:41:31.179+0000] {logging_mixin.py:149} INFO - [2023-08-27T18:41:31.179+0000] {dag.py:2726} INFO - Sync 1 DAGs
[2023-08-27T18:41:31.196+0000] {logging_mixin.py:149} INFO - [2023-08-27T18:41:31.196+0000] {dag.py:3490} INFO - Setting next_dagrun for example_time_delta_sensor_async to None, run_after=None
[2023-08-27T18:41:31.212+0000] {processor.py:179} INFO - Processing /home/airflow/.local/lib/python3.7/site-packages/airflow/example_dags/example_time_delta_sensor_async.py took 0.080 seconds
[2023-08-27T19:17:16.282+0000] {processor.py:157} INFO - Started process (PID=83446) to work on /home/airflow/.local/lib/python3.7/site-packages/airflow/example_dags/example_time_delta_sensor_async.py
[2023-08-27T19:17:16.285+0000] {processor.py:826} INFO - Processing file /home/airflow/.local/lib/python3.7/site-packages/airflow/example_dags/example_time_delta_sensor_async.py for tasks to queue
[2023-08-27T19:17:16.286+0000] {logging_mixin.py:149} INFO - [2023-08-27T19:17:16.286+0000] {dagbag.py:541} INFO - Filling up the DagBag from /home/airflow/.local/lib/python3.7/site-packages/airflow/example_dags/example_time_delta_sensor_async.py
[2023-08-27T19:17:16.291+0000] {processor.py:836} INFO - DAG(s) dict_keys(['example_time_delta_sensor_async']) retrieved from /home/airflow/.local/lib/python3.7/site-packages/airflow/example_dags/example_time_delta_sensor_async.py
[2023-08-27T19:17:16.320+0000] {logging_mixin.py:149} INFO - [2023-08-27T19:17:16.320+0000] {dag.py:2726} INFO - Sync 1 DAGs
[2023-08-27T19:17:16.345+0000] {logging_mixin.py:149} INFO - [2023-08-27T19:17:16.345+0000] {dag.py:3490} INFO - Setting next_dagrun for example_time_delta_sensor_async to None, run_after=None
[2023-08-27T19:17:16.365+0000] {processor.py:179} INFO - Processing /home/airflow/.local/lib/python3.7/site-packages/airflow/example_dags/example_time_delta_sensor_async.py took 0.085 seconds
[2023-08-27T21:41:16.575+0000] {processor.py:157} INFO - Started process (PID=83512) to work on /home/airflow/.local/lib/python3.7/site-packages/airflow/example_dags/example_time_delta_sensor_async.py
[2023-08-27T21:41:16.576+0000] {processor.py:826} INFO - Processing file /home/airflow/.local/lib/python3.7/site-packages/airflow/example_dags/example_time_delta_sensor_async.py for tasks to queue
[2023-08-27T21:41:16.577+0000] {logging_mixin.py:149} INFO - [2023-08-27T21:41:16.577+0000] {dagbag.py:541} INFO - Filling up the DagBag from /home/airflow/.local/lib/python3.7/site-packages/airflow/example_dags/example_time_delta_sensor_async.py
[2023-08-27T21:41:16.581+0000] {processor.py:836} INFO - DAG(s) dict_keys(['example_time_delta_sensor_async']) retrieved from /home/airflow/.local/lib/python3.7/site-packages/airflow/example_dags/example_time_delta_sensor_async.py
[2023-08-27T21:41:16.601+0000] {logging_mixin.py:149} INFO - [2023-08-27T21:41:16.601+0000] {dag.py:2726} INFO - Sync 1 DAGs
[2023-08-27T21:41:16.616+0000] {logging_mixin.py:149} INFO - [2023-08-27T21:41:16.616+0000] {dag.py:3490} INFO - Setting next_dagrun for example_time_delta_sensor_async to None, run_after=None
[2023-08-27T21:41:16.630+0000] {processor.py:179} INFO - Processing /home/airflow/.local/lib/python3.7/site-packages/airflow/example_dags/example_time_delta_sensor_async.py took 0.065 seconds
[2023-08-27T21:49:26.042+0000] {processor.py:157} INFO - Started process (PID=83579) to work on /home/airflow/.local/lib/python3.7/site-packages/airflow/example_dags/example_time_delta_sensor_async.py
[2023-08-27T21:49:26.043+0000] {processor.py:826} INFO - Processing file /home/airflow/.local/lib/python3.7/site-packages/airflow/example_dags/example_time_delta_sensor_async.py for tasks to queue
[2023-08-27T21:49:26.044+0000] {logging_mixin.py:149} INFO - [2023-08-27T21:49:26.044+0000] {dagbag.py:541} INFO - Filling up the DagBag from /home/airflow/.local/lib/python3.7/site-packages/airflow/example_dags/example_time_delta_sensor_async.py
[2023-08-27T21:49:26.052+0000] {processor.py:836} INFO - DAG(s) dict_keys(['example_time_delta_sensor_async']) retrieved from /home/airflow/.local/lib/python3.7/site-packages/airflow/example_dags/example_time_delta_sensor_async.py
[2023-08-27T21:49:26.079+0000] {logging_mixin.py:149} INFO - [2023-08-27T21:49:26.079+0000] {dag.py:2726} INFO - Sync 1 DAGs
[2023-08-27T21:49:26.101+0000] {logging_mixin.py:149} INFO - [2023-08-27T21:49:26.101+0000] {dag.py:3490} INFO - Setting next_dagrun for example_time_delta_sensor_async to None, run_after=None
[2023-08-27T21:49:26.128+0000] {processor.py:179} INFO - Processing /home/airflow/.local/lib/python3.7/site-packages/airflow/example_dags/example_time_delta_sensor_async.py took 0.088 seconds
[2023-08-27T22:05:55.438+0000] {processor.py:157} INFO - Started process (PID=83645) to work on /home/airflow/.local/lib/python3.7/site-packages/airflow/example_dags/example_time_delta_sensor_async.py
[2023-08-27T22:05:55.441+0000] {processor.py:826} INFO - Processing file /home/airflow/.local/lib/python3.7/site-packages/airflow/example_dags/example_time_delta_sensor_async.py for tasks to queue
[2023-08-27T22:05:55.442+0000] {logging_mixin.py:149} INFO - [2023-08-27T22:05:55.442+0000] {dagbag.py:541} INFO - Filling up the DagBag from /home/airflow/.local/lib/python3.7/site-packages/airflow/example_dags/example_time_delta_sensor_async.py
[2023-08-27T22:05:55.449+0000] {processor.py:836} INFO - DAG(s) dict_keys(['example_time_delta_sensor_async']) retrieved from /home/airflow/.local/lib/python3.7/site-packages/airflow/example_dags/example_time_delta_sensor_async.py
[2023-08-27T22:05:55.482+0000] {logging_mixin.py:149} INFO - [2023-08-27T22:05:55.482+0000] {dag.py:2726} INFO - Sync 1 DAGs
[2023-08-27T22:05:55.504+0000] {logging_mixin.py:149} INFO - [2023-08-27T22:05:55.504+0000] {dag.py:3490} INFO - Setting next_dagrun for example_time_delta_sensor_async to None, run_after=None
[2023-08-27T22:05:55.523+0000] {processor.py:179} INFO - Processing /home/airflow/.local/lib/python3.7/site-packages/airflow/example_dags/example_time_delta_sensor_async.py took 0.091 seconds
[2023-08-27T22:20:39.569+0000] {processor.py:157} INFO - Started process (PID=83711) to work on /home/airflow/.local/lib/python3.7/site-packages/airflow/example_dags/example_time_delta_sensor_async.py
[2023-08-27T22:20:39.571+0000] {processor.py:826} INFO - Processing file /home/airflow/.local/lib/python3.7/site-packages/airflow/example_dags/example_time_delta_sensor_async.py for tasks to queue
[2023-08-27T22:20:39.582+0000] {logging_mixin.py:149} INFO - [2023-08-27T22:20:39.582+0000] {dagbag.py:541} INFO - Filling up the DagBag from /home/airflow/.local/lib/python3.7/site-packages/airflow/example_dags/example_time_delta_sensor_async.py
[2023-08-27T22:20:39.590+0000] {processor.py:836} INFO - DAG(s) dict_keys(['example_time_delta_sensor_async']) retrieved from /home/airflow/.local/lib/python3.7/site-packages/airflow/example_dags/example_time_delta_sensor_async.py
[2023-08-27T22:20:39.617+0000] {logging_mixin.py:149} INFO - [2023-08-27T22:20:39.616+0000] {dag.py:2726} INFO - Sync 1 DAGs
[2023-08-27T22:20:39.632+0000] {logging_mixin.py:149} INFO - [2023-08-27T22:20:39.632+0000] {dag.py:3490} INFO - Setting next_dagrun for example_time_delta_sensor_async to None, run_after=None
[2023-08-27T22:20:39.643+0000] {processor.py:179} INFO - Processing /home/airflow/.local/lib/python3.7/site-packages/airflow/example_dags/example_time_delta_sensor_async.py took 0.076 seconds
