[2023-08-27T00:38:33.664+0000] {processor.py:157} INFO - Started process (PID=82078) to work on /home/airflow/.local/lib/python3.7/site-packages/airflow/example_dags/example_trigger_controller_dag.py
[2023-08-27T00:38:33.665+0000] {processor.py:826} INFO - Processing file /home/airflow/.local/lib/python3.7/site-packages/airflow/example_dags/example_trigger_controller_dag.py for tasks to queue
[2023-08-27T00:38:33.669+0000] {logging_mixin.py:149} INFO - [2023-08-27T00:38:33.669+0000] {dagbag.py:541} INFO - Filling up the DagBag from /home/airflow/.local/lib/python3.7/site-packages/airflow/example_dags/example_trigger_controller_dag.py
[2023-08-27T00:38:33.673+0000] {processor.py:836} INFO - DAG(s) dict_keys(['example_trigger_controller_dag']) retrieved from /home/airflow/.local/lib/python3.7/site-packages/airflow/example_dags/example_trigger_controller_dag.py
[2023-08-27T00:38:33.703+0000] {logging_mixin.py:149} INFO - [2023-08-27T00:38:33.703+0000] {dag.py:2726} INFO - Sync 1 DAGs
[2023-08-27T00:38:33.723+0000] {logging_mixin.py:149} INFO - [2023-08-27T00:38:33.723+0000] {dag.py:3490} INFO - Setting next_dagrun for example_trigger_controller_dag to 2021-01-01T00:00:00+00:00, run_after=2021-01-01T00:00:00+00:00
[2023-08-27T00:38:33.734+0000] {processor.py:179} INFO - Processing /home/airflow/.local/lib/python3.7/site-packages/airflow/example_dags/example_trigger_controller_dag.py took 0.074 seconds
[2023-08-27T02:09:37.499+0000] {processor.py:157} INFO - Started process (PID=82144) to work on /home/airflow/.local/lib/python3.7/site-packages/airflow/example_dags/example_trigger_controller_dag.py
[2023-08-27T02:09:37.500+0000] {processor.py:826} INFO - Processing file /home/airflow/.local/lib/python3.7/site-packages/airflow/example_dags/example_trigger_controller_dag.py for tasks to queue
[2023-08-27T02:09:37.501+0000] {logging_mixin.py:149} INFO - [2023-08-27T02:09:37.500+0000] {dagbag.py:541} INFO - Filling up the DagBag from /home/airflow/.local/lib/python3.7/site-packages/airflow/example_dags/example_trigger_controller_dag.py
[2023-08-27T02:09:37.505+0000] {processor.py:836} INFO - DAG(s) dict_keys(['example_trigger_controller_dag']) retrieved from /home/airflow/.local/lib/python3.7/site-packages/airflow/example_dags/example_trigger_controller_dag.py
[2023-08-27T02:09:37.526+0000] {logging_mixin.py:149} INFO - [2023-08-27T02:09:37.526+0000] {dag.py:2726} INFO - Sync 1 DAGs
[2023-08-27T02:09:37.543+0000] {logging_mixin.py:149} INFO - [2023-08-27T02:09:37.543+0000] {dag.py:3490} INFO - Setting next_dagrun for example_trigger_controller_dag to 2021-01-01T00:00:00+00:00, run_after=2021-01-01T00:00:00+00:00
[2023-08-27T02:09:37.554+0000] {processor.py:179} INFO - Processing /home/airflow/.local/lib/python3.7/site-packages/airflow/example_dags/example_trigger_controller_dag.py took 0.058 seconds
[2023-08-27T04:15:57.286+0000] {processor.py:157} INFO - Started process (PID=82211) to work on /home/airflow/.local/lib/python3.7/site-packages/airflow/example_dags/example_trigger_controller_dag.py
[2023-08-27T04:15:57.291+0000] {processor.py:826} INFO - Processing file /home/airflow/.local/lib/python3.7/site-packages/airflow/example_dags/example_trigger_controller_dag.py for tasks to queue
[2023-08-27T04:15:57.293+0000] {logging_mixin.py:149} INFO - [2023-08-27T04:15:57.293+0000] {dagbag.py:541} INFO - Filling up the DagBag from /home/airflow/.local/lib/python3.7/site-packages/airflow/example_dags/example_trigger_controller_dag.py
[2023-08-27T04:15:57.304+0000] {processor.py:836} INFO - DAG(s) dict_keys(['example_trigger_controller_dag']) retrieved from /home/airflow/.local/lib/python3.7/site-packages/airflow/example_dags/example_trigger_controller_dag.py
[2023-08-27T04:15:57.357+0000] {logging_mixin.py:149} INFO - [2023-08-27T04:15:57.357+0000] {dag.py:2726} INFO - Sync 1 DAGs
[2023-08-27T04:15:57.402+0000] {logging_mixin.py:149} INFO - [2023-08-27T04:15:57.402+0000] {dag.py:3490} INFO - Setting next_dagrun for example_trigger_controller_dag to 2021-01-01T00:00:00+00:00, run_after=2021-01-01T00:00:00+00:00
[2023-08-27T04:15:57.428+0000] {processor.py:179} INFO - Processing /home/airflow/.local/lib/python3.7/site-packages/airflow/example_dags/example_trigger_controller_dag.py took 0.148 seconds
[2023-08-27T05:17:57.627+0000] {processor.py:157} INFO - Started process (PID=82277) to work on /home/airflow/.local/lib/python3.7/site-packages/airflow/example_dags/example_trigger_controller_dag.py
[2023-08-27T05:17:57.628+0000] {processor.py:826} INFO - Processing file /home/airflow/.local/lib/python3.7/site-packages/airflow/example_dags/example_trigger_controller_dag.py for tasks to queue
[2023-08-27T05:17:57.629+0000] {logging_mixin.py:149} INFO - [2023-08-27T05:17:57.629+0000] {dagbag.py:541} INFO - Filling up the DagBag from /home/airflow/.local/lib/python3.7/site-packages/airflow/example_dags/example_trigger_controller_dag.py
[2023-08-27T05:17:57.633+0000] {processor.py:836} INFO - DAG(s) dict_keys(['example_trigger_controller_dag']) retrieved from /home/airflow/.local/lib/python3.7/site-packages/airflow/example_dags/example_trigger_controller_dag.py
[2023-08-27T05:17:57.654+0000] {logging_mixin.py:149} INFO - [2023-08-27T05:17:57.654+0000] {dag.py:2726} INFO - Sync 1 DAGs
[2023-08-27T05:17:57.672+0000] {logging_mixin.py:149} INFO - [2023-08-27T05:17:57.671+0000] {dag.py:3490} INFO - Setting next_dagrun for example_trigger_controller_dag to 2021-01-01T00:00:00+00:00, run_after=2021-01-01T00:00:00+00:00
[2023-08-27T05:17:57.683+0000] {processor.py:179} INFO - Processing /home/airflow/.local/lib/python3.7/site-packages/airflow/example_dags/example_trigger_controller_dag.py took 0.059 seconds
[2023-08-27T06:52:20.861+0000] {processor.py:157} INFO - Started process (PID=82344) to work on /home/airflow/.local/lib/python3.7/site-packages/airflow/example_dags/example_trigger_controller_dag.py
[2023-08-27T06:52:20.863+0000] {processor.py:826} INFO - Processing file /home/airflow/.local/lib/python3.7/site-packages/airflow/example_dags/example_trigger_controller_dag.py for tasks to queue
[2023-08-27T06:52:20.864+0000] {logging_mixin.py:149} INFO - [2023-08-27T06:52:20.863+0000] {dagbag.py:541} INFO - Filling up the DagBag from /home/airflow/.local/lib/python3.7/site-packages/airflow/example_dags/example_trigger_controller_dag.py
[2023-08-27T06:52:20.867+0000] {processor.py:836} INFO - DAG(s) dict_keys(['example_trigger_controller_dag']) retrieved from /home/airflow/.local/lib/python3.7/site-packages/airflow/example_dags/example_trigger_controller_dag.py
[2023-08-27T06:52:20.894+0000] {logging_mixin.py:149} INFO - [2023-08-27T06:52:20.893+0000] {dag.py:2726} INFO - Sync 1 DAGs
[2023-08-27T06:52:20.916+0000] {logging_mixin.py:149} INFO - [2023-08-27T06:52:20.915+0000] {dag.py:3490} INFO - Setting next_dagrun for example_trigger_controller_dag to 2021-01-01T00:00:00+00:00, run_after=2021-01-01T00:00:00+00:00
[2023-08-27T06:52:20.927+0000] {processor.py:179} INFO - Processing /home/airflow/.local/lib/python3.7/site-packages/airflow/example_dags/example_trigger_controller_dag.py took 0.069 seconds
[2023-08-27T11:05:26.037+0000] {processor.py:157} INFO - Started process (PID=82410) to work on /home/airflow/.local/lib/python3.7/site-packages/airflow/example_dags/example_trigger_controller_dag.py
[2023-08-27T11:05:26.039+0000] {processor.py:826} INFO - Processing file /home/airflow/.local/lib/python3.7/site-packages/airflow/example_dags/example_trigger_controller_dag.py for tasks to queue
[2023-08-27T11:05:26.039+0000] {logging_mixin.py:149} INFO - [2023-08-27T11:05:26.039+0000] {dagbag.py:541} INFO - Filling up the DagBag from /home/airflow/.local/lib/python3.7/site-packages/airflow/example_dags/example_trigger_controller_dag.py
[2023-08-27T11:05:26.043+0000] {processor.py:836} INFO - DAG(s) dict_keys(['example_trigger_controller_dag']) retrieved from /home/airflow/.local/lib/python3.7/site-packages/airflow/example_dags/example_trigger_controller_dag.py
[2023-08-27T11:05:26.064+0000] {logging_mixin.py:149} INFO - [2023-08-27T11:05:26.064+0000] {dag.py:2726} INFO - Sync 1 DAGs
[2023-08-27T11:05:26.082+0000] {logging_mixin.py:149} INFO - [2023-08-27T11:05:26.082+0000] {dag.py:3490} INFO - Setting next_dagrun for example_trigger_controller_dag to 2021-01-01T00:00:00+00:00, run_after=2021-01-01T00:00:00+00:00
[2023-08-27T11:05:26.095+0000] {processor.py:179} INFO - Processing /home/airflow/.local/lib/python3.7/site-packages/airflow/example_dags/example_trigger_controller_dag.py took 0.060 seconds
[2023-08-27T13:53:22.267+0000] {processor.py:157} INFO - Started process (PID=82476) to work on /home/airflow/.local/lib/python3.7/site-packages/airflow/example_dags/example_trigger_controller_dag.py
[2023-08-27T13:53:22.268+0000] {processor.py:826} INFO - Processing file /home/airflow/.local/lib/python3.7/site-packages/airflow/example_dags/example_trigger_controller_dag.py for tasks to queue
[2023-08-27T13:53:22.269+0000] {logging_mixin.py:149} INFO - [2023-08-27T13:53:22.269+0000] {dagbag.py:541} INFO - Filling up the DagBag from /home/airflow/.local/lib/python3.7/site-packages/airflow/example_dags/example_trigger_controller_dag.py
[2023-08-27T13:53:22.273+0000] {processor.py:836} INFO - DAG(s) dict_keys(['example_trigger_controller_dag']) retrieved from /home/airflow/.local/lib/python3.7/site-packages/airflow/example_dags/example_trigger_controller_dag.py
[2023-08-27T13:53:22.297+0000] {logging_mixin.py:149} INFO - [2023-08-27T13:53:22.297+0000] {dag.py:2726} INFO - Sync 1 DAGs
[2023-08-27T13:53:22.319+0000] {logging_mixin.py:149} INFO - [2023-08-27T13:53:22.319+0000] {dag.py:3490} INFO - Setting next_dagrun for example_trigger_controller_dag to 2021-01-01T00:00:00+00:00, run_after=2021-01-01T00:00:00+00:00
[2023-08-27T13:53:22.340+0000] {processor.py:179} INFO - Processing /home/airflow/.local/lib/python3.7/site-packages/airflow/example_dags/example_trigger_controller_dag.py took 0.077 seconds
[2023-08-27T13:56:35.576+0000] {processor.py:157} INFO - Started process (PID=82542) to work on /home/airflow/.local/lib/python3.7/site-packages/airflow/example_dags/example_trigger_controller_dag.py
[2023-08-27T13:56:35.577+0000] {processor.py:826} INFO - Processing file /home/airflow/.local/lib/python3.7/site-packages/airflow/example_dags/example_trigger_controller_dag.py for tasks to queue
[2023-08-27T13:56:35.578+0000] {logging_mixin.py:149} INFO - [2023-08-27T13:56:35.578+0000] {dagbag.py:541} INFO - Filling up the DagBag from /home/airflow/.local/lib/python3.7/site-packages/airflow/example_dags/example_trigger_controller_dag.py
[2023-08-27T13:56:35.582+0000] {processor.py:836} INFO - DAG(s) dict_keys(['example_trigger_controller_dag']) retrieved from /home/airflow/.local/lib/python3.7/site-packages/airflow/example_dags/example_trigger_controller_dag.py
[2023-08-27T13:56:35.604+0000] {logging_mixin.py:149} INFO - [2023-08-27T13:56:35.604+0000] {dag.py:2726} INFO - Sync 1 DAGs
[2023-08-27T13:56:35.620+0000] {logging_mixin.py:149} INFO - [2023-08-27T13:56:35.620+0000] {dag.py:3490} INFO - Setting next_dagrun for example_trigger_controller_dag to 2021-01-01T00:00:00+00:00, run_after=2021-01-01T00:00:00+00:00
[2023-08-27T13:56:35.631+0000] {processor.py:179} INFO - Processing /home/airflow/.local/lib/python3.7/site-packages/airflow/example_dags/example_trigger_controller_dag.py took 0.058 seconds
[2023-08-27T14:25:12.213+0000] {processor.py:157} INFO - Started process (PID=82607) to work on /home/airflow/.local/lib/python3.7/site-packages/airflow/example_dags/example_trigger_controller_dag.py
[2023-08-27T14:25:12.214+0000] {processor.py:826} INFO - Processing file /home/airflow/.local/lib/python3.7/site-packages/airflow/example_dags/example_trigger_controller_dag.py for tasks to queue
[2023-08-27T14:25:12.215+0000] {logging_mixin.py:149} INFO - [2023-08-27T14:25:12.215+0000] {dagbag.py:541} INFO - Filling up the DagBag from /home/airflow/.local/lib/python3.7/site-packages/airflow/example_dags/example_trigger_controller_dag.py
[2023-08-27T14:25:12.219+0000] {processor.py:836} INFO - DAG(s) dict_keys(['example_trigger_controller_dag']) retrieved from /home/airflow/.local/lib/python3.7/site-packages/airflow/example_dags/example_trigger_controller_dag.py
[2023-08-27T14:25:12.241+0000] {logging_mixin.py:149} INFO - [2023-08-27T14:25:12.241+0000] {dag.py:2726} INFO - Sync 1 DAGs
[2023-08-27T14:25:12.258+0000] {logging_mixin.py:149} INFO - [2023-08-27T14:25:12.258+0000] {dag.py:3490} INFO - Setting next_dagrun for example_trigger_controller_dag to 2021-01-01T00:00:00+00:00, run_after=2021-01-01T00:00:00+00:00
[2023-08-27T14:25:12.274+0000] {processor.py:179} INFO - Processing /home/airflow/.local/lib/python3.7/site-packages/airflow/example_dags/example_trigger_controller_dag.py took 0.064 seconds
[2023-08-27T17:32:58.507+0000] {processor.py:157} INFO - Started process (PID=82673) to work on /home/airflow/.local/lib/python3.7/site-packages/airflow/example_dags/example_trigger_controller_dag.py
[2023-08-27T17:32:58.510+0000] {processor.py:826} INFO - Processing file /home/airflow/.local/lib/python3.7/site-packages/airflow/example_dags/example_trigger_controller_dag.py for tasks to queue
[2023-08-27T17:32:58.511+0000] {logging_mixin.py:149} INFO - [2023-08-27T17:32:58.511+0000] {dagbag.py:541} INFO - Filling up the DagBag from /home/airflow/.local/lib/python3.7/site-packages/airflow/example_dags/example_trigger_controller_dag.py
[2023-08-27T17:32:58.521+0000] {processor.py:836} INFO - DAG(s) dict_keys(['example_trigger_controller_dag']) retrieved from /home/airflow/.local/lib/python3.7/site-packages/airflow/example_dags/example_trigger_controller_dag.py
[2023-08-27T17:32:58.546+0000] {logging_mixin.py:149} INFO - [2023-08-27T17:32:58.546+0000] {dag.py:2726} INFO - Sync 1 DAGs
[2023-08-27T17:32:58.564+0000] {logging_mixin.py:149} INFO - [2023-08-27T17:32:58.564+0000] {dag.py:3490} INFO - Setting next_dagrun for example_trigger_controller_dag to 2021-01-01T00:00:00+00:00, run_after=2021-01-01T00:00:00+00:00
[2023-08-27T17:32:58.576+0000] {processor.py:179} INFO - Processing /home/airflow/.local/lib/python3.7/site-packages/airflow/example_dags/example_trigger_controller_dag.py took 0.073 seconds
[2023-08-27T17:33:31.923+0000] {processor.py:157} INFO - Started process (PID=82745) to work on /home/airflow/.local/lib/python3.7/site-packages/airflow/example_dags/example_trigger_controller_dag.py
[2023-08-27T17:33:31.924+0000] {processor.py:826} INFO - Processing file /home/airflow/.local/lib/python3.7/site-packages/airflow/example_dags/example_trigger_controller_dag.py for tasks to queue
[2023-08-27T17:33:31.925+0000] {logging_mixin.py:149} INFO - [2023-08-27T17:33:31.925+0000] {dagbag.py:541} INFO - Filling up the DagBag from /home/airflow/.local/lib/python3.7/site-packages/airflow/example_dags/example_trigger_controller_dag.py
[2023-08-27T17:33:31.929+0000] {processor.py:836} INFO - DAG(s) dict_keys(['example_trigger_controller_dag']) retrieved from /home/airflow/.local/lib/python3.7/site-packages/airflow/example_dags/example_trigger_controller_dag.py
[2023-08-27T17:33:31.964+0000] {logging_mixin.py:149} INFO - [2023-08-27T17:33:31.964+0000] {dag.py:2726} INFO - Sync 1 DAGs
[2023-08-27T17:33:31.982+0000] {logging_mixin.py:149} INFO - [2023-08-27T17:33:31.982+0000] {dag.py:3490} INFO - Setting next_dagrun for example_trigger_controller_dag to 2021-01-01T00:00:00+00:00, run_after=2021-01-01T00:00:00+00:00
[2023-08-27T17:33:32.000+0000] {processor.py:179} INFO - Processing /home/airflow/.local/lib/python3.7/site-packages/airflow/example_dags/example_trigger_controller_dag.py took 0.080 seconds
[2023-08-27T17:34:06.212+0000] {processor.py:157} INFO - Started process (PID=82811) to work on /home/airflow/.local/lib/python3.7/site-packages/airflow/example_dags/example_trigger_controller_dag.py
[2023-08-27T17:34:06.214+0000] {processor.py:826} INFO - Processing file /home/airflow/.local/lib/python3.7/site-packages/airflow/example_dags/example_trigger_controller_dag.py for tasks to queue
[2023-08-27T17:34:06.215+0000] {logging_mixin.py:149} INFO - [2023-08-27T17:34:06.215+0000] {dagbag.py:541} INFO - Filling up the DagBag from /home/airflow/.local/lib/python3.7/site-packages/airflow/example_dags/example_trigger_controller_dag.py
[2023-08-27T17:34:06.218+0000] {processor.py:836} INFO - DAG(s) dict_keys(['example_trigger_controller_dag']) retrieved from /home/airflow/.local/lib/python3.7/site-packages/airflow/example_dags/example_trigger_controller_dag.py
[2023-08-27T17:34:06.239+0000] {logging_mixin.py:149} INFO - [2023-08-27T17:34:06.239+0000] {dag.py:2726} INFO - Sync 1 DAGs
[2023-08-27T17:34:06.257+0000] {logging_mixin.py:149} INFO - [2023-08-27T17:34:06.257+0000] {dag.py:3490} INFO - Setting next_dagrun for example_trigger_controller_dag to 2021-01-01T00:00:00+00:00, run_after=2021-01-01T00:00:00+00:00
[2023-08-27T17:34:06.268+0000] {processor.py:179} INFO - Processing /home/airflow/.local/lib/python3.7/site-packages/airflow/example_dags/example_trigger_controller_dag.py took 0.059 seconds
[2023-08-27T17:34:40.428+0000] {processor.py:157} INFO - Started process (PID=82877) to work on /home/airflow/.local/lib/python3.7/site-packages/airflow/example_dags/example_trigger_controller_dag.py
[2023-08-27T17:34:40.432+0000] {processor.py:826} INFO - Processing file /home/airflow/.local/lib/python3.7/site-packages/airflow/example_dags/example_trigger_controller_dag.py for tasks to queue
[2023-08-27T17:34:40.432+0000] {logging_mixin.py:149} INFO - [2023-08-27T17:34:40.432+0000] {dagbag.py:541} INFO - Filling up the DagBag from /home/airflow/.local/lib/python3.7/site-packages/airflow/example_dags/example_trigger_controller_dag.py
[2023-08-27T17:34:40.438+0000] {processor.py:836} INFO - DAG(s) dict_keys(['example_trigger_controller_dag']) retrieved from /home/airflow/.local/lib/python3.7/site-packages/airflow/example_dags/example_trigger_controller_dag.py
[2023-08-27T17:34:40.477+0000] {logging_mixin.py:149} INFO - [2023-08-27T17:34:40.477+0000] {dag.py:2726} INFO - Sync 1 DAGs
[2023-08-27T17:34:40.520+0000] {logging_mixin.py:149} INFO - [2023-08-27T17:34:40.520+0000] {dag.py:3490} INFO - Setting next_dagrun for example_trigger_controller_dag to 2021-01-01T00:00:00+00:00, run_after=2021-01-01T00:00:00+00:00
[2023-08-27T17:34:40.541+0000] {processor.py:179} INFO - Processing /home/airflow/.local/lib/python3.7/site-packages/airflow/example_dags/example_trigger_controller_dag.py took 0.116 seconds
[2023-08-27T17:35:14.634+0000] {processor.py:157} INFO - Started process (PID=82943) to work on /home/airflow/.local/lib/python3.7/site-packages/airflow/example_dags/example_trigger_controller_dag.py
[2023-08-27T17:35:14.637+0000] {processor.py:826} INFO - Processing file /home/airflow/.local/lib/python3.7/site-packages/airflow/example_dags/example_trigger_controller_dag.py for tasks to queue
[2023-08-27T17:35:14.637+0000] {logging_mixin.py:149} INFO - [2023-08-27T17:35:14.637+0000] {dagbag.py:541} INFO - Filling up the DagBag from /home/airflow/.local/lib/python3.7/site-packages/airflow/example_dags/example_trigger_controller_dag.py
[2023-08-27T17:35:14.643+0000] {processor.py:836} INFO - DAG(s) dict_keys(['example_trigger_controller_dag']) retrieved from /home/airflow/.local/lib/python3.7/site-packages/airflow/example_dags/example_trigger_controller_dag.py
[2023-08-27T17:35:14.698+0000] {logging_mixin.py:149} INFO - [2023-08-27T17:35:14.698+0000] {dag.py:2726} INFO - Sync 1 DAGs
[2023-08-27T17:35:14.728+0000] {logging_mixin.py:149} INFO - [2023-08-27T17:35:14.728+0000] {dag.py:3490} INFO - Setting next_dagrun for example_trigger_controller_dag to 2021-01-01T00:00:00+00:00, run_after=2021-01-01T00:00:00+00:00
[2023-08-27T17:35:14.754+0000] {processor.py:179} INFO - Processing /home/airflow/.local/lib/python3.7/site-packages/airflow/example_dags/example_trigger_controller_dag.py took 0.124 seconds
[2023-08-27T17:35:49.589+0000] {processor.py:157} INFO - Started process (PID=83010) to work on /home/airflow/.local/lib/python3.7/site-packages/airflow/example_dags/example_trigger_controller_dag.py
[2023-08-27T17:35:49.590+0000] {processor.py:826} INFO - Processing file /home/airflow/.local/lib/python3.7/site-packages/airflow/example_dags/example_trigger_controller_dag.py for tasks to queue
[2023-08-27T17:35:49.591+0000] {logging_mixin.py:149} INFO - [2023-08-27T17:35:49.591+0000] {dagbag.py:541} INFO - Filling up the DagBag from /home/airflow/.local/lib/python3.7/site-packages/airflow/example_dags/example_trigger_controller_dag.py
[2023-08-27T17:35:49.595+0000] {processor.py:836} INFO - DAG(s) dict_keys(['example_trigger_controller_dag']) retrieved from /home/airflow/.local/lib/python3.7/site-packages/airflow/example_dags/example_trigger_controller_dag.py
[2023-08-27T17:35:49.616+0000] {logging_mixin.py:149} INFO - [2023-08-27T17:35:49.616+0000] {dag.py:2726} INFO - Sync 1 DAGs
[2023-08-27T17:35:49.632+0000] {logging_mixin.py:149} INFO - [2023-08-27T17:35:49.631+0000] {dag.py:3490} INFO - Setting next_dagrun for example_trigger_controller_dag to 2021-01-01T00:00:00+00:00, run_after=2021-01-01T00:00:00+00:00
[2023-08-27T17:35:49.642+0000] {processor.py:179} INFO - Processing /home/airflow/.local/lib/python3.7/site-packages/airflow/example_dags/example_trigger_controller_dag.py took 0.057 seconds
[2023-08-27T17:36:24.049+0000] {processor.py:157} INFO - Started process (PID=83076) to work on /home/airflow/.local/lib/python3.7/site-packages/airflow/example_dags/example_trigger_controller_dag.py
[2023-08-27T17:36:24.051+0000] {processor.py:826} INFO - Processing file /home/airflow/.local/lib/python3.7/site-packages/airflow/example_dags/example_trigger_controller_dag.py for tasks to queue
[2023-08-27T17:36:24.052+0000] {logging_mixin.py:149} INFO - [2023-08-27T17:36:24.052+0000] {dagbag.py:541} INFO - Filling up the DagBag from /home/airflow/.local/lib/python3.7/site-packages/airflow/example_dags/example_trigger_controller_dag.py
[2023-08-27T17:36:24.056+0000] {processor.py:836} INFO - DAG(s) dict_keys(['example_trigger_controller_dag']) retrieved from /home/airflow/.local/lib/python3.7/site-packages/airflow/example_dags/example_trigger_controller_dag.py
[2023-08-27T17:36:24.077+0000] {logging_mixin.py:149} INFO - [2023-08-27T17:36:24.077+0000] {dag.py:2726} INFO - Sync 1 DAGs
[2023-08-27T17:36:24.102+0000] {logging_mixin.py:149} INFO - [2023-08-27T17:36:24.102+0000] {dag.py:3490} INFO - Setting next_dagrun for example_trigger_controller_dag to 2021-01-01T00:00:00+00:00, run_after=2021-01-01T00:00:00+00:00
[2023-08-27T17:36:24.113+0000] {processor.py:179} INFO - Processing /home/airflow/.local/lib/python3.7/site-packages/airflow/example_dags/example_trigger_controller_dag.py took 0.067 seconds
[2023-08-27T17:36:57.333+0000] {processor.py:157} INFO - Started process (PID=83142) to work on /home/airflow/.local/lib/python3.7/site-packages/airflow/example_dags/example_trigger_controller_dag.py
[2023-08-27T17:36:57.334+0000] {processor.py:826} INFO - Processing file /home/airflow/.local/lib/python3.7/site-packages/airflow/example_dags/example_trigger_controller_dag.py for tasks to queue
[2023-08-27T17:36:57.335+0000] {logging_mixin.py:149} INFO - [2023-08-27T17:36:57.335+0000] {dagbag.py:541} INFO - Filling up the DagBag from /home/airflow/.local/lib/python3.7/site-packages/airflow/example_dags/example_trigger_controller_dag.py
[2023-08-27T17:36:57.339+0000] {processor.py:836} INFO - DAG(s) dict_keys(['example_trigger_controller_dag']) retrieved from /home/airflow/.local/lib/python3.7/site-packages/airflow/example_dags/example_trigger_controller_dag.py
[2023-08-27T17:36:57.365+0000] {logging_mixin.py:149} INFO - [2023-08-27T17:36:57.364+0000] {dag.py:2726} INFO - Sync 1 DAGs
[2023-08-27T17:36:57.381+0000] {logging_mixin.py:149} INFO - [2023-08-27T17:36:57.381+0000] {dag.py:3490} INFO - Setting next_dagrun for example_trigger_controller_dag to 2021-01-01T00:00:00+00:00, run_after=2021-01-01T00:00:00+00:00
[2023-08-27T17:36:57.393+0000] {processor.py:179} INFO - Processing /home/airflow/.local/lib/python3.7/site-packages/airflow/example_dags/example_trigger_controller_dag.py took 0.063 seconds
[2023-08-27T17:37:31.703+0000] {processor.py:157} INFO - Started process (PID=83215) to work on /home/airflow/.local/lib/python3.7/site-packages/airflow/example_dags/example_trigger_controller_dag.py
[2023-08-27T17:37:31.705+0000] {processor.py:826} INFO - Processing file /home/airflow/.local/lib/python3.7/site-packages/airflow/example_dags/example_trigger_controller_dag.py for tasks to queue
[2023-08-27T17:37:31.708+0000] {logging_mixin.py:149} INFO - [2023-08-27T17:37:31.708+0000] {dagbag.py:541} INFO - Filling up the DagBag from /home/airflow/.local/lib/python3.7/site-packages/airflow/example_dags/example_trigger_controller_dag.py
[2023-08-27T17:37:31.712+0000] {processor.py:836} INFO - DAG(s) dict_keys(['example_trigger_controller_dag']) retrieved from /home/airflow/.local/lib/python3.7/site-packages/airflow/example_dags/example_trigger_controller_dag.py
[2023-08-27T17:37:31.733+0000] {logging_mixin.py:149} INFO - [2023-08-27T17:37:31.733+0000] {dag.py:2726} INFO - Sync 1 DAGs
[2023-08-27T17:37:31.752+0000] {logging_mixin.py:149} INFO - [2023-08-27T17:37:31.752+0000] {dag.py:3490} INFO - Setting next_dagrun for example_trigger_controller_dag to 2021-01-01T00:00:00+00:00, run_after=2021-01-01T00:00:00+00:00
[2023-08-27T17:37:31.769+0000] {processor.py:179} INFO - Processing /home/airflow/.local/lib/python3.7/site-packages/airflow/example_dags/example_trigger_controller_dag.py took 0.068 seconds
[2023-08-27T17:38:06.019+0000] {processor.py:157} INFO - Started process (PID=83281) to work on /home/airflow/.local/lib/python3.7/site-packages/airflow/example_dags/example_trigger_controller_dag.py
[2023-08-27T17:38:06.020+0000] {processor.py:826} INFO - Processing file /home/airflow/.local/lib/python3.7/site-packages/airflow/example_dags/example_trigger_controller_dag.py for tasks to queue
[2023-08-27T17:38:06.021+0000] {logging_mixin.py:149} INFO - [2023-08-27T17:38:06.021+0000] {dagbag.py:541} INFO - Filling up the DagBag from /home/airflow/.local/lib/python3.7/site-packages/airflow/example_dags/example_trigger_controller_dag.py
[2023-08-27T17:38:06.024+0000] {processor.py:836} INFO - DAG(s) dict_keys(['example_trigger_controller_dag']) retrieved from /home/airflow/.local/lib/python3.7/site-packages/airflow/example_dags/example_trigger_controller_dag.py
[2023-08-27T17:38:06.045+0000] {logging_mixin.py:149} INFO - [2023-08-27T17:38:06.045+0000] {dag.py:2726} INFO - Sync 1 DAGs
[2023-08-27T17:38:06.061+0000] {logging_mixin.py:149} INFO - [2023-08-27T17:38:06.061+0000] {dag.py:3490} INFO - Setting next_dagrun for example_trigger_controller_dag to 2021-01-01T00:00:00+00:00, run_after=2021-01-01T00:00:00+00:00
[2023-08-27T17:38:06.073+0000] {processor.py:179} INFO - Processing /home/airflow/.local/lib/python3.7/site-packages/airflow/example_dags/example_trigger_controller_dag.py took 0.057 seconds
[2023-08-27T17:38:40.199+0000] {processor.py:157} INFO - Started process (PID=83347) to work on /home/airflow/.local/lib/python3.7/site-packages/airflow/example_dags/example_trigger_controller_dag.py
[2023-08-27T17:38:40.200+0000] {processor.py:826} INFO - Processing file /home/airflow/.local/lib/python3.7/site-packages/airflow/example_dags/example_trigger_controller_dag.py for tasks to queue
[2023-08-27T17:38:40.201+0000] {logging_mixin.py:149} INFO - [2023-08-27T17:38:40.201+0000] {dagbag.py:541} INFO - Filling up the DagBag from /home/airflow/.local/lib/python3.7/site-packages/airflow/example_dags/example_trigger_controller_dag.py
[2023-08-27T17:38:40.205+0000] {processor.py:836} INFO - DAG(s) dict_keys(['example_trigger_controller_dag']) retrieved from /home/airflow/.local/lib/python3.7/site-packages/airflow/example_dags/example_trigger_controller_dag.py
[2023-08-27T17:38:40.226+0000] {logging_mixin.py:149} INFO - [2023-08-27T17:38:40.226+0000] {dag.py:2726} INFO - Sync 1 DAGs
[2023-08-27T17:38:40.257+0000] {logging_mixin.py:149} INFO - [2023-08-27T17:38:40.257+0000] {dag.py:3490} INFO - Setting next_dagrun for example_trigger_controller_dag to 2021-01-01T00:00:00+00:00, run_after=2021-01-01T00:00:00+00:00
[2023-08-27T17:38:40.271+0000] {processor.py:179} INFO - Processing /home/airflow/.local/lib/python3.7/site-packages/airflow/example_dags/example_trigger_controller_dag.py took 0.075 seconds
[2023-08-27T18:41:32.634+0000] {processor.py:157} INFO - Started process (PID=83406) to work on /home/airflow/.local/lib/python3.7/site-packages/airflow/example_dags/example_trigger_controller_dag.py
[2023-08-27T18:41:32.635+0000] {processor.py:826} INFO - Processing file /home/airflow/.local/lib/python3.7/site-packages/airflow/example_dags/example_trigger_controller_dag.py for tasks to queue
[2023-08-27T18:41:32.636+0000] {logging_mixin.py:149} INFO - [2023-08-27T18:41:32.636+0000] {dagbag.py:541} INFO - Filling up the DagBag from /home/airflow/.local/lib/python3.7/site-packages/airflow/example_dags/example_trigger_controller_dag.py
[2023-08-27T18:41:32.639+0000] {processor.py:836} INFO - DAG(s) dict_keys(['example_trigger_controller_dag']) retrieved from /home/airflow/.local/lib/python3.7/site-packages/airflow/example_dags/example_trigger_controller_dag.py
[2023-08-27T18:41:32.664+0000] {logging_mixin.py:149} INFO - [2023-08-27T18:41:32.664+0000] {dag.py:2726} INFO - Sync 1 DAGs
[2023-08-27T18:41:32.691+0000] {logging_mixin.py:149} INFO - [2023-08-27T18:41:32.691+0000] {dag.py:3490} INFO - Setting next_dagrun for example_trigger_controller_dag to 2021-01-01T00:00:00+00:00, run_after=2021-01-01T00:00:00+00:00
[2023-08-27T18:41:32.707+0000] {processor.py:179} INFO - Processing /home/airflow/.local/lib/python3.7/site-packages/airflow/example_dags/example_trigger_controller_dag.py took 0.076 seconds
[2023-08-27T19:17:17.832+0000] {processor.py:157} INFO - Started process (PID=83472) to work on /home/airflow/.local/lib/python3.7/site-packages/airflow/example_dags/example_trigger_controller_dag.py
[2023-08-27T19:17:17.833+0000] {processor.py:826} INFO - Processing file /home/airflow/.local/lib/python3.7/site-packages/airflow/example_dags/example_trigger_controller_dag.py for tasks to queue
[2023-08-27T19:17:17.834+0000] {logging_mixin.py:149} INFO - [2023-08-27T19:17:17.834+0000] {dagbag.py:541} INFO - Filling up the DagBag from /home/airflow/.local/lib/python3.7/site-packages/airflow/example_dags/example_trigger_controller_dag.py
[2023-08-27T19:17:17.846+0000] {processor.py:836} INFO - DAG(s) dict_keys(['example_trigger_controller_dag']) retrieved from /home/airflow/.local/lib/python3.7/site-packages/airflow/example_dags/example_trigger_controller_dag.py
[2023-08-27T19:17:17.869+0000] {logging_mixin.py:149} INFO - [2023-08-27T19:17:17.869+0000] {dag.py:2726} INFO - Sync 1 DAGs
[2023-08-27T19:17:17.887+0000] {logging_mixin.py:149} INFO - [2023-08-27T19:17:17.887+0000] {dag.py:3490} INFO - Setting next_dagrun for example_trigger_controller_dag to 2021-01-01T00:00:00+00:00, run_after=2021-01-01T00:00:00+00:00
[2023-08-27T19:17:17.899+0000] {processor.py:179} INFO - Processing /home/airflow/.local/lib/python3.7/site-packages/airflow/example_dags/example_trigger_controller_dag.py took 0.071 seconds
[2023-08-27T21:41:18.113+0000] {processor.py:157} INFO - Started process (PID=83538) to work on /home/airflow/.local/lib/python3.7/site-packages/airflow/example_dags/example_trigger_controller_dag.py
[2023-08-27T21:41:18.114+0000] {processor.py:826} INFO - Processing file /home/airflow/.local/lib/python3.7/site-packages/airflow/example_dags/example_trigger_controller_dag.py for tasks to queue
[2023-08-27T21:41:18.115+0000] {logging_mixin.py:149} INFO - [2023-08-27T21:41:18.114+0000] {dagbag.py:541} INFO - Filling up the DagBag from /home/airflow/.local/lib/python3.7/site-packages/airflow/example_dags/example_trigger_controller_dag.py
[2023-08-27T21:41:18.118+0000] {processor.py:836} INFO - DAG(s) dict_keys(['example_trigger_controller_dag']) retrieved from /home/airflow/.local/lib/python3.7/site-packages/airflow/example_dags/example_trigger_controller_dag.py
[2023-08-27T21:41:18.138+0000] {logging_mixin.py:149} INFO - [2023-08-27T21:41:18.138+0000] {dag.py:2726} INFO - Sync 1 DAGs
[2023-08-27T21:41:18.153+0000] {logging_mixin.py:149} INFO - [2023-08-27T21:41:18.153+0000] {dag.py:3490} INFO - Setting next_dagrun for example_trigger_controller_dag to 2021-01-01T00:00:00+00:00, run_after=2021-01-01T00:00:00+00:00
[2023-08-27T21:41:18.164+0000] {processor.py:179} INFO - Processing /home/airflow/.local/lib/python3.7/site-packages/airflow/example_dags/example_trigger_controller_dag.py took 0.055 seconds
[2023-08-27T21:49:28.201+0000] {processor.py:157} INFO - Started process (PID=83605) to work on /home/airflow/.local/lib/python3.7/site-packages/airflow/example_dags/example_trigger_controller_dag.py
[2023-08-27T21:49:28.203+0000] {processor.py:826} INFO - Processing file /home/airflow/.local/lib/python3.7/site-packages/airflow/example_dags/example_trigger_controller_dag.py for tasks to queue
[2023-08-27T21:49:28.203+0000] {logging_mixin.py:149} INFO - [2023-08-27T21:49:28.203+0000] {dagbag.py:541} INFO - Filling up the DagBag from /home/airflow/.local/lib/python3.7/site-packages/airflow/example_dags/example_trigger_controller_dag.py
[2023-08-27T21:49:28.207+0000] {processor.py:836} INFO - DAG(s) dict_keys(['example_trigger_controller_dag']) retrieved from /home/airflow/.local/lib/python3.7/site-packages/airflow/example_dags/example_trigger_controller_dag.py
[2023-08-27T21:49:28.227+0000] {logging_mixin.py:149} INFO - [2023-08-27T21:49:28.227+0000] {dag.py:2726} INFO - Sync 1 DAGs
[2023-08-27T21:49:28.242+0000] {logging_mixin.py:149} INFO - [2023-08-27T21:49:28.242+0000] {dag.py:3490} INFO - Setting next_dagrun for example_trigger_controller_dag to 2021-01-01T00:00:00+00:00, run_after=2021-01-01T00:00:00+00:00
[2023-08-27T21:49:28.255+0000] {processor.py:179} INFO - Processing /home/airflow/.local/lib/python3.7/site-packages/airflow/example_dags/example_trigger_controller_dag.py took 0.056 seconds
[2023-08-27T22:05:57.139+0000] {processor.py:157} INFO - Started process (PID=83671) to work on /home/airflow/.local/lib/python3.7/site-packages/airflow/example_dags/example_trigger_controller_dag.py
[2023-08-27T22:05:57.141+0000] {processor.py:826} INFO - Processing file /home/airflow/.local/lib/python3.7/site-packages/airflow/example_dags/example_trigger_controller_dag.py for tasks to queue
[2023-08-27T22:05:57.142+0000] {logging_mixin.py:149} INFO - [2023-08-27T22:05:57.142+0000] {dagbag.py:541} INFO - Filling up the DagBag from /home/airflow/.local/lib/python3.7/site-packages/airflow/example_dags/example_trigger_controller_dag.py
[2023-08-27T22:05:57.146+0000] {processor.py:836} INFO - DAG(s) dict_keys(['example_trigger_controller_dag']) retrieved from /home/airflow/.local/lib/python3.7/site-packages/airflow/example_dags/example_trigger_controller_dag.py
[2023-08-27T22:05:57.180+0000] {logging_mixin.py:149} INFO - [2023-08-27T22:05:57.179+0000] {dag.py:2726} INFO - Sync 1 DAGs
[2023-08-27T22:05:57.201+0000] {logging_mixin.py:149} INFO - [2023-08-27T22:05:57.200+0000] {dag.py:3490} INFO - Setting next_dagrun for example_trigger_controller_dag to 2021-01-01T00:00:00+00:00, run_after=2021-01-01T00:00:00+00:00
[2023-08-27T22:05:57.226+0000] {processor.py:179} INFO - Processing /home/airflow/.local/lib/python3.7/site-packages/airflow/example_dags/example_trigger_controller_dag.py took 0.091 seconds
[2023-08-27T22:20:41.982+0000] {processor.py:157} INFO - Started process (PID=83737) to work on /home/airflow/.local/lib/python3.7/site-packages/airflow/example_dags/example_trigger_controller_dag.py
[2023-08-27T22:20:41.984+0000] {processor.py:826} INFO - Processing file /home/airflow/.local/lib/python3.7/site-packages/airflow/example_dags/example_trigger_controller_dag.py for tasks to queue
[2023-08-27T22:20:41.985+0000] {logging_mixin.py:149} INFO - [2023-08-27T22:20:41.984+0000] {dagbag.py:541} INFO - Filling up the DagBag from /home/airflow/.local/lib/python3.7/site-packages/airflow/example_dags/example_trigger_controller_dag.py
[2023-08-27T22:20:41.989+0000] {processor.py:836} INFO - DAG(s) dict_keys(['example_trigger_controller_dag']) retrieved from /home/airflow/.local/lib/python3.7/site-packages/airflow/example_dags/example_trigger_controller_dag.py
[2023-08-27T22:20:42.018+0000] {logging_mixin.py:149} INFO - [2023-08-27T22:20:42.017+0000] {dag.py:2726} INFO - Sync 1 DAGs
[2023-08-27T22:20:42.045+0000] {logging_mixin.py:149} INFO - [2023-08-27T22:20:42.045+0000] {dag.py:3490} INFO - Setting next_dagrun for example_trigger_controller_dag to 2021-01-01T00:00:00+00:00, run_after=2021-01-01T00:00:00+00:00
[2023-08-27T22:20:42.078+0000] {processor.py:179} INFO - Processing /home/airflow/.local/lib/python3.7/site-packages/airflow/example_dags/example_trigger_controller_dag.py took 0.099 seconds
