[2023-08-27T00:38:31.604+0000] {processor.py:157} INFO - Started process (PID=82051) to work on /home/airflow/.local/lib/python3.7/site-packages/airflow/example_dags/example_sensors.py
[2023-08-27T00:38:31.605+0000] {processor.py:826} INFO - Processing file /home/airflow/.local/lib/python3.7/site-packages/airflow/example_dags/example_sensors.py for tasks to queue
[2023-08-27T00:38:31.606+0000] {logging_mixin.py:149} INFO - [2023-08-27T00:38:31.606+0000] {dagbag.py:541} INFO - Filling up the DagBag from /home/airflow/.local/lib/python3.7/site-packages/airflow/example_dags/example_sensors.py
[2023-08-27T00:38:31.615+0000] {processor.py:836} INFO - DAG(s) dict_keys(['example_sensors']) retrieved from /home/airflow/.local/lib/python3.7/site-packages/airflow/example_dags/example_sensors.py
[2023-08-27T00:38:31.638+0000] {logging_mixin.py:149} INFO - [2023-08-27T00:38:31.638+0000] {dag.py:2726} INFO - Sync 1 DAGs
[2023-08-27T00:38:31.654+0000] {logging_mixin.py:149} INFO - [2023-08-27T00:38:31.654+0000] {dag.py:3490} INFO - Setting next_dagrun for example_sensors to None, run_after=None
[2023-08-27T00:38:31.668+0000] {processor.py:179} INFO - Processing /home/airflow/.local/lib/python3.7/site-packages/airflow/example_dags/example_sensors.py took 0.068 seconds
[2023-08-27T02:09:35.852+0000] {processor.py:157} INFO - Started process (PID=82117) to work on /home/airflow/.local/lib/python3.7/site-packages/airflow/example_dags/example_sensors.py
[2023-08-27T02:09:35.853+0000] {processor.py:826} INFO - Processing file /home/airflow/.local/lib/python3.7/site-packages/airflow/example_dags/example_sensors.py for tasks to queue
[2023-08-27T02:09:35.854+0000] {logging_mixin.py:149} INFO - [2023-08-27T02:09:35.854+0000] {dagbag.py:541} INFO - Filling up the DagBag from /home/airflow/.local/lib/python3.7/site-packages/airflow/example_dags/example_sensors.py
[2023-08-27T02:09:35.862+0000] {processor.py:836} INFO - DAG(s) dict_keys(['example_sensors']) retrieved from /home/airflow/.local/lib/python3.7/site-packages/airflow/example_dags/example_sensors.py
[2023-08-27T02:09:35.888+0000] {logging_mixin.py:149} INFO - [2023-08-27T02:09:35.888+0000] {dag.py:2726} INFO - Sync 1 DAGs
[2023-08-27T02:09:35.906+0000] {logging_mixin.py:149} INFO - [2023-08-27T02:09:35.905+0000] {dag.py:3490} INFO - Setting next_dagrun for example_sensors to None, run_after=None
[2023-08-27T02:09:35.918+0000] {processor.py:179} INFO - Processing /home/airflow/.local/lib/python3.7/site-packages/airflow/example_dags/example_sensors.py took 0.069 seconds
[2023-08-27T04:15:55.055+0000] {processor.py:157} INFO - Started process (PID=82184) to work on /home/airflow/.local/lib/python3.7/site-packages/airflow/example_dags/example_sensors.py
[2023-08-27T04:15:55.056+0000] {processor.py:826} INFO - Processing file /home/airflow/.local/lib/python3.7/site-packages/airflow/example_dags/example_sensors.py for tasks to queue
[2023-08-27T04:15:55.057+0000] {logging_mixin.py:149} INFO - [2023-08-27T04:15:55.057+0000] {dagbag.py:541} INFO - Filling up the DagBag from /home/airflow/.local/lib/python3.7/site-packages/airflow/example_dags/example_sensors.py
[2023-08-27T04:15:55.064+0000] {processor.py:836} INFO - DAG(s) dict_keys(['example_sensors']) retrieved from /home/airflow/.local/lib/python3.7/site-packages/airflow/example_dags/example_sensors.py
[2023-08-27T04:15:55.086+0000] {logging_mixin.py:149} INFO - [2023-08-27T04:15:55.086+0000] {dag.py:2726} INFO - Sync 1 DAGs
[2023-08-27T04:15:55.101+0000] {logging_mixin.py:149} INFO - [2023-08-27T04:15:55.101+0000] {dag.py:3490} INFO - Setting next_dagrun for example_sensors to None, run_after=None
[2023-08-27T04:15:55.112+0000] {processor.py:179} INFO - Processing /home/airflow/.local/lib/python3.7/site-packages/airflow/example_dags/example_sensors.py took 0.060 seconds
[2023-08-27T05:17:56.003+0000] {processor.py:157} INFO - Started process (PID=82250) to work on /home/airflow/.local/lib/python3.7/site-packages/airflow/example_dags/example_sensors.py
[2023-08-27T05:17:56.005+0000] {processor.py:826} INFO - Processing file /home/airflow/.local/lib/python3.7/site-packages/airflow/example_dags/example_sensors.py for tasks to queue
[2023-08-27T05:17:56.006+0000] {logging_mixin.py:149} INFO - [2023-08-27T05:17:56.006+0000] {dagbag.py:541} INFO - Filling up the DagBag from /home/airflow/.local/lib/python3.7/site-packages/airflow/example_dags/example_sensors.py
[2023-08-27T05:17:56.014+0000] {processor.py:836} INFO - DAG(s) dict_keys(['example_sensors']) retrieved from /home/airflow/.local/lib/python3.7/site-packages/airflow/example_dags/example_sensors.py
[2023-08-27T05:17:56.037+0000] {logging_mixin.py:149} INFO - [2023-08-27T05:17:56.037+0000] {dag.py:2726} INFO - Sync 1 DAGs
[2023-08-27T05:17:56.054+0000] {logging_mixin.py:149} INFO - [2023-08-27T05:17:56.053+0000] {dag.py:3490} INFO - Setting next_dagrun for example_sensors to None, run_after=None
[2023-08-27T05:17:56.065+0000] {processor.py:179} INFO - Processing /home/airflow/.local/lib/python3.7/site-packages/airflow/example_dags/example_sensors.py took 0.066 seconds
[2023-08-27T06:52:19.336+0000] {processor.py:157} INFO - Started process (PID=82317) to work on /home/airflow/.local/lib/python3.7/site-packages/airflow/example_dags/example_sensors.py
[2023-08-27T06:52:19.337+0000] {processor.py:826} INFO - Processing file /home/airflow/.local/lib/python3.7/site-packages/airflow/example_dags/example_sensors.py for tasks to queue
[2023-08-27T06:52:19.337+0000] {logging_mixin.py:149} INFO - [2023-08-27T06:52:19.337+0000] {dagbag.py:541} INFO - Filling up the DagBag from /home/airflow/.local/lib/python3.7/site-packages/airflow/example_dags/example_sensors.py
[2023-08-27T06:52:19.344+0000] {processor.py:836} INFO - DAG(s) dict_keys(['example_sensors']) retrieved from /home/airflow/.local/lib/python3.7/site-packages/airflow/example_dags/example_sensors.py
[2023-08-27T06:52:19.365+0000] {logging_mixin.py:149} INFO - [2023-08-27T06:52:19.365+0000] {dag.py:2726} INFO - Sync 1 DAGs
[2023-08-27T06:52:19.378+0000] {logging_mixin.py:149} INFO - [2023-08-27T06:52:19.378+0000] {dag.py:3490} INFO - Setting next_dagrun for example_sensors to None, run_after=None
[2023-08-27T06:52:19.389+0000] {processor.py:179} INFO - Processing /home/airflow/.local/lib/python3.7/site-packages/airflow/example_dags/example_sensors.py took 0.056 seconds
[2023-08-27T11:05:24.382+0000] {processor.py:157} INFO - Started process (PID=82383) to work on /home/airflow/.local/lib/python3.7/site-packages/airflow/example_dags/example_sensors.py
[2023-08-27T11:05:24.383+0000] {processor.py:826} INFO - Processing file /home/airflow/.local/lib/python3.7/site-packages/airflow/example_dags/example_sensors.py for tasks to queue
[2023-08-27T11:05:24.384+0000] {logging_mixin.py:149} INFO - [2023-08-27T11:05:24.384+0000] {dagbag.py:541} INFO - Filling up the DagBag from /home/airflow/.local/lib/python3.7/site-packages/airflow/example_dags/example_sensors.py
[2023-08-27T11:05:24.396+0000] {processor.py:836} INFO - DAG(s) dict_keys(['example_sensors']) retrieved from /home/airflow/.local/lib/python3.7/site-packages/airflow/example_dags/example_sensors.py
[2023-08-27T11:05:24.421+0000] {logging_mixin.py:149} INFO - [2023-08-27T11:05:24.421+0000] {dag.py:2726} INFO - Sync 1 DAGs
[2023-08-27T11:05:24.437+0000] {logging_mixin.py:149} INFO - [2023-08-27T11:05:24.437+0000] {dag.py:3490} INFO - Setting next_dagrun for example_sensors to None, run_after=None
[2023-08-27T11:05:24.450+0000] {processor.py:179} INFO - Processing /home/airflow/.local/lib/python3.7/site-packages/airflow/example_dags/example_sensors.py took 0.072 seconds
[2023-08-27T13:53:20.705+0000] {processor.py:157} INFO - Started process (PID=82449) to work on /home/airflow/.local/lib/python3.7/site-packages/airflow/example_dags/example_sensors.py
[2023-08-27T13:53:20.706+0000] {processor.py:826} INFO - Processing file /home/airflow/.local/lib/python3.7/site-packages/airflow/example_dags/example_sensors.py for tasks to queue
[2023-08-27T13:53:20.707+0000] {logging_mixin.py:149} INFO - [2023-08-27T13:53:20.706+0000] {dagbag.py:541} INFO - Filling up the DagBag from /home/airflow/.local/lib/python3.7/site-packages/airflow/example_dags/example_sensors.py
[2023-08-27T13:53:20.714+0000] {processor.py:836} INFO - DAG(s) dict_keys(['example_sensors']) retrieved from /home/airflow/.local/lib/python3.7/site-packages/airflow/example_dags/example_sensors.py
[2023-08-27T13:53:20.734+0000] {logging_mixin.py:149} INFO - [2023-08-27T13:53:20.734+0000] {dag.py:2726} INFO - Sync 1 DAGs
[2023-08-27T13:53:20.748+0000] {logging_mixin.py:149} INFO - [2023-08-27T13:53:20.748+0000] {dag.py:3490} INFO - Setting next_dagrun for example_sensors to None, run_after=None
[2023-08-27T13:53:20.758+0000] {processor.py:179} INFO - Processing /home/airflow/.local/lib/python3.7/site-packages/airflow/example_dags/example_sensors.py took 0.056 seconds
[2023-08-27T13:56:34.092+0000] {processor.py:157} INFO - Started process (PID=82515) to work on /home/airflow/.local/lib/python3.7/site-packages/airflow/example_dags/example_sensors.py
[2023-08-27T13:56:34.096+0000] {processor.py:826} INFO - Processing file /home/airflow/.local/lib/python3.7/site-packages/airflow/example_dags/example_sensors.py for tasks to queue
[2023-08-27T13:56:34.096+0000] {logging_mixin.py:149} INFO - [2023-08-27T13:56:34.096+0000] {dagbag.py:541} INFO - Filling up the DagBag from /home/airflow/.local/lib/python3.7/site-packages/airflow/example_dags/example_sensors.py
[2023-08-27T13:56:34.104+0000] {processor.py:836} INFO - DAG(s) dict_keys(['example_sensors']) retrieved from /home/airflow/.local/lib/python3.7/site-packages/airflow/example_dags/example_sensors.py
[2023-08-27T13:56:34.126+0000] {logging_mixin.py:149} INFO - [2023-08-27T13:56:34.126+0000] {dag.py:2726} INFO - Sync 1 DAGs
[2023-08-27T13:56:34.142+0000] {logging_mixin.py:149} INFO - [2023-08-27T13:56:34.142+0000] {dag.py:3490} INFO - Setting next_dagrun for example_sensors to None, run_after=None
[2023-08-27T13:56:34.154+0000] {processor.py:179} INFO - Processing /home/airflow/.local/lib/python3.7/site-packages/airflow/example_dags/example_sensors.py took 0.068 seconds
[2023-08-27T14:25:10.586+0000] {processor.py:157} INFO - Started process (PID=82580) to work on /home/airflow/.local/lib/python3.7/site-packages/airflow/example_dags/example_sensors.py
[2023-08-27T14:25:10.588+0000] {processor.py:826} INFO - Processing file /home/airflow/.local/lib/python3.7/site-packages/airflow/example_dags/example_sensors.py for tasks to queue
[2023-08-27T14:25:10.589+0000] {logging_mixin.py:149} INFO - [2023-08-27T14:25:10.589+0000] {dagbag.py:541} INFO - Filling up the DagBag from /home/airflow/.local/lib/python3.7/site-packages/airflow/example_dags/example_sensors.py
[2023-08-27T14:25:10.596+0000] {processor.py:836} INFO - DAG(s) dict_keys(['example_sensors']) retrieved from /home/airflow/.local/lib/python3.7/site-packages/airflow/example_dags/example_sensors.py
[2023-08-27T14:25:10.623+0000] {logging_mixin.py:149} INFO - [2023-08-27T14:25:10.622+0000] {dag.py:2726} INFO - Sync 1 DAGs
[2023-08-27T14:25:10.639+0000] {logging_mixin.py:149} INFO - [2023-08-27T14:25:10.639+0000] {dag.py:3490} INFO - Setting next_dagrun for example_sensors to None, run_after=None
[2023-08-27T14:25:10.651+0000] {processor.py:179} INFO - Processing /home/airflow/.local/lib/python3.7/site-packages/airflow/example_dags/example_sensors.py took 0.069 seconds
[2023-08-27T17:32:56.734+0000] {processor.py:157} INFO - Started process (PID=82646) to work on /home/airflow/.local/lib/python3.7/site-packages/airflow/example_dags/example_sensors.py
[2023-08-27T17:32:56.736+0000] {processor.py:826} INFO - Processing file /home/airflow/.local/lib/python3.7/site-packages/airflow/example_dags/example_sensors.py for tasks to queue
[2023-08-27T17:32:56.741+0000] {logging_mixin.py:149} INFO - [2023-08-27T17:32:56.740+0000] {dagbag.py:541} INFO - Filling up the DagBag from /home/airflow/.local/lib/python3.7/site-packages/airflow/example_dags/example_sensors.py
[2023-08-27T17:32:56.749+0000] {processor.py:836} INFO - DAG(s) dict_keys(['example_sensors']) retrieved from /home/airflow/.local/lib/python3.7/site-packages/airflow/example_dags/example_sensors.py
[2023-08-27T17:32:56.783+0000] {logging_mixin.py:149} INFO - [2023-08-27T17:32:56.783+0000] {dag.py:2726} INFO - Sync 1 DAGs
[2023-08-27T17:32:56.808+0000] {logging_mixin.py:149} INFO - [2023-08-27T17:32:56.808+0000] {dag.py:3490} INFO - Setting next_dagrun for example_sensors to None, run_after=None
[2023-08-27T17:32:56.818+0000] {processor.py:179} INFO - Processing /home/airflow/.local/lib/python3.7/site-packages/airflow/example_dags/example_sensors.py took 0.088 seconds
[2023-08-27T17:33:30.342+0000] {processor.py:157} INFO - Started process (PID=82711) to work on /home/airflow/.local/lib/python3.7/site-packages/airflow/example_dags/example_sensors.py
[2023-08-27T17:33:30.344+0000] {processor.py:826} INFO - Processing file /home/airflow/.local/lib/python3.7/site-packages/airflow/example_dags/example_sensors.py for tasks to queue
[2023-08-27T17:33:30.345+0000] {logging_mixin.py:149} INFO - [2023-08-27T17:33:30.344+0000] {dagbag.py:541} INFO - Filling up the DagBag from /home/airflow/.local/lib/python3.7/site-packages/airflow/example_dags/example_sensors.py
[2023-08-27T17:33:30.358+0000] {processor.py:836} INFO - DAG(s) dict_keys(['example_sensors']) retrieved from /home/airflow/.local/lib/python3.7/site-packages/airflow/example_dags/example_sensors.py
[2023-08-27T17:33:30.389+0000] {logging_mixin.py:149} INFO - [2023-08-27T17:33:30.389+0000] {dag.py:2726} INFO - Sync 1 DAGs
[2023-08-27T17:33:30.419+0000] {logging_mixin.py:149} INFO - [2023-08-27T17:33:30.419+0000] {dag.py:3490} INFO - Setting next_dagrun for example_sensors to None, run_after=None
[2023-08-27T17:33:30.432+0000] {processor.py:179} INFO - Processing /home/airflow/.local/lib/python3.7/site-packages/airflow/example_dags/example_sensors.py took 0.093 seconds
[2023-08-27T17:34:04.616+0000] {processor.py:157} INFO - Started process (PID=82784) to work on /home/airflow/.local/lib/python3.7/site-packages/airflow/example_dags/example_sensors.py
[2023-08-27T17:34:04.617+0000] {processor.py:826} INFO - Processing file /home/airflow/.local/lib/python3.7/site-packages/airflow/example_dags/example_sensors.py for tasks to queue
[2023-08-27T17:34:04.618+0000] {logging_mixin.py:149} INFO - [2023-08-27T17:34:04.618+0000] {dagbag.py:541} INFO - Filling up the DagBag from /home/airflow/.local/lib/python3.7/site-packages/airflow/example_dags/example_sensors.py
[2023-08-27T17:34:04.625+0000] {processor.py:836} INFO - DAG(s) dict_keys(['example_sensors']) retrieved from /home/airflow/.local/lib/python3.7/site-packages/airflow/example_dags/example_sensors.py
[2023-08-27T17:34:04.649+0000] {logging_mixin.py:149} INFO - [2023-08-27T17:34:04.649+0000] {dag.py:2726} INFO - Sync 1 DAGs
[2023-08-27T17:34:04.666+0000] {logging_mixin.py:149} INFO - [2023-08-27T17:34:04.666+0000] {dag.py:3490} INFO - Setting next_dagrun for example_sensors to None, run_after=None
[2023-08-27T17:34:04.678+0000] {processor.py:179} INFO - Processing /home/airflow/.local/lib/python3.7/site-packages/airflow/example_dags/example_sensors.py took 0.064 seconds
[2023-08-27T17:34:38.822+0000] {processor.py:157} INFO - Started process (PID=82850) to work on /home/airflow/.local/lib/python3.7/site-packages/airflow/example_dags/example_sensors.py
[2023-08-27T17:34:38.823+0000] {processor.py:826} INFO - Processing file /home/airflow/.local/lib/python3.7/site-packages/airflow/example_dags/example_sensors.py for tasks to queue
[2023-08-27T17:34:38.824+0000] {logging_mixin.py:149} INFO - [2023-08-27T17:34:38.824+0000] {dagbag.py:541} INFO - Filling up the DagBag from /home/airflow/.local/lib/python3.7/site-packages/airflow/example_dags/example_sensors.py
[2023-08-27T17:34:38.832+0000] {processor.py:836} INFO - DAG(s) dict_keys(['example_sensors']) retrieved from /home/airflow/.local/lib/python3.7/site-packages/airflow/example_dags/example_sensors.py
[2023-08-27T17:34:38.859+0000] {logging_mixin.py:149} INFO - [2023-08-27T17:34:38.859+0000] {dag.py:2726} INFO - Sync 1 DAGs
[2023-08-27T17:34:38.878+0000] {logging_mixin.py:149} INFO - [2023-08-27T17:34:38.878+0000] {dag.py:3490} INFO - Setting next_dagrun for example_sensors to None, run_after=None
[2023-08-27T17:34:38.901+0000] {processor.py:179} INFO - Processing /home/airflow/.local/lib/python3.7/site-packages/airflow/example_dags/example_sensors.py took 0.083 seconds
[2023-08-27T17:35:12.788+0000] {processor.py:157} INFO - Started process (PID=82916) to work on /home/airflow/.local/lib/python3.7/site-packages/airflow/example_dags/example_sensors.py
[2023-08-27T17:35:12.789+0000] {processor.py:826} INFO - Processing file /home/airflow/.local/lib/python3.7/site-packages/airflow/example_dags/example_sensors.py for tasks to queue
[2023-08-27T17:35:12.790+0000] {logging_mixin.py:149} INFO - [2023-08-27T17:35:12.790+0000] {dagbag.py:541} INFO - Filling up the DagBag from /home/airflow/.local/lib/python3.7/site-packages/airflow/example_dags/example_sensors.py
[2023-08-27T17:35:12.798+0000] {processor.py:836} INFO - DAG(s) dict_keys(['example_sensors']) retrieved from /home/airflow/.local/lib/python3.7/site-packages/airflow/example_dags/example_sensors.py
[2023-08-27T17:35:12.821+0000] {logging_mixin.py:149} INFO - [2023-08-27T17:35:12.821+0000] {dag.py:2726} INFO - Sync 1 DAGs
[2023-08-27T17:35:12.839+0000] {logging_mixin.py:149} INFO - [2023-08-27T17:35:12.839+0000] {dag.py:3490} INFO - Setting next_dagrun for example_sensors to None, run_after=None
[2023-08-27T17:35:12.851+0000] {processor.py:179} INFO - Processing /home/airflow/.local/lib/python3.7/site-packages/airflow/example_dags/example_sensors.py took 0.067 seconds
[2023-08-27T17:35:47.991+0000] {processor.py:157} INFO - Started process (PID=82983) to work on /home/airflow/.local/lib/python3.7/site-packages/airflow/example_dags/example_sensors.py
[2023-08-27T17:35:47.992+0000] {processor.py:826} INFO - Processing file /home/airflow/.local/lib/python3.7/site-packages/airflow/example_dags/example_sensors.py for tasks to queue
[2023-08-27T17:35:47.993+0000] {logging_mixin.py:149} INFO - [2023-08-27T17:35:47.992+0000] {dagbag.py:541} INFO - Filling up the DagBag from /home/airflow/.local/lib/python3.7/site-packages/airflow/example_dags/example_sensors.py
[2023-08-27T17:35:47.999+0000] {processor.py:836} INFO - DAG(s) dict_keys(['example_sensors']) retrieved from /home/airflow/.local/lib/python3.7/site-packages/airflow/example_dags/example_sensors.py
[2023-08-27T17:35:48.020+0000] {logging_mixin.py:149} INFO - [2023-08-27T17:35:48.020+0000] {dag.py:2726} INFO - Sync 1 DAGs
[2023-08-27T17:35:48.035+0000] {logging_mixin.py:149} INFO - [2023-08-27T17:35:48.034+0000] {dag.py:3490} INFO - Setting next_dagrun for example_sensors to None, run_after=None
[2023-08-27T17:35:48.045+0000] {processor.py:179} INFO - Processing /home/airflow/.local/lib/python3.7/site-packages/airflow/example_dags/example_sensors.py took 0.057 seconds
[2023-08-27T17:36:22.227+0000] {processor.py:157} INFO - Started process (PID=83049) to work on /home/airflow/.local/lib/python3.7/site-packages/airflow/example_dags/example_sensors.py
[2023-08-27T17:36:22.229+0000] {processor.py:826} INFO - Processing file /home/airflow/.local/lib/python3.7/site-packages/airflow/example_dags/example_sensors.py for tasks to queue
[2023-08-27T17:36:22.232+0000] {logging_mixin.py:149} INFO - [2023-08-27T17:36:22.231+0000] {dagbag.py:541} INFO - Filling up the DagBag from /home/airflow/.local/lib/python3.7/site-packages/airflow/example_dags/example_sensors.py
[2023-08-27T17:36:22.250+0000] {processor.py:836} INFO - DAG(s) dict_keys(['example_sensors']) retrieved from /home/airflow/.local/lib/python3.7/site-packages/airflow/example_dags/example_sensors.py
[2023-08-27T17:36:22.273+0000] {logging_mixin.py:149} INFO - [2023-08-27T17:36:22.273+0000] {dag.py:2726} INFO - Sync 1 DAGs
[2023-08-27T17:36:22.291+0000] {logging_mixin.py:149} INFO - [2023-08-27T17:36:22.290+0000] {dag.py:3490} INFO - Setting next_dagrun for example_sensors to None, run_after=None
[2023-08-27T17:36:22.305+0000] {processor.py:179} INFO - Processing /home/airflow/.local/lib/python3.7/site-packages/airflow/example_dags/example_sensors.py took 0.080 seconds
[2023-08-27T17:36:55.801+0000] {processor.py:157} INFO - Started process (PID=83115) to work on /home/airflow/.local/lib/python3.7/site-packages/airflow/example_dags/example_sensors.py
[2023-08-27T17:36:55.806+0000] {processor.py:826} INFO - Processing file /home/airflow/.local/lib/python3.7/site-packages/airflow/example_dags/example_sensors.py for tasks to queue
[2023-08-27T17:36:55.807+0000] {logging_mixin.py:149} INFO - [2023-08-27T17:36:55.807+0000] {dagbag.py:541} INFO - Filling up the DagBag from /home/airflow/.local/lib/python3.7/site-packages/airflow/example_dags/example_sensors.py
[2023-08-27T17:36:55.814+0000] {processor.py:836} INFO - DAG(s) dict_keys(['example_sensors']) retrieved from /home/airflow/.local/lib/python3.7/site-packages/airflow/example_dags/example_sensors.py
[2023-08-27T17:36:55.836+0000] {logging_mixin.py:149} INFO - [2023-08-27T17:36:55.835+0000] {dag.py:2726} INFO - Sync 1 DAGs
[2023-08-27T17:36:55.852+0000] {logging_mixin.py:149} INFO - [2023-08-27T17:36:55.852+0000] {dag.py:3490} INFO - Setting next_dagrun for example_sensors to None, run_after=None
[2023-08-27T17:36:55.863+0000] {processor.py:179} INFO - Processing /home/airflow/.local/lib/python3.7/site-packages/airflow/example_dags/example_sensors.py took 0.065 seconds
[2023-08-27T17:37:30.123+0000] {processor.py:157} INFO - Started process (PID=83181) to work on /home/airflow/.local/lib/python3.7/site-packages/airflow/example_dags/example_sensors.py
[2023-08-27T17:37:30.124+0000] {processor.py:826} INFO - Processing file /home/airflow/.local/lib/python3.7/site-packages/airflow/example_dags/example_sensors.py for tasks to queue
[2023-08-27T17:37:30.125+0000] {logging_mixin.py:149} INFO - [2023-08-27T17:37:30.125+0000] {dagbag.py:541} INFO - Filling up the DagBag from /home/airflow/.local/lib/python3.7/site-packages/airflow/example_dags/example_sensors.py
[2023-08-27T17:37:30.133+0000] {processor.py:836} INFO - DAG(s) dict_keys(['example_sensors']) retrieved from /home/airflow/.local/lib/python3.7/site-packages/airflow/example_dags/example_sensors.py
[2023-08-27T17:37:30.155+0000] {logging_mixin.py:149} INFO - [2023-08-27T17:37:30.155+0000] {dag.py:2726} INFO - Sync 1 DAGs
[2023-08-27T17:37:30.171+0000] {logging_mixin.py:149} INFO - [2023-08-27T17:37:30.171+0000] {dag.py:3490} INFO - Setting next_dagrun for example_sensors to None, run_after=None
[2023-08-27T17:37:30.182+0000] {processor.py:179} INFO - Processing /home/airflow/.local/lib/python3.7/site-packages/airflow/example_dags/example_sensors.py took 0.063 seconds
[2023-08-27T17:38:04.522+0000] {processor.py:157} INFO - Started process (PID=83254) to work on /home/airflow/.local/lib/python3.7/site-packages/airflow/example_dags/example_sensors.py
[2023-08-27T17:38:04.523+0000] {processor.py:826} INFO - Processing file /home/airflow/.local/lib/python3.7/site-packages/airflow/example_dags/example_sensors.py for tasks to queue
[2023-08-27T17:38:04.524+0000] {logging_mixin.py:149} INFO - [2023-08-27T17:38:04.524+0000] {dagbag.py:541} INFO - Filling up the DagBag from /home/airflow/.local/lib/python3.7/site-packages/airflow/example_dags/example_sensors.py
[2023-08-27T17:38:04.537+0000] {processor.py:836} INFO - DAG(s) dict_keys(['example_sensors']) retrieved from /home/airflow/.local/lib/python3.7/site-packages/airflow/example_dags/example_sensors.py
[2023-08-27T17:38:04.561+0000] {logging_mixin.py:149} INFO - [2023-08-27T17:38:04.561+0000] {dag.py:2726} INFO - Sync 1 DAGs
[2023-08-27T17:38:04.576+0000] {logging_mixin.py:149} INFO - [2023-08-27T17:38:04.576+0000] {dag.py:3490} INFO - Setting next_dagrun for example_sensors to None, run_after=None
[2023-08-27T17:38:04.586+0000] {processor.py:179} INFO - Processing /home/airflow/.local/lib/python3.7/site-packages/airflow/example_dags/example_sensors.py took 0.067 seconds
[2023-08-27T17:38:38.709+0000] {processor.py:157} INFO - Started process (PID=83320) to work on /home/airflow/.local/lib/python3.7/site-packages/airflow/example_dags/example_sensors.py
[2023-08-27T17:38:38.710+0000] {processor.py:826} INFO - Processing file /home/airflow/.local/lib/python3.7/site-packages/airflow/example_dags/example_sensors.py for tasks to queue
[2023-08-27T17:38:38.711+0000] {logging_mixin.py:149} INFO - [2023-08-27T17:38:38.711+0000] {dagbag.py:541} INFO - Filling up the DagBag from /home/airflow/.local/lib/python3.7/site-packages/airflow/example_dags/example_sensors.py
[2023-08-27T17:38:38.720+0000] {processor.py:836} INFO - DAG(s) dict_keys(['example_sensors']) retrieved from /home/airflow/.local/lib/python3.7/site-packages/airflow/example_dags/example_sensors.py
[2023-08-27T17:38:38.754+0000] {logging_mixin.py:149} INFO - [2023-08-27T17:38:38.754+0000] {dag.py:2726} INFO - Sync 1 DAGs
[2023-08-27T17:38:38.773+0000] {logging_mixin.py:149} INFO - [2023-08-27T17:38:38.773+0000] {dag.py:3490} INFO - Setting next_dagrun for example_sensors to None, run_after=None
[2023-08-27T17:38:38.784+0000] {processor.py:179} INFO - Processing /home/airflow/.local/lib/python3.7/site-packages/airflow/example_dags/example_sensors.py took 0.078 seconds
[2023-08-27T18:41:31.038+0000] {processor.py:157} INFO - Started process (PID=83379) to work on /home/airflow/.local/lib/python3.7/site-packages/airflow/example_dags/example_sensors.py
[2023-08-27T18:41:31.039+0000] {processor.py:826} INFO - Processing file /home/airflow/.local/lib/python3.7/site-packages/airflow/example_dags/example_sensors.py for tasks to queue
[2023-08-27T18:41:31.040+0000] {logging_mixin.py:149} INFO - [2023-08-27T18:41:31.040+0000] {dagbag.py:541} INFO - Filling up the DagBag from /home/airflow/.local/lib/python3.7/site-packages/airflow/example_dags/example_sensors.py
[2023-08-27T18:41:31.048+0000] {processor.py:836} INFO - DAG(s) dict_keys(['example_sensors']) retrieved from /home/airflow/.local/lib/python3.7/site-packages/airflow/example_dags/example_sensors.py
[2023-08-27T18:41:31.075+0000] {logging_mixin.py:149} INFO - [2023-08-27T18:41:31.074+0000] {dag.py:2726} INFO - Sync 1 DAGs
[2023-08-27T18:41:31.091+0000] {logging_mixin.py:149} INFO - [2023-08-27T18:41:31.091+0000] {dag.py:3490} INFO - Setting next_dagrun for example_sensors to None, run_after=None
[2023-08-27T18:41:31.104+0000] {processor.py:179} INFO - Processing /home/airflow/.local/lib/python3.7/site-packages/airflow/example_dags/example_sensors.py took 0.069 seconds
[2023-08-27T19:17:16.236+0000] {processor.py:157} INFO - Started process (PID=83445) to work on /home/airflow/.local/lib/python3.7/site-packages/airflow/example_dags/example_sensors.py
[2023-08-27T19:17:16.237+0000] {processor.py:826} INFO - Processing file /home/airflow/.local/lib/python3.7/site-packages/airflow/example_dags/example_sensors.py for tasks to queue
[2023-08-27T19:17:16.238+0000] {logging_mixin.py:149} INFO - [2023-08-27T19:17:16.238+0000] {dagbag.py:541} INFO - Filling up the DagBag from /home/airflow/.local/lib/python3.7/site-packages/airflow/example_dags/example_sensors.py
[2023-08-27T19:17:16.247+0000] {processor.py:836} INFO - DAG(s) dict_keys(['example_sensors']) retrieved from /home/airflow/.local/lib/python3.7/site-packages/airflow/example_dags/example_sensors.py
[2023-08-27T19:17:16.278+0000] {logging_mixin.py:149} INFO - [2023-08-27T19:17:16.278+0000] {dag.py:2726} INFO - Sync 1 DAGs
[2023-08-27T19:17:16.309+0000] {logging_mixin.py:149} INFO - [2023-08-27T19:17:16.309+0000] {dag.py:3490} INFO - Setting next_dagrun for example_sensors to None, run_after=None
[2023-08-27T19:17:16.337+0000] {processor.py:179} INFO - Processing /home/airflow/.local/lib/python3.7/site-packages/airflow/example_dags/example_sensors.py took 0.104 seconds
[2023-08-27T21:41:16.459+0000] {processor.py:157} INFO - Started process (PID=83511) to work on /home/airflow/.local/lib/python3.7/site-packages/airflow/example_dags/example_sensors.py
[2023-08-27T21:41:16.460+0000] {processor.py:826} INFO - Processing file /home/airflow/.local/lib/python3.7/site-packages/airflow/example_dags/example_sensors.py for tasks to queue
[2023-08-27T21:41:16.461+0000] {logging_mixin.py:149} INFO - [2023-08-27T21:41:16.461+0000] {dagbag.py:541} INFO - Filling up the DagBag from /home/airflow/.local/lib/python3.7/site-packages/airflow/example_dags/example_sensors.py
[2023-08-27T21:41:16.470+0000] {processor.py:836} INFO - DAG(s) dict_keys(['example_sensors']) retrieved from /home/airflow/.local/lib/python3.7/site-packages/airflow/example_dags/example_sensors.py
[2023-08-27T21:41:16.494+0000] {logging_mixin.py:149} INFO - [2023-08-27T21:41:16.494+0000] {dag.py:2726} INFO - Sync 1 DAGs
[2023-08-27T21:41:16.520+0000] {logging_mixin.py:149} INFO - [2023-08-27T21:41:16.520+0000] {dag.py:3490} INFO - Setting next_dagrun for example_sensors to None, run_after=None
[2023-08-27T21:41:16.534+0000] {processor.py:179} INFO - Processing /home/airflow/.local/lib/python3.7/site-packages/airflow/example_dags/example_sensors.py took 0.078 seconds
[2023-08-27T21:49:26.031+0000] {processor.py:157} INFO - Started process (PID=83578) to work on /home/airflow/.local/lib/python3.7/site-packages/airflow/example_dags/example_sensors.py
[2023-08-27T21:49:26.032+0000] {processor.py:826} INFO - Processing file /home/airflow/.local/lib/python3.7/site-packages/airflow/example_dags/example_sensors.py for tasks to queue
[2023-08-27T21:49:26.033+0000] {logging_mixin.py:149} INFO - [2023-08-27T21:49:26.033+0000] {dagbag.py:541} INFO - Filling up the DagBag from /home/airflow/.local/lib/python3.7/site-packages/airflow/example_dags/example_sensors.py
[2023-08-27T21:49:26.041+0000] {processor.py:836} INFO - DAG(s) dict_keys(['example_sensors']) retrieved from /home/airflow/.local/lib/python3.7/site-packages/airflow/example_dags/example_sensors.py
[2023-08-27T21:49:26.066+0000] {logging_mixin.py:149} INFO - [2023-08-27T21:49:26.066+0000] {dag.py:2726} INFO - Sync 1 DAGs
[2023-08-27T21:49:26.084+0000] {logging_mixin.py:149} INFO - [2023-08-27T21:49:26.084+0000] {dag.py:3490} INFO - Setting next_dagrun for example_sensors to None, run_after=None
[2023-08-27T21:49:26.103+0000] {processor.py:179} INFO - Processing /home/airflow/.local/lib/python3.7/site-packages/airflow/example_dags/example_sensors.py took 0.075 seconds
[2023-08-27T22:05:55.340+0000] {processor.py:157} INFO - Started process (PID=83644) to work on /home/airflow/.local/lib/python3.7/site-packages/airflow/example_dags/example_sensors.py
[2023-08-27T22:05:55.347+0000] {processor.py:826} INFO - Processing file /home/airflow/.local/lib/python3.7/site-packages/airflow/example_dags/example_sensors.py for tasks to queue
[2023-08-27T22:05:55.351+0000] {logging_mixin.py:149} INFO - [2023-08-27T22:05:55.351+0000] {dagbag.py:541} INFO - Filling up the DagBag from /home/airflow/.local/lib/python3.7/site-packages/airflow/example_dags/example_sensors.py
[2023-08-27T22:05:55.362+0000] {processor.py:836} INFO - DAG(s) dict_keys(['example_sensors']) retrieved from /home/airflow/.local/lib/python3.7/site-packages/airflow/example_dags/example_sensors.py
[2023-08-27T22:05:55.412+0000] {logging_mixin.py:149} INFO - [2023-08-27T22:05:55.411+0000] {dag.py:2726} INFO - Sync 1 DAGs
[2023-08-27T22:05:55.430+0000] {logging_mixin.py:149} INFO - [2023-08-27T22:05:55.430+0000] {dag.py:3490} INFO - Setting next_dagrun for example_sensors to None, run_after=None
[2023-08-27T22:05:55.456+0000] {processor.py:179} INFO - Processing /home/airflow/.local/lib/python3.7/site-packages/airflow/example_dags/example_sensors.py took 0.119 seconds
[2023-08-27T22:20:39.511+0000] {processor.py:157} INFO - Started process (PID=83710) to work on /home/airflow/.local/lib/python3.7/site-packages/airflow/example_dags/example_sensors.py
[2023-08-27T22:20:39.512+0000] {processor.py:826} INFO - Processing file /home/airflow/.local/lib/python3.7/site-packages/airflow/example_dags/example_sensors.py for tasks to queue
[2023-08-27T22:20:39.513+0000] {logging_mixin.py:149} INFO - [2023-08-27T22:20:39.513+0000] {dagbag.py:541} INFO - Filling up the DagBag from /home/airflow/.local/lib/python3.7/site-packages/airflow/example_dags/example_sensors.py
[2023-08-27T22:20:39.520+0000] {processor.py:836} INFO - DAG(s) dict_keys(['example_sensors']) retrieved from /home/airflow/.local/lib/python3.7/site-packages/airflow/example_dags/example_sensors.py
[2023-08-27T22:20:39.543+0000] {logging_mixin.py:149} INFO - [2023-08-27T22:20:39.543+0000] {dag.py:2726} INFO - Sync 1 DAGs
[2023-08-27T22:20:39.559+0000] {logging_mixin.py:149} INFO - [2023-08-27T22:20:39.559+0000] {dag.py:3490} INFO - Setting next_dagrun for example_sensors to None, run_after=None
[2023-08-27T22:20:39.570+0000] {processor.py:179} INFO - Processing /home/airflow/.local/lib/python3.7/site-packages/airflow/example_dags/example_sensors.py took 0.063 seconds
