[2023-08-27T00:38:34.317+0000] {processor.py:157} INFO - Started process (PID=82090) to work on /home/airflow/.local/lib/python3.7/site-packages/airflow/example_dags/example_skip_dag.py
[2023-08-27T00:38:34.318+0000] {processor.py:826} INFO - Processing file /home/airflow/.local/lib/python3.7/site-packages/airflow/example_dags/example_skip_dag.py for tasks to queue
[2023-08-27T00:38:34.318+0000] {logging_mixin.py:149} INFO - [2023-08-27T00:38:34.318+0000] {dagbag.py:541} INFO - Filling up the DagBag from /home/airflow/.local/lib/python3.7/site-packages/airflow/example_dags/example_skip_dag.py
[2023-08-27T00:38:34.329+0000] {processor.py:836} INFO - DAG(s) dict_keys(['example_skip_dag']) retrieved from /home/airflow/.local/lib/python3.7/site-packages/airflow/example_dags/example_skip_dag.py
[2023-08-27T00:38:34.353+0000] {logging_mixin.py:149} INFO - [2023-08-27T00:38:34.353+0000] {dag.py:2726} INFO - Sync 1 DAGs
[2023-08-27T00:38:34.371+0000] {logging_mixin.py:149} INFO - [2023-08-27T00:38:34.371+0000] {dag.py:3490} INFO - Setting next_dagrun for example_skip_dag to 2023-08-26T00:38:34.371323+00:00, run_after=2023-08-27T00:38:34.371323+00:00
[2023-08-27T00:38:34.383+0000] {processor.py:179} INFO - Processing /home/airflow/.local/lib/python3.7/site-packages/airflow/example_dags/example_skip_dag.py took 0.070 seconds
[2023-08-27T02:09:38.003+0000] {processor.py:157} INFO - Started process (PID=82156) to work on /home/airflow/.local/lib/python3.7/site-packages/airflow/example_dags/example_skip_dag.py
[2023-08-27T02:09:38.005+0000] {processor.py:826} INFO - Processing file /home/airflow/.local/lib/python3.7/site-packages/airflow/example_dags/example_skip_dag.py for tasks to queue
[2023-08-27T02:09:38.005+0000] {logging_mixin.py:149} INFO - [2023-08-27T02:09:38.005+0000] {dagbag.py:541} INFO - Filling up the DagBag from /home/airflow/.local/lib/python3.7/site-packages/airflow/example_dags/example_skip_dag.py
[2023-08-27T02:09:38.011+0000] {processor.py:836} INFO - DAG(s) dict_keys(['example_skip_dag']) retrieved from /home/airflow/.local/lib/python3.7/site-packages/airflow/example_dags/example_skip_dag.py
[2023-08-27T02:09:38.035+0000] {logging_mixin.py:149} INFO - [2023-08-27T02:09:38.035+0000] {dag.py:2726} INFO - Sync 1 DAGs
[2023-08-27T02:09:38.052+0000] {logging_mixin.py:149} INFO - [2023-08-27T02:09:38.052+0000] {dag.py:3490} INFO - Setting next_dagrun for example_skip_dag to 2023-08-26T02:09:38.052611+00:00, run_after=2023-08-27T02:09:38.052611+00:00
[2023-08-27T02:09:38.064+0000] {processor.py:179} INFO - Processing /home/airflow/.local/lib/python3.7/site-packages/airflow/example_dags/example_skip_dag.py took 0.065 seconds
[2023-08-27T04:15:57.992+0000] {processor.py:157} INFO - Started process (PID=82223) to work on /home/airflow/.local/lib/python3.7/site-packages/airflow/example_dags/example_skip_dag.py
[2023-08-27T04:15:57.994+0000] {processor.py:826} INFO - Processing file /home/airflow/.local/lib/python3.7/site-packages/airflow/example_dags/example_skip_dag.py for tasks to queue
[2023-08-27T04:15:57.994+0000] {logging_mixin.py:149} INFO - [2023-08-27T04:15:57.994+0000] {dagbag.py:541} INFO - Filling up the DagBag from /home/airflow/.local/lib/python3.7/site-packages/airflow/example_dags/example_skip_dag.py
[2023-08-27T04:15:58.001+0000] {processor.py:836} INFO - DAG(s) dict_keys(['example_skip_dag']) retrieved from /home/airflow/.local/lib/python3.7/site-packages/airflow/example_dags/example_skip_dag.py
[2023-08-27T04:15:58.027+0000] {logging_mixin.py:149} INFO - [2023-08-27T04:15:58.026+0000] {dag.py:2726} INFO - Sync 1 DAGs
[2023-08-27T04:15:58.048+0000] {logging_mixin.py:149} INFO - [2023-08-27T04:15:58.048+0000] {dag.py:3490} INFO - Setting next_dagrun for example_skip_dag to 2023-08-26T04:15:58.048607+00:00, run_after=2023-08-27T04:15:58.048607+00:00
[2023-08-27T04:15:58.071+0000] {processor.py:179} INFO - Processing /home/airflow/.local/lib/python3.7/site-packages/airflow/example_dags/example_skip_dag.py took 0.082 seconds
[2023-08-27T05:17:58.202+0000] {processor.py:157} INFO - Started process (PID=82289) to work on /home/airflow/.local/lib/python3.7/site-packages/airflow/example_dags/example_skip_dag.py
[2023-08-27T05:17:58.206+0000] {processor.py:826} INFO - Processing file /home/airflow/.local/lib/python3.7/site-packages/airflow/example_dags/example_skip_dag.py for tasks to queue
[2023-08-27T05:17:58.207+0000] {logging_mixin.py:149} INFO - [2023-08-27T05:17:58.207+0000] {dagbag.py:541} INFO - Filling up the DagBag from /home/airflow/.local/lib/python3.7/site-packages/airflow/example_dags/example_skip_dag.py
[2023-08-27T05:17:58.213+0000] {processor.py:836} INFO - DAG(s) dict_keys(['example_skip_dag']) retrieved from /home/airflow/.local/lib/python3.7/site-packages/airflow/example_dags/example_skip_dag.py
[2023-08-27T05:17:58.241+0000] {logging_mixin.py:149} INFO - [2023-08-27T05:17:58.241+0000] {dag.py:2726} INFO - Sync 1 DAGs
[2023-08-27T05:17:58.258+0000] {logging_mixin.py:149} INFO - [2023-08-27T05:17:58.258+0000] {dag.py:3490} INFO - Setting next_dagrun for example_skip_dag to 2023-08-26T05:17:58.258561+00:00, run_after=2023-08-27T05:17:58.258561+00:00
[2023-08-27T05:17:58.275+0000] {processor.py:179} INFO - Processing /home/airflow/.local/lib/python3.7/site-packages/airflow/example_dags/example_skip_dag.py took 0.076 seconds
[2023-08-27T06:52:21.429+0000] {processor.py:157} INFO - Started process (PID=82356) to work on /home/airflow/.local/lib/python3.7/site-packages/airflow/example_dags/example_skip_dag.py
[2023-08-27T06:52:21.430+0000] {processor.py:826} INFO - Processing file /home/airflow/.local/lib/python3.7/site-packages/airflow/example_dags/example_skip_dag.py for tasks to queue
[2023-08-27T06:52:21.430+0000] {logging_mixin.py:149} INFO - [2023-08-27T06:52:21.430+0000] {dagbag.py:541} INFO - Filling up the DagBag from /home/airflow/.local/lib/python3.7/site-packages/airflow/example_dags/example_skip_dag.py
[2023-08-27T06:52:21.437+0000] {processor.py:836} INFO - DAG(s) dict_keys(['example_skip_dag']) retrieved from /home/airflow/.local/lib/python3.7/site-packages/airflow/example_dags/example_skip_dag.py
[2023-08-27T06:52:21.460+0000] {logging_mixin.py:149} INFO - [2023-08-27T06:52:21.460+0000] {dag.py:2726} INFO - Sync 1 DAGs
[2023-08-27T06:52:21.477+0000] {logging_mixin.py:149} INFO - [2023-08-27T06:52:21.476+0000] {dag.py:3490} INFO - Setting next_dagrun for example_skip_dag to 2023-08-26T06:52:21.476742+00:00, run_after=2023-08-27T06:52:21.476742+00:00
[2023-08-27T06:52:21.487+0000] {processor.py:179} INFO - Processing /home/airflow/.local/lib/python3.7/site-packages/airflow/example_dags/example_skip_dag.py took 0.062 seconds
[2023-08-27T11:05:26.557+0000] {processor.py:157} INFO - Started process (PID=82422) to work on /home/airflow/.local/lib/python3.7/site-packages/airflow/example_dags/example_skip_dag.py
[2023-08-27T11:05:26.560+0000] {processor.py:826} INFO - Processing file /home/airflow/.local/lib/python3.7/site-packages/airflow/example_dags/example_skip_dag.py for tasks to queue
[2023-08-27T11:05:26.560+0000] {logging_mixin.py:149} INFO - [2023-08-27T11:05:26.560+0000] {dagbag.py:541} INFO - Filling up the DagBag from /home/airflow/.local/lib/python3.7/site-packages/airflow/example_dags/example_skip_dag.py
[2023-08-27T11:05:26.566+0000] {processor.py:836} INFO - DAG(s) dict_keys(['example_skip_dag']) retrieved from /home/airflow/.local/lib/python3.7/site-packages/airflow/example_dags/example_skip_dag.py
[2023-08-27T11:05:26.592+0000] {logging_mixin.py:149} INFO - [2023-08-27T11:05:26.591+0000] {dag.py:2726} INFO - Sync 1 DAGs
[2023-08-27T11:05:26.617+0000] {logging_mixin.py:149} INFO - [2023-08-27T11:05:26.617+0000] {dag.py:3490} INFO - Setting next_dagrun for example_skip_dag to 2023-08-26T11:05:26.617523+00:00, run_after=2023-08-27T11:05:26.617523+00:00
[2023-08-27T11:05:26.638+0000] {processor.py:179} INFO - Processing /home/airflow/.local/lib/python3.7/site-packages/airflow/example_dags/example_skip_dag.py took 0.084 seconds
[2023-08-27T13:53:22.809+0000] {processor.py:157} INFO - Started process (PID=82488) to work on /home/airflow/.local/lib/python3.7/site-packages/airflow/example_dags/example_skip_dag.py
[2023-08-27T13:53:22.811+0000] {processor.py:826} INFO - Processing file /home/airflow/.local/lib/python3.7/site-packages/airflow/example_dags/example_skip_dag.py for tasks to queue
[2023-08-27T13:53:22.812+0000] {logging_mixin.py:149} INFO - [2023-08-27T13:53:22.811+0000] {dagbag.py:541} INFO - Filling up the DagBag from /home/airflow/.local/lib/python3.7/site-packages/airflow/example_dags/example_skip_dag.py
[2023-08-27T13:53:22.824+0000] {processor.py:836} INFO - DAG(s) dict_keys(['example_skip_dag']) retrieved from /home/airflow/.local/lib/python3.7/site-packages/airflow/example_dags/example_skip_dag.py
[2023-08-27T13:53:22.849+0000] {logging_mixin.py:149} INFO - [2023-08-27T13:53:22.849+0000] {dag.py:2726} INFO - Sync 1 DAGs
[2023-08-27T13:53:22.869+0000] {logging_mixin.py:149} INFO - [2023-08-27T13:53:22.869+0000] {dag.py:3490} INFO - Setting next_dagrun for example_skip_dag to 2023-08-26T13:53:22.869295+00:00, run_after=2023-08-27T13:53:22.869295+00:00
[2023-08-27T13:53:22.881+0000] {processor.py:179} INFO - Processing /home/airflow/.local/lib/python3.7/site-packages/airflow/example_dags/example_skip_dag.py took 0.075 seconds
[2023-08-27T13:56:36.145+0000] {processor.py:157} INFO - Started process (PID=82554) to work on /home/airflow/.local/lib/python3.7/site-packages/airflow/example_dags/example_skip_dag.py
[2023-08-27T13:56:36.146+0000] {processor.py:826} INFO - Processing file /home/airflow/.local/lib/python3.7/site-packages/airflow/example_dags/example_skip_dag.py for tasks to queue
[2023-08-27T13:56:36.148+0000] {logging_mixin.py:149} INFO - [2023-08-27T13:56:36.148+0000] {dagbag.py:541} INFO - Filling up the DagBag from /home/airflow/.local/lib/python3.7/site-packages/airflow/example_dags/example_skip_dag.py
[2023-08-27T13:56:36.156+0000] {processor.py:836} INFO - DAG(s) dict_keys(['example_skip_dag']) retrieved from /home/airflow/.local/lib/python3.7/site-packages/airflow/example_dags/example_skip_dag.py
[2023-08-27T13:56:36.179+0000] {logging_mixin.py:149} INFO - [2023-08-27T13:56:36.179+0000] {dag.py:2726} INFO - Sync 1 DAGs
[2023-08-27T13:56:36.198+0000] {logging_mixin.py:149} INFO - [2023-08-27T13:56:36.198+0000] {dag.py:3490} INFO - Setting next_dagrun for example_skip_dag to 2023-08-26T13:56:36.198281+00:00, run_after=2023-08-27T13:56:36.198281+00:00
[2023-08-27T13:56:36.217+0000] {processor.py:179} INFO - Processing /home/airflow/.local/lib/python3.7/site-packages/airflow/example_dags/example_skip_dag.py took 0.075 seconds
[2023-08-27T14:25:12.796+0000] {processor.py:157} INFO - Started process (PID=82619) to work on /home/airflow/.local/lib/python3.7/site-packages/airflow/example_dags/example_skip_dag.py
[2023-08-27T14:25:12.797+0000] {processor.py:826} INFO - Processing file /home/airflow/.local/lib/python3.7/site-packages/airflow/example_dags/example_skip_dag.py for tasks to queue
[2023-08-27T14:25:12.800+0000] {logging_mixin.py:149} INFO - [2023-08-27T14:25:12.800+0000] {dagbag.py:541} INFO - Filling up the DagBag from /home/airflow/.local/lib/python3.7/site-packages/airflow/example_dags/example_skip_dag.py
[2023-08-27T14:25:12.815+0000] {processor.py:836} INFO - DAG(s) dict_keys(['example_skip_dag']) retrieved from /home/airflow/.local/lib/python3.7/site-packages/airflow/example_dags/example_skip_dag.py
[2023-08-27T14:25:12.836+0000] {logging_mixin.py:149} INFO - [2023-08-27T14:25:12.836+0000] {dag.py:2726} INFO - Sync 1 DAGs
[2023-08-27T14:25:12.854+0000] {logging_mixin.py:149} INFO - [2023-08-27T14:25:12.854+0000] {dag.py:3490} INFO - Setting next_dagrun for example_skip_dag to 2023-08-26T14:25:12.853870+00:00, run_after=2023-08-27T14:25:12.853870+00:00
[2023-08-27T14:25:12.865+0000] {processor.py:179} INFO - Processing /home/airflow/.local/lib/python3.7/site-packages/airflow/example_dags/example_skip_dag.py took 0.072 seconds
[2023-08-27T17:32:59.296+0000] {processor.py:157} INFO - Started process (PID=82685) to work on /home/airflow/.local/lib/python3.7/site-packages/airflow/example_dags/example_skip_dag.py
[2023-08-27T17:32:59.297+0000] {processor.py:826} INFO - Processing file /home/airflow/.local/lib/python3.7/site-packages/airflow/example_dags/example_skip_dag.py for tasks to queue
[2023-08-27T17:32:59.299+0000] {logging_mixin.py:149} INFO - [2023-08-27T17:32:59.299+0000] {dagbag.py:541} INFO - Filling up the DagBag from /home/airflow/.local/lib/python3.7/site-packages/airflow/example_dags/example_skip_dag.py
[2023-08-27T17:32:59.311+0000] {processor.py:836} INFO - DAG(s) dict_keys(['example_skip_dag']) retrieved from /home/airflow/.local/lib/python3.7/site-packages/airflow/example_dags/example_skip_dag.py
[2023-08-27T17:32:59.335+0000] {logging_mixin.py:149} INFO - [2023-08-27T17:32:59.335+0000] {dag.py:2726} INFO - Sync 1 DAGs
[2023-08-27T17:32:59.359+0000] {logging_mixin.py:149} INFO - [2023-08-27T17:32:59.359+0000] {dag.py:3490} INFO - Setting next_dagrun for example_skip_dag to 2023-08-26T17:32:59.358993+00:00, run_after=2023-08-27T17:32:59.358993+00:00
[2023-08-27T17:32:59.378+0000] {processor.py:179} INFO - Processing /home/airflow/.local/lib/python3.7/site-packages/airflow/example_dags/example_skip_dag.py took 0.086 seconds
[2023-08-27T17:33:32.494+0000] {processor.py:157} INFO - Started process (PID=82757) to work on /home/airflow/.local/lib/python3.7/site-packages/airflow/example_dags/example_skip_dag.py
[2023-08-27T17:33:32.496+0000] {processor.py:826} INFO - Processing file /home/airflow/.local/lib/python3.7/site-packages/airflow/example_dags/example_skip_dag.py for tasks to queue
[2023-08-27T17:33:32.497+0000] {logging_mixin.py:149} INFO - [2023-08-27T17:33:32.497+0000] {dagbag.py:541} INFO - Filling up the DagBag from /home/airflow/.local/lib/python3.7/site-packages/airflow/example_dags/example_skip_dag.py
[2023-08-27T17:33:32.504+0000] {processor.py:836} INFO - DAG(s) dict_keys(['example_skip_dag']) retrieved from /home/airflow/.local/lib/python3.7/site-packages/airflow/example_dags/example_skip_dag.py
[2023-08-27T17:33:32.524+0000] {logging_mixin.py:149} INFO - [2023-08-27T17:33:32.524+0000] {dag.py:2726} INFO - Sync 1 DAGs
[2023-08-27T17:33:32.540+0000] {logging_mixin.py:149} INFO - [2023-08-27T17:33:32.540+0000] {dag.py:3490} INFO - Setting next_dagrun for example_skip_dag to 2023-08-26T17:33:32.540017+00:00, run_after=2023-08-27T17:33:32.540017+00:00
[2023-08-27T17:33:32.555+0000] {processor.py:179} INFO - Processing /home/airflow/.local/lib/python3.7/site-packages/airflow/example_dags/example_skip_dag.py took 0.064 seconds
[2023-08-27T17:34:06.769+0000] {processor.py:157} INFO - Started process (PID=82823) to work on /home/airflow/.local/lib/python3.7/site-packages/airflow/example_dags/example_skip_dag.py
[2023-08-27T17:34:06.770+0000] {processor.py:826} INFO - Processing file /home/airflow/.local/lib/python3.7/site-packages/airflow/example_dags/example_skip_dag.py for tasks to queue
[2023-08-27T17:34:06.771+0000] {logging_mixin.py:149} INFO - [2023-08-27T17:34:06.771+0000] {dagbag.py:541} INFO - Filling up the DagBag from /home/airflow/.local/lib/python3.7/site-packages/airflow/example_dags/example_skip_dag.py
[2023-08-27T17:34:06.778+0000] {processor.py:836} INFO - DAG(s) dict_keys(['example_skip_dag']) retrieved from /home/airflow/.local/lib/python3.7/site-packages/airflow/example_dags/example_skip_dag.py
[2023-08-27T17:34:06.809+0000] {logging_mixin.py:149} INFO - [2023-08-27T17:34:06.808+0000] {dag.py:2726} INFO - Sync 1 DAGs
[2023-08-27T17:34:06.831+0000] {logging_mixin.py:149} INFO - [2023-08-27T17:34:06.831+0000] {dag.py:3490} INFO - Setting next_dagrun for example_skip_dag to 2023-08-26T17:34:06.831035+00:00, run_after=2023-08-27T17:34:06.831035+00:00
[2023-08-27T17:34:06.841+0000] {processor.py:179} INFO - Processing /home/airflow/.local/lib/python3.7/site-packages/airflow/example_dags/example_skip_dag.py took 0.079 seconds
[2023-08-27T17:34:41.306+0000] {processor.py:157} INFO - Started process (PID=82889) to work on /home/airflow/.local/lib/python3.7/site-packages/airflow/example_dags/example_skip_dag.py
[2023-08-27T17:34:41.308+0000] {processor.py:826} INFO - Processing file /home/airflow/.local/lib/python3.7/site-packages/airflow/example_dags/example_skip_dag.py for tasks to queue
[2023-08-27T17:34:41.309+0000] {logging_mixin.py:149} INFO - [2023-08-27T17:34:41.309+0000] {dagbag.py:541} INFO - Filling up the DagBag from /home/airflow/.local/lib/python3.7/site-packages/airflow/example_dags/example_skip_dag.py
[2023-08-27T17:34:41.323+0000] {processor.py:836} INFO - DAG(s) dict_keys(['example_skip_dag']) retrieved from /home/airflow/.local/lib/python3.7/site-packages/airflow/example_dags/example_skip_dag.py
[2023-08-27T17:34:41.354+0000] {logging_mixin.py:149} INFO - [2023-08-27T17:34:41.354+0000] {dag.py:2726} INFO - Sync 1 DAGs
[2023-08-27T17:34:41.386+0000] {logging_mixin.py:149} INFO - [2023-08-27T17:34:41.386+0000] {dag.py:3490} INFO - Setting next_dagrun for example_skip_dag to 2023-08-26T17:34:41.385996+00:00, run_after=2023-08-27T17:34:41.385996+00:00
[2023-08-27T17:34:41.416+0000] {processor.py:179} INFO - Processing /home/airflow/.local/lib/python3.7/site-packages/airflow/example_dags/example_skip_dag.py took 0.119 seconds
[2023-08-27T17:35:15.488+0000] {processor.py:157} INFO - Started process (PID=82955) to work on /home/airflow/.local/lib/python3.7/site-packages/airflow/example_dags/example_skip_dag.py
[2023-08-27T17:35:15.492+0000] {processor.py:826} INFO - Processing file /home/airflow/.local/lib/python3.7/site-packages/airflow/example_dags/example_skip_dag.py for tasks to queue
[2023-08-27T17:35:15.493+0000] {logging_mixin.py:149} INFO - [2023-08-27T17:35:15.493+0000] {dagbag.py:541} INFO - Filling up the DagBag from /home/airflow/.local/lib/python3.7/site-packages/airflow/example_dags/example_skip_dag.py
[2023-08-27T17:35:15.504+0000] {processor.py:836} INFO - DAG(s) dict_keys(['example_skip_dag']) retrieved from /home/airflow/.local/lib/python3.7/site-packages/airflow/example_dags/example_skip_dag.py
[2023-08-27T17:35:15.537+0000] {logging_mixin.py:149} INFO - [2023-08-27T17:35:15.537+0000] {dag.py:2726} INFO - Sync 1 DAGs
[2023-08-27T17:35:15.569+0000] {logging_mixin.py:149} INFO - [2023-08-27T17:35:15.569+0000] {dag.py:3490} INFO - Setting next_dagrun for example_skip_dag to 2023-08-26T17:35:15.569401+00:00, run_after=2023-08-27T17:35:15.569401+00:00
[2023-08-27T17:35:15.596+0000] {processor.py:179} INFO - Processing /home/airflow/.local/lib/python3.7/site-packages/airflow/example_dags/example_skip_dag.py took 0.113 seconds
[2023-08-27T17:35:50.095+0000] {processor.py:157} INFO - Started process (PID=83022) to work on /home/airflow/.local/lib/python3.7/site-packages/airflow/example_dags/example_skip_dag.py
[2023-08-27T17:35:50.096+0000] {processor.py:826} INFO - Processing file /home/airflow/.local/lib/python3.7/site-packages/airflow/example_dags/example_skip_dag.py for tasks to queue
[2023-08-27T17:35:50.097+0000] {logging_mixin.py:149} INFO - [2023-08-27T17:35:50.097+0000] {dagbag.py:541} INFO - Filling up the DagBag from /home/airflow/.local/lib/python3.7/site-packages/airflow/example_dags/example_skip_dag.py
[2023-08-27T17:35:50.105+0000] {processor.py:836} INFO - DAG(s) dict_keys(['example_skip_dag']) retrieved from /home/airflow/.local/lib/python3.7/site-packages/airflow/example_dags/example_skip_dag.py
[2023-08-27T17:35:50.124+0000] {logging_mixin.py:149} INFO - [2023-08-27T17:35:50.124+0000] {dag.py:2726} INFO - Sync 1 DAGs
[2023-08-27T17:35:50.140+0000] {logging_mixin.py:149} INFO - [2023-08-27T17:35:50.140+0000] {dag.py:3490} INFO - Setting next_dagrun for example_skip_dag to 2023-08-26T17:35:50.140296+00:00, run_after=2023-08-27T17:35:50.140296+00:00
[2023-08-27T17:35:50.152+0000] {processor.py:179} INFO - Processing /home/airflow/.local/lib/python3.7/site-packages/airflow/example_dags/example_skip_dag.py took 0.060 seconds
[2023-08-27T17:36:24.648+0000] {processor.py:157} INFO - Started process (PID=83088) to work on /home/airflow/.local/lib/python3.7/site-packages/airflow/example_dags/example_skip_dag.py
[2023-08-27T17:36:24.651+0000] {processor.py:826} INFO - Processing file /home/airflow/.local/lib/python3.7/site-packages/airflow/example_dags/example_skip_dag.py for tasks to queue
[2023-08-27T17:36:24.652+0000] {logging_mixin.py:149} INFO - [2023-08-27T17:36:24.652+0000] {dagbag.py:541} INFO - Filling up the DagBag from /home/airflow/.local/lib/python3.7/site-packages/airflow/example_dags/example_skip_dag.py
[2023-08-27T17:36:24.659+0000] {processor.py:836} INFO - DAG(s) dict_keys(['example_skip_dag']) retrieved from /home/airflow/.local/lib/python3.7/site-packages/airflow/example_dags/example_skip_dag.py
[2023-08-27T17:36:24.690+0000] {logging_mixin.py:149} INFO - [2023-08-27T17:36:24.690+0000] {dag.py:2726} INFO - Sync 1 DAGs
[2023-08-27T17:36:24.707+0000] {logging_mixin.py:149} INFO - [2023-08-27T17:36:24.707+0000] {dag.py:3490} INFO - Setting next_dagrun for example_skip_dag to 2023-08-26T17:36:24.706790+00:00, run_after=2023-08-27T17:36:24.706790+00:00
[2023-08-27T17:36:24.717+0000] {processor.py:179} INFO - Processing /home/airflow/.local/lib/python3.7/site-packages/airflow/example_dags/example_skip_dag.py took 0.075 seconds
[2023-08-27T17:36:57.906+0000] {processor.py:157} INFO - Started process (PID=83154) to work on /home/airflow/.local/lib/python3.7/site-packages/airflow/example_dags/example_skip_dag.py
[2023-08-27T17:36:57.907+0000] {processor.py:826} INFO - Processing file /home/airflow/.local/lib/python3.7/site-packages/airflow/example_dags/example_skip_dag.py for tasks to queue
[2023-08-27T17:36:57.907+0000] {logging_mixin.py:149} INFO - [2023-08-27T17:36:57.907+0000] {dagbag.py:541} INFO - Filling up the DagBag from /home/airflow/.local/lib/python3.7/site-packages/airflow/example_dags/example_skip_dag.py
[2023-08-27T17:36:57.915+0000] {processor.py:836} INFO - DAG(s) dict_keys(['example_skip_dag']) retrieved from /home/airflow/.local/lib/python3.7/site-packages/airflow/example_dags/example_skip_dag.py
[2023-08-27T17:36:57.939+0000] {logging_mixin.py:149} INFO - [2023-08-27T17:36:57.939+0000] {dag.py:2726} INFO - Sync 1 DAGs
[2023-08-27T17:36:57.956+0000] {logging_mixin.py:149} INFO - [2023-08-27T17:36:57.956+0000] {dag.py:3490} INFO - Setting next_dagrun for example_skip_dag to 2023-08-26T17:36:57.956639+00:00, run_after=2023-08-27T17:36:57.956639+00:00
[2023-08-27T17:36:57.972+0000] {processor.py:179} INFO - Processing /home/airflow/.local/lib/python3.7/site-packages/airflow/example_dags/example_skip_dag.py took 0.069 seconds
[2023-08-27T17:37:32.272+0000] {processor.py:157} INFO - Started process (PID=83227) to work on /home/airflow/.local/lib/python3.7/site-packages/airflow/example_dags/example_skip_dag.py
[2023-08-27T17:37:32.274+0000] {processor.py:826} INFO - Processing file /home/airflow/.local/lib/python3.7/site-packages/airflow/example_dags/example_skip_dag.py for tasks to queue
[2023-08-27T17:37:32.274+0000] {logging_mixin.py:149} INFO - [2023-08-27T17:37:32.274+0000] {dagbag.py:541} INFO - Filling up the DagBag from /home/airflow/.local/lib/python3.7/site-packages/airflow/example_dags/example_skip_dag.py
[2023-08-27T17:37:32.293+0000] {processor.py:836} INFO - DAG(s) dict_keys(['example_skip_dag']) retrieved from /home/airflow/.local/lib/python3.7/site-packages/airflow/example_dags/example_skip_dag.py
[2023-08-27T17:37:32.321+0000] {logging_mixin.py:149} INFO - [2023-08-27T17:37:32.321+0000] {dag.py:2726} INFO - Sync 1 DAGs
[2023-08-27T17:37:32.345+0000] {logging_mixin.py:149} INFO - [2023-08-27T17:37:32.345+0000] {dag.py:3490} INFO - Setting next_dagrun for example_skip_dag to 2023-08-26T17:37:32.345330+00:00, run_after=2023-08-27T17:37:32.345330+00:00
[2023-08-27T17:37:32.358+0000] {processor.py:179} INFO - Processing /home/airflow/.local/lib/python3.7/site-packages/airflow/example_dags/example_skip_dag.py took 0.089 seconds
[2023-08-27T17:38:06.712+0000] {processor.py:157} INFO - Started process (PID=83293) to work on /home/airflow/.local/lib/python3.7/site-packages/airflow/example_dags/example_skip_dag.py
[2023-08-27T17:38:06.713+0000] {processor.py:826} INFO - Processing file /home/airflow/.local/lib/python3.7/site-packages/airflow/example_dags/example_skip_dag.py for tasks to queue
[2023-08-27T17:38:06.714+0000] {logging_mixin.py:149} INFO - [2023-08-27T17:38:06.714+0000] {dagbag.py:541} INFO - Filling up the DagBag from /home/airflow/.local/lib/python3.7/site-packages/airflow/example_dags/example_skip_dag.py
[2023-08-27T17:38:06.720+0000] {processor.py:836} INFO - DAG(s) dict_keys(['example_skip_dag']) retrieved from /home/airflow/.local/lib/python3.7/site-packages/airflow/example_dags/example_skip_dag.py
[2023-08-27T17:38:06.743+0000] {logging_mixin.py:149} INFO - [2023-08-27T17:38:06.743+0000] {dag.py:2726} INFO - Sync 1 DAGs
[2023-08-27T17:38:06.760+0000] {logging_mixin.py:149} INFO - [2023-08-27T17:38:06.760+0000] {dag.py:3490} INFO - Setting next_dagrun for example_skip_dag to 2023-08-26T17:38:06.760108+00:00, run_after=2023-08-27T17:38:06.760108+00:00
[2023-08-27T17:38:06.772+0000] {processor.py:179} INFO - Processing /home/airflow/.local/lib/python3.7/site-packages/airflow/example_dags/example_skip_dag.py took 0.064 seconds
[2023-08-27T17:38:40.752+0000] {processor.py:157} INFO - Started process (PID=83359) to work on /home/airflow/.local/lib/python3.7/site-packages/airflow/example_dags/example_skip_dag.py
[2023-08-27T17:38:40.753+0000] {processor.py:826} INFO - Processing file /home/airflow/.local/lib/python3.7/site-packages/airflow/example_dags/example_skip_dag.py for tasks to queue
[2023-08-27T17:38:40.754+0000] {logging_mixin.py:149} INFO - [2023-08-27T17:38:40.754+0000] {dagbag.py:541} INFO - Filling up the DagBag from /home/airflow/.local/lib/python3.7/site-packages/airflow/example_dags/example_skip_dag.py
[2023-08-27T17:38:40.760+0000] {processor.py:836} INFO - DAG(s) dict_keys(['example_skip_dag']) retrieved from /home/airflow/.local/lib/python3.7/site-packages/airflow/example_dags/example_skip_dag.py
[2023-08-27T17:38:40.783+0000] {logging_mixin.py:149} INFO - [2023-08-27T17:38:40.783+0000] {dag.py:2726} INFO - Sync 1 DAGs
[2023-08-27T17:38:40.801+0000] {logging_mixin.py:149} INFO - [2023-08-27T17:38:40.800+0000] {dag.py:3490} INFO - Setting next_dagrun for example_skip_dag to 2023-08-26T17:38:40.800640+00:00, run_after=2023-08-27T17:38:40.800640+00:00
[2023-08-27T17:38:40.812+0000] {processor.py:179} INFO - Processing /home/airflow/.local/lib/python3.7/site-packages/airflow/example_dags/example_skip_dag.py took 0.063 seconds
[2023-08-27T18:41:33.215+0000] {processor.py:157} INFO - Started process (PID=83418) to work on /home/airflow/.local/lib/python3.7/site-packages/airflow/example_dags/example_skip_dag.py
[2023-08-27T18:41:33.216+0000] {processor.py:826} INFO - Processing file /home/airflow/.local/lib/python3.7/site-packages/airflow/example_dags/example_skip_dag.py for tasks to queue
[2023-08-27T18:41:33.217+0000] {logging_mixin.py:149} INFO - [2023-08-27T18:41:33.217+0000] {dagbag.py:541} INFO - Filling up the DagBag from /home/airflow/.local/lib/python3.7/site-packages/airflow/example_dags/example_skip_dag.py
[2023-08-27T18:41:33.223+0000] {processor.py:836} INFO - DAG(s) dict_keys(['example_skip_dag']) retrieved from /home/airflow/.local/lib/python3.7/site-packages/airflow/example_dags/example_skip_dag.py
[2023-08-27T18:41:33.249+0000] {logging_mixin.py:149} INFO - [2023-08-27T18:41:33.249+0000] {dag.py:2726} INFO - Sync 1 DAGs
[2023-08-27T18:41:33.267+0000] {logging_mixin.py:149} INFO - [2023-08-27T18:41:33.267+0000] {dag.py:3490} INFO - Setting next_dagrun for example_skip_dag to 2023-08-26T18:41:33.267000+00:00, run_after=2023-08-27T18:41:33.267000+00:00
[2023-08-27T18:41:33.280+0000] {processor.py:179} INFO - Processing /home/airflow/.local/lib/python3.7/site-packages/airflow/example_dags/example_skip_dag.py took 0.068 seconds
[2023-08-27T19:17:18.401+0000] {processor.py:157} INFO - Started process (PID=83484) to work on /home/airflow/.local/lib/python3.7/site-packages/airflow/example_dags/example_skip_dag.py
[2023-08-27T19:17:18.402+0000] {processor.py:826} INFO - Processing file /home/airflow/.local/lib/python3.7/site-packages/airflow/example_dags/example_skip_dag.py for tasks to queue
[2023-08-27T19:17:18.403+0000] {logging_mixin.py:149} INFO - [2023-08-27T19:17:18.403+0000] {dagbag.py:541} INFO - Filling up the DagBag from /home/airflow/.local/lib/python3.7/site-packages/airflow/example_dags/example_skip_dag.py
[2023-08-27T19:17:18.410+0000] {processor.py:836} INFO - DAG(s) dict_keys(['example_skip_dag']) retrieved from /home/airflow/.local/lib/python3.7/site-packages/airflow/example_dags/example_skip_dag.py
[2023-08-27T19:17:18.431+0000] {logging_mixin.py:149} INFO - [2023-08-27T19:17:18.431+0000] {dag.py:2726} INFO - Sync 1 DAGs
[2023-08-27T19:17:18.447+0000] {logging_mixin.py:149} INFO - [2023-08-27T19:17:18.446+0000] {dag.py:3490} INFO - Setting next_dagrun for example_skip_dag to 2023-08-26T19:17:18.446715+00:00, run_after=2023-08-27T19:17:18.446715+00:00
[2023-08-27T19:17:18.463+0000] {processor.py:179} INFO - Processing /home/airflow/.local/lib/python3.7/site-packages/airflow/example_dags/example_skip_dag.py took 0.065 seconds
[2023-08-27T21:41:19.056+0000] {processor.py:157} INFO - Started process (PID=83550) to work on /home/airflow/.local/lib/python3.7/site-packages/airflow/example_dags/example_skip_dag.py
[2023-08-27T21:41:19.057+0000] {processor.py:826} INFO - Processing file /home/airflow/.local/lib/python3.7/site-packages/airflow/example_dags/example_skip_dag.py for tasks to queue
[2023-08-27T21:41:19.058+0000] {logging_mixin.py:149} INFO - [2023-08-27T21:41:19.058+0000] {dagbag.py:541} INFO - Filling up the DagBag from /home/airflow/.local/lib/python3.7/site-packages/airflow/example_dags/example_skip_dag.py
[2023-08-27T21:41:19.064+0000] {processor.py:836} INFO - DAG(s) dict_keys(['example_skip_dag']) retrieved from /home/airflow/.local/lib/python3.7/site-packages/airflow/example_dags/example_skip_dag.py
[2023-08-27T21:41:19.085+0000] {logging_mixin.py:149} INFO - [2023-08-27T21:41:19.085+0000] {dag.py:2726} INFO - Sync 1 DAGs
[2023-08-27T21:41:19.103+0000] {logging_mixin.py:149} INFO - [2023-08-27T21:41:19.103+0000] {dag.py:3490} INFO - Setting next_dagrun for example_skip_dag to 2023-08-26T21:41:19.103027+00:00, run_after=2023-08-27T21:41:19.103027+00:00
[2023-08-27T21:41:19.114+0000] {processor.py:179} INFO - Processing /home/airflow/.local/lib/python3.7/site-packages/airflow/example_dags/example_skip_dag.py took 0.061 seconds
[2023-08-27T21:49:28.765+0000] {processor.py:157} INFO - Started process (PID=83617) to work on /home/airflow/.local/lib/python3.7/site-packages/airflow/example_dags/example_skip_dag.py
[2023-08-27T21:49:28.766+0000] {processor.py:826} INFO - Processing file /home/airflow/.local/lib/python3.7/site-packages/airflow/example_dags/example_skip_dag.py for tasks to queue
[2023-08-27T21:49:28.767+0000] {logging_mixin.py:149} INFO - [2023-08-27T21:49:28.767+0000] {dagbag.py:541} INFO - Filling up the DagBag from /home/airflow/.local/lib/python3.7/site-packages/airflow/example_dags/example_skip_dag.py
[2023-08-27T21:49:28.774+0000] {processor.py:836} INFO - DAG(s) dict_keys(['example_skip_dag']) retrieved from /home/airflow/.local/lib/python3.7/site-packages/airflow/example_dags/example_skip_dag.py
[2023-08-27T21:49:28.804+0000] {logging_mixin.py:149} INFO - [2023-08-27T21:49:28.804+0000] {dag.py:2726} INFO - Sync 1 DAGs
[2023-08-27T21:49:28.821+0000] {logging_mixin.py:149} INFO - [2023-08-27T21:49:28.821+0000] {dag.py:3490} INFO - Setting next_dagrun for example_skip_dag to 2023-08-26T21:49:28.821121+00:00, run_after=2023-08-27T21:49:28.821121+00:00
[2023-08-27T21:49:28.841+0000] {processor.py:179} INFO - Processing /home/airflow/.local/lib/python3.7/site-packages/airflow/example_dags/example_skip_dag.py took 0.080 seconds
[2023-08-27T22:05:58.013+0000] {processor.py:157} INFO - Started process (PID=83683) to work on /home/airflow/.local/lib/python3.7/site-packages/airflow/example_dags/example_skip_dag.py
[2023-08-27T22:05:58.014+0000] {processor.py:826} INFO - Processing file /home/airflow/.local/lib/python3.7/site-packages/airflow/example_dags/example_skip_dag.py for tasks to queue
[2023-08-27T22:05:58.015+0000] {logging_mixin.py:149} INFO - [2023-08-27T22:05:58.015+0000] {dagbag.py:541} INFO - Filling up the DagBag from /home/airflow/.local/lib/python3.7/site-packages/airflow/example_dags/example_skip_dag.py
[2023-08-27T22:05:58.028+0000] {processor.py:836} INFO - DAG(s) dict_keys(['example_skip_dag']) retrieved from /home/airflow/.local/lib/python3.7/site-packages/airflow/example_dags/example_skip_dag.py
[2023-08-27T22:05:58.059+0000] {logging_mixin.py:149} INFO - [2023-08-27T22:05:58.059+0000] {dag.py:2726} INFO - Sync 1 DAGs
[2023-08-27T22:05:58.091+0000] {logging_mixin.py:149} INFO - [2023-08-27T22:05:58.091+0000] {dag.py:3490} INFO - Setting next_dagrun for example_skip_dag to 2023-08-26T22:05:58.090839+00:00, run_after=2023-08-27T22:05:58.090839+00:00
[2023-08-27T22:05:58.112+0000] {processor.py:179} INFO - Processing /home/airflow/.local/lib/python3.7/site-packages/airflow/example_dags/example_skip_dag.py took 0.106 seconds
[2023-08-27T22:20:42.562+0000] {processor.py:157} INFO - Started process (PID=83749) to work on /home/airflow/.local/lib/python3.7/site-packages/airflow/example_dags/example_skip_dag.py
[2023-08-27T22:20:42.566+0000] {processor.py:826} INFO - Processing file /home/airflow/.local/lib/python3.7/site-packages/airflow/example_dags/example_skip_dag.py for tasks to queue
[2023-08-27T22:20:42.568+0000] {logging_mixin.py:149} INFO - [2023-08-27T22:20:42.567+0000] {dagbag.py:541} INFO - Filling up the DagBag from /home/airflow/.local/lib/python3.7/site-packages/airflow/example_dags/example_skip_dag.py
[2023-08-27T22:20:42.574+0000] {processor.py:836} INFO - DAG(s) dict_keys(['example_skip_dag']) retrieved from /home/airflow/.local/lib/python3.7/site-packages/airflow/example_dags/example_skip_dag.py
[2023-08-27T22:20:42.597+0000] {logging_mixin.py:149} INFO - [2023-08-27T22:20:42.597+0000] {dag.py:2726} INFO - Sync 1 DAGs
[2023-08-27T22:20:42.617+0000] {logging_mixin.py:149} INFO - [2023-08-27T22:20:42.617+0000] {dag.py:3490} INFO - Setting next_dagrun for example_skip_dag to 2023-08-26T22:20:42.617156+00:00, run_after=2023-08-27T22:20:42.617156+00:00
[2023-08-27T22:20:42.633+0000] {processor.py:179} INFO - Processing /home/airflow/.local/lib/python3.7/site-packages/airflow/example_dags/example_skip_dag.py took 0.074 seconds
