[2023-08-27T00:38:33.564+0000] {processor.py:157} INFO - Started process (PID=82077) to work on /home/airflow/.local/lib/python3.7/site-packages/airflow/example_dags/example_bash_operator.py
[2023-08-27T00:38:33.565+0000] {processor.py:826} INFO - Processing file /home/airflow/.local/lib/python3.7/site-packages/airflow/example_dags/example_bash_operator.py for tasks to queue
[2023-08-27T00:38:33.566+0000] {logging_mixin.py:149} INFO - [2023-08-27T00:38:33.565+0000] {dagbag.py:541} INFO - Filling up the DagBag from /home/airflow/.local/lib/python3.7/site-packages/airflow/example_dags/example_bash_operator.py
[2023-08-27T00:38:33.577+0000] {processor.py:836} INFO - DAG(s) dict_keys(['example_bash_operator']) retrieved from /home/airflow/.local/lib/python3.7/site-packages/airflow/example_dags/example_bash_operator.py
[2023-08-27T00:38:33.605+0000] {logging_mixin.py:149} INFO - [2023-08-27T00:38:33.605+0000] {dag.py:2726} INFO - Sync 1 DAGs
[2023-08-27T00:38:33.623+0000] {logging_mixin.py:149} INFO - [2023-08-27T00:38:33.623+0000] {dag.py:3490} INFO - Setting next_dagrun for example_bash_operator to 2023-08-26T00:00:00+00:00, run_after=2023-08-27T00:00:00+00:00
[2023-08-27T00:38:33.634+0000] {processor.py:179} INFO - Processing /home/airflow/.local/lib/python3.7/site-packages/airflow/example_dags/example_bash_operator.py took 0.073 seconds
[2023-08-27T02:09:37.401+0000] {processor.py:157} INFO - Started process (PID=82143) to work on /home/airflow/.local/lib/python3.7/site-packages/airflow/example_dags/example_bash_operator.py
[2023-08-27T02:09:37.402+0000] {processor.py:826} INFO - Processing file /home/airflow/.local/lib/python3.7/site-packages/airflow/example_dags/example_bash_operator.py for tasks to queue
[2023-08-27T02:09:37.403+0000] {logging_mixin.py:149} INFO - [2023-08-27T02:09:37.403+0000] {dagbag.py:541} INFO - Filling up the DagBag from /home/airflow/.local/lib/python3.7/site-packages/airflow/example_dags/example_bash_operator.py
[2023-08-27T02:09:37.415+0000] {processor.py:836} INFO - DAG(s) dict_keys(['example_bash_operator']) retrieved from /home/airflow/.local/lib/python3.7/site-packages/airflow/example_dags/example_bash_operator.py
[2023-08-27T02:09:37.442+0000] {logging_mixin.py:149} INFO - [2023-08-27T02:09:37.442+0000] {dag.py:2726} INFO - Sync 1 DAGs
[2023-08-27T02:09:37.461+0000] {logging_mixin.py:149} INFO - [2023-08-27T02:09:37.461+0000] {dag.py:3490} INFO - Setting next_dagrun for example_bash_operator to 2023-08-26T00:00:00+00:00, run_after=2023-08-27T00:00:00+00:00
[2023-08-27T02:09:37.472+0000] {processor.py:179} INFO - Processing /home/airflow/.local/lib/python3.7/site-packages/airflow/example_dags/example_bash_operator.py took 0.074 seconds
[2023-08-27T04:15:57.113+0000] {processor.py:157} INFO - Started process (PID=82210) to work on /home/airflow/.local/lib/python3.7/site-packages/airflow/example_dags/example_bash_operator.py
[2023-08-27T04:15:57.114+0000] {processor.py:826} INFO - Processing file /home/airflow/.local/lib/python3.7/site-packages/airflow/example_dags/example_bash_operator.py for tasks to queue
[2023-08-27T04:15:57.116+0000] {logging_mixin.py:149} INFO - [2023-08-27T04:15:57.116+0000] {dagbag.py:541} INFO - Filling up the DagBag from /home/airflow/.local/lib/python3.7/site-packages/airflow/example_dags/example_bash_operator.py
[2023-08-27T04:15:57.142+0000] {processor.py:836} INFO - DAG(s) dict_keys(['example_bash_operator']) retrieved from /home/airflow/.local/lib/python3.7/site-packages/airflow/example_dags/example_bash_operator.py
[2023-08-27T04:15:57.189+0000] {logging_mixin.py:149} INFO - [2023-08-27T04:15:57.188+0000] {dag.py:2726} INFO - Sync 1 DAGs
[2023-08-27T04:15:57.218+0000] {logging_mixin.py:149} INFO - [2023-08-27T04:15:57.218+0000] {dag.py:3490} INFO - Setting next_dagrun for example_bash_operator to 2023-08-26T00:00:00+00:00, run_after=2023-08-27T00:00:00+00:00
[2023-08-27T04:15:57.241+0000] {processor.py:179} INFO - Processing /home/airflow/.local/lib/python3.7/site-packages/airflow/example_dags/example_bash_operator.py took 0.135 seconds
[2023-08-27T05:17:57.523+0000] {processor.py:157} INFO - Started process (PID=82276) to work on /home/airflow/.local/lib/python3.7/site-packages/airflow/example_dags/example_bash_operator.py
[2023-08-27T05:17:57.524+0000] {processor.py:826} INFO - Processing file /home/airflow/.local/lib/python3.7/site-packages/airflow/example_dags/example_bash_operator.py for tasks to queue
[2023-08-27T05:17:57.525+0000] {logging_mixin.py:149} INFO - [2023-08-27T05:17:57.525+0000] {dagbag.py:541} INFO - Filling up the DagBag from /home/airflow/.local/lib/python3.7/site-packages/airflow/example_dags/example_bash_operator.py
[2023-08-27T05:17:57.537+0000] {processor.py:836} INFO - DAG(s) dict_keys(['example_bash_operator']) retrieved from /home/airflow/.local/lib/python3.7/site-packages/airflow/example_dags/example_bash_operator.py
[2023-08-27T05:17:57.562+0000] {logging_mixin.py:149} INFO - [2023-08-27T05:17:57.562+0000] {dag.py:2726} INFO - Sync 1 DAGs
[2023-08-27T05:17:57.585+0000] {logging_mixin.py:149} INFO - [2023-08-27T05:17:57.585+0000] {dag.py:3490} INFO - Setting next_dagrun for example_bash_operator to 2023-08-26T00:00:00+00:00, run_after=2023-08-27T00:00:00+00:00
[2023-08-27T05:17:57.597+0000] {processor.py:179} INFO - Processing /home/airflow/.local/lib/python3.7/site-packages/airflow/example_dags/example_bash_operator.py took 0.077 seconds
[2023-08-27T06:52:20.769+0000] {processor.py:157} INFO - Started process (PID=82343) to work on /home/airflow/.local/lib/python3.7/site-packages/airflow/example_dags/example_bash_operator.py
[2023-08-27T06:52:20.770+0000] {processor.py:826} INFO - Processing file /home/airflow/.local/lib/python3.7/site-packages/airflow/example_dags/example_bash_operator.py for tasks to queue
[2023-08-27T06:52:20.771+0000] {logging_mixin.py:149} INFO - [2023-08-27T06:52:20.771+0000] {dagbag.py:541} INFO - Filling up the DagBag from /home/airflow/.local/lib/python3.7/site-packages/airflow/example_dags/example_bash_operator.py
[2023-08-27T06:52:20.783+0000] {processor.py:836} INFO - DAG(s) dict_keys(['example_bash_operator']) retrieved from /home/airflow/.local/lib/python3.7/site-packages/airflow/example_dags/example_bash_operator.py
[2023-08-27T06:52:20.809+0000] {logging_mixin.py:149} INFO - [2023-08-27T06:52:20.809+0000] {dag.py:2726} INFO - Sync 1 DAGs
[2023-08-27T06:52:20.825+0000] {logging_mixin.py:149} INFO - [2023-08-27T06:52:20.825+0000] {dag.py:3490} INFO - Setting next_dagrun for example_bash_operator to 2023-08-26T00:00:00+00:00, run_after=2023-08-27T00:00:00+00:00
[2023-08-27T06:52:20.836+0000] {processor.py:179} INFO - Processing /home/airflow/.local/lib/python3.7/site-packages/airflow/example_dags/example_bash_operator.py took 0.071 seconds
[2023-08-27T11:05:25.926+0000] {processor.py:157} INFO - Started process (PID=82409) to work on /home/airflow/.local/lib/python3.7/site-packages/airflow/example_dags/example_bash_operator.py
[2023-08-27T11:05:25.928+0000] {processor.py:826} INFO - Processing file /home/airflow/.local/lib/python3.7/site-packages/airflow/example_dags/example_bash_operator.py for tasks to queue
[2023-08-27T11:05:25.928+0000] {logging_mixin.py:149} INFO - [2023-08-27T11:05:25.928+0000] {dagbag.py:541} INFO - Filling up the DagBag from /home/airflow/.local/lib/python3.7/site-packages/airflow/example_dags/example_bash_operator.py
[2023-08-27T11:05:25.939+0000] {processor.py:836} INFO - DAG(s) dict_keys(['example_bash_operator']) retrieved from /home/airflow/.local/lib/python3.7/site-packages/airflow/example_dags/example_bash_operator.py
[2023-08-27T11:05:25.967+0000] {logging_mixin.py:149} INFO - [2023-08-27T11:05:25.967+0000] {dag.py:2726} INFO - Sync 1 DAGs
[2023-08-27T11:05:25.989+0000] {logging_mixin.py:149} INFO - [2023-08-27T11:05:25.988+0000] {dag.py:3490} INFO - Setting next_dagrun for example_bash_operator to 2023-08-26T00:00:00+00:00, run_after=2023-08-27T00:00:00+00:00
[2023-08-27T11:05:26.006+0000] {processor.py:179} INFO - Processing /home/airflow/.local/lib/python3.7/site-packages/airflow/example_dags/example_bash_operator.py took 0.082 seconds
[2023-08-27T13:53:22.171+0000] {processor.py:157} INFO - Started process (PID=82475) to work on /home/airflow/.local/lib/python3.7/site-packages/airflow/example_dags/example_bash_operator.py
[2023-08-27T13:53:22.172+0000] {processor.py:826} INFO - Processing file /home/airflow/.local/lib/python3.7/site-packages/airflow/example_dags/example_bash_operator.py for tasks to queue
[2023-08-27T13:53:22.173+0000] {logging_mixin.py:149} INFO - [2023-08-27T13:53:22.173+0000] {dagbag.py:541} INFO - Filling up the DagBag from /home/airflow/.local/lib/python3.7/site-packages/airflow/example_dags/example_bash_operator.py
[2023-08-27T13:53:22.185+0000] {processor.py:836} INFO - DAG(s) dict_keys(['example_bash_operator']) retrieved from /home/airflow/.local/lib/python3.7/site-packages/airflow/example_dags/example_bash_operator.py
[2023-08-27T13:53:22.212+0000] {logging_mixin.py:149} INFO - [2023-08-27T13:53:22.211+0000] {dag.py:2726} INFO - Sync 1 DAGs
[2023-08-27T13:53:22.228+0000] {logging_mixin.py:149} INFO - [2023-08-27T13:53:22.228+0000] {dag.py:3490} INFO - Setting next_dagrun for example_bash_operator to 2023-08-26T00:00:00+00:00, run_after=2023-08-27T00:00:00+00:00
[2023-08-27T13:53:22.240+0000] {processor.py:179} INFO - Processing /home/airflow/.local/lib/python3.7/site-packages/airflow/example_dags/example_bash_operator.py took 0.072 seconds
[2023-08-27T13:56:35.480+0000] {processor.py:157} INFO - Started process (PID=82541) to work on /home/airflow/.local/lib/python3.7/site-packages/airflow/example_dags/example_bash_operator.py
[2023-08-27T13:56:35.481+0000] {processor.py:826} INFO - Processing file /home/airflow/.local/lib/python3.7/site-packages/airflow/example_dags/example_bash_operator.py for tasks to queue
[2023-08-27T13:56:35.482+0000] {logging_mixin.py:149} INFO - [2023-08-27T13:56:35.482+0000] {dagbag.py:541} INFO - Filling up the DagBag from /home/airflow/.local/lib/python3.7/site-packages/airflow/example_dags/example_bash_operator.py
[2023-08-27T13:56:35.495+0000] {processor.py:836} INFO - DAG(s) dict_keys(['example_bash_operator']) retrieved from /home/airflow/.local/lib/python3.7/site-packages/airflow/example_dags/example_bash_operator.py
[2023-08-27T13:56:35.522+0000] {logging_mixin.py:149} INFO - [2023-08-27T13:56:35.522+0000] {dag.py:2726} INFO - Sync 1 DAGs
[2023-08-27T13:56:35.538+0000] {logging_mixin.py:149} INFO - [2023-08-27T13:56:35.538+0000] {dag.py:3490} INFO - Setting next_dagrun for example_bash_operator to 2023-08-26T00:00:00+00:00, run_after=2023-08-27T00:00:00+00:00
[2023-08-27T13:56:35.551+0000] {processor.py:179} INFO - Processing /home/airflow/.local/lib/python3.7/site-packages/airflow/example_dags/example_bash_operator.py took 0.073 seconds
[2023-08-27T14:25:12.112+0000] {processor.py:157} INFO - Started process (PID=82606) to work on /home/airflow/.local/lib/python3.7/site-packages/airflow/example_dags/example_bash_operator.py
[2023-08-27T14:25:12.114+0000] {processor.py:826} INFO - Processing file /home/airflow/.local/lib/python3.7/site-packages/airflow/example_dags/example_bash_operator.py for tasks to queue
[2023-08-27T14:25:12.114+0000] {logging_mixin.py:149} INFO - [2023-08-27T14:25:12.114+0000] {dagbag.py:541} INFO - Filling up the DagBag from /home/airflow/.local/lib/python3.7/site-packages/airflow/example_dags/example_bash_operator.py
[2023-08-27T14:25:12.125+0000] {processor.py:836} INFO - DAG(s) dict_keys(['example_bash_operator']) retrieved from /home/airflow/.local/lib/python3.7/site-packages/airflow/example_dags/example_bash_operator.py
[2023-08-27T14:25:12.150+0000] {logging_mixin.py:149} INFO - [2023-08-27T14:25:12.150+0000] {dag.py:2726} INFO - Sync 1 DAGs
[2023-08-27T14:25:12.172+0000] {logging_mixin.py:149} INFO - [2023-08-27T14:25:12.172+0000] {dag.py:3490} INFO - Setting next_dagrun for example_bash_operator to 2023-08-26T00:00:00+00:00, run_after=2023-08-27T00:00:00+00:00
[2023-08-27T14:25:12.185+0000] {processor.py:179} INFO - Processing /home/airflow/.local/lib/python3.7/site-packages/airflow/example_dags/example_bash_operator.py took 0.075 seconds
[2023-08-27T17:32:58.408+0000] {processor.py:157} INFO - Started process (PID=82672) to work on /home/airflow/.local/lib/python3.7/site-packages/airflow/example_dags/example_bash_operator.py
[2023-08-27T17:32:58.409+0000] {processor.py:826} INFO - Processing file /home/airflow/.local/lib/python3.7/site-packages/airflow/example_dags/example_bash_operator.py for tasks to queue
[2023-08-27T17:32:58.410+0000] {logging_mixin.py:149} INFO - [2023-08-27T17:32:58.410+0000] {dagbag.py:541} INFO - Filling up the DagBag from /home/airflow/.local/lib/python3.7/site-packages/airflow/example_dags/example_bash_operator.py
[2023-08-27T17:32:58.422+0000] {processor.py:836} INFO - DAG(s) dict_keys(['example_bash_operator']) retrieved from /home/airflow/.local/lib/python3.7/site-packages/airflow/example_dags/example_bash_operator.py
[2023-08-27T17:32:58.447+0000] {logging_mixin.py:149} INFO - [2023-08-27T17:32:58.447+0000] {dag.py:2726} INFO - Sync 1 DAGs
[2023-08-27T17:32:58.465+0000] {logging_mixin.py:149} INFO - [2023-08-27T17:32:58.465+0000] {dag.py:3490} INFO - Setting next_dagrun for example_bash_operator to 2023-08-26T00:00:00+00:00, run_after=2023-08-27T00:00:00+00:00
[2023-08-27T17:32:58.477+0000] {processor.py:179} INFO - Processing /home/airflow/.local/lib/python3.7/site-packages/airflow/example_dags/example_bash_operator.py took 0.072 seconds
[2023-08-27T17:33:31.827+0000] {processor.py:157} INFO - Started process (PID=82744) to work on /home/airflow/.local/lib/python3.7/site-packages/airflow/example_dags/example_bash_operator.py
[2023-08-27T17:33:31.828+0000] {processor.py:826} INFO - Processing file /home/airflow/.local/lib/python3.7/site-packages/airflow/example_dags/example_bash_operator.py for tasks to queue
[2023-08-27T17:33:31.829+0000] {logging_mixin.py:149} INFO - [2023-08-27T17:33:31.829+0000] {dagbag.py:541} INFO - Filling up the DagBag from /home/airflow/.local/lib/python3.7/site-packages/airflow/example_dags/example_bash_operator.py
[2023-08-27T17:33:31.840+0000] {processor.py:836} INFO - DAG(s) dict_keys(['example_bash_operator']) retrieved from /home/airflow/.local/lib/python3.7/site-packages/airflow/example_dags/example_bash_operator.py
[2023-08-27T17:33:31.864+0000] {logging_mixin.py:149} INFO - [2023-08-27T17:33:31.864+0000] {dag.py:2726} INFO - Sync 1 DAGs
[2023-08-27T17:33:31.885+0000] {logging_mixin.py:149} INFO - [2023-08-27T17:33:31.885+0000] {dag.py:3490} INFO - Setting next_dagrun for example_bash_operator to 2023-08-26T00:00:00+00:00, run_after=2023-08-27T00:00:00+00:00
[2023-08-27T17:33:31.897+0000] {processor.py:179} INFO - Processing /home/airflow/.local/lib/python3.7/site-packages/airflow/example_dags/example_bash_operator.py took 0.073 seconds
[2023-08-27T17:34:06.113+0000] {processor.py:157} INFO - Started process (PID=82810) to work on /home/airflow/.local/lib/python3.7/site-packages/airflow/example_dags/example_bash_operator.py
[2023-08-27T17:34:06.114+0000] {processor.py:826} INFO - Processing file /home/airflow/.local/lib/python3.7/site-packages/airflow/example_dags/example_bash_operator.py for tasks to queue
[2023-08-27T17:34:06.115+0000] {logging_mixin.py:149} INFO - [2023-08-27T17:34:06.115+0000] {dagbag.py:541} INFO - Filling up the DagBag from /home/airflow/.local/lib/python3.7/site-packages/airflow/example_dags/example_bash_operator.py
[2023-08-27T17:34:06.126+0000] {processor.py:836} INFO - DAG(s) dict_keys(['example_bash_operator']) retrieved from /home/airflow/.local/lib/python3.7/site-packages/airflow/example_dags/example_bash_operator.py
[2023-08-27T17:34:06.151+0000] {logging_mixin.py:149} INFO - [2023-08-27T17:34:06.151+0000] {dag.py:2726} INFO - Sync 1 DAGs
[2023-08-27T17:34:06.168+0000] {logging_mixin.py:149} INFO - [2023-08-27T17:34:06.168+0000] {dag.py:3490} INFO - Setting next_dagrun for example_bash_operator to 2023-08-26T00:00:00+00:00, run_after=2023-08-27T00:00:00+00:00
[2023-08-27T17:34:06.180+0000] {processor.py:179} INFO - Processing /home/airflow/.local/lib/python3.7/site-packages/airflow/example_dags/example_bash_operator.py took 0.071 seconds
[2023-08-27T17:34:40.326+0000] {processor.py:157} INFO - Started process (PID=82876) to work on /home/airflow/.local/lib/python3.7/site-packages/airflow/example_dags/example_bash_operator.py
[2023-08-27T17:34:40.330+0000] {processor.py:826} INFO - Processing file /home/airflow/.local/lib/python3.7/site-packages/airflow/example_dags/example_bash_operator.py for tasks to queue
[2023-08-27T17:34:40.332+0000] {logging_mixin.py:149} INFO - [2023-08-27T17:34:40.332+0000] {dagbag.py:541} INFO - Filling up the DagBag from /home/airflow/.local/lib/python3.7/site-packages/airflow/example_dags/example_bash_operator.py
[2023-08-27T17:34:40.351+0000] {processor.py:836} INFO - DAG(s) dict_keys(['example_bash_operator']) retrieved from /home/airflow/.local/lib/python3.7/site-packages/airflow/example_dags/example_bash_operator.py
[2023-08-27T17:34:40.413+0000] {logging_mixin.py:149} INFO - [2023-08-27T17:34:40.413+0000] {dag.py:2726} INFO - Sync 1 DAGs
[2023-08-27T17:34:40.444+0000] {logging_mixin.py:149} INFO - [2023-08-27T17:34:40.444+0000] {dag.py:3490} INFO - Setting next_dagrun for example_bash_operator to 2023-08-26T00:00:00+00:00, run_after=2023-08-27T00:00:00+00:00
[2023-08-27T17:34:40.465+0000] {processor.py:179} INFO - Processing /home/airflow/.local/lib/python3.7/site-packages/airflow/example_dags/example_bash_operator.py took 0.142 seconds
[2023-08-27T17:35:14.501+0000] {processor.py:157} INFO - Started process (PID=82942) to work on /home/airflow/.local/lib/python3.7/site-packages/airflow/example_dags/example_bash_operator.py
[2023-08-27T17:35:14.502+0000] {processor.py:826} INFO - Processing file /home/airflow/.local/lib/python3.7/site-packages/airflow/example_dags/example_bash_operator.py for tasks to queue
[2023-08-27T17:35:14.503+0000] {logging_mixin.py:149} INFO - [2023-08-27T17:35:14.503+0000] {dagbag.py:541} INFO - Filling up the DagBag from /home/airflow/.local/lib/python3.7/site-packages/airflow/example_dags/example_bash_operator.py
[2023-08-27T17:35:14.515+0000] {processor.py:836} INFO - DAG(s) dict_keys(['example_bash_operator']) retrieved from /home/airflow/.local/lib/python3.7/site-packages/airflow/example_dags/example_bash_operator.py
[2023-08-27T17:35:14.541+0000] {logging_mixin.py:149} INFO - [2023-08-27T17:35:14.541+0000] {dag.py:2726} INFO - Sync 1 DAGs
[2023-08-27T17:35:14.559+0000] {logging_mixin.py:149} INFO - [2023-08-27T17:35:14.559+0000] {dag.py:3490} INFO - Setting next_dagrun for example_bash_operator to 2023-08-26T00:00:00+00:00, run_after=2023-08-27T00:00:00+00:00
[2023-08-27T17:35:14.585+0000] {processor.py:179} INFO - Processing /home/airflow/.local/lib/python3.7/site-packages/airflow/example_dags/example_bash_operator.py took 0.087 seconds
[2023-08-27T17:35:49.527+0000] {processor.py:157} INFO - Started process (PID=83009) to work on /home/airflow/.local/lib/python3.7/site-packages/airflow/example_dags/example_bash_operator.py
[2023-08-27T17:35:49.529+0000] {processor.py:826} INFO - Processing file /home/airflow/.local/lib/python3.7/site-packages/airflow/example_dags/example_bash_operator.py for tasks to queue
[2023-08-27T17:35:49.529+0000] {logging_mixin.py:149} INFO - [2023-08-27T17:35:49.529+0000] {dagbag.py:541} INFO - Filling up the DagBag from /home/airflow/.local/lib/python3.7/site-packages/airflow/example_dags/example_bash_operator.py
[2023-08-27T17:35:49.541+0000] {processor.py:836} INFO - DAG(s) dict_keys(['example_bash_operator']) retrieved from /home/airflow/.local/lib/python3.7/site-packages/airflow/example_dags/example_bash_operator.py
[2023-08-27T17:35:49.571+0000] {logging_mixin.py:149} INFO - [2023-08-27T17:35:49.571+0000] {dag.py:2726} INFO - Sync 1 DAGs
[2023-08-27T17:35:49.590+0000] {logging_mixin.py:149} INFO - [2023-08-27T17:35:49.590+0000] {dag.py:3490} INFO - Setting next_dagrun for example_bash_operator to 2023-08-26T00:00:00+00:00, run_after=2023-08-27T00:00:00+00:00
[2023-08-27T17:35:49.602+0000] {processor.py:179} INFO - Processing /home/airflow/.local/lib/python3.7/site-packages/airflow/example_dags/example_bash_operator.py took 0.078 seconds
[2023-08-27T17:36:23.951+0000] {processor.py:157} INFO - Started process (PID=83075) to work on /home/airflow/.local/lib/python3.7/site-packages/airflow/example_dags/example_bash_operator.py
[2023-08-27T17:36:23.952+0000] {processor.py:826} INFO - Processing file /home/airflow/.local/lib/python3.7/site-packages/airflow/example_dags/example_bash_operator.py for tasks to queue
[2023-08-27T17:36:23.953+0000] {logging_mixin.py:149} INFO - [2023-08-27T17:36:23.953+0000] {dagbag.py:541} INFO - Filling up the DagBag from /home/airflow/.local/lib/python3.7/site-packages/airflow/example_dags/example_bash_operator.py
[2023-08-27T17:36:23.964+0000] {processor.py:836} INFO - DAG(s) dict_keys(['example_bash_operator']) retrieved from /home/airflow/.local/lib/python3.7/site-packages/airflow/example_dags/example_bash_operator.py
[2023-08-27T17:36:23.988+0000] {logging_mixin.py:149} INFO - [2023-08-27T17:36:23.988+0000] {dag.py:2726} INFO - Sync 1 DAGs
[2023-08-27T17:36:24.006+0000] {logging_mixin.py:149} INFO - [2023-08-27T17:36:24.006+0000] {dag.py:3490} INFO - Setting next_dagrun for example_bash_operator to 2023-08-26T00:00:00+00:00, run_after=2023-08-27T00:00:00+00:00
[2023-08-27T17:36:24.021+0000] {processor.py:179} INFO - Processing /home/airflow/.local/lib/python3.7/site-packages/airflow/example_dags/example_bash_operator.py took 0.073 seconds
[2023-08-27T17:36:57.239+0000] {processor.py:157} INFO - Started process (PID=83141) to work on /home/airflow/.local/lib/python3.7/site-packages/airflow/example_dags/example_bash_operator.py
[2023-08-27T17:36:57.240+0000] {processor.py:826} INFO - Processing file /home/airflow/.local/lib/python3.7/site-packages/airflow/example_dags/example_bash_operator.py for tasks to queue
[2023-08-27T17:36:57.241+0000] {logging_mixin.py:149} INFO - [2023-08-27T17:36:57.240+0000] {dagbag.py:541} INFO - Filling up the DagBag from /home/airflow/.local/lib/python3.7/site-packages/airflow/example_dags/example_bash_operator.py
[2023-08-27T17:36:57.252+0000] {processor.py:836} INFO - DAG(s) dict_keys(['example_bash_operator']) retrieved from /home/airflow/.local/lib/python3.7/site-packages/airflow/example_dags/example_bash_operator.py
[2023-08-27T17:36:57.277+0000] {logging_mixin.py:149} INFO - [2023-08-27T17:36:57.277+0000] {dag.py:2726} INFO - Sync 1 DAGs
[2023-08-27T17:36:57.294+0000] {logging_mixin.py:149} INFO - [2023-08-27T17:36:57.294+0000] {dag.py:3490} INFO - Setting next_dagrun for example_bash_operator to 2023-08-26T00:00:00+00:00, run_after=2023-08-27T00:00:00+00:00
[2023-08-27T17:36:57.306+0000] {processor.py:179} INFO - Processing /home/airflow/.local/lib/python3.7/site-packages/airflow/example_dags/example_bash_operator.py took 0.071 seconds
[2023-08-27T17:37:31.609+0000] {processor.py:157} INFO - Started process (PID=83214) to work on /home/airflow/.local/lib/python3.7/site-packages/airflow/example_dags/example_bash_operator.py
[2023-08-27T17:37:31.611+0000] {processor.py:826} INFO - Processing file /home/airflow/.local/lib/python3.7/site-packages/airflow/example_dags/example_bash_operator.py for tasks to queue
[2023-08-27T17:37:31.611+0000] {logging_mixin.py:149} INFO - [2023-08-27T17:37:31.611+0000] {dagbag.py:541} INFO - Filling up the DagBag from /home/airflow/.local/lib/python3.7/site-packages/airflow/example_dags/example_bash_operator.py
[2023-08-27T17:37:31.622+0000] {processor.py:836} INFO - DAG(s) dict_keys(['example_bash_operator']) retrieved from /home/airflow/.local/lib/python3.7/site-packages/airflow/example_dags/example_bash_operator.py
[2023-08-27T17:37:31.648+0000] {logging_mixin.py:149} INFO - [2023-08-27T17:37:31.647+0000] {dag.py:2726} INFO - Sync 1 DAGs
[2023-08-27T17:37:31.665+0000] {logging_mixin.py:149} INFO - [2023-08-27T17:37:31.665+0000] {dag.py:3490} INFO - Setting next_dagrun for example_bash_operator to 2023-08-26T00:00:00+00:00, run_after=2023-08-27T00:00:00+00:00
[2023-08-27T17:37:31.677+0000] {processor.py:179} INFO - Processing /home/airflow/.local/lib/python3.7/site-packages/airflow/example_dags/example_bash_operator.py took 0.070 seconds
[2023-08-27T17:38:05.927+0000] {processor.py:157} INFO - Started process (PID=83280) to work on /home/airflow/.local/lib/python3.7/site-packages/airflow/example_dags/example_bash_operator.py
[2023-08-27T17:38:05.928+0000] {processor.py:826} INFO - Processing file /home/airflow/.local/lib/python3.7/site-packages/airflow/example_dags/example_bash_operator.py for tasks to queue
[2023-08-27T17:38:05.929+0000] {logging_mixin.py:149} INFO - [2023-08-27T17:38:05.929+0000] {dagbag.py:541} INFO - Filling up the DagBag from /home/airflow/.local/lib/python3.7/site-packages/airflow/example_dags/example_bash_operator.py
[2023-08-27T17:38:05.940+0000] {processor.py:836} INFO - DAG(s) dict_keys(['example_bash_operator']) retrieved from /home/airflow/.local/lib/python3.7/site-packages/airflow/example_dags/example_bash_operator.py
[2023-08-27T17:38:05.966+0000] {logging_mixin.py:149} INFO - [2023-08-27T17:38:05.966+0000] {dag.py:2726} INFO - Sync 1 DAGs
[2023-08-27T17:38:05.983+0000] {logging_mixin.py:149} INFO - [2023-08-27T17:38:05.983+0000] {dag.py:3490} INFO - Setting next_dagrun for example_bash_operator to 2023-08-26T00:00:00+00:00, run_after=2023-08-27T00:00:00+00:00
[2023-08-27T17:38:05.993+0000] {processor.py:179} INFO - Processing /home/airflow/.local/lib/python3.7/site-packages/airflow/example_dags/example_bash_operator.py took 0.070 seconds
[2023-08-27T17:38:40.103+0000] {processor.py:157} INFO - Started process (PID=83346) to work on /home/airflow/.local/lib/python3.7/site-packages/airflow/example_dags/example_bash_operator.py
[2023-08-27T17:38:40.104+0000] {processor.py:826} INFO - Processing file /home/airflow/.local/lib/python3.7/site-packages/airflow/example_dags/example_bash_operator.py for tasks to queue
[2023-08-27T17:38:40.105+0000] {logging_mixin.py:149} INFO - [2023-08-27T17:38:40.105+0000] {dagbag.py:541} INFO - Filling up the DagBag from /home/airflow/.local/lib/python3.7/site-packages/airflow/example_dags/example_bash_operator.py
[2023-08-27T17:38:40.116+0000] {processor.py:836} INFO - DAG(s) dict_keys(['example_bash_operator']) retrieved from /home/airflow/.local/lib/python3.7/site-packages/airflow/example_dags/example_bash_operator.py
[2023-08-27T17:38:40.142+0000] {logging_mixin.py:149} INFO - [2023-08-27T17:38:40.142+0000] {dag.py:2726} INFO - Sync 1 DAGs
[2023-08-27T17:38:40.160+0000] {logging_mixin.py:149} INFO - [2023-08-27T17:38:40.160+0000] {dag.py:3490} INFO - Setting next_dagrun for example_bash_operator to 2023-08-26T00:00:00+00:00, run_after=2023-08-27T00:00:00+00:00
[2023-08-27T17:38:40.171+0000] {processor.py:179} INFO - Processing /home/airflow/.local/lib/python3.7/site-packages/airflow/example_dags/example_bash_operator.py took 0.071 seconds
[2023-08-27T18:41:32.541+0000] {processor.py:157} INFO - Started process (PID=83405) to work on /home/airflow/.local/lib/python3.7/site-packages/airflow/example_dags/example_bash_operator.py
[2023-08-27T18:41:32.542+0000] {processor.py:826} INFO - Processing file /home/airflow/.local/lib/python3.7/site-packages/airflow/example_dags/example_bash_operator.py for tasks to queue
[2023-08-27T18:41:32.543+0000] {logging_mixin.py:149} INFO - [2023-08-27T18:41:32.543+0000] {dagbag.py:541} INFO - Filling up the DagBag from /home/airflow/.local/lib/python3.7/site-packages/airflow/example_dags/example_bash_operator.py
[2023-08-27T18:41:32.554+0000] {processor.py:836} INFO - DAG(s) dict_keys(['example_bash_operator']) retrieved from /home/airflow/.local/lib/python3.7/site-packages/airflow/example_dags/example_bash_operator.py
[2023-08-27T18:41:32.578+0000] {logging_mixin.py:149} INFO - [2023-08-27T18:41:32.578+0000] {dag.py:2726} INFO - Sync 1 DAGs
[2023-08-27T18:41:32.597+0000] {logging_mixin.py:149} INFO - [2023-08-27T18:41:32.597+0000] {dag.py:3490} INFO - Setting next_dagrun for example_bash_operator to 2023-08-26T00:00:00+00:00, run_after=2023-08-27T00:00:00+00:00
[2023-08-27T18:41:32.607+0000] {processor.py:179} INFO - Processing /home/airflow/.local/lib/python3.7/site-packages/airflow/example_dags/example_bash_operator.py took 0.069 seconds
[2023-08-27T19:17:17.738+0000] {processor.py:157} INFO - Started process (PID=83471) to work on /home/airflow/.local/lib/python3.7/site-packages/airflow/example_dags/example_bash_operator.py
[2023-08-27T19:17:17.739+0000] {processor.py:826} INFO - Processing file /home/airflow/.local/lib/python3.7/site-packages/airflow/example_dags/example_bash_operator.py for tasks to queue
[2023-08-27T19:17:17.740+0000] {logging_mixin.py:149} INFO - [2023-08-27T19:17:17.740+0000] {dagbag.py:541} INFO - Filling up the DagBag from /home/airflow/.local/lib/python3.7/site-packages/airflow/example_dags/example_bash_operator.py
[2023-08-27T19:17:17.751+0000] {processor.py:836} INFO - DAG(s) dict_keys(['example_bash_operator']) retrieved from /home/airflow/.local/lib/python3.7/site-packages/airflow/example_dags/example_bash_operator.py
[2023-08-27T19:17:17.778+0000] {logging_mixin.py:149} INFO - [2023-08-27T19:17:17.778+0000] {dag.py:2726} INFO - Sync 1 DAGs
[2023-08-27T19:17:17.794+0000] {logging_mixin.py:149} INFO - [2023-08-27T19:17:17.794+0000] {dag.py:3490} INFO - Setting next_dagrun for example_bash_operator to 2023-08-26T00:00:00+00:00, run_after=2023-08-27T00:00:00+00:00
[2023-08-27T19:17:17.805+0000] {processor.py:179} INFO - Processing /home/airflow/.local/lib/python3.7/site-packages/airflow/example_dags/example_bash_operator.py took 0.070 seconds
[2023-08-27T21:41:18.011+0000] {processor.py:157} INFO - Started process (PID=83537) to work on /home/airflow/.local/lib/python3.7/site-packages/airflow/example_dags/example_bash_operator.py
[2023-08-27T21:41:18.012+0000] {processor.py:826} INFO - Processing file /home/airflow/.local/lib/python3.7/site-packages/airflow/example_dags/example_bash_operator.py for tasks to queue
[2023-08-27T21:41:18.013+0000] {logging_mixin.py:149} INFO - [2023-08-27T21:41:18.013+0000] {dagbag.py:541} INFO - Filling up the DagBag from /home/airflow/.local/lib/python3.7/site-packages/airflow/example_dags/example_bash_operator.py
[2023-08-27T21:41:18.024+0000] {processor.py:836} INFO - DAG(s) dict_keys(['example_bash_operator']) retrieved from /home/airflow/.local/lib/python3.7/site-packages/airflow/example_dags/example_bash_operator.py
[2023-08-27T21:41:18.053+0000] {logging_mixin.py:149} INFO - [2023-08-27T21:41:18.053+0000] {dag.py:2726} INFO - Sync 1 DAGs
[2023-08-27T21:41:18.069+0000] {logging_mixin.py:149} INFO - [2023-08-27T21:41:18.069+0000] {dag.py:3490} INFO - Setting next_dagrun for example_bash_operator to 2023-08-26T00:00:00+00:00, run_after=2023-08-27T00:00:00+00:00
[2023-08-27T21:41:18.080+0000] {processor.py:179} INFO - Processing /home/airflow/.local/lib/python3.7/site-packages/airflow/example_dags/example_bash_operator.py took 0.073 seconds
[2023-08-27T21:49:28.104+0000] {processor.py:157} INFO - Started process (PID=83604) to work on /home/airflow/.local/lib/python3.7/site-packages/airflow/example_dags/example_bash_operator.py
[2023-08-27T21:49:28.105+0000] {processor.py:826} INFO - Processing file /home/airflow/.local/lib/python3.7/site-packages/airflow/example_dags/example_bash_operator.py for tasks to queue
[2023-08-27T21:49:28.106+0000] {logging_mixin.py:149} INFO - [2023-08-27T21:49:28.106+0000] {dagbag.py:541} INFO - Filling up the DagBag from /home/airflow/.local/lib/python3.7/site-packages/airflow/example_dags/example_bash_operator.py
[2023-08-27T21:49:28.116+0000] {processor.py:836} INFO - DAG(s) dict_keys(['example_bash_operator']) retrieved from /home/airflow/.local/lib/python3.7/site-packages/airflow/example_dags/example_bash_operator.py
[2023-08-27T21:49:28.147+0000] {logging_mixin.py:149} INFO - [2023-08-27T21:49:28.147+0000] {dag.py:2726} INFO - Sync 1 DAGs
[2023-08-27T21:49:28.166+0000] {logging_mixin.py:149} INFO - [2023-08-27T21:49:28.166+0000] {dag.py:3490} INFO - Setting next_dagrun for example_bash_operator to 2023-08-26T00:00:00+00:00, run_after=2023-08-27T00:00:00+00:00
[2023-08-27T21:49:28.175+0000] {processor.py:179} INFO - Processing /home/airflow/.local/lib/python3.7/site-packages/airflow/example_dags/example_bash_operator.py took 0.075 seconds
[2023-08-27T22:05:57.025+0000] {processor.py:157} INFO - Started process (PID=83670) to work on /home/airflow/.local/lib/python3.7/site-packages/airflow/example_dags/example_bash_operator.py
[2023-08-27T22:05:57.027+0000] {processor.py:826} INFO - Processing file /home/airflow/.local/lib/python3.7/site-packages/airflow/example_dags/example_bash_operator.py for tasks to queue
[2023-08-27T22:05:57.028+0000] {logging_mixin.py:149} INFO - [2023-08-27T22:05:57.028+0000] {dagbag.py:541} INFO - Filling up the DagBag from /home/airflow/.local/lib/python3.7/site-packages/airflow/example_dags/example_bash_operator.py
[2023-08-27T22:05:57.041+0000] {processor.py:836} INFO - DAG(s) dict_keys(['example_bash_operator']) retrieved from /home/airflow/.local/lib/python3.7/site-packages/airflow/example_dags/example_bash_operator.py
[2023-08-27T22:05:57.067+0000] {logging_mixin.py:149} INFO - [2023-08-27T22:05:57.067+0000] {dag.py:2726} INFO - Sync 1 DAGs
[2023-08-27T22:05:57.086+0000] {logging_mixin.py:149} INFO - [2023-08-27T22:05:57.086+0000] {dag.py:3490} INFO - Setting next_dagrun for example_bash_operator to 2023-08-26T00:00:00+00:00, run_after=2023-08-27T00:00:00+00:00
[2023-08-27T22:05:57.104+0000] {processor.py:179} INFO - Processing /home/airflow/.local/lib/python3.7/site-packages/airflow/example_dags/example_bash_operator.py took 0.082 seconds
[2023-08-27T22:20:41.884+0000] {processor.py:157} INFO - Started process (PID=83736) to work on /home/airflow/.local/lib/python3.7/site-packages/airflow/example_dags/example_bash_operator.py
[2023-08-27T22:20:41.886+0000] {processor.py:826} INFO - Processing file /home/airflow/.local/lib/python3.7/site-packages/airflow/example_dags/example_bash_operator.py for tasks to queue
[2023-08-27T22:20:41.888+0000] {logging_mixin.py:149} INFO - [2023-08-27T22:20:41.888+0000] {dagbag.py:541} INFO - Filling up the DagBag from /home/airflow/.local/lib/python3.7/site-packages/airflow/example_dags/example_bash_operator.py
[2023-08-27T22:20:41.900+0000] {processor.py:836} INFO - DAG(s) dict_keys(['example_bash_operator']) retrieved from /home/airflow/.local/lib/python3.7/site-packages/airflow/example_dags/example_bash_operator.py
[2023-08-27T22:20:41.927+0000] {logging_mixin.py:149} INFO - [2023-08-27T22:20:41.927+0000] {dag.py:2726} INFO - Sync 1 DAGs
[2023-08-27T22:20:41.943+0000] {logging_mixin.py:149} INFO - [2023-08-27T22:20:41.943+0000] {dag.py:3490} INFO - Setting next_dagrun for example_bash_operator to 2023-08-26T00:00:00+00:00, run_after=2023-08-27T00:00:00+00:00
[2023-08-27T22:20:41.954+0000] {processor.py:179} INFO - Processing /home/airflow/.local/lib/python3.7/site-packages/airflow/example_dags/example_bash_operator.py took 0.073 seconds
