[2023-08-27T00:38:33.969+0000] {processor.py:157} INFO - Started process (PID=82084) to work on /home/airflow/.local/lib/python3.7/site-packages/airflow/example_dags/tutorial_taskflow_api.py
[2023-08-27T00:38:33.970+0000] {processor.py:826} INFO - Processing file /home/airflow/.local/lib/python3.7/site-packages/airflow/example_dags/tutorial_taskflow_api.py for tasks to queue
[2023-08-27T00:38:33.970+0000] {logging_mixin.py:149} INFO - [2023-08-27T00:38:33.970+0000] {dagbag.py:541} INFO - Filling up the DagBag from /home/airflow/.local/lib/python3.7/site-packages/airflow/example_dags/tutorial_taskflow_api.py
[2023-08-27T00:38:33.975+0000] {processor.py:836} INFO - DAG(s) dict_keys(['tutorial_taskflow_api']) retrieved from /home/airflow/.local/lib/python3.7/site-packages/airflow/example_dags/tutorial_taskflow_api.py
[2023-08-27T00:38:34.021+0000] {logging_mixin.py:149} INFO - [2023-08-27T00:38:34.021+0000] {dag.py:2726} INFO - Sync 1 DAGs
[2023-08-27T00:38:34.081+0000] {logging_mixin.py:149} INFO - [2023-08-27T00:38:34.081+0000] {dag.py:3490} INFO - Setting next_dagrun for tutorial_taskflow_api to None, run_after=None
[2023-08-27T00:38:34.096+0000] {processor.py:179} INFO - Processing /home/airflow/.local/lib/python3.7/site-packages/airflow/example_dags/tutorial_taskflow_api.py took 0.130 seconds
[2023-08-27T02:09:37.760+0000] {processor.py:157} INFO - Started process (PID=82150) to work on /home/airflow/.local/lib/python3.7/site-packages/airflow/example_dags/tutorial_taskflow_api.py
[2023-08-27T02:09:37.761+0000] {processor.py:826} INFO - Processing file /home/airflow/.local/lib/python3.7/site-packages/airflow/example_dags/tutorial_taskflow_api.py for tasks to queue
[2023-08-27T02:09:37.762+0000] {logging_mixin.py:149} INFO - [2023-08-27T02:09:37.762+0000] {dagbag.py:541} INFO - Filling up the DagBag from /home/airflow/.local/lib/python3.7/site-packages/airflow/example_dags/tutorial_taskflow_api.py
[2023-08-27T02:09:37.767+0000] {processor.py:836} INFO - DAG(s) dict_keys(['tutorial_taskflow_api']) retrieved from /home/airflow/.local/lib/python3.7/site-packages/airflow/example_dags/tutorial_taskflow_api.py
[2023-08-27T02:09:37.788+0000] {logging_mixin.py:149} INFO - [2023-08-27T02:09:37.788+0000] {dag.py:2726} INFO - Sync 1 DAGs
[2023-08-27T02:09:37.805+0000] {logging_mixin.py:149} INFO - [2023-08-27T02:09:37.805+0000] {dag.py:3490} INFO - Setting next_dagrun for tutorial_taskflow_api to None, run_after=None
[2023-08-27T02:09:37.817+0000] {processor.py:179} INFO - Processing /home/airflow/.local/lib/python3.7/site-packages/airflow/example_dags/tutorial_taskflow_api.py took 0.059 seconds
[2023-08-27T04:15:57.718+0000] {processor.py:157} INFO - Started process (PID=82217) to work on /home/airflow/.local/lib/python3.7/site-packages/airflow/example_dags/tutorial_taskflow_api.py
[2023-08-27T04:15:57.719+0000] {processor.py:826} INFO - Processing file /home/airflow/.local/lib/python3.7/site-packages/airflow/example_dags/tutorial_taskflow_api.py for tasks to queue
[2023-08-27T04:15:57.720+0000] {logging_mixin.py:149} INFO - [2023-08-27T04:15:57.720+0000] {dagbag.py:541} INFO - Filling up the DagBag from /home/airflow/.local/lib/python3.7/site-packages/airflow/example_dags/tutorial_taskflow_api.py
[2023-08-27T04:15:57.725+0000] {processor.py:836} INFO - DAG(s) dict_keys(['tutorial_taskflow_api']) retrieved from /home/airflow/.local/lib/python3.7/site-packages/airflow/example_dags/tutorial_taskflow_api.py
[2023-08-27T04:15:57.753+0000] {logging_mixin.py:149} INFO - [2023-08-27T04:15:57.753+0000] {dag.py:2726} INFO - Sync 1 DAGs
[2023-08-27T04:15:57.769+0000] {logging_mixin.py:149} INFO - [2023-08-27T04:15:57.769+0000] {dag.py:3490} INFO - Setting next_dagrun for tutorial_taskflow_api to None, run_after=None
[2023-08-27T04:15:57.781+0000] {processor.py:179} INFO - Processing /home/airflow/.local/lib/python3.7/site-packages/airflow/example_dags/tutorial_taskflow_api.py took 0.066 seconds
[2023-08-27T05:17:57.883+0000] {processor.py:157} INFO - Started process (PID=82283) to work on /home/airflow/.local/lib/python3.7/site-packages/airflow/example_dags/tutorial_taskflow_api.py
[2023-08-27T05:17:57.884+0000] {processor.py:826} INFO - Processing file /home/airflow/.local/lib/python3.7/site-packages/airflow/example_dags/tutorial_taskflow_api.py for tasks to queue
[2023-08-27T05:17:57.885+0000] {logging_mixin.py:149} INFO - [2023-08-27T05:17:57.885+0000] {dagbag.py:541} INFO - Filling up the DagBag from /home/airflow/.local/lib/python3.7/site-packages/airflow/example_dags/tutorial_taskflow_api.py
[2023-08-27T05:17:57.891+0000] {processor.py:836} INFO - DAG(s) dict_keys(['tutorial_taskflow_api']) retrieved from /home/airflow/.local/lib/python3.7/site-packages/airflow/example_dags/tutorial_taskflow_api.py
[2023-08-27T05:17:57.924+0000] {logging_mixin.py:149} INFO - [2023-08-27T05:17:57.924+0000] {dag.py:2726} INFO - Sync 1 DAGs
[2023-08-27T05:17:57.942+0000] {logging_mixin.py:149} INFO - [2023-08-27T05:17:57.941+0000] {dag.py:3490} INFO - Setting next_dagrun for tutorial_taskflow_api to None, run_after=None
[2023-08-27T05:17:57.956+0000] {processor.py:179} INFO - Processing /home/airflow/.local/lib/python3.7/site-packages/airflow/example_dags/tutorial_taskflow_api.py took 0.076 seconds
[2023-08-27T06:52:21.110+0000] {processor.py:157} INFO - Started process (PID=82350) to work on /home/airflow/.local/lib/python3.7/site-packages/airflow/example_dags/tutorial_taskflow_api.py
[2023-08-27T06:52:21.111+0000] {processor.py:826} INFO - Processing file /home/airflow/.local/lib/python3.7/site-packages/airflow/example_dags/tutorial_taskflow_api.py for tasks to queue
[2023-08-27T06:52:21.111+0000] {logging_mixin.py:149} INFO - [2023-08-27T06:52:21.111+0000] {dagbag.py:541} INFO - Filling up the DagBag from /home/airflow/.local/lib/python3.7/site-packages/airflow/example_dags/tutorial_taskflow_api.py
[2023-08-27T06:52:21.118+0000] {processor.py:836} INFO - DAG(s) dict_keys(['tutorial_taskflow_api']) retrieved from /home/airflow/.local/lib/python3.7/site-packages/airflow/example_dags/tutorial_taskflow_api.py
[2023-08-27T06:52:21.141+0000] {logging_mixin.py:149} INFO - [2023-08-27T06:52:21.141+0000] {dag.py:2726} INFO - Sync 1 DAGs
[2023-08-27T06:52:21.165+0000] {logging_mixin.py:149} INFO - [2023-08-27T06:52:21.165+0000] {dag.py:3490} INFO - Setting next_dagrun for tutorial_taskflow_api to None, run_after=None
[2023-08-27T06:52:21.178+0000] {processor.py:179} INFO - Processing /home/airflow/.local/lib/python3.7/site-packages/airflow/example_dags/tutorial_taskflow_api.py took 0.072 seconds
[2023-08-27T11:05:26.301+0000] {processor.py:157} INFO - Started process (PID=82416) to work on /home/airflow/.local/lib/python3.7/site-packages/airflow/example_dags/tutorial_taskflow_api.py
[2023-08-27T11:05:26.302+0000] {processor.py:826} INFO - Processing file /home/airflow/.local/lib/python3.7/site-packages/airflow/example_dags/tutorial_taskflow_api.py for tasks to queue
[2023-08-27T11:05:26.303+0000] {logging_mixin.py:149} INFO - [2023-08-27T11:05:26.303+0000] {dagbag.py:541} INFO - Filling up the DagBag from /home/airflow/.local/lib/python3.7/site-packages/airflow/example_dags/tutorial_taskflow_api.py
[2023-08-27T11:05:26.314+0000] {processor.py:836} INFO - DAG(s) dict_keys(['tutorial_taskflow_api']) retrieved from /home/airflow/.local/lib/python3.7/site-packages/airflow/example_dags/tutorial_taskflow_api.py
[2023-08-27T11:05:26.334+0000] {logging_mixin.py:149} INFO - [2023-08-27T11:05:26.334+0000] {dag.py:2726} INFO - Sync 1 DAGs
[2023-08-27T11:05:26.358+0000] {logging_mixin.py:149} INFO - [2023-08-27T11:05:26.358+0000] {dag.py:3490} INFO - Setting next_dagrun for tutorial_taskflow_api to None, run_after=None
[2023-08-27T11:05:26.371+0000] {processor.py:179} INFO - Processing /home/airflow/.local/lib/python3.7/site-packages/airflow/example_dags/tutorial_taskflow_api.py took 0.076 seconds
[2023-08-27T13:53:22.564+0000] {processor.py:157} INFO - Started process (PID=82482) to work on /home/airflow/.local/lib/python3.7/site-packages/airflow/example_dags/tutorial_taskflow_api.py
[2023-08-27T13:53:22.565+0000] {processor.py:826} INFO - Processing file /home/airflow/.local/lib/python3.7/site-packages/airflow/example_dags/tutorial_taskflow_api.py for tasks to queue
[2023-08-27T13:53:22.566+0000] {logging_mixin.py:149} INFO - [2023-08-27T13:53:22.566+0000] {dagbag.py:541} INFO - Filling up the DagBag from /home/airflow/.local/lib/python3.7/site-packages/airflow/example_dags/tutorial_taskflow_api.py
[2023-08-27T13:53:22.571+0000] {processor.py:836} INFO - DAG(s) dict_keys(['tutorial_taskflow_api']) retrieved from /home/airflow/.local/lib/python3.7/site-packages/airflow/example_dags/tutorial_taskflow_api.py
[2023-08-27T13:53:22.598+0000] {logging_mixin.py:149} INFO - [2023-08-27T13:53:22.598+0000] {dag.py:2726} INFO - Sync 1 DAGs
[2023-08-27T13:53:22.617+0000] {logging_mixin.py:149} INFO - [2023-08-27T13:53:22.617+0000] {dag.py:3490} INFO - Setting next_dagrun for tutorial_taskflow_api to None, run_after=None
[2023-08-27T13:53:22.630+0000] {processor.py:179} INFO - Processing /home/airflow/.local/lib/python3.7/site-packages/airflow/example_dags/tutorial_taskflow_api.py took 0.073 seconds
[2023-08-27T13:56:35.865+0000] {processor.py:157} INFO - Started process (PID=82548) to work on /home/airflow/.local/lib/python3.7/site-packages/airflow/example_dags/tutorial_taskflow_api.py
[2023-08-27T13:56:35.866+0000] {processor.py:826} INFO - Processing file /home/airflow/.local/lib/python3.7/site-packages/airflow/example_dags/tutorial_taskflow_api.py for tasks to queue
[2023-08-27T13:56:35.866+0000] {logging_mixin.py:149} INFO - [2023-08-27T13:56:35.866+0000] {dagbag.py:541} INFO - Filling up the DagBag from /home/airflow/.local/lib/python3.7/site-packages/airflow/example_dags/tutorial_taskflow_api.py
[2023-08-27T13:56:35.872+0000] {processor.py:836} INFO - DAG(s) dict_keys(['tutorial_taskflow_api']) retrieved from /home/airflow/.local/lib/python3.7/site-packages/airflow/example_dags/tutorial_taskflow_api.py
[2023-08-27T13:56:35.891+0000] {logging_mixin.py:149} INFO - [2023-08-27T13:56:35.891+0000] {dag.py:2726} INFO - Sync 1 DAGs
[2023-08-27T13:56:35.906+0000] {logging_mixin.py:149} INFO - [2023-08-27T13:56:35.906+0000] {dag.py:3490} INFO - Setting next_dagrun for tutorial_taskflow_api to None, run_after=None
[2023-08-27T13:56:35.917+0000] {processor.py:179} INFO - Processing /home/airflow/.local/lib/python3.7/site-packages/airflow/example_dags/tutorial_taskflow_api.py took 0.055 seconds
[2023-08-27T14:25:12.501+0000] {processor.py:157} INFO - Started process (PID=82613) to work on /home/airflow/.local/lib/python3.7/site-packages/airflow/example_dags/tutorial_taskflow_api.py
[2023-08-27T14:25:12.502+0000] {processor.py:826} INFO - Processing file /home/airflow/.local/lib/python3.7/site-packages/airflow/example_dags/tutorial_taskflow_api.py for tasks to queue
[2023-08-27T14:25:12.503+0000] {logging_mixin.py:149} INFO - [2023-08-27T14:25:12.503+0000] {dagbag.py:541} INFO - Filling up the DagBag from /home/airflow/.local/lib/python3.7/site-packages/airflow/example_dags/tutorial_taskflow_api.py
[2023-08-27T14:25:12.509+0000] {processor.py:836} INFO - DAG(s) dict_keys(['tutorial_taskflow_api']) retrieved from /home/airflow/.local/lib/python3.7/site-packages/airflow/example_dags/tutorial_taskflow_api.py
[2023-08-27T14:25:12.543+0000] {logging_mixin.py:149} INFO - [2023-08-27T14:25:12.543+0000] {dag.py:2726} INFO - Sync 1 DAGs
[2023-08-27T14:25:12.562+0000] {logging_mixin.py:149} INFO - [2023-08-27T14:25:12.562+0000] {dag.py:3490} INFO - Setting next_dagrun for tutorial_taskflow_api to None, run_after=None
[2023-08-27T14:25:12.577+0000] {processor.py:179} INFO - Processing /home/airflow/.local/lib/python3.7/site-packages/airflow/example_dags/tutorial_taskflow_api.py took 0.079 seconds
[2023-08-27T17:32:58.794+0000] {processor.py:157} INFO - Started process (PID=82679) to work on /home/airflow/.local/lib/python3.7/site-packages/airflow/example_dags/tutorial_taskflow_api.py
[2023-08-27T17:32:58.795+0000] {processor.py:826} INFO - Processing file /home/airflow/.local/lib/python3.7/site-packages/airflow/example_dags/tutorial_taskflow_api.py for tasks to queue
[2023-08-27T17:32:58.796+0000] {logging_mixin.py:149} INFO - [2023-08-27T17:32:58.796+0000] {dagbag.py:541} INFO - Filling up the DagBag from /home/airflow/.local/lib/python3.7/site-packages/airflow/example_dags/tutorial_taskflow_api.py
[2023-08-27T17:32:58.801+0000] {processor.py:836} INFO - DAG(s) dict_keys(['tutorial_taskflow_api']) retrieved from /home/airflow/.local/lib/python3.7/site-packages/airflow/example_dags/tutorial_taskflow_api.py
[2023-08-27T17:32:58.826+0000] {logging_mixin.py:149} INFO - [2023-08-27T17:32:58.826+0000] {dag.py:2726} INFO - Sync 1 DAGs
[2023-08-27T17:32:58.892+0000] {logging_mixin.py:149} INFO - [2023-08-27T17:32:58.892+0000] {dag.py:3490} INFO - Setting next_dagrun for tutorial_taskflow_api to None, run_after=None
[2023-08-27T17:32:58.966+0000] {processor.py:179} INFO - Processing /home/airflow/.local/lib/python3.7/site-packages/airflow/example_dags/tutorial_taskflow_api.py took 0.176 seconds
[2023-08-27T17:33:32.220+0000] {processor.py:157} INFO - Started process (PID=82751) to work on /home/airflow/.local/lib/python3.7/site-packages/airflow/example_dags/tutorial_taskflow_api.py
[2023-08-27T17:33:32.221+0000] {processor.py:826} INFO - Processing file /home/airflow/.local/lib/python3.7/site-packages/airflow/example_dags/tutorial_taskflow_api.py for tasks to queue
[2023-08-27T17:33:32.222+0000] {logging_mixin.py:149} INFO - [2023-08-27T17:33:32.222+0000] {dagbag.py:541} INFO - Filling up the DagBag from /home/airflow/.local/lib/python3.7/site-packages/airflow/example_dags/tutorial_taskflow_api.py
[2023-08-27T17:33:32.227+0000] {processor.py:836} INFO - DAG(s) dict_keys(['tutorial_taskflow_api']) retrieved from /home/airflow/.local/lib/python3.7/site-packages/airflow/example_dags/tutorial_taskflow_api.py
[2023-08-27T17:33:32.256+0000] {logging_mixin.py:149} INFO - [2023-08-27T17:33:32.256+0000] {dag.py:2726} INFO - Sync 1 DAGs
[2023-08-27T17:33:32.272+0000] {logging_mixin.py:149} INFO - [2023-08-27T17:33:32.272+0000] {dag.py:3490} INFO - Setting next_dagrun for tutorial_taskflow_api to None, run_after=None
[2023-08-27T17:33:32.284+0000] {processor.py:179} INFO - Processing /home/airflow/.local/lib/python3.7/site-packages/airflow/example_dags/tutorial_taskflow_api.py took 0.067 seconds
[2023-08-27T17:34:06.507+0000] {processor.py:157} INFO - Started process (PID=82817) to work on /home/airflow/.local/lib/python3.7/site-packages/airflow/example_dags/tutorial_taskflow_api.py
[2023-08-27T17:34:06.508+0000] {processor.py:826} INFO - Processing file /home/airflow/.local/lib/python3.7/site-packages/airflow/example_dags/tutorial_taskflow_api.py for tasks to queue
[2023-08-27T17:34:06.509+0000] {logging_mixin.py:149} INFO - [2023-08-27T17:34:06.509+0000] {dagbag.py:541} INFO - Filling up the DagBag from /home/airflow/.local/lib/python3.7/site-packages/airflow/example_dags/tutorial_taskflow_api.py
[2023-08-27T17:34:06.515+0000] {processor.py:836} INFO - DAG(s) dict_keys(['tutorial_taskflow_api']) retrieved from /home/airflow/.local/lib/python3.7/site-packages/airflow/example_dags/tutorial_taskflow_api.py
[2023-08-27T17:34:06.534+0000] {logging_mixin.py:149} INFO - [2023-08-27T17:34:06.534+0000] {dag.py:2726} INFO - Sync 1 DAGs
[2023-08-27T17:34:06.549+0000] {logging_mixin.py:149} INFO - [2023-08-27T17:34:06.549+0000] {dag.py:3490} INFO - Setting next_dagrun for tutorial_taskflow_api to None, run_after=None
[2023-08-27T17:34:06.575+0000] {processor.py:179} INFO - Processing /home/airflow/.local/lib/python3.7/site-packages/airflow/example_dags/tutorial_taskflow_api.py took 0.074 seconds
[2023-08-27T17:34:40.889+0000] {processor.py:157} INFO - Started process (PID=82883) to work on /home/airflow/.local/lib/python3.7/site-packages/airflow/example_dags/tutorial_taskflow_api.py
[2023-08-27T17:34:40.891+0000] {processor.py:826} INFO - Processing file /home/airflow/.local/lib/python3.7/site-packages/airflow/example_dags/tutorial_taskflow_api.py for tasks to queue
[2023-08-27T17:34:40.893+0000] {logging_mixin.py:149} INFO - [2023-08-27T17:34:40.892+0000] {dagbag.py:541} INFO - Filling up the DagBag from /home/airflow/.local/lib/python3.7/site-packages/airflow/example_dags/tutorial_taskflow_api.py
[2023-08-27T17:34:40.898+0000] {processor.py:836} INFO - DAG(s) dict_keys(['tutorial_taskflow_api']) retrieved from /home/airflow/.local/lib/python3.7/site-packages/airflow/example_dags/tutorial_taskflow_api.py
[2023-08-27T17:34:40.938+0000] {logging_mixin.py:149} INFO - [2023-08-27T17:34:40.937+0000] {dag.py:2726} INFO - Sync 1 DAGs
[2023-08-27T17:34:40.973+0000] {logging_mixin.py:149} INFO - [2023-08-27T17:34:40.973+0000] {dag.py:3490} INFO - Setting next_dagrun for tutorial_taskflow_api to None, run_after=None
[2023-08-27T17:34:41.011+0000] {processor.py:179} INFO - Processing /home/airflow/.local/lib/python3.7/site-packages/airflow/example_dags/tutorial_taskflow_api.py took 0.124 seconds
[2023-08-27T17:35:15.080+0000] {processor.py:157} INFO - Started process (PID=82949) to work on /home/airflow/.local/lib/python3.7/site-packages/airflow/example_dags/tutorial_taskflow_api.py
[2023-08-27T17:35:15.082+0000] {processor.py:826} INFO - Processing file /home/airflow/.local/lib/python3.7/site-packages/airflow/example_dags/tutorial_taskflow_api.py for tasks to queue
[2023-08-27T17:35:15.082+0000] {logging_mixin.py:149} INFO - [2023-08-27T17:35:15.082+0000] {dagbag.py:541} INFO - Filling up the DagBag from /home/airflow/.local/lib/python3.7/site-packages/airflow/example_dags/tutorial_taskflow_api.py
[2023-08-27T17:35:15.087+0000] {processor.py:836} INFO - DAG(s) dict_keys(['tutorial_taskflow_api']) retrieved from /home/airflow/.local/lib/python3.7/site-packages/airflow/example_dags/tutorial_taskflow_api.py
[2023-08-27T17:35:15.119+0000] {logging_mixin.py:149} INFO - [2023-08-27T17:35:15.119+0000] {dag.py:2726} INFO - Sync 1 DAGs
[2023-08-27T17:35:15.161+0000] {logging_mixin.py:149} INFO - [2023-08-27T17:35:15.161+0000] {dag.py:3490} INFO - Setting next_dagrun for tutorial_taskflow_api to None, run_after=None
[2023-08-27T17:35:15.183+0000] {processor.py:179} INFO - Processing /home/airflow/.local/lib/python3.7/site-packages/airflow/example_dags/tutorial_taskflow_api.py took 0.113 seconds
[2023-08-27T17:35:49.853+0000] {processor.py:157} INFO - Started process (PID=83016) to work on /home/airflow/.local/lib/python3.7/site-packages/airflow/example_dags/tutorial_taskflow_api.py
[2023-08-27T17:35:49.854+0000] {processor.py:826} INFO - Processing file /home/airflow/.local/lib/python3.7/site-packages/airflow/example_dags/tutorial_taskflow_api.py for tasks to queue
[2023-08-27T17:35:49.855+0000] {logging_mixin.py:149} INFO - [2023-08-27T17:35:49.855+0000] {dagbag.py:541} INFO - Filling up the DagBag from /home/airflow/.local/lib/python3.7/site-packages/airflow/example_dags/tutorial_taskflow_api.py
[2023-08-27T17:35:49.860+0000] {processor.py:836} INFO - DAG(s) dict_keys(['tutorial_taskflow_api']) retrieved from /home/airflow/.local/lib/python3.7/site-packages/airflow/example_dags/tutorial_taskflow_api.py
[2023-08-27T17:35:49.880+0000] {logging_mixin.py:149} INFO - [2023-08-27T17:35:49.880+0000] {dag.py:2726} INFO - Sync 1 DAGs
[2023-08-27T17:35:49.896+0000] {logging_mixin.py:149} INFO - [2023-08-27T17:35:49.895+0000] {dag.py:3490} INFO - Setting next_dagrun for tutorial_taskflow_api to None, run_after=None
[2023-08-27T17:35:49.906+0000] {processor.py:179} INFO - Processing /home/airflow/.local/lib/python3.7/site-packages/airflow/example_dags/tutorial_taskflow_api.py took 0.056 seconds
[2023-08-27T17:36:24.345+0000] {processor.py:157} INFO - Started process (PID=83082) to work on /home/airflow/.local/lib/python3.7/site-packages/airflow/example_dags/tutorial_taskflow_api.py
[2023-08-27T17:36:24.346+0000] {processor.py:826} INFO - Processing file /home/airflow/.local/lib/python3.7/site-packages/airflow/example_dags/tutorial_taskflow_api.py for tasks to queue
[2023-08-27T17:36:24.347+0000] {logging_mixin.py:149} INFO - [2023-08-27T17:36:24.347+0000] {dagbag.py:541} INFO - Filling up the DagBag from /home/airflow/.local/lib/python3.7/site-packages/airflow/example_dags/tutorial_taskflow_api.py
[2023-08-27T17:36:24.352+0000] {processor.py:836} INFO - DAG(s) dict_keys(['tutorial_taskflow_api']) retrieved from /home/airflow/.local/lib/python3.7/site-packages/airflow/example_dags/tutorial_taskflow_api.py
[2023-08-27T17:36:24.373+0000] {logging_mixin.py:149} INFO - [2023-08-27T17:36:24.373+0000] {dag.py:2726} INFO - Sync 1 DAGs
[2023-08-27T17:36:24.389+0000] {logging_mixin.py:149} INFO - [2023-08-27T17:36:24.389+0000] {dag.py:3490} INFO - Setting next_dagrun for tutorial_taskflow_api to None, run_after=None
[2023-08-27T17:36:24.401+0000] {processor.py:179} INFO - Processing /home/airflow/.local/lib/python3.7/site-packages/airflow/example_dags/tutorial_taskflow_api.py took 0.059 seconds
[2023-08-27T17:36:57.639+0000] {processor.py:157} INFO - Started process (PID=83148) to work on /home/airflow/.local/lib/python3.7/site-packages/airflow/example_dags/tutorial_taskflow_api.py
[2023-08-27T17:36:57.640+0000] {processor.py:826} INFO - Processing file /home/airflow/.local/lib/python3.7/site-packages/airflow/example_dags/tutorial_taskflow_api.py for tasks to queue
[2023-08-27T17:36:57.641+0000] {logging_mixin.py:149} INFO - [2023-08-27T17:36:57.641+0000] {dagbag.py:541} INFO - Filling up the DagBag from /home/airflow/.local/lib/python3.7/site-packages/airflow/example_dags/tutorial_taskflow_api.py
[2023-08-27T17:36:57.647+0000] {processor.py:836} INFO - DAG(s) dict_keys(['tutorial_taskflow_api']) retrieved from /home/airflow/.local/lib/python3.7/site-packages/airflow/example_dags/tutorial_taskflow_api.py
[2023-08-27T17:36:57.674+0000] {logging_mixin.py:149} INFO - [2023-08-27T17:36:57.674+0000] {dag.py:2726} INFO - Sync 1 DAGs
[2023-08-27T17:36:57.694+0000] {logging_mixin.py:149} INFO - [2023-08-27T17:36:57.694+0000] {dag.py:3490} INFO - Setting next_dagrun for tutorial_taskflow_api to None, run_after=None
[2023-08-27T17:36:57.705+0000] {processor.py:179} INFO - Processing /home/airflow/.local/lib/python3.7/site-packages/airflow/example_dags/tutorial_taskflow_api.py took 0.068 seconds
[2023-08-27T17:37:31.965+0000] {processor.py:157} INFO - Started process (PID=83221) to work on /home/airflow/.local/lib/python3.7/site-packages/airflow/example_dags/tutorial_taskflow_api.py
[2023-08-27T17:37:31.976+0000] {processor.py:826} INFO - Processing file /home/airflow/.local/lib/python3.7/site-packages/airflow/example_dags/tutorial_taskflow_api.py for tasks to queue
[2023-08-27T17:37:31.977+0000] {logging_mixin.py:149} INFO - [2023-08-27T17:37:31.977+0000] {dagbag.py:541} INFO - Filling up the DagBag from /home/airflow/.local/lib/python3.7/site-packages/airflow/example_dags/tutorial_taskflow_api.py
[2023-08-27T17:37:31.983+0000] {processor.py:836} INFO - DAG(s) dict_keys(['tutorial_taskflow_api']) retrieved from /home/airflow/.local/lib/python3.7/site-packages/airflow/example_dags/tutorial_taskflow_api.py
[2023-08-27T17:37:32.010+0000] {logging_mixin.py:149} INFO - [2023-08-27T17:37:32.010+0000] {dag.py:2726} INFO - Sync 1 DAGs
[2023-08-27T17:37:32.031+0000] {logging_mixin.py:149} INFO - [2023-08-27T17:37:32.031+0000] {dag.py:3490} INFO - Setting next_dagrun for tutorial_taskflow_api to None, run_after=None
[2023-08-27T17:37:32.050+0000] {processor.py:179} INFO - Processing /home/airflow/.local/lib/python3.7/site-packages/airflow/example_dags/tutorial_taskflow_api.py took 0.088 seconds
[2023-08-27T17:38:06.346+0000] {processor.py:157} INFO - Started process (PID=83287) to work on /home/airflow/.local/lib/python3.7/site-packages/airflow/example_dags/tutorial_taskflow_api.py
[2023-08-27T17:38:06.347+0000] {processor.py:826} INFO - Processing file /home/airflow/.local/lib/python3.7/site-packages/airflow/example_dags/tutorial_taskflow_api.py for tasks to queue
[2023-08-27T17:38:06.348+0000] {logging_mixin.py:149} INFO - [2023-08-27T17:38:06.348+0000] {dagbag.py:541} INFO - Filling up the DagBag from /home/airflow/.local/lib/python3.7/site-packages/airflow/example_dags/tutorial_taskflow_api.py
[2023-08-27T17:38:06.355+0000] {processor.py:836} INFO - DAG(s) dict_keys(['tutorial_taskflow_api']) retrieved from /home/airflow/.local/lib/python3.7/site-packages/airflow/example_dags/tutorial_taskflow_api.py
[2023-08-27T17:38:06.384+0000] {logging_mixin.py:149} INFO - [2023-08-27T17:38:06.383+0000] {dag.py:2726} INFO - Sync 1 DAGs
[2023-08-27T17:38:06.407+0000] {logging_mixin.py:149} INFO - [2023-08-27T17:38:06.407+0000] {dag.py:3490} INFO - Setting next_dagrun for tutorial_taskflow_api to None, run_after=None
[2023-08-27T17:38:06.418+0000] {processor.py:179} INFO - Processing /home/airflow/.local/lib/python3.7/site-packages/airflow/example_dags/tutorial_taskflow_api.py took 0.075 seconds
[2023-08-27T17:38:40.485+0000] {processor.py:157} INFO - Started process (PID=83353) to work on /home/airflow/.local/lib/python3.7/site-packages/airflow/example_dags/tutorial_taskflow_api.py
[2023-08-27T17:38:40.486+0000] {processor.py:826} INFO - Processing file /home/airflow/.local/lib/python3.7/site-packages/airflow/example_dags/tutorial_taskflow_api.py for tasks to queue
[2023-08-27T17:38:40.486+0000] {logging_mixin.py:149} INFO - [2023-08-27T17:38:40.486+0000] {dagbag.py:541} INFO - Filling up the DagBag from /home/airflow/.local/lib/python3.7/site-packages/airflow/example_dags/tutorial_taskflow_api.py
[2023-08-27T17:38:40.491+0000] {processor.py:836} INFO - DAG(s) dict_keys(['tutorial_taskflow_api']) retrieved from /home/airflow/.local/lib/python3.7/site-packages/airflow/example_dags/tutorial_taskflow_api.py
[2023-08-27T17:38:40.510+0000] {logging_mixin.py:149} INFO - [2023-08-27T17:38:40.510+0000] {dag.py:2726} INFO - Sync 1 DAGs
[2023-08-27T17:38:40.526+0000] {logging_mixin.py:149} INFO - [2023-08-27T17:38:40.526+0000] {dag.py:3490} INFO - Setting next_dagrun for tutorial_taskflow_api to None, run_after=None
[2023-08-27T17:38:40.536+0000] {processor.py:179} INFO - Processing /home/airflow/.local/lib/python3.7/site-packages/airflow/example_dags/tutorial_taskflow_api.py took 0.054 seconds
[2023-08-27T18:41:32.929+0000] {processor.py:157} INFO - Started process (PID=83412) to work on /home/airflow/.local/lib/python3.7/site-packages/airflow/example_dags/tutorial_taskflow_api.py
[2023-08-27T18:41:32.930+0000] {processor.py:826} INFO - Processing file /home/airflow/.local/lib/python3.7/site-packages/airflow/example_dags/tutorial_taskflow_api.py for tasks to queue
[2023-08-27T18:41:32.930+0000] {logging_mixin.py:149} INFO - [2023-08-27T18:41:32.930+0000] {dagbag.py:541} INFO - Filling up the DagBag from /home/airflow/.local/lib/python3.7/site-packages/airflow/example_dags/tutorial_taskflow_api.py
[2023-08-27T18:41:32.936+0000] {processor.py:836} INFO - DAG(s) dict_keys(['tutorial_taskflow_api']) retrieved from /home/airflow/.local/lib/python3.7/site-packages/airflow/example_dags/tutorial_taskflow_api.py
[2023-08-27T18:41:32.957+0000] {logging_mixin.py:149} INFO - [2023-08-27T18:41:32.957+0000] {dag.py:2726} INFO - Sync 1 DAGs
[2023-08-27T18:41:32.974+0000] {logging_mixin.py:149} INFO - [2023-08-27T18:41:32.974+0000] {dag.py:3490} INFO - Setting next_dagrun for tutorial_taskflow_api to None, run_after=None
[2023-08-27T18:41:32.987+0000] {processor.py:179} INFO - Processing /home/airflow/.local/lib/python3.7/site-packages/airflow/example_dags/tutorial_taskflow_api.py took 0.061 seconds
[2023-08-27T19:17:18.125+0000] {processor.py:157} INFO - Started process (PID=83478) to work on /home/airflow/.local/lib/python3.7/site-packages/airflow/example_dags/tutorial_taskflow_api.py
[2023-08-27T19:17:18.126+0000] {processor.py:826} INFO - Processing file /home/airflow/.local/lib/python3.7/site-packages/airflow/example_dags/tutorial_taskflow_api.py for tasks to queue
[2023-08-27T19:17:18.128+0000] {logging_mixin.py:149} INFO - [2023-08-27T19:17:18.127+0000] {dagbag.py:541} INFO - Filling up the DagBag from /home/airflow/.local/lib/python3.7/site-packages/airflow/example_dags/tutorial_taskflow_api.py
[2023-08-27T19:17:18.133+0000] {processor.py:836} INFO - DAG(s) dict_keys(['tutorial_taskflow_api']) retrieved from /home/airflow/.local/lib/python3.7/site-packages/airflow/example_dags/tutorial_taskflow_api.py
[2023-08-27T19:17:18.155+0000] {logging_mixin.py:149} INFO - [2023-08-27T19:17:18.155+0000] {dag.py:2726} INFO - Sync 1 DAGs
[2023-08-27T19:17:18.178+0000] {logging_mixin.py:149} INFO - [2023-08-27T19:17:18.178+0000] {dag.py:3490} INFO - Setting next_dagrun for tutorial_taskflow_api to None, run_after=None
[2023-08-27T19:17:18.200+0000] {processor.py:179} INFO - Processing /home/airflow/.local/lib/python3.7/site-packages/airflow/example_dags/tutorial_taskflow_api.py took 0.077 seconds
[2023-08-27T21:41:18.418+0000] {processor.py:157} INFO - Started process (PID=83544) to work on /home/airflow/.local/lib/python3.7/site-packages/airflow/example_dags/tutorial_taskflow_api.py
[2023-08-27T21:41:18.419+0000] {processor.py:826} INFO - Processing file /home/airflow/.local/lib/python3.7/site-packages/airflow/example_dags/tutorial_taskflow_api.py for tasks to queue
[2023-08-27T21:41:18.625+0000] {logging_mixin.py:149} INFO - [2023-08-27T21:41:18.624+0000] {dagbag.py:541} INFO - Filling up the DagBag from /home/airflow/.local/lib/python3.7/site-packages/airflow/example_dags/tutorial_taskflow_api.py
[2023-08-27T21:41:18.642+0000] {processor.py:836} INFO - DAG(s) dict_keys(['tutorial_taskflow_api']) retrieved from /home/airflow/.local/lib/python3.7/site-packages/airflow/example_dags/tutorial_taskflow_api.py
[2023-08-27T21:41:18.688+0000] {logging_mixin.py:149} INFO - [2023-08-27T21:41:18.687+0000] {dag.py:2726} INFO - Sync 1 DAGs
[2023-08-27T21:41:18.711+0000] {logging_mixin.py:149} INFO - [2023-08-27T21:41:18.711+0000] {dag.py:3490} INFO - Setting next_dagrun for tutorial_taskflow_api to None, run_after=None
[2023-08-27T21:41:18.775+0000] {processor.py:179} INFO - Processing /home/airflow/.local/lib/python3.7/site-packages/airflow/example_dags/tutorial_taskflow_api.py took 0.360 seconds
[2023-08-27T21:49:28.498+0000] {processor.py:157} INFO - Started process (PID=83611) to work on /home/airflow/.local/lib/python3.7/site-packages/airflow/example_dags/tutorial_taskflow_api.py
[2023-08-27T21:49:28.499+0000] {processor.py:826} INFO - Processing file /home/airflow/.local/lib/python3.7/site-packages/airflow/example_dags/tutorial_taskflow_api.py for tasks to queue
[2023-08-27T21:49:28.500+0000] {logging_mixin.py:149} INFO - [2023-08-27T21:49:28.500+0000] {dagbag.py:541} INFO - Filling up the DagBag from /home/airflow/.local/lib/python3.7/site-packages/airflow/example_dags/tutorial_taskflow_api.py
[2023-08-27T21:49:28.514+0000] {processor.py:836} INFO - DAG(s) dict_keys(['tutorial_taskflow_api']) retrieved from /home/airflow/.local/lib/python3.7/site-packages/airflow/example_dags/tutorial_taskflow_api.py
[2023-08-27T21:49:28.535+0000] {logging_mixin.py:149} INFO - [2023-08-27T21:49:28.535+0000] {dag.py:2726} INFO - Sync 1 DAGs
[2023-08-27T21:49:28.551+0000] {logging_mixin.py:149} INFO - [2023-08-27T21:49:28.551+0000] {dag.py:3490} INFO - Setting next_dagrun for tutorial_taskflow_api to None, run_after=None
[2023-08-27T21:49:28.562+0000] {processor.py:179} INFO - Processing /home/airflow/.local/lib/python3.7/site-packages/airflow/example_dags/tutorial_taskflow_api.py took 0.068 seconds
[2023-08-27T22:05:57.592+0000] {processor.py:157} INFO - Started process (PID=83677) to work on /home/airflow/.local/lib/python3.7/site-packages/airflow/example_dags/tutorial_taskflow_api.py
[2023-08-27T22:05:57.593+0000] {processor.py:826} INFO - Processing file /home/airflow/.local/lib/python3.7/site-packages/airflow/example_dags/tutorial_taskflow_api.py for tasks to queue
[2023-08-27T22:05:57.594+0000] {logging_mixin.py:149} INFO - [2023-08-27T22:05:57.594+0000] {dagbag.py:541} INFO - Filling up the DagBag from /home/airflow/.local/lib/python3.7/site-packages/airflow/example_dags/tutorial_taskflow_api.py
[2023-08-27T22:05:57.600+0000] {processor.py:836} INFO - DAG(s) dict_keys(['tutorial_taskflow_api']) retrieved from /home/airflow/.local/lib/python3.7/site-packages/airflow/example_dags/tutorial_taskflow_api.py
[2023-08-27T22:05:57.621+0000] {logging_mixin.py:149} INFO - [2023-08-27T22:05:57.621+0000] {dag.py:2726} INFO - Sync 1 DAGs
[2023-08-27T22:05:57.638+0000] {logging_mixin.py:149} INFO - [2023-08-27T22:05:57.638+0000] {dag.py:3490} INFO - Setting next_dagrun for tutorial_taskflow_api to None, run_after=None
[2023-08-27T22:05:57.649+0000] {processor.py:179} INFO - Processing /home/airflow/.local/lib/python3.7/site-packages/airflow/example_dags/tutorial_taskflow_api.py took 0.061 seconds
[2023-08-27T22:20:42.302+0000] {processor.py:157} INFO - Started process (PID=83743) to work on /home/airflow/.local/lib/python3.7/site-packages/airflow/example_dags/tutorial_taskflow_api.py
[2023-08-27T22:20:42.304+0000] {processor.py:826} INFO - Processing file /home/airflow/.local/lib/python3.7/site-packages/airflow/example_dags/tutorial_taskflow_api.py for tasks to queue
[2023-08-27T22:20:42.305+0000] {logging_mixin.py:149} INFO - [2023-08-27T22:20:42.304+0000] {dagbag.py:541} INFO - Filling up the DagBag from /home/airflow/.local/lib/python3.7/site-packages/airflow/example_dags/tutorial_taskflow_api.py
[2023-08-27T22:20:42.313+0000] {processor.py:836} INFO - DAG(s) dict_keys(['tutorial_taskflow_api']) retrieved from /home/airflow/.local/lib/python3.7/site-packages/airflow/example_dags/tutorial_taskflow_api.py
[2023-08-27T22:20:42.341+0000] {logging_mixin.py:149} INFO - [2023-08-27T22:20:42.341+0000] {dag.py:2726} INFO - Sync 1 DAGs
[2023-08-27T22:20:42.370+0000] {logging_mixin.py:149} INFO - [2023-08-27T22:20:42.369+0000] {dag.py:3490} INFO - Setting next_dagrun for tutorial_taskflow_api to None, run_after=None
[2023-08-27T22:20:42.383+0000] {processor.py:179} INFO - Processing /home/airflow/.local/lib/python3.7/site-packages/airflow/example_dags/tutorial_taskflow_api.py took 0.084 seconds
